PRT1
192
432
4 0 2 (5888 6144 960 ) (5120 6144 960 ) (5120 6144 -256 ) (5888 6144 -256 ) 
4 0 1 (5120 6144 -256 ) (5120 6144 960 ) (5120 6464 960 ) (5120 6464 -256 ) 
4 1 4 (4096 6144 -256 ) (4096 6144 960 ) (4096 6464 960 ) (4096 6464 -256 ) 
4 1 3 (5120 6144 -256 ) (5120 6144 960 ) (4096 6144 960 ) (4096 6144 -256 ) 
4 2 10 (5888 5120 960 ) (5120 5120 960 ) (5120 5120 -256 ) (5888 5120 -256 ) 
4 2 3 (5120 6144 960 ) (5120 6144 -256 ) (5120 5120 -256 ) (5120 5120 960 ) 
4 3 11 (5120 5120 -256 ) (5120 5120 960 ) (4096 5120 960 ) (4096 5120 -256 ) 
4 3 5 (4096 5120 -256 ) (4096 5120 960 ) (4096 6144 960 ) (4096 6144 -256 ) 
4 4 6 (3072 6144 -256 ) (3072 6144 960 ) (3072 6464 960 ) (3072 6464 -256 ) 
4 4 5 (4096 6144 -256 ) (4096 6144 960 ) (3072 6144 960 ) (3072 6144 -256 ) 
4 5 18 (4096 5120 -256 ) (4096 5120 960 ) (3072 5120 960 ) (3072 5120 -256 ) 
4 5 8 (3072 5120 -256 ) (3072 5120 960 ) (3072 6144 960 ) (3072 6144 -256 ) 
4 6 8 (3072 6144 -256 ) (3072 6144 960 ) (2048 6144 960 ) (2048 6144 -256 ) 
4 6 7 (2048 6144 -256 ) (2048 6144 960 ) (2048 6464 960 ) (2048 6464 -256 ) 
4 7 30 (1024 6144 -256 ) (1024 6144 960 ) (1024 6464 960 ) (1024 6464 -256 ) 
4 7 9 (2048 6144 -256 ) (2048 6144 960 ) (1024 6144 960 ) (1024 6144 -256 ) 
4 8 20 (3072 5120 -256 ) (3072 5120 960 ) (2048 5120 960 ) (2048 5120 -256 ) 
4 8 9 (2048 6144 960 ) (2048 6144 -256 ) (2048 5120 -256 ) (2048 5120 960 ) 
4 9 31 (1024 5120 -256 ) (1024 5120 960 ) (1024 6144 960 ) (1024 6144 -256 ) 
4 9 21 (2048 5120 -256 ) (2048 5120 960 ) (1024 5120 960 ) (1024 5120 -256 ) 
4 10 12 (5888 4096 960 ) (5120 4096 960 ) (5120 4096 -256 ) (5888 4096 -256 ) 
4 10 11 (5120 5120 960 ) (5120 5120 -256 ) (5120 4096 -256 ) (5120 4096 960 ) 
4 11 18 (4096 5120 960 ) (4096 5120 -256 ) (4096 4096 -256 ) (4096 4096 960 ) 
4 11 13 (5120 4096 -256 ) (5120 4096 960 ) (4096 4096 960 ) (4096 4096 -256 ) 
4 12 14 (5888 3072 960 ) (5120 3072 960 ) (5120 3072 -256 ) (5888 3072 -256 ) 
4 12 13 (5120 4096 960 ) (5120 4096 -256 ) (5120 3072 -256 ) (5120 3072 960 ) 
4 13 19 (4096 3072 -256 ) (4096 3072 960 ) (4096 4096 960 ) (4096 4096 -256 ) 
4 13 15 (5120 3072 -256 ) (5120 3072 960 ) (4096 3072 960 ) (4096 3072 -256 ) 
4 14 16 (5888 2048 960 ) (5120 2048 960 ) (5120 2048 -256 ) (5888 2048 -256 ) 
4 14 15 (5120 3072 960 ) (5120 3072 -256 ) (5120 2048 -256 ) (5120 2048 960 ) 
4 15 24 (4096 2048 -256 ) (4096 2048 960 ) (4096 3072 960 ) (4096 3072 -256 ) 
4 15 17 (5120 2048 -256 ) (5120 2048 960 ) (4096 2048 960 ) (4096 2048 -256 ) 
4 16 66 (5888 1024 960 ) (5120 1024 960 ) (5120 1024 -256 ) (5888 1024 -256 ) 
4 16 17 (5120 2048 960 ) (5120 2048 -256 ) (5120 1024 -256 ) (5120 1024 960 ) 
4 17 67 (5120 1024 -256 ) (5120 1024 960 ) (4096 1024 960 ) (4096 1024 -256 ) 
4 17 25 (4096 1024 -256 ) (4096 1024 960 ) (4096 2048 960 ) (4096 2048 -256 ) 
4 18 20 (3072 5120 960 ) (3072 5120 -256 ) (3072 4096 -256 ) (3072 4096 960 ) 
4 18 19 (4096 4096 -256 ) (4096 4096 960 ) (3072 4096 960 ) (3072 4096 -256 ) 
4 19 24 (4096 3072 -256 ) (4096 3072 960 ) (3072 3072 960 ) (3072 3072 -256 ) 
4 19 22 (3072 3072 -256 ) (3072 3072 960 ) (3072 4096 960 ) (3072 4096 -256 ) 
4 20 22 (3072 4096 -256 ) (3072 4096 960 ) (2048 4096 960 ) (2048 4096 -256 ) 
4 20 21 (2048 5120 960 ) (2048 5120 -256 ) (2048 4096 -256 ) (2048 4096 960 ) 
4 21 42 (1024 4096 -256 ) (1024 4096 960 ) (1024 5120 960 ) (1024 5120 -256 ) 
4 21 23 (2048 4096 -256 ) (2048 4096 960 ) (1024 4096 960 ) (1024 4096 -256 ) 
4 22 26 (3072 3072 -256 ) (3072 3072 960 ) (2048 3072 960 ) (2048 3072 -256 ) 
4 22 23 (2048 4096 960 ) (2048 4096 -256 ) (2048 3072 -256 ) (2048 3072 960 ) 
4 23 43 (1024 3072 -256 ) (1024 3072 960 ) (1024 4096 960 ) (1024 4096 -256 ) 
4 23 27 (2048 3072 -256 ) (2048 3072 960 ) (1024 3072 960 ) (1024 3072 -256 ) 
4 24 26 (3072 3072 960 ) (3072 3072 -256 ) (3072 2048 -256 ) (3072 2048 960 ) 
4 24 25 (4096 2048 -256 ) (4096 2048 960 ) (3072 2048 960 ) (3072 2048 -256 ) 
4 25 72 (4096 1024 -256 ) (4096 1024 960 ) (3072 1024 960 ) (3072 1024 -256 ) 
4 25 28 (3072 1024 -256 ) (3072 1024 960 ) (3072 2048 960 ) (3072 2048 -256 ) 
4 26 28 (3072 2048 -256 ) (3072 2048 960 ) (2048 2048 960 ) (2048 2048 -256 ) 
4 26 27 (2048 3072 960 ) (2048 3072 -256 ) (2048 2048 -256 ) (2048 2048 960 ) 
4 27 48 (1024 2048 -256 ) (1024 2048 960 ) (1024 3072 960 ) (1024 3072 -256 ) 
4 27 29 (2048 2048 -256 ) (2048 2048 960 ) (1024 2048 960 ) (1024 2048 -256 ) 
4 28 73 (3072 1024 -256 ) (3072 1024 960 ) (2048 1024 960 ) (2048 1024 -256 ) 
4 28 29 (2048 2048 960 ) (2048 2048 -256 ) (2048 1024 -256 ) (2048 1024 960 ) 
4 29 74 (2048 1024 -256 ) (2048 1024 960 ) (1024 1024 960 ) (1024 1024 -256 ) 
4 29 49 (1024 1024 -256 ) (1024 1024 960 ) (1024 2048 960 ) (1024 2048 -256 ) 
4 30 32 (0 6144 -256 ) (0 6144 960 ) (0 6464 960 ) (0 6464 -256 ) 
4 30 31 (1024 6144 -256 ) (1024 6144 960 ) (0 6144 960 ) (0 6144 -256 ) 
4 31 42 (1024 5120 -256 ) (1024 5120 960 ) (0 5120 960 ) (0 5120 -256 ) 
4 31 34 (0 5120 -256 ) (0 5120 960 ) (0 6144 960 ) (0 6144 -256 ) 
4 32 34 (0 6144 -256 ) (0 6144 960 ) (-1024 6144 960 ) (-1024 6144 -256 ) 
4 32 33 (-1024 6144 -256 ) (-1024 6144 960 ) (-1024 6464 960 ) (-1024 6464 -256 ) 
4 33 36 (-2048 6144 -256 ) (-2048 6144 960 ) (-2048 6464 960 ) (-2048 6464 -256 ) 
4 33 35 (-1024 6144 -256 ) (-1024 6144 960 ) (-2048 6144 960 ) (-2048 6144 -256 ) 
4 34 44 (0 5120 -256 ) (0 5120 960 ) (-1024 5120 960 ) (-1024 5120 -256 ) 
4 34 35 (-1024 6144 960 ) (-1024 6144 -256 ) (-1024 5120 -256 ) (-1024 5120 960 ) 
4 35 45 (-1024 5120 -256 ) (-1024 5120 960 ) (-2048 5120 960 ) (-2048 5120 -256 ) 
4 35 38 (-2048 5120 -256 ) (-2048 5120 960 ) (-2048 6144 960 ) (-2048 6144 -256 ) 
4 36 38 (-2048 6144 -256 ) (-2048 6144 960 ) (-3072 6144 960 ) (-3072 6144 -256 ) 
4 36 37 (-3072 6464 -256 ) (-3072 6144 -256 ) (-3072 6144 960 ) (-3072 6464 960 ) 
4 37 40 (-4096 6144 -256 ) (-4096 6144 960 ) (-4096 6464 960 ) (-4096 6464 -256 ) 
4 37 39 (-4096 6144 960 ) (-4096 6144 -256 ) (-3072 6144 -256 ) (-3072 6144 960 ) 
4 38 54 (-2048 5120 -256 ) (-2048 5120 960 ) (-3072 5120 960 ) (-3072 5120 -256 ) 
4 38 39 (-3072 6144 960 ) (-3072 6144 -256 ) (-3072 5120 -256 ) (-3072 5120 960 ) 
4 39 55 (-3072 5120 -256 ) (-3072 5120 960 ) (-4096 5120 960 ) (-4096 5120 -256 ) 
4 39 41 (-4096 5120 -256 ) (-4096 5120 960 ) (-4096 6144 960 ) (-4096 6144 -256 ) 
4 40 41 (-4096 6144 -256 ) (-4096 6144 960 ) (-4992 6144 960 ) (-4992 6144 -256 ) 
4 41 58 (-4096 5120 -256 ) (-4096 5120 960 ) (-4992 5120 960 ) (-4992 5120 -256 ) 
4 42 44 (0 5120 960 ) (0 5120 -256 ) (0 4096 -256 ) (0 4096 960 ) 
4 42 43 (1024 4096 -256 ) (1024 4096 960 ) (0 4096 960 ) (0 4096 -256 ) 
4 43 48 (1024 3072 -256 ) (1024 3072 960 ) (0 3072 960 ) (0 3072 -256 ) 
4 43 46 (0 3072 -256 ) (0 3072 960 ) (0 4096 960 ) (0 4096 -256 ) 
4 44 46 (0 4096 -256 ) (0 4096 960 ) (-1024 4096 960 ) (-1024 4096 -256 ) 
4 44 45 (-1024 5120 960 ) (-1024 5120 -256 ) (-1024 4096 -256 ) (-1024 4096 960 ) 
4 45 54 (-2048 5120 960 ) (-2048 5120 -256 ) (-2048 4096 -256 ) (-2048 4096 960 ) 
4 45 47 (-1024 4096 -256 ) (-1024 4096 960 ) (-2048 4096 960 ) (-2048 4096 -256 ) 
4 46 50 (0 3072 -256 ) (0 3072 960 ) (-1024 3072 960 ) (-1024 3072 -256 ) 
4 46 47 (-1024 4096 960 ) (-1024 4096 -256 ) (-1024 3072 -256 ) (-1024 3072 960 ) 
4 47 56 (-2048 3072 -256 ) (-2048 3072 960 ) (-2048 4096 960 ) (-2048 4096 -256 ) 
4 47 51 (-1024 3072 -256 ) (-1024 3072 960 ) (-2048 3072 960 ) (-2048 3072 -256 ) 
4 48 50 (0 3072 960 ) (0 3072 -256 ) (0 2048 -256 ) (0 2048 960 ) 
4 48 49 (1024 2048 -256 ) (1024 2048 960 ) (0 2048 960 ) (0 2048 -256 ) 
4 49 102 (1024 1024 -256 ) (1024 1024 0 ) (0 1024 0 ) (0 1024 -256 ) 
4 49 98 (640 1024 640 ) (0 1024 640 ) (0 1024 0 ) (640 1024 0 ) 
4 49 97 (1024 1024 0 ) (1024 1024 640 ) (640 1024 640 ) (640 1024 0 ) 
4 49 96 (1024 1024 640 ) (1024 1024 960 ) (0 1024 960 ) (0 1024 640 ) 
4 49 52 (0 1024 -256 ) (0 1024 960 ) (0 2048 960 ) (0 2048 -256 ) 
4 50 52 (0 2048 -256 ) (0 2048 960 ) (-1024 2048 960 ) (-1024 2048 -256 ) 
4 50 51 (-1024 3072 960 ) (-1024 3072 -256 ) (-1024 2048 -256 ) (-1024 2048 960 ) 
4 51 60 (-2048 2048 -256 ) (-2048 2048 960 ) (-2048 3072 960 ) (-2048 3072 -256 ) 
4 51 53 (-1024 2048 -256 ) (-1024 2048 960 ) (-2048 2048 960 ) (-2048 2048 -256 ) 
4 52 111 (0 1024 -256 ) (0 1024 0 ) (-1024 1024 0 ) (-1024 1024 -256 ) 
4 52 104 (0 1024 0 ) (0 1024 640 ) (-1024 1024 640 ) (-1024 1024 0 ) 
4 52 103 (0 1024 640 ) (0 1024 960 ) (-1024 1024 960 ) (-1024 1024 640 ) 
4 52 53 (-1024 2048 960 ) (-1024 2048 -256 ) (-1024 1024 -256 ) (-1024 1024 960 ) 
4 53 120 (-1024 1024 -256 ) (-1024 1024 0 ) (-2048 1024 0 ) (-2048 1024 -256 ) 
4 53 114 (-1152 1024 640 ) (-2048 1024 640 ) (-2048 1024 0 ) (-1152 1024 0 ) 
4 53 113 (-1024 1024 0 ) (-1024 1024 640 ) (-1152 1024 640 ) (-1152 1024 0 ) 
4 53 112 (-1024 1024 640 ) (-1024 1024 960 ) (-2048 1024 960 ) (-2048 1024 640 ) 
4 53 62 (-2048 1024 -256 ) (-2048 1024 960 ) (-2048 2048 960 ) (-2048 2048 -256 ) 
4 54 56 (-2048 4096 -256 ) (-2048 4096 960 ) (-3072 4096 960 ) (-3072 4096 -256 ) 
4 54 55 (-3072 5120 960 ) (-3072 5120 -256 ) (-3072 4096 -256 ) (-3072 4096 960 ) 
4 55 58 (-4096 5120 960 ) (-4096 5120 -256 ) (-4096 4096 -256 ) (-4096 4096 960 ) 
4 55 57 (-3072 4096 -256 ) (-3072 4096 960 ) (-4096 4096 960 ) (-4096 4096 -256 ) 
4 56 60 (-2048 3072 -256 ) (-2048 3072 960 ) (-3072 3072 960 ) (-3072 3072 -256 ) 
4 56 57 (-3072 4096 960 ) (-3072 4096 -256 ) (-3072 3072 -256 ) (-3072 3072 960 ) 
4 57 61 (-3072 3072 -256 ) (-3072 3072 960 ) (-4096 3072 960 ) (-4096 3072 -256 ) 
4 57 59 (-4096 3072 -256 ) (-4096 3072 960 ) (-4096 4096 960 ) (-4096 4096 -256 ) 
4 58 59 (-4096 4096 -256 ) (-4096 4096 960 ) (-4992 4096 960 ) (-4992 4096 -256 ) 
4 59 64 (-4096 3072 -256 ) (-4096 3072 960 ) (-4992 3072 960 ) (-4992 3072 -256 ) 
4 60 62 (-2048 2048 -256 ) (-2048 2048 960 ) (-3072 2048 960 ) (-3072 2048 -256 ) 
4 60 61 (-3072 3072 960 ) (-3072 3072 -256 ) (-3072 2048 -256 ) (-3072 2048 960 ) 
4 61 64 (-4096 3072 960 ) (-4096 3072 -256 ) (-4096 2048 -256 ) (-4096 2048 960 ) 
4 61 63 (-3072 2048 -256 ) (-3072 2048 960 ) (-4096 2048 960 ) (-4096 2048 -256 ) 
4 62 158 (-2048 1024 -256 ) (-2048 1024 0 ) (-3072 1024 0 ) (-3072 1024 -256 ) 
4 62 154 (-2432 1024 960 ) (-2752 1024 960 ) (-2752 1024 0 ) (-2432 1024 0 ) 
4 62 157 (-2752 1024 960 ) (-3072 1024 960 ) (-3072 1024 0 ) (-2752 1024 0 ) 
4 62 152 (-2048 1024 0 ) (-2048 1024 640 ) (-2432 1024 640 ) (-2432 1024 0 ) 
4 62 151 (-2048 1024 640 ) (-2048 1024 960 ) (-2432 1024 960 ) (-2432 1024 640 ) 
4 62 63 (-3072 2048 960 ) (-3072 2048 -256 ) (-3072 1024 -256 ) (-3072 1024 960 ) 
4 63 159 (-3072 1024 -256 ) (-3072 1024 960 ) (-4096 1024 960 ) (-4096 1024 -256 ) 
4 63 65 (-4096 1024 -256 ) (-4096 1024 960 ) (-4096 2048 960 ) (-4096 2048 -256 ) 
4 64 65 (-4096 2048 -256 ) (-4096 2048 960 ) (-4992 2048 960 ) (-4992 2048 -256 ) 
4 65 171 (-4096 1024 -256 ) (-4096 1024 960 ) (-4992 1024 960 ) (-4992 1024 -256 ) 
4 66 68 (5888 0 960 ) (5120 0 960 ) (5120 0 -256 ) (5888 0 -256 ) 
4 66 67 (5120 0 -256 ) (5120 0 960 ) (5120 1024 960 ) (5120 1024 -256 ) 
4 67 72 (4096 1024 960 ) (4096 1024 -256 ) (4096 0 -256 ) (4096 0 960 ) 
4 67 69 (5120 0 -256 ) (5120 0 960 ) (4096 0 960 ) (4096 0 -256 ) 
4 68 70 (5888 -1024 960 ) (5120 -1024 960 ) (5120 -1024 -256 ) (5888 -1024 -256 ) 
4 68 69 (5120 0 960 ) (5120 0 -256 ) (5120 -1024 -256 ) (5120 -1024 960 ) 
4 69 75 (4096 -1024 -256 ) (4096 -1024 960 ) (4096 0 960 ) (4096 0 -256 ) 
4 69 71 (5120 -1024 -256 ) (5120 -1024 960 ) (4096 -1024 960 ) (4096 -1024 -256 ) 
4 70 81 (5888 -2048 960 ) (5120 -2048 960 ) (5120 -2048 -256 ) (5888 -2048 -256 ) 
4 70 71 (5120 -1024 960 ) (5120 -1024 -256 ) (5120 -2048 -256 ) (5120 -2048 960 ) 
4 71 82 (5120 -2048 -256 ) (5120 -2048 960 ) (4096 -2048 960 ) (4096 -2048 -256 ) 
4 71 76 (4096 -2048 -256 ) (4096 -2048 960 ) (4096 -1024 960 ) (4096 -1024 -256 ) 
4 72 75 (4096 0 -256 ) (4096 0 960 ) (3072 0 960 ) (3072 0 -256 ) 
4 72 73 (3072 1024 960 ) (3072 1024 -256 ) (3072 0 -256 ) (3072 0 960 ) 
4 73 77 (3072 0 -256 ) (3072 0 960 ) (2048 0 960 ) (2048 0 -256 ) 
4 73 74 (2048 0 -256 ) (2048 0 960 ) (2048 1024 960 ) (2048 1024 -256 ) 
4 74 102 (1024 1024 0 ) (1024 1024 -256 ) (1024 0 -256 ) (1024 0 0 ) 
4 74 99 (1024 448 0 ) (1024 0 0 ) (1024 0 960 ) (1024 448 960 ) 
4 74 97 (1024 1024 640 ) (1024 1024 0 ) (1024 448 0 ) (1024 448 640 ) 
4 74 96 (1024 1024 960 ) (1024 1024 640 ) (1024 448 640 ) (1024 448 960 ) 
4 74 78 (2048 0 -256 ) (2048 0 960 ) (1024 0 960 ) (1024 0 -256 ) 
4 75 77 (3072 0 960 ) (3072 0 -256 ) (3072 -1024 -256 ) (3072 -1024 960 ) 
4 75 76 (4096 -1024 -256 ) (4096 -1024 960 ) (3072 -1024 960 ) (3072 -1024 -256 ) 
4 76 87 (4096 -2048 -256 ) (4096 -2048 960 ) (3072 -2048 960 ) (3072 -2048 -256 ) 
4 76 79 (3072 -2048 -256 ) (3072 -2048 960 ) (3072 -1024 960 ) (3072 -1024 -256 ) 
4 77 79 (3072 -1024 -256 ) (3072 -1024 960 ) (2048 -1024 960 ) (2048 -1024 -256 ) 
4 77 78 (2048 0 960 ) (2048 0 -256 ) (2048 -1024 -256 ) (2048 -1024 960 ) 
4 78 127 (1024 -1024 -256 ) (1024 -1024 0 ) (1024 0 0 ) (1024 0 -256 ) 
4 78 122 (1024 -1024 0 ) (1024 -1024 576 ) (1024 0 576 ) (1024 0 0 ) 
4 78 121 (1024 -1024 576 ) (1024 -1024 960 ) (1024 0 960 ) (1024 0 576 ) 
4 78 80 (2048 -1024 -256 ) (2048 -1024 960 ) (1024 -1024 960 ) (1024 -1024 -256 ) 
4 79 89 (3072 -2048 -256 ) (3072 -2048 960 ) (2048 -2048 960 ) (2048 -2048 -256 ) 
4 79 80 (2048 -1024 960 ) (2048 -1024 -256 ) (2048 -2048 -256 ) (2048 -2048 960 ) 
4 80 128 (1024 -2048 -256 ) (1024 -2048 960 ) (1024 -1024 960 ) (1024 -1024 -256 ) 
4 80 90 (2048 -2048 -256 ) (2048 -2048 960 ) (1024 -2048 960 ) (1024 -2048 -256 ) 
4 81 83 (5888 -3072 960 ) (5120 -3072 960 ) (5120 -3072 -256 ) (5888 -3072 -256 ) 
4 81 82 (5120 -2048 960 ) (5120 -2048 -256 ) (5120 -3072 -256 ) (5120 -3072 960 ) 
4 82 87 (4096 -2048 960 ) (4096 -2048 -256 ) (4096 -3072 -256 ) (4096 -3072 960 ) 
4 82 84 (5120 -3072 -256 ) (5120 -3072 960 ) (4096 -3072 960 ) (4096 -3072 -256 ) 
4 83 85 (5888 -4096 960 ) (5120 -4096 960 ) (5120 -4096 -256 ) (5888 -4096 -256 ) 
4 83 84 (5120 -3072 960 ) (5120 -3072 -256 ) (5120 -4096 -256 ) (5120 -4096 960 ) 
4 84 88 (4096 -4096 -256 ) (4096 -4096 960 ) (4096 -3072 960 ) (4096 -3072 -256 ) 
4 84 86 (5120 -4096 -256 ) (5120 -4096 960 ) (4096 -4096 960 ) (4096 -4096 -256 ) 
4 85 86 (5120 -4096 960 ) (5120 -4096 -256 ) (5120 -4928 -256 ) (5120 -4928 960 ) 
4 86 93 (4096 -4928 960 ) (4096 -4096 960 ) (4096 -4096 -256 ) (4096 -4928 -256 ) 
4 87 89 (3072 -2048 960 ) (3072 -2048 -256 ) (3072 -3072 -256 ) (3072 -3072 960 ) 
4 87 88 (4096 -3072 -256 ) (4096 -3072 960 ) (3072 -3072 960 ) (3072 -3072 -256 ) 
4 88 93 (4096 -4096 -256 ) (4096 -4096 960 ) (3072 -4096 960 ) (3072 -4096 -256 ) 
4 88 91 (3072 -4096 -256 ) (3072 -4096 960 ) (3072 -3072 960 ) (3072 -3072 -256 ) 
4 89 91 (3072 -3072 -256 ) (3072 -3072 960 ) (2048 -3072 960 ) (2048 -3072 -256 ) 
4 89 90 (2048 -2048 960 ) (2048 -2048 -256 ) (2048 -3072 -256 ) (2048 -3072 960 ) 
4 90 174 (1024 -3072 -256 ) (1024 -3072 960 ) (1024 -2048 960 ) (1024 -2048 -256 ) 
4 90 92 (2048 -3072 -256 ) (2048 -3072 960 ) (1024 -3072 960 ) (1024 -3072 -256 ) 
4 91 94 (3072 -4096 -256 ) (3072 -4096 960 ) (2048 -4096 960 ) (2048 -4096 -256 ) 
4 91 92 (2048 -3072 960 ) (2048 -3072 -256 ) (2048 -4096 -256 ) (2048 -4096 960 ) 
4 92 175 (1024 -4096 -256 ) (1024 -4096 960 ) (1024 -3072 960 ) (1024 -3072 -256 ) 
4 92 95 (2048 -4096 -256 ) (2048 -4096 960 ) (1024 -4096 960 ) (1024 -4096 -256 ) 
4 93 94 (3072 -4096 960 ) (3072 -4096 -256 ) (3072 -4928 -256 ) (3072 -4928 960 ) 
4 94 95 (2048 -4096 960 ) (2048 -4096 -256 ) (2048 -4928 -256 ) (2048 -4928 960 ) 
4 95 180 (1024 -4928 960 ) (1024 -4096 960 ) (1024 -4096 -256 ) (1024 -4928 -256 ) 
4 96 103 (0 1024 960 ) (0 1024 640 ) (0 448 640 ) (0 448 960 ) 
4 96 101 (0 448 960 ) (0 448 640 ) (512 448 640 ) (512 448 960 ) 
4 96 100 (512 448 640 ) (896 448 640 ) (896 448 960 ) (512 448 960 ) 
4 96 99 (896 448 640 ) (1024 448 640 ) (1024 448 960 ) (896 448 960 ) 
4 96 98 (0 704 640 ) (0 1024 640 ) (640 1024 640 ) (640 704 640 ) 
4 96 97 (1024 448 640 ) (640 448 640 ) (640 1024 640 ) (1024 1024 640 ) 
4 97 102 (640 1024 0 ) (1024 1024 0 ) (1024 448 0 ) (640 448 0 ) 
4 97 100 (896 448 576 ) (896 448 640 ) (640 448 640 ) (640 448 576 ) 
4 97 99 (896 448 0 ) (1024 448 0 ) (1024 448 640 ) (896 448 640 ) 
4 97 98 (640 1024 0 ) (640 704 0 ) (640 704 640 ) (640 1024 640 ) 
4 98 104 (0 1024 640 ) (0 1024 0 ) (0 704 0 ) (0 704 640 ) 
4 98 102 (0 704 0 ) (0 1024 0 ) (640 1024 0 ) (640 704 0 ) 
4 99 122 (1024 0 0 ) (1024 0 576 ) (896 0 576 ) (896 0 0 ) 
4 99 121 (1024 0 576 ) (1024 0 960 ) (896 0 960 ) (896 0 576 ) 
4 99 102 (1024 0 0 ) (896 0 0 ) (896 448 0 ) (1024 448 0 ) 
4 99 100 (896 0 960 ) (896 448 960 ) (896 448 576 ) (896 0 576 ) 
4 100 121 (896 0 960 ) (512 0 960 ) (512 0 576 ) (896 0 576 ) 
4 100 101 (512 448 960 ) (512 448 576 ) (512 0 576 ) (512 0 960 ) 
4 101 124 (0 0 960 ) (0 0 128 ) (512 0 128 ) (512 0 960 ) 
4 101 110 (0 0 128 ) (0 0 320 ) (0 448 320 ) (0 448 128 ) 
4 101 105 (0 0 320 ) (0 0 960 ) (0 448 960 ) (0 448 320 ) 
4 102 127 (1024 0 -256 ) (1024 0 0 ) (0 0 0 ) (0 0 -256 ) 
4 102 111 (0 1024 0 ) (0 1024 -256 ) (0 0 -256 ) (0 0 0 ) 
4 103 112 (-1024 1024 960 ) (-1024 1024 640 ) (-1024 448 640 ) (-1024 448 960 ) 
4 103 107 (-992 448 640 ) (-672 448 640 ) (-672 448 960 ) (-992 448 960 ) 
4 103 109 (-1024 448 960 ) (-1024 448 640 ) (-992 448 640 ) (-992 448 960 ) 
4 103 105 (-672 448 640 ) (0 448 640 ) (0 448 960 ) (-672 448 960 ) 
4 103 104 (-1024 704 640 ) (-1024 1024 640 ) (0 1024 640 ) (0 704 640 ) 
4 104 113 (-1024 1024 640 ) (-1024 1024 0 ) (-1024 704 0 ) (-1024 704 640 ) 
4 104 111 (-1024 704 0 ) (-1024 1024 0 ) (0 1024 0 ) (0 704 0 ) 
5 105 129 (0 0 320 ) (0 0 960 ) (-672 0 960 ) (-672 0 474.666687 ) (-605.714294 0 320 ) 
4 105 110 (0 0 320 ) (-512 0 320 ) (-512 448 320 ) (0 448 320 ) 
5 105 108 (-672 55.040031 456.320007 ) (-672 0 474.666687 ) (-672 0 960 ) (-672 96 960 ) (-672 96 464 ) 
4 105 107 (-672 448 960 ) (-672 448 325.333313 ) (-672 96 442.666687 ) (-672 96 960 ) 
5 105 106 (-672 0 474.666504 ) (-672 448 325.333130 ) (-669.714417 448 320 ) (-613.336914 53.357391 320 ) (-610.002075 0 330.004517 ) 
3 106 131 (-672 0 474.666687 ) (-672 0 338.861328 ) (-610.001953 0 330.004486 ) 
3 106 108 (-672 0 446 ) (-672 0 474.666687 ) (-672 55.040031 456.320007 ) 
5 106 107 (-672 448 325.333313 ) (-672 448 320 ) (-672 96.021423 320 ) (-672 96 320.004211 ) (-672 96 442.666687 ) 
4 107 108 (-992 96 960 ) (-992 96 480 ) (-672 96 464 ) (-672 96 960 ) 
4 107 109 (-992 448 320 ) (-992 96 320 ) (-992 96 960 ) (-992 448 960 ) 
4 108 132 (-672 0 446 ) (-672 0 960 ) (-992 0 960 ) (-992 0 462 ) 
4 108 109 (-992 0 462 ) (-992 0 960 ) (-992 96 960 ) (-992 96 480 ) 
4 109 134 (-1024 0 960 ) (-1024 0 320 ) (-992 0 320 ) (-992 0 960 ) 
4 109 117 (-1024 0 320 ) (-1024 0 640 ) (-1024 128 640 ) (-1024 128 320 ) 
4 109 115 (-1024 128 640 ) (-1024 448 640 ) (-1024 448 320 ) (-1024 128 320 ) 
4 109 112 (-1024 0 640 ) (-1024 0 960 ) (-1024 448 960 ) (-1024 448 640 ) 
4 110 137 (0 0 128 ) (0 0 320 ) (-512 0 320 ) (-224 0 128 ) 
4 111 139 (0 0 -256 ) (0 0 0 ) (-1024 0 0 ) (-1024 0 -256 ) 
4 111 120 (-1024 0 -256 ) (-1024 0 0 ) (-1024 1024 0 ) (-1024 1024 -256 ) 
4 112 153 (-2048 512 640 ) (-2048 0 640 ) (-2048 0 960 ) (-2048 512 960 ) 
4 112 151 (-2048 1024 960 ) (-2048 1024 640 ) (-2048 512 640 ) (-2048 512 960 ) 
4 112 145 (-1984 0 960 ) (-2048 0 960 ) (-2048 0 640 ) (-1984 0 640 ) 
4 112 143 (-1024 0 640 ) (-1024 0 960 ) (-1984 0 960 ) (-1984 0 640 ) 
4 112 119 (-1984 0 640 ) (-2048 0 640 ) (-2048 512 640 ) (-1984 512 640 ) 
4 112 117 (-1024 0 640 ) (-1984 0 640 ) (-1984 128 640 ) (-1024 128 640 ) 
4 112 116 (-1600 512 640 ) (-1152 512 640 ) (-1152 128 640 ) (-1600 128 640 ) 
4 112 115 (-1024 448 640 ) (-1024 128 640 ) (-1152 128 640 ) (-1152 448 640 ) 
4 112 114 (-2048 704 640 ) (-2048 1024 640 ) (-1152 1024 640 ) (-1152 704 640 ) 
4 112 113 (-1152 1024 640 ) (-1024 1024 640 ) (-1024 704 640 ) (-1152 704 640 ) 
4 113 120 (-1152 1024 0 ) (-1024 1024 0 ) (-1024 704 0 ) (-1152 704 0 ) 
4 113 114 (-1152 1024 0 ) (-1152 704 0 ) (-1152 704 640 ) (-1152 1024 640 ) 
4 114 152 (-2048 1024 640 ) (-2048 1024 0 ) (-2048 704 0 ) (-2048 704 640 ) 
4 114 120 (-2048 704 0 ) (-2048 1024 0 ) (-1152 1024 0 ) (-1152 704 0 ) 
4 115 117 (-1152 128 320 ) (-1024 128 320 ) (-1024 128 640 ) (-1152 128 640 ) 
4 115 116 (-1152 448 320 ) (-1152 128 320 ) (-1152 128 640 ) (-1152 448 640 ) 
3 116 118 (-1600 128 320 ) (-1560 128 320 ) (-1563.370361 128 321.526215 ) 
5 116 117 (-1560 128 320 ) (-1152 128 320 ) (-1152 128 640 ) (-1600 128 640 ) (-1600 128 338.113190 ) 
5 117 143 (-1024 0 320 ) (-1024 0 640 ) (-1984 0 640 ) (-1984 0 504.754639 ) (-1576 0 320 ) 
4 117 119 (-1984 0 512 ) (-1984 0 640 ) (-1984 128 640 ) (-1984 128 512 ) 
4 117 118 (-1563.370361 128 321.526215 ) (-1560 128 320 ) (-1576 0 320 ) (-1578.022217 0 320.915710 ) 
3 118 144 (-1600 0 320 ) (-1576 0 320 ) (-1578.022339 0 320.915710 ) 
4 119 153 (-2048 0 512 ) (-2048 0 640 ) (-2048 512 640 ) (-2048 512 512 ) 
4 119 145 (-1984 0 640 ) (-2048 0 640 ) (-2048 0 512 ) (-1984 0 512 ) 
4 120 158 (-2048 1024 0 ) (-2048 1024 -256 ) (-2048 0 -256 ) (-2048 0 0 ) 
4 120 148 (-1024 0 -256 ) (-1024 0 0 ) (-2048 0 0 ) (-2048 0 -256 ) 
4 121 128 (1024 -1024 576 ) (1024 -1024 960 ) (512 -1024 960 ) (512 -1024 576 ) 
4 121 125 (512 -640 960 ) (512 -384 960 ) (512 -384 896 ) (512 -640 896 ) 
4 121 126 (512 -1024 576 ) (512 -1024 960 ) (512 -640 960 ) (512 -640 576 ) 
4 121 124 (512 -384 960 ) (512 0 960 ) (512 0 576 ) (512 -384 576 ) 
4 121 123 (512 -1024 576 ) (512 -448 576 ) (896 -448 576 ) (896 -1024 576 ) 
4 121 122 (896 0 576 ) (1024 0 576 ) (1024 -1024 576 ) (896 -1024 576 ) 
4 122 128 (1024 -1024 0 ) (1024 -1024 576 ) (896 -1024 576 ) (896 -1024 0 ) 
4 122 127 (896 0 0 ) (1024 0 0 ) (1024 -1024 0 ) (896 -1024 0 ) 
4 122 123 (896 -448 0 ) (896 -1024 0 ) (896 -1024 576 ) (896 -448 576 ) 
4 123 128 (896 -1024 576 ) (512 -1024 576 ) (512 -1024 0 ) (896 -1024 0 ) 
4 123 127 (896 -448 0 ) (896 -1024 0 ) (512 -1024 0 ) (512 -448 0 ) 
4 123 126 (512 -640 0 ) (512 -1024 0 ) (512 -1024 576 ) (512 -640 576 ) 
4 124 138 (0 -64 128 ) (0 -384 128 ) (0 -384 320 ) (0 -64 320 ) 
4 124 137 (0 0 320 ) (0 0 128 ) (0 -64 128 ) (0 -64 320 ) 
4 124 129 (0 0 960 ) (0 0 320 ) (0 -384 320 ) (0 -384 960 ) 
4 124 125 (0 -384 960 ) (0 -384 896 ) (512 -384 896 ) (512 -384 960 ) 
4 125 135 (0 -640 896 ) (0 -640 960 ) (0 -384 960 ) (0 -384 896 ) 
4 125 126 (512 -640 896 ) (512 -640 960 ) (0 -640 960 ) (0 -640 896 ) 
4 126 140 (0 -640 0 ) (0 -1024 0 ) (0 -1024 320 ) (0 -640 320 ) 
4 126 136 (0 -1024 320 ) (0 -1024 960 ) (0 -640 960 ) (0 -640 320 ) 
4 126 128 (0 -1024 960 ) (0 -1024 0 ) (512 -1024 0 ) (512 -1024 960 ) 
4 126 127 (0 -1024 0 ) (0 -640 0 ) (512 -640 0 ) (512 -1024 0 ) 
4 127 141 (0 -384 -256 ) (0 -1024 -256 ) (0 -1024 0 ) (0 -384 0 ) 
4 127 139 (0 0 0 ) (0 0 -256 ) (0 -384 -256 ) (0 -384 0 ) 
4 127 128 (1024 -1024 -256 ) (1024 -1024 0 ) (0 -1024 0 ) (0 -1024 -256 ) 
4 128 174 (1024 -2048 -256 ) (1024 -2048 960 ) (0 -2048 960 ) (0 -2048 -256 ) 
4 128 149 (0 -2048 -256 ) (0 -2048 960 ) (0 -1024 960 ) (0 -1024 -256 ) 
4 129 138 (0 -64 320 ) (0 -384 320 ) (-128 -384 320 ) (-128 -64 320 ) 
4 129 137 (-512 0 320 ) (0 0 320 ) (0 -64 320 ) (-512 -64 320 ) 
4 129 135 (0 -384 896 ) (0 -384 960 ) (-672 -384 960 ) (-672 -384 896 ) 
4 129 132 (-672 -160 960 ) (-672 0 960 ) (-672 0 474.666687 ) (-672 -160 528 ) 
4 129 133 (-672 -384 602.666748 ) (-672 -384 960 ) (-672 -160 960 ) (-672 -160 528 ) 
4 129 131 (-672 -48.723724 490.905243 ) (-672 0 474.664001 ) (-610.003784 0 330.004761 ) (-600.004028 -159.997116 360.004211 ) 
4 129 130 (-550.859375 -384 320 ) (-672 -384 602.664063 ) (-672 -48.723724 490.905243 ) (-578.001587 -194.002991 320 ) 
4 130 132 (-672 -160 528 ) (-672 -48.721588 490.907227 ) (-672 -122.100983 423.106079 ) (-672 -160 416 ) 
5 130 133 (-672 -233.690033 320 ) (-672 -384 320 ) (-672 -384 602.666748 ) (-672 -160 528 ) (-672 -160 388.088135 ) 
3 130 131 (-672 -175.885696 373.410339 ) (-672 -48.722656 490.906250 ) (-600.002747 -159.996826 360.003967 ) 
4 131 132 (-672 -122.100983 423.106079 ) (-672 -48.721588 490.907227 ) (-672 0 474.666687 ) (-672 0 446 ) 
3 131 133 (-672 -175.885468 373.410278 ) (-672 -160 388.088135 ) (-672 -160 370.289917 ) 
4 132 133 (-992 -160 960 ) (-992 -160 432 ) (-672 -160 416 ) (-672 -160 960 ) 
4 132 134 (-992 -160 432 ) (-992 -160 960 ) (-992 0 960 ) (-992 0 462 ) 
4 133 135 (-672 -384 896 ) (-672 -384 960 ) (-992 -384 960 ) (-992 -384 896 ) 
4 133 134 (-992 -160 320 ) (-992 -384 320 ) (-992 -384 960 ) (-992 -160 960 ) 
4 134 143 (-1024 0 960 ) (-1024 0 320 ) (-1024 -287.388550 320 ) (-1024 -303.694275 960 ) 
4 134 142 (-1024 -287.388550 320 ) (-1024 -384 320 ) (-1024 -384 960 ) (-1024 -303.694275 960 ) 
4 134 135 (-992 -384 896 ) (-992 -384 960 ) (-1024 -384 960 ) (-1024 -384 896 ) 
4 135 146 (-1024 -640 896 ) (-1024 -640 960 ) (-1024 -384 960 ) (-1024 -384 896 ) 
4 135 136 (0 -640 896 ) (0 -640 960 ) (-1024 -640 960 ) (-1024 -640 896 ) 
4 136 149 (0 -1024 320 ) (0 -1024 960 ) (-1024 -1024 960 ) (-1024 -1024 320 ) 
4 136 147 (-1024 -640 320 ) (-1024 -1024 320 ) (-1024 -1024 896 ) (-1024 -640 896 ) 
4 136 146 (-1024 -1024 896 ) (-1024 -1024 960 ) (-1024 -640 960 ) (-1024 -640 896 ) 
4 136 140 (0 -1024 320 ) (-1024 -1024 320 ) (-1024 -640 320 ) (0 -640 320 ) 
4 137 138 (-128 -64 128 ) (0 -64 128 ) (0 -64 320 ) (-128 -64 320 ) 
4 139 148 (-1024 0 0 ) (-1024 0 -256 ) (-1024 -384 -256 ) (-1024 -384 0 ) 
4 139 141 (-1024 -384 0 ) (-1024 -384 -256 ) (0 -384 -256 ) (0 -384 0 ) 
4 140 149 (0 -1024 0 ) (0 -1024 320 ) (-1024 -1024 320 ) (-1024 -1024 0 ) 
4 140 147 (-1024 -1024 0 ) (-1024 -1024 320 ) (-1024 -640 320 ) (-1024 -640 0 ) 
4 140 141 (0 -1024 0 ) (-1024 -1024 0 ) (-1024 -640 0 ) (0 -640 0 ) 
4 141 149 (0 -1024 -256 ) (0 -1024 0 ) (-1024 -1024 0 ) (-1024 -1024 -256 ) 
4 141 148 (-1024 -1024 -256 ) (-1024 -1024 0 ) (-1024 -384 0 ) (-1024 -384 -256 ) 
4 142 146 (-1024 -384 896 ) (-1024 -384 960 ) (-1984 -384 960 ) (-1984 -384 896 ) 
4 142 145 (-1984 -384 512 ) (-1984 -384 960 ) (-1984 -144.713409 960 ) (-1984 -133.299393 512 ) 
5 142 143 (-1024 -287.389740 320 ) (-1600 -192 320 ) (-1984 -132.923340 497.230713 ) (-1984 -144.712891 960 ) (-1024 -303.693787 960 ) 
4 143 145 (-1984 -144.713409 960 ) (-1984 0 960 ) (-1984 0 512 ) (-1984 -133.299377 512 ) 
3 143 144 (-1599.996094 -192.001953 320 ) (-1578.018433 0 320.915894 ) (-1575.995850 0 320 ) 
4 145 160 (-2048 0 960 ) (-2048 0 512 ) (-2048 -384 512 ) (-2048 -384 960 ) 
4 145 146 (-2048 -384 960 ) (-2048 -384 896 ) (-1984 -384 896 ) (-1984 -384 960 ) 
4 146 161 (-2048 -640 960 ) (-2048 -384 960 ) (-2048 -384 896 ) (-2048 -640 896 ) 
4 146 162 (-2048 -1024 896 ) (-2048 -1024 960 ) (-2048 -640 960 ) (-2048 -640 896 ) 
4 146 150 (-1024 -1024 896 ) (-1024 -1024 960 ) (-2048 -1024 960 ) (-2048 -1024 896 ) 
4 146 147 (-1024 -640 896 ) (-1024 -1024 896 ) (-2048 -1024 896 ) (-2048 -640 896 ) 
4 147 162 (-2048 -1024 0 ) (-2048 -1024 896 ) (-2048 -640 896 ) (-2048 -640 0 ) 
4 147 150 (-1024 -1024 0 ) (-1024 -1024 896 ) (-2048 -1024 896 ) (-2048 -1024 0 ) 
4 147 148 (-1024 -640 0 ) (-1024 -1024 0 ) (-2048 -1024 0 ) (-2048 -640 0 ) 
4 148 167 (-2048 -1024 -256 ) (-2048 -1024 0 ) (-2048 0 0 ) (-2048 0 -256 ) 
4 148 150 (-1024 -1024 -256 ) (-1024 -1024 0 ) (-2048 -1024 0 ) (-2048 -1024 -256 ) 
4 149 176 (0 -2048 -256 ) (0 -2048 960 ) (-1024 -2048 960 ) (-1024 -2048 -256 ) 
4 149 150 (-1024 -1024 960 ) (-1024 -1024 -256 ) (-1024 -2048 -256 ) (-1024 -2048 960 ) 
4 150 177 (-1024 -2048 -256 ) (-1024 -2048 960 ) (-2048 -2048 960 ) (-2048 -2048 -256 ) 
4 150 169 (-2048 -2048 -256 ) (-2048 -2048 960 ) (-2048 -1024 960 ) (-2048 -1024 -256 ) 
4 151 154 (-2432 512 640 ) (-2432 512 960 ) (-2432 1024 960 ) (-2432 1024 640 ) 
4 151 153 (-2432 512 960 ) (-2432 512 640 ) (-2048 512 640 ) (-2048 512 960 ) 
4 151 152 (-2432 704 640 ) (-2432 1024 640 ) (-2048 1024 640 ) (-2048 704 640 ) 
4 152 158 (-2432 704 0 ) (-2432 1024 0 ) (-2048 1024 0 ) (-2048 704 0 ) 
4 152 154 (-2432 1024 0 ) (-2432 704 0 ) (-2432 704 640 ) (-2432 1024 640 ) 
4 153 160 (-2048 0 512 ) (-2048 0 960 ) (-2432 0 960 ) (-2432 0 512 ) 
4 153 155 (-2432 0 640 ) (-2432 0 960 ) (-2432 512 960 ) (-2432 512 640 ) 
4 154 158 (-2752 512 0 ) (-2752 1024 0 ) (-2432 1024 0 ) (-2432 512 0 ) 
4 154 155 (-2752 512 960 ) (-2752 512 640 ) (-2432 512 640 ) (-2432 512 960 ) 
4 154 156 (-2752 512 320 ) (-2752 512 0 ) (-2432 512 0 ) (-2432 512 320 ) 
4 154 157 (-2752 1024 0 ) (-2752 512 0 ) (-2752 512 960 ) (-2752 1024 960 ) 
4 155 163 (-2432 0 640 ) (-2432 0 960 ) (-2752 0 960 ) (-2752 0 640 ) 
4 155 157 (-2752 0 640 ) (-2752 0 960 ) (-2752 512 960 ) (-2752 512 640 ) 
4 156 164 (-2752 0 0 ) (-2432 0 0 ) (-2432 0 320 ) (-2752 0 320 ) 
4 156 158 (-2432 0 0 ) (-2752 0 0 ) (-2752 512 0 ) (-2432 512 0 ) 
4 156 157 (-2752 512 0 ) (-2752 0 0 ) (-2752 0 320 ) (-2752 512 320 ) 
4 157 166 (-3072 0 960 ) (-3072 0 0 ) (-2752 0 0 ) (-2752 0 960 ) 
4 157 159 (-3072 0 0 ) (-3072 0 960 ) (-3072 1024 960 ) (-3072 1024 0 ) 
4 157 158 (-2752 0 0 ) (-3072 0 0 ) (-3072 1024 0 ) (-2752 1024 0 ) 
4 158 167 (-2048 0 -256 ) (-2048 0 0 ) (-3072 0 0 ) (-3072 0 -256 ) 
4 158 159 (-3072 0 -256 ) (-3072 0 0 ) (-3072 1024 0 ) (-3072 1024 -256 ) 
4 159 171 (-4096 0 -256 ) (-4096 0 960 ) (-4096 1024 960 ) (-4096 1024 -256 ) 
4 159 168 (-3072 0 -256 ) (-3072 0 960 ) (-4096 0 960 ) (-4096 0 -256 ) 
4 160 163 (-2432 -384 640 ) (-2432 -384 960 ) (-2432 0 960 ) (-2432 0 640 ) 
4 160 161 (-2432 -384 960 ) (-2432 -384 896 ) (-2048 -384 896 ) (-2048 -384 960 ) 
4 161 163 (-2432 -640 896 ) (-2432 -640 960 ) (-2432 -384 960 ) (-2432 -384 896 ) 
4 161 162 (-2048 -640 960 ) (-2432 -640 960 ) (-2432 -640 896 ) (-2048 -640 896 ) 
4 162 169 (-2048 -1024 0 ) (-2048 -1024 960 ) (-2432 -1024 960 ) (-2432 -1024 0 ) 
4 162 167 (-2048 -1024 0 ) (-2432 -1024 0 ) (-2432 -640 0 ) (-2048 -640 0 ) 
4 162 165 (-2432 -640 0 ) (-2432 -1024 0 ) (-2432 -1024 960 ) (-2432 -640 960 ) 
4 163 166 (-2752 -640 640 ) (-2752 -640 960 ) (-2752 0 960 ) (-2752 0 640 ) 
4 163 165 (-2752 -640 960 ) (-2752 -640 640 ) (-2432 -640 640 ) (-2432 -640 960 ) 
4 164 167 (-2752 -640 0 ) (-2752 0 0 ) (-2432 0 0 ) (-2432 -640 0 ) 
4 164 165 (-2752 -640 320 ) (-2752 -640 0 ) (-2432 -640 0 ) (-2432 -640 320 ) 
4 164 166 (-2752 0 0 ) (-2752 -640 0 ) (-2752 -640 320 ) (-2752 0 320 ) 
4 165 169 (-2752 -1024 0 ) (-2432 -1024 0 ) (-2432 -1024 960 ) (-2752 -1024 960 ) 
4 165 167 (-2432 -1024 0 ) (-2752 -1024 0 ) (-2752 -640 0 ) (-2432 -640 0 ) 
4 165 166 (-2752 -640 0 ) (-2752 -1024 0 ) (-2752 -1024 960 ) (-2752 -640 960 ) 
4 166 169 (-3072 -1024 960 ) (-3072 -1024 0 ) (-2752 -1024 0 ) (-2752 -1024 960 ) 
4 166 168 (-3072 -1024 0 ) (-3072 -1024 960 ) (-3072 0 960 ) (-3072 0 0 ) 
4 166 167 (-2752 -1024 0 ) (-3072 -1024 0 ) (-3072 0 0 ) (-2752 0 0 ) 
4 167 169 (-2048 -1024 -256 ) (-2048 -1024 0 ) (-3072 -1024 0 ) (-3072 -1024 -256 ) 
4 167 168 (-3072 -1024 -256 ) (-3072 -1024 0 ) (-3072 0 0 ) (-3072 0 -256 ) 
4 168 172 (-4096 -1024 -256 ) (-4096 -1024 960 ) (-4096 0 960 ) (-4096 0 -256 ) 
4 168 170 (-4096 -1024 960 ) (-4096 -1024 -256 ) (-3072 -1024 -256 ) (-3072 -1024 960 ) 
4 169 183 (-2048 -2048 -256 ) (-2048 -2048 960 ) (-3072 -2048 960 ) (-3072 -2048 -256 ) 
4 169 170 (-3072 -1024 960 ) (-3072 -1024 -256 ) (-3072 -2048 -256 ) (-3072 -2048 960 ) 
4 170 184 (-3072 -2048 -256 ) (-3072 -2048 960 ) (-4096 -2048 960 ) (-4096 -2048 -256 ) 
4 170 173 (-4096 -2048 -256 ) (-4096 -2048 960 ) (-4096 -1024 960 ) (-4096 -1024 -256 ) 
4 171 172 (-4096 0 -256 ) (-4096 0 960 ) (-4992 0 960 ) (-4992 0 -256 ) 
4 172 173 (-4096 -1024 -256 ) (-4096 -1024 960 ) (-4992 -1024 960 ) (-4992 -1024 -256 ) 
4 173 187 (-4096 -2048 -256 ) (-4096 -2048 960 ) (-4992 -2048 960 ) (-4992 -2048 -256 ) 
4 174 176 (0 -2048 960 ) (0 -2048 -256 ) (0 -3072 -256 ) (0 -3072 960 ) 
4 174 175 (1024 -3072 -256 ) (1024 -3072 960 ) (0 -3072 960 ) (0 -3072 -256 ) 
4 175 180 (1024 -4096 -256 ) (1024 -4096 960 ) (0 -4096 960 ) (0 -4096 -256 ) 
4 175 178 (0 -4096 -256 ) (0 -4096 960 ) (0 -3072 960 ) (0 -3072 -256 ) 
4 176 178 (0 -3072 -256 ) (0 -3072 960 ) (-1024 -3072 960 ) (-1024 -3072 -256 ) 
4 176 177 (-1024 -2048 960 ) (-1024 -2048 -256 ) (-1024 -3072 -256 ) (-1024 -3072 960 ) 
4 177 183 (-2048 -2048 960 ) (-2048 -2048 -256 ) (-2048 -3072 -256 ) (-2048 -3072 960 ) 
4 177 179 (-1024 -3072 -256 ) (-1024 -3072 960 ) (-2048 -3072 960 ) (-2048 -3072 -256 ) 
4 178 181 (0 -4096 -256 ) (0 -4096 960 ) (-1024 -4096 960 ) (-1024 -4096 -256 ) 
4 178 179 (-1024 -3072 960 ) (-1024 -3072 -256 ) (-1024 -4096 -256 ) (-1024 -4096 960 ) 
4 179 185 (-2048 -4096 -256 ) (-2048 -4096 960 ) (-2048 -3072 960 ) (-2048 -3072 -256 ) 
4 179 182 (-1024 -4096 -256 ) (-1024 -4096 960 ) (-2048 -4096 960 ) (-2048 -4096 -256 ) 
4 180 181 (0 -4096 960 ) (0 -4096 -256 ) (0 -4928 -256 ) (0 -4928 960 ) 
4 181 182 (-1024 -4096 960 ) (-1024 -4096 -256 ) (-1024 -4928 -256 ) (-1024 -4928 960 ) 
4 182 189 (-2048 -4928 960 ) (-2048 -4096 960 ) (-2048 -4096 -256 ) (-2048 -4928 -256 ) 
4 183 185 (-2048 -3072 -256 ) (-2048 -3072 960 ) (-3072 -3072 960 ) (-3072 -3072 -256 ) 
4 183 184 (-3072 -2048 960 ) (-3072 -2048 -256 ) (-3072 -3072 -256 ) (-3072 -3072 960 ) 
4 184 187 (-4096 -2048 960 ) (-4096 -2048 -256 ) (-4096 -3072 -256 ) (-4096 -3072 960 ) 
4 184 186 (-3072 -3072 -256 ) (-3072 -3072 960 ) (-4096 -3072 960 ) (-4096 -3072 -256 ) 
4 185 189 (-2048 -4096 -256 ) (-2048 -4096 960 ) (-3072 -4096 960 ) (-3072 -4096 -256 ) 
4 185 186 (-3072 -3072 960 ) (-3072 -3072 -256 ) (-3072 -4096 -256 ) (-3072 -4096 960 ) 
4 186 190 (-3072 -4096 -256 ) (-3072 -4096 960 ) (-4096 -4096 960 ) (-4096 -4096 -256 ) 
4 186 188 (-4096 -4096 -256 ) (-4096 -4096 960 ) (-4096 -3072 960 ) (-4096 -3072 -256 ) 
4 187 188 (-4096 -3072 -256 ) (-4096 -3072 960 ) (-4992 -3072 960 ) (-4992 -3072 -256 ) 
4 188 191 (-4096 -4096 -256 ) (-4096 -4096 960 ) (-4992 -4096 960 ) (-4992 -4096 -256 ) 
4 189 190 (-3072 -4096 960 ) (-3072 -4096 -256 ) (-3072 -4928 -256 ) (-3072 -4928 960 ) 
4 190 191 (-4096 -4096 960 ) (-4096 -4096 -256 ) (-4096 -4928 -256 ) (-4096 -4928 960 ) 
