PRT1
77
193
4 0 24 (640 128 288 ) (640 128 304 ) (640 144 304 ) (640 144 288 ) 
4 0 23 (640 144 272 ) (640 144 304 ) (640 160 304 ) (640 160 272 ) 
4 0 22 (640 160 256 ) (640 160 304 ) (640 176 304 ) (640 176 256 ) 
4 0 21 (640 176 240 ) (640 176 304 ) (640 192 304 ) (640 192 240 ) 
4 0 20 (640 192 224 ) (640 192 304 ) (640 208 304 ) (640 208 224 ) 
4 0 19 (640 208 208 ) (640 208 304 ) (640 224 304 ) (640 224 208 ) 
4 0 18 (640 224 192 ) (640 224 304 ) (640 240 304 ) (640 240 192 ) 
4 0 16 (640 112 304 ) (640 112 576 ) (640 240 576 ) (640 240 304 ) 
4 0 15 (640 240 176 ) (640 240 576 ) (640 256 576 ) (640 256 176 ) 
4 0 14 (640 256 160 ) (640 256 576 ) (640 272 576 ) (640 272 160 ) 
4 0 13 (640 272 144 ) (640 272 576 ) (640 288 576 ) (640 288 144 ) 
4 0 12 (640 288 128 ) (640 288 576 ) (640 304 576 ) (640 304 128 ) 
4 0 11 (640 304 112 ) (640 304 576 ) (640 320 576 ) (640 320 112 ) 
4 0 10 (640 320 96 ) (640 320 576 ) (640 336 576 ) (640 336 96 ) 
4 0 9 (640 336 80 ) (640 336 576 ) (640 352 576 ) (640 352 80 ) 
4 0 8 (640 640 64 ) (640 352 64 ) (640 352 576 ) (640 640 576 ) 
4 0 4 (896 112 112 ) (896 112 192 ) (768 112 192 ) (768 112 112 ) 
4 0 2 (1008 112 64 ) (1024 112 64 ) (1024 112 168 ) (1008 112 168 ) 
4 0 3 (912 112 64 ) (1008 112 64 ) (1008 112 168 ) (912 112 168 ) 
4 0 1 (640 112 576 ) (640 112 320 ) (1024 112 320 ) (1024 112 576 ) 
4 1 31 (1024 0 320 ) (1024 0 576 ) (640 0 576 ) (640 0 320 ) 
4 1 17 (640 0 320 ) (640 0 576 ) (640 112 576 ) (640 112 320 ) 
4 2 3 (1008 104 168 ) (1008 112 168 ) (1008 112 64 ) (1008 104 64 ) 
4 3 7 (912 96 168 ) (912 96 64 ) (1008 96 64 ) (1008 96 168 ) 
4 4 5 (768 105 112 ) (896 105 112 ) (896 105 192 ) (768 105 192 ) 
4 5 6 (768 103 112 ) (896 103 112 ) (896 103 192 ) (768 103 192 ) 
4 6 7 (768 96 192 ) (768 96 112 ) (896 96 112 ) (896 96 192 ) 
4 7 35 (960 0 304 ) (640 0 304 ) (640 0 64 ) (960 0 64 ) 
4 7 33 (1024 0 64 ) (1024 0 304 ) (960 0 304 ) (960 0 64 ) 
4 7 25 (640 96 64 ) (640 0 64 ) (640 0 304 ) (640 96 304 ) 
4 8 9 (640 352 80 ) (640 352 576 ) (544 352 576 ) (544 352 80 ) 
4 9 10 (544 336 576 ) (544 336 96 ) (640 336 96 ) (640 336 576 ) 
4 10 11 (544 320 576 ) (544 320 112 ) (640 320 112 ) (640 320 576 ) 
4 11 12 (544 304 576 ) (544 304 128 ) (640 304 128 ) (640 304 576 ) 
4 12 13 (544 288 576 ) (544 288 144 ) (640 288 144 ) (640 288 576 ) 
4 13 14 (544 272 576 ) (544 272 160 ) (640 272 160 ) (640 272 576 ) 
4 14 15 (544 256 576 ) (544 256 176 ) (640 256 176 ) (640 256 576 ) 
4 15 18 (544 240 304 ) (544 240 192 ) (640 240 192 ) (640 240 304 ) 
4 15 16 (544 240 576 ) (544 240 304 ) (640 240 304 ) (640 240 576 ) 
4 16 24 (544 128 304 ) (544 144 304 ) (640 144 304 ) (640 128 304 ) 
4 16 23 (544 144 304 ) (544 160 304 ) (640 160 304 ) (640 144 304 ) 
4 16 22 (544 160 304 ) (544 176 304 ) (640 176 304 ) (640 160 304 ) 
4 16 21 (544 176 304 ) (544 192 304 ) (640 192 304 ) (640 176 304 ) 
4 16 20 (544 192 304 ) (544 208 304 ) (640 208 304 ) (640 192 304 ) 
4 16 19 (544 208 304 ) (544 224 304 ) (640 224 304 ) (640 208 304 ) 
4 16 18 (544 224 304 ) (544 240 304 ) (640 240 304 ) (640 224 304 ) 
4 16 17 (640 112 320 ) (640 112 576 ) (544 112 576 ) (544 112 320 ) 
4 17 31 (544 0 576 ) (544 0 320 ) (640 0 320 ) (640 0 576 ) 
4 17 26 (544 0 320 ) (544 0 576 ) (544 112 576 ) (544 112 320 ) 
4 18 19 (640 224 208 ) (640 224 304 ) (544 224 304 ) (544 224 208 ) 
4 19 20 (640 208 224 ) (640 208 304 ) (544 208 304 ) (544 208 224 ) 
4 20 21 (640 192 240 ) (640 192 304 ) (544 192 304 ) (544 192 240 ) 
4 21 22 (640 176 256 ) (640 176 304 ) (544 176 304 ) (544 176 256 ) 
4 22 23 (640 160 272 ) (640 160 304 ) (544 160 304 ) (544 160 272 ) 
4 23 24 (640 144 288 ) (640 144 304 ) (544 144 304 ) (544 144 288 ) 
4 25 35 (544 0 304 ) (544 0 64 ) (640 0 64 ) (640 0 304 ) 
4 25 27 (544 96 64 ) (544 0 64 ) (544 0 304 ) (544 96 304 ) 
4 26 39 (0 0 320 ) (0 0 576 ) (0 112 576 ) (0 112 320 ) 
4 26 31 (0 0 576 ) (0 0 320 ) (544 0 320 ) (544 0 576 ) 
4 27 35 (512 0 64 ) (544 0 64 ) (544 0 304 ) (512 0 304 ) 
4 27 28 (512 0 304 ) (512 48 304 ) (512 48 64 ) (512 0 64 ) 
4 28 36 (436.166992 0 64 ) (496 0 64 ) (496 0 304 ) (436.166992 0 304 ) 
4 28 35 (496 0 64 ) (512 0 64 ) (512 0 304 ) (496 0 304 ) 
4 28 29 (436.166992 48 224 ) (436.166992 48 64 ) (436.166992 47.433102 64 ) (436.166992 47.433102 224 ) 
4 28 30 (436.166992 0 304 ) (436.166992 47.433102 304 ) (436.166992 47.433102 64 ) (436.166992 0 64 ) 
4 29 40 (0 112 224 ) (0 112 64 ) (0 47.433102 64 ) (0 47.433102 224 ) 
4 29 30 (0 47.433102 64 ) (436.166992 47.433102 64 ) (436.166992 47.433102 224 ) (0 47.433102 224 ) 
4 30 41 (0 0 64 ) (0 0 304 ) (0 47.433102 304 ) (0 47.433102 64 ) 
4 30 36 (0 0 304 ) (0 0 64 ) (436.166992 0 64 ) (436.166992 0 304 ) 
4 31 48 (0 -512 320 ) (0 -512 324 ) (0 -384 324 ) (0 -384 320 ) 
4 31 46 (0 -512 324 ) (0 -512 576 ) (0 -384 576 ) (0 -384 324 ) 
4 31 44 (0 -384 576 ) (0 -112 576 ) (0 -112 320 ) (0 -384 320 ) 
4 31 42 (0 -112 576 ) (0 0 576 ) (0 0 320 ) (0 -112 320 ) 
4 31 32 (1024 -512 320 ) (0 -512 320 ) (0 -112 320 ) (1024 -112 320 ) 
4 32 48 (0 -512 304 ) (0 -512 320 ) (0 -384 320 ) (0 -384 304 ) 
4 32 44 (0 -384 320 ) (0 -112 320 ) (0 -112 304 ) (0 -384 304 ) 
4 32 37 (0 -440 304 ) (0 -120 304 ) (496 -120 304 ) (496 -440 304 ) 
4 32 36 (0 -120 304 ) (0 -112 304 ) (496 -112 304 ) (496 -120 304 ) 
4 32 38 (496 -512 304 ) (0 -512 304 ) (0 -440 304 ) (496 -440 304 ) 
4 32 35 (960 -512 304 ) (496 -512 304 ) (496 -112 304 ) (960 -112 304 ) 
4 32 34 (1024 -512 304 ) (960 -512 304 ) (960 -112 304 ) (1024 -112 304 ) 
4 33 35 (960 0 64 ) (960 -64 64 ) (960 -64 304 ) (960 0 304 ) 
4 34 35 (960 -112 64 ) (960 -512 64 ) (960 -512 304 ) (960 -112 304 ) 
4 35 37 (496 -440 80 ) (496 -440 304 ) (496 -120 304 ) (496 -120 80 ) 
4 35 36 (496 0 64 ) (496 -120 64 ) (496 -120 304 ) (496 0 304 ) 
4 35 38 (496 -440 64 ) (496 -512 64 ) (496 -512 304 ) (496 -440 304 ) 
4 36 62 (0 0 192 ) (0 0 64 ) (0 -120 64 ) (0 -120 192 ) 
4 36 44 (0 -120 304 ) (0 -112 304 ) (0 -112 192 ) (0 -120 192 ) 
4 36 43 (0 -112 304 ) (0 0 304 ) (0 0 192 ) (0 -112 192 ) 
4 36 37 (496 -120 80 ) (496 -120 304 ) (0 -120 304 ) (0 -120 80 ) 
4 37 63 (0 -120 192 ) (0 -120 80 ) (0 -440 80 ) (0 -440 192 ) 
4 37 51 (0 -384 240 ) (0 -384 192 ) (0 -440 192 ) (0 -440 240 ) 
4 37 48 (0 -440 304 ) (0 -384 304 ) (0 -384 240 ) (0 -440 240 ) 
4 37 44 (0 -384 304 ) (0 -120 304 ) (0 -120 192 ) (0 -384 192 ) 
4 37 38 (496 -440 80 ) (496 -440 304 ) (0 -440 304 ) (0 -440 80 ) 
4 38 64 (0 -512 64 ) (0 -512 192 ) (0 -440 192 ) (0 -440 64 ) 
4 38 51 (0 -512 192 ) (0 -512 240 ) (0 -440 240 ) (0 -440 192 ) 
4 38 48 (0 -512 240 ) (0 -512 304 ) (0 -440 304 ) (0 -440 240 ) 
4 39 75 (-944 0 576 ) (-1024 0 576 ) (-1024 0 320 ) (-944 0 320 ) 
4 39 67 (-672 0 576 ) (-944 0 576 ) (-944 0 320 ) (-672 0 320 ) 
4 39 52 (-336 0 576 ) (-672 0 576 ) (-672 0 320 ) (-336 0 320 ) 
4 39 42 (0 0 320 ) (0 0 576 ) (-336 0 576 ) (-336 0 320 ) 
4 40 41 (-944 47.433102 224 ) (-944 47.433102 64 ) (0 47.433102 64 ) (0 47.433102 224 ) 
4 41 68 (-672 0 304 ) (-944 0 304 ) (-944 0 80 ) (-672 0 80 ) 
4 41 66 (-320 0 192 ) (-672 0 192 ) (-672 0 64 ) (-320 0 64 ) 
4 41 62 (0 0 64 ) (0 0 192 ) (-16 0 192 ) (-16 0 64 ) 
4 41 65 (-16 0 192 ) (-320 0 192 ) (-320 0 64 ) (-16 0 64 ) 
4 41 54 (-336 0 304 ) (-672 0 304 ) (-672 0 192 ) (-336 0 192 ) 
4 41 43 (0 0 192 ) (0 0 304 ) (-336 0 304 ) (-336 0 192 ) 
4 42 52 (-336 0 576 ) (-336 0 320 ) (-336 -112 320 ) (-336 -112 576 ) 
4 42 45 (-336 -112 576 ) (-336 -112 432 ) (-320 -112 432 ) (-320 -112 576 ) 
4 42 44 (-320 -112 320 ) (0 -112 320 ) (0 -112 576 ) (-320 -112 576 ) 
4 43 66 (-336 -112 192 ) (-336 0 192 ) (-320 0 192 ) (-320 -112 192 ) 
4 43 62 (-16 0 192 ) (0 0 192 ) (0 -112 192 ) (-16 -112 192 ) 
4 43 65 (-320 0 192 ) (-16 0 192 ) (-16 -112 192 ) (-320 -112 192 ) 
4 43 54 (-336 0 304 ) (-336 0 192 ) (-336 -112 192 ) (-336 -112 304 ) 
4 43 44 (-320 -112 192 ) (0 -112 192 ) (0 -112 304 ) (-320 -112 304 ) 
4 44 63 (0 -120 192 ) (0 -384 192 ) (-16 -384 192 ) (-16 -120 192 ) 
4 44 62 (-16 -112 192 ) (0 -112 192 ) (0 -120 192 ) (-16 -120 192 ) 
4 44 65 (-320 -112 192 ) (-16 -112 192 ) (-16 -384 192 ) (-320 -384 192 ) 
4 44 51 (-320 -384 192 ) (0 -384 192 ) (0 -384 240 ) (-320 -384 240 ) 
4 44 48 (0 -384 240 ) (0 -384 324 ) (-320 -384 324 ) (-320 -384 240 ) 
4 44 46 (0 -384 324 ) (0 -384 576 ) (-320 -384 576 ) (-320 -384 324 ) 
4 44 45 (-320 -384 432 ) (-320 -384 576 ) (-320 -112 576 ) (-320 -112 432 ) 
4 45 52 (-336 -384 432 ) (-336 -384 576 ) (-336 -112 576 ) (-336 -112 432 ) 
4 45 47 (-336 -384 576 ) (-336 -384 432 ) (-320 -384 432 ) (-320 -384 576 ) 
4 46 48 (0 -512 324 ) (-320 -512 324 ) (-320 -384 324 ) (0 -384 324 ) 
4 46 47 (-320 -512 432 ) (-320 -512 576 ) (-320 -384 576 ) (-320 -384 432 ) 
4 47 52 (-336 -512 432 ) (-336 -512 576 ) (-336 -384 576 ) (-336 -384 432 ) 
4 48 51 (0 -512 240 ) (-320 -512 240 ) (-320 -384 240 ) (0 -384 240 ) 
4 48 49 (-327 -384 240 ) (-327 -512 240 ) (-327 -512 324 ) (-327 -384 324 ) 
4 49 50 (-329 -384 240 ) (-329 -512 240 ) (-329 -512 324 ) (-329 -384 324 ) 
4 50 61 (-336 -512 240 ) (-336 -512 304 ) (-336 -384 304 ) (-336 -384 240 ) 
4 50 53 (-336 -512 304 ) (-336 -512 320 ) (-336 -384 320 ) (-336 -384 304 ) 
4 50 52 (-336 -512 320 ) (-336 -512 324 ) (-336 -384 324 ) (-336 -384 320 ) 
4 51 63 (-16 -384 192 ) (0 -384 192 ) (0 -440 192 ) (-16 -440 192 ) 
4 51 64 (0 -440 192 ) (0 -512 192 ) (-16 -512 192 ) (-16 -440 192 ) 
4 51 65 (-320 -384 192 ) (-16 -384 192 ) (-16 -512 192 ) (-320 -512 192 ) 
4 52 76 (-672 -112 320 ) (-672 -512 320 ) (-672 -512 576 ) (-672 -112 576 ) 
4 52 67 (-672 0 576 ) (-672 0 320 ) (-672 -112 320 ) (-672 -112 576 ) 
4 52 53 (-336 -512 320 ) (-672 -512 320 ) (-672 -112 320 ) (-336 -112 320 ) 
4 53 76 (-672 -112 304 ) (-672 -512 304 ) (-672 -512 320 ) (-672 -112 320 ) 
4 53 60 (-672 -224 304 ) (-672 -208 304 ) (-336 -208 304 ) (-336 -224 304 ) 
4 53 61 (-336 -512 304 ) (-672 -512 304 ) (-672 -224 304 ) (-336 -224 304 ) 
4 53 59 (-672 -208 304 ) (-672 -192 304 ) (-336 -192 304 ) (-336 -208 304 ) 
4 53 58 (-672 -192 304 ) (-672 -176 304 ) (-336 -176 304 ) (-336 -192 304 ) 
4 53 57 (-672 -176 304 ) (-672 -160 304 ) (-336 -160 304 ) (-336 -176 304 ) 
4 53 56 (-672 -160 304 ) (-672 -144 304 ) (-336 -144 304 ) (-336 -160 304 ) 
4 53 55 (-672 -144 304 ) (-672 -128 304 ) (-336 -128 304 ) (-336 -144 304 ) 
4 54 74 (-672 -96 192 ) (-672 -112 192 ) (-672 -112 304 ) (-672 -96 304 ) 
4 54 73 (-672 -80 192 ) (-672 -96 192 ) (-672 -96 304 ) (-672 -80 304 ) 
4 54 72 (-672 -64 192 ) (-672 -80 192 ) (-672 -80 304 ) (-672 -64 304 ) 
4 54 71 (-672 -48 192 ) (-672 -64 192 ) (-672 -64 304 ) (-672 -48 304 ) 
4 54 70 (-672 -32 192 ) (-672 -48 192 ) (-672 -48 304 ) (-672 -32 304 ) 
4 54 69 (-672 -16 192 ) (-672 -32 192 ) (-672 -32 304 ) (-672 -16 304 ) 
4 54 68 (-672 0 304 ) (-672 0 192 ) (-672 -16 192 ) (-672 -16 304 ) 
4 54 66 (-672 -112 192 ) (-672 0 192 ) (-336 0 192 ) (-336 -112 192 ) 
4 55 76 (-672 -144 288 ) (-672 -144 304 ) (-672 -128 304 ) (-672 -128 288 ) 
4 55 56 (-336 -144 288 ) (-336 -144 304 ) (-672 -144 304 ) (-672 -144 288 ) 
4 56 76 (-672 -160 272 ) (-672 -160 304 ) (-672 -144 304 ) (-672 -144 272 ) 
4 56 57 (-336 -160 272 ) (-336 -160 304 ) (-672 -160 304 ) (-672 -160 272 ) 
4 57 76 (-672 -176 256 ) (-672 -176 304 ) (-672 -160 304 ) (-672 -160 256 ) 
4 57 58 (-336 -176 256 ) (-336 -176 304 ) (-672 -176 304 ) (-672 -176 256 ) 
4 58 76 (-672 -192 240 ) (-672 -192 304 ) (-672 -176 304 ) (-672 -176 240 ) 
4 58 59 (-336 -192 240 ) (-336 -192 304 ) (-672 -192 304 ) (-672 -192 240 ) 
4 59 76 (-672 -208 224 ) (-672 -208 304 ) (-672 -192 304 ) (-672 -192 224 ) 
4 59 60 (-336 -208 224 ) (-336 -208 304 ) (-672 -208 304 ) (-672 -208 224 ) 
4 60 76 (-672 -224 208 ) (-672 -224 304 ) (-672 -208 304 ) (-672 -208 208 ) 
4 60 61 (-336 -224 208 ) (-336 -224 304 ) (-672 -224 304 ) (-672 -224 208 ) 
4 61 76 (-672 -224 192 ) (-672 -512 192 ) (-672 -512 304 ) (-672 -224 304 ) 
4 62 63 (-16 -120 192 ) (-16 -120 80 ) (0 -120 80 ) (0 -120 192 ) 
4 62 65 (-16 0 64 ) (-16 -120 64 ) (-16 -120 192 ) (-16 0 192 ) 
4 63 65 (-16 -440 80 ) (-16 -440 192 ) (-16 -120 192 ) (-16 -120 80 ) 
4 63 64 (-16 -440 192 ) (-16 -440 80 ) (0 -440 80 ) (0 -440 192 ) 
4 64 65 (-16 -440 64 ) (-16 -512 64 ) (-16 -512 192 ) (-16 -440 192 ) 
4 65 66 (-320 0 64 ) (-320 -112 64 ) (-320 -112 192 ) (-320 0 192 ) 
4 66 74 (-672 -112 176 ) (-672 -112 192 ) (-672 -96 192 ) (-672 -96 176 ) 
4 66 73 (-672 -96 160 ) (-672 -96 192 ) (-672 -80 192 ) (-672 -80 160 ) 
4 66 72 (-672 -80 144 ) (-672 -80 192 ) (-672 -64 192 ) (-672 -64 144 ) 
4 66 71 (-672 -64 128 ) (-672 -64 192 ) (-672 -48 192 ) (-672 -48 128 ) 
4 66 70 (-672 -48 112 ) (-672 -48 192 ) (-672 -32 192 ) (-672 -32 112 ) 
4 66 69 (-672 -32 96 ) (-672 -32 192 ) (-672 -16 192 ) (-672 -16 96 ) 
4 66 68 (-672 0 192 ) (-672 0 80 ) (-672 -16 80 ) (-672 -16 192 ) 
4 67 76 (-672 -112 320 ) (-672 -112 576 ) (-944 -112 576 ) (-944 -112 320 ) 
4 67 75 (-944 -112 320 ) (-944 -112 576 ) (-944 0 576 ) (-944 0 320 ) 
4 68 69 (-672 -16 304 ) (-944 -16 304 ) (-944 -16 96 ) (-672 -16 96 ) 
4 69 70 (-672 -32 304 ) (-944 -32 304 ) (-944 -32 112 ) (-672 -32 112 ) 
4 70 71 (-672 -48 304 ) (-944 -48 304 ) (-944 -48 128 ) (-672 -48 128 ) 
4 71 72 (-672 -64 304 ) (-944 -64 304 ) (-944 -64 144 ) (-672 -64 144 ) 
4 72 73 (-672 -80 304 ) (-944 -80 304 ) (-944 -80 160 ) (-672 -80 160 ) 
4 73 74 (-672 -96 304 ) (-944 -96 304 ) (-944 -96 176 ) (-672 -96 176 ) 
4 74 76 (-672 -112 192 ) (-672 -112 304 ) (-944 -112 304 ) (-944 -112 192 ) 
4 75 76 (-1024 -112 576 ) (-1024 -112 320 ) (-944 -112 320 ) (-944 -112 576 ) 
