PRT1
419
1135
4 0 2 (5888 6144 960 ) (5120 6144 960 ) (5120 6144 -256 ) (5888 6144 -256 ) 
4 0 1 (5120 6144 -256 ) (5120 6144 960 ) (5120 6464 960 ) (5120 6464 -256 ) 
4 1 4 (4096 6144 -256 ) (4096 6144 960 ) (4096 6464 960 ) (4096 6464 -256 ) 
4 1 3 (5120 6144 -256 ) (5120 6144 960 ) (4096 6144 960 ) (4096 6144 -256 ) 
4 2 10 (5888 5120 960 ) (5120 5120 960 ) (5120 5120 -256 ) (5888 5120 -256 ) 
4 2 3 (5120 6144 960 ) (5120 6144 -256 ) (5120 5120 -256 ) (5120 5120 960 ) 
4 3 11 (5120 5120 -256 ) (5120 5120 960 ) (4096 5120 960 ) (4096 5120 -256 ) 
4 3 5 (4096 5120 -256 ) (4096 5120 960 ) (4096 6144 960 ) (4096 6144 -256 ) 
4 4 6 (3072 6144 -256 ) (3072 6144 960 ) (3072 6464 960 ) (3072 6464 -256 ) 
4 4 5 (4096 6144 -256 ) (4096 6144 960 ) (3072 6144 960 ) (3072 6144 -256 ) 
4 5 18 (4096 5120 -256 ) (4096 5120 960 ) (3072 5120 960 ) (3072 5120 -256 ) 
4 5 8 (3072 5120 -256 ) (3072 5120 960 ) (3072 6144 960 ) (3072 6144 -256 ) 
4 6 8 (3072 6144 -256 ) (3072 6144 960 ) (2048 6144 960 ) (2048 6144 -256 ) 
4 6 7 (2048 6144 -256 ) (2048 6144 960 ) (2048 6464 960 ) (2048 6464 -256 ) 
4 7 30 (1024 6144 -256 ) (1024 6144 960 ) (1024 6464 960 ) (1024 6464 -256 ) 
4 7 9 (2048 6144 -256 ) (2048 6144 960 ) (1024 6144 960 ) (1024 6144 -256 ) 
4 8 20 (3072 5120 -256 ) (3072 5120 960 ) (2048 5120 960 ) (2048 5120 -256 ) 
4 8 9 (2048 6144 960 ) (2048 6144 -256 ) (2048 5120 -256 ) (2048 5120 960 ) 
4 9 31 (1024 5120 -256 ) (1024 5120 960 ) (1024 6144 960 ) (1024 6144 -256 ) 
4 9 21 (2048 5120 -256 ) (2048 5120 960 ) (1024 5120 960 ) (1024 5120 -256 ) 
4 10 12 (5888 4096 960 ) (5120 4096 960 ) (5120 4096 -256 ) (5888 4096 -256 ) 
4 10 11 (5120 5120 960 ) (5120 5120 -256 ) (5120 4096 -256 ) (5120 4096 960 ) 
4 11 18 (4096 5120 960 ) (4096 5120 -256 ) (4096 4096 -256 ) (4096 4096 960 ) 
4 11 13 (5120 4096 -256 ) (5120 4096 960 ) (4096 4096 960 ) (4096 4096 -256 ) 
4 12 14 (5888 3072 960 ) (5120 3072 960 ) (5120 3072 -256 ) (5888 3072 -256 ) 
4 12 13 (5120 4096 960 ) (5120 4096 -256 ) (5120 3072 -256 ) (5120 3072 960 ) 
4 13 19 (4096 3072 -256 ) (4096 3072 960 ) (4096 4096 960 ) (4096 4096 -256 ) 
4 13 15 (5120 3072 -256 ) (5120 3072 960 ) (4096 3072 960 ) (4096 3072 -256 ) 
4 14 16 (5888 2048 960 ) (5120 2048 960 ) (5120 2048 -256 ) (5888 2048 -256 ) 
4 14 15 (5120 3072 960 ) (5120 3072 -256 ) (5120 2048 -256 ) (5120 2048 960 ) 
4 15 24 (4096 2048 -256 ) (4096 2048 960 ) (4096 3072 960 ) (4096 3072 -256 ) 
4 15 17 (5120 2048 -256 ) (5120 2048 960 ) (4096 2048 960 ) (4096 2048 -256 ) 
4 16 291 (5888 1024 960 ) (5120 1024 960 ) (5120 1024 -256 ) (5888 1024 -256 ) 
4 16 17 (5120 2048 960 ) (5120 2048 -256 ) (5120 1024 -256 ) (5120 1024 960 ) 
4 17 292 (5120 1024 -256 ) (5120 1024 960 ) (4096 1024 960 ) (4096 1024 -256 ) 
4 17 25 (4096 1024 -256 ) (4096 1024 960 ) (4096 2048 960 ) (4096 2048 -256 ) 
4 18 20 (3072 5120 960 ) (3072 5120 -256 ) (3072 4096 -256 ) (3072 4096 960 ) 
4 18 19 (4096 4096 -256 ) (4096 4096 960 ) (3072 4096 960 ) (3072 4096 -256 ) 
4 19 24 (4096 3072 -256 ) (4096 3072 960 ) (3072 3072 960 ) (3072 3072 -256 ) 
4 19 22 (3072 3072 -256 ) (3072 3072 960 ) (3072 4096 960 ) (3072 4096 -256 ) 
4 20 22 (3072 4096 -256 ) (3072 4096 960 ) (2048 4096 960 ) (2048 4096 -256 ) 
4 20 21 (2048 5120 960 ) (2048 5120 -256 ) (2048 4096 -256 ) (2048 4096 960 ) 
4 21 42 (1024 4096 -256 ) (1024 4096 960 ) (1024 5120 960 ) (1024 5120 -256 ) 
4 21 23 (2048 4096 -256 ) (2048 4096 960 ) (1024 4096 960 ) (1024 4096 -256 ) 
4 22 26 (3072 3072 -256 ) (3072 3072 960 ) (2048 3072 960 ) (2048 3072 -256 ) 
4 22 23 (2048 4096 960 ) (2048 4096 -256 ) (2048 3072 -256 ) (2048 3072 960 ) 
4 23 43 (1024 3072 -256 ) (1024 3072 960 ) (1024 4096 960 ) (1024 4096 -256 ) 
4 23 27 (2048 3072 -256 ) (2048 3072 960 ) (1024 3072 960 ) (1024 3072 -256 ) 
4 24 26 (3072 3072 960 ) (3072 3072 -256 ) (3072 2048 -256 ) (3072 2048 960 ) 
4 24 25 (4096 2048 -256 ) (4096 2048 960 ) (3072 2048 960 ) (3072 2048 -256 ) 
4 25 297 (4096 1024 -256 ) (4096 1024 960 ) (3072 1024 960 ) (3072 1024 -256 ) 
4 25 28 (3072 1024 -256 ) (3072 1024 960 ) (3072 2048 960 ) (3072 2048 -256 ) 
4 26 28 (3072 2048 -256 ) (3072 2048 960 ) (2048 2048 960 ) (2048 2048 -256 ) 
4 26 27 (2048 3072 960 ) (2048 3072 -256 ) (2048 2048 -256 ) (2048 2048 960 ) 
4 27 66 (1024 2048 -256 ) (1024 2048 306 ) (1024 3072 306 ) (1024 3072 -256 ) 
4 27 62 (1024 2048 306 ) (1024 2048 334 ) (1024 3072 334 ) (1024 3072 306 ) 
4 27 53 (1024 2048 334 ) (1024 2048 502 ) (1024 3072 502 ) (1024 3072 334 ) 
4 27 48 (1024 2048 502 ) (1024 2048 960 ) (1024 3072 960 ) (1024 3072 502 ) 
4 27 29 (2048 2048 -256 ) (2048 2048 960 ) (1024 2048 960 ) (1024 2048 -256 ) 
4 28 298 (3072 1024 -256 ) (3072 1024 960 ) (2048 1024 960 ) (2048 1024 -256 ) 
4 28 29 (2048 2048 960 ) (2048 2048 -256 ) (2048 1024 -256 ) (2048 1024 960 ) 
4 29 299 (2048 1024 -256 ) (2048 1024 960 ) (1024 1024 960 ) (1024 1024 -256 ) 
4 29 74 (1024 1024 -256 ) (1024 1024 0 ) (1024 2048 0 ) (1024 2048 -256 ) 
4 29 68 (1024 1024 0 ) (1024 1024 704 ) (1024 2048 704 ) (1024 2048 0 ) 
4 29 67 (1024 1024 704 ) (1024 1024 960 ) (1024 2048 960 ) (1024 2048 704 ) 
4 30 32 (0 6144 -256 ) (0 6144 960 ) (0 6464 960 ) (0 6464 -256 ) 
4 30 31 (1024 6144 -256 ) (1024 6144 960 ) (0 6144 960 ) (0 6144 -256 ) 
4 31 42 (1024 5120 -256 ) (1024 5120 960 ) (0 5120 960 ) (0 5120 -256 ) 
4 31 34 (0 5120 -256 ) (0 5120 960 ) (0 6144 960 ) (0 6144 -256 ) 
4 32 34 (0 6144 -256 ) (0 6144 960 ) (-1024 6144 960 ) (-1024 6144 -256 ) 
4 32 33 (-1024 6144 -256 ) (-1024 6144 960 ) (-1024 6464 960 ) (-1024 6464 -256 ) 
4 33 36 (-2048 6144 -256 ) (-2048 6144 960 ) (-2048 6464 960 ) (-2048 6464 -256 ) 
4 33 35 (-1024 6144 -256 ) (-1024 6144 960 ) (-2048 6144 960 ) (-2048 6144 -256 ) 
4 34 44 (0 5120 -256 ) (0 5120 960 ) (-1024 5120 960 ) (-1024 5120 -256 ) 
4 34 35 (-1024 6144 960 ) (-1024 6144 -256 ) (-1024 5120 -256 ) (-1024 5120 960 ) 
4 35 45 (-1024 5120 -256 ) (-1024 5120 960 ) (-2048 5120 960 ) (-2048 5120 -256 ) 
4 35 38 (-2048 5120 -256 ) (-2048 5120 960 ) (-2048 6144 960 ) (-2048 6144 -256 ) 
4 36 38 (-2048 6144 -256 ) (-2048 6144 960 ) (-3072 6144 960 ) (-3072 6144 -256 ) 
4 36 37 (-3072 6464 -256 ) (-3072 6144 -256 ) (-3072 6144 960 ) (-3072 6464 960 ) 
4 37 40 (-4096 6144 -256 ) (-4096 6144 960 ) (-4096 6464 960 ) (-4096 6464 -256 ) 
4 37 39 (-4096 6144 960 ) (-4096 6144 -256 ) (-3072 6144 -256 ) (-3072 6144 960 ) 
4 38 266 (-2048 5120 -256 ) (-2048 5120 960 ) (-3072 5120 960 ) (-3072 5120 -256 ) 
4 38 39 (-3072 6144 960 ) (-3072 6144 -256 ) (-3072 5120 -256 ) (-3072 5120 960 ) 
4 39 267 (-3072 5120 -256 ) (-3072 5120 960 ) (-4096 5120 960 ) (-4096 5120 -256 ) 
4 39 41 (-4096 5120 -256 ) (-4096 5120 960 ) (-4096 6144 960 ) (-4096 6144 -256 ) 
4 40 41 (-4096 6144 -256 ) (-4096 6144 960 ) (-4992 6144 960 ) (-4992 6144 -256 ) 
4 41 270 (-4096 5120 -256 ) (-4096 5120 960 ) (-4992 5120 960 ) (-4992 5120 -256 ) 
4 42 44 (0 5120 960 ) (0 5120 -256 ) (0 4096 -256 ) (0 4096 960 ) 
4 42 43 (1024 4096 -256 ) (1024 4096 960 ) (0 4096 960 ) (0 4096 -256 ) 
4 43 66 (1024 3072 -256 ) (1024 3072 306 ) (0 3072 306 ) (0 3072 -256 ) 
4 43 63 (576 3072 334 ) (288 3072 334 ) (288 3072 306 ) (576 3072 306 ) 
4 43 62 (1024 3072 306 ) (1024 3072 334 ) (576 3072 334 ) (576 3072 306 ) 
4 43 65 (288 3072 334 ) (0 3072 334 ) (0 3072 306 ) (288 3072 306 ) 
4 43 59 (310.149994 3072 502 ) (288 3072 502 ) (288 3072 334 ) (310.149994 3072 334 ) 
4 43 61 (288 3072 502 ) (0 3072 502 ) (0 3072 334 ) (288 3072 334 ) 
4 43 56 (553.849976 3072 502 ) (310.149994 3072 502 ) (310.149994 3072 334 ) (553.849976 3072 334 ) 
4 43 54 (576 3072 502 ) (553.849976 3072 502 ) (553.849976 3072 334 ) (576 3072 334 ) 
4 43 53 (1024 3072 334 ) (1024 3072 502 ) (576 3072 502 ) (576 3072 334 ) 
4 43 49 (576 3072 960 ) (288 3072 960 ) (288 3072 502 ) (576 3072 502 ) 
4 43 48 (1024 3072 502 ) (1024 3072 960 ) (576 3072 960 ) (576 3072 502 ) 
4 43 52 (288 3072 960 ) (0 3072 960 ) (0 3072 502 ) (288 3072 502 ) 
4 43 46 (0 3072 -256 ) (0 3072 960 ) (0 4096 960 ) (0 4096 -256 ) 
4 44 46 (0 4096 -256 ) (0 4096 960 ) (-1024 4096 960 ) (-1024 4096 -256 ) 
4 44 45 (-1024 5120 960 ) (-1024 5120 -256 ) (-1024 4096 -256 ) (-1024 4096 960 ) 
4 45 266 (-2048 5120 960 ) (-2048 5120 -256 ) (-2048 4096 -256 ) (-2048 4096 960 ) 
4 45 47 (-1024 4096 -256 ) (-1024 4096 960 ) (-2048 4096 960 ) (-2048 4096 -256 ) 
4 46 100 (0 3072 -256 ) (0 3072 960 ) (-1024 3072 960 ) (-1024 3072 -256 ) 
4 46 47 (-1024 4096 960 ) (-1024 4096 -256 ) (-1024 3072 -256 ) (-1024 3072 960 ) 
4 47 268 (-2048 3072 -256 ) (-2048 3072 960 ) (-2048 4096 960 ) (-2048 4096 -256 ) 
4 47 101 (-1024 3072 -256 ) (-1024 3072 960 ) (-2048 3072 960 ) (-2048 3072 -256 ) 
4 48 69 (768 2048 704 ) (576 2048 704 ) (576 2048 502 ) (768 2048 502 ) 
4 48 68 (1024 2048 502 ) (1024 2048 704 ) (768 2048 704 ) (768 2048 502 ) 
4 48 67 (1024 2048 704 ) (1024 2048 960 ) (576 2048 960 ) (576 2048 704 ) 
4 48 53 (576 3072 502 ) (1024 3072 502 ) (1024 2048 502 ) (576 2048 502 ) 
4 48 50 (576 2224 530 ) (576 2224 960 ) (576 2448 960 ) (576 2448 530 ) 
4 48 49 (576 3072 502 ) (576 2448 502 ) (576 2448 960 ) (576 3072 960 ) 
4 48 51 (576 2224 502 ) (576 2048 502 ) (576 2048 960 ) (576 2224 960 ) 
4 49 59 (288 3072 502 ) (310.149994 3072 502 ) (310.149994 2448 502 ) (288 2448 502 ) 
4 49 56 (310.149994 3072 502 ) (553.849976 3072 502 ) (553.849976 2448 502 ) (310.149994 2448 502 ) 
4 49 54 (553.849976 3072 502 ) (576 3072 502 ) (576 2448 502 ) (553.849976 2448 502 ) 
4 49 50 (288 2448 960 ) (288 2448 530 ) (576 2448 530 ) (576 2448 960 ) 
4 49 52 (288 3072 502 ) (288 2448 502 ) (288 2448 960 ) (288 3072 960 ) 
4 50 52 (288 2224 530 ) (288 2224 960 ) (288 2448 960 ) (288 2448 530 ) 
4 50 51 (288 2224 960 ) (288 2224 530 ) (576 2224 530 ) (576 2224 960 ) 
4 51 69 (288 2048 704 ) (288 2048 502 ) (576 2048 502 ) (576 2048 704 ) 
4 51 67 (576 2048 960 ) (288 2048 960 ) (288 2048 704 ) (576 2048 704 ) 
4 51 60 (310.149994 2048 502 ) (288 2048 502 ) (288 2224 502 ) (310.149994 2224 502 ) 
4 51 58 (553.849976 2048 502 ) (310.149994 2048 502 ) (310.149994 2224 502 ) (553.849976 2224 502 ) 
4 51 55 (576 2224 502 ) (576 2048 502 ) (553.849976 2048 502 ) (553.849976 2224 502 ) 
4 51 52 (288 2224 502 ) (288 2048 502 ) (288 2048 960 ) (288 2224 960 ) 
4 52 100 (0 3072 960 ) (0 3072 502 ) (0 2048 502 ) (0 2048 960 ) 
4 52 75 (48 2048 960 ) (0 2048 960 ) (0 2048 502 ) (48 2048 502 ) 
4 52 69 (48 2048 704 ) (48 2048 502 ) (288 2048 502 ) (288 2048 704 ) 
4 52 67 (288 2048 960 ) (48 2048 960 ) (48 2048 704 ) (288 2048 704 ) 
4 52 61 (0 2048 502 ) (0 3072 502 ) (288 3072 502 ) (288 2048 502 ) 
4 53 69 (768 2048 502 ) (576 2048 502 ) (576 2048 334 ) (768 2048 334 ) 
4 53 68 (1024 2048 334 ) (1024 2048 502 ) (768 2048 502 ) (768 2048 334 ) 
4 53 62 (1024 2048 334 ) (576 2048 334 ) (576 3072 334 ) (1024 3072 334 ) 
4 53 54 (576 3072 334 ) (576 2448 334 ) (576 2448 502 ) (576 3072 502 ) 
4 53 55 (576 2224 334 ) (576 2048 334 ) (576 2048 502 ) (576 2224 502 ) 
4 54 63 (553.849976 2448 334 ) (553.849976 3072 334 ) (576 3072 334 ) (576 2448 334 ) 
4 54 56 (553.849976 3072 334 ) (553.849976 2448 334 ) (553.849976 2448 502 ) (553.849976 3072 502 ) 
4 55 69 (576 2048 502 ) (553.849976 2048 502 ) (553.849976 2048 334 ) (576 2048 334 ) 
4 55 64 (576 2048 334 ) (553.849976 2048 334 ) (553.849976 2224 334 ) (576 2224 334 ) 
4 55 58 (553.849976 2224 334 ) (553.849976 2048 334 ) (553.849976 2048 502 ) (553.849976 2224 502 ) 
4 56 63 (310.149994 2448 334 ) (310.149994 3072 334 ) (553.849976 3072 334 ) (553.849976 2448 334 ) 
4 56 59 (310.149994 3072 334 ) (310.149994 2448 334 ) (310.149994 2448 502 ) (310.149994 3072 502 ) 
4 58 69 (553.849976 2048 502 ) (310.149994 2048 502 ) (310.149994 2048 334 ) (553.849976 2048 334 ) 
4 58 64 (553.849976 2048 334 ) (310.149994 2048 334 ) (310.149994 2224 334 ) (553.849976 2224 334 ) 
4 58 60 (310.149994 2224 334 ) (310.149994 2048 334 ) (310.149994 2048 502 ) (310.149994 2224 502 ) 
4 59 63 (288 2448 334 ) (288 3072 334 ) (310.149994 3072 334 ) (310.149994 2448 334 ) 
4 59 61 (288 3072 334 ) (288 2448 334 ) (288 2448 502 ) (288 3072 502 ) 
4 60 69 (310.149994 2048 502 ) (288 2048 502 ) (288 2048 334 ) (310.149994 2048 334 ) 
4 60 64 (310.149994 2048 334 ) (288 2048 334 ) (288 2224 334 ) (310.149994 2224 334 ) 
4 60 61 (288 2224 334 ) (288 2048 334 ) (288 2048 502 ) (288 2224 502 ) 
4 61 100 (0 3072 502 ) (0 3072 334 ) (0 2048 334 ) (0 2048 502 ) 
4 61 75 (48 2048 502 ) (0 2048 502 ) (0 2048 334 ) (48 2048 334 ) 
4 61 69 (288 2048 502 ) (48 2048 502 ) (48 2048 334 ) (288 2048 334 ) 
4 61 65 (288 2048 334 ) (0 2048 334 ) (0 3072 334 ) (288 3072 334 ) 
4 62 69 (768 2048 334 ) (576 2048 334 ) (576 2048 306 ) (768 2048 306 ) 
4 62 68 (1024 2048 306 ) (1024 2048 334 ) (768 2048 334 ) (768 2048 306 ) 
4 62 66 (576 3072 306 ) (1024 3072 306 ) (1024 2048 306 ) (576 2048 306 ) 
4 62 63 (576 3072 306 ) (576 2448 306 ) (576 2448 334 ) (576 3072 334 ) 
4 62 64 (576 2224 306 ) (576 2048 306 ) (576 2048 334 ) (576 2224 334 ) 
4 63 66 (288 3072 306 ) (576 3072 306 ) (576 2448 306 ) (288 2448 306 ) 
4 63 65 (288 3072 306 ) (288 2448 306 ) (288 2448 334 ) (288 3072 334 ) 
4 64 69 (576 2048 334 ) (288 2048 334 ) (288 2048 306 ) (576 2048 306 ) 
4 64 66 (576 2224 306 ) (576 2048 306 ) (288 2048 306 ) (288 2224 306 ) 
4 64 65 (288 2224 306 ) (288 2048 306 ) (288 2048 334 ) (288 2224 334 ) 
4 65 100 (0 3072 334 ) (0 3072 306 ) (0 2048 306 ) (0 2048 334 ) 
4 65 75 (48 2048 334 ) (0 2048 334 ) (0 2048 306 ) (48 2048 306 ) 
4 65 69 (288 2048 334 ) (48 2048 334 ) (48 2048 306 ) (288 2048 306 ) 
4 65 66 (0 2048 306 ) (0 3072 306 ) (288 3072 306 ) (288 2048 306 ) 
4 66 100 (0 3072 306 ) (0 3072 -256 ) (0 2048 -256 ) (0 2048 306 ) 
4 66 92 (0 2048 0 ) (0 2048 -256 ) (48 2048 -256 ) (48 2048 0 ) 
4 66 89 (0 2048 224 ) (0 2048 0 ) (48 2048 0 ) (48 2048 224 ) 
4 66 75 (48 2048 306 ) (0 2048 306 ) (0 2048 224 ) (48 2048 224 ) 
4 66 74 (1024 2048 -256 ) (1024 2048 0 ) (48 2048 0 ) (48 2048 -256 ) 
4 66 69 (768 2048 306 ) (48 2048 306 ) (48 2048 0 ) (768 2048 0 ) 
4 66 68 (1024 2048 0 ) (1024 2048 306 ) (768 2048 306 ) (768 2048 0 ) 
4 67 323 (384 1024 960 ) (48 1024 960 ) (48 1024 704 ) (384 1024 704 ) 
4 67 321 (1024 1024 704 ) (1024 1024 960 ) (384 1024 960 ) (384 1024 704 ) 
4 67 77 (48 1344 704 ) (48 1232 704 ) (48 1232 960 ) (48 1344 960 ) 
4 67 78 (48 1232 704 ) (48 1024 704 ) (48 1024 960 ) (48 1232 960 ) 
4 67 76 (48 1488 704 ) (48 1344 704 ) (48 1344 960 ) (48 1488 960 ) 
4 67 75 (48 2048 960 ) (48 2048 704 ) (48 1488 704 ) (48 1488 960 ) 
4 67 73 (384 1024 704 ) (48 1024 704 ) (48 1344 704 ) (384 1344 704 ) 
4 67 72 (48 1488 704 ) (48 1680 704 ) (512 1680 704 ) (512 1488 704 ) 
4 67 71 (512 1680 704 ) (704 1680 704 ) (704 1488 704 ) (512 1488 704 ) 
4 67 70 (704 1376 704 ) (704 1680 704 ) (768 1680 704 ) (768 1376 704 ) 
4 67 69 (48 1680 704 ) (48 2048 704 ) (768 2048 704 ) (768 1680 704 ) 
4 67 68 (1024 1024 704 ) (768 1024 704 ) (768 2048 704 ) (1024 2048 704 ) 
4 68 322 (1024 1024 0 ) (1024 1024 704 ) (768 1024 704 ) (768 1024 0 ) 
4 68 74 (768 2048 0 ) (1024 2048 0 ) (1024 1024 0 ) (768 1024 0 ) 
4 68 70 (768 1680 0 ) (768 1376 0 ) (768 1376 704 ) (768 1680 704 ) 
4 68 69 (768 2048 0 ) (768 1680 0 ) (768 1680 704 ) (768 2048 704 ) 
4 69 89 (48 2048 224 ) (48 2048 0 ) (48 1680 0 ) (48 1680 224 ) 
4 69 75 (48 2048 704 ) (48 2048 224 ) (48 1680 224 ) (48 1680 704 ) 
4 69 74 (48 1680 0 ) (48 2048 0 ) (768 2048 0 ) (768 1680 0 ) 
4 69 72 (512 1680 128 ) (512 1680 704 ) (48 1680 704 ) (48 1680 128 ) 
4 69 71 (512 1680 0 ) (704 1680 0 ) (704 1680 704 ) (512 1680 704 ) 
4 69 70 (704 1680 0 ) (768 1680 0 ) (768 1680 704 ) (704 1680 704 ) 
4 70 74 (704 1680 0 ) (768 1680 0 ) (768 1376 0 ) (704 1376 0 ) 
4 70 71 (704 1680 704 ) (704 1680 0 ) (704 1488 0 ) (704 1488 704 ) 
4 71 74 (512 1680 0 ) (704 1680 0 ) (704 1488 0 ) (512 1488 0 ) 
4 71 72 (512 1680 704 ) (512 1680 128 ) (512 1488 128 ) (512 1488 704 ) 
4 72 90 (48 1488 128 ) (48 1488 224 ) (48 1680 224 ) (48 1680 128 ) 
4 72 75 (48 1488 224 ) (48 1488 704 ) (48 1680 704 ) (48 1680 224 ) 
4 73 323 (384 1024 704 ) (48 1024 704 ) (48 1024 128 ) (384 1024 128 ) 
4 73 98 (48 1024 128 ) (48 1024 144 ) (48 1056 144 ) (48 1056 128 ) 
4 73 97 (48 1024 144 ) (48 1024 160 ) (48 1072 160 ) (48 1072 144 ) 
4 73 96 (48 1024 160 ) (48 1024 176 ) (48 1088.699951 176 ) (48 1088.699951 160 ) 
4 73 95 (48 1024 176 ) (48 1024 192 ) (48 1105.390015 192 ) (48 1105.390015 176 ) 
4 73 94 (48 1024 192 ) (48 1024 208 ) (48 1120 208 ) (48 1120 192 ) 
4 73 93 (48 1024 208 ) (48 1024 224 ) (48 1136 224 ) (48 1136 208 ) 
4 73 91 (48 1264 224 ) (48 1344 224 ) (48 1344 128 ) (48 1264 128 ) 
4 73 87 (48 1264 240 ) (48 1344 240 ) (48 1344 224 ) (48 1264 224 ) 
4 73 88 (48 1024 224 ) (48 1024 240 ) (48 1152 240 ) (48 1152 224 ) 
4 73 85 (48 1280 256 ) (48 1344 256 ) (48 1344 240 ) (48 1280 240 ) 
4 73 86 (48 1024 240 ) (48 1024 256 ) (48 1168 256 ) (48 1168 240 ) 
4 73 83 (48 1296 272 ) (48 1344 272 ) (48 1344 256 ) (48 1296 256 ) 
4 73 84 (48 1024 256 ) (48 1024 272 ) (48 1184 272 ) (48 1184 256 ) 
4 73 81 (48 1312 288 ) (48 1344 288 ) (48 1344 272 ) (48 1312 272 ) 
4 73 82 (48 1024 272 ) (48 1024 288 ) (48 1200 288 ) (48 1200 272 ) 
4 73 79 (48 1328 304 ) (48 1344 304 ) (48 1344 288 ) (48 1328 288 ) 
4 73 80 (48 1024 288 ) (48 1024 304 ) (48 1216 304 ) (48 1216 288 ) 
4 73 77 (48 1232 704 ) (48 1344 704 ) (48 1344 320 ) (48 1232 320 ) 
4 73 78 (48 1024 304 ) (48 1024 704 ) (48 1232 704 ) (48 1232 304 ) 
4 74 324 (1024 1024 -256 ) (1024 1024 0 ) (48 1024 0 ) (48 1024 -256 ) 
4 74 99 (48 1264 -256 ) (48 1024 -256 ) (48 1024 0 ) (48 1264 0 ) 
4 74 92 (48 2048 0 ) (48 2048 -256 ) (48 1264 -256 ) (48 1264 0 ) 
4 75 114 (0 2048 240 ) (0 2048 224 ) (0 1488 224 ) (0 1488 240 ) 
4 75 102 (0 2048 960 ) (0 2048 240 ) (0 1488 240 ) (0 1488 960 ) 
4 75 90 (48 1680 224 ) (48 1488 224 ) (0 1488 224 ) (0 1680 224 ) 
4 75 89 (48 2048 224 ) (48 1680 224 ) (0 1680 224 ) (0 2048 224 ) 
4 75 76 (48 1488 704 ) (48 1488 960 ) (0 1488 960 ) (0 1488 704 ) 
4 76 103 (0 1344 704 ) (0 1344 960 ) (0 1488 960 ) (0 1488 704 ) 
4 76 77 (0 1344 960 ) (0 1344 704 ) (48 1344 704 ) (48 1344 960 ) 
4 77 104 (0 1232 960 ) (0 1344 960 ) (0 1344 320 ) (0 1232 320 ) 
4 77 78 (48 1232 320 ) (48 1232 960 ) (0 1232 960 ) (0 1232 320 ) 
4 78 323 (48 1024 304 ) (48 1024 960 ) (0 1024 960 ) (0 1024 304 ) 
4 78 105 (0 1024 304 ) (0 1024 960 ) (0 1232 960 ) (0 1232 304 ) 
4 78 80 (0 1024 304 ) (0 1216 304 ) (48 1216 304 ) (48 1024 304 ) 
4 79 106 (0 1328 304 ) (0 1344 304 ) (0 1344 288 ) (0 1328 288 ) 
4 79 81 (0 1344 288 ) (48 1344 288 ) (48 1328 288 ) (0 1328 288 ) 
4 80 323 (48 1024 288 ) (48 1024 304 ) (0 1024 304 ) (0 1024 288 ) 
4 80 107 (0 1024 288 ) (0 1024 304 ) (0 1216 304 ) (0 1216 288 ) 
4 80 82 (48 1200 288 ) (48 1024 288 ) (0 1024 288 ) (0 1200 288 ) 
4 81 108 (0 1312 288 ) (0 1344 288 ) (0 1344 272 ) (0 1312 272 ) 
4 81 83 (0 1344 272 ) (48 1344 272 ) (48 1312 272 ) (0 1312 272 ) 
4 82 323 (48 1024 272 ) (48 1024 288 ) (0 1024 288 ) (0 1024 272 ) 
4 82 109 (0 1024 272 ) (0 1024 288 ) (0 1200 288 ) (0 1200 272 ) 
4 82 84 (48 1184 272 ) (48 1024 272 ) (0 1024 272 ) (0 1184 272 ) 
4 83 110 (0 1296 272 ) (0 1344 272 ) (0 1344 256 ) (0 1296 256 ) 
4 83 85 (0 1296 256 ) (0 1344 256 ) (48 1344 256 ) (48 1296 256 ) 
4 84 323 (48 1024 256 ) (48 1024 272 ) (0 1024 272 ) (0 1024 256 ) 
4 84 111 (0 1024 256 ) (0 1024 272 ) (0 1184 272 ) (0 1184 256 ) 
4 84 86 (0 1024 256 ) (0 1168 256 ) (48 1168 256 ) (48 1024 256 ) 
4 85 112 (0 1280 256 ) (0 1344 256 ) (0 1344 240 ) (0 1280 240 ) 
4 85 87 (0 1344 240 ) (48 1344 240 ) (48 1280 240 ) (0 1280 240 ) 
4 86 323 (48 1024 240 ) (48 1024 256 ) (0 1024 256 ) (0 1024 240 ) 
4 86 113 (0 1024 240 ) (0 1024 256 ) (0 1168 256 ) (0 1168 240 ) 
4 86 88 (48 1152 240 ) (48 1024 240 ) (0 1024 240 ) (0 1152 240 ) 
4 87 115 (0 1264 240 ) (0 1344 240 ) (0 1344 224 ) (0 1264 224 ) 
4 87 91 (48 1344 224 ) (48 1264 224 ) (0 1264 224 ) (0 1344 224 ) 
4 88 323 (48 1024 224 ) (48 1024 240 ) (0 1024 240 ) (0 1024 224 ) 
4 88 116 (0 1024 224 ) (0 1024 240 ) (0 1152 240 ) (0 1152 224 ) 
4 88 93 (48 1136 224 ) (48 1024 224 ) (0 1024 224 ) (0 1136 224 ) 
4 89 123 (0 2048 128 ) (0 2048 0 ) (0 1680 0 ) (0 1680 128 ) 
4 89 114 (0 1680 224 ) (0 2048 224 ) (0 2048 128 ) (0 1680 128 ) 
4 89 92 (0 1680 0 ) (0 2048 0 ) (48 2048 0 ) (48 1680 0 ) 
4 89 90 (48 1680 128 ) (48 1680 224 ) (0 1680 224 ) (0 1680 128 ) 
4 90 114 (0 1488 224 ) (0 1680 224 ) (0 1680 128 ) (0 1488 128 ) 
4 91 115 (0 1264 128 ) (0 1264 224 ) (0 1344 224 ) (0 1344 128 ) 
4 92 124 (0 1264 -256 ) (0 1264 0 ) (0 1680 0 ) (0 1680 -256 ) 
4 92 123 (0 1680 0 ) (0 2048 0 ) (0 2048 -256 ) (0 1680 -256 ) 
4 92 99 (48 1264 -256 ) (48 1264 0 ) (0 1264 0 ) (0 1264 -256 ) 
4 93 323 (48 1024 208 ) (48 1024 224 ) (0 1024 224 ) (0 1024 208 ) 
4 93 117 (0 1024 208 ) (0 1024 224 ) (0 1136 224 ) (0 1136 208 ) 
4 93 94 (48 1120 208 ) (48 1024 208 ) (0 1024 208 ) (0 1120 208 ) 
4 94 323 (48 1024 192 ) (48 1024 208 ) (0 1024 208 ) (0 1024 192 ) 
4 94 118 (0 1024 192 ) (0 1024 208 ) (0 1120 208 ) (0 1120 192 ) 
4 94 95 (0 1024 192 ) (0 1105.390015 192 ) (48 1105.390015 192 ) (48 1024 192 ) 
4 95 323 (48 1024 176 ) (48 1024 192 ) (0 1024 192 ) (0 1024 176 ) 
4 95 119 (0 1024 176 ) (0 1024 192 ) (0 1105.390015 192 ) (0 1105.390015 176 ) 
4 95 96 (48 1088.699951 176 ) (48 1024 176 ) (0 1024 176 ) (0 1088.699951 176 ) 
4 96 323 (48 1024 160 ) (48 1024 176 ) (0 1024 176 ) (0 1024 160 ) 
4 96 120 (0 1024 160 ) (0 1024 176 ) (0 1088.699951 176 ) (0 1088.699951 160 ) 
4 96 97 (48 1072 160 ) (48 1024 160 ) (0 1024 160 ) (0 1072 160 ) 
4 97 323 (48 1024 144 ) (48 1024 160 ) (0 1024 160 ) (0 1024 144 ) 
4 97 121 (0 1024 144 ) (0 1024 160 ) (0 1072 160 ) (0 1072 144 ) 
4 97 98 (48 1056 144 ) (48 1024 144 ) (0 1024 144 ) (0 1056 144 ) 
4 98 323 (48 1024 128 ) (48 1024 144 ) (0 1024 144 ) (0 1024 128 ) 
4 98 122 (0 1024 128 ) (0 1024 144 ) (0 1056 144 ) (0 1056 128 ) 
4 99 324 (48 1024 -256 ) (48 1024 0 ) (0 1024 0 ) (0 1024 -256 ) 
4 99 124 (0 1024 -256 ) (0 1024 0 ) (0 1264 0 ) (0 1264 -256 ) 
4 100 160 (-1024 2048 320 ) (-1024 2048 -256 ) (-512 2048 -256 ) (-512 2048 320 ) 
4 100 158 (-512 2048 960 ) (-1024 2048 960 ) (-1024 2048 320 ) (-512 2048 320 ) 
4 100 127 (-512 2048 720 ) (-512 2048 -256 ) (-352 2048 -256 ) (-352 2048 720 ) 
4 100 126 (-352 2048 -256 ) (-96 2048 -256 ) (-96 2048 720 ) (-352 2048 720 ) 
4 100 125 (-96 2048 960 ) (-512 2048 960 ) (-512 2048 720 ) (-96 2048 720 ) 
4 100 123 (0 2048 -256 ) (0 2048 128 ) (-96 2048 128 ) (-96 2048 -256 ) 
4 100 114 (0 2048 128 ) (0 2048 240 ) (-96 2048 240 ) (-96 2048 128 ) 
4 100 102 (0 2048 240 ) (0 2048 960 ) (-96 2048 960 ) (-96 2048 240 ) 
4 100 101 (-1024 3072 960 ) (-1024 3072 -256 ) (-1024 2048 -256 ) (-1024 2048 960 ) 
4 101 272 (-2048 2048 -256 ) (-2048 2048 960 ) (-2048 3072 960 ) (-2048 3072 -256 ) 
4 101 231 (-1024 2048 -256 ) (-1024 2048 0 ) (-2048 2048 0 ) (-2048 2048 -256 ) 
4 101 230 (-1024 2048 0 ) (-1024 2048 320 ) (-2048 2048 320 ) (-2048 2048 0 ) 
4 101 229 (-1856 2048 704 ) (-2048 2048 704 ) (-2048 2048 320 ) (-1856 2048 320 ) 
4 101 226 (-1664 2048 704 ) (-1856 2048 704 ) (-1856 2048 320 ) (-1664 2048 320 ) 
4 101 214 (-1504 2048 704 ) (-1664 2048 704 ) (-1664 2048 320 ) (-1504 2048 320 ) 
4 101 210 (-1088 2048 704 ) (-1504 2048 704 ) (-1504 2048 320 ) (-1088 2048 320 ) 
4 101 207 (-1024 2048 320 ) (-1024 2048 704 ) (-1088 2048 704 ) (-1088 2048 320 ) 
4 101 200 (-1024 2048 704 ) (-1024 2048 720 ) (-1504 2048 720 ) (-1504 2048 704 ) 
4 101 201 (-1504 2048 720 ) (-2048 2048 720 ) (-2048 2048 704 ) (-1504 2048 704 ) 
4 101 199 (-1024 2048 720 ) (-1024 2048 960 ) (-2048 2048 960 ) (-2048 2048 720 ) 
4 102 134 (-96 1680 240 ) (-96 1488 240 ) (-96 1488 720 ) (-96 1680 720 ) 
4 102 133 (-96 1488 720 ) (-96 1488 960 ) (-96 1680 960 ) (-96 1680 720 ) 
4 102 129 (-96 1824 240 ) (-96 1680 240 ) (-96 1680 720 ) (-96 1824 720 ) 
4 102 126 (-96 2048 720 ) (-96 2048 240 ) (-96 1824 240 ) (-96 1824 720 ) 
4 102 125 (-96 2048 960 ) (-96 2048 720 ) (-96 1680 720 ) (-96 1680 960 ) 
4 102 114 (-96 1488 240 ) (-96 2048 240 ) (0 2048 240 ) (0 1488 240 ) 
4 102 103 (0 1488 704 ) (0 1488 960 ) (-96 1488 960 ) (-96 1488 704 ) 
4 103 135 (-96 1344 704 ) (-96 1344 960 ) (-96 1488 960 ) (-96 1488 704 ) 
4 103 104 (-96 1344 960 ) (-96 1344 704 ) (0 1344 704 ) (0 1344 960 ) 
4 104 136 (-96 1344 704 ) (-96 1344 320 ) (-96 1232 320 ) (-96 1232 704 ) 
4 104 135 (-96 1232 960 ) (-96 1344 960 ) (-96 1344 704 ) (-96 1232 704 ) 
4 104 105 (0 1232 320 ) (0 1232 960 ) (-96 1232 960 ) (-96 1232 320 ) 
4 105 330 (0 1024 304 ) (0 1024 320 ) (-96 1024 320 ) (-96 1024 304 ) 
4 105 325 (0 1024 320 ) (0 1024 960 ) (-96 1024 960 ) (-96 1024 320 ) 
4 105 140 (-96 1024 320 ) (-96 1024 704 ) (-96 1232 704 ) (-96 1232 320 ) 
4 105 135 (-96 1024 704 ) (-96 1024 960 ) (-96 1232 960 ) (-96 1232 704 ) 
4 105 107 (-96 1024 304 ) (-96 1216 304 ) (0 1216 304 ) (0 1024 304 ) 
4 106 108 (-96 1328 288 ) (-96 1344 288 ) (0 1344 288 ) (0 1328 288 ) 
4 107 330 (0 1024 288 ) (0 1024 304 ) (-96 1024 304 ) (-96 1024 288 ) 
4 107 109 (0 1024 288 ) (-96 1024 288 ) (-96 1200 288 ) (0 1200 288 ) 
4 108 138 (-96 1312 288 ) (-96 1344 288 ) (-96 1344 272 ) (-96 1312 272 ) 
4 108 110 (-96 1312 272 ) (-96 1344 272 ) (0 1344 272 ) (0 1312 272 ) 
4 109 330 (0 1024 272 ) (0 1024 288 ) (-96 1024 288 ) (-96 1024 272 ) 
4 109 111 (0 1024 272 ) (-96 1024 272 ) (-96 1184 272 ) (0 1184 272 ) 
4 110 138 (-96 1296 272 ) (-96 1344 272 ) (-96 1344 256 ) (-96 1296 256 ) 
4 110 112 (-96 1296 256 ) (-96 1344 256 ) (0 1344 256 ) (0 1296 256 ) 
4 111 330 (0 1024 256 ) (0 1024 272 ) (-96 1024 272 ) (-96 1024 256 ) 
4 111 113 (-96 1024 256 ) (-96 1168 256 ) (0 1168 256 ) (0 1024 256 ) 
4 112 138 (-96 1344 240 ) (-96 1280 240 ) (-96 1280 256 ) (-96 1344 256 ) 
4 112 115 (-96 1280 240 ) (-96 1344 240 ) (0 1344 240 ) (0 1280 240 ) 
4 113 330 (0 1024 240 ) (0 1024 256 ) (-96 1024 256 ) (-96 1024 240 ) 
4 113 116 (0 1024 240 ) (-96 1024 240 ) (-96 1152 240 ) (0 1152 240 ) 
4 114 134 (-96 1680 128 ) (-96 1488 128 ) (-96 1488 240 ) (-96 1680 240 ) 
4 114 129 (-96 1824 128 ) (-96 1680 128 ) (-96 1680 240 ) (-96 1824 240 ) 
4 114 126 (-96 2048 240 ) (-96 2048 128 ) (-96 1824 128 ) (-96 1824 240 ) 
4 114 123 (-96 1680 128 ) (-96 2048 128 ) (0 2048 128 ) (0 1680 128 ) 
4 115 138 (-96 1344 128 ) (-96 1264 128 ) (-96 1264 240 ) (-96 1344 240 ) 
4 116 330 (0 1024 224 ) (0 1024 240 ) (-96 1024 240 ) (-96 1024 224 ) 
4 116 117 (0 1024 224 ) (-96 1024 224 ) (-96 1136 224 ) (0 1136 224 ) 
4 117 330 (0 1024 208 ) (0 1024 224 ) (-96 1024 224 ) (-96 1024 208 ) 
4 117 118 (-96 1024 208 ) (-96 1120 208 ) (0 1120 208 ) (0 1024 208 ) 
4 118 330 (0 1024 192 ) (0 1024 208 ) (-96 1024 208 ) (-96 1024 192 ) 
4 118 119 (0 1024 192 ) (-96 1024 192 ) (-96 1105.390015 192 ) (0 1105.390015 192 ) 
4 119 330 (0 1024 176 ) (0 1024 192 ) (-96 1024 192 ) (-96 1024 176 ) 
4 119 120 (0 1024 176 ) (-96 1024 176 ) (-96 1088.699951 176 ) (0 1088.699951 176 ) 
4 120 330 (0 1024 160 ) (0 1024 176 ) (-96 1024 176 ) (-96 1024 160 ) 
4 120 121 (-96 1024 160 ) (-96 1072 160 ) (0 1072 160 ) (0 1024 160 ) 
4 121 330 (0 1024 144 ) (0 1024 160 ) (-96 1024 160 ) (-96 1024 144 ) 
4 121 122 (0 1024 144 ) (-96 1024 144 ) (-96 1056 144 ) (0 1056 144 ) 
4 122 330 (0 1024 128 ) (0 1024 144 ) (-96 1024 144 ) (-96 1024 128 ) 
4 123 130 (-96 1824 -256 ) (-96 1680 -256 ) (-96 1680 128 ) (-96 1824 128 ) 
4 123 126 (-96 2048 128 ) (-96 2048 -256 ) (-96 1824 -256 ) (-96 1824 128 ) 
4 123 124 (-96 1680 -256 ) (0 1680 -256 ) (0 1680 0 ) (-96 1680 0 ) 
4 124 334 (0 1024 -256 ) (0 1024 0 ) (-96 1024 0 ) (-96 1024 -256 ) 
4 124 157 (-96 1680 -256 ) (-96 1024 -256 ) (-96 1024 0 ) (-96 1680 0 ) 
4 125 177 (-512 1680 720 ) (-512 1680 960 ) (-512 1712 960 ) (-512 1712 720 ) 
4 125 161 (-512 1712 960 ) (-512 1824 960 ) (-512 1824 720 ) (-512 1712 720 ) 
4 125 159 (-512 1824 960 ) (-512 1856 960 ) (-512 1856 720 ) (-512 1824 720 ) 
4 125 158 (-512 1856 960 ) (-512 2048 960 ) (-512 2048 720 ) (-512 1856 720 ) 
4 125 141 (-512 1680 960 ) (-512 1680 720 ) (-368 1680 720 ) (-368 1680 960 ) 
4 125 133 (-368 1680 720 ) (-96 1680 720 ) (-96 1680 960 ) (-368 1680 960 ) 
4 125 129 (-96 1680 720 ) (-304 1680 720 ) (-304 1824 720 ) (-96 1824 720 ) 
4 125 127 (-512 1856 720 ) (-512 2048 720 ) (-352 2048 720 ) (-352 1856 720 ) 
4 125 126 (-352 2048 720 ) (-96 2048 720 ) (-96 1824 720 ) (-352 1824 720 ) 
4 126 130 (-96 1824 -256 ) (-96 1824 128 ) (-352 1824 128 ) (-352 1824 -256 ) 
4 126 129 (-96 1824 128 ) (-96 1824 720 ) (-304 1824 720 ) (-304 1824 128 ) 
4 126 128 (-352 1856 -256 ) (-352 1824 -256 ) (-352 1824 320 ) (-352 1856 320 ) 
4 126 127 (-352 2048 -256 ) (-352 1856 -256 ) (-352 1856 720 ) (-352 2048 720 ) 
4 127 160 (-512 2048 320 ) (-512 2048 -256 ) (-512 1856 -256 ) (-512 1856 320 ) 
4 127 158 (-512 1856 720 ) (-512 2048 720 ) (-512 2048 320 ) (-512 1856 320 ) 
4 127 128 (-512 1856 -256 ) (-352 1856 -256 ) (-352 1856 320 ) (-512 1856 320 ) 
4 128 160 (-512 1824 -256 ) (-512 1824 320 ) (-512 1856 320 ) (-512 1856 -256 ) 
4 128 132 (-512 1824 128 ) (-512 1824 -256 ) (-368 1824 -256 ) (-368 1824 128 ) 
4 128 130 (-368 1824 -256 ) (-352 1824 -256 ) (-352 1824 128 ) (-368 1824 128 ) 
4 129 134 (-96 1680 128 ) (-96 1680 720 ) (-304 1680 720 ) (-304 1680 128 ) 
4 129 130 (-96 1680 128 ) (-304 1680 128 ) (-304 1824 128 ) (-96 1824 128 ) 
4 130 157 (-96 1680 -256 ) (-96 1680 0 ) (-368 1680 0 ) (-368 1680 -256 ) 
4 130 132 (-368 1824 128 ) (-368 1824 -256 ) (-368 1680 -256 ) (-368 1680 128 ) 
4 131 179 (-512 1680 320 ) (-512 1680 704 ) (-512 1712 704 ) (-512 1712 320 ) 
4 131 173 (-512 1824 352 ) (-512 1824 336 ) (-512 1712 336 ) (-512 1712 352 ) 
4 131 172 (-512 1824 368 ) (-512 1824 352 ) (-512 1712 352 ) (-512 1712 368 ) 
4 131 171 (-512 1824 384 ) (-512 1824 368 ) (-512 1712 368 ) (-512 1712 384 ) 
4 131 170 (-512 1824 400 ) (-512 1824 384 ) (-512 1712 384 ) (-512 1712 400 ) 
4 131 169 (-512 1824 416 ) (-512 1824 400 ) (-512 1712 400 ) (-512 1712 416 ) 
4 131 168 (-512 1824 432 ) (-512 1824 416 ) (-512 1712 416 ) (-512 1712 432 ) 
4 131 167 (-512 1824 448 ) (-512 1824 432 ) (-512 1712 432 ) (-512 1712 448 ) 
4 131 166 (-512 1824 464 ) (-512 1824 448 ) (-512 1712 448 ) (-512 1712 464 ) 
4 131 165 (-512 1824 480 ) (-512 1824 464 ) (-512 1712 464 ) (-512 1712 480 ) 
4 131 164 (-512 1824 496 ) (-512 1824 480 ) (-512 1712 480 ) (-512 1712 496 ) 
4 131 163 (-512 1824 512 ) (-512 1824 496 ) (-512 1712 496 ) (-512 1712 512 ) 
4 131 162 (-512 1712 704 ) (-512 1824 704 ) (-512 1824 512 ) (-512 1712 512 ) 
4 131 143 (-512 1680 704 ) (-512 1680 320 ) (-368 1680 320 ) (-368 1680 704 ) 
4 132 183 (-512 1680 -256 ) (-512 1680 0 ) (-512 1824 0 ) (-512 1824 -256 ) 
4 132 157 (-512 1680 0 ) (-512 1680 -256 ) (-368 1680 -256 ) (-368 1680 0 ) 
4 133 141 (-368 1680 960 ) (-368 1680 720 ) (-368 1600 720 ) (-368 1600 960 ) 
4 133 142 (-368 1600 720 ) (-368 1488 720 ) (-368 1488 960 ) (-368 1600 960 ) 
4 133 135 (-368 1488 960 ) (-368 1488 720 ) (-96 1488 720 ) (-96 1488 960 ) 
4 133 134 (-96 1488 720 ) (-304 1488 720 ) (-304 1680 720 ) (-96 1680 720 ) 
4 134 135 (-96 1488 704 ) (-96 1488 720 ) (-304 1488 720 ) (-304 1488 704 ) 
4 135 325 (-96 1024 704 ) (-96 1024 960 ) (-368 1024 960 ) (-368 1024 704 ) 
4 135 142 (-368 1024 704 ) (-368 1024 960 ) (-368 1488 960 ) (-368 1488 704 ) 
4 135 140 (-368 1024 704 ) (-368 1232 704 ) (-96 1232 704 ) (-96 1024 704 ) 
4 135 137 (-368 1232 704 ) (-368 1404 704 ) (-304 1404 704 ) (-304 1232 704 ) 
4 135 136 (-96 1344 704 ) (-96 1232 704 ) (-304 1232 704 ) (-304 1344 704 ) 
4 136 140 (-96 1232 704 ) (-304 1232 704 ) (-304 1232 320 ) (-96 1232 320 ) 
4 136 137 (-304 1344 320 ) (-304 1232 320 ) (-304 1232 704 ) (-304 1344 704 ) 
4 137 144 (-368 1232 320 ) (-368 1232 704 ) (-368 1404 704 ) (-368 1404 320 ) 
4 137 140 (-304 1232 704 ) (-368 1232 704 ) (-368 1232 320 ) (-304 1232 320 ) 
4 138 139 (-304 1232 128 ) (-304 1232 288 ) (-304 1344 288 ) (-304 1344 128 ) 
4 139 156 (-368 1472 128 ) (-368 1232 128 ) (-368 1232 144 ) (-368 1472 144 ) 
4 139 155 (-368 1232 144 ) (-368 1232 160 ) (-368 1488 160 ) (-368 1488 144 ) 
4 139 154 (-368 1232 160 ) (-368 1232 176 ) (-368 1488 176 ) (-368 1488 160 ) 
4 139 153 (-368 1232 176 ) (-368 1232 192 ) (-368 1488 192 ) (-368 1488 176 ) 
4 139 152 (-368 1232 192 ) (-368 1232 208 ) (-368 1488 208 ) (-368 1488 192 ) 
4 139 151 (-368 1232 208 ) (-368 1232 224 ) (-368 1488 224 ) (-368 1488 208 ) 
4 139 150 (-368 1232 224 ) (-368 1232 240 ) (-368 1488 240 ) (-368 1488 224 ) 
4 139 149 (-368 1232 240 ) (-368 1232 256 ) (-368 1488 256 ) (-368 1488 240 ) 
4 139 148 (-368 1232 256 ) (-368 1232 272 ) (-368 1488 272 ) (-368 1488 256 ) 
4 139 147 (-368 1232 272 ) (-368 1232 288 ) (-368 1488 288 ) (-368 1488 272 ) 
4 140 325 (-96 1024 320 ) (-96 1024 704 ) (-368 1024 704 ) (-368 1024 320 ) 
4 140 144 (-368 1024 320 ) (-368 1024 704 ) (-368 1232 704 ) (-368 1232 320 ) 
4 141 177 (-512 1600 960 ) (-512 1680 960 ) (-512 1680 720 ) (-512 1600 720 ) 
4 141 142 (-368 1600 720 ) (-368 1600 960 ) (-512 1600 960 ) (-512 1600 720 ) 
4 142 325 (-512 1024 960 ) (-512 1024 704 ) (-368 1024 704 ) (-368 1024 960 ) 
4 142 184 (-512 1024 704 ) (-512 1024 960 ) (-512 1404 960 ) (-512 1404 704 ) 
4 142 178 (-512 1600 720 ) (-512 1600 704 ) (-512 1404 704 ) (-512 1404 720 ) 
4 142 177 (-512 1404 960 ) (-512 1600 960 ) (-512 1600 720 ) (-512 1404 720 ) 
4 142 143 (-512 1488 704 ) (-512 1600 704 ) (-368 1600 704 ) (-368 1488 704 ) 
4 142 144 (-512 1024 704 ) (-512 1404 704 ) (-368 1404 704 ) (-368 1024 704 ) 
4 143 182 (-512 1488 704 ) (-512 1632 704 ) (-512 1632 320 ) (-512 1488 320 ) 
4 143 179 (-512 1632 704 ) (-512 1680 704 ) (-512 1680 320 ) (-512 1632 320 ) 
4 143 145 (-512 1488 320 ) (-512 1648 320 ) (-368 1648 320 ) (-368 1488 320 ) 
4 144 325 (-512 1024 704 ) (-512 1024 320 ) (-368 1024 320 ) (-368 1024 704 ) 
4 144 184 (-512 1024 320 ) (-512 1024 704 ) (-512 1404 704 ) (-512 1404 320 ) 
4 145 146 (-512 1488 304 ) (-512 1632 304 ) (-368 1632 304 ) (-368 1488 304 ) 
4 146 147 (-512 1488 288 ) (-512 1616 288 ) (-368 1616 288 ) (-368 1488 288 ) 
4 147 148 (-512 1232 272 ) (-512 1600 272 ) (-368 1600 272 ) (-368 1232 272 ) 
4 148 149 (-512 1232 256 ) (-512 1584 256 ) (-368 1584 256 ) (-368 1232 256 ) 
4 149 150 (-512 1232 240 ) (-512 1568 240 ) (-368 1568 240 ) (-368 1232 240 ) 
4 150 151 (-512 1232 224 ) (-512 1552 224 ) (-368 1552 224 ) (-368 1232 224 ) 
4 151 152 (-512 1232 208 ) (-512 1536 208 ) (-368 1536 208 ) (-368 1232 208 ) 
4 152 153 (-512 1232 192 ) (-512 1520 192 ) (-368 1520 192 ) (-368 1232 192 ) 
4 153 154 (-512 1232 176 ) (-512 1504 176 ) (-368 1504 176 ) (-368 1232 176 ) 
4 154 155 (-512 1232 160 ) (-512 1488 160 ) (-368 1488 160 ) (-368 1232 160 ) 
4 155 156 (-512 1232 144 ) (-512 1472 144 ) (-368 1472 144 ) (-368 1232 144 ) 
4 157 334 (-96 1024 -256 ) (-96 1024 0 ) (-512 1024 0 ) (-512 1024 -256 ) 
4 157 185 (-512 1024 -256 ) (-512 1024 0 ) (-512 1404 0 ) (-512 1404 -256 ) 
4 157 183 (-512 1404 0 ) (-512 1680 0 ) (-512 1680 -256 ) (-512 1404 -256 ) 
4 158 207 (-1024 2048 704 ) (-1024 2048 320 ) (-1024 1856 320 ) (-1024 1856 704 ) 
4 158 200 (-1024 2048 720 ) (-1024 2048 704 ) (-1024 1856 704 ) (-1024 1856 720 ) 
4 158 199 (-1024 2048 960 ) (-1024 2048 720 ) (-1024 1856 720 ) (-1024 1856 960 ) 
4 158 160 (-1024 1856 320 ) (-1024 2048 320 ) (-512 2048 320 ) (-512 1856 320 ) 
4 158 159 (-512 1856 720 ) (-512 1856 960 ) (-1024 1856 960 ) (-1024 1856 720 ) 
4 159 199 (-1024 1824 720 ) (-1024 1824 960 ) (-1024 1856 960 ) (-1024 1856 720 ) 
4 159 174 (-1024 1824 960 ) (-1024 1824 720 ) (-720 1824 720 ) (-720 1824 960 ) 
4 159 161 (-720 1824 720 ) (-512 1824 720 ) (-512 1824 960 ) (-720 1824 960 ) 
4 160 231 (-1024 2048 0 ) (-1024 2048 -256 ) (-1024 1824 -256 ) (-1024 1824 0 ) 
4 160 230 (-1024 2048 320 ) (-1024 2048 0 ) (-1024 1824 0 ) (-1024 1824 320 ) 
4 160 183 (-1024 1824 0 ) (-1024 1824 -256 ) (-512 1824 -256 ) (-512 1824 0 ) 
4 161 177 (-512 1712 720 ) (-512 1712 960 ) (-720 1712 960 ) (-720 1712 720 ) 
4 161 174 (-720 1824 960 ) (-720 1824 720 ) (-720 1712 720 ) (-720 1712 960 ) 
4 162 179 (-512 1712 512 ) (-512 1712 704 ) (-720 1712 704 ) (-720 1712 512 ) 
4 162 175 (-720 1824 704 ) (-720 1824 512 ) (-720 1712 512 ) (-720 1712 704 ) 
4 162 163 (-512 1712 512 ) (-688 1712 512 ) (-688 1824 512 ) (-512 1824 512 ) 
4 163 179 (-512 1712 496 ) (-512 1712 512 ) (-688 1712 512 ) (-688 1712 496 ) 
4 163 164 (-512 1712 496 ) (-672 1712 496 ) (-672 1824 496 ) (-512 1824 496 ) 
4 164 179 (-512 1712 480 ) (-512 1712 496 ) (-672 1712 496 ) (-672 1712 480 ) 
4 164 165 (-512 1712 480 ) (-656 1712 480 ) (-656 1824 480 ) (-512 1824 480 ) 
4 165 179 (-512 1712 464 ) (-512 1712 480 ) (-656 1712 480 ) (-656 1712 464 ) 
4 165 166 (-512 1712 464 ) (-640 1712 464 ) (-640 1824 464 ) (-512 1824 464 ) 
4 166 179 (-512 1712 448 ) (-512 1712 464 ) (-640 1712 464 ) (-640 1712 448 ) 
4 166 167 (-512 1712 448 ) (-624 1712 448 ) (-624 1824 448 ) (-512 1824 448 ) 
4 167 179 (-512 1712 432 ) (-512 1712 448 ) (-624 1712 448 ) (-624 1712 432 ) 
4 167 168 (-512 1712 432 ) (-608 1712 432 ) (-608 1824 432 ) (-512 1824 432 ) 
4 168 179 (-512 1712 416 ) (-512 1712 432 ) (-608 1712 432 ) (-608 1712 416 ) 
4 168 169 (-512 1712 416 ) (-592 1712 416 ) (-592 1824 416 ) (-512 1824 416 ) 
4 169 179 (-512 1712 400 ) (-512 1712 416 ) (-592 1712 416 ) (-592 1712 400 ) 
4 169 170 (-512 1712 400 ) (-576 1712 400 ) (-576 1824 400 ) (-512 1824 400 ) 
4 170 179 (-512 1712 384 ) (-512 1712 400 ) (-576 1712 400 ) (-576 1712 384 ) 
4 170 171 (-512 1712 384 ) (-560 1712 384 ) (-560 1824 384 ) (-512 1824 384 ) 
4 171 179 (-512 1712 368 ) (-512 1712 384 ) (-560 1712 384 ) (-560 1712 368 ) 
4 171 172 (-512 1712 368 ) (-544 1712 368 ) (-544 1824 368 ) (-512 1824 368 ) 
4 172 179 (-512 1712 352 ) (-512 1712 368 ) (-544 1712 368 ) (-544 1712 352 ) 
4 172 173 (-512 1712 352 ) (-528 1712 352 ) (-528 1824 352 ) (-512 1824 352 ) 
4 173 179 (-512 1712 336 ) (-512 1712 352 ) (-528 1712 352 ) (-528 1712 336 ) 
4 174 202 (-1024 1824 960 ) (-1024 1824 720 ) (-1024 1712 720 ) (-1024 1712 960 ) 
4 174 177 (-720 1712 720 ) (-720 1712 960 ) (-1024 1712 960 ) (-1024 1712 720 ) 
4 175 208 (-1024 1824 704 ) (-1024 1824 512 ) (-1024 1712 512 ) (-1024 1712 704 ) 
4 175 180 (-720 1712 512 ) (-720 1712 704 ) (-1024 1712 704 ) (-1024 1712 512 ) 
4 176 209 (-1024 1824 496 ) (-1024 1824 320 ) (-1024 1712 320 ) (-1024 1712 496 ) 
4 176 181 (-1024 1712 320 ) (-720 1712 320 ) (-720 1712 496 ) (-1024 1712 496 ) 
4 177 204 (-1024 1404 720 ) (-1024 1404 960 ) (-1024 1600 960 ) (-1024 1600 720 ) 
4 177 202 (-1024 1600 960 ) (-1024 1712 960 ) (-1024 1712 720 ) (-1024 1600 720 ) 
4 177 186 (-944 1404 960 ) (-1024 1404 960 ) (-1024 1404 720 ) (-944 1404 720 ) 
4 177 184 (-512 1404 720 ) (-512 1404 960 ) (-944 1404 960 ) (-944 1404 720 ) 
4 177 178 (-512 1404 720 ) (-1024 1404 720 ) (-1024 1600 720 ) (-512 1600 720 ) 
4 178 204 (-1024 1404 704 ) (-1024 1404 720 ) (-1024 1600 720 ) (-1024 1600 704 ) 
4 178 186 (-944 1404 720 ) (-1024 1404 720 ) (-1024 1404 704 ) (-944 1404 704 ) 
4 178 184 (-512 1404 704 ) (-512 1404 720 ) (-944 1404 720 ) (-944 1404 704 ) 
4 178 182 (-573.538025 1600 704 ) (-512 1600 704 ) (-512 1488 704 ) (-573.538025 1488 704 ) 
4 179 182 (-573.538025 1632 320 ) (-512 1632 320 ) (-512 1632 704 ) (-573.538025 1632 704 ) 
4 179 180 (-720 1632 512 ) (-720 1632 704 ) (-720 1712 704 ) (-720 1712 512 ) 
4 179 181 (-720 1632 320 ) (-720 1632 496 ) (-720 1712 496 ) (-720 1712 320 ) 
4 180 208 (-1024 1632 704 ) (-1024 1712 704 ) (-1024 1712 512 ) (-1024 1632 512 ) 
4 181 209 (-1024 1712 496 ) (-1024 1712 320 ) (-1024 1632 320 ) (-1024 1632 496 ) 
4 183 231 (-1024 1404 -256 ) (-1024 1404 0 ) (-1024 1824 0 ) (-1024 1824 -256 ) 
4 183 198 (-944 1404 0 ) (-1024 1404 0 ) (-1024 1404 -256 ) (-944 1404 -256 ) 
4 183 185 (-512 1404 -256 ) (-512 1404 0 ) (-944 1404 0 ) (-944 1404 -256 ) 
4 184 327 (-887.046997 1024 960 ) (-944 1024 960 ) (-944 1024 320 ) (-887.046997 1024 320 ) 
4 184 325 (-512 1024 320 ) (-512 1024 960 ) (-887.046997 1024 960 ) (-887.046997 1024 320 ) 
4 184 197 (-944 1216 320 ) (-944 1024 320 ) (-944 1024 336 ) (-944 1216 336 ) 
4 184 196 (-944 1232 336 ) (-944 1024 336 ) (-944 1024 352 ) (-944 1232 352 ) 
4 184 195 (-944 1248 352 ) (-944 1024 352 ) (-944 1024 368 ) (-944 1248 368 ) 
4 184 194 (-944 1264 368 ) (-944 1024 368 ) (-944 1024 384 ) (-944 1264 384 ) 
4 184 193 (-944 1280 384 ) (-944 1024 384 ) (-944 1024 400 ) (-944 1280 400 ) 
4 184 192 (-944 1296 400 ) (-944 1024 400 ) (-944 1024 416 ) (-944 1296 416 ) 
4 184 191 (-944 1312 416 ) (-944 1024 416 ) (-944 1024 432 ) (-944 1312 432 ) 
4 184 190 (-944 1328 432 ) (-944 1024 432 ) (-944 1024 448 ) (-944 1328 448 ) 
4 184 189 (-944 1344 448 ) (-944 1024 448 ) (-944 1024 464 ) (-944 1344 464 ) 
4 184 188 (-944 1360 464 ) (-944 1024 464 ) (-944 1024 480 ) (-944 1360 480 ) 
4 184 186 (-944 1404 960 ) (-944 1404 496 ) (-944 1376 496 ) (-944 1376 960 ) 
4 184 187 (-944 1376 480 ) (-944 1024 480 ) (-944 1024 960 ) (-944 1376 960 ) 
4 185 334 (-512 1024 -256 ) (-512 1024 0 ) (-944 1024 0 ) (-944 1024 -256 ) 
4 185 198 (-944 1404 0 ) (-944 1404 -256 ) (-944 1024 -256 ) (-944 1024 0 ) 
4 186 232 (-1024 1376 960 ) (-1024 1404 960 ) (-1024 1404 496 ) (-1024 1376 496 ) 
4 186 187 (-944 1376 496 ) (-944 1376 960 ) (-1024 1376 960 ) (-1024 1376 496 ) 
4 187 327 (-944 1024 480 ) (-944 1024 960 ) (-1024 1024 960 ) (-1024 1024 480 ) 
4 187 233 (-1024 1024 480 ) (-1024 1024 496 ) (-1024 1376 496 ) (-1024 1376 480 ) 
4 187 232 (-1024 1024 496 ) (-1024 1024 960 ) (-1024 1376 960 ) (-1024 1376 496 ) 
4 187 188 (-944 1360 480 ) (-944 1024 480 ) (-1024 1024 480 ) (-1024 1360 480 ) 
4 188 327 (-944 1024 464 ) (-944 1024 480 ) (-1024 1024 480 ) (-1024 1024 464 ) 
4 188 234 (-1024 1024 464 ) (-1024 1024 480 ) (-1024 1360 480 ) (-1024 1360 464 ) 
4 188 189 (-1024 1024 464 ) (-1024 1344 464 ) (-944 1344 464 ) (-944 1024 464 ) 
4 189 327 (-944 1024 448 ) (-944 1024 464 ) (-1024 1024 464 ) (-1024 1024 448 ) 
4 189 235 (-1024 1024 448 ) (-1024 1024 464 ) (-1024 1344 464 ) (-1024 1344 448 ) 
4 189 190 (-1024 1024 448 ) (-1024 1328 448 ) (-944 1328 448 ) (-944 1024 448 ) 
4 190 327 (-944 1024 432 ) (-944 1024 448 ) (-1024 1024 448 ) (-1024 1024 432 ) 
4 190 236 (-1024 1024 432 ) (-1024 1024 448 ) (-1024 1328 448 ) (-1024 1328 432 ) 
4 190 191 (-944 1312 432 ) (-944 1024 432 ) (-1024 1024 432 ) (-1024 1312 432 ) 
4 191 327 (-944 1024 416 ) (-944 1024 432 ) (-1024 1024 432 ) (-1024 1024 416 ) 
4 191 237 (-1024 1024 416 ) (-1024 1024 432 ) (-1024 1312 432 ) (-1024 1312 416 ) 
4 191 192 (-1024 1024 416 ) (-1024 1296 416 ) (-944 1296 416 ) (-944 1024 416 ) 
4 192 327 (-944 1024 400 ) (-944 1024 416 ) (-1024 1024 416 ) (-1024 1024 400 ) 
4 192 238 (-1024 1024 400 ) (-1024 1024 416 ) (-1024 1296 416 ) (-1024 1296 400 ) 
4 192 193 (-944 1280 400 ) (-944 1024 400 ) (-1024 1024 400 ) (-1024 1280 400 ) 
4 193 327 (-944 1024 384 ) (-944 1024 400 ) (-1024 1024 400 ) (-1024 1024 384 ) 
4 193 239 (-1024 1024 384 ) (-1024 1024 400 ) (-1024 1280 400 ) (-1024 1280 384 ) 
4 193 194 (-1024 1024 384 ) (-1024 1264 384 ) (-944 1264 384 ) (-944 1024 384 ) 
4 194 327 (-944 1024 368 ) (-944 1024 384 ) (-1024 1024 384 ) (-1024 1024 368 ) 
4 194 240 (-1024 1024 368 ) (-1024 1024 384 ) (-1024 1264 384 ) (-1024 1264 368 ) 
4 194 195 (-944 1248 368 ) (-944 1024 368 ) (-1024 1024 368 ) (-1024 1248 368 ) 
4 195 327 (-944 1024 352 ) (-944 1024 368 ) (-1024 1024 368 ) (-1024 1024 352 ) 
4 195 241 (-1024 1024 352 ) (-1024 1024 368 ) (-1024 1248 368 ) (-1024 1248 352 ) 
4 195 196 (-1024 1024 352 ) (-1024 1232 352 ) (-944 1232 352 ) (-944 1024 352 ) 
4 196 327 (-944 1024 336 ) (-944 1024 352 ) (-1024 1024 352 ) (-1024 1024 336 ) 
4 196 242 (-1024 1024 336 ) (-1024 1024 352 ) (-1024 1232 352 ) (-1024 1232 336 ) 
4 196 197 (-1024 1024 336 ) (-1024 1216 336 ) (-944 1216 336 ) (-944 1024 336 ) 
4 197 327 (-944 1024 320 ) (-944 1024 336 ) (-1024 1024 336 ) (-1024 1024 320 ) 
4 197 243 (-1024 1024 320 ) (-1024 1024 336 ) (-1024 1216 336 ) (-1024 1216 320 ) 
4 198 334 (-944 1024 -256 ) (-944 1024 0 ) (-1024 1024 0 ) (-1024 1024 -256 ) 
4 198 244 (-1024 1024 -256 ) (-1024 1024 0 ) (-1024 1404 0 ) (-1024 1404 -256 ) 
4 199 274 (-2048 2048 960 ) (-2048 2048 720 ) (-2048 1824 720 ) (-2048 1824 960 ) 
4 199 202 (-1504 1824 720 ) (-1024 1824 720 ) (-1024 1824 960 ) (-1504 1824 960 ) 
4 199 203 (-2048 1824 960 ) (-2048 1824 720 ) (-1504 1824 720 ) (-1504 1824 960 ) 
4 199 200 (-1504 1856 720 ) (-1504 2048 720 ) (-1024 2048 720 ) (-1024 1856 720 ) 
4 199 201 (-1504 1824 720 ) (-2048 1824 720 ) (-2048 2048 720 ) (-1504 2048 720 ) 
4 200 213 (-1502.220093 1856 704 ) (-1504 1856 704 ) (-1504 1936 704 ) (-1502.220093 1936 704 ) 
4 200 211 (-1088 1936 704 ) (-1088 1856 704 ) (-1482 1856 704 ) (-1482 1936 704 ) 
4 200 210 (-1504 2048 704 ) (-1088 2048 704 ) (-1088 1936 704 ) (-1504 1936 704 ) 
4 200 207 (-1088 2048 704 ) (-1024 2048 704 ) (-1024 1856 704 ) (-1088 1856 704 ) 
4 200 201 (-1504 2048 704 ) (-1504 1856 704 ) (-1504 1856 720 ) (-1504 2048 720 ) 
4 201 274 (-2048 2048 720 ) (-2048 2048 704 ) (-2048 1824 704 ) (-2048 1824 720 ) 
4 201 229 (-2048 1824 704 ) (-2048 2048 704 ) (-1856 2048 704 ) (-1856 1824 704 ) 
4 201 226 (-1856 2048 704 ) (-1664 2048 704 ) (-1664 1856 704 ) (-1856 1856 704 ) 
4 201 214 (-1664 2048 704 ) (-1504 2048 704 ) (-1504 1856 704 ) (-1664 1856 704 ) 
4 201 203 (-2048 1824 720 ) (-2048 1824 704 ) (-1504 1824 704 ) (-1504 1824 720 ) 
4 202 205 (-1316 1600 960 ) (-1504 1600 960 ) (-1504 1600 800 ) (-1316 1600 800 ) 
4 202 204 (-1024 1600 720 ) (-1024 1600 960 ) (-1316 1600 960 ) (-1316 1600 720 ) 
4 202 203 (-1504 1600 720 ) (-1504 1600 960 ) (-1504 1824 960 ) (-1504 1824 720 ) 
4 203 274 (-2048 1824 960 ) (-2048 1824 704 ) (-2048 1600 704 ) (-2048 1600 960 ) 
4 203 227 (-1856 1824 704 ) (-1664 1824 704 ) (-1664 1600 704 ) (-1856 1600 704 ) 
4 203 223 (-1664 1824 704 ) (-1504 1824 704 ) (-1504 1600 704 ) (-1664 1600 704 ) 
4 203 205 (-1504 1600 800 ) (-1504 1600 960 ) (-1668 1600 960 ) (-1668 1600 800 ) 
4 203 206 (-2048 1600 704 ) (-1668 1600 704 ) (-1668 1600 960 ) (-2048 1600 960 ) 
4 204 245 (-1088 1404 960 ) (-1316 1404 960 ) (-1316 1404 704 ) (-1088 1404 704 ) 
4 204 232 (-1024 1404 704 ) (-1024 1404 960 ) (-1088 1404 960 ) (-1088 1404 704 ) 
5 204 205 (-1316 1404 960 ) (-1316 1600 960 ) (-1316 1600 800 ) (-1316 1408 704 ) (-1316 1404 704 ) 
4 205 250 (-1664 1404 960 ) (-1668 1404 960 ) (-1668 1404 704 ) (-1664 1404 704 ) 
4 205 245 (-1316 1404 960 ) (-1664 1404 960 ) (-1664 1404 704 ) (-1316 1404 704 ) 
5 205 206 (-1668 1404 960 ) (-1668 1600 960 ) (-1668 1600 800 ) (-1668 1408 704 ) (-1668 1404 704 ) 
4 206 274 (-2048 1404 704 ) (-2048 1404 960 ) (-2048 1600 960 ) (-2048 1600 704 ) 
4 206 263 (-1856 1404 960 ) (-2048 1404 960 ) (-2048 1404 704 ) (-1856 1404 704 ) 
4 206 250 (-1668 1404 960 ) (-1856 1404 960 ) (-1856 1404 704 ) (-1668 1404 704 ) 
4 207 230 (-1088 1856 320 ) (-1088 2048 320 ) (-1024 2048 320 ) (-1024 1856 320 ) 
4 207 211 (-1088 1936 320 ) (-1088 1856 320 ) (-1088 1856 704 ) (-1088 1936 704 ) 
4 207 210 (-1088 2048 320 ) (-1088 1936 320 ) (-1088 1936 704 ) (-1088 2048 704 ) 
4 208 215 (-1088 1632 512 ) (-1088 1632 704 ) (-1088 1824 704 ) (-1088 1824 512 ) 
4 209 217 (-1088 1824 320 ) (-1088 1632 320 ) (-1088 1632 448 ) (-1088 1824 448 ) 
4 210 230 (-1504 2048 320 ) (-1088 2048 320 ) (-1088 1936 320 ) (-1504 1936 320 ) 
4 210 214 (-1504 2048 320 ) (-1504 1936 320 ) (-1504 1936 704 ) (-1504 2048 704 ) 
4 210 213 (-1504 1936 704 ) (-1504 1936 320 ) (-1502.220093 1936 320 ) (-1502.220093 1936 704 ) 
4 210 212 (-1502.220093 1936 320 ) (-1482 1936 320 ) (-1482 1936 464 ) (-1502.220093 1936 464 ) 
4 210 211 (-1482 1936 320 ) (-1088 1936 320 ) (-1088 1936 704 ) (-1482 1936 704 ) 
4 211 230 (-1088 1936 320 ) (-1088 1856 320 ) (-1482 1856 320 ) (-1482 1936 320 ) 
4 211 212 (-1482 1936 464 ) (-1482 1936 320 ) (-1482 1856 320 ) (-1482 1856 464 ) 
4 212 230 (-1502.220093 1856 320 ) (-1502.220093 1936 320 ) (-1482 1936 320 ) (-1482 1856 320 ) 
4 212 213 (-1502.220093 1936 464 ) (-1502.220093 1936 320 ) (-1502.220093 1856 320 ) (-1502.220093 1856 464 ) 
4 213 230 (-1504 1856 320 ) (-1504 1936 320 ) (-1502.220093 1936 320 ) (-1502.220093 1856 320 ) 
4 213 214 (-1504 1936 320 ) (-1504 1856 320 ) (-1504 1856 704 ) (-1504 1936 704 ) 
4 214 230 (-1664 1856 320 ) (-1664 2048 320 ) (-1504 2048 320 ) (-1504 1856 320 ) 
4 214 226 (-1664 2048 320 ) (-1664 1856 320 ) (-1664 1856 704 ) (-1664 2048 704 ) 
4 215 216 (-1372 1824 704 ) (-1372 1824 512 ) (-1372 1632 512 ) (-1372 1632 704 ) 
4 216 220 (-1432 1824 616 ) (-1432 1824 512 ) (-1432 1412 512 ) (-1432 1412 616 ) 
4 216 219 (-1432 1824 704 ) (-1432 1824 616 ) (-1432 1414 616 ) (-1432 1414 704 ) 
4 217 218 (-1372 1632 448 ) (-1372 1824 448 ) (-1372 1824 320 ) (-1372 1632 320 ) 
4 218 221 (-1432 1824 448 ) (-1432 1824 320 ) (-1432 1412 320 ) (-1432 1412 448 ) 
4 219 222 (-1480 1824 704 ) (-1480 1824 616 ) (-1480 1414 616 ) (-1480 1414 704 ) 
4 219 220 (-1480 1414 616 ) (-1480 1824 616 ) (-1432 1824 616 ) (-1432 1414 616 ) 
4 220 245 (-1480 1404 616 ) (-1480 1404 512 ) (-1432 1404 512 ) (-1432 1404 616 ) 
4 220 222 (-1480 1824 616 ) (-1480 1824 512 ) (-1480 1411.010132 512 ) (-1480 1411.010132 616 ) 
4 221 247 (-1480 1404 448 ) (-1480 1404 320 ) (-1432 1404 320 ) (-1432 1404 448 ) 
4 221 224 (-1480 1824 448 ) (-1480 1824 320 ) (-1480 1404 320 ) (-1480 1404 448 ) 
4 223 227 (-1664 1600 704 ) (-1664 1824 704 ) (-1664 1824 512 ) (-1664 1600 512 ) 
4 224 247 (-1600 1404 320 ) (-1480 1404 320 ) (-1480 1404 448 ) (-1600 1404 448 ) 
4 224 225 (-1600 1408 448 ) (-1600 1824 448 ) (-1600 1824 320 ) (-1600 1408 320 ) 
4 225 228 (-1664 1824 320 ) (-1664 1600 320 ) (-1664 1600 448 ) (-1664 1824 448 ) 
4 226 230 (-1856 1856 320 ) (-1856 2048 320 ) (-1664 2048 320 ) (-1664 1856 320 ) 
4 226 229 (-1856 2048 320 ) (-1856 1856 320 ) (-1856 1856 704 ) (-1856 2048 704 ) 
4 229 275 (-2048 1824 704 ) (-2048 2048 704 ) (-2048 2048 320 ) (-2048 1824 320 ) 
4 229 230 (-2048 1824 320 ) (-2048 2048 320 ) (-1856 2048 320 ) (-1856 1824 320 ) 
4 230 283 (-2048 1824 320 ) (-2048 2048 320 ) (-2048 2048 0 ) (-2048 1824 0 ) 
4 230 231 (-2048 1824 0 ) (-2048 2048 0 ) (-1024 2048 0 ) (-1024 1824 0 ) 
4 231 287 (-2048 1404 -256 ) (-2048 1404 0 ) (-2048 2048 0 ) (-2048 2048 -256 ) 
4 231 265 (-1856 1404 0 ) (-2048 1404 0 ) (-2048 1404 -256 ) (-1856 1404 -256 ) 
4 231 262 (-1664 1404 0 ) (-1856 1404 0 ) (-1856 1404 -256 ) (-1664 1404 -256 ) 
4 231 249 (-1088 1404 0 ) (-1664 1404 0 ) (-1664 1404 -256 ) (-1088 1404 -256 ) 
4 231 244 (-1024 1404 -256 ) (-1024 1404 0 ) (-1088 1404 0 ) (-1088 1404 -256 ) 
4 232 336 (-1024 1024 496 ) (-1024 1024 960 ) (-1088 1024 960 ) (-1088 1024 496 ) 
4 232 246 (-1088 1264 496 ) (-1088 1024 496 ) (-1088 1024 512 ) (-1088 1264 512 ) 
4 232 245 (-1088 1404 960 ) (-1088 1404 512 ) (-1088 1024 512 ) (-1088 1024 960 ) 
4 232 233 (-1088 1024 496 ) (-1088 1376 496 ) (-1024 1376 496 ) (-1024 1024 496 ) 
4 233 336 (-1024 1024 480 ) (-1024 1024 496 ) (-1088 1024 496 ) (-1088 1024 480 ) 
4 233 246 (-1088 1264 480 ) (-1088 1024 480 ) (-1088 1024 496 ) (-1088 1264 496 ) 
4 233 234 (-1024 1024 480 ) (-1088 1024 480 ) (-1088 1360 480 ) (-1024 1360 480 ) 
4 234 336 (-1024 1024 464 ) (-1024 1024 480 ) (-1088 1024 480 ) (-1088 1024 464 ) 
4 234 246 (-1088 1264 464 ) (-1088 1024 464 ) (-1088 1024 480 ) (-1088 1264 480 ) 
4 234 235 (-1088 1024 464 ) (-1088 1344 464 ) (-1024 1344 464 ) (-1024 1024 464 ) 
4 235 336 (-1024 1024 448 ) (-1024 1024 464 ) (-1088 1024 464 ) (-1088 1024 448 ) 
4 235 246 (-1088 1264 448 ) (-1088 1024 448 ) (-1088 1024 464 ) (-1088 1264 464 ) 
4 235 236 (-1088 1024 448 ) (-1088 1328 448 ) (-1024 1328 448 ) (-1024 1024 448 ) 
4 236 336 (-1024 1024 432 ) (-1024 1024 448 ) (-1088 1024 448 ) (-1088 1024 432 ) 
4 236 248 (-1088 1264 432 ) (-1088 1024 432 ) (-1088 1024 448 ) (-1088 1264 448 ) 
4 236 237 (-1024 1024 432 ) (-1088 1024 432 ) (-1088 1312 432 ) (-1024 1312 432 ) 
4 237 336 (-1024 1024 416 ) (-1024 1024 432 ) (-1088 1024 432 ) (-1088 1024 416 ) 
4 237 248 (-1088 1264 416 ) (-1088 1024 416 ) (-1088 1024 432 ) (-1088 1264 432 ) 
4 237 238 (-1088 1024 416 ) (-1088 1296 416 ) (-1024 1296 416 ) (-1024 1024 416 ) 
4 238 336 (-1024 1024 400 ) (-1024 1024 416 ) (-1088 1024 416 ) (-1088 1024 400 ) 
4 238 248 (-1088 1264 400 ) (-1088 1024 400 ) (-1088 1024 416 ) (-1088 1264 416 ) 
4 238 239 (-1024 1024 400 ) (-1088 1024 400 ) (-1088 1280 400 ) (-1024 1280 400 ) 
4 239 336 (-1024 1024 384 ) (-1024 1024 400 ) (-1088 1024 400 ) (-1088 1024 384 ) 
4 239 248 (-1088 1264 384 ) (-1088 1024 384 ) (-1088 1024 400 ) (-1088 1264 400 ) 
4 239 240 (-1088 1024 384 ) (-1088 1264 384 ) (-1024 1264 384 ) (-1024 1024 384 ) 
4 240 336 (-1024 1024 368 ) (-1024 1024 384 ) (-1088 1024 384 ) (-1088 1024 368 ) 
4 240 248 (-1088 1264 368 ) (-1088 1024 368 ) (-1088 1024 384 ) (-1088 1264 384 ) 
4 240 241 (-1024 1024 368 ) (-1088 1024 368 ) (-1088 1248 368 ) (-1024 1248 368 ) 
4 241 336 (-1024 1024 352 ) (-1024 1024 368 ) (-1088 1024 368 ) (-1088 1024 352 ) 
4 241 248 (-1088 1248 352 ) (-1088 1024 352 ) (-1088 1024 368 ) (-1088 1248 368 ) 
4 241 242 (-1088 1024 352 ) (-1088 1232 352 ) (-1024 1232 352 ) (-1024 1024 352 ) 
4 242 336 (-1024 1024 336 ) (-1024 1024 352 ) (-1088 1024 352 ) (-1088 1024 336 ) 
4 242 248 (-1088 1232 336 ) (-1088 1024 336 ) (-1088 1024 352 ) (-1088 1232 352 ) 
4 242 243 (-1088 1024 336 ) (-1088 1216 336 ) (-1024 1216 336 ) (-1024 1024 336 ) 
4 243 336 (-1024 1024 320 ) (-1024 1024 336 ) (-1088 1024 336 ) (-1088 1024 320 ) 
4 243 248 (-1088 1216 320 ) (-1088 1024 320 ) (-1088 1024 336 ) (-1088 1216 336 ) 
4 244 348 (-1024 1024 -256 ) (-1024 1024 0 ) (-1088 1024 0 ) (-1088 1024 -256 ) 
4 244 249 (-1088 1404 0 ) (-1088 1404 -256 ) (-1088 1024 -256 ) (-1088 1024 0 ) 
4 245 344 (-1664 1024 576 ) (-1664 1024 512 ) (-1341.832397 1024 512 ) (-1341.832397 1024 576 ) 
4 245 337 (-1341.832397 1024 960 ) (-1664 1024 960 ) (-1664 1024 576 ) (-1341.832397 1024 576 ) 
4 245 336 (-1088 1024 512 ) (-1088 1024 960 ) (-1341.832397 1024 960 ) (-1341.832397 1024 512 ) 
4 245 250 (-1664 1404 960 ) (-1664 1404 512 ) (-1664 1024 512 ) (-1664 1024 960 ) 
4 245 246 (-1664 1024 512 ) (-1664 1264 512 ) (-1088 1264 512 ) (-1088 1024 512 ) 
4 246 344 (-1341.832397 1024 512 ) (-1664 1024 512 ) (-1664 1024 448 ) (-1341.832397 1024 448 ) 
4 246 336 (-1088 1024 448 ) (-1088 1024 512 ) (-1341.832397 1024 512 ) (-1341.832397 1024 448 ) 
4 246 253 (-1664 1264 448 ) (-1664 1024 448 ) (-1664 1024 464 ) (-1664 1264 464 ) 
4 246 252 (-1664 1024 464 ) (-1664 1024 480 ) (-1664 1264 480 ) (-1664 1264 464 ) 
4 246 251 (-1664 1024 480 ) (-1664 1024 496 ) (-1664 1264 496 ) (-1664 1264 480 ) 
4 246 250 (-1664 1024 496 ) (-1664 1024 512 ) (-1664 1264 512 ) (-1664 1264 496 ) 
4 246 248 (-1664 1024 448 ) (-1664 1264 448 ) (-1088 1264 448 ) (-1088 1024 448 ) 
4 247 248 (-1600 1264 320 ) (-1152 1264 320 ) (-1152 1264 448 ) (-1600 1264 448 ) 
4 248 344 (-1341.832397 1024 448 ) (-1664 1024 448 ) (-1664 1024 320 ) (-1341.832397 1024 320 ) 
4 248 336 (-1088 1024 320 ) (-1088 1024 448 ) (-1341.832397 1024 448 ) (-1341.832397 1024 320 ) 
4 248 261 (-1664 1216 320 ) (-1664 1024 320 ) (-1664 1024 336 ) (-1664 1216 336 ) 
4 248 260 (-1664 1024 336 ) (-1664 1024 352 ) (-1664 1232 352 ) (-1664 1232 336 ) 
4 248 259 (-1664 1024 352 ) (-1664 1024 368 ) (-1664 1248 368 ) (-1664 1248 352 ) 
4 248 258 (-1664 1024 368 ) (-1664 1024 384 ) (-1664 1264 384 ) (-1664 1264 368 ) 
4 248 257 (-1664 1024 384 ) (-1664 1024 400 ) (-1664 1264 400 ) (-1664 1264 384 ) 
4 248 256 (-1664 1024 400 ) (-1664 1024 416 ) (-1664 1264 416 ) (-1664 1264 400 ) 
4 248 255 (-1664 1024 416 ) (-1664 1024 432 ) (-1664 1264 432 ) (-1664 1264 416 ) 
4 248 254 (-1664 1024 432 ) (-1664 1024 448 ) (-1664 1264 448 ) (-1664 1264 432 ) 
4 249 348 (-1088 1024 -256 ) (-1088 1024 0 ) (-1664 1024 0 ) (-1664 1024 -256 ) 
4 249 262 (-1664 1404 0 ) (-1664 1404 -256 ) (-1664 1024 -256 ) (-1664 1024 0 ) 
4 250 344 (-1664 1024 496 ) (-1664 1024 576 ) (-1856 1024 576 ) (-1856 1024 496 ) 
4 250 337 (-1664 1024 576 ) (-1664 1024 960 ) (-1856 1024 960 ) (-1856 1024 576 ) 
4 250 264 (-1856 1056 496 ) (-1856 1024 496 ) (-1856 1024 960 ) (-1856 1056 960 ) 
4 250 263 (-1856 1404 960 ) (-1856 1404 704 ) (-1856 1056 704 ) (-1856 1056 960 ) 
4 250 251 (-1856 1024 496 ) (-1856 1376 496 ) (-1664 1376 496 ) (-1664 1024 496 ) 
4 251 344 (-1664 1024 480 ) (-1664 1024 496 ) (-1856 1024 496 ) (-1856 1024 480 ) 
4 251 264 (-1856 1056 480 ) (-1856 1024 480 ) (-1856 1024 496 ) (-1856 1056 496 ) 
4 251 252 (-1856 1024 480 ) (-1856 1360 480 ) (-1664 1360 480 ) (-1664 1024 480 ) 
4 252 344 (-1664 1024 464 ) (-1664 1024 480 ) (-1856 1024 480 ) (-1856 1024 464 ) 
4 252 264 (-1856 1056 464 ) (-1856 1024 464 ) (-1856 1024 480 ) (-1856 1056 480 ) 
4 252 253 (-1856 1024 464 ) (-1856 1344 464 ) (-1664 1344 464 ) (-1664 1024 464 ) 
4 253 344 (-1664 1024 448 ) (-1664 1024 464 ) (-1856 1024 464 ) (-1856 1024 448 ) 
4 253 264 (-1856 1056 448 ) (-1856 1024 448 ) (-1856 1024 464 ) (-1856 1056 464 ) 
4 253 254 (-1856 1024 448 ) (-1856 1328 448 ) (-1664 1328 448 ) (-1664 1024 448 ) 
4 254 344 (-1664 1024 432 ) (-1664 1024 448 ) (-1856 1024 448 ) (-1856 1024 432 ) 
4 254 264 (-1856 1056 432 ) (-1856 1024 432 ) (-1856 1024 448 ) (-1856 1056 448 ) 
4 254 255 (-1856 1024 432 ) (-1856 1312 432 ) (-1664 1312 432 ) (-1664 1024 432 ) 
4 255 344 (-1664 1024 416 ) (-1664 1024 432 ) (-1856 1024 432 ) (-1856 1024 416 ) 
4 255 264 (-1856 1056 416 ) (-1856 1024 416 ) (-1856 1024 432 ) (-1856 1056 432 ) 
4 255 256 (-1856 1024 416 ) (-1856 1296 416 ) (-1664 1296 416 ) (-1664 1024 416 ) 
4 256 344 (-1664 1024 400 ) (-1664 1024 416 ) (-1856 1024 416 ) (-1856 1024 400 ) 
4 256 264 (-1856 1056 400 ) (-1856 1024 400 ) (-1856 1024 416 ) (-1856 1056 416 ) 
4 256 257 (-1856 1024 400 ) (-1856 1280 400 ) (-1664 1280 400 ) (-1664 1024 400 ) 
4 257 344 (-1664 1024 384 ) (-1664 1024 400 ) (-1856 1024 400 ) (-1856 1024 384 ) 
4 257 264 (-1856 1056 384 ) (-1856 1024 384 ) (-1856 1024 400 ) (-1856 1056 400 ) 
4 257 258 (-1856 1024 384 ) (-1856 1264 384 ) (-1664 1264 384 ) (-1664 1024 384 ) 
4 258 344 (-1664 1024 368 ) (-1664 1024 384 ) (-1856 1024 384 ) (-1856 1024 368 ) 
4 258 264 (-1856 1056 368 ) (-1856 1024 368 ) (-1856 1024 384 ) (-1856 1056 384 ) 
4 258 259 (-1856 1024 368 ) (-1856 1248 368 ) (-1664 1248 368 ) (-1664 1024 368 ) 
4 259 344 (-1664 1024 352 ) (-1664 1024 368 ) (-1856 1024 368 ) (-1856 1024 352 ) 
4 259 264 (-1856 1056 352 ) (-1856 1024 352 ) (-1856 1024 368 ) (-1856 1056 368 ) 
4 259 260 (-1856 1024 352 ) (-1856 1232 352 ) (-1664 1232 352 ) (-1664 1024 352 ) 
4 260 344 (-1664 1024 336 ) (-1664 1024 352 ) (-1856 1024 352 ) (-1856 1024 336 ) 
4 260 264 (-1856 1056 336 ) (-1856 1024 336 ) (-1856 1024 352 ) (-1856 1056 352 ) 
4 260 261 (-1856 1024 336 ) (-1856 1216 336 ) (-1664 1216 336 ) (-1664 1024 336 ) 
4 261 344 (-1664 1024 320 ) (-1664 1024 336 ) (-1856 1024 336 ) (-1856 1024 320 ) 
4 261 264 (-1856 1056 320 ) (-1856 1024 320 ) (-1856 1024 336 ) (-1856 1056 336 ) 
4 262 348 (-1664 1024 -256 ) (-1664 1024 0 ) (-1856 1024 0 ) (-1856 1024 -256 ) 
4 262 265 (-1856 1404 0 ) (-1856 1404 -256 ) (-1856 1024 -256 ) (-1856 1024 0 ) 
4 263 274 (-2048 1404 960 ) (-2048 1404 704 ) (-2048 1056 704 ) (-2048 1056 960 ) 
4 263 264 (-1856 1056 704 ) (-1856 1056 960 ) (-2048 1056 960 ) (-2048 1056 704 ) 
4 264 346 (-2016 1024 576 ) (-2048 1024 576 ) (-2048 1024 377.029053 ) (-2016 1024 366.969330 ) 
5 264 344 (-1856 1024 320 ) (-1856 1024 576 ) (-2016 1024 576 ) (-2016 1024 366.969330 ) (-1866.590454 1024 320 ) 
4 264 337 (-1856 1024 576 ) (-1856 1024 960 ) (-2048 1024 960 ) (-2048 1024 576 ) 
4 264 278 (-2048 1024 377.029083 ) (-2048 1024 704 ) (-2048 1056 704 ) (-2048 1056 378.553345 ) 
4 264 274 (-2048 1024 704 ) (-2048 1024 960 ) (-2048 1056 960 ) (-2048 1056 704 ) 
4 265 348 (-1856 1024 -256 ) (-1856 1024 0 ) (-2048 1024 0 ) (-2048 1024 -256 ) 
4 265 287 (-2048 1024 -256 ) (-2048 1024 0 ) (-2048 1404 0 ) (-2048 1404 -256 ) 
4 266 268 (-2048 4096 -256 ) (-2048 4096 960 ) (-3072 4096 960 ) (-3072 4096 -256 ) 
4 266 267 (-3072 5120 960 ) (-3072 5120 -256 ) (-3072 4096 -256 ) (-3072 4096 960 ) 
4 267 270 (-4096 5120 960 ) (-4096 5120 -256 ) (-4096 4096 -256 ) (-4096 4096 960 ) 
4 267 269 (-3072 4096 -256 ) (-3072 4096 960 ) (-4096 4096 960 ) (-4096 4096 -256 ) 
4 268 272 (-2048 3072 -256 ) (-2048 3072 960 ) (-3072 3072 960 ) (-3072 3072 -256 ) 
4 268 269 (-3072 4096 960 ) (-3072 4096 -256 ) (-3072 3072 -256 ) (-3072 3072 960 ) 
4 269 273 (-3072 3072 -256 ) (-3072 3072 960 ) (-4096 3072 960 ) (-4096 3072 -256 ) 
4 269 271 (-4096 3072 -256 ) (-4096 3072 960 ) (-4096 4096 960 ) (-4096 4096 -256 ) 
4 270 271 (-4096 4096 -256 ) (-4096 4096 960 ) (-4992 4096 960 ) (-4992 4096 -256 ) 
4 271 289 (-4096 3072 -256 ) (-4096 3072 960 ) (-4992 3072 960 ) (-4992 3072 -256 ) 
4 272 287 (-2048 2048 -256 ) (-2048 2048 0 ) (-3072 2048 0 ) (-3072 2048 -256 ) 
4 272 283 (-2048 2048 0 ) (-2048 2048 320 ) (-3060.629883 2048 320 ) (-3060.629883 2048 0 ) 
4 272 286 (-3060.629883 2048 320 ) (-3072 2048 320 ) (-3072 2048 0 ) (-3060.629883 2048 0 ) 
4 272 275 (-2048 2048 320 ) (-2048 2048 704 ) (-3072 2048 704 ) (-3072 2048 320 ) 
4 272 274 (-2048 2048 704 ) (-2048 2048 960 ) (-3072 2048 960 ) (-3072 2048 704 ) 
4 272 273 (-3072 3072 960 ) (-3072 3072 -256 ) (-3072 2048 -256 ) (-3072 2048 960 ) 
4 273 289 (-4096 3072 960 ) (-4096 3072 -256 ) (-4096 2048 -256 ) (-4096 2048 960 ) 
4 273 288 (-3072 2048 -256 ) (-3072 2048 960 ) (-4096 2048 960 ) (-4096 2048 -256 ) 
4 274 381 (-2680 1024 960 ) (-3072 1024 960 ) (-3072 1024 704 ) (-2680 1024 704 ) 
4 274 378 (-2240 1024 960 ) (-2680 1024 960 ) (-2680 1024 704 ) (-2240 1024 704 ) 
4 274 375 (-2048 1024 704 ) (-2048 1024 960 ) (-2240 1024 960 ) (-2240 1024 704 ) 
4 274 288 (-3072 2048 960 ) (-3072 2048 704 ) (-3072 1024 704 ) (-3072 1024 960 ) 
4 274 281 (-2240 1024 704 ) (-2680 1024 704 ) (-2680 1400 704 ) (-2240 1400 704 ) 
4 274 280 (-3060.629883 1600 704 ) (-3060.629883 1640 704 ) (-2688 1640 704 ) (-2688 1600 704 ) 
4 274 279 (-3060.629883 1640 704 ) (-3060.629883 1824 704 ) (-2240 1824 704 ) (-2240 1640 704 ) 
4 274 278 (-2048 1056 704 ) (-2048 1024 704 ) (-2240 1024 704 ) (-2240 1056 704 ) 
4 274 276 (-2240 1640 704 ) (-2240 1824 704 ) (-2232.629883 1824 704 ) (-2232.629883 1640 704 ) 
4 274 277 (-2232.629883 1056 704 ) (-2240 1056 704 ) (-2240 1400 704 ) (-2232.629883 1400 704 ) 
4 274 282 (-3060.629883 1024 704 ) (-3072 1024 704 ) (-3072 1824 704 ) (-3060.629883 1824 704 ) 
4 274 275 (-3072 2048 704 ) (-2048 2048 704 ) (-2048 1824 704 ) (-3072 1824 704 ) 
4 275 288 (-3072 2048 704 ) (-3072 2048 320 ) (-3072 1824 320 ) (-3072 1824 704 ) 
4 275 283 (-3060.629883 2048 320 ) (-2048 2048 320 ) (-2048 1824 320 ) (-3060.629883 1824 320 ) 
4 275 286 (-3072 1824 320 ) (-3072 2048 320 ) (-3060.629883 2048 320 ) (-3060.629883 1824 320 ) 
4 275 279 (-3060.629883 1824 320 ) (-2240 1824 320 ) (-2240 1824 704 ) (-3060.629883 1824 704 ) 
4 275 276 (-2240 1824 320 ) (-2232.629883 1824 320 ) (-2232.629883 1824 704 ) (-2240 1824 704 ) 
4 275 282 (-3072 1824 320 ) (-3060.629883 1824 320 ) (-3060.629883 1824 704 ) (-3072 1824 704 ) 
4 276 279 (-2240 1824 704 ) (-2240 1824 320 ) (-2240 1640 320 ) (-2240 1640 704 ) 
4 277 281 (-2240 1056 448 ) (-2240 1056 704 ) (-2240 1400 704 ) (-2240 1400 448 ) 
4 277 278 (-2240 1056 704 ) (-2240 1056 438.911682 ) (-2232.629883 1056 436.594818 ) (-2232.629883 1056 704 ) 
4 278 375 (-2048 1024 377.029083 ) (-2048 1024 704 ) (-2240 1024 704 ) (-2240 1024 437.387451 ) 
4 278 281 (-2240 1024 448 ) (-2240 1024 704 ) (-2240 1056 704 ) (-2240 1056 448 ) 
4 279 284 (-3060.629883 1640 320 ) (-3060.629883 1824 320 ) (-2760 1824 320 ) (-2760 1640 320 ) 
4 279 280 (-3060.629883 1640 704 ) (-3060.629883 1640 320 ) (-2688 1640 320 ) (-2688 1640 704 ) 
4 279 282 (-3060.629883 1824 704 ) (-3060.629883 1824 320 ) (-3060.629883 1640 320 ) (-3060.629883 1640 704 ) 
4 280 284 (-3060.629883 1600 320 ) (-3060.629883 1640 320 ) (-2760 1640 320 ) (-2760 1600 320 ) 
4 280 282 (-3060.629883 1640 320 ) (-3060.629883 1600 320 ) (-3060.629883 1600 704 ) (-3060.629883 1640 704 ) 
4 281 378 (-2240 1024 704 ) (-2680 1024 704 ) (-2680 1024 448 ) (-2240 1024 448 ) 
4 282 382 (-3060.629883 1024 704 ) (-3072 1024 704 ) (-3072 1024 320 ) (-3060.629883 1024 320 ) 
4 282 288 (-3072 1824 320 ) (-3072 1024 320 ) (-3072 1024 704 ) (-3072 1824 704 ) 
4 282 286 (-3060.629883 1024 320 ) (-3072 1024 320 ) (-3072 1824 320 ) (-3060.629883 1824 320 ) 
4 283 287 (-3060.629883 2048 0 ) (-2048 2048 0 ) (-2048 1824 0 ) (-3060.629883 1824 0 ) 
4 283 284 (-3060.629883 1824 320 ) (-3060.629883 1824 0 ) (-2760 1824 0 ) (-2760 1824 320 ) 
4 283 286 (-3060.629883 2048 0 ) (-3060.629883 1824 0 ) (-3060.629883 1824 320 ) (-3060.629883 2048 320 ) 
4 284 287 (-3060.629883 1600 0 ) (-3060.629883 1824 0 ) (-2760 1824 0 ) (-2760 1600 0 ) 
4 284 285 (-3060.629883 1600 113.142998 ) (-3060.629883 1600 0 ) (-2760 1600 0 ) (-2760 1600 113.142998 ) 
4 284 286 (-3060.629883 1824 0 ) (-3060.629883 1600 0 ) (-3060.629883 1600 320 ) (-3060.629883 1824 320 ) 
4 285 383 (-3060.629883 1024 113.142998 ) (-3060.629883 1024 0 ) (-2760 1024 0 ) (-2760 1024 113.142998 ) 
4 285 287 (-2760 1024 0 ) (-3060.629883 1024 0 ) (-3060.629883 1600 0 ) (-2760 1600 0 ) 
4 285 286 (-3060.629883 1600 0 ) (-3060.629883 1024 0 ) (-3060.629883 1024 113.142998 ) (-3060.629883 1600 113.142998 ) 
4 286 384 (-3060.629883 1024 320 ) (-3072 1024 320 ) (-3072 1024 0 ) (-3060.629883 1024 0 ) 
4 286 288 (-3072 2048 320 ) (-3072 2048 0 ) (-3072 1024 0 ) (-3072 1024 320 ) 
4 286 287 (-3072 2048 0 ) (-3060.629883 2048 0 ) (-3060.629883 1024 0 ) (-3072 1024 0 ) 
4 287 385 (-2048 1024 -256 ) (-2048 1024 0 ) (-3072 1024 0 ) (-3072 1024 -256 ) 
4 287 288 (-3072 2048 0 ) (-3072 2048 -256 ) (-3072 1024 -256 ) (-3072 1024 0 ) 
4 288 386 (-3072 1024 -256 ) (-3072 1024 960 ) (-4096 1024 960 ) (-4096 1024 -256 ) 
4 288 290 (-4096 1024 -256 ) (-4096 1024 960 ) (-4096 2048 960 ) (-4096 2048 -256 ) 
4 289 290 (-4096 2048 -256 ) (-4096 2048 960 ) (-4992 2048 960 ) (-4992 2048 -256 ) 
4 290 398 (-4096 1024 -256 ) (-4096 1024 960 ) (-4992 1024 960 ) (-4992 1024 -256 ) 
4 291 293 (5888 0 960 ) (5120 0 960 ) (5120 0 -256 ) (5888 0 -256 ) 
4 291 292 (5120 0 -256 ) (5120 0 960 ) (5120 1024 960 ) (5120 1024 -256 ) 
4 292 297 (4096 1024 960 ) (4096 1024 -256 ) (4096 0 -256 ) (4096 0 960 ) 
4 292 294 (5120 0 -256 ) (5120 0 960 ) (4096 0 960 ) (4096 0 -256 ) 
4 293 295 (5888 -1024 960 ) (5120 -1024 960 ) (5120 -1024 -256 ) (5888 -1024 -256 ) 
4 293 294 (5120 0 960 ) (5120 0 -256 ) (5120 -1024 -256 ) (5120 -1024 960 ) 
4 294 300 (4096 -1024 -256 ) (4096 -1024 960 ) (4096 0 960 ) (4096 0 -256 ) 
4 294 296 (5120 -1024 -256 ) (5120 -1024 960 ) (4096 -1024 960 ) (4096 -1024 -256 ) 
4 295 306 (5888 -2048 960 ) (5120 -2048 960 ) (5120 -2048 -256 ) (5888 -2048 -256 ) 
4 295 296 (5120 -1024 960 ) (5120 -1024 -256 ) (5120 -2048 -256 ) (5120 -2048 960 ) 
4 296 307 (5120 -2048 -256 ) (5120 -2048 960 ) (4096 -2048 960 ) (4096 -2048 -256 ) 
4 296 301 (4096 -2048 -256 ) (4096 -2048 960 ) (4096 -1024 960 ) (4096 -1024 -256 ) 
4 297 300 (4096 0 -256 ) (4096 0 960 ) (3072 0 960 ) (3072 0 -256 ) 
4 297 298 (3072 1024 960 ) (3072 1024 -256 ) (3072 0 -256 ) (3072 0 960 ) 
4 298 302 (3072 0 -256 ) (3072 0 960 ) (2048 0 960 ) (2048 0 -256 ) 
4 298 299 (2048 0 -256 ) (2048 0 960 ) (2048 1024 960 ) (2048 1024 -256 ) 
4 299 324 (1024 1024 0 ) (1024 1024 -256 ) (1024 0 -256 ) (1024 0 0 ) 
4 299 322 (1024 1024 704 ) (1024 1024 0 ) (1024 0 0 ) (1024 0 704 ) 
4 299 321 (1024 1024 960 ) (1024 1024 704 ) (1024 0 704 ) (1024 0 960 ) 
4 299 303 (2048 0 -256 ) (2048 0 960 ) (1024 0 960 ) (1024 0 -256 ) 
4 300 302 (3072 0 960 ) (3072 0 -256 ) (3072 -1024 -256 ) (3072 -1024 960 ) 
4 300 301 (4096 -1024 -256 ) (4096 -1024 960 ) (3072 -1024 960 ) (3072 -1024 -256 ) 
4 301 312 (4096 -2048 -256 ) (4096 -2048 960 ) (3072 -2048 960 ) (3072 -2048 -256 ) 
4 301 304 (3072 -2048 -256 ) (3072 -2048 960 ) (3072 -1024 960 ) (3072 -1024 -256 ) 
4 302 304 (3072 -1024 -256 ) (3072 -1024 960 ) (2048 -1024 960 ) (2048 -1024 -256 ) 
4 302 303 (2048 0 960 ) (2048 0 -256 ) (2048 -1024 -256 ) (2048 -1024 960 ) 
4 303 354 (1024 -1024 -256 ) (1024 -1024 0 ) (1024 0 0 ) (1024 0 -256 ) 
4 303 350 (1024 -640 704 ) (1024 0 704 ) (1024 0 0 ) (1024 -640 0 ) 
4 303 353 (1024 -1024 0 ) (1024 -1024 704 ) (1024 -640 704 ) (1024 -640 0 ) 
4 303 349 (1024 -1024 704 ) (1024 -1024 960 ) (1024 0 960 ) (1024 0 704 ) 
4 303 305 (2048 -1024 -256 ) (2048 -1024 960 ) (1024 -1024 960 ) (1024 -1024 -256 ) 
4 304 314 (3072 -2048 -256 ) (3072 -2048 960 ) (2048 -2048 960 ) (2048 -2048 -256 ) 
4 304 305 (2048 -1024 960 ) (2048 -1024 -256 ) (2048 -2048 -256 ) (2048 -2048 960 ) 
4 305 355 (1024 -2048 -256 ) (1024 -2048 960 ) (1024 -1024 960 ) (1024 -1024 -256 ) 
4 305 315 (2048 -2048 -256 ) (2048 -2048 960 ) (1024 -2048 960 ) (1024 -2048 -256 ) 
4 306 308 (5888 -3072 960 ) (5120 -3072 960 ) (5120 -3072 -256 ) (5888 -3072 -256 ) 
4 306 307 (5120 -2048 960 ) (5120 -2048 -256 ) (5120 -3072 -256 ) (5120 -3072 960 ) 
4 307 312 (4096 -2048 960 ) (4096 -2048 -256 ) (4096 -3072 -256 ) (4096 -3072 960 ) 
4 307 309 (5120 -3072 -256 ) (5120 -3072 960 ) (4096 -3072 960 ) (4096 -3072 -256 ) 
4 308 310 (5888 -4096 960 ) (5120 -4096 960 ) (5120 -4096 -256 ) (5888 -4096 -256 ) 
4 308 309 (5120 -3072 960 ) (5120 -3072 -256 ) (5120 -4096 -256 ) (5120 -4096 960 ) 
4 309 313 (4096 -4096 -256 ) (4096 -4096 960 ) (4096 -3072 960 ) (4096 -3072 -256 ) 
4 309 311 (5120 -4096 -256 ) (5120 -4096 960 ) (4096 -4096 960 ) (4096 -4096 -256 ) 
4 310 311 (5120 -4096 960 ) (5120 -4096 -256 ) (5120 -4928 -256 ) (5120 -4928 960 ) 
4 311 318 (4096 -4928 960 ) (4096 -4096 960 ) (4096 -4096 -256 ) (4096 -4928 -256 ) 
4 312 314 (3072 -2048 960 ) (3072 -2048 -256 ) (3072 -3072 -256 ) (3072 -3072 960 ) 
4 312 313 (4096 -3072 -256 ) (4096 -3072 960 ) (3072 -3072 960 ) (3072 -3072 -256 ) 
4 313 318 (4096 -4096 -256 ) (4096 -4096 960 ) (3072 -4096 960 ) (3072 -4096 -256 ) 
4 313 316 (3072 -4096 -256 ) (3072 -4096 960 ) (3072 -3072 960 ) (3072 -3072 -256 ) 
4 314 316 (3072 -3072 -256 ) (3072 -3072 960 ) (2048 -3072 960 ) (2048 -3072 -256 ) 
4 314 315 (2048 -2048 960 ) (2048 -2048 -256 ) (2048 -3072 -256 ) (2048 -3072 960 ) 
4 315 401 (1024 -3072 -256 ) (1024 -3072 960 ) (1024 -2048 960 ) (1024 -2048 -256 ) 
4 315 317 (2048 -3072 -256 ) (2048 -3072 960 ) (1024 -3072 960 ) (1024 -3072 -256 ) 
4 316 319 (3072 -4096 -256 ) (3072 -4096 960 ) (2048 -4096 960 ) (2048 -4096 -256 ) 
4 316 317 (2048 -3072 960 ) (2048 -3072 -256 ) (2048 -4096 -256 ) (2048 -4096 960 ) 
4 317 402 (1024 -4096 -256 ) (1024 -4096 960 ) (1024 -3072 960 ) (1024 -3072 -256 ) 
4 317 320 (2048 -4096 -256 ) (2048 -4096 960 ) (1024 -4096 960 ) (1024 -4096 -256 ) 
4 318 319 (3072 -4096 960 ) (3072 -4096 -256 ) (3072 -4928 -256 ) (3072 -4928 960 ) 
4 319 320 (2048 -4096 960 ) (2048 -4096 -256 ) (2048 -4928 -256 ) (2048 -4928 960 ) 
4 320 407 (1024 -4928 960 ) (1024 -4096 960 ) (1024 -4096 -256 ) (1024 -4928 -256 ) 
4 321 349 (1024 0 704 ) (1024 0 960 ) (384 0 960 ) (384 0 704 ) 
4 321 323 (384 1024 960 ) (384 1024 704 ) (384 0 704 ) (384 0 960 ) 
4 321 322 (1024 0 704 ) (768 0 704 ) (768 1024 704 ) (1024 1024 704 ) 
4 322 350 (1024 0 0 ) (1024 0 704 ) (768 0 704 ) (768 0 0 ) 
4 322 324 (1024 0 0 ) (768 0 0 ) (768 1024 0 ) (1024 1024 0 ) 
4 323 352 (0 0 704 ) (0 0 128 ) (384 0 128 ) (384 0 704 ) 
4 323 349 (0 0 960 ) (0 0 704 ) (384 0 704 ) (384 0 960 ) 
4 323 332 (0 32 128 ) (0 0 128 ) (0 0 320 ) (0 32 320 ) 
4 323 330 (0 1024 320 ) (0 1024 128 ) (0 32 128 ) (0 32 320 ) 
4 323 325 (0 1024 960 ) (0 1024 320 ) (0 0 320 ) (0 0 960 ) 
4 324 354 (1024 0 -256 ) (1024 0 0 ) (0 0 0 ) (0 0 -256 ) 
4 324 334 (0 1024 0 ) (0 1024 -256 ) (0 0 -256 ) (0 0 0 ) 
5 325 356 (0 0 320 ) (0 0 960 ) (-678.707947 0 960 ) (-678.707886 0 482.030518 ) (-605.725037 0 320 ) 
4 325 333 (-128 0 320 ) (-512 0 320 ) (-512 32 320 ) (-128 32 320 ) 
4 325 332 (0 0 320 ) (-128 0 320 ) (-128 32 320 ) (0 32 320 ) 
4 325 331 (-512 32 320 ) (-512 352 320 ) (-96 352 320 ) (-96 32 320 ) 
4 325 330 (-96 1024 320 ) (0 1024 320 ) (0 32 320 ) (-96 32 320 ) 
5 325 329 (-694.084839 75.578720 456.324951 ) (-678.707886 0 482.030487 ) (-678.707886 0 960 ) (-702.245911 115.691017 960 ) (-702.245972 115.691040 464 ) 
5 325 327 (-887.046997 1024 320 ) (-775.633911 476.397461 320 ) (-702.245972 115.691040 442.682098 ) (-702.245911 115.691017 960 ) (-887.046997 1024 960 ) 
4 325 326 (-678.706909 0 482.032806 ) (-775.634277 476.404053 320 ) (-636.235962 85.553345 320 ) (-613.191589 0 336.580933 ) 
3 326 358 (-678.707886 0 482.030518 ) (-678.707886 0 343.185974 ) (-613.193604 0 336.581146 ) 
3 326 329 (-678.707886 0 441.863525 ) (-678.707886 0 482.030487 ) (-694.084839 75.578705 456.324951 ) 
3 326 327 (-775.633911 476.397461 320 ) (-702.245972 115.691010 320 ) (-702.245972 115.691010 442.682098 ) 
4 327 336 (-1024 352.115082 960 ) (-1024 1024 960 ) (-1024 1024 320 ) (-1024 352.115051 320 ) 
4 327 335 (-1024 50.229362 960 ) (-1024 352.115082 960 ) (-1024 352.115051 320 ) (-1024 50.229370 320 ) 
4 327 329 (-702.249939 115.690437 464 ) (-702.250000 115.690430 960 ) (-1015.820068 51.893841 960 ) (-1015.820007 51.893764 480 ) 
4 327 328 (-1024 50.229492 320 ) (-1015.820007 51.893738 320 ) (-1015.820068 51.893841 960 ) (-1024 50.229607 960 ) 
4 328 359 (-1024 0 960 ) (-1024 0 320 ) (-1005.262329 0 320 ) (-1005.262329 0 960 ) 
4 328 335 (-1024 0 320 ) (-1024 0 960 ) (-1024 50.229362 960 ) (-1024 50.229370 320 ) 
4 328 329 (-1015.820801 51.896469 480 ) (-1015.820801 51.896454 960 ) (-1005.262573 0 960 ) (-1005.262695 0 470.070679 ) 
4 329 361 (-678.707886 0 441.863525 ) (-678.707947 0 960 ) (-1005.262329 0 960 ) (-1005.262329 0 470.070679 ) 
4 330 332 (-96 32 128 ) (0 32 128 ) (0 32 320 ) (-96 32 320 ) 
4 330 331 (-96 352 128 ) (-96 32 128 ) (-96 32 320 ) (-96 352 320 ) 
4 331 333 (-512 32 320 ) (-462.769043 32 287.179352 ) (-128 32 261.817993 ) (-128 32 320 ) 
4 331 332 (-128 32 128 ) (-96 32 128 ) (-96 32 320 ) (-128 32 320 ) 
4 332 362 (0 0 128 ) (0 0 320 ) (-128 0 320 ) (-128 0 128 ) 
4 332 333 (-128 32 320 ) (-128 32 261.817993 ) (-128 0 264.055756 ) (-128 0 320 ) 
4 333 363 (-128 0 320 ) (-512 0 320 ) (-512 0 293.146759 ) (-128 0 264.055756 ) 
4 334 367 (0 0 -256 ) (0 0 0 ) (-1024 0 0 ) (-1024 0 -256 ) 
4 334 348 (-1024 0 -256 ) (-1024 0 0 ) (-1024 1024 0 ) (-1024 1024 -256 ) 
4 335 377 (-2048 468.786133 320 ) (-2048 0 320 ) (-2048 0 960 ) (-2048 468.786102 960 ) 
4 335 368 (-1024 0 320 ) (-1024 0 960 ) (-2048 0 960 ) (-2048 0 320 ) 
4 335 347 (-2016 465.139862 320 ) (-2048 468.785828 320 ) (-2048 468.785767 576 ) (-2016 465.139801 576 ) 
4 335 340 (-1731.270020 432.698639 464 ) (-1731.270020 432.698639 576 ) (-1413.329956 396.473633 576 ) (-1413.329956 396.473633 480 ) 
4 335 338 (-1731.270020 432.698669 320 ) (-2016 465.139862 320 ) (-2016 465.139801 576 ) (-1731.270020 432.698639 576 ) 
4 335 337 (-2048 468.785767 576 ) (-2048 468.785645 960 ) (-1413.329956 396.473602 960 ) (-1413.329956 396.473633 576 ) 
4 335 336 (-1024 352.114746 320 ) (-1413.329956 396.473663 320 ) (-1413.329956 396.473602 960 ) (-1024 352.114746 960 ) 
4 336 344 (-1341.832031 1024 320 ) (-1376.051147 723.664551 320 ) (-1381.033325 679.936462 576 ) (-1341.832153 1024 576 ) 
4 336 343 (-1376.051147 723.664551 320 ) (-1384.349854 650.828003 320 ) (-1384.349854 650.827942 415.995789 ) (-1378.129395 705.423584 426.789246 ) 
4 336 340 (-1413.330078 396.472656 480 ) (-1413.330078 396.472656 576 ) (-1384.349854 650.828003 576 ) (-1384.349854 650.827942 432 ) 
4 336 339 (-1384.349854 650.828003 576 ) (-1381.033325 679.936462 576 ) (-1378.129395 705.423584 426.789246 ) (-1384.349854 650.827942 415.995789 ) 
4 336 337 (-1413.330078 396.472656 576 ) (-1413.330078 396.472656 960 ) (-1341.832397 1024 960 ) (-1341.832153 1024 576 ) 
4 337 376 (-2048 800 576 ) (-2048 608 576 ) (-2048 608 960 ) (-2048 800 960 ) 
4 337 377 (-2048 608 576 ) (-2048 468.786133 576 ) (-2048 468.786102 960 ) (-2048 608 960 ) 
4 337 375 (-2048 1024 960 ) (-2048 1024 576 ) (-2048 800 576 ) (-2048 800 960 ) 
4 337 347 (-2016 465.138641 576 ) (-2048 468.784607 576 ) (-2048 608 576 ) (-2016 608 576 ) 
4 337 346 (-2048 800 576 ) (-2048 1024 576 ) (-2016 1024 576 ) (-2016 800 576 ) 
4 337 344 (-1341.833496 1024 576 ) (-1381.034790 679.936646 576 ) (-2016 764.060852 576 ) (-2016 1024 576 ) 
4 337 340 (-1384.351318 650.828125 576 ) (-1413.331543 396.472656 576 ) (-1731.270264 432.697510 576 ) (-1702.290039 687.052979 576 ) 
4 337 339 (-1381.034790 679.936646 576 ) (-1384.351318 650.828125 576 ) (-1702.290039 687.052979 576 ) (-1698.311523 721.971497 576 ) 
4 337 338 (-1731.270264 432.697510 576 ) (-2016 465.138641 576 ) (-2016 764.060852 576 ) (-1698.311523 721.971497 576 ) 
4 338 347 (-2016 608 320 ) (-2016 465.140137 320 ) (-2016 465.140137 576 ) (-2016 608 576 ) 
3 338 345 (-2016 800 368.728516 ) (-2016 805 339.895935 ) (-2016 800 339.001099 ) 
5 338 344 (-2016 802.138550 356.401581 ) (-2016 764.062500 576 ) (-1698.311523 721.973083 576 ) (-1694.568604 754.823120 383.682831 ) (-1979.666260 799.328552 344.845642 ) 
3 338 342 (-1784.730957 481.740479 320 ) (-1992.633789 672.420959 320 ) (-1773.830811 695.204773 359.998199 ) 
5 338 341 (-2016 693.851563 320 ) (-2016 804.998047 339.894531 ) (-1694.568970 754.820618 383.681183 ) (-1700.491211 702.841553 373.405029 ) (-1992.633789 672.420959 320 ) 
4 338 340 (-1702.290039 687.052917 416 ) (-1702.290039 687.052979 576 ) (-1731.270020 432.699005 576 ) (-1731.270020 432.699005 464 ) 
4 338 339 (-1702.290039 687.052917 370.282990 ) (-1694.569336 754.816406 383.679688 ) (-1698.312256 721.965576 576 ) (-1702.290039 687.052979 576 ) 
4 339 344 (-1698.311523 721.973083 576 ) (-1381.033325 679.938049 576 ) (-1378.129395 705.425171 426.789490 ) (-1694.568604 754.823120 383.682831 ) 
5 339 343 (-1497.199951 724.010071 410.567596 ) (-1378.129761 705.422424 426.787842 ) (-1384.349976 650.827942 415.994629 ) (-1702.290161 687.052917 370.283630 ) (-1700.491211 702.841553 373.405029 ) 
3 339 341 (-1694.568970 754.820618 383.681183 ) (-1497.199951 724.010071 410.567596 ) (-1700.491211 702.841553 373.405029 ) 
4 339 340 (-1702.289063 687.052490 576 ) (-1702.289063 687.052490 416 ) (-1384.349854 650.827637 432 ) (-1384.349854 650.827637 576 ) 
4 341 345 (-2016 808.449097 320 ) (-2016 800 320 ) (-2016 800 339.001099 ) (-2016 805 339.895935 ) 
4 341 344 (-1979.666260 799.328552 344.845642 ) (-1497.185913 724.010559 410.571106 ) (-1681.023682 764.070679 320 ) (-1901.547852 793.286926 320 ) 
4 341 343 (-1497.195313 724.010742 410.572266 ) (-1700.489502 702.841919 373.409119 ) (-1693.949219 760.272888 320 ) (-1681.034912 764.071228 320 ) 
3 341 342 (-1773.829102 695.205139 360.002319 ) (-1992.654663 672.419067 320 ) (-1791.835815 731.482971 320 ) 
4 343 344 (-1497.185913 724.010559 410.571106 ) (-1378.129395 705.425171 426.789490 ) (-1376.051147 723.666199 320 ) (-1681.023682 764.070679 320 ) 
5 344 346 (-2016 802.137390 356.401489 ) (-2016 800 368.728455 ) (-2016 800 576 ) (-2016 1024 576 ) (-2016 1024 366.969360 ) 
3 345 374 (-2048 812.688599 320 ) (-2048 800 320 ) (-2048 800 393.179138 ) 
4 345 346 (-2048 800 393.181152 ) (-2016 800 368.730469 ) (-2016 802.137756 356.401550 ) (-2048 804.612549 366.579163 ) 
5 346 375 (-2048 1024 576 ) (-2048 1024 377.029083 ) (-2048 804.612183 366.579132 ) (-2048 800 393.179138 ) (-2048 800 576 ) 
4 347 377 (-2048 608 320 ) (-2048 468.786133 320 ) (-2048 468.786133 576 ) (-2048 608 576 ) 
4 348 385 (-2048 1024 0 ) (-2048 1024 -256 ) (-2048 0 -256 ) (-2048 0 0 ) 
4 348 371 (-1024 0 -256 ) (-1024 0 0 ) (-2048 0 0 ) (-2048 0 -256 ) 
4 349 365 (0 -354.564026 704 ) (0 -1024 704 ) (0 -1024 960 ) (0 -354.564026 960 ) 
4 349 356 (0 0 960 ) (0 0 704 ) (0 -354.564026 704 ) (0 -354.564026 960 ) 
4 349 355 (1024 -1024 704 ) (1024 -1024 960 ) (0 -1024 960 ) (0 -1024 704 ) 
4 349 352 (0 -354.564026 704 ) (0 0 704 ) (384 0 704 ) (384 -354.564026 704 ) 
4 349 351 (768 -448 704 ) (768 -640 704 ) (512 -640 704 ) (512 -448 704 ) 
4 349 350 (768 0 704 ) (1024 0 704 ) (1024 -640 704 ) (768 -640 704 ) 
4 349 353 (1024 -1024 704 ) (0 -1024 704 ) (0 -640 704 ) (1024 -640 704 ) 
4 350 354 (768 0 0 ) (1024 0 0 ) (1024 -640 0 ) (768 -640 0 ) 
4 350 351 (768 -448 0 ) (768 -640 0 ) (768 -640 704 ) (768 -448 704 ) 
4 350 353 (768 -640 0 ) (1024 -640 0 ) (1024 -640 704 ) (768 -640 704 ) 
4 351 354 (768 -448 0 ) (768 -640 0 ) (512 -640 0 ) (512 -448 0 ) 
4 351 353 (512 -640 0 ) (768 -640 0 ) (768 -640 704 ) (512 -640 704 ) 
4 352 362 (0 0 320 ) (0 0 128 ) (0 -354.564026 128 ) (0 -354.564026 320 ) 
4 352 356 (0 0 704 ) (0 0 320 ) (0 -354.564026 320 ) (0 -354.564026 704 ) 
4 353 366 (0 -640 0 ) (0 -1024 0 ) (0 -1024 704 ) (0 -640 704 ) 
4 353 355 (1024 -1024 0 ) (1024 -1024 704 ) (0 -1024 704 ) (0 -1024 0 ) 
4 353 354 (0 -1024 0 ) (0 -640 0 ) (1024 -640 0 ) (1024 -1024 0 ) 
4 354 367 (0 0 0 ) (0 0 -256 ) (0 -1024 -256 ) (0 -1024 0 ) 
4 354 355 (1024 -1024 -256 ) (1024 -1024 0 ) (0 -1024 0 ) (0 -1024 -256 ) 
4 355 401 (1024 -2048 -256 ) (1024 -2048 960 ) (0 -2048 960 ) (0 -2048 -256 ) 
4 355 372 (0 -2048 -256 ) (0 -2048 960 ) (0 -1024 960 ) (0 -1024 -256 ) 
4 356 365 (0 -354.564026 704 ) (0 -354.564026 960 ) (-606.569702 -354.564026 960 ) (-606.569702 -354.564026 704 ) 
5 356 364 (-128 -354.564026 320 ) (-479.268616 -354.564026 320 ) (-512 -262.790344 320 ) (-512 -208 320 ) (-128 -208 320 ) 
4 356 363 (-512 -208 320 ) (-512 0 320 ) (-128 0 320 ) (-128 -208 320 ) 
4 356 362 (0 -354.564026 320 ) (-128 -354.564026 320 ) (-128 0 320 ) (0 0 320 ) 
4 356 361 (-678.706543 0 960 ) (-678.706543 0 482.027527 ) (-651.205627 -135.168747 528 ) (-651.205627 -135.168747 960 ) 
4 356 360 (-651.205627 -135.168747 528 ) (-606.568359 -354.564026 602.620605 ) (-606.568359 -354.564026 960 ) (-651.205627 -135.168747 960 ) 
4 356 358 (-673.393616 -26.115479 490.915131 ) (-678.706970 0 482.032837 ) (-613.191589 0 336.580933 ) (-580.648621 -120.817192 359.996307 ) 
4 356 357 (-606.568726 -354.564026 602.625854 ) (-673.393616 -26.115479 490.915131 ) (-552.314575 -149.748993 320 ) (-479.266602 -354.564026 320 ) 
3 357 364 (-479.268616 -354.564026 320 ) (-512 -354.564026 320 ) (-512 -262.790314 320 ) 
4 357 361 (-651.205627 -135.168747 528 ) (-673.392395 -26.119446 490.911194 ) (-658.761780 -98.029831 423.106201 ) (-651.205627 -135.168762 416 ) 
5 357 360 (-636.514099 -207.378723 320 ) (-606.568359 -354.564026 320 ) (-606.568359 -354.564026 602.620605 ) (-651.205627 -135.168747 528 ) (-651.205627 -135.168762 388.087524 ) 
3 357 358 (-648.038574 -150.742538 373.402618 ) (-673.394409 -26.116364 490.913055 ) (-580.650940 -120.816475 359.996399 ) 
4 358 361 (-678.706543 0 482.027527 ) (-678.706543 0 441.863403 ) (-658.761780 -98.029823 423.106201 ) (-673.392395 -26.119446 490.911194 ) 
3 358 360 (-651.205627 -135.168747 370.280670 ) (-648.036987 -150.742859 373.402527 ) (-651.205627 -135.168747 388.087524 ) 
4 359 368 (-1024 0 960 ) (-1024 0 320 ) (-1024 -354.564026 320 ) (-1024 -354.564026 960 ) 
4 359 365 (-1024 -354.564026 960 ) (-1024 -354.564026 704 ) (-933.127197 -354.564026 704 ) (-933.127197 -354.564026 960 ) 
4 359 361 (-1005.263123 0 470.070709 ) (-1005.263000 0 960 ) (-964.783691 -198.967133 960 ) (-964.783752 -198.967163 432 ) 
4 359 360 (-933.127930 -354.564026 320 ) (-964.783752 -198.967163 320 ) (-964.783691 -198.967133 960 ) (-933.127930 -354.564026 960 ) 
4 360 365 (-606.569702 -354.564026 704 ) (-606.569702 -354.564026 960 ) (-933.127197 -354.564026 960 ) (-933.127197 -354.564026 704 ) 
4 360 361 (-964.783203 -198.967285 432 ) (-964.783203 -198.967285 960 ) (-651.206909 -135.169250 960 ) (-651.206909 -135.169250 416 ) 
4 362 364 (-128 -354.564026 290.908997 ) (-128 -354.564026 320 ) (-128 -208 320 ) (-128 -208 290.908997 ) 
4 362 363 (-128 -208 320 ) (-128 0 320 ) (-128 0 264.055756 ) (-128 -208 278.601257 ) 
5 363 364 (-512 -208 320 ) (-512 -208 307.690430 ) (-290.486023 -208 290.908997 ) (-128 -208 290.908997 ) (-128 -208 320 ) 
4 365 372 (0 -1024 704 ) (0 -1024 960 ) (-1024 -1024 960 ) (-1024 -1024 704 ) 
4 365 369 (-1024 -1024 704 ) (-1024 -1024 960 ) (-1024 -354.564026 960 ) (-1024 -354.564026 704 ) 
4 365 366 (0 -1024 704 ) (-1024 -1024 704 ) (-1024 -640 704 ) (0 -640 704 ) 
4 366 372 (0 -1024 0 ) (0 -1024 704 ) (-1024 -1024 704 ) (-1024 -1024 0 ) 
4 366 370 (-1024 -640 0 ) (-1024 -1024 0 ) (-1024 -1024 704 ) (-1024 -640 704 ) 
4 366 367 (0 -1024 0 ) (-1024 -1024 0 ) (-1024 -640 0 ) (0 -640 0 ) 
4 367 372 (0 -1024 -256 ) (0 -1024 0 ) (-1024 -1024 0 ) (-1024 -1024 -256 ) 
4 367 371 (-1024 0 0 ) (-1024 0 -256 ) (-1024 -1024 -256 ) (-1024 -1024 0 ) 
4 368 388 (-2048 0 704 ) (-2048 0 320 ) (-2048 -354.564026 320 ) (-2048 -354.564026 704 ) 
4 368 387 (-2048 0 960 ) (-2048 0 704 ) (-2048 -354.564026 704 ) (-2048 -354.564026 960 ) 
4 368 369 (-2048 -354.564026 960 ) (-2048 -354.564026 704 ) (-1024 -354.564026 704 ) (-1024 -354.564026 960 ) 
4 369 387 (-2048 -1024 704 ) (-2048 -1024 960 ) (-2048 -354.564026 960 ) (-2048 -354.564026 704 ) 
4 369 373 (-1024 -1024 704 ) (-1024 -1024 960 ) (-2048 -1024 960 ) (-2048 -1024 704 ) 
4 369 370 (-1024 -640 704 ) (-1024 -1024 704 ) (-2048 -1024 704 ) (-2048 -640 704 ) 
4 370 393 (-2048 -1024 0 ) (-2048 -1024 704 ) (-2048 -640 704 ) (-2048 -640 0 ) 
4 370 373 (-1024 -1024 0 ) (-1024 -1024 704 ) (-2048 -1024 704 ) (-2048 -1024 0 ) 
4 370 371 (-1024 -640 0 ) (-1024 -1024 0 ) (-2048 -1024 0 ) (-2048 -640 0 ) 
4 371 394 (-2048 -1024 -256 ) (-2048 -1024 0 ) (-2048 0 0 ) (-2048 0 -256 ) 
4 371 373 (-1024 -1024 -256 ) (-1024 -1024 0 ) (-2048 -1024 0 ) (-2048 -1024 -256 ) 
4 372 403 (0 -2048 -256 ) (0 -2048 960 ) (-1024 -2048 960 ) (-1024 -2048 -256 ) 
4 372 373 (-1024 -1024 960 ) (-1024 -1024 -256 ) (-1024 -2048 -256 ) (-1024 -2048 960 ) 
4 373 404 (-1024 -2048 -256 ) (-1024 -2048 960 ) (-2048 -2048 960 ) (-2048 -2048 -256 ) 
4 373 396 (-2048 -2048 -256 ) (-2048 -2048 960 ) (-2048 -1024 960 ) (-2048 -1024 -256 ) 
3 374 378 (-2240 800 448 ) (-2240 800 539.883911 ) (-2240 815.931885 448 ) 
4 374 375 (-2240 819.461487 427.644806 ) (-2240 800 539.885986 ) (-2048 800 393.181152 ) (-2048 804.612488 366.579163 ) 
5 375 378 (-2240 815.931885 448 ) (-2240 800 539.883911 ) (-2240 800 960 ) (-2240 1024 960 ) (-2240 1024 448 ) 
4 375 376 (-2048 800 960 ) (-2240 800 960 ) (-2240 800 576 ) (-2048 800 576 ) 
4 376 378 (-2240 608 576 ) (-2240 608 960 ) (-2240 800 960 ) (-2240 800 576 ) 
4 376 377 (-2048 608 960 ) (-2240 608 960 ) (-2240 608 576 ) (-2048 608 576 ) 
4 377 388 (-2048 0 320 ) (-2048 0 704 ) (-2240 0 704 ) (-2240 0 320 ) 
4 377 387 (-2048 0 704 ) (-2048 0 960 ) (-2240 0 960 ) (-2240 0 704 ) 
4 377 379 (-2240 320 576 ) (-2240 320 960 ) (-2240 608 960 ) (-2240 608 576 ) 
4 377 380 (-2240 320 320 ) (-2240 0 320 ) (-2240 0 960 ) (-2240 320 960 ) 
4 378 381 (-2680 1024 960 ) (-2680 1024 704 ) (-2680 608 704 ) (-2680 608 960 ) 
4 378 379 (-2680 608 960 ) (-2680 608 576 ) (-2240 608 576 ) (-2240 608 960 ) 
4 379 381 (-2680 320 704 ) (-2680 320 960 ) (-2680 608 960 ) (-2680 608 704 ) 
4 379 380 (-2240 320 576 ) (-2240 320 960 ) (-2680 320 960 ) (-2680 320 576 ) 
4 380 388 (-2680 0 704 ) (-2680 0 320 ) (-2240 0 320 ) (-2240 0 704 ) 
4 380 387 (-2680 0 960 ) (-2680 0 704 ) (-2240 0 704 ) (-2240 0 960 ) 
4 380 381 (-2680 0 704 ) (-2680 0 960 ) (-2680 320 960 ) (-2680 320 704 ) 
4 381 387 (-3072 0 960 ) (-3072 0 704 ) (-2680 0 704 ) (-2680 0 960 ) 
4 381 386 (-3072 0 704 ) (-3072 0 960 ) (-3072 1024 960 ) (-3072 1024 704 ) 
4 381 382 (-3072 0 704 ) (-3072 1024 704 ) (-3060.629883 1024 704 ) (-3060.629883 0 704 ) 
4 382 392 (-3072 0 704 ) (-3072 0 320 ) (-3060.629883 0 320 ) (-3060.629883 0 704 ) 
4 382 386 (-3072 0 320 ) (-3072 0 704 ) (-3072 1024 704 ) (-3072 1024 320 ) 
4 382 384 (-3060.629883 0 320 ) (-3072 0 320 ) (-3072 1024 320 ) (-3060.629883 1024 320 ) 
4 383 389 (-3060.629883 0 113.142998 ) (-3060.629883 0 0 ) (-2760 0 0 ) (-2760 0 113.142998 ) 
4 383 385 (-3060.629883 1024 0 ) (-2760 1024 0 ) (-2760 0 0 ) (-3060.629883 0 0 ) 
4 383 384 (-3060.629883 1024 0 ) (-3060.629883 0 0 ) (-3060.629883 0 113.142998 ) (-3060.629883 1024 113.142998 ) 
4 384 392 (-3060.629883 0 320 ) (-3072 0 320 ) (-3072 0 0 ) (-3060.629883 0 0 ) 
4 384 386 (-3072 0 0 ) (-3072 0 320 ) (-3072 1024 320 ) (-3072 1024 0 ) 
4 384 385 (-3072 0 0 ) (-3072 1024 0 ) (-3060.629883 1024 0 ) (-3060.629883 0 0 ) 
4 385 394 (-2048 0 -256 ) (-2048 0 0 ) (-3072 0 0 ) (-3072 0 -256 ) 
4 385 386 (-3072 0 -256 ) (-3072 0 0 ) (-3072 1024 0 ) (-3072 1024 -256 ) 
4 386 398 (-4096 0 -256 ) (-4096 0 960 ) (-4096 1024 960 ) (-4096 1024 -256 ) 
4 386 395 (-3072 0 -256 ) (-3072 0 960 ) (-4096 0 960 ) (-4096 0 -256 ) 
4 387 396 (-2048 -1024 704 ) (-2048 -1024 960 ) (-3072 -1024 960 ) (-3072 -1024 704 ) 
4 387 395 (-3072 -1024 704 ) (-3072 -1024 960 ) (-3072 0 960 ) (-3072 0 704 ) 
4 387 391 (-2864 -640 704 ) (-3060.629883 -640 704 ) (-3060.629883 -408 704 ) (-2864 -408 704 ) 
4 387 388 (-2680 0 704 ) (-2048 0 704 ) (-2048 -354.564026 704 ) (-2680 -354.564026 704 ) 
4 387 392 (-3072 -640 704 ) (-3072 0 704 ) (-3060.629883 0 704 ) (-3060.629883 -640 704 ) 
4 387 393 (-3072 -1024 704 ) (-3072 -640 704 ) (-2048 -640 704 ) (-2048 -1024 704 ) 
4 389 394 (-3060.629883 0 0 ) (-2760 0 0 ) (-2760 -354.564026 0 ) (-3060.629883 -354.564026 0 ) 
4 389 390 (-3060.629883 -354.564026 113.142998 ) (-3060.629883 -354.564026 0 ) (-2864 -354.564026 0 ) (-2864 -354.564026 113.142998 ) 
4 389 392 (-3060.629883 0 0 ) (-3060.629883 -354.564026 0 ) (-3060.629883 -354.564026 113.142998 ) (-3060.629883 0 113.142998 ) 
4 390 394 (-3060.629883 -408 0 ) (-3060.629883 -354.564026 0 ) (-2864 -354.564026 0 ) (-2864 -408 0 ) 
4 390 391 (-3060.629883 -408 113.142998 ) (-3060.629883 -408 0 ) (-2864 -408 0 ) (-2864 -408 113.142998 ) 
4 390 392 (-3060.629883 -354.564026 0 ) (-3060.629883 -408 0 ) (-3060.629883 -408 113.142998 ) (-3060.629883 -354.564026 113.142998 ) 
4 391 394 (-2864 -640 0 ) (-3060.629883 -640 0 ) (-3060.629883 -408 0 ) (-2864 -408 0 ) 
4 391 393 (-3060.629883 -640 0 ) (-2864 -640 0 ) (-2864 -640 704 ) (-3060.629883 -640 704 ) 
4 391 392 (-3060.629883 -408 0 ) (-3060.629883 -640 0 ) (-3060.629883 -640 704 ) (-3060.629883 -408 704 ) 
4 392 395 (-3072 -640 704 ) (-3072 0 704 ) (-3072 0 0 ) (-3072 -640 0 ) 
4 392 394 (-3072 -640 0 ) (-3072 0 0 ) (-3060.629883 0 0 ) (-3060.629883 -640 0 ) 
4 392 393 (-3072 -640 0 ) (-3060.629883 -640 0 ) (-3060.629883 -640 704 ) (-3072 -640 704 ) 
4 393 396 (-2048 -1024 0 ) (-2048 -1024 704 ) (-3072 -1024 704 ) (-3072 -1024 0 ) 
4 393 395 (-3072 -1024 0 ) (-3072 -1024 704 ) (-3072 -640 704 ) (-3072 -640 0 ) 
4 393 394 (-2048 -1024 0 ) (-3072 -1024 0 ) (-3072 -640 0 ) (-2048 -640 0 ) 
4 394 396 (-2048 -1024 -256 ) (-2048 -1024 0 ) (-3072 -1024 0 ) (-3072 -1024 -256 ) 
4 394 395 (-3072 -1024 -256 ) (-3072 -1024 0 ) (-3072 0 0 ) (-3072 0 -256 ) 
4 395 399 (-4096 -1024 -256 ) (-4096 -1024 960 ) (-4096 0 960 ) (-4096 0 -256 ) 
4 395 397 (-4096 -1024 960 ) (-4096 -1024 -256 ) (-3072 -1024 -256 ) (-3072 -1024 960 ) 
4 396 410 (-2048 -2048 -256 ) (-2048 -2048 960 ) (-3072 -2048 960 ) (-3072 -2048 -256 ) 
4 396 397 (-3072 -1024 960 ) (-3072 -1024 -256 ) (-3072 -2048 -256 ) (-3072 -2048 960 ) 
4 397 411 (-3072 -2048 -256 ) (-3072 -2048 960 ) (-4096 -2048 960 ) (-4096 -2048 -256 ) 
4 397 400 (-4096 -2048 -256 ) (-4096 -2048 960 ) (-4096 -1024 960 ) (-4096 -1024 -256 ) 
4 398 399 (-4096 0 -256 ) (-4096 0 960 ) (-4992 0 960 ) (-4992 0 -256 ) 
4 399 400 (-4096 -1024 -256 ) (-4096 -1024 960 ) (-4992 -1024 960 ) (-4992 -1024 -256 ) 
4 400 414 (-4096 -2048 -256 ) (-4096 -2048 960 ) (-4992 -2048 960 ) (-4992 -2048 -256 ) 
4 401 403 (0 -2048 960 ) (0 -2048 -256 ) (0 -3072 -256 ) (0 -3072 960 ) 
4 401 402 (1024 -3072 -256 ) (1024 -3072 960 ) (0 -3072 960 ) (0 -3072 -256 ) 
4 402 407 (1024 -4096 -256 ) (1024 -4096 960 ) (0 -4096 960 ) (0 -4096 -256 ) 
4 402 405 (0 -4096 -256 ) (0 -4096 960 ) (0 -3072 960 ) (0 -3072 -256 ) 
4 403 405 (0 -3072 -256 ) (0 -3072 960 ) (-1024 -3072 960 ) (-1024 -3072 -256 ) 
4 403 404 (-1024 -2048 960 ) (-1024 -2048 -256 ) (-1024 -3072 -256 ) (-1024 -3072 960 ) 
4 404 410 (-2048 -2048 960 ) (-2048 -2048 -256 ) (-2048 -3072 -256 ) (-2048 -3072 960 ) 
4 404 406 (-1024 -3072 -256 ) (-1024 -3072 960 ) (-2048 -3072 960 ) (-2048 -3072 -256 ) 
4 405 408 (0 -4096 -256 ) (0 -4096 960 ) (-1024 -4096 960 ) (-1024 -4096 -256 ) 
4 405 406 (-1024 -3072 960 ) (-1024 -3072 -256 ) (-1024 -4096 -256 ) (-1024 -4096 960 ) 
4 406 412 (-2048 -4096 -256 ) (-2048 -4096 960 ) (-2048 -3072 960 ) (-2048 -3072 -256 ) 
4 406 409 (-1024 -4096 -256 ) (-1024 -4096 960 ) (-2048 -4096 960 ) (-2048 -4096 -256 ) 
4 407 408 (0 -4096 960 ) (0 -4096 -256 ) (0 -4928 -256 ) (0 -4928 960 ) 
4 408 409 (-1024 -4096 960 ) (-1024 -4096 -256 ) (-1024 -4928 -256 ) (-1024 -4928 960 ) 
4 409 416 (-2048 -4928 960 ) (-2048 -4096 960 ) (-2048 -4096 -256 ) (-2048 -4928 -256 ) 
4 410 412 (-2048 -3072 -256 ) (-2048 -3072 960 ) (-3072 -3072 960 ) (-3072 -3072 -256 ) 
4 410 411 (-3072 -2048 960 ) (-3072 -2048 -256 ) (-3072 -3072 -256 ) (-3072 -3072 960 ) 
4 411 414 (-4096 -2048 960 ) (-4096 -2048 -256 ) (-4096 -3072 -256 ) (-4096 -3072 960 ) 
4 411 413 (-3072 -3072 -256 ) (-3072 -3072 960 ) (-4096 -3072 960 ) (-4096 -3072 -256 ) 
4 412 416 (-2048 -4096 -256 ) (-2048 -4096 960 ) (-3072 -4096 960 ) (-3072 -4096 -256 ) 
4 412 413 (-3072 -3072 960 ) (-3072 -3072 -256 ) (-3072 -4096 -256 ) (-3072 -4096 960 ) 
4 413 417 (-3072 -4096 -256 ) (-3072 -4096 960 ) (-4096 -4096 960 ) (-4096 -4096 -256 ) 
4 413 415 (-4096 -4096 -256 ) (-4096 -4096 960 ) (-4096 -3072 960 ) (-4096 -3072 -256 ) 
4 414 415 (-4096 -3072 -256 ) (-4096 -3072 960 ) (-4992 -3072 960 ) (-4992 -3072 -256 ) 
4 415 418 (-4096 -4096 -256 ) (-4096 -4096 960 ) (-4992 -4096 960 ) (-4992 -4096 -256 ) 
4 416 417 (-3072 -4096 960 ) (-3072 -4096 -256 ) (-3072 -4928 -256 ) (-3072 -4928 960 ) 
4 417 418 (-4096 -4096 960 ) (-4096 -4096 -256 ) (-4096 -4928 -256 ) (-4096 -4928 960 ) 
