PRT1
200
467
4 0 2 (5888 6144 960 ) (5120 6144 960 ) (5120 6144 -256 ) (5888 6144 -256 ) 
4 0 1 (5120 6144 -256 ) (5120 6144 960 ) (5120 6464 960 ) (5120 6464 -256 ) 
4 1 4 (4096 6144 -256 ) (4096 6144 960 ) (4096 6464 960 ) (4096 6464 -256 ) 
4 1 3 (5120 6144 -256 ) (5120 6144 960 ) (4096 6144 960 ) (4096 6144 -256 ) 
4 2 10 (5888 5120 960 ) (5120 5120 960 ) (5120 5120 -256 ) (5888 5120 -256 ) 
4 2 3 (5120 6144 960 ) (5120 6144 -256 ) (5120 5120 -256 ) (5120 5120 960 ) 
4 3 11 (5120 5120 -256 ) (5120 5120 960 ) (4096 5120 960 ) (4096 5120 -256 ) 
4 3 5 (4096 5120 -256 ) (4096 5120 960 ) (4096 6144 960 ) (4096 6144 -256 ) 
4 4 6 (3072 6144 -256 ) (3072 6144 960 ) (3072 6464 960 ) (3072 6464 -256 ) 
4 4 5 (4096 6144 -256 ) (4096 6144 960 ) (3072 6144 960 ) (3072 6144 -256 ) 
4 5 18 (4096 5120 -256 ) (4096 5120 960 ) (3072 5120 960 ) (3072 5120 -256 ) 
4 5 8 (3072 5120 -256 ) (3072 5120 960 ) (3072 6144 960 ) (3072 6144 -256 ) 
4 6 8 (3072 6144 -256 ) (3072 6144 960 ) (2048 6144 960 ) (2048 6144 -256 ) 
4 6 7 (2048 6144 -256 ) (2048 6144 960 ) (2048 6464 960 ) (2048 6464 -256 ) 
4 7 30 (1024 6144 -256 ) (1024 6144 960 ) (1024 6464 960 ) (1024 6464 -256 ) 
4 7 9 (2048 6144 -256 ) (2048 6144 960 ) (1024 6144 960 ) (1024 6144 -256 ) 
4 8 20 (3072 5120 -256 ) (3072 5120 960 ) (2048 5120 960 ) (2048 5120 -256 ) 
4 8 9 (2048 6144 960 ) (2048 6144 -256 ) (2048 5120 -256 ) (2048 5120 960 ) 
4 9 31 (1024 5120 -256 ) (1024 5120 960 ) (1024 6144 960 ) (1024 6144 -256 ) 
4 9 21 (2048 5120 -256 ) (2048 5120 960 ) (1024 5120 960 ) (1024 5120 -256 ) 
4 10 12 (5888 4096 960 ) (5120 4096 960 ) (5120 4096 -256 ) (5888 4096 -256 ) 
4 10 11 (5120 5120 960 ) (5120 5120 -256 ) (5120 4096 -256 ) (5120 4096 960 ) 
4 11 18 (4096 5120 960 ) (4096 5120 -256 ) (4096 4096 -256 ) (4096 4096 960 ) 
4 11 13 (5120 4096 -256 ) (5120 4096 960 ) (4096 4096 960 ) (4096 4096 -256 ) 
4 12 14 (5888 3072 960 ) (5120 3072 960 ) (5120 3072 -256 ) (5888 3072 -256 ) 
4 12 13 (5120 4096 960 ) (5120 4096 -256 ) (5120 3072 -256 ) (5120 3072 960 ) 
4 13 19 (4096 3072 -256 ) (4096 3072 960 ) (4096 4096 960 ) (4096 4096 -256 ) 
4 13 15 (5120 3072 -256 ) (5120 3072 960 ) (4096 3072 960 ) (4096 3072 -256 ) 
4 14 16 (5888 2048 960 ) (5120 2048 960 ) (5120 2048 -256 ) (5888 2048 -256 ) 
4 14 15 (5120 3072 960 ) (5120 3072 -256 ) (5120 2048 -256 ) (5120 2048 960 ) 
4 15 24 (4096 2048 -256 ) (4096 2048 960 ) (4096 3072 960 ) (4096 3072 -256 ) 
4 15 17 (5120 2048 -256 ) (5120 2048 960 ) (4096 2048 960 ) (4096 2048 -256 ) 
4 16 66 (5888 1024 960 ) (5120 1024 960 ) (5120 1024 -256 ) (5888 1024 -256 ) 
4 16 17 (5120 2048 960 ) (5120 2048 -256 ) (5120 1024 -256 ) (5120 1024 960 ) 
4 17 67 (5120 1024 -256 ) (5120 1024 960 ) (4096 1024 960 ) (4096 1024 -256 ) 
4 17 25 (4096 1024 -256 ) (4096 1024 960 ) (4096 2048 960 ) (4096 2048 -256 ) 
4 18 20 (3072 5120 960 ) (3072 5120 -256 ) (3072 4096 -256 ) (3072 4096 960 ) 
4 18 19 (4096 4096 -256 ) (4096 4096 960 ) (3072 4096 960 ) (3072 4096 -256 ) 
4 19 24 (4096 3072 -256 ) (4096 3072 960 ) (3072 3072 960 ) (3072 3072 -256 ) 
4 19 22 (3072 3072 -256 ) (3072 3072 960 ) (3072 4096 960 ) (3072 4096 -256 ) 
4 20 22 (3072 4096 -256 ) (3072 4096 960 ) (2048 4096 960 ) (2048 4096 -256 ) 
4 20 21 (2048 5120 960 ) (2048 5120 -256 ) (2048 4096 -256 ) (2048 4096 960 ) 
4 21 42 (1024 4096 -256 ) (1024 4096 960 ) (1024 5120 960 ) (1024 5120 -256 ) 
4 21 23 (2048 4096 -256 ) (2048 4096 960 ) (1024 4096 960 ) (1024 4096 -256 ) 
4 22 26 (3072 3072 -256 ) (3072 3072 960 ) (2048 3072 960 ) (2048 3072 -256 ) 
4 22 23 (2048 4096 960 ) (2048 4096 -256 ) (2048 3072 -256 ) (2048 3072 960 ) 
4 23 43 (1024 3072 -256 ) (1024 3072 960 ) (1024 4096 960 ) (1024 4096 -256 ) 
4 23 27 (2048 3072 -256 ) (2048 3072 960 ) (1024 3072 960 ) (1024 3072 -256 ) 
4 24 26 (3072 3072 960 ) (3072 3072 -256 ) (3072 2048 -256 ) (3072 2048 960 ) 
4 24 25 (4096 2048 -256 ) (4096 2048 960 ) (3072 2048 960 ) (3072 2048 -256 ) 
4 25 72 (4096 1024 -256 ) (4096 1024 960 ) (3072 1024 960 ) (3072 1024 -256 ) 
4 25 28 (3072 1024 -256 ) (3072 1024 960 ) (3072 2048 960 ) (3072 2048 -256 ) 
4 26 28 (3072 2048 -256 ) (3072 2048 960 ) (2048 2048 960 ) (2048 2048 -256 ) 
4 26 27 (2048 3072 960 ) (2048 3072 -256 ) (2048 2048 -256 ) (2048 2048 960 ) 
4 27 48 (1024 2048 -256 ) (1024 2048 960 ) (1024 3072 960 ) (1024 3072 -256 ) 
4 27 29 (2048 2048 -256 ) (2048 2048 960 ) (1024 2048 960 ) (1024 2048 -256 ) 
4 28 73 (3072 1024 -256 ) (3072 1024 960 ) (2048 1024 960 ) (2048 1024 -256 ) 
4 28 29 (2048 2048 960 ) (2048 2048 -256 ) (2048 1024 -256 ) (2048 1024 960 ) 
4 29 74 (2048 1024 -256 ) (2048 1024 960 ) (1024 1024 960 ) (1024 1024 -256 ) 
4 29 49 (1024 1024 -256 ) (1024 1024 960 ) (1024 2048 960 ) (1024 2048 -256 ) 
4 30 32 (0 6144 -256 ) (0 6144 960 ) (0 6464 960 ) (0 6464 -256 ) 
4 30 31 (1024 6144 -256 ) (1024 6144 960 ) (0 6144 960 ) (0 6144 -256 ) 
4 31 42 (1024 5120 -256 ) (1024 5120 960 ) (0 5120 960 ) (0 5120 -256 ) 
4 31 34 (0 5120 -256 ) (0 5120 960 ) (0 6144 960 ) (0 6144 -256 ) 
4 32 34 (0 6144 -256 ) (0 6144 960 ) (-1024 6144 960 ) (-1024 6144 -256 ) 
4 32 33 (-1024 6144 -256 ) (-1024 6144 960 ) (-1024 6464 960 ) (-1024 6464 -256 ) 
4 33 36 (-2048 6144 -256 ) (-2048 6144 960 ) (-2048 6464 960 ) (-2048 6464 -256 ) 
4 33 35 (-1024 6144 -256 ) (-1024 6144 960 ) (-2048 6144 960 ) (-2048 6144 -256 ) 
4 34 44 (0 5120 -256 ) (0 5120 960 ) (-1024 5120 960 ) (-1024 5120 -256 ) 
4 34 35 (-1024 6144 960 ) (-1024 6144 -256 ) (-1024 5120 -256 ) (-1024 5120 960 ) 
4 35 45 (-1024 5120 -256 ) (-1024 5120 960 ) (-2048 5120 960 ) (-2048 5120 -256 ) 
4 35 38 (-2048 5120 -256 ) (-2048 5120 960 ) (-2048 6144 960 ) (-2048 6144 -256 ) 
4 36 38 (-2048 6144 -256 ) (-2048 6144 960 ) (-3072 6144 960 ) (-3072 6144 -256 ) 
4 36 37 (-3072 6464 -256 ) (-3072 6144 -256 ) (-3072 6144 960 ) (-3072 6464 960 ) 
4 37 40 (-4096 6144 -256 ) (-4096 6144 960 ) (-4096 6464 960 ) (-4096 6464 -256 ) 
4 37 39 (-4096 6144 960 ) (-4096 6144 -256 ) (-3072 6144 -256 ) (-3072 6144 960 ) 
4 38 54 (-2048 5120 -256 ) (-2048 5120 960 ) (-3072 5120 960 ) (-3072 5120 -256 ) 
4 38 39 (-3072 6144 960 ) (-3072 6144 -256 ) (-3072 5120 -256 ) (-3072 5120 960 ) 
4 39 55 (-3072 5120 -256 ) (-3072 5120 960 ) (-4096 5120 960 ) (-4096 5120 -256 ) 
4 39 41 (-4096 5120 -256 ) (-4096 5120 960 ) (-4096 6144 960 ) (-4096 6144 -256 ) 
4 40 41 (-4096 6144 -256 ) (-4096 6144 960 ) (-4992 6144 960 ) (-4992 6144 -256 ) 
4 41 58 (-4096 5120 -256 ) (-4096 5120 960 ) (-4992 5120 960 ) (-4992 5120 -256 ) 
4 42 44 (0 5120 960 ) (0 5120 -256 ) (0 4096 -256 ) (0 4096 960 ) 
4 42 43 (1024 4096 -256 ) (1024 4096 960 ) (0 4096 960 ) (0 4096 -256 ) 
4 43 48 (1024 3072 -256 ) (1024 3072 960 ) (0 3072 960 ) (0 3072 -256 ) 
4 43 46 (0 3072 -256 ) (0 3072 960 ) (0 4096 960 ) (0 4096 -256 ) 
4 44 46 (0 4096 -256 ) (0 4096 960 ) (-1024 4096 960 ) (-1024 4096 -256 ) 
4 44 45 (-1024 5120 960 ) (-1024 5120 -256 ) (-1024 4096 -256 ) (-1024 4096 960 ) 
4 45 54 (-2048 5120 960 ) (-2048 5120 -256 ) (-2048 4096 -256 ) (-2048 4096 960 ) 
4 45 47 (-1024 4096 -256 ) (-1024 4096 960 ) (-2048 4096 960 ) (-2048 4096 -256 ) 
4 46 50 (0 3072 -256 ) (0 3072 960 ) (-1024 3072 960 ) (-1024 3072 -256 ) 
4 46 47 (-1024 4096 960 ) (-1024 4096 -256 ) (-1024 3072 -256 ) (-1024 3072 960 ) 
4 47 56 (-2048 3072 -256 ) (-2048 3072 960 ) (-2048 4096 960 ) (-2048 4096 -256 ) 
4 47 51 (-1024 3072 -256 ) (-1024 3072 960 ) (-2048 3072 960 ) (-2048 3072 -256 ) 
4 48 50 (0 3072 960 ) (0 3072 -256 ) (0 2048 -256 ) (0 2048 960 ) 
4 48 49 (1024 2048 -256 ) (1024 2048 960 ) (0 2048 960 ) (0 2048 -256 ) 
4 49 102 (1024 1024 -256 ) (1024 1024 0 ) (0 1024 0 ) (0 1024 -256 ) 
4 49 98 (640 1024 896 ) (0 1024 896 ) (0 1024 0 ) (640 1024 0 ) 
4 49 97 (1024 1024 0 ) (1024 1024 896 ) (640 1024 896 ) (640 1024 0 ) 
4 49 96 (1024 1024 896 ) (1024 1024 960 ) (0 1024 960 ) (0 1024 896 ) 
4 49 52 (0 1024 -256 ) (0 1024 960 ) (0 2048 960 ) (0 2048 -256 ) 
4 50 52 (0 2048 -256 ) (0 2048 960 ) (-1024 2048 960 ) (-1024 2048 -256 ) 
4 50 51 (-1024 3072 960 ) (-1024 3072 -256 ) (-1024 2048 -256 ) (-1024 2048 960 ) 
4 51 60 (-2048 2048 -256 ) (-2048 2048 960 ) (-2048 3072 960 ) (-2048 3072 -256 ) 
4 51 53 (-1024 2048 -256 ) (-1024 2048 960 ) (-2048 2048 960 ) (-2048 2048 -256 ) 
4 52 111 (0 1024 -256 ) (0 1024 0 ) (-1024 1024 0 ) (-1024 1024 -256 ) 
4 52 104 (0 1024 0 ) (0 1024 896 ) (-1024 1024 896 ) (-1024 1024 0 ) 
4 52 103 (0 1024 896 ) (0 1024 960 ) (-1024 1024 960 ) (-1024 1024 896 ) 
4 52 53 (-1024 2048 960 ) (-1024 2048 -256 ) (-1024 1024 -256 ) (-1024 1024 960 ) 
4 53 128 (-1024 1024 -256 ) (-1024 1024 0 ) (-2048 1024 0 ) (-2048 1024 -256 ) 
4 53 114 (-1908.630127 1024 896 ) (-2048 1024 896 ) (-2048 1024 0 ) (-1908.630127 1024 0 ) 
4 53 113 (-1024 1024 0 ) (-1024 1024 896 ) (-1908.630127 1024 896 ) (-1908.630127 1024 0 ) 
4 53 112 (-1024 1024 896 ) (-1024 1024 960 ) (-2048 1024 960 ) (-2048 1024 896 ) 
4 53 62 (-2048 1024 -256 ) (-2048 1024 960 ) (-2048 2048 960 ) (-2048 2048 -256 ) 
4 54 56 (-2048 4096 -256 ) (-2048 4096 960 ) (-3072 4096 960 ) (-3072 4096 -256 ) 
4 54 55 (-3072 5120 960 ) (-3072 5120 -256 ) (-3072 4096 -256 ) (-3072 4096 960 ) 
4 55 58 (-4096 5120 960 ) (-4096 5120 -256 ) (-4096 4096 -256 ) (-4096 4096 960 ) 
4 55 57 (-3072 4096 -256 ) (-3072 4096 960 ) (-4096 4096 960 ) (-4096 4096 -256 ) 
4 56 60 (-2048 3072 -256 ) (-2048 3072 960 ) (-3072 3072 960 ) (-3072 3072 -256 ) 
4 56 57 (-3072 4096 960 ) (-3072 4096 -256 ) (-3072 3072 -256 ) (-3072 3072 960 ) 
4 57 61 (-3072 3072 -256 ) (-3072 3072 960 ) (-4096 3072 960 ) (-4096 3072 -256 ) 
4 57 59 (-4096 3072 -256 ) (-4096 3072 960 ) (-4096 4096 960 ) (-4096 4096 -256 ) 
4 58 59 (-4096 4096 -256 ) (-4096 4096 960 ) (-4992 4096 960 ) (-4992 4096 -256 ) 
4 59 64 (-4096 3072 -256 ) (-4096 3072 960 ) (-4992 3072 960 ) (-4992 3072 -256 ) 
4 60 62 (-2048 2048 -256 ) (-2048 2048 960 ) (-3072 2048 960 ) (-3072 2048 -256 ) 
4 60 61 (-3072 3072 960 ) (-3072 3072 -256 ) (-3072 2048 -256 ) (-3072 2048 960 ) 
4 61 64 (-4096 3072 960 ) (-4096 3072 -256 ) (-4096 2048 -256 ) (-4096 2048 960 ) 
4 61 63 (-3072 2048 -256 ) (-3072 2048 960 ) (-4096 2048 960 ) (-4096 2048 -256 ) 
4 62 164 (-2048 1024 -256 ) (-2048 1024 0 ) (-3072 1024 0 ) (-3072 1024 -256 ) 
4 62 157 (-2048 1024 0 ) (-2048 1024 896 ) (-3072 1024 896 ) (-3072 1024 0 ) 
4 62 156 (-2048 1024 896 ) (-2048 1024 960 ) (-3072 1024 960 ) (-3072 1024 896 ) 
4 62 63 (-3072 2048 960 ) (-3072 2048 -256 ) (-3072 1024 -256 ) (-3072 1024 960 ) 
4 63 165 (-3072 1024 -256 ) (-3072 1024 960 ) (-4096 1024 960 ) (-4096 1024 -256 ) 
4 63 65 (-4096 1024 -256 ) (-4096 1024 960 ) (-4096 2048 960 ) (-4096 2048 -256 ) 
4 64 65 (-4096 2048 -256 ) (-4096 2048 960 ) (-4992 2048 960 ) (-4992 2048 -256 ) 
4 65 179 (-4096 1024 -256 ) (-4096 1024 960 ) (-4992 1024 960 ) (-4992 1024 -256 ) 
4 66 68 (5888 0 960 ) (5120 0 960 ) (5120 0 -256 ) (5888 0 -256 ) 
4 66 67 (5120 0 -256 ) (5120 0 960 ) (5120 1024 960 ) (5120 1024 -256 ) 
4 67 72 (4096 1024 960 ) (4096 1024 -256 ) (4096 0 -256 ) (4096 0 960 ) 
4 67 69 (5120 0 -256 ) (5120 0 960 ) (4096 0 960 ) (4096 0 -256 ) 
4 68 70 (5888 -1024 960 ) (5120 -1024 960 ) (5120 -1024 -256 ) (5888 -1024 -256 ) 
4 68 69 (5120 0 960 ) (5120 0 -256 ) (5120 -1024 -256 ) (5120 -1024 960 ) 
4 69 75 (4096 -1024 -256 ) (4096 -1024 960 ) (4096 0 960 ) (4096 0 -256 ) 
4 69 71 (5120 -1024 -256 ) (5120 -1024 960 ) (4096 -1024 960 ) (4096 -1024 -256 ) 
4 70 81 (5888 -2048 960 ) (5120 -2048 960 ) (5120 -2048 -256 ) (5888 -2048 -256 ) 
4 70 71 (5120 -1024 960 ) (5120 -1024 -256 ) (5120 -2048 -256 ) (5120 -2048 960 ) 
4 71 82 (5120 -2048 -256 ) (5120 -2048 960 ) (4096 -2048 960 ) (4096 -2048 -256 ) 
4 71 76 (4096 -2048 -256 ) (4096 -2048 960 ) (4096 -1024 960 ) (4096 -1024 -256 ) 
4 72 75 (4096 0 -256 ) (4096 0 960 ) (3072 0 960 ) (3072 0 -256 ) 
4 72 73 (3072 1024 960 ) (3072 1024 -256 ) (3072 0 -256 ) (3072 0 960 ) 
4 73 77 (3072 0 -256 ) (3072 0 960 ) (2048 0 960 ) (2048 0 -256 ) 
4 73 74 (2048 0 -256 ) (2048 0 960 ) (2048 1024 960 ) (2048 1024 -256 ) 
4 74 102 (1024 1024 0 ) (1024 1024 -256 ) (1024 0 -256 ) (1024 0 0 ) 
4 74 99 (1024 448 0 ) (1024 0 0 ) (1024 0 960 ) (1024 448 960 ) 
4 74 97 (1024 1024 896 ) (1024 1024 0 ) (1024 448 0 ) (1024 448 896 ) 
4 74 96 (1024 1024 960 ) (1024 1024 896 ) (1024 448 896 ) (1024 448 960 ) 
4 74 78 (2048 0 -256 ) (2048 0 960 ) (1024 0 960 ) (1024 0 -256 ) 
4 75 77 (3072 0 960 ) (3072 0 -256 ) (3072 -1024 -256 ) (3072 -1024 960 ) 
4 75 76 (4096 -1024 -256 ) (4096 -1024 960 ) (3072 -1024 960 ) (3072 -1024 -256 ) 
4 76 87 (4096 -2048 -256 ) (4096 -2048 960 ) (3072 -2048 960 ) (3072 -2048 -256 ) 
4 76 79 (3072 -2048 -256 ) (3072 -2048 960 ) (3072 -1024 960 ) (3072 -1024 -256 ) 
4 77 79 (3072 -1024 -256 ) (3072 -1024 960 ) (2048 -1024 960 ) (2048 -1024 -256 ) 
4 77 78 (2048 0 960 ) (2048 0 -256 ) (2048 -1024 -256 ) (2048 -1024 960 ) 
4 78 134 (1024 -1024 -256 ) (1024 -1024 0 ) (1024 0 0 ) (1024 0 -256 ) 
4 78 130 (1024 -1024 0 ) (1024 -1024 896 ) (1024 0 896 ) (1024 0 0 ) 
4 78 129 (1024 -1024 896 ) (1024 -1024 960 ) (1024 0 960 ) (1024 0 896 ) 
4 78 80 (2048 -1024 -256 ) (2048 -1024 960 ) (1024 -1024 960 ) (1024 -1024 -256 ) 
4 79 89 (3072 -2048 -256 ) (3072 -2048 960 ) (2048 -2048 960 ) (2048 -2048 -256 ) 
4 79 80 (2048 -1024 960 ) (2048 -1024 -256 ) (2048 -2048 -256 ) (2048 -2048 960 ) 
4 80 135 (1024 -2048 -256 ) (1024 -2048 960 ) (1024 -1024 960 ) (1024 -1024 -256 ) 
4 80 90 (2048 -2048 -256 ) (2048 -2048 960 ) (1024 -2048 960 ) (1024 -2048 -256 ) 
4 81 83 (5888 -3072 960 ) (5120 -3072 960 ) (5120 -3072 -256 ) (5888 -3072 -256 ) 
4 81 82 (5120 -2048 960 ) (5120 -2048 -256 ) (5120 -3072 -256 ) (5120 -3072 960 ) 
4 82 87 (4096 -2048 960 ) (4096 -2048 -256 ) (4096 -3072 -256 ) (4096 -3072 960 ) 
4 82 84 (5120 -3072 -256 ) (5120 -3072 960 ) (4096 -3072 960 ) (4096 -3072 -256 ) 
4 83 85 (5888 -4096 960 ) (5120 -4096 960 ) (5120 -4096 -256 ) (5888 -4096 -256 ) 
4 83 84 (5120 -3072 960 ) (5120 -3072 -256 ) (5120 -4096 -256 ) (5120 -4096 960 ) 
4 84 88 (4096 -4096 -256 ) (4096 -4096 960 ) (4096 -3072 960 ) (4096 -3072 -256 ) 
4 84 86 (5120 -4096 -256 ) (5120 -4096 960 ) (4096 -4096 960 ) (4096 -4096 -256 ) 
4 85 86 (5120 -4096 960 ) (5120 -4096 -256 ) (5120 -4928 -256 ) (5120 -4928 960 ) 
4 86 93 (4096 -4928 960 ) (4096 -4096 960 ) (4096 -4096 -256 ) (4096 -4928 -256 ) 
4 87 89 (3072 -2048 960 ) (3072 -2048 -256 ) (3072 -3072 -256 ) (3072 -3072 960 ) 
4 87 88 (4096 -3072 -256 ) (4096 -3072 960 ) (3072 -3072 960 ) (3072 -3072 -256 ) 
4 88 93 (4096 -4096 -256 ) (4096 -4096 960 ) (3072 -4096 960 ) (3072 -4096 -256 ) 
4 88 91 (3072 -4096 -256 ) (3072 -4096 960 ) (3072 -3072 960 ) (3072 -3072 -256 ) 
4 89 91 (3072 -3072 -256 ) (3072 -3072 960 ) (2048 -3072 960 ) (2048 -3072 -256 ) 
4 89 90 (2048 -2048 960 ) (2048 -2048 -256 ) (2048 -3072 -256 ) (2048 -3072 960 ) 
4 90 182 (1024 -3072 -256 ) (1024 -3072 960 ) (1024 -2048 960 ) (1024 -2048 -256 ) 
4 90 92 (2048 -3072 -256 ) (2048 -3072 960 ) (1024 -3072 960 ) (1024 -3072 -256 ) 
4 91 94 (3072 -4096 -256 ) (3072 -4096 960 ) (2048 -4096 960 ) (2048 -4096 -256 ) 
4 91 92 (2048 -3072 960 ) (2048 -3072 -256 ) (2048 -4096 -256 ) (2048 -4096 960 ) 
4 92 183 (1024 -4096 -256 ) (1024 -4096 960 ) (1024 -3072 960 ) (1024 -3072 -256 ) 
4 92 95 (2048 -4096 -256 ) (2048 -4096 960 ) (1024 -4096 960 ) (1024 -4096 -256 ) 
4 93 94 (3072 -4096 960 ) (3072 -4096 -256 ) (3072 -4928 -256 ) (3072 -4928 960 ) 
4 94 95 (2048 -4096 960 ) (2048 -4096 -256 ) (2048 -4928 -256 ) (2048 -4928 960 ) 
4 95 188 (1024 -4928 960 ) (1024 -4096 960 ) (1024 -4096 -256 ) (1024 -4928 -256 ) 
4 96 103 (0 1024 960 ) (0 1024 896 ) (0 448 896 ) (0 448 960 ) 
4 96 101 (0 448 960 ) (0 448 896 ) (384 448 896 ) (384 448 960 ) 
4 96 100 (384 448 896 ) (768 448 896 ) (768 448 960 ) (384 448 960 ) 
4 96 99 (768 448 896 ) (1024 448 896 ) (1024 448 960 ) (768 448 960 ) 
4 96 98 (0 704 896 ) (0 1024 896 ) (640 1024 896 ) (640 704 896 ) 
4 96 97 (1024 448 896 ) (640 448 896 ) (640 1024 896 ) (1024 1024 896 ) 
4 97 102 (640 1024 0 ) (1024 1024 0 ) (1024 448 0 ) (640 448 0 ) 
4 97 99 (768 448 0 ) (1024 448 0 ) (1024 448 896 ) (768 448 896 ) 
4 97 98 (640 1024 0 ) (640 704 0 ) (640 704 896 ) (640 1024 896 ) 
4 98 104 (0 1024 896 ) (0 1024 0 ) (0 704 0 ) (0 704 896 ) 
4 98 102 (0 704 0 ) (0 1024 0 ) (640 1024 0 ) (640 704 0 ) 
4 99 130 (1024 0 0 ) (1024 0 896 ) (768 0 896 ) (768 0 0 ) 
4 99 129 (1024 0 896 ) (1024 0 960 ) (768 0 960 ) (768 0 896 ) 
4 99 102 (1024 0 0 ) (768 0 0 ) (768 448 0 ) (1024 448 0 ) 
4 99 100 (768 0 960 ) (768 448 960 ) (768 448 896 ) (768 0 896 ) 
4 100 129 (768 0 960 ) (384 0 960 ) (384 0 896 ) (768 0 896 ) 
4 100 101 (384 448 960 ) (384 448 896 ) (384 0 896 ) (384 0 960 ) 
4 101 131 (0 0 896 ) (0 0 128 ) (384 0 128 ) (384 0 896 ) 
4 101 129 (0 0 960 ) (0 0 896 ) (384 0 896 ) (384 0 960 ) 
4 101 110 (0 0 128 ) (0 0 320 ) (0 448 320 ) (0 448 128 ) 
4 101 105 (0 0 320 ) (0 0 960 ) (0 448 960 ) (0 448 320 ) 
4 102 134 (1024 0 -256 ) (1024 0 0 ) (0 0 0 ) (0 0 -256 ) 
4 102 111 (0 1024 0 ) (0 1024 -256 ) (0 0 -256 ) (0 0 0 ) 
4 103 112 (-1024 1024 960 ) (-1024 1024 896 ) (-1024 448 896 ) (-1024 448 960 ) 
4 103 107 (-992 448 896 ) (-672 448 896 ) (-672 448 960 ) (-992 448 960 ) 
4 103 109 (-1024 448 960 ) (-1024 448 896 ) (-992 448 896 ) (-992 448 960 ) 
4 103 105 (-672 448 896 ) (0 448 896 ) (0 448 960 ) (-672 448 960 ) 
4 103 104 (-1024 704 896 ) (-1024 1024 896 ) (0 1024 896 ) (0 704 896 ) 
4 104 113 (-1024 1024 896 ) (-1024 1024 0 ) (-1024 704 0 ) (-1024 704 896 ) 
4 104 111 (-1024 704 0 ) (-1024 1024 0 ) (0 1024 0 ) (0 704 0 ) 
5 105 141 (-512 0 960 ) (-672 0 960 ) (-672 0 474.666687 ) (-605.714294 0 320 ) (-512 0 320 ) 
4 105 136 (0 0 320 ) (0 0 960 ) (-512 0 960 ) (-512 0 320 ) 
4 105 110 (0 0 320 ) (-512 0 320 ) (-512 448 320 ) (0 448 320 ) 
5 105 108 (-672 55.040031 456.320007 ) (-672 0 474.666687 ) (-672 0 960 ) (-672 96 960 ) (-672 96 464 ) 
4 105 107 (-672 448 960 ) (-672 448 325.333313 ) (-672 96 442.666687 ) (-672 96 960 ) 
5 105 106 (-672 0 474.666504 ) (-672 448 325.333130 ) (-669.714417 448 320 ) (-613.336914 53.357391 320 ) (-610.002075 0 330.004517 ) 
3 106 143 (-672 0 474.666687 ) (-672 0 338.861328 ) (-610.001953 0 330.004486 ) 
3 106 108 (-672 0 446 ) (-672 0 474.666687 ) (-672 55.040031 456.320007 ) 
5 106 107 (-672 448 325.333313 ) (-672 448 320 ) (-672 96.021423 320 ) (-672 96 320.004211 ) (-672 96 442.666687 ) 
4 107 108 (-992 96 960 ) (-992 96 480 ) (-672 96 464 ) (-672 96 960 ) 
4 107 109 (-992 448 320 ) (-992 96 320 ) (-992 96 960 ) (-992 448 960 ) 
4 108 144 (-672 0 446 ) (-672 0 960 ) (-992 0 960 ) (-992 0 462 ) 
4 108 109 (-992 0 462 ) (-992 0 960 ) (-992 96 960 ) (-992 96 480 ) 
4 109 146 (-1024 0 960 ) (-1024 0 320 ) (-992 0 320 ) (-992 0 960 ) 
4 109 116 (-1024 0 320 ) (-1024 0 896 ) (-1024 448 896 ) (-1024 448 320 ) 
4 109 112 (-1024 0 896 ) (-1024 0 960 ) (-1024 448 960 ) (-1024 448 896 ) 
4 110 136 (0 0 128 ) (0 0 320 ) (-512 0 320 ) (-224 0 128 ) 
4 111 149 (0 0 -256 ) (0 0 0 ) (-1024 0 0 ) (-1024 0 -256 ) 
4 111 128 (-1024 0 -256 ) (-1024 0 0 ) (-1024 1024 0 ) (-1024 1024 -256 ) 
4 112 156 (-2048 1024 960 ) (-2048 1024 896 ) (-2048 0 896 ) (-2048 0 960 ) 
4 112 150 (-1024 0 896 ) (-1024 0 960 ) (-2048 0 960 ) (-2048 0 896 ) 
5 112 126 (-1296 0 896 ) (-1755.688354 0 896 ) (-2048 48.407688 896 ) (-2048 360 896 ) (-1296 360 896 ) 
3 112 125 (-1755.688354 0 896 ) (-2048 0 896 ) (-2048 48.407688 896 ) 
4 112 124 (-1908.630127 512 896 ) (-1728 512 896 ) (-1728 360 896 ) (-1908.630127 360 896 ) 
4 112 120 (-1728 512 896 ) (-1296 512 896 ) (-1296 368 896 ) (-1728 368 896 ) 
4 112 123 (-1296 368 896 ) (-1296 360 896 ) (-1728 360 896 ) (-1728 368 896 ) 
4 112 118 (-1160 0 896 ) (-1296 0 896 ) (-1296 512 896 ) (-1160 512 896 ) 
4 112 117 (-1152 0 896 ) (-1160 0 896 ) (-1160 512 896 ) (-1152 512 896 ) 
4 112 116 (-1024 0 896 ) (-1152 0 896 ) (-1152 448 896 ) (-1024 448 896 ) 
4 112 115 (-1908.630127 704 896 ) (-1908 704 896 ) (-1908 512 896 ) (-1908.630127 512 896 ) 
4 112 114 (-2048 744 896 ) (-2048 1024 896 ) (-1908.630127 1024 896 ) (-1908.630127 744 896 ) 
4 112 113 (-1908.630127 1024 896 ) (-1024 1024 896 ) (-1024 704 896 ) (-1908.630127 704 896 ) 
4 113 128 (-1908.630127 1024 0 ) (-1024 1024 0 ) (-1024 704 0 ) (-1908.630127 704 0 ) 
4 113 115 (-1908.630127 704 0 ) (-1908 704 0 ) (-1908 704 896 ) (-1908.630127 704 896 ) 
4 113 114 (-1908.630127 1024 0 ) (-1908.630127 744 0 ) (-1908.630127 744 896 ) (-1908.630127 1024 896 ) 
4 114 157 (-2048 1024 896 ) (-2048 1024 0 ) (-2048 744 0 ) (-2048 744 896 ) 
4 114 128 (-2048 744 0 ) (-2048 1024 0 ) (-1908.630127 1024 0 ) (-1908.630127 744 0 ) 
4 115 128 (-1908.630127 704 0 ) (-1908 704 0 ) (-1908 512 0 ) (-1908.630127 512 0 ) 
4 115 124 (-1908 512 320 ) (-1908 512 896 ) (-1908.630127 512 896 ) (-1908.630127 512 320 ) 
4 116 150 (-1024 0 320 ) (-1024 0 896 ) (-1152 0 896 ) (-1152 0 320 ) 
4 116 119 (-1152 448 320 ) (-1152 0 320 ) (-1152 0 321 ) (-1152 448 321 ) 
4 116 117 (-1152 0 321 ) (-1152 0 896 ) (-1152 448 896 ) (-1152 448 321 ) 
4 117 150 (-1152 0 896 ) (-1160 0 896 ) (-1160 0 321 ) (-1152 0 321 ) 
4 117 119 (-1160 512 321 ) (-1152 512 321 ) (-1152 0 321 ) (-1160 0 321 ) 
5 117 118 (-1160 512 896 ) (-1160 512 496 ) (-1160 281.316986 321 ) (-1160 0 321 ) (-1160 0 896 ) 
4 118 150 (-1160 0 896 ) (-1296 0 896 ) (-1296 0 321 ) (-1160 0 321 ) 
5 118 126 (-1296 360 380.690247 ) (-1296 281.316986 321 ) (-1296 0 321 ) (-1296 0 896 ) (-1296 360 896 ) 
4 118 120 (-1296 512 896 ) (-1296 512 510.986023 ) (-1296 368 510.986023 ) (-1296 368 896 ) 
4 118 123 (-1296 368 386.759186 ) (-1296 360 380.690247 ) (-1296 360 896 ) (-1296 368 896 ) 
4 118 119 (-1296 0 321 ) (-1296 281.316986 321 ) (-1160 281.316986 321 ) (-1160 0 321 ) 
4 119 150 (-1296 0 321 ) (-1296 0 320 ) (-1152 0 320 ) (-1152 0 321 ) 
4 119 126 (-1296 360 320 ) (-1296 0 320 ) (-1296 0 321 ) (-1296 360 321 ) 
4 119 122 (-1296 512 321 ) (-1296 512 320 ) (-1296 368 320 ) (-1296 368 321 ) 
4 119 123 (-1296 368 320 ) (-1296 360 320 ) (-1296 360 321 ) (-1296 368 321 ) 
4 120 124 (-1728 512 896 ) (-1728 512 510.986023 ) (-1728 368 510.986023 ) (-1728 368 896 ) 
4 120 123 (-1728 368 896 ) (-1728 368 510.986023 ) (-1296 368 510.986023 ) (-1296 368 896 ) 
4 121 124 (-1728 512 447.986023 ) (-1728 512 321 ) (-1728 368 321 ) (-1728 368 447.986023 ) 
4 121 122 (-1336 368 321 ) (-1728 368 321 ) (-1728 512 321 ) (-1336 512 321 ) 
4 121 123 (-1728 368 447.986023 ) (-1728 368 321 ) (-1336 368 321 ) (-1336 368 447.986023 ) 
4 122 124 (-1728 512 321 ) (-1728 512 320 ) (-1728 368 320 ) (-1728 368 321 ) 
4 122 123 (-1728 368 321 ) (-1728 368 320 ) (-1296 368 320 ) (-1296 368 321 ) 
4 123 126 (-1296 360 320 ) (-1296 360 896 ) (-1728 360 896 ) (-1728 360 320 ) 
4 123 124 (-1728 368 320 ) (-1728 360 320 ) (-1728 360 896 ) (-1728 368 896 ) 
3 124 127 (-1908.630127 360 320 ) (-1868.638062 360 320 ) (-1872.007324 360 321.525726 ) 
5 124 126 (-1728 360 320 ) (-1728 360 896 ) (-1908.630127 360 896 ) (-1908.630127 360 338.109985 ) (-1868.638062 360 320 ) 
4 125 158 (-2048 0 320 ) (-2048 0 896 ) (-2048 48.407688 896 ) (-2048 63.080109 320 ) 
4 125 150 (-1755.688354 0 896 ) (-2048 0 896 ) (-2048 0 320 ) (-1667.088257 0 320 ) 
5 125 126 (-1667.092651 0 320 ) (-1908.637939 40 320 ) (-2048 61.440956 384.322174 ) (-2048 48.406982 896 ) (-1755.692871 0 896 ) 
4 126 159 (-2048 48.407688 896 ) (-2048 360 896 ) (-2048 360 401.222046 ) (-2048 61.441631 384.322205 ) 
4 126 150 (-1296 0 896 ) (-1755.688354 0 896 ) (-1667.088257 0 320 ) (-1296 0 320 ) 
3 126 127 (-1908.636719 39.997070 320 ) (-1872.006104 360 321.525787 ) (-1868.636719 360 320 ) 
4 128 164 (-2048 1024 0 ) (-2048 1024 -256 ) (-2048 0 -256 ) (-2048 0 0 ) 
4 128 153 (-1024 0 -256 ) (-1024 0 0 ) (-2048 0 0 ) (-2048 0 -256 ) 
4 129 147 (0 -384 896 ) (0 -1024 896 ) (0 -1024 960 ) (0 -384 960 ) 
4 129 137 (0 -64 896 ) (0 -384 896 ) (0 -384 960 ) (0 -64 960 ) 
4 129 136 (0 0 960 ) (0 0 896 ) (0 -64 896 ) (0 -64 960 ) 
4 129 135 (1024 -1024 896 ) (1024 -1024 960 ) (0 -1024 960 ) (0 -1024 896 ) 
4 129 132 (768 -448 896 ) (768 -640 896 ) (512 -640 896 ) (512 -448 896 ) 
4 129 133 (768 -1024 896 ) (0 -1024 896 ) (0 -640 896 ) (768 -640 896 ) 
4 129 131 (0 -384 896 ) (0 0 896 ) (384 0 896 ) (384 -384 896 ) 
4 129 130 (1024 -1024 896 ) (768 -1024 896 ) (768 0 896 ) (1024 0 896 ) 
4 130 135 (1024 -1024 0 ) (1024 -1024 896 ) (768 -1024 896 ) (768 -1024 0 ) 
4 130 134 (768 0 0 ) (1024 0 0 ) (1024 -1024 0 ) (768 -1024 0 ) 
4 130 132 (768 -448 0 ) (768 -640 0 ) (768 -640 896 ) (768 -448 896 ) 
4 130 133 (768 -640 0 ) (768 -1024 0 ) (768 -1024 896 ) (768 -640 896 ) 
4 131 140 (0 -64 128 ) (0 -384 128 ) (0 -384 309.333344 ) (0 -64 277.333313 ) 
4 131 137 (0 -384 309.333344 ) (0 -384 896 ) (0 -64 896 ) (0 -64 277.333313 ) 
4 131 136 (0 0 896 ) (0 0 128 ) (0 -64 128 ) (0 -64 896 ) 
4 132 134 (768 -448 0 ) (768 -640 0 ) (512 -640 0 ) (512 -448 0 ) 
4 132 133 (512 -640 0 ) (768 -640 0 ) (768 -640 896 ) (512 -640 896 ) 
4 133 148 (0 -640 0 ) (0 -1024 0 ) (0 -1024 896 ) (0 -640 896 ) 
4 133 135 (768 -1024 896 ) (0 -1024 896 ) (0 -1024 0 ) (768 -1024 0 ) 
4 133 134 (0 -1024 0 ) (0 -640 0 ) (768 -640 0 ) (768 -1024 0 ) 
4 134 149 (0 0 0 ) (0 0 -256 ) (0 -1024 -256 ) (0 -1024 0 ) 
4 134 135 (1024 -1024 -256 ) (1024 -1024 0 ) (0 -1024 0 ) (0 -1024 -256 ) 
4 135 182 (1024 -2048 -256 ) (1024 -2048 960 ) (0 -2048 960 ) (0 -2048 -256 ) 
4 135 154 (0 -2048 -256 ) (0 -2048 960 ) (0 -1024 960 ) (0 -1024 -256 ) 
4 136 141 (-512 0 960 ) (-512 0 320 ) (-512 -64 320 ) (-512 -64 960 ) 
4 136 140 (-128 -64 128 ) (0 -64 128 ) (0 -64 277.333344 ) (-128 -64 288 ) 
4 136 138 (-512 -64 960 ) (-512 -64 320 ) (-128 -64 288 ) (-128 -64 960 ) 
4 136 137 (-128 -64 288 ) (0 -64 277.333344 ) (0 -64 960 ) (-128 -64 960 ) 
4 137 147 (0 -384 896 ) (0 -384 960 ) (-128 -384 960 ) (-128 -384 896 ) 
4 137 140 (-128 -64 288 ) (0 -64 277.334229 ) (0 -384 309.334229 ) (-128 -384 320 ) 
4 137 139 (-128 -384 320 ) (-128 -384 960 ) (-128 -208 960 ) (-128 -208 320 ) 
4 137 138 (-128 -64 288 ) (-128 -208 302.399048 ) (-128 -208 960 ) (-128 -64 960 ) 
4 138 141 (-512 -208 960 ) (-512 -64 960 ) (-512 -64 320 ) (-512 -208 334.399994 ) 
5 138 139 (-128 -208 320 ) (-128 -208 960 ) (-512 -208 960 ) (-512 -208 334.398560 ) (-339.217957 -208 320 ) 
4 139 147 (-128 -384 960 ) (-512 -384 960 ) (-512 -384 896 ) (-128 -384 896 ) 
4 139 141 (-512 -384 352 ) (-512 -384 960 ) (-512 -208 960 ) (-512 -208 334.399994 ) 
4 141 147 (-512 -384 896 ) (-512 -384 960 ) (-672 -384 960 ) (-672 -384 896 ) 
4 141 144 (-672 -160 960 ) (-672 0 960 ) (-672 0 474.666687 ) (-672 -160 528 ) 
4 141 145 (-672 -384 602.666748 ) (-672 -384 960 ) (-672 -160 960 ) (-672 -160 528 ) 
4 141 143 (-672 -48.721771 490.907074 ) (-672 0 474.666473 ) (-610.002014 0 330.004486 ) (-600.002197 -159.996704 360.003876 ) 
4 141 142 (-672 -384 602.666504 ) (-672 -48.721771 490.907074 ) (-578 -194.002213 320 ) (-550.857178 -384 320 ) 
4 142 144 (-672 -160 528 ) (-672 -48.721588 490.907227 ) (-672 -122.100983 423.106079 ) (-672 -160 416 ) 
5 142 145 (-672 -233.690033 320 ) (-672 -384 320 ) (-672 -384 602.666748 ) (-672 -160 528 ) (-672 -160 388.088135 ) 
3 142 143 (-672 -175.888840 373.410950 ) (-672 -48.725281 490.905151 ) (-600.003540 -159.998169 360.004364 ) 
4 143 144 (-672 -122.100983 423.106079 ) (-672 -48.721588 490.907227 ) (-672 0 474.666687 ) (-672 0 446 ) 
3 143 145 (-672 -175.885468 373.410278 ) (-672 -160 388.088135 ) (-672 -160 370.289917 ) 
4 144 145 (-992 -160 960 ) (-992 -160 432 ) (-672 -160 416 ) (-672 -160 960 ) 
4 144 146 (-992 -160 432 ) (-992 -160 960 ) (-992 0 960 ) (-992 0 462 ) 
4 145 147 (-672 -384 896 ) (-672 -384 960 ) (-992 -384 960 ) (-992 -384 896 ) 
4 145 146 (-992 -160 320 ) (-992 -384 320 ) (-992 -384 960 ) (-992 -160 960 ) 
4 146 150 (-1024 0 960 ) (-1024 0 320 ) (-1024 -384 320 ) (-1024 -384 960 ) 
4 146 147 (-1024 -384 960 ) (-1024 -384 896 ) (-992 -384 896 ) (-992 -384 960 ) 
4 147 154 (0 -1024 896 ) (0 -1024 960 ) (-1024 -1024 960 ) (-1024 -1024 896 ) 
4 147 151 (-1024 -1024 896 ) (-1024 -1024 960 ) (-1024 -384 960 ) (-1024 -384 896 ) 
4 147 148 (0 -1024 896 ) (-1024 -1024 896 ) (-1024 -640 896 ) (0 -640 896 ) 
4 148 154 (0 -1024 0 ) (0 -1024 896 ) (-1024 -1024 896 ) (-1024 -1024 0 ) 
4 148 152 (-1024 -640 0 ) (-1024 -1024 0 ) (-1024 -1024 896 ) (-1024 -640 896 ) 
4 148 149 (0 -1024 0 ) (-1024 -1024 0 ) (-1024 -640 0 ) (0 -640 0 ) 
4 149 154 (0 -1024 -256 ) (0 -1024 0 ) (-1024 -1024 0 ) (-1024 -1024 -256 ) 
4 149 153 (-1024 0 0 ) (-1024 0 -256 ) (-1024 -1024 -256 ) (-1024 -1024 0 ) 
4 150 167 (-2048 0 896 ) (-2048 0 320 ) (-2048 -384 320 ) (-2048 -384 896 ) 
4 150 166 (-2048 0 960 ) (-2048 0 896 ) (-2048 -384 896 ) (-2048 -384 960 ) 
4 150 151 (-2048 -384 960 ) (-2048 -384 896 ) (-1024 -384 896 ) (-1024 -384 960 ) 
4 151 166 (-2048 -1024 896 ) (-2048 -1024 960 ) (-2048 -384 960 ) (-2048 -384 896 ) 
4 151 155 (-1024 -1024 896 ) (-1024 -1024 960 ) (-2048 -1024 960 ) (-2048 -1024 896 ) 
4 151 152 (-1024 -640 896 ) (-1024 -1024 896 ) (-2048 -1024 896 ) (-2048 -640 896 ) 
4 152 174 (-2048 -1024 0 ) (-2048 -1024 896 ) (-2048 -640 896 ) (-2048 -640 0 ) 
4 152 155 (-1024 -1024 0 ) (-1024 -1024 896 ) (-2048 -1024 896 ) (-2048 -1024 0 ) 
4 152 153 (-1024 -640 0 ) (-1024 -1024 0 ) (-2048 -1024 0 ) (-2048 -640 0 ) 
4 153 175 (-2048 -1024 -256 ) (-2048 -1024 0 ) (-2048 0 0 ) (-2048 0 -256 ) 
4 153 155 (-1024 -1024 -256 ) (-1024 -1024 0 ) (-2048 -1024 0 ) (-2048 -1024 -256 ) 
4 154 184 (0 -2048 -256 ) (0 -2048 960 ) (-1024 -2048 960 ) (-1024 -2048 -256 ) 
4 154 155 (-1024 -1024 960 ) (-1024 -1024 -256 ) (-1024 -2048 -256 ) (-1024 -2048 960 ) 
4 155 185 (-1024 -2048 -256 ) (-1024 -2048 960 ) (-2048 -2048 960 ) (-2048 -2048 -256 ) 
4 155 177 (-2048 -2048 -256 ) (-2048 -2048 960 ) (-2048 -1024 960 ) (-2048 -1024 -256 ) 
4 156 166 (-2048 0 896 ) (-2048 0 960 ) (-3072 0 960 ) (-3072 0 896 ) 
4 156 165 (-3072 0 896 ) (-3072 0 960 ) (-3072 1024 960 ) (-3072 1024 896 ) 
4 156 163 (-3072 0 896 ) (-3072 744 896 ) (-3060.629883 744 896 ) (-3060.629883 0 896 ) 
4 156 160 (-2292.629883 504 896 ) (-2292.629883 0 896 ) (-2740.629883 0 896 ) (-2740.629883 504 896 ) 
4 156 159 (-2048 360 896 ) (-2048 48.407684 896 ) (-2292.629883 88.919106 896 ) (-2292.629883 360 896 ) 
4 156 158 (-2048 48.407684 896 ) (-2048 0 896 ) (-2292.629883 0 896 ) (-2292.629883 88.919106 896 ) 
4 156 157 (-3072 744 896 ) (-3072 1024 896 ) (-2048 1024 896 ) (-2048 744 896 ) 
4 157 165 (-3072 744 896 ) (-3072 1024 896 ) (-3072 1024 0 ) (-3072 744 0 ) 
4 157 164 (-3072 744 0 ) (-3072 1024 0 ) (-2048 1024 0 ) (-2048 744 0 ) 
4 157 162 (-3060.629883 744 0 ) (-2760 744 0 ) (-2760 744 144 ) (-3060.629883 744 144 ) 
4 157 161 (-2760 744 0 ) (-2740.629883 744 0 ) (-2740.629883 744 144 ) (-2760 744 144 ) 
4 157 163 (-3072 744 0 ) (-3060.629883 744 0 ) (-3060.629883 744 896 ) (-3072 744 896 ) 
4 158 167 (-2048 0 320 ) (-2048 0 896 ) (-2292.629883 0 896 ) (-2292.629883 0 320 ) 
4 158 160 (-2292.629883 0 512 ) (-2292.629883 0 896 ) (-2292.629883 88.919106 896 ) (-2292.629883 98.700760 512 ) 
4 158 159 (-2292.629883 99.077209 497.230408 ) (-2292.629883 88.919350 896 ) (-2048 48.407917 896 ) (-2048 61.442154 384.322235 ) 
4 159 160 (-2292.629883 98.700752 512 ) (-2292.629883 88.919106 896 ) (-2292.629883 360 896 ) (-2292.629883 360 512 ) 
4 160 168 (-2292.629883 0 896 ) (-2740.629883 0 896 ) (-2740.629883 0 512 ) (-2292.629883 0 512 ) 
4 161 164 (-2760 512 0 ) (-2760 744 0 ) (-2740.629883 744 0 ) (-2740.629883 512 0 ) 
4 161 162 (-2760 744 144 ) (-2760 744 0 ) (-2760 512 0 ) (-2760 512 144 ) 
4 162 170 (-3060.629883 0 144 ) (-3060.629883 0 0 ) (-2760 0 0 ) (-2760 0 144 ) 
4 162 164 (-2760 0 0 ) (-3060.629883 0 0 ) (-3060.629883 744 0 ) (-2760 744 0 ) 
4 162 163 (-3060.629883 744 144 ) (-3060.629883 744 0 ) (-3060.629883 0 0 ) (-3060.629883 0 144 ) 
4 163 173 (-3060.629883 0 896 ) (-3072 0 896 ) (-3072 0 0 ) (-3060.629883 0 0 ) 
4 163 165 (-3072 0 0 ) (-3072 0 896 ) (-3072 744 896 ) (-3072 744 0 ) 
4 163 164 (-3060.629883 0 0 ) (-3072 0 0 ) (-3072 744 0 ) (-3060.629883 744 0 ) 
4 164 175 (-2048 0 -256 ) (-2048 0 0 ) (-3072 0 0 ) (-3072 0 -256 ) 
4 164 165 (-3072 0 -256 ) (-3072 0 0 ) (-3072 1024 0 ) (-3072 1024 -256 ) 
4 165 179 (-4096 0 -256 ) (-4096 0 960 ) (-4096 1024 960 ) (-4096 1024 -256 ) 
4 165 176 (-3072 0 -256 ) (-3072 0 960 ) (-4096 0 960 ) (-4096 0 -256 ) 
4 166 177 (-2048 -1024 896 ) (-2048 -1024 960 ) (-3072 -1024 960 ) (-3072 -1024 896 ) 
4 166 176 (-3072 -1024 896 ) (-3072 -1024 960 ) (-3072 0 960 ) (-3072 0 896 ) 
4 166 172 (-2864 -640 896 ) (-3060.629883 -640 896 ) (-3060.629883 -408 896 ) (-2864 -408 896 ) 
4 166 168 (-2740.629883 0 896 ) (-2292.629883 0 896 ) (-2292.629883 -88 896 ) (-2740.629883 -88 896 ) 
4 166 169 (-2292.629883 -88 896 ) (-2292.629883 -384 896 ) (-2740.629883 -384 896 ) (-2740.629883 -88 896 ) 
4 166 167 (-2292.629883 0 896 ) (-2048 0 896 ) (-2048 -384 896 ) (-2292.629883 -384 896 ) 
4 166 173 (-3072 -640 896 ) (-3072 0 896 ) (-3060.629883 0 896 ) (-3060.629883 -640 896 ) 
4 166 174 (-3072 -1024 896 ) (-3072 -640 896 ) (-2048 -640 896 ) (-2048 -1024 896 ) 
4 167 168 (-2292.629883 -88 512 ) (-2292.629883 -88 896 ) (-2292.629883 0 896 ) (-2292.629883 0 512 ) 
4 167 169 (-2292.629883 -88 320 ) (-2292.629883 -384 320 ) (-2292.629883 -384 896 ) (-2292.629883 -88 896 ) 
4 168 169 (-2740.629883 -88 896 ) (-2740.629883 -88 512 ) (-2292.629883 -88 512 ) (-2292.629883 -88 896 ) 
4 170 175 (-3060.629883 0 0 ) (-2760 0 0 ) (-2760 -384 0 ) (-3060.629883 -384 0 ) 
4 170 171 (-3060.629883 -384 144 ) (-3060.629883 -384 0 ) (-2864 -384 0 ) (-2864 -384 144 ) 
4 170 173 (-3060.629883 0 0 ) (-3060.629883 -384 0 ) (-3060.629883 -384 144 ) (-3060.629883 0 144 ) 
4 171 175 (-2864 -408 0 ) (-3060.629883 -408 0 ) (-3060.629883 -384 0 ) (-2864 -384 0 ) 
4 171 172 (-3060.629883 -408 144 ) (-3060.629883 -408 0 ) (-2864 -408 0 ) (-2864 -408 144 ) 
4 171 173 (-3060.629883 -384 0 ) (-3060.629883 -408 0 ) (-3060.629883 -408 144 ) (-3060.629883 -384 144 ) 
4 172 175 (-2864 -640 0 ) (-3060.629883 -640 0 ) (-3060.629883 -408 0 ) (-2864 -408 0 ) 
4 172 174 (-3060.629883 -640 0 ) (-2864 -640 0 ) (-2864 -640 896 ) (-3060.629883 -640 896 ) 
4 172 173 (-3060.629883 -408 0 ) (-3060.629883 -640 0 ) (-3060.629883 -640 896 ) (-3060.629883 -408 896 ) 
4 173 176 (-3072 -640 896 ) (-3072 0 896 ) (-3072 0 0 ) (-3072 -640 0 ) 
4 173 175 (-3072 -640 0 ) (-3072 0 0 ) (-3060.629883 0 0 ) (-3060.629883 -640 0 ) 
4 173 174 (-3072 -640 0 ) (-3060.629883 -640 0 ) (-3060.629883 -640 896 ) (-3072 -640 896 ) 
4 174 177 (-2048 -1024 0 ) (-2048 -1024 896 ) (-3072 -1024 896 ) (-3072 -1024 0 ) 
4 174 176 (-3072 -1024 0 ) (-3072 -1024 896 ) (-3072 -640 896 ) (-3072 -640 0 ) 
4 174 175 (-2048 -1024 0 ) (-3072 -1024 0 ) (-3072 -640 0 ) (-2048 -640 0 ) 
4 175 177 (-2048 -1024 -256 ) (-2048 -1024 0 ) (-3072 -1024 0 ) (-3072 -1024 -256 ) 
4 175 176 (-3072 -1024 -256 ) (-3072 -1024 0 ) (-3072 0 0 ) (-3072 0 -256 ) 
4 176 180 (-4096 -1024 -256 ) (-4096 -1024 960 ) (-4096 0 960 ) (-4096 0 -256 ) 
4 176 178 (-4096 -1024 960 ) (-4096 -1024 -256 ) (-3072 -1024 -256 ) (-3072 -1024 960 ) 
4 177 191 (-2048 -2048 -256 ) (-2048 -2048 960 ) (-3072 -2048 960 ) (-3072 -2048 -256 ) 
4 177 178 (-3072 -1024 960 ) (-3072 -1024 -256 ) (-3072 -2048 -256 ) (-3072 -2048 960 ) 
4 178 192 (-3072 -2048 -256 ) (-3072 -2048 960 ) (-4096 -2048 960 ) (-4096 -2048 -256 ) 
4 178 181 (-4096 -2048 -256 ) (-4096 -2048 960 ) (-4096 -1024 960 ) (-4096 -1024 -256 ) 
4 179 180 (-4096 0 -256 ) (-4096 0 960 ) (-4992 0 960 ) (-4992 0 -256 ) 
4 180 181 (-4096 -1024 -256 ) (-4096 -1024 960 ) (-4992 -1024 960 ) (-4992 -1024 -256 ) 
4 181 195 (-4096 -2048 -256 ) (-4096 -2048 960 ) (-4992 -2048 960 ) (-4992 -2048 -256 ) 
4 182 184 (0 -2048 960 ) (0 -2048 -256 ) (0 -3072 -256 ) (0 -3072 960 ) 
4 182 183 (1024 -3072 -256 ) (1024 -3072 960 ) (0 -3072 960 ) (0 -3072 -256 ) 
4 183 188 (1024 -4096 -256 ) (1024 -4096 960 ) (0 -4096 960 ) (0 -4096 -256 ) 
4 183 186 (0 -4096 -256 ) (0 -4096 960 ) (0 -3072 960 ) (0 -3072 -256 ) 
4 184 186 (0 -3072 -256 ) (0 -3072 960 ) (-1024 -3072 960 ) (-1024 -3072 -256 ) 
4 184 185 (-1024 -2048 960 ) (-1024 -2048 -256 ) (-1024 -3072 -256 ) (-1024 -3072 960 ) 
4 185 191 (-2048 -2048 960 ) (-2048 -2048 -256 ) (-2048 -3072 -256 ) (-2048 -3072 960 ) 
4 185 187 (-1024 -3072 -256 ) (-1024 -3072 960 ) (-2048 -3072 960 ) (-2048 -3072 -256 ) 
4 186 189 (0 -4096 -256 ) (0 -4096 960 ) (-1024 -4096 960 ) (-1024 -4096 -256 ) 
4 186 187 (-1024 -3072 960 ) (-1024 -3072 -256 ) (-1024 -4096 -256 ) (-1024 -4096 960 ) 
4 187 193 (-2048 -4096 -256 ) (-2048 -4096 960 ) (-2048 -3072 960 ) (-2048 -3072 -256 ) 
4 187 190 (-1024 -4096 -256 ) (-1024 -4096 960 ) (-2048 -4096 960 ) (-2048 -4096 -256 ) 
4 188 189 (0 -4096 960 ) (0 -4096 -256 ) (0 -4928 -256 ) (0 -4928 960 ) 
4 189 190 (-1024 -4096 960 ) (-1024 -4096 -256 ) (-1024 -4928 -256 ) (-1024 -4928 960 ) 
4 190 197 (-2048 -4928 960 ) (-2048 -4096 960 ) (-2048 -4096 -256 ) (-2048 -4928 -256 ) 
4 191 193 (-2048 -3072 -256 ) (-2048 -3072 960 ) (-3072 -3072 960 ) (-3072 -3072 -256 ) 
4 191 192 (-3072 -2048 960 ) (-3072 -2048 -256 ) (-3072 -3072 -256 ) (-3072 -3072 960 ) 
4 192 195 (-4096 -2048 960 ) (-4096 -2048 -256 ) (-4096 -3072 -256 ) (-4096 -3072 960 ) 
4 192 194 (-3072 -3072 -256 ) (-3072 -3072 960 ) (-4096 -3072 960 ) (-4096 -3072 -256 ) 
4 193 197 (-2048 -4096 -256 ) (-2048 -4096 960 ) (-3072 -4096 960 ) (-3072 -4096 -256 ) 
4 193 194 (-3072 -3072 960 ) (-3072 -3072 -256 ) (-3072 -4096 -256 ) (-3072 -4096 960 ) 
4 194 198 (-3072 -4096 -256 ) (-3072 -4096 960 ) (-4096 -4096 960 ) (-4096 -4096 -256 ) 
4 194 196 (-4096 -4096 -256 ) (-4096 -4096 960 ) (-4096 -3072 960 ) (-4096 -3072 -256 ) 
4 195 196 (-4096 -3072 -256 ) (-4096 -3072 960 ) (-4992 -3072 960 ) (-4992 -3072 -256 ) 
4 196 199 (-4096 -4096 -256 ) (-4096 -4096 960 ) (-4992 -4096 960 ) (-4992 -4096 -256 ) 
4 197 198 (-3072 -4096 960 ) (-3072 -4096 -256 ) (-3072 -4928 -256 ) (-3072 -4928 960 ) 
4 198 199 (-4096 -4096 960 ) (-4096 -4096 -256 ) (-4096 -4928 -256 ) (-4096 -4928 960 ) 
