PRT1
231
577
4 0 2 (5888 6144 960 ) (5120 6144 960 ) (5120 6144 -256 ) (5888 6144 -256 ) 
4 0 1 (5120 6144 -256 ) (5120 6144 960 ) (5120 6464 960 ) (5120 6464 -256 ) 
4 1 4 (4096 6144 -256 ) (4096 6144 960 ) (4096 6464 960 ) (4096 6464 -256 ) 
4 1 3 (5120 6144 -256 ) (5120 6144 960 ) (4096 6144 960 ) (4096 6144 -256 ) 
4 2 10 (5888 5120 960 ) (5120 5120 960 ) (5120 5120 -256 ) (5888 5120 -256 ) 
4 2 3 (5120 6144 960 ) (5120 6144 -256 ) (5120 5120 -256 ) (5120 5120 960 ) 
4 3 11 (5120 5120 -256 ) (5120 5120 960 ) (4096 5120 960 ) (4096 5120 -256 ) 
4 3 5 (4096 5120 -256 ) (4096 5120 960 ) (4096 6144 960 ) (4096 6144 -256 ) 
4 4 6 (3072 6144 -256 ) (3072 6144 960 ) (3072 6464 960 ) (3072 6464 -256 ) 
4 4 5 (4096 6144 -256 ) (4096 6144 960 ) (3072 6144 960 ) (3072 6144 -256 ) 
4 5 18 (4096 5120 -256 ) (4096 5120 960 ) (3072 5120 960 ) (3072 5120 -256 ) 
4 5 8 (3072 5120 -256 ) (3072 5120 960 ) (3072 6144 960 ) (3072 6144 -256 ) 
4 6 8 (3072 6144 -256 ) (3072 6144 960 ) (2048 6144 960 ) (2048 6144 -256 ) 
4 6 7 (2048 6144 -256 ) (2048 6144 960 ) (2048 6464 960 ) (2048 6464 -256 ) 
4 7 30 (1024 6144 -256 ) (1024 6144 960 ) (1024 6464 960 ) (1024 6464 -256 ) 
4 7 9 (2048 6144 -256 ) (2048 6144 960 ) (1024 6144 960 ) (1024 6144 -256 ) 
4 8 20 (3072 5120 -256 ) (3072 5120 960 ) (2048 5120 960 ) (2048 5120 -256 ) 
4 8 9 (2048 6144 960 ) (2048 6144 -256 ) (2048 5120 -256 ) (2048 5120 960 ) 
4 9 31 (1024 5120 -256 ) (1024 5120 960 ) (1024 6144 960 ) (1024 6144 -256 ) 
4 9 21 (2048 5120 -256 ) (2048 5120 960 ) (1024 5120 960 ) (1024 5120 -256 ) 
4 10 12 (5888 4096 960 ) (5120 4096 960 ) (5120 4096 -256 ) (5888 4096 -256 ) 
4 10 11 (5120 5120 960 ) (5120 5120 -256 ) (5120 4096 -256 ) (5120 4096 960 ) 
4 11 18 (4096 5120 960 ) (4096 5120 -256 ) (4096 4096 -256 ) (4096 4096 960 ) 
4 11 13 (5120 4096 -256 ) (5120 4096 960 ) (4096 4096 960 ) (4096 4096 -256 ) 
4 12 14 (5888 3072 960 ) (5120 3072 960 ) (5120 3072 -256 ) (5888 3072 -256 ) 
4 12 13 (5120 4096 960 ) (5120 4096 -256 ) (5120 3072 -256 ) (5120 3072 960 ) 
4 13 19 (4096 3072 -256 ) (4096 3072 960 ) (4096 4096 960 ) (4096 4096 -256 ) 
4 13 15 (5120 3072 -256 ) (5120 3072 960 ) (4096 3072 960 ) (4096 3072 -256 ) 
4 14 16 (5888 2048 960 ) (5120 2048 960 ) (5120 2048 -256 ) (5888 2048 -256 ) 
4 14 15 (5120 3072 960 ) (5120 3072 -256 ) (5120 2048 -256 ) (5120 2048 960 ) 
4 15 24 (4096 2048 -256 ) (4096 2048 960 ) (4096 3072 960 ) (4096 3072 -256 ) 
4 15 17 (5120 2048 -256 ) (5120 2048 960 ) (4096 2048 960 ) (4096 2048 -256 ) 
4 16 66 (5888 1024 960 ) (5120 1024 960 ) (5120 1024 -256 ) (5888 1024 -256 ) 
4 16 17 (5120 2048 960 ) (5120 2048 -256 ) (5120 1024 -256 ) (5120 1024 960 ) 
4 17 67 (5120 1024 -256 ) (5120 1024 960 ) (4096 1024 960 ) (4096 1024 -256 ) 
4 17 25 (4096 1024 -256 ) (4096 1024 960 ) (4096 2048 960 ) (4096 2048 -256 ) 
4 18 20 (3072 5120 960 ) (3072 5120 -256 ) (3072 4096 -256 ) (3072 4096 960 ) 
4 18 19 (4096 4096 -256 ) (4096 4096 960 ) (3072 4096 960 ) (3072 4096 -256 ) 
4 19 24 (4096 3072 -256 ) (4096 3072 960 ) (3072 3072 960 ) (3072 3072 -256 ) 
4 19 22 (3072 3072 -256 ) (3072 3072 960 ) (3072 4096 960 ) (3072 4096 -256 ) 
4 20 22 (3072 4096 -256 ) (3072 4096 960 ) (2048 4096 960 ) (2048 4096 -256 ) 
4 20 21 (2048 5120 960 ) (2048 5120 -256 ) (2048 4096 -256 ) (2048 4096 960 ) 
4 21 42 (1024 4096 -256 ) (1024 4096 960 ) (1024 5120 960 ) (1024 5120 -256 ) 
4 21 23 (2048 4096 -256 ) (2048 4096 960 ) (1024 4096 960 ) (1024 4096 -256 ) 
4 22 26 (3072 3072 -256 ) (3072 3072 960 ) (2048 3072 960 ) (2048 3072 -256 ) 
4 22 23 (2048 4096 960 ) (2048 4096 -256 ) (2048 3072 -256 ) (2048 3072 960 ) 
4 23 43 (1024 3072 -256 ) (1024 3072 960 ) (1024 4096 960 ) (1024 4096 -256 ) 
4 23 27 (2048 3072 -256 ) (2048 3072 960 ) (1024 3072 960 ) (1024 3072 -256 ) 
4 24 26 (3072 3072 960 ) (3072 3072 -256 ) (3072 2048 -256 ) (3072 2048 960 ) 
4 24 25 (4096 2048 -256 ) (4096 2048 960 ) (3072 2048 960 ) (3072 2048 -256 ) 
4 25 72 (4096 1024 -256 ) (4096 1024 960 ) (3072 1024 960 ) (3072 1024 -256 ) 
4 25 28 (3072 1024 -256 ) (3072 1024 960 ) (3072 2048 960 ) (3072 2048 -256 ) 
4 26 28 (3072 2048 -256 ) (3072 2048 960 ) (2048 2048 960 ) (2048 2048 -256 ) 
4 26 27 (2048 3072 960 ) (2048 3072 -256 ) (2048 2048 -256 ) (2048 2048 960 ) 
4 27 48 (1024 2048 -256 ) (1024 2048 960 ) (1024 3072 960 ) (1024 3072 -256 ) 
4 27 29 (2048 2048 -256 ) (2048 2048 960 ) (1024 2048 960 ) (1024 2048 -256 ) 
4 28 73 (3072 1024 -256 ) (3072 1024 960 ) (2048 1024 960 ) (2048 1024 -256 ) 
4 28 29 (2048 2048 960 ) (2048 2048 -256 ) (2048 1024 -256 ) (2048 1024 960 ) 
4 29 74 (2048 1024 -256 ) (2048 1024 960 ) (1024 1024 960 ) (1024 1024 -256 ) 
4 29 49 (1024 1024 -256 ) (1024 1024 960 ) (1024 2048 960 ) (1024 2048 -256 ) 
4 30 32 (0 6144 -256 ) (0 6144 960 ) (0 6464 960 ) (0 6464 -256 ) 
4 30 31 (1024 6144 -256 ) (1024 6144 960 ) (0 6144 960 ) (0 6144 -256 ) 
4 31 42 (1024 5120 -256 ) (1024 5120 960 ) (0 5120 960 ) (0 5120 -256 ) 
4 31 34 (0 5120 -256 ) (0 5120 960 ) (0 6144 960 ) (0 6144 -256 ) 
4 32 34 (0 6144 -256 ) (0 6144 960 ) (-1024 6144 960 ) (-1024 6144 -256 ) 
4 32 33 (-1024 6144 -256 ) (-1024 6144 960 ) (-1024 6464 960 ) (-1024 6464 -256 ) 
4 33 36 (-2048 6144 -256 ) (-2048 6144 960 ) (-2048 6464 960 ) (-2048 6464 -256 ) 
4 33 35 (-1024 6144 -256 ) (-1024 6144 960 ) (-2048 6144 960 ) (-2048 6144 -256 ) 
4 34 44 (0 5120 -256 ) (0 5120 960 ) (-1024 5120 960 ) (-1024 5120 -256 ) 
4 34 35 (-1024 6144 960 ) (-1024 6144 -256 ) (-1024 5120 -256 ) (-1024 5120 960 ) 
4 35 45 (-1024 5120 -256 ) (-1024 5120 960 ) (-2048 5120 960 ) (-2048 5120 -256 ) 
4 35 38 (-2048 5120 -256 ) (-2048 5120 960 ) (-2048 6144 960 ) (-2048 6144 -256 ) 
4 36 38 (-2048 6144 -256 ) (-2048 6144 960 ) (-3072 6144 960 ) (-3072 6144 -256 ) 
4 36 37 (-3072 6464 -256 ) (-3072 6144 -256 ) (-3072 6144 960 ) (-3072 6464 960 ) 
4 37 40 (-4096 6144 -256 ) (-4096 6144 960 ) (-4096 6464 960 ) (-4096 6464 -256 ) 
4 37 39 (-4096 6144 960 ) (-4096 6144 -256 ) (-3072 6144 -256 ) (-3072 6144 960 ) 
4 38 54 (-2048 5120 -256 ) (-2048 5120 960 ) (-3072 5120 960 ) (-3072 5120 -256 ) 
4 38 39 (-3072 6144 960 ) (-3072 6144 -256 ) (-3072 5120 -256 ) (-3072 5120 960 ) 
4 39 55 (-3072 5120 -256 ) (-3072 5120 960 ) (-4096 5120 960 ) (-4096 5120 -256 ) 
4 39 41 (-4096 5120 -256 ) (-4096 5120 960 ) (-4096 6144 960 ) (-4096 6144 -256 ) 
4 40 41 (-4096 6144 -256 ) (-4096 6144 960 ) (-4992 6144 960 ) (-4992 6144 -256 ) 
4 41 58 (-4096 5120 -256 ) (-4096 5120 960 ) (-4992 5120 960 ) (-4992 5120 -256 ) 
4 42 44 (0 5120 960 ) (0 5120 -256 ) (0 4096 -256 ) (0 4096 960 ) 
4 42 43 (1024 4096 -256 ) (1024 4096 960 ) (0 4096 960 ) (0 4096 -256 ) 
4 43 48 (1024 3072 -256 ) (1024 3072 960 ) (0 3072 960 ) (0 3072 -256 ) 
4 43 46 (0 3072 -256 ) (0 3072 960 ) (0 4096 960 ) (0 4096 -256 ) 
4 44 46 (0 4096 -256 ) (0 4096 960 ) (-1024 4096 960 ) (-1024 4096 -256 ) 
4 44 45 (-1024 5120 960 ) (-1024 5120 -256 ) (-1024 4096 -256 ) (-1024 4096 960 ) 
4 45 54 (-2048 5120 960 ) (-2048 5120 -256 ) (-2048 4096 -256 ) (-2048 4096 960 ) 
4 45 47 (-1024 4096 -256 ) (-1024 4096 960 ) (-2048 4096 960 ) (-2048 4096 -256 ) 
4 46 50 (0 3072 -256 ) (0 3072 960 ) (-1024 3072 960 ) (-1024 3072 -256 ) 
4 46 47 (-1024 4096 960 ) (-1024 4096 -256 ) (-1024 3072 -256 ) (-1024 3072 960 ) 
4 47 56 (-2048 3072 -256 ) (-2048 3072 960 ) (-2048 4096 960 ) (-2048 4096 -256 ) 
4 47 51 (-1024 3072 -256 ) (-1024 3072 960 ) (-2048 3072 960 ) (-2048 3072 -256 ) 
4 48 50 (0 3072 960 ) (0 3072 -256 ) (0 2048 -256 ) (0 2048 960 ) 
4 48 49 (1024 2048 -256 ) (1024 2048 960 ) (0 2048 960 ) (0 2048 -256 ) 
4 49 102 (1024 1024 -256 ) (1024 1024 0 ) (0 1024 0 ) (0 1024 -256 ) 
4 49 98 (640 1024 896 ) (0 1024 896 ) (0 1024 0 ) (640 1024 0 ) 
4 49 97 (1024 1024 0 ) (1024 1024 896 ) (640 1024 896 ) (640 1024 0 ) 
4 49 96 (1024 1024 896 ) (1024 1024 960 ) (0 1024 960 ) (0 1024 896 ) 
4 49 52 (0 1024 -256 ) (0 1024 960 ) (0 2048 960 ) (0 2048 -256 ) 
4 50 52 (0 2048 -256 ) (0 2048 960 ) (-1024 2048 960 ) (-1024 2048 -256 ) 
4 50 51 (-1024 3072 960 ) (-1024 3072 -256 ) (-1024 2048 -256 ) (-1024 2048 960 ) 
4 51 60 (-2048 2048 -256 ) (-2048 2048 960 ) (-2048 3072 960 ) (-2048 3072 -256 ) 
4 51 53 (-1024 2048 -256 ) (-1024 2048 960 ) (-2048 2048 960 ) (-2048 2048 -256 ) 
4 52 111 (0 1024 -256 ) (0 1024 0 ) (-1024 1024 0 ) (-1024 1024 -256 ) 
4 52 104 (0 1024 0 ) (0 1024 896 ) (-1024 1024 896 ) (-1024 1024 0 ) 
4 52 103 (0 1024 896 ) (0 1024 960 ) (-1024 1024 960 ) (-1024 1024 896 ) 
4 52 53 (-1024 2048 960 ) (-1024 2048 -256 ) (-1024 1024 -256 ) (-1024 1024 960 ) 
4 53 151 (-2048 1024 0 ) (-2048 1024 -256 ) (-1296 1024 -256 ) (-1296 1024 0 ) 
4 53 140 (-2048 1024 896 ) (-2048 1024 0 ) (-1908.630127 1024 0 ) (-1908.630127 1024 896 ) 
4 53 139 (-1908.630127 1024 0 ) (-1296 1024 0 ) (-1296 1024 896 ) (-1908.630127 1024 896 ) 
4 53 138 (-1296 1024 960 ) (-2048 1024 960 ) (-2048 1024 896 ) (-1296 1024 896 ) 
4 53 115 (-1024 1024 -256 ) (-1024 1024 0 ) (-1296 1024 0 ) (-1296 1024 -256 ) 
4 53 114 (-1152 1024 896 ) (-1296 1024 896 ) (-1296 1024 0 ) (-1152 1024 0 ) 
4 53 113 (-1024 1024 0 ) (-1024 1024 896 ) (-1152 1024 896 ) (-1152 1024 0 ) 
4 53 112 (-1024 1024 896 ) (-1024 1024 960 ) (-1296 1024 960 ) (-1296 1024 896 ) 
4 53 62 (-2048 1024 -256 ) (-2048 1024 960 ) (-2048 2048 960 ) (-2048 2048 -256 ) 
4 54 56 (-2048 4096 -256 ) (-2048 4096 960 ) (-3072 4096 960 ) (-3072 4096 -256 ) 
4 54 55 (-3072 5120 960 ) (-3072 5120 -256 ) (-3072 4096 -256 ) (-3072 4096 960 ) 
4 55 58 (-4096 5120 960 ) (-4096 5120 -256 ) (-4096 4096 -256 ) (-4096 4096 960 ) 
4 55 57 (-3072 4096 -256 ) (-3072 4096 960 ) (-4096 4096 960 ) (-4096 4096 -256 ) 
4 56 60 (-2048 3072 -256 ) (-2048 3072 960 ) (-3072 3072 960 ) (-3072 3072 -256 ) 
4 56 57 (-3072 4096 960 ) (-3072 4096 -256 ) (-3072 3072 -256 ) (-3072 3072 960 ) 
4 57 61 (-3072 3072 -256 ) (-3072 3072 960 ) (-4096 3072 960 ) (-4096 3072 -256 ) 
4 57 59 (-4096 3072 -256 ) (-4096 3072 960 ) (-4096 4096 960 ) (-4096 4096 -256 ) 
4 58 59 (-4096 4096 -256 ) (-4096 4096 960 ) (-4992 4096 960 ) (-4992 4096 -256 ) 
4 59 64 (-4096 3072 -256 ) (-4096 3072 960 ) (-4992 3072 960 ) (-4992 3072 -256 ) 
4 60 62 (-2048 2048 -256 ) (-2048 2048 960 ) (-3072 2048 960 ) (-3072 2048 -256 ) 
4 60 61 (-3072 3072 960 ) (-3072 3072 -256 ) (-3072 2048 -256 ) (-3072 2048 960 ) 
4 61 64 (-4096 3072 960 ) (-4096 3072 -256 ) (-4096 2048 -256 ) (-4096 2048 960 ) 
4 61 63 (-3072 2048 -256 ) (-3072 2048 960 ) (-4096 2048 960 ) (-4096 2048 -256 ) 
4 62 193 (-2048 1024 -256 ) (-2048 1024 0 ) (-3072 1024 0 ) (-3072 1024 -256 ) 
4 62 180 (-2048 1024 0 ) (-2048 1024 896 ) (-3072 1024 896 ) (-3072 1024 0 ) 
4 62 179 (-2048 1024 896 ) (-2048 1024 960 ) (-3072 1024 960 ) (-3072 1024 896 ) 
4 62 63 (-3072 2048 960 ) (-3072 2048 -256 ) (-3072 1024 -256 ) (-3072 1024 960 ) 
4 63 194 (-3072 1024 -256 ) (-3072 1024 960 ) (-4096 1024 960 ) (-4096 1024 -256 ) 
4 63 65 (-4096 1024 -256 ) (-4096 1024 960 ) (-4096 2048 960 ) (-4096 2048 -256 ) 
4 64 65 (-4096 2048 -256 ) (-4096 2048 960 ) (-4992 2048 960 ) (-4992 2048 -256 ) 
4 65 210 (-4096 1024 -256 ) (-4096 1024 960 ) (-4992 1024 960 ) (-4992 1024 -256 ) 
4 66 68 (5888 0 960 ) (5120 0 960 ) (5120 0 -256 ) (5888 0 -256 ) 
4 66 67 (5120 0 -256 ) (5120 0 960 ) (5120 1024 960 ) (5120 1024 -256 ) 
4 67 72 (4096 1024 960 ) (4096 1024 -256 ) (4096 0 -256 ) (4096 0 960 ) 
4 67 69 (5120 0 -256 ) (5120 0 960 ) (4096 0 960 ) (4096 0 -256 ) 
4 68 70 (5888 -1024 960 ) (5120 -1024 960 ) (5120 -1024 -256 ) (5888 -1024 -256 ) 
4 68 69 (5120 0 960 ) (5120 0 -256 ) (5120 -1024 -256 ) (5120 -1024 960 ) 
4 69 75 (4096 -1024 -256 ) (4096 -1024 960 ) (4096 0 960 ) (4096 0 -256 ) 
4 69 71 (5120 -1024 -256 ) (5120 -1024 960 ) (4096 -1024 960 ) (4096 -1024 -256 ) 
4 70 81 (5888 -2048 960 ) (5120 -2048 960 ) (5120 -2048 -256 ) (5888 -2048 -256 ) 
4 70 71 (5120 -1024 960 ) (5120 -1024 -256 ) (5120 -2048 -256 ) (5120 -2048 960 ) 
4 71 82 (5120 -2048 -256 ) (5120 -2048 960 ) (4096 -2048 960 ) (4096 -2048 -256 ) 
4 71 76 (4096 -2048 -256 ) (4096 -2048 960 ) (4096 -1024 960 ) (4096 -1024 -256 ) 
4 72 75 (4096 0 -256 ) (4096 0 960 ) (3072 0 960 ) (3072 0 -256 ) 
4 72 73 (3072 1024 960 ) (3072 1024 -256 ) (3072 0 -256 ) (3072 0 960 ) 
4 73 77 (3072 0 -256 ) (3072 0 960 ) (2048 0 960 ) (2048 0 -256 ) 
4 73 74 (2048 0 -256 ) (2048 0 960 ) (2048 1024 960 ) (2048 1024 -256 ) 
4 74 102 (1024 1024 0 ) (1024 1024 -256 ) (1024 0 -256 ) (1024 0 0 ) 
4 74 99 (1024 448 0 ) (1024 0 0 ) (1024 0 960 ) (1024 448 960 ) 
4 74 97 (1024 1024 896 ) (1024 1024 0 ) (1024 448 0 ) (1024 448 896 ) 
4 74 96 (1024 1024 960 ) (1024 1024 896 ) (1024 448 896 ) (1024 448 960 ) 
4 74 78 (2048 0 -256 ) (2048 0 960 ) (1024 0 960 ) (1024 0 -256 ) 
4 75 77 (3072 0 960 ) (3072 0 -256 ) (3072 -1024 -256 ) (3072 -1024 960 ) 
4 75 76 (4096 -1024 -256 ) (4096 -1024 960 ) (3072 -1024 960 ) (3072 -1024 -256 ) 
4 76 87 (4096 -2048 -256 ) (4096 -2048 960 ) (3072 -2048 960 ) (3072 -2048 -256 ) 
4 76 79 (3072 -2048 -256 ) (3072 -2048 960 ) (3072 -1024 960 ) (3072 -1024 -256 ) 
4 77 79 (3072 -1024 -256 ) (3072 -1024 960 ) (2048 -1024 960 ) (2048 -1024 -256 ) 
4 77 78 (2048 0 960 ) (2048 0 -256 ) (2048 -1024 -256 ) (2048 -1024 960 ) 
4 78 157 (1024 -1024 -256 ) (1024 -1024 0 ) (1024 0 0 ) (1024 0 -256 ) 
4 78 153 (1024 -1024 0 ) (1024 -1024 896 ) (1024 0 896 ) (1024 0 0 ) 
4 78 152 (1024 -1024 896 ) (1024 -1024 960 ) (1024 0 960 ) (1024 0 896 ) 
4 78 80 (2048 -1024 -256 ) (2048 -1024 960 ) (1024 -1024 960 ) (1024 -1024 -256 ) 
4 79 89 (3072 -2048 -256 ) (3072 -2048 960 ) (2048 -2048 960 ) (2048 -2048 -256 ) 
4 79 80 (2048 -1024 960 ) (2048 -1024 -256 ) (2048 -2048 -256 ) (2048 -2048 960 ) 
4 80 158 (1024 -2048 -256 ) (1024 -2048 960 ) (1024 -1024 960 ) (1024 -1024 -256 ) 
4 80 90 (2048 -2048 -256 ) (2048 -2048 960 ) (1024 -2048 960 ) (1024 -2048 -256 ) 
4 81 83 (5888 -3072 960 ) (5120 -3072 960 ) (5120 -3072 -256 ) (5888 -3072 -256 ) 
4 81 82 (5120 -2048 960 ) (5120 -2048 -256 ) (5120 -3072 -256 ) (5120 -3072 960 ) 
4 82 87 (4096 -2048 960 ) (4096 -2048 -256 ) (4096 -3072 -256 ) (4096 -3072 960 ) 
4 82 84 (5120 -3072 -256 ) (5120 -3072 960 ) (4096 -3072 960 ) (4096 -3072 -256 ) 
4 83 85 (5888 -4096 960 ) (5120 -4096 960 ) (5120 -4096 -256 ) (5888 -4096 -256 ) 
4 83 84 (5120 -3072 960 ) (5120 -3072 -256 ) (5120 -4096 -256 ) (5120 -4096 960 ) 
4 84 88 (4096 -4096 -256 ) (4096 -4096 960 ) (4096 -3072 960 ) (4096 -3072 -256 ) 
4 84 86 (5120 -4096 -256 ) (5120 -4096 960 ) (4096 -4096 960 ) (4096 -4096 -256 ) 
4 85 86 (5120 -4096 960 ) (5120 -4096 -256 ) (5120 -4928 -256 ) (5120 -4928 960 ) 
4 86 93 (4096 -4928 960 ) (4096 -4096 960 ) (4096 -4096 -256 ) (4096 -4928 -256 ) 
4 87 89 (3072 -2048 960 ) (3072 -2048 -256 ) (3072 -3072 -256 ) (3072 -3072 960 ) 
4 87 88 (4096 -3072 -256 ) (4096 -3072 960 ) (3072 -3072 960 ) (3072 -3072 -256 ) 
4 88 93 (4096 -4096 -256 ) (4096 -4096 960 ) (3072 -4096 960 ) (3072 -4096 -256 ) 
4 88 91 (3072 -4096 -256 ) (3072 -4096 960 ) (3072 -3072 960 ) (3072 -3072 -256 ) 
4 89 91 (3072 -3072 -256 ) (3072 -3072 960 ) (2048 -3072 960 ) (2048 -3072 -256 ) 
4 89 90 (2048 -2048 960 ) (2048 -2048 -256 ) (2048 -3072 -256 ) (2048 -3072 960 ) 
4 90 213 (1024 -3072 -256 ) (1024 -3072 960 ) (1024 -2048 960 ) (1024 -2048 -256 ) 
4 90 92 (2048 -3072 -256 ) (2048 -3072 960 ) (1024 -3072 960 ) (1024 -3072 -256 ) 
4 91 94 (3072 -4096 -256 ) (3072 -4096 960 ) (2048 -4096 960 ) (2048 -4096 -256 ) 
4 91 92 (2048 -3072 960 ) (2048 -3072 -256 ) (2048 -4096 -256 ) (2048 -4096 960 ) 
4 92 214 (1024 -4096 -256 ) (1024 -4096 960 ) (1024 -3072 960 ) (1024 -3072 -256 ) 
4 92 95 (2048 -4096 -256 ) (2048 -4096 960 ) (1024 -4096 960 ) (1024 -4096 -256 ) 
4 93 94 (3072 -4096 960 ) (3072 -4096 -256 ) (3072 -4928 -256 ) (3072 -4928 960 ) 
4 94 95 (2048 -4096 960 ) (2048 -4096 -256 ) (2048 -4928 -256 ) (2048 -4928 960 ) 
4 95 219 (1024 -4928 960 ) (1024 -4096 960 ) (1024 -4096 -256 ) (1024 -4928 -256 ) 
4 96 103 (0 1024 960 ) (0 1024 896 ) (0 448 896 ) (0 448 960 ) 
4 96 101 (0 448 960 ) (0 448 896 ) (384 448 896 ) (384 448 960 ) 
4 96 100 (384 448 896 ) (768 448 896 ) (768 448 960 ) (384 448 960 ) 
4 96 99 (768 448 896 ) (1024 448 896 ) (1024 448 960 ) (768 448 960 ) 
4 96 98 (0 704 896 ) (0 1024 896 ) (640 1024 896 ) (640 704 896 ) 
4 96 97 (1024 448 896 ) (640 448 896 ) (640 1024 896 ) (1024 1024 896 ) 
4 97 102 (640 1024 0 ) (1024 1024 0 ) (1024 448 0 ) (640 448 0 ) 
4 97 99 (768 448 0 ) (1024 448 0 ) (1024 448 896 ) (768 448 896 ) 
4 97 98 (640 1024 0 ) (640 704 0 ) (640 704 896 ) (640 1024 896 ) 
4 98 104 (0 1024 896 ) (0 1024 0 ) (0 704 0 ) (0 704 896 ) 
4 98 102 (0 704 0 ) (0 1024 0 ) (640 1024 0 ) (640 704 0 ) 
4 99 153 (1024 0 0 ) (1024 0 896 ) (768 0 896 ) (768 0 0 ) 
4 99 152 (1024 0 896 ) (1024 0 960 ) (768 0 960 ) (768 0 896 ) 
4 99 102 (1024 0 0 ) (768 0 0 ) (768 448 0 ) (1024 448 0 ) 
4 99 100 (768 0 960 ) (768 448 960 ) (768 448 896 ) (768 0 896 ) 
4 100 152 (768 0 960 ) (384 0 960 ) (384 0 896 ) (768 0 896 ) 
4 100 101 (384 448 960 ) (384 448 896 ) (384 0 896 ) (384 0 960 ) 
4 101 154 (0 0 896 ) (0 0 128 ) (384 0 128 ) (384 0 896 ) 
4 101 152 (0 0 960 ) (0 0 896 ) (384 0 896 ) (384 0 960 ) 
4 101 110 (0 0 128 ) (0 0 320 ) (0 448 320 ) (0 448 128 ) 
4 101 105 (0 0 320 ) (0 0 960 ) (0 448 960 ) (0 448 320 ) 
4 102 157 (1024 0 -256 ) (1024 0 0 ) (0 0 0 ) (0 0 -256 ) 
4 102 111 (0 1024 0 ) (0 1024 -256 ) (0 0 -256 ) (0 0 0 ) 
4 103 116 (-1024 512 896 ) (-1024 448 896 ) (-1024 448 960 ) (-1024 512 960 ) 
4 103 112 (-1024 1024 960 ) (-1024 1024 896 ) (-1024 512 896 ) (-1024 512 960 ) 
4 103 107 (-992 448 896 ) (-672 448 896 ) (-672 448 960 ) (-992 448 960 ) 
4 103 109 (-1024 448 960 ) (-1024 448 896 ) (-992 448 896 ) (-992 448 960 ) 
4 103 105 (-672 448 896 ) (0 448 896 ) (0 448 960 ) (-672 448 960 ) 
4 103 104 (-1024 704 896 ) (-1024 1024 896 ) (0 1024 896 ) (0 704 896 ) 
4 104 113 (-1024 1024 896 ) (-1024 1024 0 ) (-1024 704 0 ) (-1024 704 896 ) 
4 104 111 (-1024 704 0 ) (-1024 1024 0 ) (0 1024 0 ) (0 704 0 ) 
5 105 164 (-512 0 960 ) (-672 0 960 ) (-672 0 474.666687 ) (-605.714294 0 320 ) (-512 0 320 ) 
4 105 159 (0 0 320 ) (0 0 960 ) (-512 0 960 ) (-512 0 320 ) 
4 105 110 (0 0 320 ) (-512 0 320 ) (-512 448 320 ) (0 448 320 ) 
5 105 108 (-672 55.040031 456.320007 ) (-672 0 474.666687 ) (-672 0 960 ) (-672 96 960 ) (-672 96 464 ) 
4 105 107 (-672 448 960 ) (-672 448 325.333313 ) (-672 96 442.666687 ) (-672 96 960 ) 
5 105 106 (-672 0 474.666504 ) (-672 448 325.333130 ) (-669.714417 448 320 ) (-613.336914 53.357391 320 ) (-610.002075 0 330.004517 ) 
3 106 166 (-672 0 474.666687 ) (-672 0 338.861328 ) (-610.001953 0 330.004486 ) 
3 106 108 (-672 0 446 ) (-672 0 474.666687 ) (-672 55.040031 456.320007 ) 
5 106 107 (-672 448 325.333313 ) (-672 448 320 ) (-672 96.021423 320 ) (-672 96 320.004211 ) (-672 96 442.666687 ) 
4 107 108 (-992 96 960 ) (-992 96 480 ) (-672 96 464 ) (-672 96 960 ) 
4 107 109 (-992 448 320 ) (-992 96 320 ) (-992 96 960 ) (-992 448 960 ) 
4 108 167 (-672 0 446 ) (-672 0 960 ) (-992 0 960 ) (-992 0 462 ) 
4 108 109 (-992 0 462 ) (-992 0 960 ) (-992 96 960 ) (-992 96 480 ) 
4 109 169 (-1024 0 960 ) (-1024 0 320 ) (-992 0 320 ) (-992 0 960 ) 
4 109 117 (-1024 0 320 ) (-1024 0 896 ) (-1024 448 896 ) (-1024 448 320 ) 
4 109 116 (-1024 0 896 ) (-1024 0 960 ) (-1024 448 960 ) (-1024 448 896 ) 
4 110 159 (0 0 128 ) (0 0 320 ) (-512 0 320 ) (-224 0 128 ) 
4 111 172 (0 0 -256 ) (0 0 0 ) (-1024 0 0 ) (-1024 0 -256 ) 
4 111 119 (-1024 0 -256 ) (-1024 0 0 ) (-1024 512 0 ) (-1024 512 -256 ) 
4 111 115 (-1024 512 0 ) (-1024 1024 0 ) (-1024 1024 -256 ) (-1024 512 -256 ) 
4 112 138 (-1296 1024 960 ) (-1296 1024 896 ) (-1296 512 896 ) (-1296 512 960 ) 
4 112 120 (-1296 512 960 ) (-1296 512 896 ) (-1160 512 896 ) (-1160 512 960 ) 
4 112 116 (-1160 512 896 ) (-1024 512 896 ) (-1024 512 960 ) (-1160 512 960 ) 
4 112 114 (-1296 704 896 ) (-1296 1024 896 ) (-1152 1024 896 ) (-1152 704 896 ) 
4 112 113 (-1152 704 896 ) (-1152 1024 896 ) (-1024 1024 896 ) (-1024 704 896 ) 
4 113 115 (-1152 704 0 ) (-1152 1024 0 ) (-1024 1024 0 ) (-1024 704 0 ) 
4 113 114 (-1152 1024 0 ) (-1152 704 0 ) (-1152 704 896 ) (-1152 1024 896 ) 
4 114 139 (-1296 1024 896 ) (-1296 1024 0 ) (-1296 704 0 ) (-1296 704 896 ) 
4 114 115 (-1296 704 0 ) (-1296 1024 0 ) (-1152 1024 0 ) (-1152 704 0 ) 
4 115 151 (-1296 1024 0 ) (-1296 1024 -256 ) (-1296 512 -256 ) (-1296 512 0 ) 
4 115 137 (-1296 512 0 ) (-1296 512 -256 ) (-1160 512 -256 ) (-1160 512 0 ) 
4 115 119 (-1160 512 -256 ) (-1024 512 -256 ) (-1024 512 0 ) (-1160 512 0 ) 
4 116 173 (-1024 0 896 ) (-1024 0 960 ) (-1160 0 960 ) (-1160 0 896 ) 
4 116 120 (-1160 512 960 ) (-1160 512 896 ) (-1160 480 896 ) (-1160 480 960 ) 
4 116 121 (-1160 480 896 ) (-1160 0 896 ) (-1160 0 960 ) (-1160 480 960 ) 
4 116 118 (-1152 0 896 ) (-1160 0 896 ) (-1160 512 896 ) (-1152 512 896 ) 
4 116 117 (-1024 0 896 ) (-1152 0 896 ) (-1152 448 896 ) (-1024 448 896 ) 
4 117 173 (-1024 0 320 ) (-1024 0 896 ) (-1152 0 896 ) (-1152 0 320 ) 
4 117 118 (-1152 0 320 ) (-1152 0 896 ) (-1152 448 896 ) (-1152 448 320 ) 
4 118 173 (-1152 0 896 ) (-1160 0 896 ) (-1160 0 320 ) (-1152 0 320 ) 
4 118 135 (-1160 512 336 ) (-1160 512 320 ) (-1160 504 320 ) (-1160 504 336 ) 
4 118 136 (-1160 304 320 ) (-1160 0 320 ) (-1160 0 336 ) (-1160 304 336 ) 
4 118 133 (-1160 512 352 ) (-1160 512 336 ) (-1160 504 336 ) (-1160 504 352 ) 
4 118 134 (-1160 320 336 ) (-1160 0 336 ) (-1160 0 352 ) (-1160 320 352 ) 
4 118 131 (-1160 512 368 ) (-1160 512 352 ) (-1160 504 352 ) (-1160 504 368 ) 
4 118 132 (-1160 336 352 ) (-1160 0 352 ) (-1160 0 368 ) (-1160 336 368 ) 
4 118 129 (-1160 512 384 ) (-1160 512 368 ) (-1160 496 368 ) (-1160 496 384 ) 
4 118 130 (-1160 352 368 ) (-1160 0 368 ) (-1160 0 384 ) (-1160 352 384 ) 
4 118 128 (-1160 368 384 ) (-1160 0 384 ) (-1160 0 400 ) (-1160 368 400 ) 
4 118 127 (-1160 384 400 ) (-1160 0 400 ) (-1160 0 416 ) (-1160 384 416 ) 
4 118 126 (-1160 400 416 ) (-1160 0 416 ) (-1160 0 432 ) (-1160 400 432 ) 
4 118 125 (-1160 416 432 ) (-1160 0 432 ) (-1160 0 448 ) (-1160 416 448 ) 
4 118 124 (-1160 432 448 ) (-1160 0 448 ) (-1160 0 464 ) (-1160 432 464 ) 
4 118 123 (-1160 448 464 ) (-1160 0 464 ) (-1160 0 480 ) (-1160 448 480 ) 
4 118 122 (-1160 464 480 ) (-1160 0 480 ) (-1160 0 496 ) (-1160 464 496 ) 
4 118 120 (-1160 512 896 ) (-1160 512 512 ) (-1160 480 512 ) (-1160 480 896 ) 
4 118 121 (-1160 480 496 ) (-1160 0 496 ) (-1160 0 896 ) (-1160 480 896 ) 
4 119 176 (-1024 0 -256 ) (-1024 0 0 ) (-1160 0 0 ) (-1160 0 -256 ) 
4 119 137 (-1160 512 0 ) (-1160 512 -256 ) (-1160 0 -256 ) (-1160 0 0 ) 
4 120 143 (-1296 512 896 ) (-1296 512 512 ) (-1296 480 512 ) (-1296 480 896 ) 
4 120 142 (-1296 480 960 ) (-1296 512 960 ) (-1296 512 896 ) (-1296 480 896 ) 
4 120 121 (-1160 480 512 ) (-1160 480 960 ) (-1296 480 960 ) (-1296 480 512 ) 
4 121 173 (-1160 0 496 ) (-1160 0 960 ) (-1296 0 960 ) (-1296 0 496 ) 
4 121 149 (-1296 0 496 ) (-1296 0 960 ) (-1296 360 960 ) (-1296 360 496 ) 
4 121 143 (-1296 480 896 ) (-1296 480 510.986023 ) (-1296 368 510.986023 ) (-1296 368 896 ) 
4 121 146 (-1296 368 496 ) (-1296 360 496 ) (-1296 360 896 ) (-1296 368 896 ) 
4 121 142 (-1296 360 960 ) (-1296 480 960 ) (-1296 480 896 ) (-1296 360 896 ) 
4 121 122 (-1296 0 496 ) (-1296 464 496 ) (-1160 464 496 ) (-1160 0 496 ) 
4 122 173 (-1160 0 480 ) (-1160 0 496 ) (-1296 0 496 ) (-1296 0 480 ) 
4 122 149 (-1296 0 480 ) (-1296 0 496 ) (-1296 360 496 ) (-1296 360 480 ) 
4 122 146 (-1296 360 496 ) (-1296 368 496 ) (-1296 368 480 ) (-1296 360 480 ) 
4 122 123 (-1296 0 480 ) (-1296 448 480 ) (-1160 448 480 ) (-1160 0 480 ) 
4 123 173 (-1160 0 464 ) (-1160 0 480 ) (-1296 0 480 ) (-1296 0 464 ) 
4 123 149 (-1296 0 464 ) (-1296 0 480 ) (-1296 360 480 ) (-1296 360 464 ) 
4 123 146 (-1296 360 480 ) (-1296 368 480 ) (-1296 368 464 ) (-1296 360 464 ) 
4 123 124 (-1296 0 464 ) (-1296 432 464 ) (-1160 432 464 ) (-1160 0 464 ) 
4 124 173 (-1160 0 448 ) (-1160 0 464 ) (-1296 0 464 ) (-1296 0 448 ) 
4 124 149 (-1296 0 448 ) (-1296 0 464 ) (-1296 360 464 ) (-1296 360 448 ) 
4 124 146 (-1296 360 464 ) (-1296 368 464 ) (-1296 368 448 ) (-1296 360 448 ) 
4 124 125 (-1296 0 448 ) (-1296 416 448 ) (-1160 416 448 ) (-1160 0 448 ) 
4 125 173 (-1160 0 432 ) (-1160 0 448 ) (-1296 0 448 ) (-1296 0 432 ) 
4 125 149 (-1296 0 432 ) (-1296 0 448 ) (-1296 360 448 ) (-1296 360 432 ) 
4 125 146 (-1296 360 448 ) (-1296 368 448 ) (-1296 368 432 ) (-1296 360 432 ) 
4 125 126 (-1296 0 432 ) (-1296 400 432 ) (-1160 400 432 ) (-1160 0 432 ) 
4 126 173 (-1160 0 416 ) (-1160 0 432 ) (-1296 0 432 ) (-1296 0 416 ) 
4 126 149 (-1296 0 416 ) (-1296 0 432 ) (-1296 360 432 ) (-1296 360 416 ) 
4 126 146 (-1296 360 432 ) (-1296 368 432 ) (-1296 368 416 ) (-1296 360 416 ) 
4 126 127 (-1296 0 416 ) (-1296 384 416 ) (-1160 384 416 ) (-1160 0 416 ) 
4 127 173 (-1160 0 400 ) (-1160 0 416 ) (-1296 0 416 ) (-1296 0 400 ) 
4 127 149 (-1296 0 400 ) (-1296 0 416 ) (-1296 360 416 ) (-1296 360 400 ) 
4 127 146 (-1296 360 416 ) (-1296 368 416 ) (-1296 368 400 ) (-1296 360 400 ) 
4 127 128 (-1296 0 400 ) (-1296 368 400 ) (-1160 368 400 ) (-1160 0 400 ) 
4 128 173 (-1160 0 384 ) (-1160 0 400 ) (-1296 0 400 ) (-1296 0 384 ) 
4 128 149 (-1296 0 384 ) (-1296 0 400 ) (-1296 360 400 ) (-1296 360 384 ) 
4 128 146 (-1296 360 400 ) (-1296 368 400 ) (-1296 368 384 ) (-1296 360 384 ) 
4 128 130 (-1296 0 384 ) (-1296 352 384 ) (-1160 352 384 ) (-1160 0 384 ) 
4 129 131 (-1296 504 368 ) (-1296 512 368 ) (-1160 512 368 ) (-1160 504 368 ) 
4 130 173 (-1160 0 368 ) (-1160 0 384 ) (-1296 0 384 ) (-1296 0 368 ) 
4 130 149 (-1296 0 368 ) (-1296 0 384 ) (-1296 352 384 ) (-1296 352 368 ) 
4 130 132 (-1296 0 368 ) (-1296 336 368 ) (-1160 336 368 ) (-1160 0 368 ) 
4 131 133 (-1296 504 352 ) (-1296 512 352 ) (-1160 512 352 ) (-1160 504 352 ) 
4 132 173 (-1160 0 352 ) (-1160 0 368 ) (-1296 0 368 ) (-1296 0 352 ) 
4 132 149 (-1296 0 352 ) (-1296 0 368 ) (-1296 336 368 ) (-1296 336 352 ) 
4 132 134 (-1296 0 352 ) (-1296 320 352 ) (-1160 320 352 ) (-1160 0 352 ) 
4 133 135 (-1296 504 336 ) (-1296 512 336 ) (-1160 512 336 ) (-1160 504 336 ) 
4 134 173 (-1160 0 336 ) (-1160 0 352 ) (-1296 0 352 ) (-1296 0 336 ) 
4 134 149 (-1296 0 336 ) (-1296 0 352 ) (-1296 320 352 ) (-1296 320 336 ) 
4 134 136 (-1296 0 336 ) (-1296 304 336 ) (-1160 304 336 ) (-1160 0 336 ) 
4 135 147 (-1296 512 321 ) (-1296 512 320 ) (-1296 504 320 ) (-1296 504 321 ) 
4 136 173 (-1160 0 320 ) (-1160 0 336 ) (-1296 0 336 ) (-1296 0 320 ) 
4 136 149 (-1296 0 320 ) (-1296 0 336 ) (-1296 304 336 ) (-1296 304 320 ) 
4 137 176 (-1160 0 -256 ) (-1160 0 0 ) (-1296 0 0 ) (-1296 0 -256 ) 
4 137 151 (-1296 0 -256 ) (-1296 0 0 ) (-1296 512 0 ) (-1296 512 -256 ) 
4 138 179 (-2048 1024 960 ) (-2048 1024 896 ) (-2048 512 896 ) (-2048 512 960 ) 
4 138 142 (-2048 512 960 ) (-2048 512 896 ) (-1296 512 896 ) (-1296 512 960 ) 
4 138 141 (-1908 512 896 ) (-1908.630127 512 896 ) (-1908.630127 704 896 ) (-1908 704 896 ) 
4 138 140 (-2048 744 896 ) (-2048 1024 896 ) (-1908.630127 1024 896 ) (-1908.630127 744 896 ) 
4 138 139 (-1908.630127 1024 896 ) (-1296 1024 896 ) (-1296 704 896 ) (-1908.630127 704 896 ) 
4 139 151 (-1908.630127 1024 0 ) (-1296 1024 0 ) (-1296 704 0 ) (-1908.630127 704 0 ) 
4 139 141 (-1908.630127 704 0 ) (-1908 704 0 ) (-1908 704 896 ) (-1908.630127 704 896 ) 
4 139 140 (-1908.630127 1024 0 ) (-1908.630127 744 0 ) (-1908.630127 744 896 ) (-1908.630127 1024 896 ) 
4 140 180 (-2048 1024 896 ) (-2048 1024 0 ) (-2048 744 0 ) (-2048 744 896 ) 
4 140 151 (-2048 1024 0 ) (-1908.630127 1024 0 ) (-1908.630127 744 0 ) (-2048 744 0 ) 
4 141 151 (-1908 512 0 ) (-1908.630127 512 0 ) (-1908.630127 704 0 ) (-1908 704 0 ) 
4 141 147 (-1908 512 320 ) (-1908 512 321 ) (-1908.630127 512 321 ) (-1908.630127 512 320 ) 
4 141 145 (-1908 512 321 ) (-1908 512 896 ) (-1908.630127 512 896 ) (-1908.630127 512 321 ) 
4 142 179 (-2048 360 896 ) (-2048 360 960 ) (-2048 512 960 ) (-2048 512 896 ) 
4 142 149 (-1296 360 896 ) (-1296 360 960 ) (-2048 360 960 ) (-2048 360 896 ) 
4 142 143 (-1728 512 896 ) (-1296 512 896 ) (-1296 368 896 ) (-1728 368 896 ) 
4 142 145 (-1908.630127 368 896 ) (-1908.630127 512 896 ) (-1728 512 896 ) (-1728 368 896 ) 
4 142 146 (-1296 360 896 ) (-1908.630127 360 896 ) (-1908.630127 368 896 ) (-1296 368 896 ) 
4 143 145 (-1728 368 510.986023 ) (-1728 368 896 ) (-1728 512 896 ) (-1728 512 510.986023 ) 
4 143 146 (-1296 368 510.986023 ) (-1296 368 896 ) (-1728 368 896 ) (-1728 368 510.986023 ) 
4 144 147 (-1728 512 321 ) (-1336 512 321 ) (-1336 368 321 ) (-1728 368 321 ) 
4 144 145 (-1728 512 321 ) (-1728 368 321 ) (-1728 368 447.986023 ) (-1728 512 447.986023 ) 
4 144 146 (-1728 368 321 ) (-1336 368 321 ) (-1336 368 447.986023 ) (-1728 368 447.986023 ) 
4 145 147 (-1908.630127 368 321 ) (-1908.630127 512 321 ) (-1728 512 321 ) (-1728 368 321 ) 
4 145 146 (-1908.630127 368 896 ) (-1908.630127 368 321 ) (-1728 368 321 ) (-1728 368 896 ) 
3 146 150 (-1884.624390 360 321 ) (-1870.846436 360 321 ) (-1872.007324 360 321.525696 ) 
5 146 149 (-1296 360 321 ) (-1296 360 896 ) (-1908.630127 360 896 ) (-1908.630127 360 338.109924 ) (-1870.846436 360 321 ) 
4 146 147 (-1296 360 321 ) (-1908.630127 360 321 ) (-1908.630127 368 321 ) (-1296 368 321 ) 
4 147 150 (-1870.846436 360 321 ) (-1884.624390 360 321 ) (-1908.630127 360 320 ) (-1868.638062 360 320 ) 
4 147 149 (-1296 360 320 ) (-1296 360 321 ) (-1870.846436 360 321 ) (-1868.638062 360 320 ) 
4 148 186 (-2048 0 320 ) (-2048 0 688 ) (-2048 53.706051 688 ) (-2048 63.080109 320 ) 
4 148 183 (-2048 0 688 ) (-2048 0 896 ) (-2048 48.407669 896 ) (-2048 53.706051 688 ) 
4 148 179 (-2048 0 896 ) (-2048 0 960 ) (-2048 46.777397 960 ) (-2048 48.407669 896 ) 
4 148 173 (-1765.532837 0 960 ) (-2048 0 960 ) (-2048 0 320 ) (-1667.088257 0 320 ) 
5 148 149 (-1667.092651 0 320 ) (-1908.637939 40 320 ) (-2048 61.440983 384.322205 ) (-2048 46.776978 960 ) (-1765.535400 0 960 ) 
4 149 187 (-2048 112 387.184052 ) (-2048 61.441631 384.322205 ) (-2048 53.706051 688 ) (-2048 112 688 ) 
4 149 185 (-2048 360 688 ) (-2048 360 401.222046 ) (-2048 112 387.184052 ) (-2048 112 688 ) 
4 149 183 (-2048 360 896 ) (-2048 360 688 ) (-2048 53.706051 688 ) (-2048 48.407669 896 ) 
4 149 179 (-2048 46.777397 960 ) (-2048 360 960 ) (-2048 360 896 ) (-2048 48.407669 896 ) 
4 149 173 (-1296 0 320 ) (-1296 0 960 ) (-1765.532837 0 960 ) (-1667.088257 0 320 ) 
3 149 150 (-1908.636719 39.997070 320 ) (-1872.006104 360 321.525787 ) (-1868.636719 360 320 ) 
4 151 193 (-2048 1024 0 ) (-2048 1024 -256 ) (-2048 0 -256 ) (-2048 0 0 ) 
4 151 176 (-1296 0 -256 ) (-1296 0 0 ) (-2048 0 0 ) (-2048 0 -256 ) 
4 152 170 (0 -384 896 ) (0 -1024 896 ) (0 -1024 960 ) (0 -384 960 ) 
4 152 160 (0 -64 896 ) (0 -384 896 ) (0 -384 960 ) (0 -64 960 ) 
4 152 159 (0 0 960 ) (0 0 896 ) (0 -64 896 ) (0 -64 960 ) 
4 152 158 (1024 -1024 896 ) (1024 -1024 960 ) (0 -1024 960 ) (0 -1024 896 ) 
4 152 155 (768 -448 896 ) (768 -640 896 ) (512 -640 896 ) (512 -448 896 ) 
4 152 156 (768 -1024 896 ) (0 -1024 896 ) (0 -640 896 ) (768 -640 896 ) 
4 152 154 (0 -384 896 ) (0 0 896 ) (384 0 896 ) (384 -384 896 ) 
4 152 153 (1024 -1024 896 ) (768 -1024 896 ) (768 0 896 ) (1024 0 896 ) 
4 153 158 (1024 -1024 0 ) (1024 -1024 896 ) (768 -1024 896 ) (768 -1024 0 ) 
4 153 157 (768 0 0 ) (1024 0 0 ) (1024 -1024 0 ) (768 -1024 0 ) 
4 153 155 (768 -448 0 ) (768 -640 0 ) (768 -640 896 ) (768 -448 896 ) 
4 153 156 (768 -640 0 ) (768 -1024 0 ) (768 -1024 896 ) (768 -640 896 ) 
4 154 163 (0 -64 128 ) (0 -384 128 ) (0 -384 309.333344 ) (0 -64 277.333313 ) 
4 154 160 (0 -384 309.333344 ) (0 -384 896 ) (0 -64 896 ) (0 -64 277.333313 ) 
4 154 159 (0 0 896 ) (0 0 128 ) (0 -64 128 ) (0 -64 896 ) 
4 155 157 (768 -448 0 ) (768 -640 0 ) (512 -640 0 ) (512 -448 0 ) 
4 155 156 (512 -640 0 ) (768 -640 0 ) (768 -640 896 ) (512 -640 896 ) 
4 156 171 (0 -640 0 ) (0 -1024 0 ) (0 -1024 896 ) (0 -640 896 ) 
4 156 158 (768 -1024 896 ) (0 -1024 896 ) (0 -1024 0 ) (768 -1024 0 ) 
4 156 157 (0 -1024 0 ) (0 -640 0 ) (768 -640 0 ) (768 -1024 0 ) 
4 157 172 (0 0 0 ) (0 0 -256 ) (0 -1024 -256 ) (0 -1024 0 ) 
4 157 158 (1024 -1024 -256 ) (1024 -1024 0 ) (0 -1024 0 ) (0 -1024 -256 ) 
4 158 213 (1024 -2048 -256 ) (1024 -2048 960 ) (0 -2048 960 ) (0 -2048 -256 ) 
4 158 177 (0 -2048 -256 ) (0 -2048 960 ) (0 -1024 960 ) (0 -1024 -256 ) 
4 159 164 (-512 0 960 ) (-512 0 320 ) (-512 -64 320 ) (-512 -64 960 ) 
4 159 163 (-128 -64 128 ) (0 -64 128 ) (0 -64 277.333344 ) (-128 -64 288 ) 
4 159 161 (-512 -64 960 ) (-512 -64 320 ) (-128 -64 288 ) (-128 -64 960 ) 
4 159 160 (-128 -64 288 ) (0 -64 277.333344 ) (0 -64 960 ) (-128 -64 960 ) 
4 160 170 (0 -384 896 ) (0 -384 960 ) (-128 -384 960 ) (-128 -384 896 ) 
4 160 163 (-128 -64 288 ) (0 -64 277.334229 ) (0 -384 309.334229 ) (-128 -384 320 ) 
4 160 162 (-128 -384 320 ) (-128 -384 960 ) (-128 -208 960 ) (-128 -208 320 ) 
4 160 161 (-128 -64 288 ) (-128 -208 302.399048 ) (-128 -208 960 ) (-128 -64 960 ) 
4 161 164 (-512 -208 960 ) (-512 -64 960 ) (-512 -64 320 ) (-512 -208 334.399994 ) 
5 161 162 (-128 -208 320 ) (-128 -208 960 ) (-512 -208 960 ) (-512 -208 334.398560 ) (-339.217957 -208 320 ) 
4 162 170 (-128 -384 960 ) (-512 -384 960 ) (-512 -384 896 ) (-128 -384 896 ) 
4 162 164 (-512 -384 352 ) (-512 -384 960 ) (-512 -208 960 ) (-512 -208 334.399994 ) 
4 164 170 (-512 -384 896 ) (-512 -384 960 ) (-672 -384 960 ) (-672 -384 896 ) 
4 164 167 (-672 -160 960 ) (-672 0 960 ) (-672 0 474.666687 ) (-672 -160 528 ) 
4 164 168 (-672 -384 602.666748 ) (-672 -384 960 ) (-672 -160 960 ) (-672 -160 528 ) 
4 164 166 (-672 -48.721771 490.907074 ) (-672 0 474.666473 ) (-610.002014 0 330.004486 ) (-600.002197 -159.996704 360.003876 ) 
4 164 165 (-672 -384 602.666504 ) (-672 -48.721771 490.907074 ) (-578 -194.002213 320 ) (-550.857178 -384 320 ) 
4 165 167 (-672 -160 528 ) (-672 -48.721588 490.907227 ) (-672 -122.100983 423.106079 ) (-672 -160 416 ) 
5 165 168 (-672 -233.690033 320 ) (-672 -384 320 ) (-672 -384 602.666748 ) (-672 -160 528 ) (-672 -160 388.088135 ) 
3 165 166 (-672 -175.888840 373.410950 ) (-672 -48.725281 490.905151 ) (-600.003540 -159.998169 360.004364 ) 
4 166 167 (-672 -122.100983 423.106079 ) (-672 -48.721588 490.907227 ) (-672 0 474.666687 ) (-672 0 446 ) 
3 166 168 (-672 -175.885468 373.410278 ) (-672 -160 388.088135 ) (-672 -160 370.289917 ) 
4 167 168 (-992 -160 960 ) (-992 -160 432 ) (-672 -160 416 ) (-672 -160 960 ) 
4 167 169 (-992 -160 432 ) (-992 -160 960 ) (-992 0 960 ) (-992 0 462 ) 
4 168 170 (-672 -384 896 ) (-672 -384 960 ) (-992 -384 960 ) (-992 -384 896 ) 
4 168 169 (-992 -160 320 ) (-992 -384 320 ) (-992 -384 960 ) (-992 -160 960 ) 
4 169 173 (-1024 0 960 ) (-1024 0 320 ) (-1024 -384 320 ) (-1024 -384 960 ) 
4 169 170 (-1024 -384 960 ) (-1024 -384 896 ) (-992 -384 896 ) (-992 -384 960 ) 
4 170 177 (0 -1024 896 ) (0 -1024 960 ) (-1024 -1024 960 ) (-1024 -1024 896 ) 
4 170 174 (-1024 -1024 896 ) (-1024 -1024 960 ) (-1024 -384 960 ) (-1024 -384 896 ) 
4 170 171 (0 -1024 896 ) (-1024 -1024 896 ) (-1024 -640 896 ) (0 -640 896 ) 
4 171 177 (0 -1024 0 ) (0 -1024 896 ) (-1024 -1024 896 ) (-1024 -1024 0 ) 
4 171 175 (-1024 -640 0 ) (-1024 -1024 0 ) (-1024 -1024 896 ) (-1024 -640 896 ) 
4 171 172 (0 -1024 0 ) (-1024 -1024 0 ) (-1024 -640 0 ) (0 -640 0 ) 
4 172 177 (0 -1024 -256 ) (0 -1024 0 ) (-1024 -1024 0 ) (-1024 -1024 -256 ) 
4 172 176 (-1024 0 0 ) (-1024 0 -256 ) (-1024 -1024 -256 ) (-1024 -1024 0 ) 
4 173 196 (-2048 0 896 ) (-2048 0 320 ) (-2048 -384 320 ) (-2048 -384 896 ) 
4 173 195 (-2048 0 960 ) (-2048 0 896 ) (-2048 -384 896 ) (-2048 -384 960 ) 
4 173 174 (-2048 -384 960 ) (-2048 -384 896 ) (-1024 -384 896 ) (-1024 -384 960 ) 
4 174 195 (-2048 -1024 896 ) (-2048 -1024 960 ) (-2048 -384 960 ) (-2048 -384 896 ) 
4 174 178 (-1024 -1024 896 ) (-1024 -1024 960 ) (-2048 -1024 960 ) (-2048 -1024 896 ) 
4 174 175 (-1024 -640 896 ) (-1024 -1024 896 ) (-2048 -1024 896 ) (-2048 -640 896 ) 
4 175 205 (-2048 -1024 0 ) (-2048 -1024 896 ) (-2048 -640 896 ) (-2048 -640 0 ) 
4 175 178 (-1024 -1024 0 ) (-1024 -1024 896 ) (-2048 -1024 896 ) (-2048 -1024 0 ) 
4 175 176 (-1024 -640 0 ) (-1024 -1024 0 ) (-2048 -1024 0 ) (-2048 -640 0 ) 
4 176 206 (-2048 -1024 -256 ) (-2048 -1024 0 ) (-2048 0 0 ) (-2048 0 -256 ) 
4 176 178 (-1024 -1024 -256 ) (-1024 -1024 0 ) (-2048 -1024 0 ) (-2048 -1024 -256 ) 
4 177 215 (0 -2048 -256 ) (0 -2048 960 ) (-1024 -2048 960 ) (-1024 -2048 -256 ) 
4 177 178 (-1024 -1024 960 ) (-1024 -1024 -256 ) (-1024 -2048 -256 ) (-1024 -2048 960 ) 
4 178 216 (-1024 -2048 -256 ) (-1024 -2048 960 ) (-2048 -2048 960 ) (-2048 -2048 -256 ) 
4 178 208 (-2048 -2048 -256 ) (-2048 -2048 960 ) (-2048 -1024 960 ) (-2048 -1024 -256 ) 
4 179 195 (-2048 0 896 ) (-2048 0 960 ) (-3072 0 960 ) (-3072 0 896 ) 
4 179 194 (-3072 0 896 ) (-3072 0 960 ) (-3072 1024 960 ) (-3072 1024 896 ) 
4 179 192 (-3072 0 896 ) (-3072 744 896 ) (-3060.629883 744 896 ) (-3060.629883 0 896 ) 
4 179 188 (-2296 504 896 ) (-2296 0 896 ) (-2740.629883 0 896 ) (-2740.629883 504 896 ) 
4 179 183 (-2048 360 896 ) (-2048 0 896 ) (-2296 0 896 ) (-2296 360 896 ) 
4 179 182 (-2292.629883 504 896 ) (-2292.629883 360 896 ) (-2296 360 896 ) (-2296 504 896 ) 
4 179 180 (-3072 744 896 ) (-3072 1024 896 ) (-2048 1024 896 ) (-2048 744 896 ) 
4 180 194 (-3072 744 896 ) (-3072 1024 896 ) (-3072 1024 0 ) (-3072 744 0 ) 
4 180 193 (-3072 744 0 ) (-3072 1024 0 ) (-2048 1024 0 ) (-2048 744 0 ) 
4 180 191 (-3060.629883 744 0 ) (-2760 744 0 ) (-2760 744 144 ) (-3060.629883 744 144 ) 
4 180 190 (-2760 744 0 ) (-2740.629883 744 0 ) (-2740.629883 744 144 ) (-2760 744 144 ) 
4 180 192 (-3072 744 0 ) (-3060.629883 744 0 ) (-3060.629883 744 896 ) (-3072 744 896 ) 
4 180 189 (-2296 744 0 ) (-2292.629883 744 0 ) (-2292.629883 744 320 ) (-2296 744 320 ) 
4 180 181 (-2296 744 336 ) (-2296 744 320 ) (-2292.629883 744 320 ) (-2292.629883 744 336 ) 
4 181 189 (-2296 512 320 ) (-2296 744 320 ) (-2292.629883 744 320 ) (-2292.629883 512 320 ) 
4 181 182 (-2296 504 336 ) (-2296 504 320 ) (-2292.629883 504 320 ) (-2292.629883 504 336 ) 
4 182 188 (-2296 360 512 ) (-2296 360 896 ) (-2296 504 896 ) (-2296 504 512 ) 
4 182 184 (-2296 360 688 ) (-2296 360 320 ) (-2292.629883 360 320 ) (-2292.629883 360 688 ) 
4 182 183 (-2296 360 896 ) (-2296 360 688 ) (-2292.629883 360 688 ) (-2292.629883 360 896 ) 
4 183 197 (-2080 0 896 ) (-2296 0 896 ) (-2296 0 688 ) (-2080 0 688 ) 
4 183 196 (-2048 0 688 ) (-2048 0 896 ) (-2080 0 896 ) (-2080 0 688 ) 
4 183 188 (-2296 0 688 ) (-2296 0 896 ) (-2296 360 896 ) (-2296 360 688 ) 
4 183 187 (-2080 112 688 ) (-2048 112 688 ) (-2048 53.706055 688 ) (-2080 59.005348 688 ) 
4 183 186 (-2048 53.706055 688 ) (-2048 0 688 ) (-2080 0 688 ) (-2080 59.005348 688 ) 
5 183 185 (-2296 112 688 ) (-2296 332.991577 688 ) (-2292.623535 360 688 ) (-2048 360 688 ) (-2048 112 688 ) 
3 183 184 (-2296 332.991577 688 ) (-2296 360 688 ) (-2292.623535 360 688 ) 
4 184 188 (-2296 333.015106 512 ) (-2296 332.991577 688 ) (-2296 360 688 ) (-2296 360 512 ) 
4 184 185 (-2292.625977 360 511.998230 ) (-2292.623047 360 688 ) (-2296 332.987366 688 ) (-2296 333.011200 511.998352 ) 
4 185 188 (-2296 112 512 ) (-2296 112 688 ) (-2296 332.991577 688 ) (-2296 333.015106 512 ) 
4 185 187 (-2048 112 688 ) (-2080 112 688 ) (-2080 112 401.674866 ) (-2048 112 387.184021 ) 
4 186 196 (-2048 0 320 ) (-2048 0 688 ) (-2080 0 688 ) (-2080 0 320 ) 
4 186 187 (-2080 66.365082 399.091736 ) (-2080 59.005722 688 ) (-2048 53.706429 688 ) (-2048 61.442051 384.322266 ) 
4 188 199 (-2296 0 896 ) (-2740.629883 0 896 ) (-2740.629883 0 512 ) (-2296 0 512 ) 
4 189 193 (-2296 512 0 ) (-2296 744 0 ) (-2292.629883 744 0 ) (-2292.629883 512 0 ) 
4 190 193 (-2760 512 0 ) (-2760 744 0 ) (-2740.629883 744 0 ) (-2740.629883 512 0 ) 
4 190 191 (-2760 744 144 ) (-2760 744 0 ) (-2760 512 0 ) (-2760 512 144 ) 
4 191 201 (-3060.629883 0 144 ) (-3060.629883 0 0 ) (-2760 0 0 ) (-2760 0 144 ) 
4 191 193 (-2760 0 0 ) (-3060.629883 0 0 ) (-3060.629883 744 0 ) (-2760 744 0 ) 
4 191 192 (-3060.629883 744 144 ) (-3060.629883 744 0 ) (-3060.629883 0 0 ) (-3060.629883 0 144 ) 
4 192 204 (-3060.629883 0 896 ) (-3072 0 896 ) (-3072 0 0 ) (-3060.629883 0 0 ) 
4 192 194 (-3072 0 0 ) (-3072 0 896 ) (-3072 744 896 ) (-3072 744 0 ) 
4 192 193 (-3060.629883 0 0 ) (-3072 0 0 ) (-3072 744 0 ) (-3060.629883 744 0 ) 
4 193 206 (-2048 0 -256 ) (-2048 0 0 ) (-3072 0 0 ) (-3072 0 -256 ) 
4 193 194 (-3072 0 -256 ) (-3072 0 0 ) (-3072 1024 0 ) (-3072 1024 -256 ) 
4 194 210 (-4096 0 -256 ) (-4096 0 960 ) (-4096 1024 960 ) (-4096 1024 -256 ) 
4 194 207 (-3072 0 -256 ) (-3072 0 960 ) (-4096 0 960 ) (-4096 0 -256 ) 
4 195 208 (-2048 -1024 896 ) (-2048 -1024 960 ) (-3072 -1024 960 ) (-3072 -1024 896 ) 
4 195 207 (-3072 -1024 896 ) (-3072 -1024 960 ) (-3072 0 960 ) (-3072 0 896 ) 
4 195 203 (-2864 -640 896 ) (-3060.629883 -640 896 ) (-3060.629883 -408 896 ) (-2864 -408 896 ) 
4 195 199 (-2740.629883 0 896 ) (-2296 0 896 ) (-2296 -88 896 ) (-2740.629883 -88 896 ) 
4 195 200 (-2296 -88 896 ) (-2296 -384 896 ) (-2740.629883 -384 896 ) (-2740.629883 -88 896 ) 
4 195 197 (-2296 0 896 ) (-2080 0 896 ) (-2080 -88 896 ) (-2296 -88 896 ) 
4 195 198 (-2080 -88 896 ) (-2080 -384 896 ) (-2296 -384 896 ) (-2296 -88 896 ) 
4 195 196 (-2080 0 896 ) (-2048 0 896 ) (-2048 -384 896 ) (-2080 -384 896 ) 
4 195 204 (-3072 -640 896 ) (-3072 0 896 ) (-3060.629883 0 896 ) (-3060.629883 -640 896 ) 
4 195 205 (-3072 -1024 896 ) (-3072 -640 896 ) (-2048 -640 896 ) (-2048 -1024 896 ) 
4 196 197 (-2080 -88 688 ) (-2080 -88 896 ) (-2080 0 896 ) (-2080 0 688 ) 
4 196 198 (-2080 -88 320 ) (-2080 -384 320 ) (-2080 -384 896 ) (-2080 -88 896 ) 
4 197 199 (-2296 -88 896 ) (-2296 0 896 ) (-2296 0 688 ) (-2296 -88 688 ) 
4 197 198 (-2296 -88 896 ) (-2296 -88 688 ) (-2080 -88 688 ) (-2080 -88 896 ) 
4 198 200 (-2296 -384 320 ) (-2296 -384 896 ) (-2296 -88 896 ) (-2296 -88 320 ) 
4 199 200 (-2740.629883 -88 896 ) (-2740.629883 -88 512 ) (-2296 -88 512 ) (-2296 -88 896 ) 
4 201 206 (-3060.629883 0 0 ) (-2760 0 0 ) (-2760 -384 0 ) (-3060.629883 -384 0 ) 
4 201 202 (-3060.629883 -384 144 ) (-3060.629883 -384 0 ) (-2864 -384 0 ) (-2864 -384 144 ) 
4 201 204 (-3060.629883 0 0 ) (-3060.629883 -384 0 ) (-3060.629883 -384 144 ) (-3060.629883 0 144 ) 
4 202 206 (-2864 -408 0 ) (-3060.629883 -408 0 ) (-3060.629883 -384 0 ) (-2864 -384 0 ) 
4 202 203 (-3060.629883 -408 144 ) (-3060.629883 -408 0 ) (-2864 -408 0 ) (-2864 -408 144 ) 
4 202 204 (-3060.629883 -384 0 ) (-3060.629883 -408 0 ) (-3060.629883 -408 144 ) (-3060.629883 -384 144 ) 
4 203 206 (-2864 -640 0 ) (-3060.629883 -640 0 ) (-3060.629883 -408 0 ) (-2864 -408 0 ) 
4 203 204 (-3060.629883 -408 0 ) (-3060.629883 -640 0 ) (-3060.629883 -640 896 ) (-3060.629883 -408 896 ) 
4 203 205 (-3060.629883 -640 0 ) (-2864 -640 0 ) (-2864 -640 896 ) (-3060.629883 -640 896 ) 
4 204 207 (-3072 -640 896 ) (-3072 0 896 ) (-3072 0 0 ) (-3072 -640 0 ) 
4 204 206 (-3072 -640 0 ) (-3072 0 0 ) (-3060.629883 0 0 ) (-3060.629883 -640 0 ) 
4 204 205 (-3072 -640 0 ) (-3060.629883 -640 0 ) (-3060.629883 -640 896 ) (-3072 -640 896 ) 
4 205 208 (-2048 -1024 0 ) (-2048 -1024 896 ) (-3072 -1024 896 ) (-3072 -1024 0 ) 
4 205 207 (-3072 -1024 0 ) (-3072 -1024 896 ) (-3072 -640 896 ) (-3072 -640 0 ) 
4 205 206 (-2048 -1024 0 ) (-3072 -1024 0 ) (-3072 -640 0 ) (-2048 -640 0 ) 
4 206 208 (-2048 -1024 -256 ) (-2048 -1024 0 ) (-3072 -1024 0 ) (-3072 -1024 -256 ) 
4 206 207 (-3072 -1024 -256 ) (-3072 -1024 0 ) (-3072 0 0 ) (-3072 0 -256 ) 
4 207 211 (-4096 -1024 -256 ) (-4096 -1024 960 ) (-4096 0 960 ) (-4096 0 -256 ) 
4 207 209 (-4096 -1024 960 ) (-4096 -1024 -256 ) (-3072 -1024 -256 ) (-3072 -1024 960 ) 
4 208 222 (-2048 -2048 -256 ) (-2048 -2048 960 ) (-3072 -2048 960 ) (-3072 -2048 -256 ) 
4 208 209 (-3072 -1024 960 ) (-3072 -1024 -256 ) (-3072 -2048 -256 ) (-3072 -2048 960 ) 
4 209 223 (-3072 -2048 -256 ) (-3072 -2048 960 ) (-4096 -2048 960 ) (-4096 -2048 -256 ) 
4 209 212 (-4096 -2048 -256 ) (-4096 -2048 960 ) (-4096 -1024 960 ) (-4096 -1024 -256 ) 
4 210 211 (-4096 0 -256 ) (-4096 0 960 ) (-4992 0 960 ) (-4992 0 -256 ) 
4 211 212 (-4096 -1024 -256 ) (-4096 -1024 960 ) (-4992 -1024 960 ) (-4992 -1024 -256 ) 
4 212 226 (-4096 -2048 -256 ) (-4096 -2048 960 ) (-4992 -2048 960 ) (-4992 -2048 -256 ) 
4 213 215 (0 -2048 960 ) (0 -2048 -256 ) (0 -3072 -256 ) (0 -3072 960 ) 
4 213 214 (1024 -3072 -256 ) (1024 -3072 960 ) (0 -3072 960 ) (0 -3072 -256 ) 
4 214 219 (1024 -4096 -256 ) (1024 -4096 960 ) (0 -4096 960 ) (0 -4096 -256 ) 
4 214 217 (0 -4096 -256 ) (0 -4096 960 ) (0 -3072 960 ) (0 -3072 -256 ) 
4 215 217 (0 -3072 -256 ) (0 -3072 960 ) (-1024 -3072 960 ) (-1024 -3072 -256 ) 
4 215 216 (-1024 -2048 960 ) (-1024 -2048 -256 ) (-1024 -3072 -256 ) (-1024 -3072 960 ) 
4 216 222 (-2048 -2048 960 ) (-2048 -2048 -256 ) (-2048 -3072 -256 ) (-2048 -3072 960 ) 
4 216 218 (-1024 -3072 -256 ) (-1024 -3072 960 ) (-2048 -3072 960 ) (-2048 -3072 -256 ) 
4 217 220 (0 -4096 -256 ) (0 -4096 960 ) (-1024 -4096 960 ) (-1024 -4096 -256 ) 
4 217 218 (-1024 -3072 960 ) (-1024 -3072 -256 ) (-1024 -4096 -256 ) (-1024 -4096 960 ) 
4 218 224 (-2048 -4096 -256 ) (-2048 -4096 960 ) (-2048 -3072 960 ) (-2048 -3072 -256 ) 
4 218 221 (-1024 -4096 -256 ) (-1024 -4096 960 ) (-2048 -4096 960 ) (-2048 -4096 -256 ) 
4 219 220 (0 -4096 960 ) (0 -4096 -256 ) (0 -4928 -256 ) (0 -4928 960 ) 
4 220 221 (-1024 -4096 960 ) (-1024 -4096 -256 ) (-1024 -4928 -256 ) (-1024 -4928 960 ) 
4 221 228 (-2048 -4928 960 ) (-2048 -4096 960 ) (-2048 -4096 -256 ) (-2048 -4928 -256 ) 
4 222 224 (-2048 -3072 -256 ) (-2048 -3072 960 ) (-3072 -3072 960 ) (-3072 -3072 -256 ) 
4 222 223 (-3072 -2048 960 ) (-3072 -2048 -256 ) (-3072 -3072 -256 ) (-3072 -3072 960 ) 
4 223 226 (-4096 -2048 960 ) (-4096 -2048 -256 ) (-4096 -3072 -256 ) (-4096 -3072 960 ) 
4 223 225 (-3072 -3072 -256 ) (-3072 -3072 960 ) (-4096 -3072 960 ) (-4096 -3072 -256 ) 
4 224 228 (-2048 -4096 -256 ) (-2048 -4096 960 ) (-3072 -4096 960 ) (-3072 -4096 -256 ) 
4 224 225 (-3072 -3072 960 ) (-3072 -3072 -256 ) (-3072 -4096 -256 ) (-3072 -4096 960 ) 
4 225 229 (-3072 -4096 -256 ) (-3072 -4096 960 ) (-4096 -4096 960 ) (-4096 -4096 -256 ) 
4 225 227 (-4096 -4096 -256 ) (-4096 -4096 960 ) (-4096 -3072 960 ) (-4096 -3072 -256 ) 
4 226 227 (-4096 -3072 -256 ) (-4096 -3072 960 ) (-4992 -3072 960 ) (-4992 -3072 -256 ) 
4 227 230 (-4096 -4096 -256 ) (-4096 -4096 960 ) (-4992 -4096 960 ) (-4992 -4096 -256 ) 
4 228 229 (-3072 -4096 960 ) (-3072 -4096 -256 ) (-3072 -4928 -256 ) (-3072 -4928 960 ) 
4 229 230 (-4096 -4096 960 ) (-4096 -4096 -256 ) (-4096 -4928 -256 ) (-4096 -4928 960 ) 
