PRT1
264
684
4 0 2 (5888 6144 960 ) (5120 6144 960 ) (5120 6144 -256 ) (5888 6144 -256 ) 
4 0 1 (5120 6144 -256 ) (5120 6144 960 ) (5120 6464 960 ) (5120 6464 -256 ) 
4 1 4 (4096 6144 -256 ) (4096 6144 960 ) (4096 6464 960 ) (4096 6464 -256 ) 
4 1 3 (5120 6144 -256 ) (5120 6144 960 ) (4096 6144 960 ) (4096 6144 -256 ) 
4 2 10 (5888 5120 960 ) (5120 5120 960 ) (5120 5120 -256 ) (5888 5120 -256 ) 
4 2 3 (5120 6144 960 ) (5120 6144 -256 ) (5120 5120 -256 ) (5120 5120 960 ) 
4 3 11 (5120 5120 -256 ) (5120 5120 960 ) (4096 5120 960 ) (4096 5120 -256 ) 
4 3 5 (4096 5120 -256 ) (4096 5120 960 ) (4096 6144 960 ) (4096 6144 -256 ) 
4 4 6 (3072 6144 -256 ) (3072 6144 960 ) (3072 6464 960 ) (3072 6464 -256 ) 
4 4 5 (4096 6144 -256 ) (4096 6144 960 ) (3072 6144 960 ) (3072 6144 -256 ) 
4 5 18 (4096 5120 -256 ) (4096 5120 960 ) (3072 5120 960 ) (3072 5120 -256 ) 
4 5 8 (3072 5120 -256 ) (3072 5120 960 ) (3072 6144 960 ) (3072 6144 -256 ) 
4 6 8 (3072 6144 -256 ) (3072 6144 960 ) (2048 6144 960 ) (2048 6144 -256 ) 
4 6 7 (2048 6144 -256 ) (2048 6144 960 ) (2048 6464 960 ) (2048 6464 -256 ) 
4 7 30 (1024 6144 -256 ) (1024 6144 960 ) (1024 6464 960 ) (1024 6464 -256 ) 
4 7 9 (2048 6144 -256 ) (2048 6144 960 ) (1024 6144 960 ) (1024 6144 -256 ) 
4 8 20 (3072 5120 -256 ) (3072 5120 960 ) (2048 5120 960 ) (2048 5120 -256 ) 
4 8 9 (2048 6144 960 ) (2048 6144 -256 ) (2048 5120 -256 ) (2048 5120 960 ) 
4 9 31 (1024 5120 -256 ) (1024 5120 960 ) (1024 6144 960 ) (1024 6144 -256 ) 
4 9 21 (2048 5120 -256 ) (2048 5120 960 ) (1024 5120 960 ) (1024 5120 -256 ) 
4 10 12 (5888 4096 960 ) (5120 4096 960 ) (5120 4096 -256 ) (5888 4096 -256 ) 
4 10 11 (5120 5120 960 ) (5120 5120 -256 ) (5120 4096 -256 ) (5120 4096 960 ) 
4 11 18 (4096 5120 960 ) (4096 5120 -256 ) (4096 4096 -256 ) (4096 4096 960 ) 
4 11 13 (5120 4096 -256 ) (5120 4096 960 ) (4096 4096 960 ) (4096 4096 -256 ) 
4 12 14 (5888 3072 960 ) (5120 3072 960 ) (5120 3072 -256 ) (5888 3072 -256 ) 
4 12 13 (5120 4096 960 ) (5120 4096 -256 ) (5120 3072 -256 ) (5120 3072 960 ) 
4 13 19 (4096 3072 -256 ) (4096 3072 960 ) (4096 4096 960 ) (4096 4096 -256 ) 
4 13 15 (5120 3072 -256 ) (5120 3072 960 ) (4096 3072 960 ) (4096 3072 -256 ) 
4 14 16 (5888 2048 960 ) (5120 2048 960 ) (5120 2048 -256 ) (5888 2048 -256 ) 
4 14 15 (5120 3072 960 ) (5120 3072 -256 ) (5120 2048 -256 ) (5120 2048 960 ) 
4 15 24 (4096 2048 -256 ) (4096 2048 960 ) (4096 3072 960 ) (4096 3072 -256 ) 
4 15 17 (5120 2048 -256 ) (5120 2048 960 ) (4096 2048 960 ) (4096 2048 -256 ) 
4 16 141 (5888 1024 960 ) (5120 1024 960 ) (5120 1024 -256 ) (5888 1024 -256 ) 
4 16 17 (5120 2048 960 ) (5120 2048 -256 ) (5120 1024 -256 ) (5120 1024 960 ) 
4 17 142 (5120 1024 -256 ) (5120 1024 960 ) (4096 1024 960 ) (4096 1024 -256 ) 
4 17 25 (4096 1024 -256 ) (4096 1024 960 ) (4096 2048 960 ) (4096 2048 -256 ) 
4 18 20 (3072 5120 960 ) (3072 5120 -256 ) (3072 4096 -256 ) (3072 4096 960 ) 
4 18 19 (4096 4096 -256 ) (4096 4096 960 ) (3072 4096 960 ) (3072 4096 -256 ) 
4 19 24 (4096 3072 -256 ) (4096 3072 960 ) (3072 3072 960 ) (3072 3072 -256 ) 
4 19 22 (3072 3072 -256 ) (3072 3072 960 ) (3072 4096 960 ) (3072 4096 -256 ) 
4 20 22 (3072 4096 -256 ) (3072 4096 960 ) (2048 4096 960 ) (2048 4096 -256 ) 
4 20 21 (2048 5120 960 ) (2048 5120 -256 ) (2048 4096 -256 ) (2048 4096 960 ) 
4 21 42 (1024 4096 -256 ) (1024 4096 960 ) (1024 5120 960 ) (1024 5120 -256 ) 
4 21 23 (2048 4096 -256 ) (2048 4096 960 ) (1024 4096 960 ) (1024 4096 -256 ) 
4 22 26 (3072 3072 -256 ) (3072 3072 960 ) (2048 3072 960 ) (2048 3072 -256 ) 
4 22 23 (2048 4096 960 ) (2048 4096 -256 ) (2048 3072 -256 ) (2048 3072 960 ) 
4 23 43 (1024 3072 -256 ) (1024 3072 960 ) (1024 4096 960 ) (1024 4096 -256 ) 
4 23 27 (2048 3072 -256 ) (2048 3072 960 ) (1024 3072 960 ) (1024 3072 -256 ) 
4 24 26 (3072 3072 960 ) (3072 3072 -256 ) (3072 2048 -256 ) (3072 2048 960 ) 
4 24 25 (4096 2048 -256 ) (4096 2048 960 ) (3072 2048 960 ) (3072 2048 -256 ) 
4 25 147 (4096 1024 -256 ) (4096 1024 960 ) (3072 1024 960 ) (3072 1024 -256 ) 
4 25 28 (3072 1024 -256 ) (3072 1024 960 ) (3072 2048 960 ) (3072 2048 -256 ) 
4 26 28 (3072 2048 -256 ) (3072 2048 960 ) (2048 2048 960 ) (2048 2048 -256 ) 
4 26 27 (2048 3072 960 ) (2048 3072 -256 ) (2048 2048 -256 ) (2048 2048 960 ) 
4 27 48 (1024 2048 -256 ) (1024 2048 960 ) (1024 3072 960 ) (1024 3072 -256 ) 
4 27 29 (2048 2048 -256 ) (2048 2048 960 ) (1024 2048 960 ) (1024 2048 -256 ) 
4 28 148 (3072 1024 -256 ) (3072 1024 960 ) (2048 1024 960 ) (2048 1024 -256 ) 
4 28 29 (2048 2048 960 ) (2048 2048 -256 ) (2048 1024 -256 ) (2048 1024 960 ) 
4 29 149 (2048 1024 -256 ) (2048 1024 960 ) (1024 1024 960 ) (1024 1024 -256 ) 
4 29 54 (1024 1024 -256 ) (1024 1024 0 ) (1024 2048 0 ) (1024 2048 -256 ) 
4 29 50 (1024 1024 0 ) (1024 1024 704 ) (1024 2048 704 ) (1024 2048 0 ) 
4 29 49 (1024 1024 704 ) (1024 1024 960 ) (1024 2048 960 ) (1024 2048 704 ) 
4 30 32 (0 6144 -256 ) (0 6144 960 ) (0 6464 960 ) (0 6464 -256 ) 
4 30 31 (1024 6144 -256 ) (1024 6144 960 ) (0 6144 960 ) (0 6144 -256 ) 
4 31 42 (1024 5120 -256 ) (1024 5120 960 ) (0 5120 960 ) (0 5120 -256 ) 
4 31 34 (0 5120 -256 ) (0 5120 960 ) (0 6144 960 ) (0 6144 -256 ) 
4 32 34 (0 6144 -256 ) (0 6144 960 ) (-1024 6144 960 ) (-1024 6144 -256 ) 
4 32 33 (-1024 6144 -256 ) (-1024 6144 960 ) (-1024 6464 960 ) (-1024 6464 -256 ) 
4 33 36 (-2048 6144 -256 ) (-2048 6144 960 ) (-2048 6464 960 ) (-2048 6464 -256 ) 
4 33 35 (-1024 6144 -256 ) (-1024 6144 960 ) (-2048 6144 960 ) (-2048 6144 -256 ) 
4 34 44 (0 5120 -256 ) (0 5120 960 ) (-1024 5120 960 ) (-1024 5120 -256 ) 
4 34 35 (-1024 6144 960 ) (-1024 6144 -256 ) (-1024 5120 -256 ) (-1024 5120 960 ) 
4 35 45 (-1024 5120 -256 ) (-1024 5120 960 ) (-2048 5120 960 ) (-2048 5120 -256 ) 
4 35 38 (-2048 5120 -256 ) (-2048 5120 960 ) (-2048 6144 960 ) (-2048 6144 -256 ) 
4 36 38 (-2048 6144 -256 ) (-2048 6144 960 ) (-3072 6144 960 ) (-3072 6144 -256 ) 
4 36 37 (-3072 6464 -256 ) (-3072 6144 -256 ) (-3072 6144 960 ) (-3072 6464 960 ) 
4 37 40 (-4096 6144 -256 ) (-4096 6144 960 ) (-4096 6464 960 ) (-4096 6464 -256 ) 
4 37 39 (-4096 6144 960 ) (-4096 6144 -256 ) (-3072 6144 -256 ) (-3072 6144 960 ) 
4 38 115 (-2048 5120 -256 ) (-2048 5120 960 ) (-3072 5120 960 ) (-3072 5120 -256 ) 
4 38 39 (-3072 6144 960 ) (-3072 6144 -256 ) (-3072 5120 -256 ) (-3072 5120 960 ) 
4 39 116 (-3072 5120 -256 ) (-3072 5120 960 ) (-4096 5120 960 ) (-4096 5120 -256 ) 
4 39 41 (-4096 5120 -256 ) (-4096 5120 960 ) (-4096 6144 960 ) (-4096 6144 -256 ) 
4 40 41 (-4096 6144 -256 ) (-4096 6144 960 ) (-4992 6144 960 ) (-4992 6144 -256 ) 
4 41 119 (-4096 5120 -256 ) (-4096 5120 960 ) (-4992 5120 960 ) (-4992 5120 -256 ) 
4 42 44 (0 5120 960 ) (0 5120 -256 ) (0 4096 -256 ) (0 4096 960 ) 
4 42 43 (1024 4096 -256 ) (1024 4096 960 ) (0 4096 960 ) (0 4096 -256 ) 
4 43 48 (1024 3072 -256 ) (1024 3072 960 ) (0 3072 960 ) (0 3072 -256 ) 
4 43 46 (0 3072 -256 ) (0 3072 960 ) (0 4096 960 ) (0 4096 -256 ) 
4 44 46 (0 4096 -256 ) (0 4096 960 ) (-1024 4096 960 ) (-1024 4096 -256 ) 
4 44 45 (-1024 5120 960 ) (-1024 5120 -256 ) (-1024 4096 -256 ) (-1024 4096 960 ) 
4 45 115 (-2048 5120 960 ) (-2048 5120 -256 ) (-2048 4096 -256 ) (-2048 4096 960 ) 
4 45 47 (-1024 4096 -256 ) (-1024 4096 960 ) (-2048 4096 960 ) (-2048 4096 -256 ) 
4 46 55 (0 3072 -256 ) (0 3072 960 ) (-1024 3072 960 ) (-1024 3072 -256 ) 
4 46 47 (-1024 4096 960 ) (-1024 4096 -256 ) (-1024 3072 -256 ) (-1024 3072 960 ) 
4 47 117 (-2048 3072 -256 ) (-2048 3072 960 ) (-2048 4096 960 ) (-2048 4096 -256 ) 
4 47 56 (-1024 3072 -256 ) (-1024 3072 960 ) (-2048 3072 960 ) (-2048 3072 -256 ) 
4 48 55 (0 3072 960 ) (0 3072 -256 ) (0 2048 -256 ) (0 2048 960 ) 
4 48 54 (1024 2048 -256 ) (1024 2048 0 ) (0 2048 0 ) (0 2048 -256 ) 
4 48 51 (768 2048 704 ) (0 2048 704 ) (0 2048 0 ) (768 2048 0 ) 
4 48 50 (1024 2048 0 ) (1024 2048 704 ) (768 2048 704 ) (768 2048 0 ) 
4 48 49 (1024 2048 704 ) (1024 2048 960 ) (0 2048 960 ) (0 2048 704 ) 
4 49 173 (384 1024 960 ) (0 1024 960 ) (0 1024 704 ) (384 1024 704 ) 
4 49 171 (1024 1024 704 ) (1024 1024 960 ) (384 1024 960 ) (384 1024 704 ) 
4 49 59 (0 1024 704 ) (0 1024 960 ) (0 1344 960 ) (0 1344 704 ) 
4 49 57 (0 1344 960 ) (0 2048 960 ) (0 2048 704 ) (0 1344 704 ) 
4 49 53 (384 1024 704 ) (0 1024 704 ) (0 1344 704 ) (384 1344 704 ) 
4 49 52 (700 1600 704 ) (768 1600 704 ) (768 1376 704 ) (700 1376 704 ) 
4 49 51 (0 1600 704 ) (0 2048 704 ) (768 2048 704 ) (768 1600 704 ) 
4 49 50 (1024 2048 704 ) (1024 1024 704 ) (768 1024 704 ) (768 2048 704 ) 
4 50 172 (1024 1024 0 ) (1024 1024 704 ) (768 1024 704 ) (768 1024 0 ) 
4 50 54 (1024 1024 0 ) (768 1024 0 ) (768 2048 0 ) (1024 2048 0 ) 
4 50 52 (768 1600 0 ) (768 1376 0 ) (768 1376 704 ) (768 1600 704 ) 
4 50 51 (768 2048 0 ) (768 1600 0 ) (768 1600 704 ) (768 2048 704 ) 
4 51 58 (0 1600 704 ) (0 2048 704 ) (0 2048 0 ) (0 1600 0 ) 
4 51 54 (0 1600 0 ) (0 2048 0 ) (768 2048 0 ) (768 1600 0 ) 
4 51 52 (700 1600 0 ) (768 1600 0 ) (768 1600 704 ) (700 1600 704 ) 
4 52 54 (700 1600 0 ) (768 1600 0 ) (768 1376 0 ) (700 1376 0 ) 
4 53 173 (384 1024 704 ) (0 1024 704 ) (0 1024 128 ) (384 1024 128 ) 
4 53 59 (0 1024 128 ) (0 1024 704 ) (0 1344 704 ) (0 1344 128 ) 
4 54 174 (1024 1024 -256 ) (1024 1024 0 ) (0 1024 0 ) (0 1024 -256 ) 
4 54 61 (0 1024 -256 ) (0 1024 0 ) (0 2048 0 ) (0 2048 -256 ) 
4 55 61 (0 2048 -256 ) (0 2048 0 ) (-1024 2048 0 ) (-1024 2048 -256 ) 
4 55 58 (0 2048 0 ) (0 2048 704 ) (-1024 2048 704 ) (-1024 2048 0 ) 
4 55 57 (0 2048 704 ) (0 2048 960 ) (-1024 2048 960 ) (-1024 2048 704 ) 
4 55 56 (-1024 3072 960 ) (-1024 3072 -256 ) (-1024 2048 -256 ) (-1024 2048 960 ) 
4 56 121 (-2048 2048 -256 ) (-2048 2048 960 ) (-2048 3072 960 ) (-2048 3072 -256 ) 
4 56 114 (-2048 2048 0 ) (-2048 2048 -256 ) (-1236 2048 -256 ) (-1236 2048 0 ) 
4 56 112 (-2048 2048 320 ) (-2048 2048 0 ) (-1236 2048 0 ) (-1236 2048 320 ) 
4 56 94 (-2048 2048 704 ) (-2048 2048 320 ) (-1848.630127 2048 320 ) (-1848.630127 2048 704 ) 
4 56 93 (-1848.630127 2048 320 ) (-1236 2048 320 ) (-1236 2048 704 ) (-1848.630127 2048 704 ) 
4 56 90 (-1316 2048 960 ) (-1668 2048 960 ) (-1668 2048 704 ) (-1316 2048 704 ) 
4 56 89 (-1236 2048 960 ) (-1316 2048 960 ) (-1316 2048 704 ) (-1236 2048 704 ) 
4 56 92 (-1668 2048 960 ) (-2048 2048 960 ) (-2048 2048 704 ) (-1668 2048 704 ) 
4 56 70 (-1236 2048 0 ) (-1236 2048 -256 ) (-1092 2048 -256 ) (-1092 2048 0 ) 
4 56 69 (-1236 2048 320 ) (-1236 2048 0 ) (-1092 2048 0 ) (-1092 2048 320 ) 
4 56 67 (-1092 2048 960 ) (-1236 2048 960 ) (-1236 2048 320 ) (-1092 2048 320 ) 
4 56 65 (-1024 2048 -256 ) (-1024 2048 320 ) (-1092 2048 320 ) (-1092 2048 -256 ) 
4 56 62 (-1024 2048 320 ) (-1024 2048 960 ) (-1092 2048 960 ) (-1092 2048 320 ) 
4 57 63 (-1024 1600 704 ) (-1024 1344 704 ) (-1024 1344 960 ) (-1024 1600 960 ) 
4 57 62 (-1024 2048 960 ) (-1024 2048 704 ) (-1024 1600 704 ) (-1024 1600 960 ) 
4 57 60 (-1024 1344 960 ) (-1024 1344 704 ) (-512 1344 704 ) (-512 1344 960 ) 
4 57 59 (-512 1344 704 ) (0 1344 704 ) (0 1344 960 ) (-512 1344 960 ) 
4 57 58 (-1024 1600 704 ) (-1024 2048 704 ) (0 2048 704 ) (0 1600 704 ) 
4 58 65 (-1024 2048 320 ) (-1024 2048 0 ) (-1024 1600 0 ) (-1024 1600 320 ) 
4 58 62 (-1024 2048 704 ) (-1024 2048 320 ) (-1024 1600 320 ) (-1024 1600 704 ) 
4 58 61 (-1024 2048 0 ) (0 2048 0 ) (0 1600 0 ) (-1024 1600 0 ) 
4 59 180 (0 1024 128 ) (0 1024 320 ) (-512 1024 320 ) (-224 1024 128 ) 
4 59 175 (0 1024 320 ) (0 1024 960 ) (-512 1024 960 ) (-512 1024 320 ) 
4 59 60 (-512 1344 960 ) (-512 1344 320 ) (-512 1024 320 ) (-512 1024 960 ) 
4 60 177 (-992 1024 320 ) (-672 1024 320 ) (-672 1024 960 ) (-992 1024 960 ) 
4 60 179 (-1024 1024 960 ) (-1024 1024 320 ) (-992 1024 320 ) (-992 1024 960 ) 
4 60 175 (-672 1024 320 ) (-512 1024 320 ) (-512 1024 960 ) (-672 1024 960 ) 
4 60 64 (-1024 1024 320 ) (-1024 1024 960 ) (-1024 1344 960 ) (-1024 1344 320 ) 
4 61 185 (-512 1024 0 ) (-1024 1024 0 ) (-1024 1024 -256 ) (-512 1024 -256 ) 
4 61 184 (0 1024 -256 ) (0 1024 0 ) (-512 1024 0 ) (-512 1024 -256 ) 
4 61 66 (-1024 1600 -256 ) (-1024 1024 -256 ) (-1024 1024 0 ) (-1024 1600 0 ) 
4 61 65 (-1024 2048 0 ) (-1024 2048 -256 ) (-1024 1600 -256 ) (-1024 1600 0 ) 
4 62 67 (-1092 2048 960 ) (-1092 2048 320 ) (-1092 1600 320 ) (-1092 1600 960 ) 
4 62 65 (-1092 1600 320 ) (-1092 2048 320 ) (-1024 2048 320 ) (-1024 1600 320 ) 
4 62 63 (-1024 1600 704 ) (-1024 1600 960 ) (-1092 1600 960 ) (-1092 1600 704 ) 
4 63 71 (-1092 1376 960 ) (-1092 1408 960 ) (-1092 1408 704 ) (-1092 1376 704 ) 
4 63 72 (-1092 1344 704 ) (-1092 1344 960 ) (-1092 1376 960 ) (-1092 1376 704 ) 
4 63 68 (-1092 1408 960 ) (-1092 1600 960 ) (-1092 1600 704 ) (-1092 1408 704 ) 
4 63 64 (-1024 1344 704 ) (-1024 1344 960 ) (-1092 1344 960 ) (-1092 1344 704 ) 
4 64 188 (-1024 1024 320 ) (-1024 1024 576 ) (-1092 1024 576 ) (-1092 1024 320 ) 
4 64 186 (-1024 1024 576 ) (-1024 1024 960 ) (-1092 1024 960 ) (-1092 1024 576 ) 
4 64 87 (-1092 1200 320 ) (-1092 1024 320 ) (-1092 1024 336 ) (-1092 1200 336 ) 
4 64 85 (-1092 1024 336 ) (-1092 1024 352 ) (-1092 1216 352 ) (-1092 1216 336 ) 
4 64 83 (-1092 1024 352 ) (-1092 1024 368 ) (-1092 1232 368 ) (-1092 1232 352 ) 
4 64 81 (-1092 1024 368 ) (-1092 1024 384 ) (-1092 1248 384 ) (-1092 1248 368 ) 
4 64 79 (-1092 1024 384 ) (-1092 1024 400 ) (-1092 1264 400 ) (-1092 1264 384 ) 
4 64 78 (-1092 1024 400 ) (-1092 1024 416 ) (-1092 1280 416 ) (-1092 1280 400 ) 
4 64 77 (-1092 1024 416 ) (-1092 1024 432 ) (-1092 1296 432 ) (-1092 1296 416 ) 
4 64 76 (-1092 1024 432 ) (-1092 1024 448 ) (-1092 1312 448 ) (-1092 1312 432 ) 
4 64 75 (-1092 1024 448 ) (-1092 1024 464 ) (-1092 1328 464 ) (-1092 1328 448 ) 
4 64 74 (-1092 1024 464 ) (-1092 1024 480 ) (-1092 1344 480 ) (-1092 1344 464 ) 
4 64 73 (-1092 1024 480 ) (-1092 1024 496 ) (-1092 1344 496 ) (-1092 1344 480 ) 
4 64 72 (-1092 1024 496 ) (-1092 1024 960 ) (-1092 1344 960 ) (-1092 1344 496 ) 
4 65 70 (-1092 2048 0 ) (-1092 2048 -256 ) (-1092 1600 -256 ) (-1092 1600 0 ) 
4 65 69 (-1092 2048 320 ) (-1092 2048 0 ) (-1092 1600 0 ) (-1092 1600 320 ) 
4 65 66 (-1092 1600 -256 ) (-1024 1600 -256 ) (-1024 1600 0 ) (-1092 1600 0 ) 
4 66 192 (-1024 1024 -256 ) (-1024 1024 0 ) (-1092 1024 0 ) (-1092 1024 -256 ) 
4 66 88 (-1092 1408 -256 ) (-1092 1024 -256 ) (-1092 1024 0 ) (-1092 1408 0 ) 
4 66 70 (-1092 1600 -256 ) (-1092 1408 -256 ) (-1092 1408 0 ) (-1092 1600 0 ) 
4 67 100 (-1236 1632 320 ) (-1236 1600 320 ) (-1236 1600 508 ) (-1236 1632 508 ) 
4 67 97 (-1236 1600 508 ) (-1236 1600 676 ) (-1236 1632 676 ) (-1236 1632 508 ) 
4 67 95 (-1236 1600 676 ) (-1236 1600 704 ) (-1236 1632 704 ) (-1236 1632 676 ) 
4 67 93 (-1236 2048 704 ) (-1236 2048 320 ) (-1236 1632 320 ) (-1236 1632 704 ) 
4 67 89 (-1236 1600 960 ) (-1236 2048 960 ) (-1236 2048 704 ) (-1236 1600 704 ) 
4 67 69 (-1236 1600 320 ) (-1236 2048 320 ) (-1092 2048 320 ) (-1092 1600 320 ) 
4 67 68 (-1092 1600 704 ) (-1092 1600 960 ) (-1236 1600 960 ) (-1236 1600 704 ) 
4 68 89 (-1236 1408 704 ) (-1236 1408 960 ) (-1236 1600 960 ) (-1236 1600 704 ) 
4 68 71 (-1236 1408 960 ) (-1236 1408 704 ) (-1092 1408 704 ) (-1092 1408 960 ) 
4 69 113 (-1236 1600 320 ) (-1236 1640 320 ) (-1236 1640 0 ) (-1236 1600 0 ) 
4 69 112 (-1236 1640 320 ) (-1236 2048 320 ) (-1236 2048 0 ) (-1236 1640 0 ) 
4 69 70 (-1236 1600 0 ) (-1236 2048 0 ) (-1092 2048 0 ) (-1092 1600 0 ) 
4 70 114 (-1236 1408 -256 ) (-1236 1408 0 ) (-1236 2048 0 ) (-1236 2048 -256 ) 
4 70 88 (-1236 1408 0 ) (-1236 1408 -256 ) (-1092 1408 -256 ) (-1092 1408 0 ) 
4 71 106 (-1236 1408 704 ) (-1236 1408 512 ) (-1236 1376 512 ) (-1236 1376 704 ) 
4 71 89 (-1236 1376 960 ) (-1236 1408 960 ) (-1236 1408 704 ) (-1236 1376 704 ) 
4 71 72 (-1092 1376 512 ) (-1092 1376 960 ) (-1236 1376 960 ) (-1236 1376 512 ) 
4 72 188 (-1092 1024 496 ) (-1092 1024 576 ) (-1236 1024 576 ) (-1236 1024 496 ) 
4 72 186 (-1092 1024 576 ) (-1092 1024 960 ) (-1236 1024 960 ) (-1236 1024 576 ) 
4 72 111 (-1236 1024 496 ) (-1236 1024 704 ) (-1236 1256 704 ) (-1236 1256 496 ) 
4 72 106 (-1236 1264 704 ) (-1236 1376 704 ) (-1236 1376 510.986023 ) (-1236 1264 510.986023 ) 
4 72 110 (-1236 1256 704 ) (-1236 1264 704 ) (-1236 1264 496 ) (-1236 1256 496 ) 
4 72 89 (-1236 1024 704 ) (-1236 1024 960 ) (-1236 1376 960 ) (-1236 1376 704 ) 
4 72 73 (-1236 1024 496 ) (-1236 1360 496 ) (-1092 1360 496 ) (-1092 1024 496 ) 
4 73 188 (-1092 1024 480 ) (-1092 1024 496 ) (-1236 1024 496 ) (-1236 1024 480 ) 
4 73 111 (-1236 1024 480 ) (-1236 1024 496 ) (-1236 1256 496 ) (-1236 1256 480 ) 
4 73 110 (-1236 1256 496 ) (-1236 1264 496 ) (-1236 1264 480 ) (-1236 1256 480 ) 
4 73 74 (-1236 1024 480 ) (-1236 1344 480 ) (-1092 1344 480 ) (-1092 1024 480 ) 
4 74 188 (-1092 1024 464 ) (-1092 1024 480 ) (-1236 1024 480 ) (-1236 1024 464 ) 
4 74 111 (-1236 1024 464 ) (-1236 1024 480 ) (-1236 1256 480 ) (-1236 1256 464 ) 
4 74 110 (-1236 1256 480 ) (-1236 1264 480 ) (-1236 1264 464 ) (-1236 1256 464 ) 
4 74 75 (-1236 1024 464 ) (-1236 1328 464 ) (-1092 1328 464 ) (-1092 1024 464 ) 
4 75 188 (-1092 1024 448 ) (-1092 1024 464 ) (-1236 1024 464 ) (-1236 1024 448 ) 
4 75 111 (-1236 1024 448 ) (-1236 1024 464 ) (-1236 1256 464 ) (-1236 1256 448 ) 
4 75 110 (-1236 1256 464 ) (-1236 1264 464 ) (-1236 1264 448 ) (-1236 1256 448 ) 
4 75 76 (-1236 1024 448 ) (-1236 1312 448 ) (-1092 1312 448 ) (-1092 1024 448 ) 
4 76 188 (-1092 1024 432 ) (-1092 1024 448 ) (-1236 1024 448 ) (-1236 1024 432 ) 
4 76 111 (-1236 1024 432 ) (-1236 1024 448 ) (-1236 1256 448 ) (-1236 1256 432 ) 
4 76 110 (-1236 1256 448 ) (-1236 1264 448 ) (-1236 1264 432 ) (-1236 1256 432 ) 
4 76 77 (-1236 1024 432 ) (-1236 1296 432 ) (-1092 1296 432 ) (-1092 1024 432 ) 
4 77 188 (-1092 1024 416 ) (-1092 1024 432 ) (-1236 1024 432 ) (-1236 1024 416 ) 
4 77 111 (-1236 1024 416 ) (-1236 1024 432 ) (-1236 1256 432 ) (-1236 1256 416 ) 
4 77 110 (-1236 1256 432 ) (-1236 1264 432 ) (-1236 1264 416 ) (-1236 1256 416 ) 
4 77 78 (-1236 1024 416 ) (-1236 1280 416 ) (-1092 1280 416 ) (-1092 1024 416 ) 
4 78 188 (-1092 1024 400 ) (-1092 1024 416 ) (-1236 1024 416 ) (-1236 1024 400 ) 
4 78 111 (-1236 1024 400 ) (-1236 1024 416 ) (-1236 1256 416 ) (-1236 1256 400 ) 
4 78 110 (-1236 1256 416 ) (-1236 1264 416 ) (-1236 1264 400 ) (-1236 1256 400 ) 
4 78 79 (-1236 1024 400 ) (-1236 1264 400 ) (-1092 1264 400 ) (-1092 1024 400 ) 
4 79 188 (-1092 1024 384 ) (-1092 1024 400 ) (-1236 1024 400 ) (-1236 1024 384 ) 
4 79 111 (-1236 1024 384 ) (-1236 1024 400 ) (-1236 1256 400 ) (-1236 1256 384 ) 
4 79 110 (-1236 1256 400 ) (-1236 1264 400 ) (-1236 1264 384 ) (-1236 1256 384 ) 
4 79 81 (-1236 1024 384 ) (-1236 1248 384 ) (-1092 1248 384 ) (-1092 1024 384 ) 
4 80 82 (-1236 1400 368 ) (-1236 1408 368 ) (-1092 1408 368 ) (-1092 1400 368 ) 
4 81 188 (-1092 1024 368 ) (-1092 1024 384 ) (-1236 1024 384 ) (-1236 1024 368 ) 
4 81 111 (-1236 1024 368 ) (-1236 1024 384 ) (-1236 1248 384 ) (-1236 1248 368 ) 
4 81 83 (-1236 1024 368 ) (-1236 1232 368 ) (-1092 1232 368 ) (-1092 1024 368 ) 
4 82 84 (-1236 1400 352 ) (-1236 1408 352 ) (-1092 1408 352 ) (-1092 1400 352 ) 
4 83 188 (-1092 1024 352 ) (-1092 1024 368 ) (-1236 1024 368 ) (-1236 1024 352 ) 
4 83 111 (-1236 1024 352 ) (-1236 1024 368 ) (-1236 1232 368 ) (-1236 1232 352 ) 
4 83 85 (-1236 1024 352 ) (-1236 1216 352 ) (-1092 1216 352 ) (-1092 1024 352 ) 
4 84 86 (-1236 1400 336 ) (-1236 1408 336 ) (-1092 1408 336 ) (-1092 1400 336 ) 
4 85 188 (-1092 1024 336 ) (-1092 1024 352 ) (-1236 1024 352 ) (-1236 1024 336 ) 
4 85 111 (-1236 1024 336 ) (-1236 1024 352 ) (-1236 1216 352 ) (-1236 1216 336 ) 
4 85 87 (-1236 1024 336 ) (-1236 1200 336 ) (-1092 1200 336 ) (-1092 1024 336 ) 
4 86 109 (-1236 1408 321 ) (-1236 1408 320 ) (-1236 1400 320 ) (-1236 1400 321 ) 
4 87 188 (-1092 1024 320 ) (-1092 1024 336 ) (-1236 1024 336 ) (-1236 1024 320 ) 
4 87 111 (-1236 1024 320 ) (-1236 1024 336 ) (-1236 1200 336 ) (-1236 1200 320 ) 
4 88 192 (-1092 1024 -256 ) (-1092 1024 0 ) (-1236 1024 0 ) (-1236 1024 -256 ) 
4 88 114 (-1236 1024 -256 ) (-1236 1024 0 ) (-1236 1408 0 ) (-1236 1408 -256 ) 
4 89 186 (-1236 1024 704 ) (-1236 1024 960 ) (-1316 1024 960 ) (-1316 1024 704 ) 
4 89 111 (-1236 1256 704 ) (-1236 1024 704 ) (-1316 1024 704 ) (-1316 1256 704 ) 
4 89 106 (-1236 1408 704 ) (-1236 1264 704 ) (-1316 1264 704 ) (-1316 1408 704 ) 
4 89 110 (-1236 1264 704 ) (-1236 1256 704 ) (-1316 1256 704 ) (-1316 1264 704 ) 
4 89 95 (-1236 1632 704 ) (-1236 1600 704 ) (-1316 1600 704 ) (-1316 1632 704 ) 
4 89 93 (-1316 2048 704 ) (-1236 2048 704 ) (-1236 1632 704 ) (-1316 1632 704 ) 
5 89 91 (-1316 1408 704 ) (-1316 1024 704 ) (-1316 1024 960 ) (-1316 1600 960 ) (-1316 1600 800 ) 
4 89 90 (-1316 2048 704 ) (-1316 1600 704 ) (-1316 1600 960 ) (-1316 2048 960 ) 
4 90 103 (-1636 1600 704 ) (-1668 1600 704 ) (-1668 1632 704 ) (-1636 1632 704 ) 
4 90 96 (-1316 1632 704 ) (-1316 1600 704 ) (-1348 1600 704 ) (-1348 1632 704 ) 
4 90 93 (-1668 2048 704 ) (-1316 2048 704 ) (-1316 1632 704 ) (-1668 1632 704 ) 
4 90 91 (-1668 1600 960 ) (-1668 1600 800 ) (-1316 1600 800 ) (-1316 1600 960 ) 
4 90 92 (-1668 2048 704 ) (-1668 1600 704 ) (-1668 1600 960 ) (-1668 2048 960 ) 
4 91 186 (-1316 1024 960 ) (-1668 1024 960 ) (-1668 1024 704 ) (-1316 1024 704 ) 
4 91 111 (-1316 1256 704 ) (-1316 1024 704 ) (-1668 1024 704 ) (-1668 1256 704 ) 
4 91 106 (-1316 1408 704 ) (-1316 1264 704 ) (-1668 1264 704 ) (-1668 1408 704 ) 
4 91 110 (-1316 1264 704 ) (-1316 1256 704 ) (-1668 1256 704 ) (-1668 1264 704 ) 
5 91 92 (-1668 1408 704 ) (-1668 1024 704 ) (-1668 1024 960 ) (-1668 1600 960 ) (-1668 1600 800 ) 
4 92 186 (-1668 1024 960 ) (-2048 1024 960 ) (-2048 1024 704 ) (-1668 1024 704 ) 
4 92 123 (-2048 1024 704 ) (-2048 1024 960 ) (-2048 2048 960 ) (-2048 2048 704 ) 
4 92 111 (-2048 1024 704 ) (-2048 1256 704 ) (-1668 1256 704 ) (-1668 1024 704 ) 
4 92 108 (-1848.630127 1408 704 ) (-1668 1408 704 ) (-1668 1264 704 ) (-1848.630127 1264 704 ) 
4 92 110 (-1668 1264 704 ) (-1668 1256 704 ) (-1848.630127 1256 704 ) (-1848.630127 1264 704 ) 
4 92 104 (-1848 1632 704 ) (-1668 1632 704 ) (-1668 1600 704 ) (-1848 1600 704 ) 
4 92 105 (-1848.630127 1632 704 ) (-1848 1632 704 ) (-1848 1408 704 ) (-1848.630127 1408 704 ) 
4 92 94 (-2048 1640 704 ) (-2048 2048 704 ) (-1848.630127 2048 704 ) (-1848.630127 1640 704 ) 
4 92 93 (-1848.630127 2048 704 ) (-1668 2048 704 ) (-1668 1632 704 ) (-1848.630127 1632 704 ) 
4 93 113 (-1236 1640 320 ) (-1236 1632 320 ) (-1848.630127 1632 320 ) (-1848.630127 1640 320 ) 
4 93 112 (-1236 2048 320 ) (-1236 1640 320 ) (-1848.630127 1640 320 ) (-1848.630127 2048 320 ) 
4 93 104 (-1848 1632 320 ) (-1668 1632 320 ) (-1668 1632 704 ) (-1848 1632 704 ) 
4 93 105 (-1848.630127 1632 320 ) (-1848 1632 320 ) (-1848 1632 704 ) (-1848.630127 1632 704 ) 
4 93 103 (-1668 1632 320 ) (-1636 1632 320 ) (-1636 1632 704 ) (-1668 1632 704 ) 
4 93 102 (-1636 1632 320 ) (-1348 1632 320 ) (-1348 1632 480 ) (-1636 1632 480 ) 
4 93 101 (-1348 1632 320 ) (-1316 1632 320 ) (-1316 1632 508 ) (-1348 1632 508 ) 
4 93 100 (-1316 1632 320 ) (-1236 1632 320 ) (-1236 1632 508 ) (-1316 1632 508 ) 
4 93 97 (-1236 1632 508 ) (-1236 1632 676 ) (-1316 1632 676 ) (-1316 1632 508 ) 
4 93 98 (-1316 1632 676 ) (-1348 1632 676 ) (-1348 1632 508 ) (-1316 1632 508 ) 
4 93 96 (-1316 1632 704 ) (-1348 1632 704 ) (-1348 1632 676 ) (-1316 1632 676 ) 
4 93 95 (-1236 1632 676 ) (-1236 1632 704 ) (-1316 1632 704 ) (-1316 1632 676 ) 
4 93 94 (-1848.630127 2048 320 ) (-1848.630127 1640 320 ) (-1848.630127 1640 704 ) (-1848.630127 2048 704 ) 
4 94 124 (-2048 1640 704 ) (-2048 2048 704 ) (-2048 2048 320 ) (-2048 1640 320 ) 
4 94 112 (-2048 1640 320 ) (-2048 2048 320 ) (-1848.630127 2048 320 ) (-1848.630127 1640 320 ) 
4 95 97 (-1316 1600 676 ) (-1316 1632 676 ) (-1236 1632 676 ) (-1236 1600 676 ) 
4 95 96 (-1316 1632 704 ) (-1316 1632 676 ) (-1316 1600 676 ) (-1316 1600 704 ) 
4 96 98 (-1316 1409 676 ) (-1348 1409 676 ) (-1348 1632 676 ) (-1316 1632 676 ) 
4 97 100 (-1316 1600 508 ) (-1316 1632 508 ) (-1236 1632 508 ) (-1236 1600 508 ) 
4 97 98 (-1316 1632 508 ) (-1316 1600 508 ) (-1316 1600 676 ) (-1316 1632 676 ) 
4 98 101 (-1316 1409 508 ) (-1348 1409 508 ) (-1348 1632 508 ) (-1316 1632 508 ) 
4 100 113 (-1236 1632 320 ) (-1236 1600 320 ) (-1316 1600 320 ) (-1316 1632 320 ) 
4 100 101 (-1316 1600 508 ) (-1316 1632 508 ) (-1316 1632 320 ) (-1316 1600 320 ) 
4 101 113 (-1348 1600 320 ) (-1348 1632 320 ) (-1316 1632 320 ) (-1316 1600 320 ) 
4 101 102 (-1348 1409 320 ) (-1348 1409 480 ) (-1348 1632 480 ) (-1348 1632 320 ) 
4 102 113 (-1636 1600 320 ) (-1636 1632 320 ) (-1348 1632 320 ) (-1348 1600 320 ) 
4 102 103 (-1636 1632 480 ) (-1636 1632 320 ) (-1636 1409 320 ) (-1636 1409 480 ) 
4 103 113 (-1668 1600 320 ) (-1668 1632 320 ) (-1636 1632 320 ) (-1636 1600 320 ) 
4 103 104 (-1668 1632 704 ) (-1668 1632 320 ) (-1668 1600 320 ) (-1668 1600 704 ) 
4 104 113 (-1848 1600 320 ) (-1848 1632 320 ) (-1668 1632 320 ) (-1668 1600 320 ) 
4 104 105 (-1848 1632 704 ) (-1848 1632 320 ) (-1848 1600 320 ) (-1848 1600 704 ) 
4 105 113 (-1848.630127 1600 320 ) (-1848.630127 1632 320 ) (-1848 1632 320 ) (-1848 1600 320 ) 
4 105 108 (-1848 1408 321 ) (-1848 1408 704 ) (-1848.630127 1408 704 ) (-1848.630127 1408 321 ) 
4 105 109 (-1848.630127 1408 320 ) (-1848 1408 320 ) (-1848 1408 321 ) (-1848.630127 1408 321 ) 
4 106 108 (-1668 1408 704 ) (-1668 1408 510.986023 ) (-1668 1264 510.986023 ) (-1668 1264 704 ) 
4 106 110 (-1236 1264 510.986023 ) (-1236 1264 704 ) (-1668 1264 704 ) (-1668 1264 510.986023 ) 
4 107 108 (-1668 1408 447.986023 ) (-1668 1408 321 ) (-1668 1264 321 ) (-1668 1264 447.986023 ) 
4 107 110 (-1668 1264 321 ) (-1276 1264 321 ) (-1276 1264 447.986023 ) (-1668 1264 447.986023 ) 
4 107 109 (-1276 1264 321 ) (-1668 1264 321 ) (-1668 1408 321 ) (-1276 1408 321 ) 
4 108 109 (-1668 1264 321 ) (-1848.630127 1264 321 ) (-1848.630127 1408 321 ) (-1668 1408 321 ) 
4 108 110 (-1848.630127 1264 704 ) (-1848.630127 1264 321 ) (-1668 1264 321 ) (-1668 1264 704 ) 
4 109 110 (-1848.630127 1264 321 ) (-1848.630127 1264 320 ) (-1236 1264 320 ) (-1236 1264 321 ) 
5 110 111 (-1825.465210 1256 320 ) (-1236 1256 320 ) (-1236 1256 704 ) (-1848.630127 1256 704 ) (-1848.630127 1256 327.282349 ) 
4 111 190 (-2020 1024 576 ) (-2048 1024 576 ) (-2048 1024 378.907288 ) (-2020 1024 370.104950 ) 
5 111 188 (-1236 1024 320 ) (-1236 1024 576 ) (-2020 1024 576 ) (-2020 1024 370.104950 ) (-1860.617432 1024 320 ) 
4 111 186 (-1236 1024 576 ) (-1236 1024 704 ) (-2048 1024 704 ) (-2048 1024 576 ) 
4 111 129 (-2048 1024 378.907288 ) (-2048 1024 704 ) (-2048 1256 704 ) (-2048 1256 389.958069 ) 
4 112 124 (-2048 1640 320 ) (-2048 2048 320 ) (-2048 2048 0 ) (-2048 1640 0 ) 
4 112 114 (-2048 1640 0 ) (-2048 2048 0 ) (-1236 2048 0 ) (-1236 1640 0 ) 
4 112 113 (-1848.630127 1640 0 ) (-1236 1640 0 ) (-1236 1640 320 ) (-1848.630127 1640 320 ) 
4 113 114 (-1848.630127 1640 0 ) (-1236 1640 0 ) (-1236 1600 0 ) (-1848.630127 1600 0 ) 
4 114 192 (-1236 1024 -256 ) (-1236 1024 0 ) (-2048 1024 0 ) (-2048 1024 -256 ) 
4 114 137 (-2048 1024 -256 ) (-2048 1024 0 ) (-2048 2048 0 ) (-2048 2048 -256 ) 
4 115 117 (-2048 4096 -256 ) (-2048 4096 960 ) (-3072 4096 960 ) (-3072 4096 -256 ) 
4 115 116 (-3072 5120 960 ) (-3072 5120 -256 ) (-3072 4096 -256 ) (-3072 4096 960 ) 
4 116 119 (-4096 5120 960 ) (-4096 5120 -256 ) (-4096 4096 -256 ) (-4096 4096 960 ) 
4 116 118 (-3072 4096 -256 ) (-3072 4096 960 ) (-4096 4096 960 ) (-4096 4096 -256 ) 
4 117 121 (-2048 3072 -256 ) (-2048 3072 960 ) (-3072 3072 960 ) (-3072 3072 -256 ) 
4 117 118 (-3072 4096 960 ) (-3072 4096 -256 ) (-3072 3072 -256 ) (-3072 3072 960 ) 
4 118 122 (-3072 3072 -256 ) (-3072 3072 960 ) (-4096 3072 960 ) (-4096 3072 -256 ) 
4 118 120 (-4096 3072 -256 ) (-4096 3072 960 ) (-4096 4096 960 ) (-4096 4096 -256 ) 
4 119 120 (-4096 4096 -256 ) (-4096 4096 960 ) (-4992 4096 960 ) (-4992 4096 -256 ) 
4 120 139 (-4096 3072 -256 ) (-4096 3072 960 ) (-4992 3072 960 ) (-4992 3072 -256 ) 
4 121 137 (-2048 2048 -256 ) (-2048 2048 0 ) (-3072 2048 0 ) (-3072 2048 -256 ) 
4 121 124 (-2048 2048 0 ) (-2048 2048 704 ) (-3072 2048 704 ) (-3072 2048 0 ) 
4 121 123 (-2048 2048 704 ) (-2048 2048 960 ) (-3072 2048 960 ) (-3072 2048 704 ) 
4 121 122 (-3072 3072 960 ) (-3072 3072 -256 ) (-3072 2048 -256 ) (-3072 2048 960 ) 
4 122 139 (-4096 3072 960 ) (-4096 3072 -256 ) (-4096 2048 -256 ) (-4096 2048 960 ) 
4 122 138 (-3072 2048 -256 ) (-3072 2048 960 ) (-4096 2048 960 ) (-4096 2048 -256 ) 
4 123 224 (-2680 1024 960 ) (-3072 1024 960 ) (-3072 1024 704 ) (-2680 1024 704 ) 
4 123 222 (-2236 1024 960 ) (-2680 1024 960 ) (-2680 1024 704 ) (-2236 1024 704 ) 
4 123 219 (-2048 1024 704 ) (-2048 1024 960 ) (-2236 1024 960 ) (-2236 1024 704 ) 
4 123 138 (-3072 2048 960 ) (-3072 2048 704 ) (-3072 1024 704 ) (-3072 1024 960 ) 
4 123 134 (-3060.629883 1600 704 ) (-3060.629883 1640 704 ) (-2760 1640 704 ) (-2760 1600 704 ) 
4 123 132 (-2760 1600 704 ) (-2760 1640 704 ) (-2688 1640 704 ) (-2688 1600 704 ) 
4 123 130 (-2236 1024 704 ) (-2680 1024 704 ) (-2680 1400 704 ) (-2236 1400 704 ) 
5 123 129 (-2048 1256 704 ) (-2048 1024 704 ) (-2236 1024 704 ) (-2236 1233.707642 704 ) (-2232.622070 1256 704 ) 
3 123 127 (-2236 1233.707642 704 ) (-2236 1256 704 ) (-2232.622070 1256 704 ) 
4 123 126 (-2232.629883 1256 704 ) (-2236 1256 704 ) (-2236 1400 704 ) (-2232.629883 1400 704 ) 
4 123 136 (-3060.629883 1024 704 ) (-3072 1024 704 ) (-3072 1640 704 ) (-3060.629883 1640 704 ) 
4 123 124 (-3072 2048 704 ) (-2048 2048 704 ) (-2048 1640 704 ) (-3072 1640 704 ) 
4 124 138 (-3072 2048 704 ) (-3072 2048 0 ) (-3072 1640 0 ) (-3072 1640 704 ) 
4 124 137 (-3072 1640 0 ) (-3072 2048 0 ) (-2048 2048 0 ) (-2048 1640 0 ) 
4 124 134 (-3060.629883 1640 0 ) (-2760 1640 0 ) (-2760 1640 704 ) (-3060.629883 1640 704 ) 
4 124 133 (-2760 1640 0 ) (-2680 1640 0 ) (-2680 1640 113.142998 ) (-2760 1640 113.142998 ) 
4 124 131 (-2688 1640 264 ) (-2688 1640 113.142998 ) (-2680 1640 113.142998 ) (-2680 1640 264 ) 
4 124 132 (-2688 1640 704 ) (-2760 1640 704 ) (-2760 1640 113.142998 ) (-2688 1640 113.142998 ) 
4 124 125 (-2236 1640 0 ) (-2232.629883 1640 0 ) (-2232.629883 1640 264 ) (-2236 1640 264 ) 
4 124 136 (-3072 1640 0 ) (-3060.629883 1640 0 ) (-3060.629883 1640 704 ) (-3072 1640 704 ) 
4 125 137 (-2236 1600 0 ) (-2236 1640 0 ) (-2232.629883 1640 0 ) (-2232.629883 1600 0 ) 
4 126 130 (-2236 1256 448 ) (-2236 1256 704 ) (-2236 1400 704 ) (-2236 1400 448 ) 
4 126 127 (-2236 1256 704 ) (-2236 1256 320 ) (-2232.629883 1256 320 ) (-2232.629883 1256 704 ) 
4 127 130 (-2236 1233.707642 704 ) (-2236 1256 704 ) (-2236 1256 448 ) (-2236 1233.740234 448 ) 
4 127 129 (-2236 1233.705078 704 ) (-2236 1233.737671 448 ) (-2232.627441 1256 448 ) (-2232.622559 1256 704 ) 
3 128 218 (-2236 1024 426.128357 ) (-2236 1024 320 ) (-2097.099609 1024 320 ) 
4 129 219 (-2048 1024 378.907288 ) (-2048 1024 704 ) (-2236 1024 704 ) (-2236 1024 438.008667 ) 
4 129 130 (-2236 1024 448 ) (-2236 1024 704 ) (-2236 1233.707642 704 ) (-2236 1233.740234 448 ) 
4 130 222 (-2236 1024 704 ) (-2680 1024 704 ) (-2680 1024 448 ) (-2236 1024 448 ) 
4 131 133 (-2688 1640 113.142998 ) (-2680 1640 113.142998 ) (-2680 1600 113.142998 ) (-2688 1600 113.142998 ) 
4 131 132 (-2688 1640 264 ) (-2688 1640 113.142998 ) (-2688 1600 113.142998 ) (-2688 1600 264 ) 
4 132 134 (-2760 1640 704 ) (-2760 1640 113.142998 ) (-2760 1600 113.142998 ) (-2760 1600 704 ) 
4 132 133 (-2760 1600 113.142998 ) (-2760 1640 113.142998 ) (-2688 1640 113.142998 ) (-2688 1600 113.142998 ) 
4 133 137 (-2760 1600 0 ) (-2760 1640 0 ) (-2680 1640 0 ) (-2680 1600 0 ) 
4 133 134 (-2760 1640 113.142998 ) (-2760 1640 0 ) (-2760 1600 0 ) (-2760 1600 113.142998 ) 
4 134 137 (-3060.629883 1600 0 ) (-3060.629883 1640 0 ) (-2760 1640 0 ) (-2760 1600 0 ) 
4 134 135 (-3060.629883 1600 113.142998 ) (-3060.629883 1600 0 ) (-2760 1600 0 ) (-2760 1600 113.142998 ) 
4 134 136 (-3060.629883 1640 704 ) (-3060.629883 1640 0 ) (-3060.629883 1600 0 ) (-3060.629883 1600 704 ) 
4 135 226 (-3060.629883 1024 113.142998 ) (-3060.629883 1024 0 ) (-2760 1024 0 ) (-2760 1024 113.142998 ) 
4 135 137 (-2760 1024 0 ) (-3060.629883 1024 0 ) (-3060.629883 1600 0 ) (-2760 1600 0 ) 
4 135 136 (-3060.629883 1600 0 ) (-3060.629883 1024 0 ) (-3060.629883 1024 113.142998 ) (-3060.629883 1600 113.142998 ) 
4 136 227 (-3072 1024 320 ) (-3072 1024 0 ) (-3060.629883 1024 0 ) (-3060.629883 1024 320 ) 
4 136 225 (-3060.629883 1024 704 ) (-3072 1024 704 ) (-3072 1024 320 ) (-3060.629883 1024 320 ) 
4 136 138 (-3072 1640 0 ) (-3072 1024 0 ) (-3072 1024 704 ) (-3072 1640 704 ) 
4 136 137 (-3060.629883 1024 0 ) (-3072 1024 0 ) (-3072 1640 0 ) (-3060.629883 1640 0 ) 
4 137 228 (-2048 1024 -256 ) (-2048 1024 0 ) (-3072 1024 0 ) (-3072 1024 -256 ) 
4 137 138 (-3072 2048 0 ) (-3072 2048 -256 ) (-3072 1024 -256 ) (-3072 1024 0 ) 
4 138 229 (-3072 1024 -256 ) (-3072 1024 960 ) (-4096 1024 960 ) (-4096 1024 -256 ) 
4 138 140 (-4096 1024 -256 ) (-4096 1024 960 ) (-4096 2048 960 ) (-4096 2048 -256 ) 
4 139 140 (-4096 2048 -256 ) (-4096 2048 960 ) (-4992 2048 960 ) (-4992 2048 -256 ) 
4 140 243 (-4096 1024 -256 ) (-4096 1024 960 ) (-4992 1024 960 ) (-4992 1024 -256 ) 
4 141 143 (5888 0 960 ) (5120 0 960 ) (5120 0 -256 ) (5888 0 -256 ) 
4 141 142 (5120 0 -256 ) (5120 0 960 ) (5120 1024 960 ) (5120 1024 -256 ) 
4 142 147 (4096 1024 960 ) (4096 1024 -256 ) (4096 0 -256 ) (4096 0 960 ) 
4 142 144 (5120 0 -256 ) (5120 0 960 ) (4096 0 960 ) (4096 0 -256 ) 
4 143 145 (5888 -1024 960 ) (5120 -1024 960 ) (5120 -1024 -256 ) (5888 -1024 -256 ) 
4 143 144 (5120 0 960 ) (5120 0 -256 ) (5120 -1024 -256 ) (5120 -1024 960 ) 
4 144 150 (4096 -1024 -256 ) (4096 -1024 960 ) (4096 0 960 ) (4096 0 -256 ) 
4 144 146 (5120 -1024 -256 ) (5120 -1024 960 ) (4096 -1024 960 ) (4096 -1024 -256 ) 
4 145 156 (5888 -2048 960 ) (5120 -2048 960 ) (5120 -2048 -256 ) (5888 -2048 -256 ) 
4 145 146 (5120 -1024 960 ) (5120 -1024 -256 ) (5120 -2048 -256 ) (5120 -2048 960 ) 
4 146 157 (5120 -2048 -256 ) (5120 -2048 960 ) (4096 -2048 960 ) (4096 -2048 -256 ) 
4 146 151 (4096 -2048 -256 ) (4096 -2048 960 ) (4096 -1024 960 ) (4096 -1024 -256 ) 
4 147 150 (4096 0 -256 ) (4096 0 960 ) (3072 0 960 ) (3072 0 -256 ) 
4 147 148 (3072 1024 960 ) (3072 1024 -256 ) (3072 0 -256 ) (3072 0 960 ) 
4 148 152 (3072 0 -256 ) (3072 0 960 ) (2048 0 960 ) (2048 0 -256 ) 
4 148 149 (2048 0 -256 ) (2048 0 960 ) (2048 1024 960 ) (2048 1024 -256 ) 
4 149 174 (1024 1024 0 ) (1024 1024 -256 ) (1024 0 -256 ) (1024 0 0 ) 
4 149 172 (1024 1024 704 ) (1024 1024 0 ) (1024 0 0 ) (1024 0 704 ) 
4 149 171 (1024 1024 960 ) (1024 1024 704 ) (1024 0 704 ) (1024 0 960 ) 
4 149 153 (2048 0 -256 ) (2048 0 960 ) (1024 0 960 ) (1024 0 -256 ) 
4 150 152 (3072 0 960 ) (3072 0 -256 ) (3072 -1024 -256 ) (3072 -1024 960 ) 
4 150 151 (4096 -1024 -256 ) (4096 -1024 960 ) (3072 -1024 960 ) (3072 -1024 -256 ) 
4 151 162 (4096 -2048 -256 ) (4096 -2048 960 ) (3072 -2048 960 ) (3072 -2048 -256 ) 
4 151 154 (3072 -2048 -256 ) (3072 -2048 960 ) (3072 -1024 960 ) (3072 -1024 -256 ) 
4 152 154 (3072 -1024 -256 ) (3072 -1024 960 ) (2048 -1024 960 ) (2048 -1024 -256 ) 
4 152 153 (2048 0 960 ) (2048 0 -256 ) (2048 -1024 -256 ) (2048 -1024 960 ) 
4 153 198 (1024 -1024 -256 ) (1024 -1024 0 ) (1024 0 0 ) (1024 0 -256 ) 
4 153 194 (1024 -640 704 ) (1024 0 704 ) (1024 0 0 ) (1024 -640 0 ) 
4 153 197 (1024 -1024 0 ) (1024 -1024 704 ) (1024 -640 704 ) (1024 -640 0 ) 
4 153 193 (1024 -1024 704 ) (1024 -1024 960 ) (1024 0 960 ) (1024 0 704 ) 
4 153 155 (2048 -1024 -256 ) (2048 -1024 960 ) (1024 -1024 960 ) (1024 -1024 -256 ) 
4 154 164 (3072 -2048 -256 ) (3072 -2048 960 ) (2048 -2048 960 ) (2048 -2048 -256 ) 
4 154 155 (2048 -1024 960 ) (2048 -1024 -256 ) (2048 -2048 -256 ) (2048 -2048 960 ) 
4 155 199 (1024 -2048 -256 ) (1024 -2048 960 ) (1024 -1024 960 ) (1024 -1024 -256 ) 
4 155 165 (2048 -2048 -256 ) (2048 -2048 960 ) (1024 -2048 960 ) (1024 -2048 -256 ) 
4 156 158 (5888 -3072 960 ) (5120 -3072 960 ) (5120 -3072 -256 ) (5888 -3072 -256 ) 
4 156 157 (5120 -2048 960 ) (5120 -2048 -256 ) (5120 -3072 -256 ) (5120 -3072 960 ) 
4 157 162 (4096 -2048 960 ) (4096 -2048 -256 ) (4096 -3072 -256 ) (4096 -3072 960 ) 
4 157 159 (5120 -3072 -256 ) (5120 -3072 960 ) (4096 -3072 960 ) (4096 -3072 -256 ) 
4 158 160 (5888 -4096 960 ) (5120 -4096 960 ) (5120 -4096 -256 ) (5888 -4096 -256 ) 
4 158 159 (5120 -3072 960 ) (5120 -3072 -256 ) (5120 -4096 -256 ) (5120 -4096 960 ) 
4 159 163 (4096 -4096 -256 ) (4096 -4096 960 ) (4096 -3072 960 ) (4096 -3072 -256 ) 
4 159 161 (5120 -4096 -256 ) (5120 -4096 960 ) (4096 -4096 960 ) (4096 -4096 -256 ) 
4 160 161 (5120 -4096 960 ) (5120 -4096 -256 ) (5120 -4928 -256 ) (5120 -4928 960 ) 
4 161 168 (4096 -4928 960 ) (4096 -4096 960 ) (4096 -4096 -256 ) (4096 -4928 -256 ) 
4 162 164 (3072 -2048 960 ) (3072 -2048 -256 ) (3072 -3072 -256 ) (3072 -3072 960 ) 
4 162 163 (4096 -3072 -256 ) (4096 -3072 960 ) (3072 -3072 960 ) (3072 -3072 -256 ) 
4 163 168 (4096 -4096 -256 ) (4096 -4096 960 ) (3072 -4096 960 ) (3072 -4096 -256 ) 
4 163 166 (3072 -4096 -256 ) (3072 -4096 960 ) (3072 -3072 960 ) (3072 -3072 -256 ) 
4 164 166 (3072 -3072 -256 ) (3072 -3072 960 ) (2048 -3072 960 ) (2048 -3072 -256 ) 
4 164 165 (2048 -2048 960 ) (2048 -2048 -256 ) (2048 -3072 -256 ) (2048 -3072 960 ) 
4 165 246 (1024 -3072 -256 ) (1024 -3072 960 ) (1024 -2048 960 ) (1024 -2048 -256 ) 
4 165 167 (2048 -3072 -256 ) (2048 -3072 960 ) (1024 -3072 960 ) (1024 -3072 -256 ) 
4 166 169 (3072 -4096 -256 ) (3072 -4096 960 ) (2048 -4096 960 ) (2048 -4096 -256 ) 
4 166 167 (2048 -3072 960 ) (2048 -3072 -256 ) (2048 -4096 -256 ) (2048 -4096 960 ) 
4 167 247 (1024 -4096 -256 ) (1024 -4096 960 ) (1024 -3072 960 ) (1024 -3072 -256 ) 
4 167 170 (2048 -4096 -256 ) (2048 -4096 960 ) (1024 -4096 960 ) (1024 -4096 -256 ) 
4 168 169 (3072 -4096 960 ) (3072 -4096 -256 ) (3072 -4928 -256 ) (3072 -4928 960 ) 
4 169 170 (2048 -4096 960 ) (2048 -4096 -256 ) (2048 -4928 -256 ) (2048 -4928 960 ) 
4 170 252 (1024 -4928 960 ) (1024 -4096 960 ) (1024 -4096 -256 ) (1024 -4928 -256 ) 
4 171 193 (1024 0 704 ) (1024 0 960 ) (384 0 960 ) (384 0 704 ) 
4 171 173 (384 1024 960 ) (384 1024 704 ) (384 0 704 ) (384 0 960 ) 
4 171 172 (1024 0 704 ) (768 0 704 ) (768 1024 704 ) (1024 1024 704 ) 
4 172 194 (1024 0 0 ) (1024 0 704 ) (768 0 704 ) (768 0 0 ) 
4 172 174 (1024 0 0 ) (768 0 0 ) (768 1024 0 ) (1024 1024 0 ) 
4 173 196 (0 0 704 ) (0 0 128 ) (384 0 128 ) (384 0 704 ) 
4 173 193 (0 0 960 ) (0 0 704 ) (384 0 704 ) (384 0 960 ) 
4 173 182 (0 32 128 ) (0 0 128 ) (0 0 320 ) (0 32 320 ) 
4 173 180 (0 1024 320 ) (0 1024 128 ) (0 324.571014 128 ) (0 324.571014 320 ) 
4 173 181 (0 324.571014 128 ) (0 32 128 ) (0 32 320 ) (0 324.571014 320 ) 
4 173 175 (0 1024 960 ) (0 1024 320 ) (0 0 320 ) (0 0 960 ) 
4 174 198 (1024 0 -256 ) (1024 0 0 ) (0 0 0 ) (0 0 -256 ) 
4 174 184 (0 1024 0 ) (0 1024 -256 ) (0 0 -256 ) (0 0 0 ) 
5 175 200 (0 0 320 ) (0 0 960 ) (-672 0 960 ) (-672 0 474.666687 ) (-605.714294 0 320 ) 
4 175 183 (-128 0 320 ) (-512 0 320 ) (-512 32 320 ) (-128 32 320 ) 
4 175 182 (0 0 320 ) (-128 0 320 ) (-128 32 320 ) (0 32 320 ) 
4 175 180 (-512 324.571014 320 ) (-512 1024 320 ) (0 1024 320 ) (0 324.571014 320 ) 
4 175 181 (-512 32 320 ) (-512 324.571014 320 ) (0 324.571014 320 ) (0 32 320 ) 
5 175 178 (-672 55.040031 456.320007 ) (-672 0 474.666687 ) (-672 0 960 ) (-672 96 960 ) (-672 96 464 ) 
5 175 177 (-672 1024 320 ) (-672 464 320 ) (-672 96 442.666687 ) (-672 96 960 ) (-672 1024 960 ) 
4 175 176 (-672 0 474.666473 ) (-672 464 320 ) (-613.336792 53.357239 320 ) (-610.002014 0 330.004486 ) 
3 176 202 (-672 0 474.666687 ) (-672 0 338.861328 ) (-610.001953 0 330.004486 ) 
3 176 178 (-672 0 446 ) (-672 0 474.666687 ) (-672 55.040031 456.320007 ) 
4 176 177 (-672 464 320 ) (-672 96.021393 320 ) (-672 96 320.004211 ) (-672 96 442.666687 ) 
4 177 178 (-992 96 960 ) (-992 96 480 ) (-672 96 464 ) (-672 96 960 ) 
4 177 179 (-992 1024 320 ) (-992 96 320 ) (-992 96 960 ) (-992 1024 960 ) 
4 178 203 (-672 0 446 ) (-672 0 960 ) (-992 0 960 ) (-992 0 462 ) 
4 178 179 (-992 0 462 ) (-992 0 960 ) (-992 96 960 ) (-992 96 480 ) 
4 179 205 (-1024 0 960 ) (-1024 0 320 ) (-992 0 320 ) (-992 0 960 ) 
4 179 188 (-1024 837.439453 576 ) (-1024 1024 576 ) (-1024 1024 320 ) (-1024 881.829102 320 ) 
4 179 187 (-1024 800 576 ) (-1024 837.439453 576 ) (-1024 881.829102 320 ) (-1024 800 320 ) 
4 179 191 (-1024 0 320 ) (-1024 0 576 ) (-1024 800 576 ) (-1024 800 320 ) 
4 179 186 (-1024 0 576 ) (-1024 0 960 ) (-1024 1024 960 ) (-1024 1024 576 ) 
4 180 181 (-512 324.571014 320 ) (-224 324.571014 128 ) (0 324.571014 128 ) (0 324.571014 320 ) 
4 181 183 (-512 32 320 ) (-512 32 290.908997 ) (-128 32 261.817993 ) (-128 32 320 ) 
4 181 182 (-128 32 128 ) (0 32 128 ) (0 32 320 ) (-128 32 320 ) 
4 182 206 (0 0 128 ) (0 0 320 ) (-128 0 320 ) (-128 0 128 ) 
4 182 183 (-128 32 320 ) (-128 32 261.817993 ) (-128 0 264.055756 ) (-128 0 320 ) 
4 183 207 (-128 0 320 ) (-512 0 320 ) (-512 0 293.146759 ) (-128 0 264.055756 ) 
4 184 211 (0 0 -256 ) (0 0 0 ) (-512 0 0 ) (-512 0 -256 ) 
4 184 185 (-512 0 -256 ) (-512 0 0 ) (-512 1024 0 ) (-512 1024 -256 ) 
4 185 211 (-512 0 -256 ) (-512 0 0 ) (-1024 0 0 ) (-1024 0 -256 ) 
4 185 192 (-1024 0 -256 ) (-1024 0 0 ) (-1024 1024 0 ) (-1024 1024 -256 ) 
4 186 220 (-2048 1008 576 ) (-2048 0 576 ) (-2048 0 960 ) (-2048 1008 960 ) 
4 186 219 (-2048 1024 960 ) (-2048 1024 576 ) (-2048 1008 576 ) (-2048 1008 960 ) 
4 186 212 (-1024 0 576 ) (-1024 0 960 ) (-2048 0 960 ) (-2048 0 576 ) 
4 186 190 (-2048 1008 576 ) (-2048 1024 576 ) (-2020 1024 576 ) (-2020 1008 576 ) 
4 186 188 (-2020 1024 576 ) (-1024 1024 576 ) (-1024 837.439453 576 ) (-2020 969.395691 576 ) 
4 186 187 (-1024 837.439453 576 ) (-1024 800 576 ) (-2020 800 576 ) (-2020 969.395691 576 ) 
4 186 191 (-1024 0 576 ) (-2048 0 576 ) (-2048 800 576 ) (-1024 800 576 ) 
3 187 189 (-2020 1013.785278 320 ) (-2020 1008 320 ) (-2020 1008 353.364380 ) 
5 187 188 (-2020 1005.250977 369.211914 ) (-2020 969.394531 576 ) (-1024 837.438416 576 ) (-1024 881.828064 320 ) (-1865.271240 993.284790 320 ) 
4 187 191 (-2020 800 320 ) (-1024 800 320 ) (-1024 800 576 ) (-2020 800 576 ) 
4 188 190 (-2020 1008 576 ) (-2020 1024 576 ) (-2020 1024 370.104980 ) (-2020 1008 369.342865 ) 
3 189 218 (-2048 1017.494934 320 ) (-2048 1008 320 ) (-2048 1008 374.758270 ) 
4 190 219 (-2048 1024 576 ) (-2048 1024 378.907288 ) (-2048 1008 378.145233 ) (-2048 1008 576 ) 
4 191 221 (-2048 800 320 ) (-2048 0 320 ) (-2048 0 576 ) (-2048 800 576 ) 
4 191 212 (-1024 0 320 ) (-1024 0 576 ) (-2048 0 576 ) (-2048 0 320 ) 
4 192 228 (-2048 1024 0 ) (-2048 1024 -256 ) (-2048 0 -256 ) (-2048 0 0 ) 
4 192 215 (-1024 0 -256 ) (-1024 0 0 ) (-2048 0 0 ) (-2048 0 -256 ) 
4 193 209 (0 -354.564026 704 ) (0 -1024 704 ) (0 -1024 960 ) (0 -354.564026 960 ) 
4 193 200 (0 0 960 ) (0 0 704 ) (0 -354.564026 704 ) (0 -354.564026 960 ) 
4 193 199 (1024 -1024 704 ) (1024 -1024 960 ) (0 -1024 960 ) (0 -1024 704 ) 
4 193 196 (0 -354.564026 704 ) (0 0 704 ) (384 0 704 ) (384 -354.564026 704 ) 
4 193 195 (768 -448 704 ) (768 -640 704 ) (512 -640 704 ) (512 -448 704 ) 
4 193 194 (768 0 704 ) (1024 0 704 ) (1024 -640 704 ) (768 -640 704 ) 
4 193 197 (1024 -1024 704 ) (0 -1024 704 ) (0 -640 704 ) (1024 -640 704 ) 
4 194 198 (768 0 0 ) (1024 0 0 ) (1024 -640 0 ) (768 -640 0 ) 
4 194 195 (768 -448 0 ) (768 -640 0 ) (768 -640 704 ) (768 -448 704 ) 
4 194 197 (768 -640 0 ) (1024 -640 0 ) (1024 -640 704 ) (768 -640 704 ) 
4 195 198 (768 -448 0 ) (768 -640 0 ) (512 -640 0 ) (512 -448 0 ) 
4 195 197 (512 -640 0 ) (768 -640 0 ) (768 -640 704 ) (512 -640 704 ) 
4 196 206 (0 0 320 ) (0 0 128 ) (0 -354.564026 128 ) (0 -354.564026 320 ) 
4 196 200 (0 0 704 ) (0 0 320 ) (0 -354.564026 320 ) (0 -354.564026 704 ) 
4 197 210 (0 -640 0 ) (0 -1024 0 ) (0 -1024 704 ) (0 -640 704 ) 
4 197 199 (1024 -1024 0 ) (1024 -1024 704 ) (0 -1024 704 ) (0 -1024 0 ) 
4 197 198 (0 -1024 0 ) (0 -640 0 ) (1024 -640 0 ) (1024 -1024 0 ) 
4 198 211 (0 0 0 ) (0 0 -256 ) (0 -1024 -256 ) (0 -1024 0 ) 
4 198 199 (1024 -1024 -256 ) (1024 -1024 0 ) (0 -1024 0 ) (0 -1024 -256 ) 
4 199 246 (1024 -2048 -256 ) (1024 -2048 960 ) (0 -2048 960 ) (0 -2048 -256 ) 
4 199 216 (0 -2048 -256 ) (0 -2048 960 ) (0 -1024 960 ) (0 -1024 -256 ) 
4 200 209 (0 -354.564026 704 ) (0 -354.564026 960 ) (-672 -354.564026 960 ) (-672 -354.564026 704 ) 
4 200 208 (-128 -354.564026 320 ) (-512 -354.564026 320 ) (-512 -208 320 ) (-128 -208 320 ) 
4 200 207 (-512 -208 320 ) (-512 0 320 ) (-128 0 320 ) (-128 -208 320 ) 
4 200 206 (0 -354.564026 320 ) (-128 -354.564026 320 ) (-128 0 320 ) (0 0 320 ) 
4 200 203 (-672 0 960 ) (-672 0 474.666687 ) (-672 -160 528 ) (-672 -160 960 ) 
4 200 204 (-672 -160 528 ) (-672 -354.564026 592.854675 ) (-672 -354.564026 960 ) (-672 -160 960 ) 
4 200 202 (-672 -48.721802 490.907043 ) (-672 0 474.666443 ) (-610.002014 0 330.004456 ) (-600.002197 -159.996719 360.003876 ) 
4 200 201 (-672 -354.564026 592.854492 ) (-672 -48.721802 490.907043 ) (-578 -194.002228 320 ) (-555.062378 -354.564026 320 ) 
4 201 203 (-672 -160 528 ) (-672 -48.721619 490.907227 ) (-672 -122.100998 423.106079 ) (-672 -160 416 ) 
5 201 204 (-672 -233.690002 320 ) (-672 -354.564026 320 ) (-672 -354.564026 592.854675 ) (-672 -160 528 ) (-672 -160 388.088135 ) 
3 201 202 (-672 -175.888840 373.410950 ) (-672 -48.725281 490.905151 ) (-600.003540 -159.998169 360.004364 ) 
4 202 203 (-672 0 474.666687 ) (-672 0 446 ) (-672 -122.100998 423.106079 ) (-672 -48.721619 490.907227 ) 
3 202 204 (-672 -160 370.289917 ) (-672 -175.885468 373.410278 ) (-672 -160 388.088135 ) 
4 203 204 (-992 -160 960 ) (-992 -160 432 ) (-672 -160 416 ) (-672 -160 960 ) 
4 203 205 (-992 -160 432 ) (-992 -160 960 ) (-992 0 960 ) (-992 0 462 ) 
4 204 209 (-672 -354.564026 704 ) (-672 -354.564026 960 ) (-992 -354.564026 960 ) (-992 -354.564026 704 ) 
4 204 205 (-992 -160 320 ) (-992 -354.564026 320 ) (-992 -354.564026 960 ) (-992 -160 960 ) 
4 205 212 (-1024 0 960 ) (-1024 0 320 ) (-1024 -354.564026 320 ) (-1024 -354.564026 960 ) 
4 205 209 (-1024 -354.564026 960 ) (-1024 -354.564026 704 ) (-992 -354.564026 704 ) (-992 -354.564026 960 ) 
4 206 208 (-128 -354.564026 290.908997 ) (-128 -354.564026 320 ) (-128 -208 320 ) (-128 -208 290.908997 ) 
4 206 207 (-128 -208 320 ) (-128 0 320 ) (-128 0 264.055756 ) (-128 -208 278.601257 ) 
5 207 208 (-512 -208 320 ) (-512 -208 307.690430 ) (-290.486023 -208 290.908997 ) (-128 -208 290.908997 ) (-128 -208 320 ) 
4 209 216 (0 -1024 704 ) (0 -1024 960 ) (-1024 -1024 960 ) (-1024 -1024 704 ) 
4 209 213 (-1024 -1024 704 ) (-1024 -1024 960 ) (-1024 -354.564026 960 ) (-1024 -354.564026 704 ) 
4 209 210 (0 -1024 704 ) (-1024 -1024 704 ) (-1024 -640 704 ) (0 -640 704 ) 
4 210 216 (0 -1024 0 ) (0 -1024 704 ) (-1024 -1024 704 ) (-1024 -1024 0 ) 
4 210 214 (-1024 -640 0 ) (-1024 -1024 0 ) (-1024 -1024 704 ) (-1024 -640 704 ) 
4 210 211 (0 -1024 0 ) (-1024 -1024 0 ) (-1024 -640 0 ) (0 -640 0 ) 
4 211 216 (0 -1024 -256 ) (0 -1024 0 ) (-1024 -1024 0 ) (-1024 -1024 -256 ) 
4 211 215 (-1024 0 0 ) (-1024 0 -256 ) (-1024 -1024 -256 ) (-1024 -1024 0 ) 
4 212 231 (-2048 0 704 ) (-2048 0 320 ) (-2048 -354.564026 320 ) (-2048 -354.564026 704 ) 
4 212 230 (-2048 0 960 ) (-2048 0 704 ) (-2048 -354.564026 704 ) (-2048 -354.564026 960 ) 
4 212 213 (-2048 -354.564026 960 ) (-2048 -354.564026 704 ) (-1024 -354.564026 704 ) (-1024 -354.564026 960 ) 
4 213 230 (-2048 -1024 704 ) (-2048 -1024 960 ) (-2048 -354.564026 960 ) (-2048 -354.564026 704 ) 
4 213 217 (-1024 -1024 704 ) (-1024 -1024 960 ) (-2048 -1024 960 ) (-2048 -1024 704 ) 
4 213 214 (-1024 -640 704 ) (-1024 -1024 704 ) (-2048 -1024 704 ) (-2048 -640 704 ) 
4 214 238 (-2048 -1024 0 ) (-2048 -1024 704 ) (-2048 -640 704 ) (-2048 -640 0 ) 
4 214 217 (-1024 -1024 0 ) (-1024 -1024 704 ) (-2048 -1024 704 ) (-2048 -1024 0 ) 
4 214 215 (-1024 -640 0 ) (-1024 -1024 0 ) (-2048 -1024 0 ) (-2048 -640 0 ) 
4 215 239 (-2048 -1024 -256 ) (-2048 -1024 0 ) (-2048 0 0 ) (-2048 0 -256 ) 
4 215 217 (-1024 -1024 -256 ) (-1024 -1024 0 ) (-2048 -1024 0 ) (-2048 -1024 -256 ) 
4 216 248 (0 -2048 -256 ) (0 -2048 960 ) (-1024 -2048 960 ) (-1024 -2048 -256 ) 
4 216 217 (-1024 -1024 960 ) (-1024 -1024 -256 ) (-1024 -2048 -256 ) (-1024 -2048 960 ) 
4 217 249 (-1024 -2048 -256 ) (-1024 -2048 960 ) (-2048 -2048 960 ) (-2048 -2048 -256 ) 
4 217 241 (-2048 -2048 -256 ) (-2048 -2048 960 ) (-2048 -1024 960 ) (-2048 -1024 -256 ) 
3 218 222 (-2236 1008 448 ) (-2236 1008 518.402222 ) (-2236 1020.207520 448 ) 
3 218 219 (-2236 1021.956848 437.911346 ) (-2236 1008 518.401733 ) (-2055.532227 1008 380.513123 ) 
5 219 222 (-2236 1008 518.402222 ) (-2236 1008 960 ) (-2236 1024 960 ) (-2236 1024 448 ) (-2236 1020.207520 448 ) 
4 219 220 (-2236 1008 960 ) (-2236 1008 576 ) (-2048 1008 576 ) (-2048 1008 960 ) 
4 220 231 (-2048 0 576 ) (-2048 0 704 ) (-2236 0 704 ) (-2236 0 576 ) 
4 220 230 (-2048 0 704 ) (-2048 0 960 ) (-2236 0 960 ) (-2236 0 704 ) 
4 220 222 (-2236 0 576 ) (-2236 0 960 ) (-2236 1008 960 ) (-2236 1008 576 ) 
4 220 221 (-2236 0 576 ) (-2236 800 576 ) (-2048 800 576 ) (-2048 0 576 ) 
4 221 231 (-2048 0 320 ) (-2048 0 576 ) (-2236 0 576 ) (-2236 0 320 ) 
4 221 223 (-2236 800 320 ) (-2236 0 320 ) (-2236 0 448 ) (-2236 800 448 ) 
4 221 222 (-2236 0 448 ) (-2236 0 576 ) (-2236 800 576 ) (-2236 800 448 ) 
4 222 232 (-2680 0 704 ) (-2680 0 448 ) (-2272 0 448 ) (-2272 0 704 ) 
4 222 231 (-2272 0 448 ) (-2236 0 448 ) (-2236 0 704 ) (-2272 0 704 ) 
4 222 230 (-2680 0 960 ) (-2680 0 704 ) (-2236 0 704 ) (-2236 0 960 ) 
4 222 224 (-2680 1024 960 ) (-2680 1024 704 ) (-2680 0 704 ) (-2680 0 960 ) 
4 222 223 (-2680 0 448 ) (-2680 800 448 ) (-2236 800 448 ) (-2236 0 448 ) 
4 223 232 (-2680 0 448 ) (-2680 0 320 ) (-2272 0 320 ) (-2272 0 448 ) 
4 223 231 (-2272 0 320 ) (-2236 0 320 ) (-2236 0 448 ) (-2272 0 448 ) 
4 224 230 (-3072 0 960 ) (-3072 0 704 ) (-2680 0 704 ) (-2680 0 960 ) 
4 224 229 (-3072 0 704 ) (-3072 0 960 ) (-3072 1024 960 ) (-3072 1024 704 ) 
4 224 225 (-3072 0 704 ) (-3072 1024 704 ) (-3060.629883 1024 704 ) (-3060.629883 0 704 ) 
4 225 237 (-3072 0 704 ) (-3072 0 320 ) (-3060.629883 0 320 ) (-3060.629883 0 704 ) 
4 225 229 (-3072 0 320 ) (-3072 0 704 ) (-3072 1024 704 ) (-3072 1024 320 ) 
4 225 227 (-3060.629883 0 320 ) (-3072 0 320 ) (-3072 1024 320 ) (-3060.629883 1024 320 ) 
4 226 234 (-3060.629883 0 113.142998 ) (-3060.629883 0 0 ) (-2760 0 0 ) (-2760 0 113.142998 ) 
4 226 228 (-3060.629883 1024 0 ) (-2760 1024 0 ) (-2760 0 0 ) (-3060.629883 0 0 ) 
4 226 227 (-3060.629883 1024 0 ) (-3060.629883 0 0 ) (-3060.629883 0 113.142998 ) (-3060.629883 1024 113.142998 ) 
4 227 237 (-3060.629883 0 320 ) (-3072 0 320 ) (-3072 0 0 ) (-3060.629883 0 0 ) 
4 227 229 (-3072 0 0 ) (-3072 0 320 ) (-3072 1024 320 ) (-3072 1024 0 ) 
4 227 228 (-3072 0 0 ) (-3072 1024 0 ) (-3060.629883 1024 0 ) (-3060.629883 0 0 ) 
4 228 239 (-2048 0 -256 ) (-2048 0 0 ) (-3072 0 0 ) (-3072 0 -256 ) 
4 228 229 (-3072 0 -256 ) (-3072 0 0 ) (-3072 1024 0 ) (-3072 1024 -256 ) 
4 229 243 (-4096 0 -256 ) (-4096 0 960 ) (-4096 1024 960 ) (-4096 1024 -256 ) 
4 229 240 (-3072 0 -256 ) (-3072 0 960 ) (-4096 0 960 ) (-4096 0 -256 ) 
4 230 241 (-2048 -1024 704 ) (-2048 -1024 960 ) (-3072 -1024 960 ) (-3072 -1024 704 ) 
4 230 240 (-3072 -1024 704 ) (-3072 -1024 960 ) (-3072 0 960 ) (-3072 0 704 ) 
4 230 236 (-2864 -640 704 ) (-3060.629883 -640 704 ) (-3060.629883 -408 704 ) (-2864 -408 704 ) 
4 230 233 (-2272 -96 704 ) (-2272 -354.564026 704 ) (-2680 -354.564026 704 ) (-2680 -96 704 ) 
4 230 232 (-2680 0 704 ) (-2272 0 704 ) (-2272 -96 704 ) (-2680 -96 704 ) 
4 230 231 (-2272 0 704 ) (-2048 0 704 ) (-2048 -354.564026 704 ) (-2272 -354.564026 704 ) 
4 230 237 (-3072 -640 704 ) (-3072 0 704 ) (-3060.629883 0 704 ) (-3060.629883 -640 704 ) 
4 230 238 (-3072 -1024 704 ) (-3072 -640 704 ) (-2048 -640 704 ) (-2048 -1024 704 ) 
4 231 233 (-2272 -354.564026 576 ) (-2272 -354.564026 704 ) (-2272 -96 704 ) (-2272 -96 576 ) 
4 231 232 (-2272 0 320 ) (-2272 -96 320 ) (-2272 -96 704 ) (-2272 0 704 ) 
4 232 233 (-2680 -96 704 ) (-2680 -96 576 ) (-2272 -96 576 ) (-2272 -96 704 ) 
4 234 239 (-3060.629883 0 0 ) (-2760 0 0 ) (-2760 -354.564026 0 ) (-3060.629883 -354.564026 0 ) 
4 234 235 (-3060.629883 -354.564026 113.142998 ) (-3060.629883 -354.564026 0 ) (-2864 -354.564026 0 ) (-2864 -354.564026 113.142998 ) 
4 234 237 (-3060.629883 0 0 ) (-3060.629883 -354.564026 0 ) (-3060.629883 -354.564026 113.142998 ) (-3060.629883 0 113.142998 ) 
4 235 239 (-3060.629883 -408 0 ) (-3060.629883 -354.564026 0 ) (-2864 -354.564026 0 ) (-2864 -408 0 ) 
4 235 236 (-3060.629883 -408 113.142998 ) (-3060.629883 -408 0 ) (-2864 -408 0 ) (-2864 -408 113.142998 ) 
4 235 237 (-3060.629883 -354.564026 0 ) (-3060.629883 -408 0 ) (-3060.629883 -408 113.142998 ) (-3060.629883 -354.564026 113.142998 ) 
4 236 239 (-2864 -640 0 ) (-3060.629883 -640 0 ) (-3060.629883 -408 0 ) (-2864 -408 0 ) 
4 236 238 (-3060.629883 -640 0 ) (-2864 -640 0 ) (-2864 -640 704 ) (-3060.629883 -640 704 ) 
4 236 237 (-3060.629883 -408 0 ) (-3060.629883 -640 0 ) (-3060.629883 -640 704 ) (-3060.629883 -408 704 ) 
4 237 240 (-3072 -640 704 ) (-3072 0 704 ) (-3072 0 0 ) (-3072 -640 0 ) 
4 237 239 (-3072 -640 0 ) (-3072 0 0 ) (-3060.629883 0 0 ) (-3060.629883 -640 0 ) 
4 237 238 (-3072 -640 0 ) (-3060.629883 -640 0 ) (-3060.629883 -640 704 ) (-3072 -640 704 ) 
4 238 241 (-2048 -1024 0 ) (-2048 -1024 704 ) (-3072 -1024 704 ) (-3072 -1024 0 ) 
4 238 240 (-3072 -1024 0 ) (-3072 -1024 704 ) (-3072 -640 704 ) (-3072 -640 0 ) 
4 238 239 (-2048 -1024 0 ) (-3072 -1024 0 ) (-3072 -640 0 ) (-2048 -640 0 ) 
4 239 241 (-2048 -1024 -256 ) (-2048 -1024 0 ) (-3072 -1024 0 ) (-3072 -1024 -256 ) 
4 239 240 (-3072 -1024 -256 ) (-3072 -1024 0 ) (-3072 0 0 ) (-3072 0 -256 ) 
4 240 244 (-4096 -1024 -256 ) (-4096 -1024 960 ) (-4096 0 960 ) (-4096 0 -256 ) 
4 240 242 (-4096 -1024 960 ) (-4096 -1024 -256 ) (-3072 -1024 -256 ) (-3072 -1024 960 ) 
4 241 255 (-2048 -2048 -256 ) (-2048 -2048 960 ) (-3072 -2048 960 ) (-3072 -2048 -256 ) 
4 241 242 (-3072 -1024 960 ) (-3072 -1024 -256 ) (-3072 -2048 -256 ) (-3072 -2048 960 ) 
4 242 256 (-3072 -2048 -256 ) (-3072 -2048 960 ) (-4096 -2048 960 ) (-4096 -2048 -256 ) 
4 242 245 (-4096 -2048 -256 ) (-4096 -2048 960 ) (-4096 -1024 960 ) (-4096 -1024 -256 ) 
4 243 244 (-4096 0 -256 ) (-4096 0 960 ) (-4992 0 960 ) (-4992 0 -256 ) 
4 244 245 (-4096 -1024 -256 ) (-4096 -1024 960 ) (-4992 -1024 960 ) (-4992 -1024 -256 ) 
4 245 259 (-4096 -2048 -256 ) (-4096 -2048 960 ) (-4992 -2048 960 ) (-4992 -2048 -256 ) 
4 246 248 (0 -2048 960 ) (0 -2048 -256 ) (0 -3072 -256 ) (0 -3072 960 ) 
4 246 247 (1024 -3072 -256 ) (1024 -3072 960 ) (0 -3072 960 ) (0 -3072 -256 ) 
4 247 252 (1024 -4096 -256 ) (1024 -4096 960 ) (0 -4096 960 ) (0 -4096 -256 ) 
4 247 250 (0 -4096 -256 ) (0 -4096 960 ) (0 -3072 960 ) (0 -3072 -256 ) 
4 248 250 (0 -3072 -256 ) (0 -3072 960 ) (-1024 -3072 960 ) (-1024 -3072 -256 ) 
4 248 249 (-1024 -2048 960 ) (-1024 -2048 -256 ) (-1024 -3072 -256 ) (-1024 -3072 960 ) 
4 249 255 (-2048 -2048 960 ) (-2048 -2048 -256 ) (-2048 -3072 -256 ) (-2048 -3072 960 ) 
4 249 251 (-1024 -3072 -256 ) (-1024 -3072 960 ) (-2048 -3072 960 ) (-2048 -3072 -256 ) 
4 250 253 (0 -4096 -256 ) (0 -4096 960 ) (-1024 -4096 960 ) (-1024 -4096 -256 ) 
4 250 251 (-1024 -3072 960 ) (-1024 -3072 -256 ) (-1024 -4096 -256 ) (-1024 -4096 960 ) 
4 251 257 (-2048 -4096 -256 ) (-2048 -4096 960 ) (-2048 -3072 960 ) (-2048 -3072 -256 ) 
4 251 254 (-1024 -4096 -256 ) (-1024 -4096 960 ) (-2048 -4096 960 ) (-2048 -4096 -256 ) 
4 252 253 (0 -4096 960 ) (0 -4096 -256 ) (0 -4928 -256 ) (0 -4928 960 ) 
4 253 254 (-1024 -4096 960 ) (-1024 -4096 -256 ) (-1024 -4928 -256 ) (-1024 -4928 960 ) 
4 254 261 (-2048 -4928 960 ) (-2048 -4096 960 ) (-2048 -4096 -256 ) (-2048 -4928 -256 ) 
4 255 257 (-2048 -3072 -256 ) (-2048 -3072 960 ) (-3072 -3072 960 ) (-3072 -3072 -256 ) 
4 255 256 (-3072 -2048 960 ) (-3072 -2048 -256 ) (-3072 -3072 -256 ) (-3072 -3072 960 ) 
4 256 259 (-4096 -2048 960 ) (-4096 -2048 -256 ) (-4096 -3072 -256 ) (-4096 -3072 960 ) 
4 256 258 (-3072 -3072 -256 ) (-3072 -3072 960 ) (-4096 -3072 960 ) (-4096 -3072 -256 ) 
4 257 261 (-2048 -4096 -256 ) (-2048 -4096 960 ) (-3072 -4096 960 ) (-3072 -4096 -256 ) 
4 257 258 (-3072 -3072 960 ) (-3072 -3072 -256 ) (-3072 -4096 -256 ) (-3072 -4096 960 ) 
4 258 262 (-3072 -4096 -256 ) (-3072 -4096 960 ) (-4096 -4096 960 ) (-4096 -4096 -256 ) 
4 258 260 (-4096 -4096 -256 ) (-4096 -4096 960 ) (-4096 -3072 960 ) (-4096 -3072 -256 ) 
4 259 260 (-4096 -3072 -256 ) (-4096 -3072 960 ) (-4992 -3072 960 ) (-4992 -3072 -256 ) 
4 260 263 (-4096 -4096 -256 ) (-4096 -4096 960 ) (-4992 -4096 960 ) (-4992 -4096 -256 ) 
4 261 262 (-3072 -4096 960 ) (-3072 -4096 -256 ) (-3072 -4928 -256 ) (-3072 -4928 960 ) 
4 262 263 (-4096 -4096 960 ) (-4096 -4096 -256 ) (-4096 -4928 -256 ) (-4096 -4928 960 ) 
