


CustomMaterialManager: Cached KeyValues materials/models/weapons/v_models/knife_butterfly/knife_butterfly.vmt.
CustomMaterialManager: Cached KeyValues materials/models/weapons/v_models/knife_bayonet/knife_bayonet.vmt.
CustomMaterialManager: Cached KeyValues materials/models/weapons/v_models/knife_ct/knife_ct.vmt.
CustomMaterialManager: Cached KeyValues materials/models/weapons/v_models/knife_flip/knife_flip.vmt.
CustomMaterialManager: Cached KeyValues materials/models/weapons/v_models/knife_gut/knife_gut.vmt.
CustomMaterialManager: Cached KeyValues materials/models/weapons/v_models/knife_karam/karam.vmt.
CustomMaterialManager: Cached KeyValues materials/models/weapons/v_models/knife_m9_bay/knife_m9_bay.vmt.
CustomMaterialManager: Cached KeyValues materials/models/weapons/v_models/knife_t/knife_t.vmt.
CustomMaterialManager: Cached KeyValues materials/models/weapons/v_models/knife_tactical/knife_tactical.vmt.
CustomMaterialManager: Cached KeyValues materials/models/weapons/v_models/mach_m249para/m249.vmt.
CustomMaterialManager: Cached KeyValues materials/models/weapons/v_models/mach_negev/mach_negev.vmt.
CustomMaterialManager: Cached KeyValues materials/models/weapons/v_models/pist_223/pist_223.vmt.
CustomMaterialManager: Cached KeyValues materials/models/weapons/v_models/pist_cz_75/pist_cz_75.vmt.
CustomMaterialManager: Cached KeyValues materials/models/weapons/v_models/pist_deagle/pist_deagle.vmt.
CustomMaterialManager: Cached KeyValues materials/models/weapons/v_models/pist_elite/m9a1.vmt.
CustomMaterialManager: Cached KeyValues materials/models/weapons/v_models/pist_fiveseven/fiveseven.vmt.
CustomMaterialManager: Cached KeyValues materials/models/weapons/v_models/pist_glock18/pist_glock18.vmt.
CustomMaterialManager: Cached KeyValues materials/models/weapons/v_models/pist_hkp2000/pist_hkp2000.vmt.
CustomMaterialManager: Cached KeyValues materials/models/weapons/v_models/pist_p250/p250.vmt.
CustomMaterialManager: Cached KeyValues materials/models/weapons/v_models/pist_tec9/pist_tec9.vmt.
CustomMaterialManager: Cached KeyValues materials/models/weapons/v_models/rif_ak47/ak47.vmt.
CustomMaterialManager: Cached KeyValues materials/models/weapons/v_models/rif_aug/rif_aug.vmt.
CustomMaterialManager: Cached KeyValues materials/models/weapons/v_models/rif_famas/rif_famas.vmt.
CustomMaterialManager: Cached KeyValues materials/models/weapons/v_models/rif_galilar/rif_galilar.vmt.
CustomMaterialManager: Cached KeyValues materials/models/weapons/v_models/rif_m4a1/rif_m4a1.vmt.
CustomMaterialManager: Cached KeyValues materials/models/weapons/v_models/rif_m4a1_s/rif_m4a1_s.vmt.
CustomMaterialManager: Cached KeyValues materials/models/weapons/v_models/rif_sg556/rif_sg556.vmt.
CustomMaterialManager: Cached KeyValues materials/models/weapons/v_models/shot_mag7/shot_mag7.vmt.
CustomMaterialManager: Cached KeyValues materials/models/weapons/v_models/shot_nova/shot_nova.vmt.
CustomMaterialManager: Cached KeyValues materials/models/weapons/v_models/shot_sawedoff/shot_sawedoff_01.vmt.
CustomMaterialManager: Cached KeyValues materials/models/weapons/v_models/shot_xm1014/shot_xm1014.vmt.
CustomMaterialManager: Cached KeyValues materials/models/weapons/v_models/smg_bizon/bizon.vmt.
CustomMaterialManager: Cached KeyValues materials/models/weapons/v_models/smg_mac10/smg_mac10_1.vmt.
CustomMaterialManager: Cached KeyValues materials/models/weapons/v_models/smg_mp7/smg_mp7.vmt.
CustomMaterialManager: Cached KeyValues materials/models/weapons/v_models/smg_mp9/smg_mp9.vmt.
CustomMaterialManager: Cached KeyValues materials/models/weapons/v_models/smg_p90/smg_p90.vmt.
CustomMaterialManager: Cached KeyValues materials/models/weapons/v_models/smg_ump45/smg_ump45.vmt.
CustomMaterialManager: Cached KeyValues materials/models/weapons/v_models/snip_awp/awp.vmt.
CustomMaterialManager: Cached KeyValues materials/models/weapons/v_models/snip_g3sg1/snip_g3sg1.vmt.
CustomMaterialManager: Cached KeyValues materials/models/weapons/v_models/snip_scar20/snip_scar20.vmt.
CustomMaterialManager: Cached KeyValues materials/models/weapons/v_models/snip_ssg08/snip_ssg08.vmt.
CustomMaterialManager: Cached KeyValues materials/models/weapons/v_models/snip_ssg08/snip_ssg08_scope.vmt.
CustomMaterialManager: Cached KeyValues materials/models/weapons/v_models/knife_falchion_advanced/knife_falchion_advanced.vmt.
materialPath: D:\SteamLibrary\steamapps\common\Counter-Strike Global Offensive\csgo\materials
Loading d:\steamlibrary\steamapps\common\counter-strike global offensive\csgo\maps\aim_linksecondo_h4a4.vmf
Map revision 66
Patching WVT material: maps/aim_linksecondo_h4a4/nature/blend_gravel_cobblestone_01_wvt_patch
fixing up env_cubemap materials on brush sides...
0...1...2...3...4...5...6...7...8...9...100...1...2...3...4...5...6...7...8...9...10Processing areas...done (0)
Building Faces...done (0)
FixTjuncs...
PruneNodes...
WriteBSP...
done (0)
writing d:\steamlibrary\steamapps\common\counter-strike global offensive\csgo\maps\aim_linksecondo_h4a4.prt...Building visibility clusters...
done (0)
Finding displacement neighbors...
Finding lightmap sample positions...
Displacement Alpha : 0...1...2...3...4...5...6...7...8...9...10
Building Physics collision data...
done (0) (43477 bytes)
Placing detail props : 0...1...2...3...4...5...6...7...8...9...10
Compacting texture/material tables...
Reduced 151 texinfos to 117
Reduced 14 texdatas to 12 (369 bytes to 308)
Writing d:\steamlibrary\steamapps\common\counter-strike global offensive\csgo\maps\aim_linksecondo_h4a4.bsp
0 seconds elapsed



8 threads
reading d:\steamlibrary\steamapps\common\counter-strike global offensive\csgo\maps\aim_linksecondo_h4a4.bsp
reading d:\steamlibrary\steamapps\common\counter-strike global offensive\csgo\maps\aim_linksecondo_h4a4.prt
 419 portalclusters
1135 numportals
0...1...2...3...4...5...6...7...8...9...100...1...2...3...4...5...6...7...8...9...10Optimized: 97 visible clusters (0.00%)
Total clusters visible: 90484
Average clusters visible: 215
Building PAS...
Average clusters audible: 411
visdatasize:46269  compressed from 46928
writing d:\steamlibrary\steamapps\common\counter-strike global offensive\csgo\maps\aim_linksecondo_h4a4.bsp
6 seconds elapsed



[Reading texlights from 'lights.rad']
[2 texlights parsed from 'lights.rad']

Loading d:\steamlibrary\steamapps\common\counter-strike global offensive\csgo\maps\aim_linksecondo_h4a4.bsp
1315 faces
4166711 square feet [600006464.00 square inches]
0 Displacements
0 Square Feet [0.00 Square Inches]
1315 patches before subdivision
31035 patches after subdivision
5 direct lights
0...1...2...3...4...5...6...7...8...9...100...1...2...3...4...5...6...7...8...9...10transfers 1374014, max 502
transfer lists:  10.5 megs
0...1...2...3...4...5...6...7...8...9...10	Bounce #1 added RGB(120579, 46240, 16355)
0...1...2...3...4...5...6...7...8...9...10	Bounce #2 added RGB(36038, 5863, 1276)
0...1...2...3...4...5...6...7...8...9...10	Bounce #3 added RGB(10991, 877, 251)
0...1...2...3...4...5...6...7...8...9...10	Bounce #4 added RGB(3434, 178, 61)
0...1...2...3...4...5...6...7...8...9...10	Bounce #5 added RGB(1101, 46, 15)
0...1...2...3...4...5...6...7...8...9...10	Bounce #6 added RGB(354, 14, 4)
0...1...2...3...4...5...6...7...8...9...10	Bounce #7 added RGB(116, 4, 1)
0...1...2...3...4...5...6...7...8...9...10	Bounce #8 added RGB(38, 1, 0)
0...1...2...3...4...5...6...7...8...9...10	Bounce #9 added RGB(13, 1, 0)
0...1...2...3...4...5...6...7...8...9...10	Bounce #10 added RGB(4, 0, 0)
0...1...2...3...4...5...6...7...8...9...10	Bounce #11 added RGB(1, 0, 0)
0...1...2...3...4...5...6...7...8...9...10	Bounce #12 added RGB(0, 0, 0)
Build Patch/Sample Hash Table(s).....Done<0.0082 sec>
0...1...2...3...4...5...6...7...8...9...10FinalLightFace Done
0 of 0 (0% of) surface lights went in leaf ambient cubes.
0...1...2...3...4...5...6...7...8...9...10Writing leaf ambient...done
Ready to Finish

Object names       Objects/Maxobjs  Memory / Maxmem  Fullness 
------------       ---------------  ---------------  -------- 
models                   5/1024          240/49152    ( 0.5%) 
brushes                118/8192         1416/98304    ( 1.4%) 
brushsides             778/65536        6224/524288   ( 1.2%) 
planes                 612/65536       12240/1310720  ( 0.9%) 
vertexes              1863/65536       22356/786432   ( 2.8%) 
nodes                 1062/65536       33984/2097152  ( 1.6%) 
texinfos               117/12288        8424/884736   ( 1.0%) 
texdata                 12/2048          384/65536    ( 0.6%) 
dispinfos                0/0               0/0        ( 0.0%) 
disp_verts               0/0               0/0        ( 0.0%) 
disp_tris                0/0               0/0        ( 0.0%) 
disp_multiblend          0/0               0/0        ( 0.0%) 
disp_lmsamples           0/0               0/0        ( 0.0%) 
faces                 1315/65536       73640/3670016  ( 2.0%) 
hdr faces                0/65536           0/3670016  ( 0.0%) 
origfaces              418/65536       23408/3670016  ( 0.6%) 
facebrushes            130/0             260/0        ( 0.0%) 
facebrushlists        1315/0            5260/0        ( 0.0%) 
leaves                1068/65536       34176/2097152  ( 1.6%) 
leaffaces             1391/65536        2782/131072   ( 2.1%) 
leafbrushes            618/65536        1236/131072   ( 0.9%) 
areas                    3/1024           24/8192     ( 0.3%) 
surfedges             7635/512000      30540/2048000  ( 1.5%) 
edges                 4099/256000      16396/1024000  ( 1.6%) 
LDR worldlights          5/8192          500/819200   ( 0.1%) 
HDR worldlights          0/8192            0/819200   ( 0.0%) 
leafwaterdata            0/32768           0/393216   ( 0.0%) 
waterstrips             66/32768         660/327680   ( 0.2%) 
waterverts               0/65536           0/786432   ( 0.0%) 
waterindices          1032/65536        2064/131072   ( 1.6%) 
cubemapsamples           0/1024            0/16384    ( 0.0%) 
overlays                 0/1024            0/360448   ( 0.0%) 
LDR lightdata         [variable]     1069923/0        ( 0.0%) 
HDR lightdata         [variable]           0/0        ( 0.0%) 
visdata               [variable]       46269/16777216 ( 0.3%) 
entdata               [variable]        5415/393216   ( 1.4%) 
LDR ambient table     1068/65536        4272/262144   ( 1.6%) 
HDR ambient table     1068/65536        4272/262144   ( 1.6%) 
LDR leaf ambient      4221/65536      118188/1835008  ( 6.4%) 
HDR leaf ambient      1068/65536       29904/1835008  ( 1.6%) 
occluders                0/0               0/0        ( 0.0%) 
occluder polygons        0/0               0/0        ( 0.0%) 
occluder vert ind        0/0               0/0        ( 0.0%) 
detail props          [variable]           1/12       ( 8.3%) 
static props          [variable]           1/2466     ( 0.0%) 
pakfile               [variable]       74818/0        ( 0.0%) 
physics               [variable]       43477/4194304  ( 1.0%) 
physics terrain       [variable]           2/1048576  ( 0.0%) 

Level flags = 4

Total triangle count: 3346
Writing d:\steamlibrary\steamapps\common\counter-strike global offensive\csgo\maps\aim_linksecondo_h4a4.bsp
6 seconds elapsed



CustomMaterialManager: Cached KeyValues materials/models/weapons/v_models/knife_butterfly/knife_butterfly.vmt.
CustomMaterialManager: Cached KeyValues materials/models/weapons/v_models/knife_bayonet/knife_bayonet.vmt.
CustomMaterialManager: Cached KeyValues materials/models/weapons/v_models/knife_ct/knife_ct.vmt.
CustomMaterialManager: Cached KeyValues materials/models/weapons/v_models/knife_flip/knife_flip.vmt.
CustomMaterialManager: Cached KeyValues materials/models/weapons/v_models/knife_gut/knife_gut.vmt.
CustomMaterialManager: Cached KeyValues materials/models/weapons/v_models/knife_karam/karam.vmt.
CustomMaterialManager: Cached KeyValues materials/models/weapons/v_models/knife_m9_bay/knife_m9_bay.vmt.
CustomMaterialManager: Cached KeyValues materials/models/weapons/v_models/knife_t/knife_t.vmt.
CustomMaterialManager: Cached KeyValues materials/models/weapons/v_models/knife_tactical/knife_tactical.vmt.
CustomMaterialManager: Cached KeyValues materials/models/weapons/v_models/mach_m249para/m249.vmt.
CustomMaterialManager: Cached KeyValues materials/models/weapons/v_models/mach_negev/mach_negev.vmt.
CustomMaterialManager: Cached KeyValues materials/models/weapons/v_models/pist_223/pist_223.vmt.
CustomMaterialManager: Cached KeyValues materials/models/weapons/v_models/pist_cz_75/pist_cz_75.vmt.
CustomMaterialManager: Cached KeyValues materials/models/weapons/v_models/pist_deagle/pist_deagle.vmt.
CustomMaterialManager: Cached KeyValues materials/models/weapons/v_models/pist_elite/m9a1.vmt.
CustomMaterialManager: Cached KeyValues materials/models/weapons/v_models/pist_fiveseven/fiveseven.vmt.
CustomMaterialManager: Cached KeyValues materials/models/weapons/v_models/pist_glock18/pist_glock18.vmt.
CustomMaterialManager: Cached KeyValues materials/models/weapons/v_models/pist_hkp2000/pist_hkp2000.vmt.
CustomMaterialManager: Cached KeyValues materials/models/weapons/v_models/pist_p250/p250.vmt.
CustomMaterialManager: Cached KeyValues materials/models/weapons/v_models/pist_tec9/pist_tec9.vmt.
CustomMaterialManager: Cached KeyValues materials/models/weapons/v_models/rif_ak47/ak47.vmt.
CustomMaterialManager: Cached KeyValues materials/models/weapons/v_models/rif_aug/rif_aug.vmt.
CustomMaterialManager: Cached KeyValues materials/models/weapons/v_models/rif_famas/rif_famas.vmt.
CustomMaterialManager: Cached KeyValues materials/models/weapons/v_models/rif_galilar/rif_galilar.vmt.
CustomMaterialManager: Cached KeyValues materials/models/weapons/v_models/rif_m4a1/rif_m4a1.vmt.
CustomMaterialManager: Cached KeyValues materials/models/weapons/v_models/rif_m4a1_s/rif_m4a1_s.vmt.
CustomMaterialManager: Cached KeyValues materials/models/weapons/v_models/rif_sg556/rif_sg556.vmt.
CustomMaterialManager: Cached KeyValues materials/models/weapons/v_models/shot_mag7/shot_mag7.vmt.
CustomMaterialManager: Cached KeyValues materials/models/weapons/v_models/shot_nova/shot_nova.vmt.
CustomMaterialManager: Cached KeyValues materials/models/weapons/v_models/shot_sawedoff/shot_sawedoff_01.vmt.
CustomMaterialManager: Cached KeyValues materials/models/weapons/v_models/shot_xm1014/shot_xm1014.vmt.
CustomMaterialManager: Cached KeyValues materials/models/weapons/v_models/smg_bizon/bizon.vmt.
CustomMaterialManager: Cached KeyValues materials/models/weapons/v_models/smg_mac10/smg_mac10_1.vmt.
CustomMaterialManager: Cached KeyValues materials/models/weapons/v_models/smg_mp7/smg_mp7.vmt.
CustomMaterialManager: Cached KeyValues materials/models/weapons/v_models/smg_mp9/smg_mp9.vmt.
CustomMaterialManager: Cached KeyValues materials/models/weapons/v_models/smg_p90/smg_p90.vmt.
CustomMaterialManager: Cached KeyValues materials/models/weapons/v_models/smg_ump45/smg_ump45.vmt.
CustomMaterialManager: Cached KeyValues materials/models/weapons/v_models/snip_awp/awp.vmt.
CustomMaterialManager: Cached KeyValues materials/models/weapons/v_models/snip_g3sg1/snip_g3sg1.vmt.
CustomMaterialManager: Cached KeyValues materials/models/weapons/v_models/snip_scar20/snip_scar20.vmt.
CustomMaterialManager: Cached KeyValues materials/models/weapons/v_models/snip_ssg08/snip_ssg08.vmt.
CustomMaterialManager: Cached KeyValues materials/models/weapons/v_models/snip_ssg08/snip_ssg08_scope.vmt.
CustomMaterialManager: Cached KeyValues materials/models/weapons/v_models/knife_falchion_advanced/knife_falchion_advanced.vmt.
materialPath: D:\SteamLibrary\steamapps\common\Counter-Strike Global Offensive\csgo\materials
Loading d:\steamlibrary\steamapps\common\counter-strike global offensive\csgo\maps\aim_linksecondo_h4a4.vmf
Map revision 67
Patching WVT material: maps/aim_linksecondo_h4a4/nature/blend_gravel_cobblestone_01_wvt_patch
fixing up env_cubemap materials on brush sides...
0...1...2...3...4...5...6...7...8...9...100...1...2...3...4...5...6...7...8...9...10Processing areas...done (0)
Building Faces...done (0)
FixTjuncs...
PruneNodes...
WriteBSP...
done (0)
writing d:\steamlibrary\steamapps\common\counter-strike global offensive\csgo\maps\aim_linksecondo_h4a4.prt...Building visibility clusters...
done (0)
Finding displacement neighbors...
Finding lightmap sample positions...
Displacement Alpha : 0...1...2...3...4...5...6...7...8...9...10
Building Physics collision data...
done (0) (43477 bytes)
Placing detail props : 0...1...2...3...4...5...6...7...8...9...10
Compacting texture/material tables...
Reduced 150 texinfos to 116
Reduced 14 texdatas to 12 (369 bytes to 308)
Writing d:\steamlibrary\steamapps\common\counter-strike global offensive\csgo\maps\aim_linksecondo_h4a4.bsp
0 seconds elapsed



8 threads
reading d:\steamlibrary\steamapps\common\counter-strike global offensive\csgo\maps\aim_linksecondo_h4a4.bsp
reading d:\steamlibrary\steamapps\common\counter-strike global offensive\csgo\maps\aim_linksecondo_h4a4.prt
 419 portalclusters
1135 numportals
0...1...2...3...4...5...6...7...8...9...100...1...2...3...4...5...6...7...8...9...10Optimized: 97 visible clusters (0.00%)
Total clusters visible: 90484
Average clusters visible: 215
Building PAS...
Average clusters audible: 411
visdatasize:46269  compressed from 46928
writing d:\steamlibrary\steamapps\common\counter-strike global offensive\csgo\maps\aim_linksecondo_h4a4.bsp
6 seconds elapsed



[Reading texlights from 'lights.rad']
[2 texlights parsed from 'lights.rad']

Loading d:\steamlibrary\steamapps\common\counter-strike global offensive\csgo\maps\aim_linksecondo_h4a4.bsp
1315 faces
4166711 square feet [600006464.00 square inches]
0 Displacements
0 Square Feet [0.00 Square Inches]
1315 patches before subdivision
31035 patches after subdivision
10 direct lights
0...1...2...3...4...5...6...7...8...9...100...1...2...3...4...5...6...7...8...9...10transfers 1374014, max 502
transfer lists:  10.5 megs
0...1...2...3...4...5...6...7...8...9...10	Bounce #1 added RGB(140957, 65295, 31743)
0...1...2...3...4...5...6...7...8...9...10	Bounce #2 added RGB(43354, 12243, 5440)
0...1...2...3...4...5...6...7...8...9...10	Bounce #3 added RGB(13727, 3103, 1422)
0...1...2...3...4...5...6...7...8...9...10	Bounce #4 added RGB(4459, 955, 390)
0...1...2...3...4...5...6...7...8...9...10	Bounce #5 added RGB(1490, 321, 110)
0...1...2...3...4...5...6...7...8...9...10	Bounce #6 added RGB(503, 112, 31)
0...1...2...3...4...5...6...7...8...9...10	Bounce #7 added RGB(173, 40, 9)
0...1...2...3...4...5...6...7...8...9...10	Bounce #8 added RGB(60, 14, 3)
0...1...2...3...4...5...6...7...8...9...10	Bounce #9 added RGB(21, 5, 1)
0...1...2...3...4...5...6...7...8...9...10	Bounce #10 added RGB(8, 2, 0)
0...1...2...3...4...5...6...7...8...9...10	Bounce #11 added RGB(3, 1, 0)
0...1...2...3...4...5...6...7...8...9...10	Bounce #12 added RGB(1, 0, 0)
Build Patch/Sample Hash Table(s).....Done<0.0145 sec>
0...1...2...3...4...5...6...7...8...9...10FinalLightFace Done
0 of 0 (0% of) surface lights went in leaf ambient cubes.
0...1...2...3...4...5...6...7...8...9...10Writing leaf ambient...done
Ready to Finish

Object names       Objects/Maxobjs  Memory / Maxmem  Fullness 
------------       ---------------  ---------------  -------- 
models                   5/1024          240/49152    ( 0.5%) 
brushes                118/8192         1416/98304    ( 1.4%) 
brushsides             778/65536        6224/524288   ( 1.2%) 
planes                 612/65536       12240/1310720  ( 0.9%) 
vertexes              1863/65536       22356/786432   ( 2.8%) 
nodes                 1062/65536       33984/2097152  ( 1.6%) 
texinfos               116/12288        8352/884736   ( 0.9%) 
texdata                 12/2048          384/65536    ( 0.6%) 
dispinfos                0/0               0/0        ( 0.0%) 
disp_verts               0/0               0/0        ( 0.0%) 
disp_tris                0/0               0/0        ( 0.0%) 
disp_multiblend          0/0               0/0        ( 0.0%) 
disp_lmsamples           0/0               0/0        ( 0.0%) 
faces                 1315/65536       73640/3670016  ( 2.0%) 
hdr faces                0/65536           0/3670016  ( 0.0%) 
origfaces              418/65536       23408/3670016  ( 0.6%) 
facebrushes            130/0             260/0        ( 0.0%) 
facebrushlists        1315/0            5260/0        ( 0.0%) 
leaves                1068/65536       34176/2097152  ( 1.6%) 
leaffaces             1391/65536        2782/131072   ( 2.1%) 
leafbrushes            618/65536        1236/131072   ( 0.9%) 
areas                    3/1024           24/8192     ( 0.3%) 
surfedges             7635/512000      30540/2048000  ( 1.5%) 
edges                 4099/256000      16396/1024000  ( 1.6%) 
LDR worldlights         10/8192         1000/819200   ( 0.1%) 
HDR worldlights          0/8192            0/819200   ( 0.0%) 
leafwaterdata            0/32768           0/393216   ( 0.0%) 
waterstrips             66/32768         660/327680   ( 0.2%) 
waterverts               0/65536           0/786432   ( 0.0%) 
waterindices          1032/65536        2064/131072   ( 1.6%) 
cubemapsamples           0/1024            0/16384    ( 0.0%) 
overlays                 0/1024            0/360448   ( 0.0%) 
LDR lightdata         [variable]     1068920/0        ( 0.0%) 
HDR lightdata         [variable]           0/0        ( 0.0%) 
visdata               [variable]       46269/16777216 ( 0.3%) 
entdata               [variable]        6778/393216   ( 1.7%) 
LDR ambient table     1068/65536        4272/262144   ( 1.6%) 
HDR ambient table     1068/65536        4272/262144   ( 1.6%) 
LDR leaf ambient      4290/65536      120120/1835008  ( 6.5%) 
HDR leaf ambient      1068/65536       29904/1835008  ( 1.6%) 
occluders                0/0               0/0        ( 0.0%) 
occluder polygons        0/0               0/0        ( 0.0%) 
occluder vert ind        0/0               0/0        ( 0.0%) 
detail props          [variable]           1/12       ( 8.3%) 
static props          [variable]           1/2466     ( 0.0%) 
pakfile               [variable]       74818/0        ( 0.0%) 
physics               [variable]       43477/4194304  ( 1.0%) 
physics terrain       [variable]           2/1048576  ( 0.0%) 

Level flags = 4

Total triangle count: 3346
Writing d:\steamlibrary\steamapps\common\counter-strike global offensive\csgo\maps\aim_linksecondo_h4a4.bsp
9 seconds elapsed
