


CustomMaterialManager: Cached KeyValues materials/models/weapons/v_models/knife_butterfly/knife_butterfly.vmt.
CustomMaterialManager: Cached KeyValues materials/models/weapons/v_models/knife_bayonet/knife_bayonet.vmt.
CustomMaterialManager: Cached KeyValues materials/models/weapons/v_models/knife_ct/knife_ct.vmt.
CustomMaterialManager: Cached KeyValues materials/models/weapons/v_models/knife_flip/knife_flip.vmt.
CustomMaterialManager: Cached KeyValues materials/models/weapons/v_models/knife_gut/knife_gut.vmt.
CustomMaterialManager: Cached KeyValues materials/models/weapons/v_models/knife_karam/karam.vmt.
CustomMaterialManager: Cached KeyValues materials/models/weapons/v_models/knife_m9_bay/knife_m9_bay.vmt.
CustomMaterialManager: Cached KeyValues materials/models/weapons/v_models/knife_t/knife_t.vmt.
CustomMaterialManager: Cached KeyValues materials/models/weapons/v_models/knife_tactical/knife_tactical.vmt.
CustomMaterialManager: Cached KeyValues materials/models/weapons/v_models/mach_m249para/m249.vmt.
CustomMaterialManager: Cached KeyValues materials/models/weapons/v_models/mach_negev/mach_negev.vmt.
CustomMaterialManager: Cached KeyValues materials/models/weapons/v_models/pist_223/pist_223.vmt.
CustomMaterialManager: Cached KeyValues materials/models/weapons/v_models/pist_cz_75/pist_cz_75.vmt.
CustomMaterialManager: Cached KeyValues materials/models/weapons/v_models/pist_deagle/pist_deagle.vmt.
CustomMaterialManager: Cached KeyValues materials/models/weapons/v_models/pist_elite/m9a1.vmt.
CustomMaterialManager: Cached KeyValues materials/models/weapons/v_models/pist_fiveseven/fiveseven.vmt.
CustomMaterialManager: Cached KeyValues materials/models/weapons/v_models/pist_glock18/pist_glock18.vmt.
CustomMaterialManager: Cached KeyValues materials/models/weapons/v_models/pist_hkp2000/pist_hkp2000.vmt.
CustomMaterialManager: Cached KeyValues materials/models/weapons/v_models/pist_p250/p250.vmt.
CustomMaterialManager: Cached KeyValues materials/models/weapons/v_models/pist_tec9/pist_tec9.vmt.
CustomMaterialManager: Cached KeyValues materials/models/weapons/v_models/rif_ak47/ak47.vmt.
CustomMaterialManager: Cached KeyValues materials/models/weapons/v_models/rif_aug/rif_aug.vmt.
CustomMaterialManager: Cached KeyValues materials/models/weapons/v_models/rif_famas/rif_famas.vmt.
CustomMaterialManager: Cached KeyValues materials/models/weapons/v_models/rif_galilar/rif_galilar.vmt.
CustomMaterialManager: Cached KeyValues materials/models/weapons/v_models/rif_m4a1/rif_m4a1.vmt.
CustomMaterialManager: Cached KeyValues materials/models/weapons/v_models/rif_m4a1_s/rif_m4a1_s.vmt.
CustomMaterialManager: Cached KeyValues materials/models/weapons/v_models/rif_sg556/rif_sg556.vmt.
CustomMaterialManager: Cached KeyValues materials/models/weapons/v_models/shot_mag7/shot_mag7.vmt.
CustomMaterialManager: Cached KeyValues materials/models/weapons/v_models/shot_nova/shot_nova.vmt.
CustomMaterialManager: Cached KeyValues materials/models/weapons/v_models/shot_sawedoff/shot_sawedoff_01.vmt.
CustomMaterialManager: Cached KeyValues materials/models/weapons/v_models/shot_xm1014/shot_xm1014.vmt.
CustomMaterialManager: Cached KeyValues materials/models/weapons/v_models/smg_bizon/bizon.vmt.
CustomMaterialManager: Cached KeyValues materials/models/weapons/v_models/smg_mac10/smg_mac10_1.vmt.
CustomMaterialManager: Cached KeyValues materials/models/weapons/v_models/smg_mp7/smg_mp7.vmt.
CustomMaterialManager: Cached KeyValues materials/models/weapons/v_models/smg_mp9/smg_mp9.vmt.
CustomMaterialManager: Cached KeyValues materials/models/weapons/v_models/smg_p90/smg_p90.vmt.
CustomMaterialManager: Cached KeyValues materials/models/weapons/v_models/smg_ump45/smg_ump45.vmt.
CustomMaterialManager: Cached KeyValues materials/models/weapons/v_models/snip_awp/awp.vmt.
CustomMaterialManager: Cached KeyValues materials/models/weapons/v_models/snip_g3sg1/snip_g3sg1.vmt.
CustomMaterialManager: Cached KeyValues materials/models/weapons/v_models/snip_scar20/snip_scar20.vmt.
CustomMaterialManager: Cached KeyValues materials/models/weapons/v_models/snip_ssg08/snip_ssg08.vmt.
CustomMaterialManager: Cached KeyValues materials/models/weapons/v_models/snip_ssg08/snip_ssg08_scope.vmt.
CustomMaterialManager: Cached KeyValues materials/models/weapons/v_models/knife_falchion_advanced/knife_falchion_advanced.vmt.
materialPath: D:\SteamLibrary\steamapps\common\Counter-Strike Global Offensive\csgo\materials
Loading d:\steamlibrary\steamapps\common\counter-strike global offensive\csgo\maps\aim_linksecondo_h4a11.vmf
Map revision 57
Patching WVT material: maps/aim_linksecondo_h4a11/nature/blend_gravel_cobblestone_01_wvt_patch
fixing up env_cubemap materials on brush sides...
0...1...2...3...4...5...6...7...8...9...100...1...2...3...4...5...6...7...8...9...10Processing areas...done (0)
Building Faces...done (0)
FixTjuncs...
PruneNodes...
WriteBSP...
done (0)
writing d:\steamlibrary\steamapps\common\counter-strike global offensive\csgo\maps\aim_linksecondo_h4a11.prt...Building visibility clusters...
done (0)
Finding displacement neighbors...
Finding lightmap sample positions...
Displacement Alpha : 0...1...2...3...4...5...6...7...8...9...10
Building Physics collision data...
done (0) (38495 bytes)
Placing detail props : 0...1...2...3...4...5...6...7...8...9...10
Compacting texture/material tables...
Reduced 120 texinfos to 96
Reduced 11 texdatas to 9 (308 bytes to 247)
Writing d:\steamlibrary\steamapps\common\counter-strike global offensive\csgo\maps\aim_linksecondo_h4a11.bsp
0 seconds elapsed



8 threads
reading d:\steamlibrary\steamapps\common\counter-strike global offensive\csgo\maps\aim_linksecondo_h4a11.bsp
reading d:\steamlibrary\steamapps\common\counter-strike global offensive\csgo\maps\aim_linksecondo_h4a11.prt
 392 portalclusters
1058 numportals
0...1...2...3...4...5...6...7...8...9...100...1...2...3...4...5...6...7...8...9...10Optimized: 110 visible clusters (0.00%)
Total clusters visible: 84030
Average clusters visible: 214
Building PAS...
Average clusters audible: 385
visdatasize:40830  compressed from 43904
writing d:\steamlibrary\steamapps\common\counter-strike global offensive\csgo\maps\aim_linksecondo_h4a11.bsp
4 seconds elapsed



[Reading texlights from 'lights.rad']
[2 texlights parsed from 'lights.rad']

Loading d:\steamlibrary\steamapps\common\counter-strike global offensive\csgo\maps\aim_linksecondo_h4a11.bsp
1240 faces
4160271 square feet [599079040.00 square inches]
0 Displacements
0 Square Feet [0.00 Square Inches]
1240 patches before subdivision
30170 patches after subdivision
5 direct lights
0...1...2...3...4...5...6...7...8...9...100...1...2...3...4...5...6...7...8...9...10transfers 1291794, max 457
transfer lists:   9.9 megs
0...1...2...3...4...5...6...7...8...9...10	Bounce #1 added RGB(120937, 44219, 13961)
0...1...2...3...4...5...6...7...8...9...10	Bounce #2 added RGB(37861, 5024, 676)
0...1...2...3...4...5...6...7...8...9...10	Bounce #3 added RGB(12299, 598, 119)
0...1...2...3...4...5...6...7...8...9...10	Bounce #4 added RGB(4297, 84, 27)
0...1...2...3...4...5...6...7...8...9...10	Bounce #5 added RGB(1637, 14, 6)
0...1...2...3...4...5...6...7...8...9...10	Bounce #6 added RGB(680, 3, 2)
0...1...2...3...4...5...6...7...8...9...10	Bounce #7 added RGB(314, 1, 0)
0...1...2...3...4...5...6...7...8...9...10	Bounce #8 added RGB(158, 0, 0)
0...1...2...3...4...5...6...7...8...9...10	Bounce #9 added RGB(85, 0, 0)
0...1...2...3...4...5...6...7...8...9...10	Bounce #10 added RGB(48, 0, 0)
0...1...2...3...4...5...6...7...8...9...10	Bounce #11 added RGB(28, 0, 0)
0...1...2...3...4...5...6...7...8...9...10	Bounce #12 added RGB(17, 0, 0)
0...1...2...3...4...5...6...7...8...9...10	Bounce #13 added RGB(10, 0, 0)
0...1...2...3...4...5...6...7...8...9...10	Bounce #14 added RGB(6, 0, 0)
0...1...2...3...4...5...6...7...8...9...10	Bounce #15 added RGB(4, 0, 0)
0...1...2...3...4...5...6...7...8...9...10	Bounce #16 added RGB(2, 0, 0)
0...1...2...3...4...5...6...7...8...9...10	Bounce #17 added RGB(1, 0, 0)
0...1...2...3...4...5...6...7...8...9...10	Bounce #18 added RGB(1, 0, 0)
Build Patch/Sample Hash Table(s).....Done<0.0068 sec>
0...1...2...3...4...5...6...7...8...9...10FinalLightFace Done
0 of 0 (0% of) surface lights went in leaf ambient cubes.
0...1...2...3...4...5...6...7...8...9...10Writing leaf ambient...done
Ready to Finish

Object names       Objects/Maxobjs  Memory / Maxmem  Fullness 
------------       ---------------  ---------------  -------- 
models                   4/1024          192/49152    ( 0.4%) 
brushes                104/8192         1248/98304    ( 1.3%) 
brushsides             694/65536        5552/524288   ( 1.1%) 
planes                 586/65536       11720/1310720  ( 0.9%) 
vertexes              1720/65536       20640/786432   ( 2.6%) 
nodes                  992/65536       31744/2097152  ( 1.5%) 
texinfos                96/12288        6912/884736   ( 0.8%) 
texdata                  9/2048          288/65536    ( 0.4%) 
dispinfos                0/0               0/0        ( 0.0%) 
disp_verts               0/0               0/0        ( 0.0%) 
disp_tris                0/0               0/0        ( 0.0%) 
disp_multiblend          0/0               0/0        ( 0.0%) 
disp_lmsamples           0/0               0/0        ( 0.0%) 
faces                 1240/65536       69440/3670016  ( 1.9%) 
hdr faces                0/65536           0/3670016  ( 0.0%) 
origfaces              385/65536       21560/3670016  ( 0.6%) 
facebrushes            128/0             256/0        ( 0.0%) 
facebrushlists        1240/0            4960/0        ( 0.0%) 
leaves                 997/65536       31904/2097152  ( 1.5%) 
leaffaces             1312/65536        2624/131072   ( 2.0%) 
leafbrushes            582/65536        1164/131072   ( 0.9%) 
areas                    3/1024           24/8192     ( 0.3%) 
surfedges             7111/512000      28444/2048000  ( 1.4%) 
edges                 3799/256000      15196/1024000  ( 1.5%) 
LDR worldlights          5/8192          500/819200   ( 0.1%) 
HDR worldlights          0/8192            0/819200   ( 0.0%) 
leafwaterdata            0/32768           0/393216   ( 0.0%) 
waterstrips             63/32768         630/327680   ( 0.2%) 
waterverts               0/65536           0/786432   ( 0.0%) 
waterindices           945/65536        1890/131072   ( 1.4%) 
cubemapsamples           0/1024            0/16384    ( 0.0%) 
overlays                 0/1024            0/360448   ( 0.0%) 
LDR lightdata         [variable]      869978/0        ( 0.0%) 
HDR lightdata         [variable]           0/0        ( 0.0%) 
visdata               [variable]       40830/16777216 ( 0.2%) 
entdata               [variable]        3896/393216   ( 1.0%) 
LDR ambient table      997/65536        3988/262144   ( 1.5%) 
HDR ambient table      997/65536        3988/262144   ( 1.5%) 
LDR leaf ambient      3989/65536      111692/1835008  ( 6.1%) 
HDR leaf ambient       997/65536       27916/1835008  ( 1.5%) 
occluders                0/0               0/0        ( 0.0%) 
occluder polygons        0/0               0/0        ( 0.0%) 
occluder vert ind        0/0               0/0        ( 0.0%) 
detail props          [variable]           1/12       ( 8.3%) 
static props          [variable]           1/3070     ( 0.0%) 
pakfile               [variable]       74824/0        ( 0.0%) 
physics               [variable]       38495/4194304  ( 0.9%) 
physics terrain       [variable]           2/1048576  ( 0.0%) 

Level flags = 4

Total triangle count: 3104
Writing d:\steamlibrary\steamapps\common\counter-strike global offensive\csgo\maps\aim_linksecondo_h4a11.bsp
5 seconds elapsed
