PRT1
392
1055
4 0 2 (5888 6144 960 ) (5120 6144 960 ) (5120 6144 -256 ) (5888 6144 -256 ) 
4 0 1 (5120 6144 -256 ) (5120 6144 960 ) (5120 6464 960 ) (5120 6464 -256 ) 
4 1 4 (4096 6144 -256 ) (4096 6144 960 ) (4096 6464 960 ) (4096 6464 -256 ) 
4 1 3 (5120 6144 -256 ) (5120 6144 960 ) (4096 6144 960 ) (4096 6144 -256 ) 
4 2 10 (5888 5120 960 ) (5120 5120 960 ) (5120 5120 -256 ) (5888 5120 -256 ) 
4 2 3 (5120 6144 960 ) (5120 6144 -256 ) (5120 5120 -256 ) (5120 5120 960 ) 
4 3 11 (5120 5120 -256 ) (5120 5120 960 ) (4096 5120 960 ) (4096 5120 -256 ) 
4 3 5 (4096 5120 -256 ) (4096 5120 960 ) (4096 6144 960 ) (4096 6144 -256 ) 
4 4 6 (3072 6144 -256 ) (3072 6144 960 ) (3072 6464 960 ) (3072 6464 -256 ) 
4 4 5 (4096 6144 -256 ) (4096 6144 960 ) (3072 6144 960 ) (3072 6144 -256 ) 
4 5 18 (4096 5120 -256 ) (4096 5120 960 ) (3072 5120 960 ) (3072 5120 -256 ) 
4 5 8 (3072 5120 -256 ) (3072 5120 960 ) (3072 6144 960 ) (3072 6144 -256 ) 
4 6 8 (3072 6144 -256 ) (3072 6144 960 ) (2048 6144 960 ) (2048 6144 -256 ) 
4 6 7 (2048 6144 -256 ) (2048 6144 960 ) (2048 6464 960 ) (2048 6464 -256 ) 
4 7 30 (1024 6144 -256 ) (1024 6144 960 ) (1024 6464 960 ) (1024 6464 -256 ) 
4 7 9 (2048 6144 -256 ) (2048 6144 960 ) (1024 6144 960 ) (1024 6144 -256 ) 
4 8 20 (3072 5120 -256 ) (3072 5120 960 ) (2048 5120 960 ) (2048 5120 -256 ) 
4 8 9 (2048 6144 960 ) (2048 6144 -256 ) (2048 5120 -256 ) (2048 5120 960 ) 
4 9 31 (1024 5120 -256 ) (1024 5120 960 ) (1024 6144 960 ) (1024 6144 -256 ) 
4 9 21 (2048 5120 -256 ) (2048 5120 960 ) (1024 5120 960 ) (1024 5120 -256 ) 
4 10 12 (5888 4096 960 ) (5120 4096 960 ) (5120 4096 -256 ) (5888 4096 -256 ) 
4 10 11 (5120 5120 960 ) (5120 5120 -256 ) (5120 4096 -256 ) (5120 4096 960 ) 
4 11 18 (4096 5120 960 ) (4096 5120 -256 ) (4096 4096 -256 ) (4096 4096 960 ) 
4 11 13 (5120 4096 -256 ) (5120 4096 960 ) (4096 4096 960 ) (4096 4096 -256 ) 
4 12 14 (5888 3072 960 ) (5120 3072 960 ) (5120 3072 -256 ) (5888 3072 -256 ) 
4 12 13 (5120 4096 960 ) (5120 4096 -256 ) (5120 3072 -256 ) (5120 3072 960 ) 
4 13 19 (4096 3072 -256 ) (4096 3072 960 ) (4096 4096 960 ) (4096 4096 -256 ) 
4 13 15 (5120 3072 -256 ) (5120 3072 960 ) (4096 3072 960 ) (4096 3072 -256 ) 
4 14 16 (5888 2048 960 ) (5120 2048 960 ) (5120 2048 -256 ) (5888 2048 -256 ) 
4 14 15 (5120 3072 960 ) (5120 3072 -256 ) (5120 2048 -256 ) (5120 2048 960 ) 
4 15 24 (4096 2048 -256 ) (4096 2048 960 ) (4096 3072 960 ) (4096 3072 -256 ) 
4 15 17 (5120 2048 -256 ) (5120 2048 960 ) (4096 2048 960 ) (4096 2048 -256 ) 
4 16 264 (5888 1024 960 ) (5120 1024 960 ) (5120 1024 -256 ) (5888 1024 -256 ) 
4 16 17 (5120 2048 960 ) (5120 2048 -256 ) (5120 1024 -256 ) (5120 1024 960 ) 
4 17 265 (5120 1024 -256 ) (5120 1024 960 ) (4096 1024 960 ) (4096 1024 -256 ) 
4 17 25 (4096 1024 -256 ) (4096 1024 960 ) (4096 2048 960 ) (4096 2048 -256 ) 
4 18 20 (3072 5120 960 ) (3072 5120 -256 ) (3072 4096 -256 ) (3072 4096 960 ) 
4 18 19 (4096 4096 -256 ) (4096 4096 960 ) (3072 4096 960 ) (3072 4096 -256 ) 
4 19 24 (4096 3072 -256 ) (4096 3072 960 ) (3072 3072 960 ) (3072 3072 -256 ) 
4 19 22 (3072 3072 -256 ) (3072 3072 960 ) (3072 4096 960 ) (3072 4096 -256 ) 
4 20 22 (3072 4096 -256 ) (3072 4096 960 ) (2048 4096 960 ) (2048 4096 -256 ) 
4 20 21 (2048 5120 960 ) (2048 5120 -256 ) (2048 4096 -256 ) (2048 4096 960 ) 
4 21 42 (1024 4096 -256 ) (1024 4096 960 ) (1024 5120 960 ) (1024 5120 -256 ) 
4 21 23 (2048 4096 -256 ) (2048 4096 960 ) (1024 4096 960 ) (1024 4096 -256 ) 
4 22 26 (3072 3072 -256 ) (3072 3072 960 ) (2048 3072 960 ) (2048 3072 -256 ) 
4 22 23 (2048 4096 960 ) (2048 4096 -256 ) (2048 3072 -256 ) (2048 3072 960 ) 
4 23 43 (1024 3072 -256 ) (1024 3072 960 ) (1024 4096 960 ) (1024 4096 -256 ) 
4 23 27 (2048 3072 -256 ) (2048 3072 960 ) (1024 3072 960 ) (1024 3072 -256 ) 
4 24 26 (3072 3072 960 ) (3072 3072 -256 ) (3072 2048 -256 ) (3072 2048 960 ) 
4 24 25 (4096 2048 -256 ) (4096 2048 960 ) (3072 2048 960 ) (3072 2048 -256 ) 
4 25 270 (4096 1024 -256 ) (4096 1024 960 ) (3072 1024 960 ) (3072 1024 -256 ) 
4 25 28 (3072 1024 -256 ) (3072 1024 960 ) (3072 2048 960 ) (3072 2048 -256 ) 
4 26 28 (3072 2048 -256 ) (3072 2048 960 ) (2048 2048 960 ) (2048 2048 -256 ) 
4 26 27 (2048 3072 960 ) (2048 3072 -256 ) (2048 2048 -256 ) (2048 2048 960 ) 
4 27 66 (1024 2048 -256 ) (1024 2048 306 ) (1024 3072 306 ) (1024 3072 -256 ) 
4 27 62 (1024 2048 306 ) (1024 2048 334 ) (1024 3072 334 ) (1024 3072 306 ) 
4 27 53 (1024 2048 334 ) (1024 2048 502 ) (1024 3072 502 ) (1024 3072 334 ) 
4 27 48 (1024 2048 502 ) (1024 2048 960 ) (1024 3072 960 ) (1024 3072 502 ) 
4 27 29 (2048 2048 -256 ) (2048 2048 960 ) (1024 2048 960 ) (1024 2048 -256 ) 
4 28 271 (3072 1024 -256 ) (3072 1024 960 ) (2048 1024 960 ) (2048 1024 -256 ) 
4 28 29 (2048 2048 960 ) (2048 2048 -256 ) (2048 1024 -256 ) (2048 1024 960 ) 
4 29 272 (2048 1024 -256 ) (2048 1024 960 ) (1024 1024 960 ) (1024 1024 -256 ) 
4 29 74 (1024 1024 -256 ) (1024 1024 0 ) (1024 2048 0 ) (1024 2048 -256 ) 
4 29 68 (1024 1024 0 ) (1024 1024 704 ) (1024 2048 704 ) (1024 2048 0 ) 
4 29 67 (1024 1024 704 ) (1024 1024 960 ) (1024 2048 960 ) (1024 2048 704 ) 
4 30 32 (0 6144 -256 ) (0 6144 960 ) (0 6464 960 ) (0 6464 -256 ) 
4 30 31 (1024 6144 -256 ) (1024 6144 960 ) (0 6144 960 ) (0 6144 -256 ) 
4 31 42 (1024 5120 -256 ) (1024 5120 960 ) (0 5120 960 ) (0 5120 -256 ) 
4 31 34 (0 5120 -256 ) (0 5120 960 ) (0 6144 960 ) (0 6144 -256 ) 
4 32 34 (0 6144 -256 ) (0 6144 960 ) (-1024 6144 960 ) (-1024 6144 -256 ) 
4 32 33 (-1024 6144 -256 ) (-1024 6144 960 ) (-1024 6464 960 ) (-1024 6464 -256 ) 
4 33 36 (-2048 6144 -256 ) (-2048 6144 960 ) (-2048 6464 960 ) (-2048 6464 -256 ) 
4 33 35 (-1024 6144 -256 ) (-1024 6144 960 ) (-2048 6144 960 ) (-2048 6144 -256 ) 
4 34 44 (0 5120 -256 ) (0 5120 960 ) (-1024 5120 960 ) (-1024 5120 -256 ) 
4 34 35 (-1024 6144 960 ) (-1024 6144 -256 ) (-1024 5120 -256 ) (-1024 5120 960 ) 
4 35 45 (-1024 5120 -256 ) (-1024 5120 960 ) (-2048 5120 960 ) (-2048 5120 -256 ) 
4 35 38 (-2048 5120 -256 ) (-2048 5120 960 ) (-2048 6144 960 ) (-2048 6144 -256 ) 
4 36 38 (-2048 6144 -256 ) (-2048 6144 960 ) (-3072 6144 960 ) (-3072 6144 -256 ) 
4 36 37 (-3072 6464 -256 ) (-3072 6144 -256 ) (-3072 6144 960 ) (-3072 6464 960 ) 
4 37 40 (-4096 6144 -256 ) (-4096 6144 960 ) (-4096 6464 960 ) (-4096 6464 -256 ) 
4 37 39 (-4096 6144 960 ) (-4096 6144 -256 ) (-3072 6144 -256 ) (-3072 6144 960 ) 
4 38 241 (-2048 5120 -256 ) (-2048 5120 960 ) (-3072 5120 960 ) (-3072 5120 -256 ) 
4 38 39 (-3072 6144 960 ) (-3072 6144 -256 ) (-3072 5120 -256 ) (-3072 5120 960 ) 
4 39 242 (-3072 5120 -256 ) (-3072 5120 960 ) (-4096 5120 960 ) (-4096 5120 -256 ) 
4 39 41 (-4096 5120 -256 ) (-4096 5120 960 ) (-4096 6144 960 ) (-4096 6144 -256 ) 
4 40 41 (-4096 6144 -256 ) (-4096 6144 960 ) (-4992 6144 960 ) (-4992 6144 -256 ) 
4 41 245 (-4096 5120 -256 ) (-4096 5120 960 ) (-4992 5120 960 ) (-4992 5120 -256 ) 
4 42 44 (0 5120 960 ) (0 5120 -256 ) (0 4096 -256 ) (0 4096 960 ) 
4 42 43 (1024 4096 -256 ) (1024 4096 960 ) (0 4096 960 ) (0 4096 -256 ) 
4 43 66 (1024 3072 -256 ) (1024 3072 306 ) (0 3072 306 ) (0 3072 -256 ) 
4 43 63 (576 3072 334 ) (288 3072 334 ) (288 3072 306 ) (576 3072 306 ) 
4 43 62 (1024 3072 306 ) (1024 3072 334 ) (576 3072 334 ) (576 3072 306 ) 
4 43 65 (288 3072 334 ) (0 3072 334 ) (0 3072 306 ) (288 3072 306 ) 
4 43 59 (310.149994 3072 502 ) (288 3072 502 ) (288 3072 334 ) (310.149994 3072 334 ) 
4 43 61 (288 3072 502 ) (0 3072 502 ) (0 3072 334 ) (288 3072 334 ) 
4 43 56 (553.849976 3072 502 ) (310.149994 3072 502 ) (310.149994 3072 334 ) (553.849976 3072 334 ) 
4 43 54 (576 3072 502 ) (553.849976 3072 502 ) (553.849976 3072 334 ) (576 3072 334 ) 
4 43 53 (1024 3072 334 ) (1024 3072 502 ) (576 3072 502 ) (576 3072 334 ) 
4 43 49 (576 3072 960 ) (288 3072 960 ) (288 3072 502 ) (576 3072 502 ) 
4 43 48 (1024 3072 502 ) (1024 3072 960 ) (576 3072 960 ) (576 3072 502 ) 
4 43 52 (288 3072 960 ) (0 3072 960 ) (0 3072 502 ) (288 3072 502 ) 
4 43 46 (0 3072 -256 ) (0 3072 960 ) (0 4096 960 ) (0 4096 -256 ) 
4 44 46 (0 4096 -256 ) (0 4096 960 ) (-1024 4096 960 ) (-1024 4096 -256 ) 
4 44 45 (-1024 5120 960 ) (-1024 5120 -256 ) (-1024 4096 -256 ) (-1024 4096 960 ) 
4 45 241 (-2048 5120 960 ) (-2048 5120 -256 ) (-2048 4096 -256 ) (-2048 4096 960 ) 
4 45 47 (-1024 4096 -256 ) (-1024 4096 960 ) (-2048 4096 960 ) (-2048 4096 -256 ) 
4 46 100 (0 3072 -256 ) (0 3072 960 ) (-1024 3072 960 ) (-1024 3072 -256 ) 
4 46 47 (-1024 4096 960 ) (-1024 4096 -256 ) (-1024 3072 -256 ) (-1024 3072 960 ) 
4 47 243 (-2048 3072 -256 ) (-2048 3072 960 ) (-2048 4096 960 ) (-2048 4096 -256 ) 
4 47 101 (-1024 3072 -256 ) (-1024 3072 960 ) (-2048 3072 960 ) (-2048 3072 -256 ) 
4 48 69 (768 2048 704 ) (576 2048 704 ) (576 2048 502 ) (768 2048 502 ) 
4 48 68 (1024 2048 502 ) (1024 2048 704 ) (768 2048 704 ) (768 2048 502 ) 
4 48 67 (1024 2048 704 ) (1024 2048 960 ) (576 2048 960 ) (576 2048 704 ) 
4 48 53 (576 3072 502 ) (1024 3072 502 ) (1024 2048 502 ) (576 2048 502 ) 
4 48 50 (576 2224 530 ) (576 2224 960 ) (576 2448 960 ) (576 2448 530 ) 
4 48 49 (576 3072 502 ) (576 2448 502 ) (576 2448 960 ) (576 3072 960 ) 
4 48 51 (576 2224 502 ) (576 2048 502 ) (576 2048 960 ) (576 2224 960 ) 
4 49 59 (288 3072 502 ) (310.149994 3072 502 ) (310.149994 2448 502 ) (288 2448 502 ) 
4 49 56 (310.149994 3072 502 ) (553.849976 3072 502 ) (553.849976 2448 502 ) (310.149994 2448 502 ) 
4 49 54 (553.849976 3072 502 ) (576 3072 502 ) (576 2448 502 ) (553.849976 2448 502 ) 
4 49 50 (288 2448 960 ) (288 2448 530 ) (576 2448 530 ) (576 2448 960 ) 
4 49 52 (288 3072 502 ) (288 2448 502 ) (288 2448 960 ) (288 3072 960 ) 
4 50 52 (288 2224 530 ) (288 2224 960 ) (288 2448 960 ) (288 2448 530 ) 
4 50 51 (288 2224 960 ) (288 2224 530 ) (576 2224 530 ) (576 2224 960 ) 
4 51 69 (288 2048 704 ) (288 2048 502 ) (576 2048 502 ) (576 2048 704 ) 
4 51 67 (576 2048 960 ) (288 2048 960 ) (288 2048 704 ) (576 2048 704 ) 
4 51 60 (310.149994 2048 502 ) (288 2048 502 ) (288 2224 502 ) (310.149994 2224 502 ) 
4 51 58 (553.849976 2048 502 ) (310.149994 2048 502 ) (310.149994 2224 502 ) (553.849976 2224 502 ) 
4 51 55 (576 2224 502 ) (576 2048 502 ) (553.849976 2048 502 ) (553.849976 2224 502 ) 
4 51 52 (288 2224 502 ) (288 2048 502 ) (288 2048 960 ) (288 2224 960 ) 
4 52 100 (0 3072 960 ) (0 3072 502 ) (0 2048 502 ) (0 2048 960 ) 
4 52 75 (48 2048 960 ) (0 2048 960 ) (0 2048 502 ) (48 2048 502 ) 
4 52 69 (48 2048 704 ) (48 2048 502 ) (288 2048 502 ) (288 2048 704 ) 
4 52 67 (288 2048 960 ) (48 2048 960 ) (48 2048 704 ) (288 2048 704 ) 
4 52 61 (0 2048 502 ) (0 3072 502 ) (288 3072 502 ) (288 2048 502 ) 
4 53 69 (768 2048 502 ) (576 2048 502 ) (576 2048 334 ) (768 2048 334 ) 
4 53 68 (1024 2048 334 ) (1024 2048 502 ) (768 2048 502 ) (768 2048 334 ) 
4 53 62 (1024 2048 334 ) (576 2048 334 ) (576 3072 334 ) (1024 3072 334 ) 
4 53 54 (576 3072 334 ) (576 2448 334 ) (576 2448 502 ) (576 3072 502 ) 
4 53 55 (576 2224 334 ) (576 2048 334 ) (576 2048 502 ) (576 2224 502 ) 
4 54 63 (553.849976 2448 334 ) (553.849976 3072 334 ) (576 3072 334 ) (576 2448 334 ) 
4 54 56 (553.849976 3072 334 ) (553.849976 2448 334 ) (553.849976 2448 502 ) (553.849976 3072 502 ) 
4 55 69 (576 2048 502 ) (553.849976 2048 502 ) (553.849976 2048 334 ) (576 2048 334 ) 
4 55 64 (576 2048 334 ) (553.849976 2048 334 ) (553.849976 2224 334 ) (576 2224 334 ) 
4 55 58 (553.849976 2224 334 ) (553.849976 2048 334 ) (553.849976 2048 502 ) (553.849976 2224 502 ) 
4 56 63 (310.149994 2448 334 ) (310.149994 3072 334 ) (553.849976 3072 334 ) (553.849976 2448 334 ) 
4 56 59 (310.149994 3072 334 ) (310.149994 2448 334 ) (310.149994 2448 502 ) (310.149994 3072 502 ) 
4 58 69 (553.849976 2048 502 ) (310.149994 2048 502 ) (310.149994 2048 334 ) (553.849976 2048 334 ) 
4 58 64 (553.849976 2048 334 ) (310.149994 2048 334 ) (310.149994 2224 334 ) (553.849976 2224 334 ) 
4 58 60 (310.149994 2224 334 ) (310.149994 2048 334 ) (310.149994 2048 502 ) (310.149994 2224 502 ) 
4 59 63 (288 2448 334 ) (288 3072 334 ) (310.149994 3072 334 ) (310.149994 2448 334 ) 
4 59 61 (288 3072 334 ) (288 2448 334 ) (288 2448 502 ) (288 3072 502 ) 
4 60 69 (310.149994 2048 502 ) (288 2048 502 ) (288 2048 334 ) (310.149994 2048 334 ) 
4 60 64 (310.149994 2048 334 ) (288 2048 334 ) (288 2224 334 ) (310.149994 2224 334 ) 
4 60 61 (288 2224 334 ) (288 2048 334 ) (288 2048 502 ) (288 2224 502 ) 
4 61 100 (0 3072 502 ) (0 3072 334 ) (0 2048 334 ) (0 2048 502 ) 
4 61 75 (48 2048 502 ) (0 2048 502 ) (0 2048 334 ) (48 2048 334 ) 
4 61 69 (288 2048 502 ) (48 2048 502 ) (48 2048 334 ) (288 2048 334 ) 
4 61 65 (288 2048 334 ) (0 2048 334 ) (0 3072 334 ) (288 3072 334 ) 
4 62 69 (768 2048 334 ) (576 2048 334 ) (576 2048 306 ) (768 2048 306 ) 
4 62 68 (1024 2048 306 ) (1024 2048 334 ) (768 2048 334 ) (768 2048 306 ) 
4 62 66 (576 3072 306 ) (1024 3072 306 ) (1024 2048 306 ) (576 2048 306 ) 
4 62 63 (576 3072 306 ) (576 2448 306 ) (576 2448 334 ) (576 3072 334 ) 
4 62 64 (576 2224 306 ) (576 2048 306 ) (576 2048 334 ) (576 2224 334 ) 
4 63 66 (288 3072 306 ) (576 3072 306 ) (576 2448 306 ) (288 2448 306 ) 
4 63 65 (288 3072 306 ) (288 2448 306 ) (288 2448 334 ) (288 3072 334 ) 
4 64 69 (576 2048 334 ) (288 2048 334 ) (288 2048 306 ) (576 2048 306 ) 
4 64 66 (576 2224 306 ) (576 2048 306 ) (288 2048 306 ) (288 2224 306 ) 
4 64 65 (288 2224 306 ) (288 2048 306 ) (288 2048 334 ) (288 2224 334 ) 
4 65 100 (0 3072 334 ) (0 3072 306 ) (0 2048 306 ) (0 2048 334 ) 
4 65 75 (48 2048 334 ) (0 2048 334 ) (0 2048 306 ) (48 2048 306 ) 
4 65 69 (288 2048 334 ) (48 2048 334 ) (48 2048 306 ) (288 2048 306 ) 
4 65 66 (0 2048 306 ) (0 3072 306 ) (288 3072 306 ) (288 2048 306 ) 
4 66 100 (0 3072 306 ) (0 3072 -256 ) (0 2048 -256 ) (0 2048 306 ) 
4 66 92 (0 2048 0 ) (0 2048 -256 ) (48 2048 -256 ) (48 2048 0 ) 
4 66 89 (0 2048 224 ) (0 2048 0 ) (48 2048 0 ) (48 2048 224 ) 
4 66 75 (48 2048 306 ) (0 2048 306 ) (0 2048 224 ) (48 2048 224 ) 
4 66 74 (1024 2048 -256 ) (1024 2048 0 ) (48 2048 0 ) (48 2048 -256 ) 
4 66 69 (768 2048 306 ) (48 2048 306 ) (48 2048 0 ) (768 2048 0 ) 
4 66 68 (1024 2048 0 ) (1024 2048 306 ) (768 2048 306 ) (768 2048 0 ) 
4 67 296 (384 1024 960 ) (48 1024 960 ) (48 1024 704 ) (384 1024 704 ) 
4 67 294 (1024 1024 704 ) (1024 1024 960 ) (384 1024 960 ) (384 1024 704 ) 
4 67 77 (48 1344 704 ) (48 1232 704 ) (48 1232 960 ) (48 1344 960 ) 
4 67 78 (48 1232 704 ) (48 1024 704 ) (48 1024 960 ) (48 1232 960 ) 
4 67 76 (48 1488 704 ) (48 1344 704 ) (48 1344 960 ) (48 1488 960 ) 
4 67 75 (48 2048 960 ) (48 2048 704 ) (48 1488 704 ) (48 1488 960 ) 
4 67 73 (384 1024 704 ) (48 1024 704 ) (48 1344 704 ) (384 1344 704 ) 
4 67 72 (48 1488 704 ) (48 1680 704 ) (512 1680 704 ) (512 1488 704 ) 
4 67 71 (512 1680 704 ) (704 1680 704 ) (704 1488 704 ) (512 1488 704 ) 
4 67 70 (704 1376 704 ) (704 1680 704 ) (768 1680 704 ) (768 1376 704 ) 
4 67 69 (48 1680 704 ) (48 2048 704 ) (768 2048 704 ) (768 1680 704 ) 
4 67 68 (1024 1024 704 ) (768 1024 704 ) (768 2048 704 ) (1024 2048 704 ) 
4 68 295 (1024 1024 0 ) (1024 1024 704 ) (768 1024 704 ) (768 1024 0 ) 
4 68 74 (768 2048 0 ) (1024 2048 0 ) (1024 1024 0 ) (768 1024 0 ) 
4 68 70 (768 1680 0 ) (768 1376 0 ) (768 1376 704 ) (768 1680 704 ) 
4 68 69 (768 2048 0 ) (768 1680 0 ) (768 1680 704 ) (768 2048 704 ) 
4 69 89 (48 2048 224 ) (48 2048 0 ) (48 1680 0 ) (48 1680 224 ) 
4 69 75 (48 2048 704 ) (48 2048 224 ) (48 1680 224 ) (48 1680 704 ) 
4 69 74 (48 1680 0 ) (48 2048 0 ) (768 2048 0 ) (768 1680 0 ) 
4 69 72 (512 1680 128 ) (512 1680 704 ) (48 1680 704 ) (48 1680 128 ) 
4 69 71 (512 1680 0 ) (704 1680 0 ) (704 1680 704 ) (512 1680 704 ) 
4 69 70 (704 1680 0 ) (768 1680 0 ) (768 1680 704 ) (704 1680 704 ) 
4 70 74 (704 1680 0 ) (768 1680 0 ) (768 1376 0 ) (704 1376 0 ) 
4 70 71 (704 1680 704 ) (704 1680 0 ) (704 1488 0 ) (704 1488 704 ) 
4 71 74 (512 1680 0 ) (704 1680 0 ) (704 1488 0 ) (512 1488 0 ) 
4 71 72 (512 1680 704 ) (512 1680 128 ) (512 1488 128 ) (512 1488 704 ) 
4 72 90 (48 1488 128 ) (48 1488 224 ) (48 1680 224 ) (48 1680 128 ) 
4 72 75 (48 1488 224 ) (48 1488 704 ) (48 1680 704 ) (48 1680 224 ) 
4 73 296 (384 1024 704 ) (48 1024 704 ) (48 1024 128 ) (384 1024 128 ) 
4 73 98 (48 1024 128 ) (48 1024 144 ) (48 1056 144 ) (48 1056 128 ) 
4 73 97 (48 1024 144 ) (48 1024 160 ) (48 1072 160 ) (48 1072 144 ) 
4 73 96 (48 1024 160 ) (48 1024 176 ) (48 1088.699951 176 ) (48 1088.699951 160 ) 
4 73 95 (48 1024 176 ) (48 1024 192 ) (48 1105.390015 192 ) (48 1105.390015 176 ) 
4 73 94 (48 1024 192 ) (48 1024 208 ) (48 1120 208 ) (48 1120 192 ) 
4 73 93 (48 1024 208 ) (48 1024 224 ) (48 1136 224 ) (48 1136 208 ) 
4 73 91 (48 1264 224 ) (48 1344 224 ) (48 1344 128 ) (48 1264 128 ) 
4 73 87 (48 1264 240 ) (48 1344 240 ) (48 1344 224 ) (48 1264 224 ) 
4 73 88 (48 1024 224 ) (48 1024 240 ) (48 1152 240 ) (48 1152 224 ) 
4 73 85 (48 1280 256 ) (48 1344 256 ) (48 1344 240 ) (48 1280 240 ) 
4 73 86 (48 1024 240 ) (48 1024 256 ) (48 1168 256 ) (48 1168 240 ) 
4 73 83 (48 1296 272 ) (48 1344 272 ) (48 1344 256 ) (48 1296 256 ) 
4 73 84 (48 1024 256 ) (48 1024 272 ) (48 1184 272 ) (48 1184 256 ) 
4 73 81 (48 1312 288 ) (48 1344 288 ) (48 1344 272 ) (48 1312 272 ) 
4 73 82 (48 1024 272 ) (48 1024 288 ) (48 1200 288 ) (48 1200 272 ) 
4 73 79 (48 1328 304 ) (48 1344 304 ) (48 1344 288 ) (48 1328 288 ) 
4 73 80 (48 1024 288 ) (48 1024 304 ) (48 1216 304 ) (48 1216 288 ) 
4 73 77 (48 1232 704 ) (48 1344 704 ) (48 1344 320 ) (48 1232 320 ) 
4 73 78 (48 1024 304 ) (48 1024 704 ) (48 1232 704 ) (48 1232 304 ) 
4 74 297 (1024 1024 -256 ) (1024 1024 0 ) (48 1024 0 ) (48 1024 -256 ) 
4 74 99 (48 1264 -256 ) (48 1024 -256 ) (48 1024 0 ) (48 1264 0 ) 
4 74 92 (48 2048 0 ) (48 2048 -256 ) (48 1264 -256 ) (48 1264 0 ) 
4 75 141 (0 1680 224 ) (0 1488 224 ) (0 1488 240 ) (0 1680 240 ) 
4 75 130 (0 1488 240 ) (0 1488 704 ) (0 1680 704 ) (0 1680 240 ) 
4 75 129 (0 1488 704 ) (0 1488 960 ) (0 1680 960 ) (0 1680 704 ) 
4 75 117 (0 1824 224 ) (0 1680 224 ) (0 1680 416 ) (0 1824 416 ) 
4 75 113 (0 1680 416 ) (0 1680 464 ) (0 1824 464 ) (0 1824 416 ) 
4 75 107 (0 1680 464 ) (0 1680 720 ) (0 1824 720 ) (0 1824 464 ) 
4 75 106 (0 1680 720 ) (0 1680 960 ) (0 1824 960 ) (0 1824 720 ) 
4 75 105 (0 2048 320 ) (0 2048 224 ) (0 1824 224 ) (0 1824 320 ) 
4 75 102 (0 2048 960 ) (0 2048 320 ) (0 1824 320 ) (0 1824 960 ) 
4 75 90 (48 1680 224 ) (48 1488 224 ) (0 1488 224 ) (0 1680 224 ) 
4 75 89 (48 2048 224 ) (48 1680 224 ) (0 1680 224 ) (0 2048 224 ) 
4 75 76 (48 1488 704 ) (48 1488 960 ) (0 1488 960 ) (0 1488 704 ) 
4 76 129 (0 1344 704 ) (0 1344 960 ) (0 1488 960 ) (0 1488 704 ) 
4 76 77 (0 1344 960 ) (0 1344 704 ) (48 1344 704 ) (48 1344 960 ) 
4 77 131 (0 1232 960 ) (0 1344 960 ) (0 1344 320 ) (0 1232 320 ) 
4 77 78 (48 1232 320 ) (48 1232 960 ) (0 1232 960 ) (0 1232 320 ) 
4 78 296 (48 1024 304 ) (48 1024 960 ) (0 1024 960 ) (0 1024 304 ) 
4 78 132 (0 1024 304 ) (0 1024 320 ) (0 1232 320 ) (0 1232 304 ) 
4 78 131 (0 1024 320 ) (0 1024 960 ) (0 1232 960 ) (0 1232 320 ) 
4 78 80 (0 1024 304 ) (0 1216 304 ) (48 1216 304 ) (48 1024 304 ) 
4 79 133 (0 1328 304 ) (0 1344 304 ) (0 1344 288 ) (0 1328 288 ) 
4 79 81 (0 1344 288 ) (48 1344 288 ) (48 1328 288 ) (0 1328 288 ) 
4 80 296 (48 1024 288 ) (48 1024 304 ) (0 1024 304 ) (0 1024 288 ) 
4 80 134 (0 1024 288 ) (0 1024 304 ) (0 1216 304 ) (0 1216 288 ) 
4 80 82 (48 1200 288 ) (48 1024 288 ) (0 1024 288 ) (0 1200 288 ) 
4 81 135 (0 1312 288 ) (0 1344 288 ) (0 1344 272 ) (0 1312 272 ) 
4 81 83 (0 1344 272 ) (48 1344 272 ) (48 1312 272 ) (0 1312 272 ) 
4 82 296 (48 1024 272 ) (48 1024 288 ) (0 1024 288 ) (0 1024 272 ) 
4 82 136 (0 1024 272 ) (0 1024 288 ) (0 1200 288 ) (0 1200 272 ) 
4 82 84 (48 1184 272 ) (48 1024 272 ) (0 1024 272 ) (0 1184 272 ) 
4 83 137 (0 1296 272 ) (0 1344 272 ) (0 1344 256 ) (0 1296 256 ) 
4 83 85 (0 1296 256 ) (0 1344 256 ) (48 1344 256 ) (48 1296 256 ) 
4 84 296 (48 1024 256 ) (48 1024 272 ) (0 1024 272 ) (0 1024 256 ) 
4 84 138 (0 1024 256 ) (0 1024 272 ) (0 1184 272 ) (0 1184 256 ) 
4 84 86 (0 1024 256 ) (0 1168 256 ) (48 1168 256 ) (48 1024 256 ) 
4 85 139 (0 1280 256 ) (0 1344 256 ) (0 1344 240 ) (0 1280 240 ) 
4 85 87 (0 1344 240 ) (48 1344 240 ) (48 1280 240 ) (0 1280 240 ) 
4 86 296 (48 1024 240 ) (48 1024 256 ) (0 1024 256 ) (0 1024 240 ) 
4 86 140 (0 1024 240 ) (0 1024 256 ) (0 1168 256 ) (0 1168 240 ) 
4 86 88 (48 1152 240 ) (48 1024 240 ) (0 1024 240 ) (0 1152 240 ) 
4 87 142 (0 1264 240 ) (0 1344 240 ) (0 1344 224 ) (0 1264 224 ) 
4 87 91 (48 1344 224 ) (48 1264 224 ) (0 1264 224 ) (0 1344 224 ) 
4 88 296 (48 1024 224 ) (48 1024 240 ) (0 1024 240 ) (0 1024 224 ) 
4 88 143 (0 1024 224 ) (0 1024 240 ) (0 1152 240 ) (0 1152 224 ) 
4 88 93 (48 1136 224 ) (48 1024 224 ) (0 1024 224 ) (0 1136 224 ) 
4 89 125 (0 1824 128 ) (0 1824 0 ) (0 1680 0 ) (0 1680 128 ) 
4 89 117 (0 1680 224 ) (0 1824 224 ) (0 1824 128 ) (0 1680 128 ) 
4 89 105 (0 1824 224 ) (0 2048 224 ) (0 2048 0 ) (0 1824 0 ) 
4 89 92 (0 1680 0 ) (0 2048 0 ) (48 2048 0 ) (48 1680 0 ) 
4 89 90 (48 1680 128 ) (48 1680 224 ) (0 1680 224 ) (0 1680 128 ) 
4 90 141 (0 1488 224 ) (0 1680 224 ) (0 1680 128 ) (0 1488 128 ) 
4 91 142 (0 1264 128 ) (0 1264 224 ) (0 1344 224 ) (0 1344 128 ) 
4 92 150 (0 1264 -256 ) (0 1264 0 ) (0 1680 0 ) (0 1680 -256 ) 
4 92 125 (0 1680 0 ) (0 1824 0 ) (0 1824 -256 ) (0 1680 -256 ) 
4 92 105 (0 1824 0 ) (0 2048 0 ) (0 2048 -256 ) (0 1824 -256 ) 
4 92 99 (48 1264 -256 ) (48 1264 0 ) (0 1264 0 ) (0 1264 -256 ) 
4 93 296 (48 1024 208 ) (48 1024 224 ) (0 1024 224 ) (0 1024 208 ) 
4 93 144 (0 1024 208 ) (0 1024 224 ) (0 1136 224 ) (0 1136 208 ) 
4 93 94 (48 1120 208 ) (48 1024 208 ) (0 1024 208 ) (0 1120 208 ) 
4 94 296 (48 1024 192 ) (48 1024 208 ) (0 1024 208 ) (0 1024 192 ) 
4 94 145 (0 1024 192 ) (0 1024 208 ) (0 1120 208 ) (0 1120 192 ) 
4 94 95 (0 1024 192 ) (0 1105.390015 192 ) (48 1105.390015 192 ) (48 1024 192 ) 
4 95 296 (48 1024 176 ) (48 1024 192 ) (0 1024 192 ) (0 1024 176 ) 
4 95 146 (0 1024 176 ) (0 1024 192 ) (0 1105.390015 192 ) (0 1105.390015 176 ) 
4 95 96 (48 1088.699951 176 ) (48 1024 176 ) (0 1024 176 ) (0 1088.699951 176 ) 
4 96 296 (48 1024 160 ) (48 1024 176 ) (0 1024 176 ) (0 1024 160 ) 
4 96 147 (0 1024 160 ) (0 1024 176 ) (0 1088.699951 176 ) (0 1088.699951 160 ) 
4 96 97 (48 1072 160 ) (48 1024 160 ) (0 1024 160 ) (0 1072 160 ) 
4 97 296 (48 1024 144 ) (48 1024 160 ) (0 1024 160 ) (0 1024 144 ) 
4 97 148 (0 1024 144 ) (0 1024 160 ) (0 1072 160 ) (0 1072 144 ) 
4 97 98 (48 1056 144 ) (48 1024 144 ) (0 1024 144 ) (0 1056 144 ) 
4 98 296 (48 1024 128 ) (48 1024 144 ) (0 1024 144 ) (0 1024 128 ) 
4 98 149 (0 1024 128 ) (0 1024 144 ) (0 1056 144 ) (0 1056 128 ) 
4 99 297 (48 1024 -256 ) (48 1024 0 ) (0 1024 0 ) (0 1024 -256 ) 
4 99 150 (0 1024 -256 ) (0 1024 0 ) (0 1264 0 ) (0 1264 -256 ) 
4 100 105 (0 2048 -256 ) (0 2048 320 ) (-1024 2048 320 ) (-1024 2048 -256 ) 
4 100 103 (-352 2048 960 ) (-1024 2048 960 ) (-1024 2048 320 ) (-352 2048 320 ) 
4 100 102 (0 2048 320 ) (0 2048 960 ) (-352 2048 960 ) (-352 2048 320 ) 
4 100 101 (-1024 3072 960 ) (-1024 3072 -256 ) (-1024 2048 -256 ) (-1024 2048 960 ) 
4 101 247 (-2048 2048 -256 ) (-2048 2048 960 ) (-2048 3072 960 ) (-2048 3072 -256 ) 
4 101 239 (-1024 2048 -256 ) (-1024 2048 320 ) (-2048 2048 320 ) (-2048 2048 -256 ) 
4 101 214 (-1848.630127 2048 704 ) (-2048 2048 704 ) (-2048 2048 320 ) (-1848.630127 2048 320 ) 
4 101 213 (-1848 2048 704 ) (-1848.630127 2048 704 ) (-1848.630127 2048 320 ) (-1848 2048 320 ) 
4 101 212 (-1668 2048 704 ) (-1848 2048 704 ) (-1848 2048 320 ) (-1668 2048 320 ) 
4 101 191 (-1024 2048 320 ) (-1024 2048 704 ) (-1504 2048 704 ) (-1504 2048 320 ) 
4 101 200 (-1504 2048 704 ) (-1668 2048 704 ) (-1668 2048 320 ) (-1504 2048 320 ) 
4 101 185 (-1024 2048 704 ) (-1024 2048 720 ) (-1504 2048 720 ) (-1504 2048 704 ) 
4 101 186 (-1504 2048 720 ) (-2048 2048 720 ) (-2048 2048 704 ) (-1504 2048 704 ) 
4 101 184 (-1024 2048 720 ) (-1024 2048 960 ) (-2048 2048 960 ) (-2048 2048 720 ) 
4 102 117 (-304 1824 320 ) (0 1824 320 ) (0 1824 416 ) (-304 1824 416 ) 
4 102 113 (0 1824 416 ) (0 1824 464 ) (-304 1824 464 ) (-304 1824 416 ) 
4 102 107 (0 1824 464 ) (0 1824 720 ) (-304 1824 720 ) (-304 1824 464 ) 
4 102 106 (0 1824 720 ) (0 1824 960 ) (-352 1824 960 ) (-352 1824 720 ) 
4 102 105 (0 1824 320 ) (-352 1824 320 ) (-352 2048 320 ) (0 2048 320 ) 
4 102 104 (-352 1824 720 ) (-352 1824 960 ) (-352 1856 960 ) (-352 1856 720 ) 
4 102 103 (-352 2048 320 ) (-352 1856 320 ) (-352 1856 960 ) (-352 2048 960 ) 
4 103 192 (-1024 1936 320 ) (-1024 1856 320 ) (-1024 1856 704 ) (-1024 1936 704 ) 
4 103 191 (-1024 2048 704 ) (-1024 2048 320 ) (-1024 1936 320 ) (-1024 1936 704 ) 
4 103 185 (-1024 2048 720 ) (-1024 2048 704 ) (-1024 1856 704 ) (-1024 1856 720 ) 
4 103 184 (-1024 2048 960 ) (-1024 2048 720 ) (-1024 1856 720 ) (-1024 1856 960 ) 
4 103 105 (-1024 1856 320 ) (-1024 2048 320 ) (-352 2048 320 ) (-352 1856 320 ) 
4 103 104 (-352 1856 720 ) (-352 1856 960 ) (-1024 1856 960 ) (-1024 1856 720 ) 
4 104 184 (-1024 1824 720 ) (-1024 1824 960 ) (-1024 1856 960 ) (-1024 1856 720 ) 
4 104 126 (-1024 1824 960 ) (-1024 1824 720 ) (-720 1824 720 ) (-720 1824 960 ) 
4 104 106 (-720 1824 720 ) (-352 1824 720 ) (-352 1824 960 ) (-720 1824 960 ) 
4 105 239 (-1024 2048 320 ) (-1024 2048 -256 ) (-1024 1824 -256 ) (-1024 1824 320 ) 
4 105 128 (-1024 1824 320 ) (-1024 1824 -256 ) (-720 1824 -256 ) (-720 1824 320 ) 
4 105 125 (-720 1824 -256 ) (0 1824 -256 ) (0 1824 128 ) (-720 1824 128 ) 
4 105 124 (-512 1824 320 ) (-720 1824 320 ) (-720 1824 128 ) (-512 1824 128 ) 
4 105 117 (0 1824 128 ) (0 1824 320 ) (-304 1824 320 ) (-304 1824 128 ) 
4 106 177 (-512 1680 960 ) (-720 1680 960 ) (-720 1680 720 ) (-512 1680 720 ) 
4 106 160 (-374.153992 1680 960 ) (-512 1680 960 ) (-512 1680 720 ) (-374.153992 1680 720 ) 
4 106 159 (-368 1680 960 ) (-374.153992 1680 960 ) (-374.153992 1680 720 ) (-368 1680 720 ) 
4 106 151 (-96 1680 960 ) (-368 1680 960 ) (-368 1680 720 ) (-96 1680 720 ) 
4 106 129 (0 1680 720 ) (0 1680 960 ) (-96 1680 960 ) (-96 1680 720 ) 
4 106 126 (-720 1824 960 ) (-720 1824 720 ) (-720 1680 720 ) (-720 1680 960 ) 
4 106 108 (-368 1680 720 ) (-374.153992 1680 720 ) (-374.153992 1824 720 ) (-368 1824 720 ) 
4 106 107 (0 1680 720 ) (-304 1680 720 ) (-304 1824 720 ) (0 1824 720 ) 
4 107 152 (-96 1680 720 ) (-304 1680 720 ) (-304 1680 464 ) (-96 1680 464 ) 
4 107 130 (0 1680 464 ) (0 1680 704 ) (-96 1680 704 ) (-96 1680 464 ) 
4 107 129 (0 1680 704 ) (0 1680 720 ) (-96 1680 720 ) (-96 1680 704 ) 
4 107 113 (0 1680 464 ) (-304 1680 464 ) (-304 1824 464 ) (0 1824 464 ) 
4 108 159 (-368 1680 720 ) (-374.153992 1680 720 ) (-374.153992 1680 704 ) (-368 1680 704 ) 
4 108 109 (-374.153992 1824 704 ) (-368 1824 704 ) (-368 1680 704 ) (-374.153992 1680 704 ) 
4 109 178 (-512 1680 512 ) (-512 1680 704 ) (-688 1680 704 ) (-688 1680 512 ) 
4 109 162 (-512 1680 496 ) (-368 1680 496 ) (-368 1680 704 ) (-512 1680 704 ) 
4 109 111 (-672 1824 496 ) (-368 1824 496 ) (-368 1680 496 ) (-672 1680 496 ) 
4 109 110 (-688 1680 512 ) (-688 1680 704 ) (-688 1824 704 ) (-688 1824 512 ) 
4 110 178 (-720 1680 704 ) (-720 1680 512 ) (-688 1680 512 ) (-688 1680 704 ) 
4 110 127 (-720 1824 704 ) (-720 1824 512 ) (-720 1680 512 ) (-720 1680 704 ) 
4 111 162 (-512 1680 480 ) (-368 1680 480 ) (-368 1680 496 ) (-512 1680 496 ) 
4 111 112 (-656 1824 480 ) (-368 1824 480 ) (-368 1680 480 ) (-656 1680 480 ) 
4 112 162 (-512 1680 464 ) (-368 1680 464 ) (-368 1680 480 ) (-512 1680 480 ) 
4 112 114 (-368 1680 464 ) (-640 1680 464 ) (-640 1824 464 ) (-368 1824 464 ) 
4 113 152 (-96 1680 464 ) (-304 1680 464 ) (-304 1680 416 ) (-96 1680 416 ) 
4 113 130 (0 1680 416 ) (0 1680 464 ) (-96 1680 464 ) (-96 1680 416 ) 
4 113 117 (0 1680 416 ) (-304 1680 416 ) (-304 1824 416 ) (0 1824 416 ) 
4 114 162 (-368 1680 464 ) (-512 1680 464 ) (-512 1680 448 ) (-368 1680 448 ) 
4 114 115 (-624 1824 448 ) (-368 1824 448 ) (-368 1680 448 ) (-624 1680 448 ) 
4 115 162 (-512 1680 432 ) (-368 1680 432 ) (-368 1680 448 ) (-512 1680 448 ) 
4 115 116 (-608 1824 432 ) (-368 1824 432 ) (-368 1680 432 ) (-608 1680 432 ) 
4 116 162 (-512 1680 416 ) (-368 1680 416 ) (-368 1680 432 ) (-512 1680 432 ) 
4 116 119 (-512 1680 416 ) (-592 1680 416 ) (-592 1824 416 ) (-512 1824 416 ) 
4 116 118 (-368 1680 416 ) (-512 1680 416 ) (-512 1824 416 ) (-368 1824 416 ) 
4 117 152 (-96 1680 416 ) (-304 1680 416 ) (-304 1680 128 ) (-96 1680 128 ) 
4 117 141 (0 1680 128 ) (0 1680 240 ) (-96 1680 240 ) (-96 1680 128 ) 
4 117 130 (0 1680 240 ) (0 1680 416 ) (-96 1680 416 ) (-96 1680 240 ) 
4 117 125 (0 1680 128 ) (-304 1680 128 ) (-304 1824 128 ) (0 1824 128 ) 
4 118 162 (-368 1680 416 ) (-512 1680 416 ) (-512 1680 320 ) (-368 1680 320 ) 
4 118 123 (-512 1680 336 ) (-512 1680 352 ) (-512 1824 352 ) (-512 1824 336 ) 
4 118 122 (-512 1680 352 ) (-512 1680 368 ) (-512 1824 368 ) (-512 1824 352 ) 
4 118 121 (-512 1680 368 ) (-512 1680 384 ) (-512 1824 384 ) (-512 1824 368 ) 
4 118 120 (-512 1680 384 ) (-512 1680 400 ) (-512 1824 400 ) (-512 1824 384 ) 
4 118 119 (-512 1680 400 ) (-512 1680 416 ) (-512 1824 416 ) (-512 1824 400 ) 
4 119 120 (-576 1824 400 ) (-512 1824 400 ) (-512 1680 400 ) (-576 1680 400 ) 
4 120 121 (-560 1824 384 ) (-512 1824 384 ) (-512 1680 384 ) (-560 1680 384 ) 
4 121 122 (-544 1824 368 ) (-512 1824 368 ) (-512 1680 368 ) (-544 1680 368 ) 
4 122 123 (-528 1824 352 ) (-512 1824 352 ) (-512 1680 352 ) (-528 1680 352 ) 
4 124 128 (-720 1824 320 ) (-720 1824 128 ) (-720 1680 128 ) (-720 1680 320 ) 
4 124 125 (-512 1680 128 ) (-720 1680 128 ) (-720 1824 128 ) (-512 1824 128 ) 
4 125 183 (-720 1680 0 ) (-720 1680 -256 ) (-512 1680 -256 ) (-512 1680 0 ) 
4 125 176 (-512 1680 0 ) (-512 1680 -256 ) (-96 1680 -256 ) (-96 1680 0 ) 
4 125 150 (0 1680 -256 ) (0 1680 0 ) (-96 1680 0 ) (-96 1680 -256 ) 
4 125 128 (-720 1824 128 ) (-720 1824 -256 ) (-720 1680 -256 ) (-720 1680 128 ) 
4 126 184 (-1024 1680 720 ) (-1024 1680 960 ) (-1024 1824 960 ) (-1024 1824 720 ) 
4 126 177 (-720 1680 720 ) (-720 1680 960 ) (-1024 1680 960 ) (-1024 1680 720 ) 
4 127 195 (-1024 1680 512 ) (-1024 1680 704 ) (-1024 1824 704 ) (-1024 1824 512 ) 
4 127 178 (-720 1680 512 ) (-720 1680 704 ) (-1024 1680 704 ) (-1024 1680 512 ) 
4 128 239 (-1024 1680 -256 ) (-1024 1680 320 ) (-1024 1824 320 ) (-1024 1824 -256 ) 
4 128 197 (-1024 1680 448 ) (-1024 1680 496 ) (-1024 1824 496 ) (-1024 1824 448 ) 
4 128 199 (-1024 1680 320 ) (-1024 1680 448 ) (-1024 1824 448 ) (-1024 1824 320 ) 
4 128 183 (-720 1680 -256 ) (-720 1680 0 ) (-1024 1680 0 ) (-1024 1680 -256 ) 
4 128 179 (-720 1680 320 ) (-720 1680 496 ) (-1024 1680 496 ) (-1024 1680 320 ) 
4 129 153 (-96 1488 704 ) (-96 1344 704 ) (-96 1344 960 ) (-96 1488 960 ) 
4 129 152 (-96 1680 720 ) (-96 1680 704 ) (-96 1488 704 ) (-96 1488 720 ) 
4 129 151 (-96 1680 960 ) (-96 1680 720 ) (-96 1488 720 ) (-96 1488 960 ) 
4 129 131 (-96 1344 960 ) (-96 1344 704 ) (0 1344 704 ) (0 1344 960 ) 
4 129 130 (-96 1488 704 ) (-96 1680 704 ) (0 1680 704 ) (0 1488 704 ) 
4 130 152 (-96 1680 704 ) (-96 1680 240 ) (-96 1488 240 ) (-96 1488 704 ) 
4 130 141 (-96 1488 240 ) (-96 1680 240 ) (0 1680 240 ) (0 1488 240 ) 
4 131 298 (0 1024 320 ) (0 1024 960 ) (-96 1024 960 ) (-96 1024 320 ) 
4 131 158 (-96 1024 320 ) (-96 1024 704 ) (-96 1232 704 ) (-96 1232 320 ) 
4 131 154 (-96 1232 704 ) (-96 1344 704 ) (-96 1344 320 ) (-96 1232 320 ) 
4 131 153 (-96 1024 704 ) (-96 1024 960 ) (-96 1344 960 ) (-96 1344 704 ) 
4 131 132 (-96 1024 320 ) (-96 1232 320 ) (0 1232 320 ) (0 1024 320 ) 
4 132 303 (0 1024 304 ) (0 1024 320 ) (-96 1024 320 ) (-96 1024 304 ) 
4 132 134 (0 1024 304 ) (-96 1024 304 ) (-96 1216 304 ) (0 1216 304 ) 
4 133 135 (-96 1328 288 ) (-96 1344 288 ) (0 1344 288 ) (0 1328 288 ) 
4 134 303 (0 1024 288 ) (0 1024 304 ) (-96 1024 304 ) (-96 1024 288 ) 
4 134 136 (-96 1024 288 ) (-96 1200 288 ) (0 1200 288 ) (0 1024 288 ) 
4 135 156 (-96 1312 288 ) (-96 1344 288 ) (-96 1344 272 ) (-96 1312 272 ) 
4 135 137 (-96 1312 272 ) (-96 1344 272 ) (0 1344 272 ) (0 1312 272 ) 
4 136 303 (0 1024 272 ) (0 1024 288 ) (-96 1024 288 ) (-96 1024 272 ) 
4 136 138 (-96 1024 272 ) (-96 1184 272 ) (0 1184 272 ) (0 1024 272 ) 
4 137 156 (-96 1296 272 ) (-96 1344 272 ) (-96 1344 256 ) (-96 1296 256 ) 
4 137 139 (-96 1296 256 ) (-96 1344 256 ) (0 1344 256 ) (0 1296 256 ) 
4 138 303 (0 1024 256 ) (0 1024 272 ) (-96 1024 272 ) (-96 1024 256 ) 
4 138 140 (0 1024 256 ) (-96 1024 256 ) (-96 1168 256 ) (0 1168 256 ) 
4 139 156 (-96 1344 240 ) (-96 1280 240 ) (-96 1280 256 ) (-96 1344 256 ) 
4 139 142 (-96 1280 240 ) (-96 1344 240 ) (0 1344 240 ) (0 1280 240 ) 
4 140 303 (0 1024 240 ) (0 1024 256 ) (-96 1024 256 ) (-96 1024 240 ) 
4 140 143 (-96 1024 240 ) (-96 1152 240 ) (0 1152 240 ) (0 1024 240 ) 
4 141 152 (-96 1680 240 ) (-96 1680 128 ) (-96 1488 128 ) (-96 1488 240 ) 
4 142 156 (-96 1344 128 ) (-96 1264 128 ) (-96 1264 240 ) (-96 1344 240 ) 
4 143 303 (0 1024 224 ) (0 1024 240 ) (-96 1024 240 ) (-96 1024 224 ) 
4 143 144 (-96 1024 224 ) (-96 1136 224 ) (0 1136 224 ) (0 1024 224 ) 
4 144 303 (0 1024 208 ) (0 1024 224 ) (-96 1024 224 ) (-96 1024 208 ) 
4 144 145 (0 1024 208 ) (-96 1024 208 ) (-96 1120 208 ) (0 1120 208 ) 
4 145 303 (0 1024 192 ) (0 1024 208 ) (-96 1024 208 ) (-96 1024 192 ) 
4 145 146 (-96 1024 192 ) (-96 1105.390015 192 ) (0 1105.390015 192 ) (0 1024 192 ) 
4 146 303 (0 1024 176 ) (0 1024 192 ) (-96 1024 192 ) (-96 1024 176 ) 
4 146 147 (-96 1024 176 ) (-96 1088.699951 176 ) (0 1088.699951 176 ) (0 1024 176 ) 
4 147 303 (0 1024 160 ) (0 1024 176 ) (-96 1024 176 ) (-96 1024 160 ) 
4 147 148 (0 1024 160 ) (-96 1024 160 ) (-96 1072 160 ) (0 1072 160 ) 
4 148 303 (0 1024 144 ) (0 1024 160 ) (-96 1024 160 ) (-96 1024 144 ) 
4 148 149 (-96 1024 144 ) (-96 1056 144 ) (0 1056 144 ) (0 1024 144 ) 
4 149 303 (0 1024 128 ) (0 1024 144 ) (-96 1024 144 ) (-96 1024 128 ) 
4 150 307 (0 1024 -256 ) (0 1024 0 ) (-96 1024 0 ) (-96 1024 -256 ) 
4 150 176 (-96 1680 0 ) (-96 1680 -256 ) (-96 1024 -256 ) (-96 1024 0 ) 
4 151 159 (-368 1680 960 ) (-368 1680 720 ) (-368 1488 720 ) (-368 1488 960 ) 
4 151 153 (-368 1488 960 ) (-368 1488 720 ) (-96 1488 720 ) (-96 1488 960 ) 
4 151 152 (-96 1488 720 ) (-304 1488 720 ) (-304 1680 720 ) (-96 1680 720 ) 
4 152 153 (-96 1488 704 ) (-96 1488 720 ) (-304 1488 720 ) (-304 1488 704 ) 
4 153 298 (-96 1024 704 ) (-96 1024 960 ) (-368 1024 960 ) (-368 1024 704 ) 
4 153 159 (-368 1024 704 ) (-368 1024 960 ) (-368 1488 960 ) (-368 1488 704 ) 
4 153 158 (-368 1024 704 ) (-368 1232 704 ) (-96 1232 704 ) (-96 1024 704 ) 
4 153 155 (-368 1232 704 ) (-368 1408 704 ) (-304 1408 704 ) (-304 1232 704 ) 
4 153 154 (-96 1344 704 ) (-96 1232 704 ) (-304 1232 704 ) (-304 1344 704 ) 
4 154 158 (-96 1232 704 ) (-304 1232 704 ) (-304 1232 320 ) (-96 1232 320 ) 
4 154 155 (-304 1344 320 ) (-304 1232 320 ) (-304 1232 704 ) (-304 1344 704 ) 
4 155 163 (-368 1232 320 ) (-368 1232 704 ) (-368 1408 704 ) (-368 1408 320 ) 
4 155 158 (-304 1232 704 ) (-368 1232 704 ) (-368 1232 320 ) (-304 1232 320 ) 
4 156 157 (-304 1232 128 ) (-304 1232 288 ) (-304 1344 288 ) (-304 1344 128 ) 
4 157 175 (-368 1472 128 ) (-368 1232 128 ) (-368 1232 144 ) (-368 1472 144 ) 
4 157 174 (-368 1232 144 ) (-368 1232 160 ) (-368 1488 160 ) (-368 1488 144 ) 
4 157 173 (-368 1232 160 ) (-368 1232 176 ) (-368 1488 176 ) (-368 1488 160 ) 
4 157 172 (-368 1232 176 ) (-368 1232 192 ) (-368 1488 192 ) (-368 1488 176 ) 
4 157 171 (-368 1232 192 ) (-368 1232 208 ) (-368 1488 208 ) (-368 1488 192 ) 
4 157 170 (-368 1232 208 ) (-368 1232 224 ) (-368 1488 224 ) (-368 1488 208 ) 
4 157 169 (-368 1232 224 ) (-368 1232 240 ) (-368 1488 240 ) (-368 1488 224 ) 
4 157 168 (-368 1232 240 ) (-368 1232 256 ) (-368 1488 256 ) (-368 1488 240 ) 
4 157 167 (-368 1232 256 ) (-368 1232 272 ) (-368 1488 272 ) (-368 1488 256 ) 
4 157 166 (-368 1232 272 ) (-368 1232 288 ) (-368 1488 288 ) (-368 1488 272 ) 
4 158 298 (-96 1024 320 ) (-96 1024 704 ) (-368 1024 704 ) (-368 1024 320 ) 
4 158 163 (-368 1024 320 ) (-368 1024 704 ) (-368 1232 704 ) (-368 1232 320 ) 
4 159 298 (-374.153992 1024 704 ) (-368 1024 704 ) (-368 1024 960 ) (-374.153992 1024 960 ) 
4 159 162 (-374.153992 1680 704 ) (-368 1680 704 ) (-368 1488 704 ) (-374.153992 1488 704 ) 
4 159 163 (-368 1408 704 ) (-368 1024 704 ) (-374.153992 1024 704 ) (-374.153992 1408 704 ) 
4 159 160 (-374.153992 1600 720 ) (-374.153992 1600 960 ) (-374.153992 1680 960 ) (-374.153992 1680 720 ) 
4 159 161 (-374.153992 1600 704 ) (-374.153992 1024 704 ) (-374.153992 1024 960 ) (-374.153992 1600 960 ) 
4 160 177 (-512 1680 960 ) (-512 1680 720 ) (-512 1600 720 ) (-512 1600 960 ) 
4 160 161 (-374.153992 1600 720 ) (-374.153992 1600 960 ) (-512 1600 960 ) (-512 1600 720 ) 
4 161 298 (-512 1024 960 ) (-512 1024 704 ) (-374.153992 1024 704 ) (-374.153992 1024 960 ) 
4 161 180 (-512 1600 704 ) (-512 1024 704 ) (-512 1024 960 ) (-512 1600 960 ) 
4 161 162 (-512 1488 704 ) (-512 1600 704 ) (-374.153992 1600 704 ) (-374.153992 1488 704 ) 
4 161 163 (-512 1024 704 ) (-512 1408 704 ) (-374.153992 1408 704 ) (-374.153992 1024 704 ) 
4 162 181 (-512 1600 320 ) (-512 1488 320 ) (-512 1488 704 ) (-512 1600 704 ) 
4 162 178 (-512 1680 704 ) (-512 1680 512 ) (-512 1600 512 ) (-512 1600 704 ) 
4 162 164 (-512 1488 320 ) (-512 1648 320 ) (-368 1648 320 ) (-368 1488 320 ) 
4 163 298 (-512 1024 704 ) (-512 1024 320 ) (-368 1024 320 ) (-368 1024 704 ) 
4 163 182 (-512 1408 320 ) (-512 1024 320 ) (-512 1024 704 ) (-512 1408 704 ) 
4 164 165 (-512 1488 304 ) (-512 1632 304 ) (-368 1632 304 ) (-368 1488 304 ) 
4 165 166 (-512 1488 288 ) (-512 1616 288 ) (-368 1616 288 ) (-368 1488 288 ) 
4 166 167 (-512 1232 272 ) (-512 1600 272 ) (-368 1600 272 ) (-368 1232 272 ) 
4 167 168 (-512 1232 256 ) (-512 1584 256 ) (-368 1584 256 ) (-368 1232 256 ) 
4 168 169 (-512 1232 240 ) (-512 1568 240 ) (-368 1568 240 ) (-368 1232 240 ) 
4 169 170 (-512 1232 224 ) (-512 1552 224 ) (-368 1552 224 ) (-368 1232 224 ) 
4 170 171 (-512 1232 208 ) (-512 1536 208 ) (-368 1536 208 ) (-368 1232 208 ) 
4 171 172 (-512 1232 192 ) (-512 1520 192 ) (-368 1520 192 ) (-368 1232 192 ) 
4 172 173 (-512 1232 176 ) (-512 1504 176 ) (-368 1504 176 ) (-368 1232 176 ) 
4 173 174 (-512 1232 160 ) (-512 1488 160 ) (-368 1488 160 ) (-368 1232 160 ) 
4 174 175 (-512 1232 144 ) (-512 1472 144 ) (-368 1472 144 ) (-368 1232 144 ) 
4 176 307 (-96 1024 -256 ) (-96 1024 0 ) (-512 1024 0 ) (-512 1024 -256 ) 
4 176 183 (-512 1680 0 ) (-512 1680 -256 ) (-512 1024 -256 ) (-512 1024 0 ) 
4 177 184 (-1024 1680 960 ) (-1024 1680 720 ) (-1024 1600 720 ) (-1024 1600 960 ) 
4 177 180 (-1024 1600 960 ) (-1024 1600 720 ) (-512 1600 720 ) (-512 1600 960 ) 
4 178 195 (-1024 1680 704 ) (-1024 1680 512 ) (-1024 1600 512 ) (-1024 1600 704 ) 
4 178 181 (-573.538025 1600 512 ) (-512 1600 512 ) (-512 1600 704 ) (-573.538025 1600 704 ) 
4 179 197 (-1024 1680 496 ) (-1024 1680 448 ) (-1024 1600 448 ) (-1024 1600 496 ) 
4 179 199 (-1024 1680 448 ) (-1024 1680 320 ) (-1024 1600 320 ) (-1024 1600 448 ) 
4 180 300 (-887.046997 1024 960 ) (-1024 1024 960 ) (-1024 1024 704 ) (-887.046997 1024 704 ) 
4 180 298 (-512 1024 704 ) (-512 1024 960 ) (-887.046997 1024 960 ) (-887.046997 1024 704 ) 
4 180 188 (-1024 1024 704 ) (-1024 1024 960 ) (-1024 1600 960 ) (-1024 1600 704 ) 
4 180 182 (-512 1408 704 ) (-512 1024 704 ) (-1024 1024 704 ) (-1024 1408 704 ) 
4 180 181 (-573.538025 1600 704 ) (-512 1600 704 ) (-512 1488 704 ) (-573.538025 1488 704 ) 
4 182 300 (-887.046997 1024 704 ) (-1024 1024 704 ) (-1024 1024 320 ) (-887.046997 1024 320 ) 
4 182 298 (-512 1024 320 ) (-512 1024 704 ) (-887.046997 1024 704 ) (-887.046997 1024 320 ) 
4 182 215 (-1024 1024 320 ) (-1024 1024 704 ) (-1024 1408 704 ) (-1024 1408 320 ) 
4 183 307 (-512 1024 -256 ) (-512 1024 0 ) (-1024 1024 0 ) (-1024 1024 -256 ) 
4 183 240 (-1024 1024 -256 ) (-1024 1024 0 ) (-1024 1680 0 ) (-1024 1680 -256 ) 
4 184 249 (-2048 2048 960 ) (-2048 2048 720 ) (-2048 1600 720 ) (-2048 1600 960 ) 
4 184 189 (-1316 1600 960 ) (-1668 1600 960 ) (-1668 1600 800 ) (-1316 1600 800 ) 
4 184 188 (-1024 1600 720 ) (-1024 1600 960 ) (-1316 1600 960 ) (-1316 1600 720 ) 
4 184 190 (-1668 1600 960 ) (-2048 1600 960 ) (-2048 1600 720 ) (-1668 1600 720 ) 
4 184 187 (-1504 1600 720 ) (-2048 1600 720 ) (-2048 1824 720 ) (-1504 1824 720 ) 
4 184 185 (-1504 2048 720 ) (-1024 2048 720 ) (-1024 1856 720 ) (-1504 1856 720 ) 
4 184 186 (-2048 1824 720 ) (-2048 2048 720 ) (-1504 2048 720 ) (-1504 1824 720 ) 
4 185 194 (-1502.220093 1856 704 ) (-1504 1856 704 ) (-1504 1936 704 ) (-1502.220093 1936 704 ) 
4 185 192 (-1024 1936 704 ) (-1024 1856 704 ) (-1482 1856 704 ) (-1482 1936 704 ) 
4 185 191 (-1504 2048 704 ) (-1024 2048 704 ) (-1024 1936 704 ) (-1504 1936 704 ) 
4 185 186 (-1504 2048 704 ) (-1504 1856 704 ) (-1504 1856 720 ) (-1504 2048 720 ) 
4 186 249 (-2048 2048 720 ) (-2048 2048 704 ) (-2048 1824 704 ) (-2048 1824 720 ) 
4 186 214 (-2048 1824 704 ) (-2048 2048 704 ) (-1848.630127 2048 704 ) (-1848.630127 1824 704 ) 
4 186 213 (-1848.630127 2048 704 ) (-1848 2048 704 ) (-1848 1824 704 ) (-1848.630127 1824 704 ) 
4 186 212 (-1848 2048 704 ) (-1668 2048 704 ) (-1668 1824 704 ) (-1848 1824 704 ) 
4 186 200 (-1668 2048 704 ) (-1504 2048 704 ) (-1504 1824 704 ) (-1668 1824 704 ) 
4 186 187 (-2048 1824 704 ) (-1504 1824 704 ) (-1504 1824 720 ) (-2048 1824 720 ) 
4 187 249 (-2048 1824 704 ) (-2048 1600 704 ) (-2048 1600 720 ) (-2048 1824 720 ) 
4 187 214 (-2048 1640 704 ) (-2048 1824 704 ) (-1848.630127 1824 704 ) (-1848.630127 1640 704 ) 
4 187 213 (-1848.630127 1824 704 ) (-1848 1824 704 ) (-1848 1600 704 ) (-1848.630127 1600 704 ) 
4 187 212 (-1848 1824 704 ) (-1668 1824 704 ) (-1668 1600 704 ) (-1848 1600 704 ) 
4 187 200 (-1668 1824 704 ) (-1504 1824 704 ) (-1504 1600 704 ) (-1668 1600 704 ) 
4 187 190 (-2048 1600 704 ) (-1668 1600 704 ) (-1668 1600 720 ) (-2048 1600 720 ) 
4 188 309 (-1024 1024 704 ) (-1024 1024 960 ) (-1316 1024 960 ) (-1316 1024 704 ) 
4 188 229 (-1316 1406 704 ) (-1316 1408 704 ) (-1236 1408 704 ) (-1236 1406 704 ) 
4 188 231 (-1316 1264 704 ) (-1316 1406 704 ) (-1236 1406 704 ) (-1236 1264 704 ) 
4 188 236 (-1236 1024 704 ) (-1316 1024 704 ) (-1316 1264 704 ) (-1236 1264 704 ) 
4 188 216 (-1236 1376 704 ) (-1236 1408 704 ) (-1092 1408 704 ) (-1092 1376 704 ) 
4 188 217 (-1092 1024 704 ) (-1236 1024 704 ) (-1236 1376 704 ) (-1092 1376 704 ) 
4 188 215 (-1024 1024 704 ) (-1092 1024 704 ) (-1092 1408 704 ) (-1024 1408 704 ) 
4 188 201 (-1088 1408 704 ) (-1092 1408 704 ) (-1092 1412 704 ) (-1088 1412 704 ) 
5 188 189 (-1316 1024 960 ) (-1316 1600 960 ) (-1316 1600 800 ) (-1316 1408 704 ) (-1316 1024 704 ) 
4 189 310 (-1341.832275 1024 960 ) (-1668 1024 960 ) (-1668 1024 704 ) (-1341.832275 1024 704 ) 
4 189 309 (-1316 1024 960 ) (-1341.832275 1024 960 ) (-1341.832275 1024 704 ) (-1316 1024 704 ) 
4 189 229 (-1317.739990 1408 704 ) (-1316 1408 704 ) (-1316 1406 704 ) (-1317.739990 1406 704 ) 
4 189 231 (-1668 1264 704 ) (-1668 1406 704 ) (-1316 1406 704 ) (-1316 1264 704 ) 
4 189 236 (-1316 1024 704 ) (-1668 1024 704 ) (-1668 1264 704 ) (-1316 1264 704 ) 
5 189 190 (-1668 1024 960 ) (-1668 1600 960 ) (-1668 1600 800 ) (-1668 1408 704 ) (-1668 1024 704 ) 
4 190 310 (-1668 1024 960 ) (-2048 1024 960 ) (-2048 1024 704 ) (-1668 1024 704 ) 
4 190 249 (-2048 1024 704 ) (-2048 1024 960 ) (-2048 1600 960 ) (-2048 1600 704 ) 
4 190 238 (-1668 1024 704 ) (-2048 1024 704 ) (-2048 1056 704 ) (-1668 1056 704 ) 
4 190 237 (-1848.630127 1408 704 ) (-1668 1408 704 ) (-1668 1056 704 ) (-1848.630127 1056 704 ) 
4 190 213 (-1848.630127 1600 704 ) (-1848 1600 704 ) (-1848 1408 704 ) (-1848.630127 1408 704 ) 
4 191 239 (-1024 2048 320 ) (-1024 1936 320 ) (-1504 1936 320 ) (-1504 2048 320 ) 
4 191 194 (-1504 1936 704 ) (-1504 1936 320 ) (-1502.220093 1936 320 ) (-1502.220093 1936 704 ) 
4 191 193 (-1502.220093 1936 320 ) (-1482 1936 320 ) (-1482 1936 448 ) (-1502.220093 1936 448 ) 
4 191 192 (-1482 1936 320 ) (-1024 1936 320 ) (-1024 1936 704 ) (-1482 1936 704 ) 
4 191 200 (-1504 2048 320 ) (-1504 1936 320 ) (-1504 1936 704 ) (-1504 2048 704 ) 
4 192 239 (-1024 1936 320 ) (-1024 1856 320 ) (-1482 1856 320 ) (-1482 1936 320 ) 
4 192 193 (-1482 1936 448 ) (-1482 1936 320 ) (-1482 1856 320 ) (-1482 1856 448 ) 
4 193 239 (-1502.220093 1856 320 ) (-1502.220093 1936 320 ) (-1482 1936 320 ) (-1482 1856 320 ) 
4 193 194 (-1502.220093 1936 448 ) (-1502.220093 1936 320 ) (-1502.220093 1856 320 ) (-1502.220093 1856 448 ) 
4 194 239 (-1504 1856 320 ) (-1504 1936 320 ) (-1502.220093 1936 320 ) (-1502.220093 1856 320 ) 
4 194 200 (-1504 1936 320 ) (-1504 1856 320 ) (-1504 1856 704 ) (-1504 1936 704 ) 
4 195 204 (-1430 1600 704 ) (-1482 1600 704 ) (-1482 1600 512 ) (-1430 1600 512 ) 
4 196 210 (-1502.220093 1600 704 ) (-1504 1600 704 ) (-1504 1600 512 ) (-1502.220093 1600 512 ) 
4 196 200 (-1504 1600 512 ) (-1504 1600 704 ) (-1504 1824 704 ) (-1504 1824 512 ) 
4 197 199 (-1024 1600 448 ) (-1482 1600 448 ) (-1482 1824 448 ) (-1024 1824 448 ) 
4 198 200 (-1504 1600 448 ) (-1504 1600 496 ) (-1504 1824 496 ) (-1504 1824 448 ) 
4 198 199 (-1502.220093 1600 448 ) (-1504 1600 448 ) (-1504 1824 448 ) (-1502.220093 1824 448 ) 
4 199 239 (-1024 1824 320 ) (-1024 1680 320 ) (-1504 1680 320 ) (-1504 1824 320 ) 
4 199 211 (-1504 1600 320 ) (-1482 1600 320 ) (-1482 1600 448 ) (-1504 1600 448 ) 
4 199 209 (-1482 1600 320 ) (-1432 1600 320 ) (-1432 1600 448 ) (-1482 1600 448 ) 
4 199 208 (-1432 1600 320 ) (-1430 1600 320 ) (-1430 1600 448 ) (-1432 1600 448 ) 
4 199 200 (-1504 1824 320 ) (-1504 1600 320 ) (-1504 1600 448 ) (-1504 1824 448 ) 
4 200 239 (-1668 1680 320 ) (-1668 2048 320 ) (-1504 2048 320 ) (-1504 1680 320 ) 
4 200 212 (-1668 2048 320 ) (-1668 1600 320 ) (-1668 1600 704 ) (-1668 2048 704 ) 
4 200 211 (-1668 1600 447.986023 ) (-1668 1600 320 ) (-1504 1600 320 ) (-1504 1600 447.986023 ) 
4 200 210 (-1668 1600 704 ) (-1668 1600 510.986023 ) (-1504 1600 510.986023 ) (-1504 1600 704 ) 
4 201 215 (-1092 1408 320 ) (-1088 1408 320 ) (-1088 1408 704 ) (-1092 1408 704 ) 
4 202 229 (-1316 1408 510.986023 ) (-1316 1408 704 ) (-1317.739990 1408 704 ) (-1317.739990 1408 510.986023 ) 
4 203 233 (-1317.739990 1408 320 ) (-1316 1408 320 ) (-1316 1408 447.986023 ) (-1317.739990 1408 447.986023 ) 
4 204 207 (-1482 1414 616 ) (-1482 1414 510.986023 ) (-1480 1414 510.986023 ) (-1480 1414 616 ) 
4 204 206 (-1480 1414 510.986023 ) (-1432 1414 510.986023 ) (-1432 1414 616 ) (-1480 1414 616 ) 
4 204 205 (-1432 1414 510.986023 ) (-1430 1414 510.986023 ) (-1430 1414 616 ) (-1432 1414 616 ) 
4 205 206 (-1432 1414 616 ) (-1432 1414 510.986023 ) (-1432 1412 510.986023 ) (-1432 1412 616 ) 
4 206 230 (-1480 1408 616 ) (-1480 1408 510.986023 ) (-1432 1408 510.986023 ) (-1432 1408 616 ) 
4 206 207 (-1480 1414 616 ) (-1480 1414 510.986023 ) (-1480 1411.010132 510.986023 ) (-1480 1411.010132 616 ) 
4 208 209 (-1432 1600 447.986023 ) (-1432 1600 320 ) (-1432 1412 320 ) (-1432 1412 447.986023 ) 
4 209 235 (-1482 1408 320 ) (-1432 1408 320 ) (-1432 1408 447.986023 ) (-1482 1408 447.986023 ) 
4 209 211 (-1482 1600 447.986023 ) (-1482 1600 320 ) (-1482 1408 320 ) (-1482 1408 447.986023 ) 
4 211 235 (-1668 1408 320 ) (-1482 1408 320 ) (-1482 1408 447.986023 ) (-1668 1408 447.986023 ) 
4 212 239 (-1848 1680 320 ) (-1848 2048 320 ) (-1668 2048 320 ) (-1668 1680 320 ) 
4 212 213 (-1848 2048 320 ) (-1848 1600 320 ) (-1848 1600 704 ) (-1848 2048 704 ) 
4 213 239 (-1848.630127 1680 320 ) (-1848.630127 2048 320 ) (-1848 2048 320 ) (-1848 1680 320 ) 
4 213 237 (-1848.630127 1408 320 ) (-1848 1408 320 ) (-1848 1408 704 ) (-1848.630127 1408 704 ) 
4 213 214 (-1848.630127 2048 320 ) (-1848.630127 1640 320 ) (-1848.630127 1640 704 ) (-1848.630127 2048 704 ) 
4 214 250 (-2048 1640 704 ) (-2048 2048 704 ) (-2048 2048 320 ) (-2048 1640 320 ) 
4 214 239 (-2048 1680 320 ) (-2048 2048 320 ) (-1848.630127 2048 320 ) (-1848.630127 1680 320 ) 
4 215 309 (-1024 1024 320 ) (-1024 1024 704 ) (-1092 1024 704 ) (-1092 1024 320 ) 
4 215 228 (-1092 1200 320 ) (-1092 1024 320 ) (-1092 1024 336 ) (-1092 1200 336 ) 
4 215 227 (-1092 1216 336 ) (-1092 1024 336 ) (-1092 1024 352 ) (-1092 1216 352 ) 
4 215 226 (-1092 1232 352 ) (-1092 1024 352 ) (-1092 1024 368 ) (-1092 1232 368 ) 
4 215 225 (-1092 1248 368 ) (-1092 1024 368 ) (-1092 1024 384 ) (-1092 1248 384 ) 
4 215 224 (-1092 1264 384 ) (-1092 1024 384 ) (-1092 1024 400 ) (-1092 1264 400 ) 
4 215 223 (-1092 1280 400 ) (-1092 1024 400 ) (-1092 1024 416 ) (-1092 1280 416 ) 
4 215 222 (-1092 1296 416 ) (-1092 1024 416 ) (-1092 1024 432 ) (-1092 1296 432 ) 
4 215 221 (-1092 1312 432 ) (-1092 1024 432 ) (-1092 1024 448 ) (-1092 1312 448 ) 
4 215 220 (-1092 1328 448 ) (-1092 1024 448 ) (-1092 1024 464 ) (-1092 1328 464 ) 
4 215 219 (-1092 1344 464 ) (-1092 1024 464 ) (-1092 1024 480 ) (-1092 1344 480 ) 
4 215 218 (-1092 1360 480 ) (-1092 1024 480 ) (-1092 1024 496 ) (-1092 1360 496 ) 
4 215 216 (-1092 1408 704 ) (-1092 1408 512 ) (-1092 1376 512 ) (-1092 1376 704 ) 
4 215 217 (-1092 1376 496 ) (-1092 1024 496 ) (-1092 1024 704 ) (-1092 1376 704 ) 
4 216 229 (-1236 1408 704 ) (-1236 1408 512 ) (-1236 1406 512 ) (-1236 1406 704 ) 
4 216 231 (-1236 1406 512 ) (-1236 1376 512 ) (-1236 1376 704 ) (-1236 1406 704 ) 
4 216 217 (-1236 1376 704 ) (-1236 1376 512 ) (-1092 1376 512 ) (-1092 1376 704 ) 
4 217 309 (-1092 1024 704 ) (-1236 1024 704 ) (-1236 1024 496 ) (-1092 1024 496 ) 
4 217 231 (-1236 1264 510.986023 ) (-1236 1264 704 ) (-1236 1376 704 ) (-1236 1376 510.986023 ) 
4 217 236 (-1236 1264 496 ) (-1236 1024 496 ) (-1236 1024 704 ) (-1236 1264 704 ) 
4 217 218 (-1236 1024 496 ) (-1236 1360 496 ) (-1092 1360 496 ) (-1092 1024 496 ) 
4 218 309 (-1236 1024 496 ) (-1236 1024 480 ) (-1092 1024 480 ) (-1092 1024 496 ) 
4 218 236 (-1236 1264 480 ) (-1236 1024 480 ) (-1236 1024 496 ) (-1236 1264 496 ) 
4 218 219 (-1236 1024 480 ) (-1236 1344 480 ) (-1092 1344 480 ) (-1092 1024 480 ) 
4 219 309 (-1236 1024 480 ) (-1236 1024 464 ) (-1092 1024 464 ) (-1092 1024 480 ) 
4 219 236 (-1236 1264 464 ) (-1236 1024 464 ) (-1236 1024 480 ) (-1236 1264 480 ) 
4 219 220 (-1236 1024 464 ) (-1236 1328 464 ) (-1092 1328 464 ) (-1092 1024 464 ) 
4 220 309 (-1236 1024 464 ) (-1236 1024 448 ) (-1092 1024 448 ) (-1092 1024 464 ) 
4 220 236 (-1236 1264 448 ) (-1236 1024 448 ) (-1236 1024 464 ) (-1236 1264 464 ) 
4 220 221 (-1236 1024 448 ) (-1236 1312 448 ) (-1092 1312 448 ) (-1092 1024 448 ) 
4 221 309 (-1236 1024 448 ) (-1236 1024 432 ) (-1092 1024 432 ) (-1092 1024 448 ) 
4 221 236 (-1236 1264 432 ) (-1236 1024 432 ) (-1236 1024 448 ) (-1236 1264 448 ) 
4 221 222 (-1236 1024 432 ) (-1236 1296 432 ) (-1092 1296 432 ) (-1092 1024 432 ) 
4 222 309 (-1236 1024 432 ) (-1236 1024 416 ) (-1092 1024 416 ) (-1092 1024 432 ) 
4 222 236 (-1236 1264 416 ) (-1236 1024 416 ) (-1236 1024 432 ) (-1236 1264 432 ) 
4 222 223 (-1236 1024 416 ) (-1236 1280 416 ) (-1092 1280 416 ) (-1092 1024 416 ) 
4 223 309 (-1236 1024 416 ) (-1236 1024 400 ) (-1092 1024 400 ) (-1092 1024 416 ) 
4 223 236 (-1236 1264 400 ) (-1236 1024 400 ) (-1236 1024 416 ) (-1236 1264 416 ) 
4 223 224 (-1236 1024 400 ) (-1236 1264 400 ) (-1092 1264 400 ) (-1092 1024 400 ) 
4 224 309 (-1236 1024 400 ) (-1236 1024 384 ) (-1092 1024 384 ) (-1092 1024 400 ) 
4 224 236 (-1236 1264 384 ) (-1236 1024 384 ) (-1236 1024 400 ) (-1236 1264 400 ) 
4 224 225 (-1236 1024 384 ) (-1236 1248 384 ) (-1092 1248 384 ) (-1092 1024 384 ) 
4 225 309 (-1236 1024 384 ) (-1236 1024 368 ) (-1092 1024 368 ) (-1092 1024 384 ) 
4 225 236 (-1236 1248 368 ) (-1236 1024 368 ) (-1236 1024 384 ) (-1236 1248 384 ) 
4 225 226 (-1236 1024 368 ) (-1236 1232 368 ) (-1092 1232 368 ) (-1092 1024 368 ) 
4 226 309 (-1236 1024 368 ) (-1236 1024 352 ) (-1092 1024 352 ) (-1092 1024 368 ) 
4 226 236 (-1236 1232 352 ) (-1236 1024 352 ) (-1236 1024 368 ) (-1236 1232 368 ) 
4 226 227 (-1236 1024 352 ) (-1236 1216 352 ) (-1092 1216 352 ) (-1092 1024 352 ) 
4 227 309 (-1236 1024 352 ) (-1236 1024 336 ) (-1092 1024 336 ) (-1092 1024 352 ) 
4 227 236 (-1236 1216 336 ) (-1236 1024 336 ) (-1236 1024 352 ) (-1236 1216 352 ) 
4 227 228 (-1236 1024 336 ) (-1236 1200 336 ) (-1092 1200 336 ) (-1092 1024 336 ) 
4 228 309 (-1236 1024 336 ) (-1236 1024 320 ) (-1092 1024 320 ) (-1092 1024 336 ) 
4 228 236 (-1236 1200 320 ) (-1236 1024 320 ) (-1236 1024 336 ) (-1236 1200 336 ) 
4 229 231 (-1317.739990 1406 510.986023 ) (-1236 1406 510.986023 ) (-1236 1406 704 ) (-1317.739990 1406 704 ) 
4 230 231 (-1480 1406 510.986023 ) (-1432 1406 510.986023 ) (-1432 1406 616 ) (-1480 1406 616 ) 
4 231 237 (-1668 1406 510.986023 ) (-1668 1264 510.986023 ) (-1668 1264 704 ) (-1668 1406 704 ) 
4 231 236 (-1668 1264 704 ) (-1668 1264 510.986023 ) (-1236 1264 510.986023 ) (-1236 1264 704 ) 
4 232 233 (-1276 1264 320 ) (-1276 1264 321 ) (-1276 1408 321 ) (-1276 1408 320 ) 
4 232 236 (-1276 1264 320 ) (-1236 1264 320 ) (-1236 1264 321 ) (-1276 1264 321 ) 
4 233 234 (-1317.739990 1264 320 ) (-1317.739990 1264 447.986023 ) (-1317.739990 1406 447.986023 ) (-1317.739990 1406 320 ) 
4 233 236 (-1317.739990 1264 320 ) (-1276 1264 320 ) (-1276 1264 447.986023 ) (-1317.739990 1264 447.986023 ) 
4 234 235 (-1432 1264 320 ) (-1432 1264 447.986023 ) (-1432 1406 447.986023 ) (-1432 1406 320 ) 
4 234 236 (-1432 1264 320 ) (-1317.739990 1264 320 ) (-1317.739990 1264 447.986023 ) (-1432 1264 447.986023 ) 
4 235 237 (-1668 1408 447.986023 ) (-1668 1408 320 ) (-1668 1264 320 ) (-1668 1264 447.986023 ) 
4 235 236 (-1668 1264 447.986023 ) (-1668 1264 320 ) (-1432 1264 320 ) (-1432 1264 447.986023 ) 
4 236 317 (-1668 1024 576 ) (-1668 1024 320 ) (-1341.832397 1024 320 ) (-1341.832397 1024 576 ) 
4 236 310 (-1341.832397 1024 704 ) (-1668 1024 704 ) (-1668 1024 576 ) (-1341.832397 1024 576 ) 
4 236 309 (-1236 1024 704 ) (-1341.832397 1024 704 ) (-1341.832397 1024 320 ) (-1236 1024 320 ) 
4 236 238 (-1668 1056 320 ) (-1668 1024 320 ) (-1668 1024 704 ) (-1668 1056 704 ) 
4 236 237 (-1668 1264 320 ) (-1668 1056 320 ) (-1668 1056 704 ) (-1668 1264 704 ) 
4 237 238 (-1848.630127 1056 320 ) (-1668 1056 320 ) (-1668 1056 704 ) (-1848.630127 1056 704 ) 
4 238 319 (-2048 1024 576 ) (-2048 1024 377.029083 ) (-2016 1024 366.969360 ) (-2016 1024 576 ) 
5 238 317 (-2016 1024 366.969360 ) (-1866.590454 1024 320 ) (-1668 1024 320 ) (-1668 1024 576 ) (-2016 1024 576 ) 
4 238 310 (-1668 1024 704 ) (-2048 1024 704 ) (-2048 1024 576 ) (-1668 1024 576 ) 
4 238 252 (-2048 1024 377.029083 ) (-2048 1024 704 ) (-2048 1056 704 ) (-2048 1056 378.553345 ) 
4 239 260 (-2048 2048 0 ) (-2048 2048 -256 ) (-2048 1680 -256 ) (-2048 1680 0 ) 
4 239 256 (-2048 1680 320 ) (-2048 2048 320 ) (-2048 2048 0 ) (-2048 1680 0 ) 
4 239 240 (-2048 1680 -256 ) (-1024 1680 -256 ) (-1024 1680 0 ) (-2048 1680 0 ) 
4 240 321 (-1024 1024 -256 ) (-1024 1024 0 ) (-2048 1024 0 ) (-2048 1024 -256 ) 
4 240 260 (-2048 1024 -256 ) (-2048 1024 0 ) (-2048 1680 0 ) (-2048 1680 -256 ) 
4 241 243 (-2048 4096 -256 ) (-2048 4096 960 ) (-3072 4096 960 ) (-3072 4096 -256 ) 
4 241 242 (-3072 5120 960 ) (-3072 5120 -256 ) (-3072 4096 -256 ) (-3072 4096 960 ) 
4 242 245 (-4096 5120 960 ) (-4096 5120 -256 ) (-4096 4096 -256 ) (-4096 4096 960 ) 
4 242 244 (-3072 4096 -256 ) (-3072 4096 960 ) (-4096 4096 960 ) (-4096 4096 -256 ) 
4 243 247 (-2048 3072 -256 ) (-2048 3072 960 ) (-3072 3072 960 ) (-3072 3072 -256 ) 
4 243 244 (-3072 4096 960 ) (-3072 4096 -256 ) (-3072 3072 -256 ) (-3072 3072 960 ) 
4 244 248 (-3072 3072 -256 ) (-3072 3072 960 ) (-4096 3072 960 ) (-4096 3072 -256 ) 
4 244 246 (-4096 3072 -256 ) (-4096 3072 960 ) (-4096 4096 960 ) (-4096 4096 -256 ) 
4 245 246 (-4096 4096 -256 ) (-4096 4096 960 ) (-4992 4096 960 ) (-4992 4096 -256 ) 
4 246 262 (-4096 3072 -256 ) (-4096 3072 960 ) (-4992 3072 960 ) (-4992 3072 -256 ) 
4 247 260 (-2048 2048 -256 ) (-2048 2048 0 ) (-3072 2048 0 ) (-3072 2048 -256 ) 
4 247 256 (-2048 2048 0 ) (-2048 2048 320 ) (-3060.629883 2048 320 ) (-3060.629883 2048 0 ) 
4 247 259 (-3060.629883 2048 320 ) (-3072 2048 320 ) (-3072 2048 0 ) (-3060.629883 2048 0 ) 
4 247 250 (-2048 2048 320 ) (-2048 2048 704 ) (-3072 2048 704 ) (-3072 2048 320 ) 
4 247 249 (-2048 2048 704 ) (-2048 2048 960 ) (-3072 2048 960 ) (-3072 2048 704 ) 
4 247 248 (-3072 3072 960 ) (-3072 3072 -256 ) (-3072 2048 -256 ) (-3072 2048 960 ) 
4 248 262 (-4096 3072 960 ) (-4096 3072 -256 ) (-4096 2048 -256 ) (-4096 2048 960 ) 
4 248 261 (-3072 2048 -256 ) (-3072 2048 960 ) (-4096 2048 960 ) (-4096 2048 -256 ) 
4 249 354 (-2680 1024 960 ) (-3072 1024 960 ) (-3072 1024 704 ) (-2680 1024 704 ) 
4 249 351 (-2240 1024 960 ) (-2680 1024 960 ) (-2680 1024 704 ) (-2240 1024 704 ) 
4 249 348 (-2048 1024 704 ) (-2048 1024 960 ) (-2240 1024 960 ) (-2240 1024 704 ) 
4 249 261 (-3072 2048 960 ) (-3072 2048 704 ) (-3072 1024 704 ) (-3072 1024 960 ) 
4 249 254 (-3060.629883 1600 704 ) (-3060.629883 1640 704 ) (-2688 1640 704 ) (-2688 1600 704 ) 
4 249 255 (-3060.629883 1024 704 ) (-3072 1024 704 ) (-3072 1640 704 ) (-3060.629883 1640 704 ) 
4 249 253 (-2240 1024 704 ) (-2680 1024 704 ) (-2680 1400 704 ) (-2240 1400 704 ) 
4 249 252 (-2048 1056 704 ) (-2048 1024 704 ) (-2240 1024 704 ) (-2240 1056 704 ) 
4 249 251 (-2232.629883 1056 704 ) (-2240 1056 704 ) (-2240 1400 704 ) (-2232.629883 1400 704 ) 
4 249 250 (-3072 2048 704 ) (-2048 2048 704 ) (-2048 1640 704 ) (-3072 1640 704 ) 
4 250 261 (-3072 2048 704 ) (-3072 2048 320 ) (-3072 1640 320 ) (-3072 1640 704 ) 
4 250 257 (-2760 1640 320 ) (-3060.629883 1640 320 ) (-3060.629883 1680 320 ) (-2760 1680 320 ) 
4 250 256 (-3060.629883 2048 320 ) (-2048 2048 320 ) (-2048 1680 320 ) (-3060.629883 1680 320 ) 
4 250 259 (-3072 1640 320 ) (-3072 2048 320 ) (-3060.629883 2048 320 ) (-3060.629883 1640 320 ) 
4 250 254 (-3060.629883 1640 320 ) (-2688 1640 320 ) (-2688 1640 704 ) (-3060.629883 1640 704 ) 
4 250 255 (-3072 1640 320 ) (-3060.629883 1640 320 ) (-3060.629883 1640 704 ) (-3072 1640 704 ) 
4 251 253 (-2240 1056 448 ) (-2240 1056 704 ) (-2240 1400 704 ) (-2240 1400 448 ) 
4 251 252 (-2240 1056 704 ) (-2240 1056 438.911682 ) (-2232.629883 1056 436.594818 ) (-2232.629883 1056 704 ) 
4 252 348 (-2048 1024 377.029083 ) (-2048 1024 704 ) (-2240 1024 704 ) (-2240 1024 437.387451 ) 
4 252 253 (-2240 1024 448 ) (-2240 1024 704 ) (-2240 1056 704 ) (-2240 1056 448 ) 
4 253 351 (-2240 1024 704 ) (-2680 1024 704 ) (-2680 1024 448 ) (-2240 1024 448 ) 
4 254 257 (-3060.629883 1600 320 ) (-3060.629883 1640 320 ) (-2760 1640 320 ) (-2760 1600 320 ) 
4 254 255 (-3060.629883 1640 704 ) (-3060.629883 1640 320 ) (-3060.629883 1600 320 ) (-3060.629883 1600 704 ) 
4 255 355 (-3060.629883 1024 704 ) (-3072 1024 704 ) (-3072 1024 320 ) (-3060.629883 1024 320 ) 
4 255 261 (-3072 1640 320 ) (-3072 1024 320 ) (-3072 1024 704 ) (-3072 1640 704 ) 
4 255 259 (-3060.629883 1024 320 ) (-3072 1024 320 ) (-3072 1640 320 ) (-3060.629883 1640 320 ) 
4 256 260 (-3060.629883 2048 0 ) (-2048 2048 0 ) (-2048 1680 0 ) (-3060.629883 1680 0 ) 
4 256 257 (-3060.629883 1680 320 ) (-3060.629883 1680 0 ) (-2760 1680 0 ) (-2760 1680 320 ) 
4 256 259 (-3060.629883 2048 0 ) (-3060.629883 1680 0 ) (-3060.629883 1680 320 ) (-3060.629883 2048 320 ) 
4 257 260 (-3060.629883 1600 0 ) (-3060.629883 1680 0 ) (-2760 1680 0 ) (-2760 1600 0 ) 
4 257 258 (-3060.629883 1600 113.142998 ) (-3060.629883 1600 0 ) (-2760 1600 0 ) (-2760 1600 113.142998 ) 
4 257 259 (-3060.629883 1680 0 ) (-3060.629883 1600 0 ) (-3060.629883 1600 320 ) (-3060.629883 1680 320 ) 
4 258 356 (-3060.629883 1024 113.142998 ) (-3060.629883 1024 0 ) (-2760 1024 0 ) (-2760 1024 113.142998 ) 
4 258 260 (-2760 1024 0 ) (-3060.629883 1024 0 ) (-3060.629883 1600 0 ) (-2760 1600 0 ) 
4 258 259 (-3060.629883 1600 0 ) (-3060.629883 1024 0 ) (-3060.629883 1024 113.142998 ) (-3060.629883 1600 113.142998 ) 
4 259 357 (-3060.629883 1024 320 ) (-3072 1024 320 ) (-3072 1024 0 ) (-3060.629883 1024 0 ) 
4 259 261 (-3072 2048 320 ) (-3072 2048 0 ) (-3072 1024 0 ) (-3072 1024 320 ) 
4 259 260 (-3072 2048 0 ) (-3060.629883 2048 0 ) (-3060.629883 1024 0 ) (-3072 1024 0 ) 
4 260 358 (-2048 1024 -256 ) (-2048 1024 0 ) (-3072 1024 0 ) (-3072 1024 -256 ) 
4 260 261 (-3072 2048 0 ) (-3072 2048 -256 ) (-3072 1024 -256 ) (-3072 1024 0 ) 
4 261 359 (-3072 1024 -256 ) (-3072 1024 960 ) (-4096 1024 960 ) (-4096 1024 -256 ) 
4 261 263 (-4096 1024 -256 ) (-4096 1024 960 ) (-4096 2048 960 ) (-4096 2048 -256 ) 
4 262 263 (-4096 2048 -256 ) (-4096 2048 960 ) (-4992 2048 960 ) (-4992 2048 -256 ) 
4 263 371 (-4096 1024 -256 ) (-4096 1024 960 ) (-4992 1024 960 ) (-4992 1024 -256 ) 
4 264 266 (5888 0 960 ) (5120 0 960 ) (5120 0 -256 ) (5888 0 -256 ) 
4 264 265 (5120 0 -256 ) (5120 0 960 ) (5120 1024 960 ) (5120 1024 -256 ) 
4 265 270 (4096 1024 960 ) (4096 1024 -256 ) (4096 0 -256 ) (4096 0 960 ) 
4 265 267 (5120 0 -256 ) (5120 0 960 ) (4096 0 960 ) (4096 0 -256 ) 
4 266 268 (5888 -1024 960 ) (5120 -1024 960 ) (5120 -1024 -256 ) (5888 -1024 -256 ) 
4 266 267 (5120 0 960 ) (5120 0 -256 ) (5120 -1024 -256 ) (5120 -1024 960 ) 
4 267 273 (4096 -1024 -256 ) (4096 -1024 960 ) (4096 0 960 ) (4096 0 -256 ) 
4 267 269 (5120 -1024 -256 ) (5120 -1024 960 ) (4096 -1024 960 ) (4096 -1024 -256 ) 
4 268 279 (5888 -2048 960 ) (5120 -2048 960 ) (5120 -2048 -256 ) (5888 -2048 -256 ) 
4 268 269 (5120 -1024 960 ) (5120 -1024 -256 ) (5120 -2048 -256 ) (5120 -2048 960 ) 
4 269 280 (5120 -2048 -256 ) (5120 -2048 960 ) (4096 -2048 960 ) (4096 -2048 -256 ) 
4 269 274 (4096 -2048 -256 ) (4096 -2048 960 ) (4096 -1024 960 ) (4096 -1024 -256 ) 
4 270 273 (4096 0 -256 ) (4096 0 960 ) (3072 0 960 ) (3072 0 -256 ) 
4 270 271 (3072 1024 960 ) (3072 1024 -256 ) (3072 0 -256 ) (3072 0 960 ) 
4 271 275 (3072 0 -256 ) (3072 0 960 ) (2048 0 960 ) (2048 0 -256 ) 
4 271 272 (2048 0 -256 ) (2048 0 960 ) (2048 1024 960 ) (2048 1024 -256 ) 
4 272 297 (1024 1024 0 ) (1024 1024 -256 ) (1024 0 -256 ) (1024 0 0 ) 
4 272 295 (1024 1024 704 ) (1024 1024 0 ) (1024 0 0 ) (1024 0 704 ) 
4 272 294 (1024 1024 960 ) (1024 1024 704 ) (1024 0 704 ) (1024 0 960 ) 
4 272 276 (2048 0 -256 ) (2048 0 960 ) (1024 0 960 ) (1024 0 -256 ) 
4 273 275 (3072 0 960 ) (3072 0 -256 ) (3072 -1024 -256 ) (3072 -1024 960 ) 
4 273 274 (4096 -1024 -256 ) (4096 -1024 960 ) (3072 -1024 960 ) (3072 -1024 -256 ) 
4 274 285 (4096 -2048 -256 ) (4096 -2048 960 ) (3072 -2048 960 ) (3072 -2048 -256 ) 
4 274 277 (3072 -2048 -256 ) (3072 -2048 960 ) (3072 -1024 960 ) (3072 -1024 -256 ) 
4 275 277 (3072 -1024 -256 ) (3072 -1024 960 ) (2048 -1024 960 ) (2048 -1024 -256 ) 
4 275 276 (2048 0 960 ) (2048 0 -256 ) (2048 -1024 -256 ) (2048 -1024 960 ) 
4 276 327 (1024 -1024 -256 ) (1024 -1024 0 ) (1024 0 0 ) (1024 0 -256 ) 
4 276 323 (1024 -640 704 ) (1024 0 704 ) (1024 0 0 ) (1024 -640 0 ) 
4 276 326 (1024 -1024 0 ) (1024 -1024 704 ) (1024 -640 704 ) (1024 -640 0 ) 
4 276 322 (1024 -1024 704 ) (1024 -1024 960 ) (1024 0 960 ) (1024 0 704 ) 
4 276 278 (2048 -1024 -256 ) (2048 -1024 960 ) (1024 -1024 960 ) (1024 -1024 -256 ) 
4 277 287 (3072 -2048 -256 ) (3072 -2048 960 ) (2048 -2048 960 ) (2048 -2048 -256 ) 
4 277 278 (2048 -1024 960 ) (2048 -1024 -256 ) (2048 -2048 -256 ) (2048 -2048 960 ) 
4 278 328 (1024 -2048 -256 ) (1024 -2048 960 ) (1024 -1024 960 ) (1024 -1024 -256 ) 
4 278 288 (2048 -2048 -256 ) (2048 -2048 960 ) (1024 -2048 960 ) (1024 -2048 -256 ) 
4 279 281 (5888 -3072 960 ) (5120 -3072 960 ) (5120 -3072 -256 ) (5888 -3072 -256 ) 
4 279 280 (5120 -2048 960 ) (5120 -2048 -256 ) (5120 -3072 -256 ) (5120 -3072 960 ) 
4 280 285 (4096 -2048 960 ) (4096 -2048 -256 ) (4096 -3072 -256 ) (4096 -3072 960 ) 
4 280 282 (5120 -3072 -256 ) (5120 -3072 960 ) (4096 -3072 960 ) (4096 -3072 -256 ) 
4 281 283 (5888 -4096 960 ) (5120 -4096 960 ) (5120 -4096 -256 ) (5888 -4096 -256 ) 
4 281 282 (5120 -3072 960 ) (5120 -3072 -256 ) (5120 -4096 -256 ) (5120 -4096 960 ) 
4 282 286 (4096 -4096 -256 ) (4096 -4096 960 ) (4096 -3072 960 ) (4096 -3072 -256 ) 
4 282 284 (5120 -4096 -256 ) (5120 -4096 960 ) (4096 -4096 960 ) (4096 -4096 -256 ) 
4 283 284 (5120 -4096 960 ) (5120 -4096 -256 ) (5120 -4928 -256 ) (5120 -4928 960 ) 
4 284 291 (4096 -4928 960 ) (4096 -4096 960 ) (4096 -4096 -256 ) (4096 -4928 -256 ) 
4 285 287 (3072 -2048 960 ) (3072 -2048 -256 ) (3072 -3072 -256 ) (3072 -3072 960 ) 
4 285 286 (4096 -3072 -256 ) (4096 -3072 960 ) (3072 -3072 960 ) (3072 -3072 -256 ) 
4 286 291 (4096 -4096 -256 ) (4096 -4096 960 ) (3072 -4096 960 ) (3072 -4096 -256 ) 
4 286 289 (3072 -4096 -256 ) (3072 -4096 960 ) (3072 -3072 960 ) (3072 -3072 -256 ) 
4 287 289 (3072 -3072 -256 ) (3072 -3072 960 ) (2048 -3072 960 ) (2048 -3072 -256 ) 
4 287 288 (2048 -2048 960 ) (2048 -2048 -256 ) (2048 -3072 -256 ) (2048 -3072 960 ) 
4 288 374 (1024 -3072 -256 ) (1024 -3072 960 ) (1024 -2048 960 ) (1024 -2048 -256 ) 
4 288 290 (2048 -3072 -256 ) (2048 -3072 960 ) (1024 -3072 960 ) (1024 -3072 -256 ) 
4 289 292 (3072 -4096 -256 ) (3072 -4096 960 ) (2048 -4096 960 ) (2048 -4096 -256 ) 
4 289 290 (2048 -3072 960 ) (2048 -3072 -256 ) (2048 -4096 -256 ) (2048 -4096 960 ) 
4 290 375 (1024 -4096 -256 ) (1024 -4096 960 ) (1024 -3072 960 ) (1024 -3072 -256 ) 
4 290 293 (2048 -4096 -256 ) (2048 -4096 960 ) (1024 -4096 960 ) (1024 -4096 -256 ) 
4 291 292 (3072 -4096 960 ) (3072 -4096 -256 ) (3072 -4928 -256 ) (3072 -4928 960 ) 
4 292 293 (2048 -4096 960 ) (2048 -4096 -256 ) (2048 -4928 -256 ) (2048 -4928 960 ) 
4 293 380 (1024 -4928 960 ) (1024 -4096 960 ) (1024 -4096 -256 ) (1024 -4928 -256 ) 
4 294 322 (1024 0 704 ) (1024 0 960 ) (384 0 960 ) (384 0 704 ) 
4 294 296 (384 1024 960 ) (384 1024 704 ) (384 0 704 ) (384 0 960 ) 
4 294 295 (1024 0 704 ) (768 0 704 ) (768 1024 704 ) (1024 1024 704 ) 
4 295 323 (1024 0 0 ) (1024 0 704 ) (768 0 704 ) (768 0 0 ) 
4 295 297 (1024 0 0 ) (768 0 0 ) (768 1024 0 ) (1024 1024 0 ) 
4 296 325 (0 0 704 ) (0 0 128 ) (384 0 128 ) (384 0 704 ) 
4 296 322 (0 0 960 ) (0 0 704 ) (384 0 704 ) (384 0 960 ) 
4 296 305 (0 32 128 ) (0 0 128 ) (0 0 320 ) (0 32 320 ) 
4 296 303 (0 1024 320 ) (0 1024 128 ) (0 32 128 ) (0 32 320 ) 
4 296 298 (0 1024 960 ) (0 1024 320 ) (0 0 320 ) (0 0 960 ) 
4 297 327 (1024 0 -256 ) (1024 0 0 ) (0 0 0 ) (0 0 -256 ) 
4 297 307 (0 1024 0 ) (0 1024 -256 ) (0 0 -256 ) (0 0 0 ) 
5 298 329 (0 0 320 ) (0 0 960 ) (-678.707947 0 960 ) (-678.707886 0 482.030518 ) (-605.725037 0 320 ) 
4 298 306 (-128 0 320 ) (-512 0 320 ) (-512 32 320 ) (-128 32 320 ) 
4 298 305 (0 0 320 ) (-128 0 320 ) (-128 32 320 ) (0 32 320 ) 
4 298 304 (-512 32 320 ) (-512 352 320 ) (-96 352 320 ) (-96 32 320 ) 
4 298 303 (-96 1024 320 ) (0 1024 320 ) (0 32 320 ) (-96 32 320 ) 
5 298 302 (-694.084839 75.578720 456.324951 ) (-678.707886 0 482.030487 ) (-678.707886 0 960 ) (-702.245911 115.691017 960 ) (-702.245972 115.691040 464 ) 
5 298 300 (-887.046997 1024 320 ) (-775.633911 476.397461 320 ) (-702.245972 115.691040 442.682098 ) (-702.245911 115.691017 960 ) (-887.046997 1024 960 ) 
4 298 299 (-678.706909 0 482.032806 ) (-775.634277 476.404053 320 ) (-636.235962 85.553345 320 ) (-613.191589 0 336.580933 ) 
3 299 331 (-678.707886 0 482.030518 ) (-678.707886 0 343.185974 ) (-613.193604 0 336.581146 ) 
3 299 302 (-678.707886 0 441.863525 ) (-678.707886 0 482.030487 ) (-694.084839 75.578705 456.324951 ) 
3 299 300 (-775.633911 476.397461 320 ) (-702.245972 115.691010 320 ) (-702.245972 115.691010 442.682098 ) 
4 300 309 (-1024 352.115082 960 ) (-1024 1024 960 ) (-1024 1024 320 ) (-1024 352.115051 320 ) 
4 300 308 (-1024 50.229362 960 ) (-1024 352.115082 960 ) (-1024 352.115051 320 ) (-1024 50.229370 320 ) 
4 300 302 (-702.249939 115.690437 464 ) (-702.250000 115.690430 960 ) (-1015.820068 51.893841 960 ) (-1015.820007 51.893764 480 ) 
4 300 301 (-1024 50.229492 320 ) (-1015.820007 51.893738 320 ) (-1015.820068 51.893841 960 ) (-1024 50.229607 960 ) 
4 301 332 (-1024 0 960 ) (-1024 0 320 ) (-1005.262329 0 320 ) (-1005.262329 0 960 ) 
4 301 308 (-1024 0 320 ) (-1024 0 960 ) (-1024 50.229362 960 ) (-1024 50.229370 320 ) 
4 301 302 (-1015.820801 51.896469 480 ) (-1015.820801 51.896454 960 ) (-1005.262573 0 960 ) (-1005.262695 0 470.070679 ) 
4 302 334 (-678.707886 0 441.863525 ) (-678.707947 0 960 ) (-1005.262329 0 960 ) (-1005.262329 0 470.070679 ) 
4 303 305 (-96 32 128 ) (0 32 128 ) (0 32 320 ) (-96 32 320 ) 
4 303 304 (-96 352 128 ) (-96 32 128 ) (-96 32 320 ) (-96 352 320 ) 
4 304 306 (-512 32 320 ) (-462.769043 32 287.179352 ) (-128 32 261.817993 ) (-128 32 320 ) 
4 304 305 (-128 32 128 ) (-96 32 128 ) (-96 32 320 ) (-128 32 320 ) 
4 305 335 (0 0 128 ) (0 0 320 ) (-128 0 320 ) (-128 0 128 ) 
4 305 306 (-128 32 320 ) (-128 32 261.817993 ) (-128 0 264.055756 ) (-128 0 320 ) 
4 306 336 (-128 0 320 ) (-512 0 320 ) (-512 0 293.146759 ) (-128 0 264.055756 ) 
4 307 340 (0 0 -256 ) (0 0 0 ) (-1024 0 0 ) (-1024 0 -256 ) 
4 307 321 (-1024 0 -256 ) (-1024 0 0 ) (-1024 1024 0 ) (-1024 1024 -256 ) 
4 308 350 (-2048 468.786133 320 ) (-2048 0 320 ) (-2048 0 960 ) (-2048 468.786102 960 ) 
4 308 341 (-1024 0 320 ) (-1024 0 960 ) (-2048 0 960 ) (-2048 0 320 ) 
4 308 320 (-2016 465.139862 320 ) (-2048 468.785828 320 ) (-2048 468.785767 576 ) (-2016 465.139801 576 ) 
4 308 313 (-1731.270020 432.698639 464 ) (-1731.270020 432.698639 576 ) (-1413.329956 396.473633 576 ) (-1413.329956 396.473633 480 ) 
4 308 311 (-1731.270020 432.698669 320 ) (-2016 465.139862 320 ) (-2016 465.139801 576 ) (-1731.270020 432.698639 576 ) 
4 308 310 (-2048 468.785767 576 ) (-2048 468.785645 960 ) (-1413.329956 396.473602 960 ) (-1413.329956 396.473633 576 ) 
4 308 309 (-1024 352.114746 320 ) (-1413.329956 396.473663 320 ) (-1413.329956 396.473602 960 ) (-1024 352.114746 960 ) 
4 309 317 (-1341.832031 1024 320 ) (-1376.051147 723.664551 320 ) (-1381.033325 679.936462 576 ) (-1341.832153 1024 576 ) 
4 309 316 (-1376.051147 723.664551 320 ) (-1384.349854 650.828003 320 ) (-1384.349854 650.827942 415.995789 ) (-1378.129395 705.423584 426.789246 ) 
4 309 313 (-1413.330078 396.472656 480 ) (-1413.330078 396.472656 576 ) (-1384.349854 650.828003 576 ) (-1384.349854 650.827942 432 ) 
4 309 312 (-1384.349854 650.828003 576 ) (-1381.033325 679.936462 576 ) (-1378.129395 705.423584 426.789246 ) (-1384.349854 650.827942 415.995789 ) 
4 309 310 (-1413.330078 396.472656 576 ) (-1413.330078 396.472656 960 ) (-1341.832397 1024 960 ) (-1341.832153 1024 576 ) 
4 310 349 (-2048 800 576 ) (-2048 608 576 ) (-2048 608 960 ) (-2048 800 960 ) 
4 310 350 (-2048 608 576 ) (-2048 468.786133 576 ) (-2048 468.786102 960 ) (-2048 608 960 ) 
4 310 348 (-2048 1024 960 ) (-2048 1024 576 ) (-2048 800 576 ) (-2048 800 960 ) 
4 310 320 (-2016 465.138641 576 ) (-2048 468.784607 576 ) (-2048 608 576 ) (-2016 608 576 ) 
4 310 319 (-2048 800 576 ) (-2048 1024 576 ) (-2016 1024 576 ) (-2016 800 576 ) 
4 310 317 (-1341.833496 1024 576 ) (-1381.034790 679.936646 576 ) (-2016 764.060852 576 ) (-2016 1024 576 ) 
4 310 313 (-1384.351318 650.828125 576 ) (-1413.331543 396.472656 576 ) (-1731.270264 432.697510 576 ) (-1702.290039 687.052979 576 ) 
4 310 312 (-1381.034790 679.936646 576 ) (-1384.351318 650.828125 576 ) (-1702.290039 687.052979 576 ) (-1698.311523 721.971497 576 ) 
4 310 311 (-1731.270264 432.697510 576 ) (-2016 465.138641 576 ) (-2016 764.060852 576 ) (-1698.311523 721.971497 576 ) 
4 311 320 (-2016 608 320 ) (-2016 465.140137 320 ) (-2016 465.140137 576 ) (-2016 608 576 ) 
3 311 318 (-2016 800 368.728516 ) (-2016 805 339.895935 ) (-2016 800 339.001099 ) 
5 311 317 (-2016 802.138550 356.401581 ) (-2016 764.062500 576 ) (-1698.311523 721.973083 576 ) (-1694.568604 754.823120 383.682831 ) (-1979.666260 799.328552 344.845642 ) 
3 311 315 (-1784.730957 481.740479 320 ) (-1992.633789 672.420959 320 ) (-1773.830811 695.204773 359.998199 ) 
5 311 314 (-2016 693.851563 320 ) (-2016 804.998047 339.894531 ) (-1694.568970 754.820618 383.681183 ) (-1700.491211 702.841553 373.405029 ) (-1992.633789 672.420959 320 ) 
4 311 313 (-1702.290039 687.052917 416 ) (-1702.290039 687.052979 576 ) (-1731.270020 432.699005 576 ) (-1731.270020 432.699005 464 ) 
4 311 312 (-1702.290039 687.052917 370.282990 ) (-1694.569336 754.816406 383.679688 ) (-1698.312256 721.965576 576 ) (-1702.290039 687.052979 576 ) 
4 312 317 (-1698.311523 721.973083 576 ) (-1381.033325 679.938049 576 ) (-1378.129395 705.425171 426.789490 ) (-1694.568604 754.823120 383.682831 ) 
5 312 316 (-1497.199951 724.010071 410.567596 ) (-1378.129761 705.422424 426.787842 ) (-1384.349976 650.827942 415.994629 ) (-1702.290161 687.052917 370.283630 ) (-1700.491211 702.841553 373.405029 ) 
3 312 314 (-1694.568970 754.820618 383.681183 ) (-1497.199951 724.010071 410.567596 ) (-1700.491211 702.841553 373.405029 ) 
4 312 313 (-1702.289063 687.052490 576 ) (-1702.289063 687.052490 416 ) (-1384.349854 650.827637 432 ) (-1384.349854 650.827637 576 ) 
4 314 318 (-2016 808.449097 320 ) (-2016 800 320 ) (-2016 800 339.001099 ) (-2016 805 339.895935 ) 
4 314 317 (-1979.666260 799.328552 344.845642 ) (-1497.185913 724.010559 410.571106 ) (-1681.023682 764.070679 320 ) (-1901.547852 793.286926 320 ) 
4 314 316 (-1497.195313 724.010742 410.572266 ) (-1700.489502 702.841919 373.409119 ) (-1693.949219 760.272888 320 ) (-1681.034912 764.071228 320 ) 
3 314 315 (-1773.829102 695.205139 360.002319 ) (-1992.654663 672.419067 320 ) (-1791.835815 731.482971 320 ) 
4 316 317 (-1497.185913 724.010559 410.571106 ) (-1378.129395 705.425171 426.789490 ) (-1376.051147 723.666199 320 ) (-1681.023682 764.070679 320 ) 
5 317 319 (-2016 802.137390 356.401489 ) (-2016 800 368.728455 ) (-2016 800 576 ) (-2016 1024 576 ) (-2016 1024 366.969360 ) 
3 318 347 (-2048 812.688599 320 ) (-2048 800 320 ) (-2048 800 393.179138 ) 
4 318 319 (-2048 800 393.181152 ) (-2016 800 368.730469 ) (-2016 802.137756 356.401550 ) (-2048 804.612549 366.579163 ) 
5 319 348 (-2048 1024 576 ) (-2048 1024 377.029083 ) (-2048 804.612183 366.579132 ) (-2048 800 393.179138 ) (-2048 800 576 ) 
4 320 350 (-2048 608 320 ) (-2048 468.786133 320 ) (-2048 468.786133 576 ) (-2048 608 576 ) 
4 321 358 (-2048 1024 0 ) (-2048 1024 -256 ) (-2048 0 -256 ) (-2048 0 0 ) 
4 321 344 (-1024 0 -256 ) (-1024 0 0 ) (-2048 0 0 ) (-2048 0 -256 ) 
4 322 338 (0 -354.564026 704 ) (0 -1024 704 ) (0 -1024 960 ) (0 -354.564026 960 ) 
4 322 329 (0 0 960 ) (0 0 704 ) (0 -354.564026 704 ) (0 -354.564026 960 ) 
4 322 328 (1024 -1024 704 ) (1024 -1024 960 ) (0 -1024 960 ) (0 -1024 704 ) 
4 322 325 (0 -354.564026 704 ) (0 0 704 ) (384 0 704 ) (384 -354.564026 704 ) 
4 322 324 (768 -448 704 ) (768 -640 704 ) (512 -640 704 ) (512 -448 704 ) 
4 322 323 (768 0 704 ) (1024 0 704 ) (1024 -640 704 ) (768 -640 704 ) 
4 322 326 (1024 -1024 704 ) (0 -1024 704 ) (0 -640 704 ) (1024 -640 704 ) 
4 323 327 (768 0 0 ) (1024 0 0 ) (1024 -640 0 ) (768 -640 0 ) 
4 323 324 (768 -448 0 ) (768 -640 0 ) (768 -640 704 ) (768 -448 704 ) 
4 323 326 (768 -640 0 ) (1024 -640 0 ) (1024 -640 704 ) (768 -640 704 ) 
4 324 327 (768 -448 0 ) (768 -640 0 ) (512 -640 0 ) (512 -448 0 ) 
4 324 326 (512 -640 0 ) (768 -640 0 ) (768 -640 704 ) (512 -640 704 ) 
4 325 335 (0 0 320 ) (0 0 128 ) (0 -354.564026 128 ) (0 -354.564026 320 ) 
4 325 329 (0 0 704 ) (0 0 320 ) (0 -354.564026 320 ) (0 -354.564026 704 ) 
4 326 339 (0 -640 0 ) (0 -1024 0 ) (0 -1024 704 ) (0 -640 704 ) 
4 326 328 (1024 -1024 0 ) (1024 -1024 704 ) (0 -1024 704 ) (0 -1024 0 ) 
4 326 327 (0 -1024 0 ) (0 -640 0 ) (1024 -640 0 ) (1024 -1024 0 ) 
4 327 340 (0 0 0 ) (0 0 -256 ) (0 -1024 -256 ) (0 -1024 0 ) 
4 327 328 (1024 -1024 -256 ) (1024 -1024 0 ) (0 -1024 0 ) (0 -1024 -256 ) 
4 328 374 (1024 -2048 -256 ) (1024 -2048 960 ) (0 -2048 960 ) (0 -2048 -256 ) 
4 328 345 (0 -2048 -256 ) (0 -2048 960 ) (0 -1024 960 ) (0 -1024 -256 ) 
4 329 338 (0 -354.564026 704 ) (0 -354.564026 960 ) (-606.569702 -354.564026 960 ) (-606.569702 -354.564026 704 ) 
5 329 337 (-128 -354.564026 320 ) (-479.268616 -354.564026 320 ) (-512 -262.790344 320 ) (-512 -208 320 ) (-128 -208 320 ) 
4 329 336 (-512 -208 320 ) (-512 0 320 ) (-128 0 320 ) (-128 -208 320 ) 
4 329 335 (0 -354.564026 320 ) (-128 -354.564026 320 ) (-128 0 320 ) (0 0 320 ) 
4 329 334 (-678.706543 0 960 ) (-678.706543 0 482.027527 ) (-651.205627 -135.168747 528 ) (-651.205627 -135.168747 960 ) 
4 329 333 (-651.205627 -135.168747 528 ) (-606.568359 -354.564026 602.620605 ) (-606.568359 -354.564026 960 ) (-651.205627 -135.168747 960 ) 
4 329 331 (-673.393616 -26.115479 490.915131 ) (-678.706970 0 482.032837 ) (-613.191589 0 336.580933 ) (-580.648621 -120.817192 359.996307 ) 
4 329 330 (-606.568726 -354.564026 602.625854 ) (-673.393616 -26.115479 490.915131 ) (-552.314575 -149.748993 320 ) (-479.266602 -354.564026 320 ) 
3 330 337 (-479.268616 -354.564026 320 ) (-512 -354.564026 320 ) (-512 -262.790314 320 ) 
4 330 334 (-651.205627 -135.168747 528 ) (-673.392395 -26.119446 490.911194 ) (-658.761780 -98.029831 423.106201 ) (-651.205627 -135.168762 416 ) 
5 330 333 (-636.514099 -207.378723 320 ) (-606.568359 -354.564026 320 ) (-606.568359 -354.564026 602.620605 ) (-651.205627 -135.168747 528 ) (-651.205627 -135.168762 388.087524 ) 
3 330 331 (-648.038574 -150.742538 373.402618 ) (-673.394409 -26.116364 490.913055 ) (-580.650940 -120.816475 359.996399 ) 
4 331 334 (-678.706543 0 482.027527 ) (-678.706543 0 441.863403 ) (-658.761780 -98.029823 423.106201 ) (-673.392395 -26.119446 490.911194 ) 
3 331 333 (-651.205627 -135.168747 370.280670 ) (-648.036987 -150.742859 373.402527 ) (-651.205627 -135.168747 388.087524 ) 
4 332 341 (-1024 0 960 ) (-1024 0 320 ) (-1024 -354.564026 320 ) (-1024 -354.564026 960 ) 
4 332 338 (-1024 -354.564026 960 ) (-1024 -354.564026 704 ) (-933.127197 -354.564026 704 ) (-933.127197 -354.564026 960 ) 
4 332 334 (-1005.263123 0 470.070709 ) (-1005.263000 0 960 ) (-964.783691 -198.967133 960 ) (-964.783752 -198.967163 432 ) 
4 332 333 (-933.127930 -354.564026 320 ) (-964.783752 -198.967163 320 ) (-964.783691 -198.967133 960 ) (-933.127930 -354.564026 960 ) 
4 333 338 (-606.569702 -354.564026 704 ) (-606.569702 -354.564026 960 ) (-933.127197 -354.564026 960 ) (-933.127197 -354.564026 704 ) 
4 333 334 (-964.783203 -198.967285 432 ) (-964.783203 -198.967285 960 ) (-651.206909 -135.169250 960 ) (-651.206909 -135.169250 416 ) 
4 335 337 (-128 -354.564026 290.908997 ) (-128 -354.564026 320 ) (-128 -208 320 ) (-128 -208 290.908997 ) 
4 335 336 (-128 -208 320 ) (-128 0 320 ) (-128 0 264.055756 ) (-128 -208 278.601257 ) 
5 336 337 (-512 -208 320 ) (-512 -208 307.690430 ) (-290.486023 -208 290.908997 ) (-128 -208 290.908997 ) (-128 -208 320 ) 
4 338 345 (0 -1024 704 ) (0 -1024 960 ) (-1024 -1024 960 ) (-1024 -1024 704 ) 
4 338 342 (-1024 -1024 704 ) (-1024 -1024 960 ) (-1024 -354.564026 960 ) (-1024 -354.564026 704 ) 
4 338 339 (0 -1024 704 ) (-1024 -1024 704 ) (-1024 -640 704 ) (0 -640 704 ) 
4 339 345 (0 -1024 0 ) (0 -1024 704 ) (-1024 -1024 704 ) (-1024 -1024 0 ) 
4 339 343 (-1024 -640 0 ) (-1024 -1024 0 ) (-1024 -1024 704 ) (-1024 -640 704 ) 
4 339 340 (0 -1024 0 ) (-1024 -1024 0 ) (-1024 -640 0 ) (0 -640 0 ) 
4 340 345 (0 -1024 -256 ) (0 -1024 0 ) (-1024 -1024 0 ) (-1024 -1024 -256 ) 
4 340 344 (-1024 0 0 ) (-1024 0 -256 ) (-1024 -1024 -256 ) (-1024 -1024 0 ) 
4 341 361 (-2048 0 704 ) (-2048 0 320 ) (-2048 -354.564026 320 ) (-2048 -354.564026 704 ) 
4 341 360 (-2048 0 960 ) (-2048 0 704 ) (-2048 -354.564026 704 ) (-2048 -354.564026 960 ) 
4 341 342 (-2048 -354.564026 960 ) (-2048 -354.564026 704 ) (-1024 -354.564026 704 ) (-1024 -354.564026 960 ) 
4 342 360 (-2048 -1024 704 ) (-2048 -1024 960 ) (-2048 -354.564026 960 ) (-2048 -354.564026 704 ) 
4 342 346 (-1024 -1024 704 ) (-1024 -1024 960 ) (-2048 -1024 960 ) (-2048 -1024 704 ) 
4 342 343 (-1024 -640 704 ) (-1024 -1024 704 ) (-2048 -1024 704 ) (-2048 -640 704 ) 
4 343 366 (-2048 -1024 0 ) (-2048 -1024 704 ) (-2048 -640 704 ) (-2048 -640 0 ) 
4 343 346 (-1024 -1024 0 ) (-1024 -1024 704 ) (-2048 -1024 704 ) (-2048 -1024 0 ) 
4 343 344 (-1024 -640 0 ) (-1024 -1024 0 ) (-2048 -1024 0 ) (-2048 -640 0 ) 
4 344 367 (-2048 -1024 -256 ) (-2048 -1024 0 ) (-2048 0 0 ) (-2048 0 -256 ) 
4 344 346 (-1024 -1024 -256 ) (-1024 -1024 0 ) (-2048 -1024 0 ) (-2048 -1024 -256 ) 
4 345 376 (0 -2048 -256 ) (0 -2048 960 ) (-1024 -2048 960 ) (-1024 -2048 -256 ) 
4 345 346 (-1024 -1024 960 ) (-1024 -1024 -256 ) (-1024 -2048 -256 ) (-1024 -2048 960 ) 
4 346 377 (-1024 -2048 -256 ) (-1024 -2048 960 ) (-2048 -2048 960 ) (-2048 -2048 -256 ) 
4 346 369 (-2048 -2048 -256 ) (-2048 -2048 960 ) (-2048 -1024 960 ) (-2048 -1024 -256 ) 
3 347 351 (-2240 800 448 ) (-2240 800 539.883911 ) (-2240 815.931885 448 ) 
4 347 348 (-2240 819.461487 427.644806 ) (-2240 800 539.885986 ) (-2048 800 393.181152 ) (-2048 804.612488 366.579163 ) 
5 348 351 (-2240 815.931885 448 ) (-2240 800 539.883911 ) (-2240 800 960 ) (-2240 1024 960 ) (-2240 1024 448 ) 
4 348 349 (-2048 800 960 ) (-2240 800 960 ) (-2240 800 576 ) (-2048 800 576 ) 
4 349 351 (-2240 608 576 ) (-2240 608 960 ) (-2240 800 960 ) (-2240 800 576 ) 
4 349 350 (-2048 608 960 ) (-2240 608 960 ) (-2240 608 576 ) (-2048 608 576 ) 
4 350 361 (-2048 0 320 ) (-2048 0 704 ) (-2240 0 704 ) (-2240 0 320 ) 
4 350 360 (-2048 0 704 ) (-2048 0 960 ) (-2240 0 960 ) (-2240 0 704 ) 
4 350 352 (-2240 320 576 ) (-2240 320 960 ) (-2240 608 960 ) (-2240 608 576 ) 
4 350 353 (-2240 320 320 ) (-2240 0 320 ) (-2240 0 960 ) (-2240 320 960 ) 
4 351 354 (-2680 1024 960 ) (-2680 1024 704 ) (-2680 608 704 ) (-2680 608 960 ) 
4 351 352 (-2680 608 960 ) (-2680 608 576 ) (-2240 608 576 ) (-2240 608 960 ) 
4 352 354 (-2680 320 704 ) (-2680 320 960 ) (-2680 608 960 ) (-2680 608 704 ) 
4 352 353 (-2240 320 576 ) (-2240 320 960 ) (-2680 320 960 ) (-2680 320 576 ) 
4 353 361 (-2680 0 704 ) (-2680 0 320 ) (-2240 0 320 ) (-2240 0 704 ) 
4 353 360 (-2680 0 960 ) (-2680 0 704 ) (-2240 0 704 ) (-2240 0 960 ) 
4 353 354 (-2680 0 704 ) (-2680 0 960 ) (-2680 320 960 ) (-2680 320 704 ) 
4 354 360 (-3072 0 960 ) (-3072 0 704 ) (-2680 0 704 ) (-2680 0 960 ) 
4 354 359 (-3072 0 704 ) (-3072 0 960 ) (-3072 1024 960 ) (-3072 1024 704 ) 
4 354 355 (-3072 0 704 ) (-3072 1024 704 ) (-3060.629883 1024 704 ) (-3060.629883 0 704 ) 
4 355 365 (-3072 0 704 ) (-3072 0 320 ) (-3060.629883 0 320 ) (-3060.629883 0 704 ) 
4 355 359 (-3072 0 320 ) (-3072 0 704 ) (-3072 1024 704 ) (-3072 1024 320 ) 
4 355 357 (-3060.629883 0 320 ) (-3072 0 320 ) (-3072 1024 320 ) (-3060.629883 1024 320 ) 
4 356 362 (-3060.629883 0 113.142998 ) (-3060.629883 0 0 ) (-2760 0 0 ) (-2760 0 113.142998 ) 
4 356 358 (-3060.629883 1024 0 ) (-2760 1024 0 ) (-2760 0 0 ) (-3060.629883 0 0 ) 
4 356 357 (-3060.629883 1024 0 ) (-3060.629883 0 0 ) (-3060.629883 0 113.142998 ) (-3060.629883 1024 113.142998 ) 
4 357 365 (-3060.629883 0 320 ) (-3072 0 320 ) (-3072 0 0 ) (-3060.629883 0 0 ) 
4 357 359 (-3072 0 0 ) (-3072 0 320 ) (-3072 1024 320 ) (-3072 1024 0 ) 
4 357 358 (-3072 0 0 ) (-3072 1024 0 ) (-3060.629883 1024 0 ) (-3060.629883 0 0 ) 
4 358 367 (-2048 0 -256 ) (-2048 0 0 ) (-3072 0 0 ) (-3072 0 -256 ) 
4 358 359 (-3072 0 -256 ) (-3072 0 0 ) (-3072 1024 0 ) (-3072 1024 -256 ) 
4 359 371 (-4096 0 -256 ) (-4096 0 960 ) (-4096 1024 960 ) (-4096 1024 -256 ) 
4 359 368 (-3072 0 -256 ) (-3072 0 960 ) (-4096 0 960 ) (-4096 0 -256 ) 
4 360 369 (-2048 -1024 704 ) (-2048 -1024 960 ) (-3072 -1024 960 ) (-3072 -1024 704 ) 
4 360 368 (-3072 -1024 704 ) (-3072 -1024 960 ) (-3072 0 960 ) (-3072 0 704 ) 
4 360 364 (-2864 -640 704 ) (-3060.629883 -640 704 ) (-3060.629883 -408 704 ) (-2864 -408 704 ) 
4 360 361 (-2680 0 704 ) (-2048 0 704 ) (-2048 -354.564026 704 ) (-2680 -354.564026 704 ) 
4 360 365 (-3072 -640 704 ) (-3072 0 704 ) (-3060.629883 0 704 ) (-3060.629883 -640 704 ) 
4 360 366 (-3072 -1024 704 ) (-3072 -640 704 ) (-2048 -640 704 ) (-2048 -1024 704 ) 
4 362 367 (-3060.629883 0 0 ) (-2760 0 0 ) (-2760 -354.564026 0 ) (-3060.629883 -354.564026 0 ) 
4 362 363 (-3060.629883 -354.564026 113.142998 ) (-3060.629883 -354.564026 0 ) (-2864 -354.564026 0 ) (-2864 -354.564026 113.142998 ) 
4 362 365 (-3060.629883 0 0 ) (-3060.629883 -354.564026 0 ) (-3060.629883 -354.564026 113.142998 ) (-3060.629883 0 113.142998 ) 
4 363 367 (-3060.629883 -408 0 ) (-3060.629883 -354.564026 0 ) (-2864 -354.564026 0 ) (-2864 -408 0 ) 
4 363 364 (-3060.629883 -408 113.142998 ) (-3060.629883 -408 0 ) (-2864 -408 0 ) (-2864 -408 113.142998 ) 
4 363 365 (-3060.629883 -354.564026 0 ) (-3060.629883 -408 0 ) (-3060.629883 -408 113.142998 ) (-3060.629883 -354.564026 113.142998 ) 
4 364 367 (-2864 -640 0 ) (-3060.629883 -640 0 ) (-3060.629883 -408 0 ) (-2864 -408 0 ) 
4 364 366 (-3060.629883 -640 0 ) (-2864 -640 0 ) (-2864 -640 704 ) (-3060.629883 -640 704 ) 
4 364 365 (-3060.629883 -408 0 ) (-3060.629883 -640 0 ) (-3060.629883 -640 704 ) (-3060.629883 -408 704 ) 
4 365 368 (-3072 -640 704 ) (-3072 0 704 ) (-3072 0 0 ) (-3072 -640 0 ) 
4 365 367 (-3072 -640 0 ) (-3072 0 0 ) (-3060.629883 0 0 ) (-3060.629883 -640 0 ) 
4 365 366 (-3072 -640 0 ) (-3060.629883 -640 0 ) (-3060.629883 -640 704 ) (-3072 -640 704 ) 
4 366 369 (-2048 -1024 0 ) (-2048 -1024 704 ) (-3072 -1024 704 ) (-3072 -1024 0 ) 
4 366 368 (-3072 -1024 0 ) (-3072 -1024 704 ) (-3072 -640 704 ) (-3072 -640 0 ) 
4 366 367 (-2048 -1024 0 ) (-3072 -1024 0 ) (-3072 -640 0 ) (-2048 -640 0 ) 
4 367 369 (-2048 -1024 -256 ) (-2048 -1024 0 ) (-3072 -1024 0 ) (-3072 -1024 -256 ) 
4 367 368 (-3072 -1024 -256 ) (-3072 -1024 0 ) (-3072 0 0 ) (-3072 0 -256 ) 
4 368 372 (-4096 -1024 -256 ) (-4096 -1024 960 ) (-4096 0 960 ) (-4096 0 -256 ) 
4 368 370 (-4096 -1024 960 ) (-4096 -1024 -256 ) (-3072 -1024 -256 ) (-3072 -1024 960 ) 
4 369 383 (-2048 -2048 -256 ) (-2048 -2048 960 ) (-3072 -2048 960 ) (-3072 -2048 -256 ) 
4 369 370 (-3072 -1024 960 ) (-3072 -1024 -256 ) (-3072 -2048 -256 ) (-3072 -2048 960 ) 
4 370 384 (-3072 -2048 -256 ) (-3072 -2048 960 ) (-4096 -2048 960 ) (-4096 -2048 -256 ) 
4 370 373 (-4096 -2048 -256 ) (-4096 -2048 960 ) (-4096 -1024 960 ) (-4096 -1024 -256 ) 
4 371 372 (-4096 0 -256 ) (-4096 0 960 ) (-4992 0 960 ) (-4992 0 -256 ) 
4 372 373 (-4096 -1024 -256 ) (-4096 -1024 960 ) (-4992 -1024 960 ) (-4992 -1024 -256 ) 
4 373 387 (-4096 -2048 -256 ) (-4096 -2048 960 ) (-4992 -2048 960 ) (-4992 -2048 -256 ) 
4 374 376 (0 -2048 960 ) (0 -2048 -256 ) (0 -3072 -256 ) (0 -3072 960 ) 
4 374 375 (1024 -3072 -256 ) (1024 -3072 960 ) (0 -3072 960 ) (0 -3072 -256 ) 
4 375 380 (1024 -4096 -256 ) (1024 -4096 960 ) (0 -4096 960 ) (0 -4096 -256 ) 
4 375 378 (0 -4096 -256 ) (0 -4096 960 ) (0 -3072 960 ) (0 -3072 -256 ) 
4 376 378 (0 -3072 -256 ) (0 -3072 960 ) (-1024 -3072 960 ) (-1024 -3072 -256 ) 
4 376 377 (-1024 -2048 960 ) (-1024 -2048 -256 ) (-1024 -3072 -256 ) (-1024 -3072 960 ) 
4 377 383 (-2048 -2048 960 ) (-2048 -2048 -256 ) (-2048 -3072 -256 ) (-2048 -3072 960 ) 
4 377 379 (-1024 -3072 -256 ) (-1024 -3072 960 ) (-2048 -3072 960 ) (-2048 -3072 -256 ) 
4 378 381 (0 -4096 -256 ) (0 -4096 960 ) (-1024 -4096 960 ) (-1024 -4096 -256 ) 
4 378 379 (-1024 -3072 960 ) (-1024 -3072 -256 ) (-1024 -4096 -256 ) (-1024 -4096 960 ) 
4 379 385 (-2048 -4096 -256 ) (-2048 -4096 960 ) (-2048 -3072 960 ) (-2048 -3072 -256 ) 
4 379 382 (-1024 -4096 -256 ) (-1024 -4096 960 ) (-2048 -4096 960 ) (-2048 -4096 -256 ) 
4 380 381 (0 -4096 960 ) (0 -4096 -256 ) (0 -4928 -256 ) (0 -4928 960 ) 
4 381 382 (-1024 -4096 960 ) (-1024 -4096 -256 ) (-1024 -4928 -256 ) (-1024 -4928 960 ) 
4 382 389 (-2048 -4928 960 ) (-2048 -4096 960 ) (-2048 -4096 -256 ) (-2048 -4928 -256 ) 
4 383 385 (-2048 -3072 -256 ) (-2048 -3072 960 ) (-3072 -3072 960 ) (-3072 -3072 -256 ) 
4 383 384 (-3072 -2048 960 ) (-3072 -2048 -256 ) (-3072 -3072 -256 ) (-3072 -3072 960 ) 
4 384 387 (-4096 -2048 960 ) (-4096 -2048 -256 ) (-4096 -3072 -256 ) (-4096 -3072 960 ) 
4 384 386 (-3072 -3072 -256 ) (-3072 -3072 960 ) (-4096 -3072 960 ) (-4096 -3072 -256 ) 
4 385 389 (-2048 -4096 -256 ) (-2048 -4096 960 ) (-3072 -4096 960 ) (-3072 -4096 -256 ) 
4 385 386 (-3072 -3072 960 ) (-3072 -3072 -256 ) (-3072 -4096 -256 ) (-3072 -4096 960 ) 
4 386 390 (-3072 -4096 -256 ) (-3072 -4096 960 ) (-4096 -4096 960 ) (-4096 -4096 -256 ) 
4 386 388 (-4096 -4096 -256 ) (-4096 -4096 960 ) (-4096 -3072 960 ) (-4096 -3072 -256 ) 
4 387 388 (-4096 -3072 -256 ) (-4096 -3072 960 ) (-4992 -3072 960 ) (-4992 -3072 -256 ) 
4 388 391 (-4096 -4096 -256 ) (-4096 -4096 960 ) (-4992 -4096 960 ) (-4992 -4096 -256 ) 
4 389 390 (-3072 -4096 960 ) (-3072 -4096 -256 ) (-3072 -4928 -256 ) (-3072 -4928 960 ) 
4 390 391 (-4096 -4096 960 ) (-4096 -4096 -256 ) (-4096 -4928 -256 ) (-4096 -4928 960 ) 
