PRT1
423
1151
4 0 2 (5888 6144 960 ) (5120 6144 960 ) (5120 6144 -256 ) (5888 6144 -256 ) 
4 0 1 (5120 6144 -256 ) (5120 6144 960 ) (5120 6464 960 ) (5120 6464 -256 ) 
4 1 4 (4096 6144 -256 ) (4096 6144 960 ) (4096 6464 960 ) (4096 6464 -256 ) 
4 1 3 (5120 6144 -256 ) (5120 6144 960 ) (4096 6144 960 ) (4096 6144 -256 ) 
4 2 10 (5888 5120 960 ) (5120 5120 960 ) (5120 5120 -256 ) (5888 5120 -256 ) 
4 2 3 (5120 6144 960 ) (5120 6144 -256 ) (5120 5120 -256 ) (5120 5120 960 ) 
4 3 11 (5120 5120 -256 ) (5120 5120 960 ) (4096 5120 960 ) (4096 5120 -256 ) 
4 3 5 (4096 5120 -256 ) (4096 5120 960 ) (4096 6144 960 ) (4096 6144 -256 ) 
4 4 6 (3072 6144 -256 ) (3072 6144 960 ) (3072 6464 960 ) (3072 6464 -256 ) 
4 4 5 (4096 6144 -256 ) (4096 6144 960 ) (3072 6144 960 ) (3072 6144 -256 ) 
4 5 18 (4096 5120 -256 ) (4096 5120 960 ) (3072 5120 960 ) (3072 5120 -256 ) 
4 5 8 (3072 5120 -256 ) (3072 5120 960 ) (3072 6144 960 ) (3072 6144 -256 ) 
4 6 8 (3072 6144 -256 ) (3072 6144 960 ) (2048 6144 960 ) (2048 6144 -256 ) 
4 6 7 (2048 6144 -256 ) (2048 6144 960 ) (2048 6464 960 ) (2048 6464 -256 ) 
4 7 30 (1024 6144 -256 ) (1024 6144 960 ) (1024 6464 960 ) (1024 6464 -256 ) 
4 7 9 (2048 6144 -256 ) (2048 6144 960 ) (1024 6144 960 ) (1024 6144 -256 ) 
4 8 20 (3072 5120 -256 ) (3072 5120 960 ) (2048 5120 960 ) (2048 5120 -256 ) 
4 8 9 (2048 6144 960 ) (2048 6144 -256 ) (2048 5120 -256 ) (2048 5120 960 ) 
4 9 31 (1024 5120 -256 ) (1024 5120 960 ) (1024 6144 960 ) (1024 6144 -256 ) 
4 9 21 (2048 5120 -256 ) (2048 5120 960 ) (1024 5120 960 ) (1024 5120 -256 ) 
4 10 12 (5888 4096 960 ) (5120 4096 960 ) (5120 4096 -256 ) (5888 4096 -256 ) 
4 10 11 (5120 5120 960 ) (5120 5120 -256 ) (5120 4096 -256 ) (5120 4096 960 ) 
4 11 18 (4096 5120 960 ) (4096 5120 -256 ) (4096 4096 -256 ) (4096 4096 960 ) 
4 11 13 (5120 4096 -256 ) (5120 4096 960 ) (4096 4096 960 ) (4096 4096 -256 ) 
4 12 14 (5888 3072 960 ) (5120 3072 960 ) (5120 3072 -256 ) (5888 3072 -256 ) 
4 12 13 (5120 4096 960 ) (5120 4096 -256 ) (5120 3072 -256 ) (5120 3072 960 ) 
4 13 19 (4096 3072 -256 ) (4096 3072 960 ) (4096 4096 960 ) (4096 4096 -256 ) 
4 13 15 (5120 3072 -256 ) (5120 3072 960 ) (4096 3072 960 ) (4096 3072 -256 ) 
4 14 16 (5888 2048 960 ) (5120 2048 960 ) (5120 2048 -256 ) (5888 2048 -256 ) 
4 14 15 (5120 3072 960 ) (5120 3072 -256 ) (5120 2048 -256 ) (5120 2048 960 ) 
4 15 24 (4096 2048 -256 ) (4096 2048 960 ) (4096 3072 960 ) (4096 3072 -256 ) 
4 15 17 (5120 2048 -256 ) (5120 2048 960 ) (4096 2048 960 ) (4096 2048 -256 ) 
4 16 295 (5888 1024 960 ) (5120 1024 960 ) (5120 1024 -256 ) (5888 1024 -256 ) 
4 16 17 (5120 2048 960 ) (5120 2048 -256 ) (5120 1024 -256 ) (5120 1024 960 ) 
4 17 296 (5120 1024 -256 ) (5120 1024 960 ) (4096 1024 960 ) (4096 1024 -256 ) 
4 17 25 (4096 1024 -256 ) (4096 1024 960 ) (4096 2048 960 ) (4096 2048 -256 ) 
4 18 20 (3072 5120 960 ) (3072 5120 -256 ) (3072 4096 -256 ) (3072 4096 960 ) 
4 18 19 (4096 4096 -256 ) (4096 4096 960 ) (3072 4096 960 ) (3072 4096 -256 ) 
4 19 24 (4096 3072 -256 ) (4096 3072 960 ) (3072 3072 960 ) (3072 3072 -256 ) 
4 19 22 (3072 3072 -256 ) (3072 3072 960 ) (3072 4096 960 ) (3072 4096 -256 ) 
4 20 22 (3072 4096 -256 ) (3072 4096 960 ) (2048 4096 960 ) (2048 4096 -256 ) 
4 20 21 (2048 5120 960 ) (2048 5120 -256 ) (2048 4096 -256 ) (2048 4096 960 ) 
4 21 42 (1024 4096 -256 ) (1024 4096 960 ) (1024 5120 960 ) (1024 5120 -256 ) 
4 21 23 (2048 4096 -256 ) (2048 4096 960 ) (1024 4096 960 ) (1024 4096 -256 ) 
4 22 26 (3072 3072 -256 ) (3072 3072 960 ) (2048 3072 960 ) (2048 3072 -256 ) 
4 22 23 (2048 4096 960 ) (2048 4096 -256 ) (2048 3072 -256 ) (2048 3072 960 ) 
4 23 43 (1024 3072 -256 ) (1024 3072 960 ) (1024 4096 960 ) (1024 4096 -256 ) 
4 23 27 (2048 3072 -256 ) (2048 3072 960 ) (1024 3072 960 ) (1024 3072 -256 ) 
4 24 26 (3072 3072 960 ) (3072 3072 -256 ) (3072 2048 -256 ) (3072 2048 960 ) 
4 24 25 (4096 2048 -256 ) (4096 2048 960 ) (3072 2048 960 ) (3072 2048 -256 ) 
4 25 301 (4096 1024 -256 ) (4096 1024 960 ) (3072 1024 960 ) (3072 1024 -256 ) 
4 25 28 (3072 1024 -256 ) (3072 1024 960 ) (3072 2048 960 ) (3072 2048 -256 ) 
4 26 28 (3072 2048 -256 ) (3072 2048 960 ) (2048 2048 960 ) (2048 2048 -256 ) 
4 26 27 (2048 3072 960 ) (2048 3072 -256 ) (2048 2048 -256 ) (2048 2048 960 ) 
4 27 66 (1024 2048 -256 ) (1024 2048 306 ) (1024 3072 306 ) (1024 3072 -256 ) 
4 27 62 (1024 2048 306 ) (1024 2048 334 ) (1024 3072 334 ) (1024 3072 306 ) 
4 27 53 (1024 2048 334 ) (1024 2048 502 ) (1024 3072 502 ) (1024 3072 334 ) 
4 27 48 (1024 2048 502 ) (1024 2048 960 ) (1024 3072 960 ) (1024 3072 502 ) 
4 27 29 (2048 2048 -256 ) (2048 2048 960 ) (1024 2048 960 ) (1024 2048 -256 ) 
4 28 302 (3072 1024 -256 ) (3072 1024 960 ) (2048 1024 960 ) (2048 1024 -256 ) 
4 28 29 (2048 2048 960 ) (2048 2048 -256 ) (2048 1024 -256 ) (2048 1024 960 ) 
4 29 303 (2048 1024 -256 ) (2048 1024 960 ) (1024 1024 960 ) (1024 1024 -256 ) 
4 29 74 (1024 1024 -256 ) (1024 1024 0 ) (1024 2048 0 ) (1024 2048 -256 ) 
4 29 68 (1024 1024 0 ) (1024 1024 704 ) (1024 2048 704 ) (1024 2048 0 ) 
4 29 67 (1024 1024 704 ) (1024 1024 960 ) (1024 2048 960 ) (1024 2048 704 ) 
4 30 32 (0 6144 -256 ) (0 6144 960 ) (0 6464 960 ) (0 6464 -256 ) 
4 30 31 (1024 6144 -256 ) (1024 6144 960 ) (0 6144 960 ) (0 6144 -256 ) 
4 31 42 (1024 5120 -256 ) (1024 5120 960 ) (0 5120 960 ) (0 5120 -256 ) 
4 31 34 (0 5120 -256 ) (0 5120 960 ) (0 6144 960 ) (0 6144 -256 ) 
4 32 34 (0 6144 -256 ) (0 6144 960 ) (-1024 6144 960 ) (-1024 6144 -256 ) 
4 32 33 (-1024 6144 -256 ) (-1024 6144 960 ) (-1024 6464 960 ) (-1024 6464 -256 ) 
4 33 36 (-2048 6144 -256 ) (-2048 6144 960 ) (-2048 6464 960 ) (-2048 6464 -256 ) 
4 33 35 (-1024 6144 -256 ) (-1024 6144 960 ) (-2048 6144 960 ) (-2048 6144 -256 ) 
4 34 44 (0 5120 -256 ) (0 5120 960 ) (-1024 5120 960 ) (-1024 5120 -256 ) 
4 34 35 (-1024 6144 960 ) (-1024 6144 -256 ) (-1024 5120 -256 ) (-1024 5120 960 ) 
4 35 45 (-1024 5120 -256 ) (-1024 5120 960 ) (-2048 5120 960 ) (-2048 5120 -256 ) 
4 35 38 (-2048 5120 -256 ) (-2048 5120 960 ) (-2048 6144 960 ) (-2048 6144 -256 ) 
4 36 38 (-2048 6144 -256 ) (-2048 6144 960 ) (-3072 6144 960 ) (-3072 6144 -256 ) 
4 36 37 (-3072 6464 -256 ) (-3072 6144 -256 ) (-3072 6144 960 ) (-3072 6464 960 ) 
4 37 40 (-4096 6144 -256 ) (-4096 6144 960 ) (-4096 6464 960 ) (-4096 6464 -256 ) 
4 37 39 (-4096 6144 960 ) (-4096 6144 -256 ) (-3072 6144 -256 ) (-3072 6144 960 ) 
4 38 270 (-2048 5120 -256 ) (-2048 5120 960 ) (-3072 5120 960 ) (-3072 5120 -256 ) 
4 38 39 (-3072 6144 960 ) (-3072 6144 -256 ) (-3072 5120 -256 ) (-3072 5120 960 ) 
4 39 271 (-3072 5120 -256 ) (-3072 5120 960 ) (-4096 5120 960 ) (-4096 5120 -256 ) 
4 39 41 (-4096 5120 -256 ) (-4096 5120 960 ) (-4096 6144 960 ) (-4096 6144 -256 ) 
4 40 41 (-4096 6144 -256 ) (-4096 6144 960 ) (-4992 6144 960 ) (-4992 6144 -256 ) 
4 41 274 (-4096 5120 -256 ) (-4096 5120 960 ) (-4992 5120 960 ) (-4992 5120 -256 ) 
4 42 44 (0 5120 960 ) (0 5120 -256 ) (0 4096 -256 ) (0 4096 960 ) 
4 42 43 (1024 4096 -256 ) (1024 4096 960 ) (0 4096 960 ) (0 4096 -256 ) 
4 43 66 (1024 3072 -256 ) (1024 3072 306 ) (0 3072 306 ) (0 3072 -256 ) 
4 43 63 (576 3072 334 ) (288 3072 334 ) (288 3072 306 ) (576 3072 306 ) 
4 43 62 (1024 3072 306 ) (1024 3072 334 ) (576 3072 334 ) (576 3072 306 ) 
4 43 65 (288 3072 334 ) (0 3072 334 ) (0 3072 306 ) (288 3072 306 ) 
4 43 59 (310.149994 3072 502 ) (288 3072 502 ) (288 3072 334 ) (310.149994 3072 334 ) 
4 43 61 (288 3072 502 ) (0 3072 502 ) (0 3072 334 ) (288 3072 334 ) 
4 43 56 (553.849976 3072 502 ) (310.149994 3072 502 ) (310.149994 3072 334 ) (553.849976 3072 334 ) 
4 43 54 (576 3072 502 ) (553.849976 3072 502 ) (553.849976 3072 334 ) (576 3072 334 ) 
4 43 53 (1024 3072 334 ) (1024 3072 502 ) (576 3072 502 ) (576 3072 334 ) 
4 43 49 (576 3072 960 ) (288 3072 960 ) (288 3072 502 ) (576 3072 502 ) 
4 43 48 (1024 3072 502 ) (1024 3072 960 ) (576 3072 960 ) (576 3072 502 ) 
4 43 52 (288 3072 960 ) (0 3072 960 ) (0 3072 502 ) (288 3072 502 ) 
4 43 46 (0 3072 -256 ) (0 3072 960 ) (0 4096 960 ) (0 4096 -256 ) 
4 44 46 (0 4096 -256 ) (0 4096 960 ) (-1024 4096 960 ) (-1024 4096 -256 ) 
4 44 45 (-1024 5120 960 ) (-1024 5120 -256 ) (-1024 4096 -256 ) (-1024 4096 960 ) 
4 45 270 (-2048 5120 960 ) (-2048 5120 -256 ) (-2048 4096 -256 ) (-2048 4096 960 ) 
4 45 47 (-1024 4096 -256 ) (-1024 4096 960 ) (-2048 4096 960 ) (-2048 4096 -256 ) 
4 46 100 (0 3072 -256 ) (0 3072 960 ) (-1024 3072 960 ) (-1024 3072 -256 ) 
4 46 47 (-1024 4096 960 ) (-1024 4096 -256 ) (-1024 3072 -256 ) (-1024 3072 960 ) 
4 47 272 (-2048 3072 -256 ) (-2048 3072 960 ) (-2048 4096 960 ) (-2048 4096 -256 ) 
4 47 101 (-1024 3072 -256 ) (-1024 3072 960 ) (-2048 3072 960 ) (-2048 3072 -256 ) 
4 48 69 (768 2048 704 ) (576 2048 704 ) (576 2048 502 ) (768 2048 502 ) 
4 48 68 (1024 2048 502 ) (1024 2048 704 ) (768 2048 704 ) (768 2048 502 ) 
4 48 67 (1024 2048 704 ) (1024 2048 960 ) (576 2048 960 ) (576 2048 704 ) 
4 48 53 (576 3072 502 ) (1024 3072 502 ) (1024 2048 502 ) (576 2048 502 ) 
4 48 50 (576 2224 530 ) (576 2224 960 ) (576 2448 960 ) (576 2448 530 ) 
4 48 49 (576 3072 502 ) (576 2448 502 ) (576 2448 960 ) (576 3072 960 ) 
4 48 51 (576 2224 502 ) (576 2048 502 ) (576 2048 960 ) (576 2224 960 ) 
4 49 59 (288 3072 502 ) (310.149994 3072 502 ) (310.149994 2448 502 ) (288 2448 502 ) 
4 49 56 (310.149994 3072 502 ) (553.849976 3072 502 ) (553.849976 2448 502 ) (310.149994 2448 502 ) 
4 49 54 (553.849976 3072 502 ) (576 3072 502 ) (576 2448 502 ) (553.849976 2448 502 ) 
4 49 50 (288 2448 960 ) (288 2448 530 ) (576 2448 530 ) (576 2448 960 ) 
4 49 52 (288 3072 502 ) (288 2448 502 ) (288 2448 960 ) (288 3072 960 ) 
4 50 52 (288 2224 530 ) (288 2224 960 ) (288 2448 960 ) (288 2448 530 ) 
4 50 51 (288 2224 960 ) (288 2224 530 ) (576 2224 530 ) (576 2224 960 ) 
4 51 69 (288 2048 704 ) (288 2048 502 ) (576 2048 502 ) (576 2048 704 ) 
4 51 67 (576 2048 960 ) (288 2048 960 ) (288 2048 704 ) (576 2048 704 ) 
4 51 60 (310.149994 2048 502 ) (288 2048 502 ) (288 2224 502 ) (310.149994 2224 502 ) 
4 51 58 (553.849976 2048 502 ) (310.149994 2048 502 ) (310.149994 2224 502 ) (553.849976 2224 502 ) 
4 51 55 (576 2224 502 ) (576 2048 502 ) (553.849976 2048 502 ) (553.849976 2224 502 ) 
4 51 52 (288 2224 502 ) (288 2048 502 ) (288 2048 960 ) (288 2224 960 ) 
4 52 100 (0 3072 960 ) (0 3072 502 ) (0 2048 502 ) (0 2048 960 ) 
4 52 75 (48 2048 960 ) (0 2048 960 ) (0 2048 502 ) (48 2048 502 ) 
4 52 69 (48 2048 704 ) (48 2048 502 ) (288 2048 502 ) (288 2048 704 ) 
4 52 67 (288 2048 960 ) (48 2048 960 ) (48 2048 704 ) (288 2048 704 ) 
4 52 61 (0 2048 502 ) (0 3072 502 ) (288 3072 502 ) (288 2048 502 ) 
4 53 69 (768 2048 502 ) (576 2048 502 ) (576 2048 334 ) (768 2048 334 ) 
4 53 68 (1024 2048 334 ) (1024 2048 502 ) (768 2048 502 ) (768 2048 334 ) 
4 53 62 (1024 2048 334 ) (576 2048 334 ) (576 3072 334 ) (1024 3072 334 ) 
4 53 54 (576 3072 334 ) (576 2448 334 ) (576 2448 502 ) (576 3072 502 ) 
4 53 55 (576 2224 334 ) (576 2048 334 ) (576 2048 502 ) (576 2224 502 ) 
4 54 63 (553.849976 2448 334 ) (553.849976 3072 334 ) (576 3072 334 ) (576 2448 334 ) 
4 54 56 (553.849976 3072 334 ) (553.849976 2448 334 ) (553.849976 2448 502 ) (553.849976 3072 502 ) 
4 55 69 (576 2048 502 ) (553.849976 2048 502 ) (553.849976 2048 334 ) (576 2048 334 ) 
4 55 64 (576 2048 334 ) (553.849976 2048 334 ) (553.849976 2224 334 ) (576 2224 334 ) 
4 55 58 (553.849976 2224 334 ) (553.849976 2048 334 ) (553.849976 2048 502 ) (553.849976 2224 502 ) 
4 56 63 (310.149994 2448 334 ) (310.149994 3072 334 ) (553.849976 3072 334 ) (553.849976 2448 334 ) 
4 56 59 (310.149994 3072 334 ) (310.149994 2448 334 ) (310.149994 2448 502 ) (310.149994 3072 502 ) 
4 58 69 (553.849976 2048 502 ) (310.149994 2048 502 ) (310.149994 2048 334 ) (553.849976 2048 334 ) 
4 58 64 (553.849976 2048 334 ) (310.149994 2048 334 ) (310.149994 2224 334 ) (553.849976 2224 334 ) 
4 58 60 (310.149994 2224 334 ) (310.149994 2048 334 ) (310.149994 2048 502 ) (310.149994 2224 502 ) 
4 59 63 (288 2448 334 ) (288 3072 334 ) (310.149994 3072 334 ) (310.149994 2448 334 ) 
4 59 61 (288 3072 334 ) (288 2448 334 ) (288 2448 502 ) (288 3072 502 ) 
4 60 69 (310.149994 2048 502 ) (288 2048 502 ) (288 2048 334 ) (310.149994 2048 334 ) 
4 60 64 (310.149994 2048 334 ) (288 2048 334 ) (288 2224 334 ) (310.149994 2224 334 ) 
4 60 61 (288 2224 334 ) (288 2048 334 ) (288 2048 502 ) (288 2224 502 ) 
4 61 100 (0 3072 502 ) (0 3072 334 ) (0 2048 334 ) (0 2048 502 ) 
4 61 75 (48 2048 502 ) (0 2048 502 ) (0 2048 334 ) (48 2048 334 ) 
4 61 69 (288 2048 502 ) (48 2048 502 ) (48 2048 334 ) (288 2048 334 ) 
4 61 65 (288 2048 334 ) (0 2048 334 ) (0 3072 334 ) (288 3072 334 ) 
4 62 69 (768 2048 334 ) (576 2048 334 ) (576 2048 306 ) (768 2048 306 ) 
4 62 68 (1024 2048 306 ) (1024 2048 334 ) (768 2048 334 ) (768 2048 306 ) 
4 62 66 (576 3072 306 ) (1024 3072 306 ) (1024 2048 306 ) (576 2048 306 ) 
4 62 63 (576 3072 306 ) (576 2448 306 ) (576 2448 334 ) (576 3072 334 ) 
4 62 64 (576 2224 306 ) (576 2048 306 ) (576 2048 334 ) (576 2224 334 ) 
4 63 66 (288 3072 306 ) (576 3072 306 ) (576 2448 306 ) (288 2448 306 ) 
4 63 65 (288 3072 306 ) (288 2448 306 ) (288 2448 334 ) (288 3072 334 ) 
4 64 69 (576 2048 334 ) (288 2048 334 ) (288 2048 306 ) (576 2048 306 ) 
4 64 66 (576 2224 306 ) (576 2048 306 ) (288 2048 306 ) (288 2224 306 ) 
4 64 65 (288 2224 306 ) (288 2048 306 ) (288 2048 334 ) (288 2224 334 ) 
4 65 100 (0 3072 334 ) (0 3072 306 ) (0 2048 306 ) (0 2048 334 ) 
4 65 75 (48 2048 334 ) (0 2048 334 ) (0 2048 306 ) (48 2048 306 ) 
4 65 69 (288 2048 334 ) (48 2048 334 ) (48 2048 306 ) (288 2048 306 ) 
4 65 66 (0 2048 306 ) (0 3072 306 ) (288 3072 306 ) (288 2048 306 ) 
4 66 100 (0 3072 306 ) (0 3072 -256 ) (0 2048 -256 ) (0 2048 306 ) 
4 66 92 (0 2048 0 ) (0 2048 -256 ) (48 2048 -256 ) (48 2048 0 ) 
4 66 89 (0 2048 224 ) (0 2048 0 ) (48 2048 0 ) (48 2048 224 ) 
4 66 75 (48 2048 306 ) (0 2048 306 ) (0 2048 224 ) (48 2048 224 ) 
4 66 74 (1024 2048 -256 ) (1024 2048 0 ) (48 2048 0 ) (48 2048 -256 ) 
4 66 69 (768 2048 306 ) (48 2048 306 ) (48 2048 0 ) (768 2048 0 ) 
4 66 68 (1024 2048 0 ) (1024 2048 306 ) (768 2048 306 ) (768 2048 0 ) 
4 67 327 (384 1024 960 ) (48 1024 960 ) (48 1024 704 ) (384 1024 704 ) 
4 67 325 (1024 1024 704 ) (1024 1024 960 ) (384 1024 960 ) (384 1024 704 ) 
4 67 77 (48 1344 704 ) (48 1232 704 ) (48 1232 960 ) (48 1344 960 ) 
4 67 78 (48 1232 704 ) (48 1024 704 ) (48 1024 960 ) (48 1232 960 ) 
4 67 76 (48 1488 704 ) (48 1344 704 ) (48 1344 960 ) (48 1488 960 ) 
4 67 75 (48 2048 960 ) (48 2048 704 ) (48 1488 704 ) (48 1488 960 ) 
4 67 73 (384 1024 704 ) (48 1024 704 ) (48 1344 704 ) (384 1344 704 ) 
4 67 72 (48 1488 704 ) (48 1680 704 ) (512 1680 704 ) (512 1488 704 ) 
4 67 71 (512 1680 704 ) (704 1680 704 ) (704 1488 704 ) (512 1488 704 ) 
4 67 70 (704 1376 704 ) (704 1680 704 ) (768 1680 704 ) (768 1376 704 ) 
4 67 69 (48 1680 704 ) (48 2048 704 ) (768 2048 704 ) (768 1680 704 ) 
4 67 68 (1024 1024 704 ) (768 1024 704 ) (768 2048 704 ) (1024 2048 704 ) 
4 68 326 (1024 1024 0 ) (1024 1024 704 ) (768 1024 704 ) (768 1024 0 ) 
4 68 74 (768 2048 0 ) (1024 2048 0 ) (1024 1024 0 ) (768 1024 0 ) 
4 68 70 (768 1680 0 ) (768 1376 0 ) (768 1376 704 ) (768 1680 704 ) 
4 68 69 (768 2048 0 ) (768 1680 0 ) (768 1680 704 ) (768 2048 704 ) 
4 69 89 (48 2048 224 ) (48 2048 0 ) (48 1680 0 ) (48 1680 224 ) 
4 69 75 (48 2048 704 ) (48 2048 224 ) (48 1680 224 ) (48 1680 704 ) 
4 69 74 (48 1680 0 ) (48 2048 0 ) (768 2048 0 ) (768 1680 0 ) 
4 69 72 (512 1680 128 ) (512 1680 704 ) (48 1680 704 ) (48 1680 128 ) 
4 69 71 (512 1680 0 ) (704 1680 0 ) (704 1680 704 ) (512 1680 704 ) 
4 69 70 (704 1680 0 ) (768 1680 0 ) (768 1680 704 ) (704 1680 704 ) 
4 70 74 (704 1680 0 ) (768 1680 0 ) (768 1376 0 ) (704 1376 0 ) 
4 70 71 (704 1680 704 ) (704 1680 0 ) (704 1488 0 ) (704 1488 704 ) 
4 71 74 (512 1680 0 ) (704 1680 0 ) (704 1488 0 ) (512 1488 0 ) 
4 71 72 (512 1680 704 ) (512 1680 128 ) (512 1488 128 ) (512 1488 704 ) 
4 72 90 (48 1488 128 ) (48 1488 224 ) (48 1680 224 ) (48 1680 128 ) 
4 72 75 (48 1488 224 ) (48 1488 704 ) (48 1680 704 ) (48 1680 224 ) 
4 73 327 (384 1024 704 ) (48 1024 704 ) (48 1024 128 ) (384 1024 128 ) 
4 73 98 (48 1024 128 ) (48 1024 144 ) (48 1056 144 ) (48 1056 128 ) 
4 73 97 (48 1024 144 ) (48 1024 160 ) (48 1072 160 ) (48 1072 144 ) 
4 73 96 (48 1024 160 ) (48 1024 176 ) (48 1088.699951 176 ) (48 1088.699951 160 ) 
4 73 95 (48 1024 176 ) (48 1024 192 ) (48 1105.390015 192 ) (48 1105.390015 176 ) 
4 73 94 (48 1024 192 ) (48 1024 208 ) (48 1120 208 ) (48 1120 192 ) 
4 73 93 (48 1024 208 ) (48 1024 224 ) (48 1136 224 ) (48 1136 208 ) 
4 73 91 (48 1264 224 ) (48 1344 224 ) (48 1344 128 ) (48 1264 128 ) 
4 73 87 (48 1264 240 ) (48 1344 240 ) (48 1344 224 ) (48 1264 224 ) 
4 73 88 (48 1024 224 ) (48 1024 240 ) (48 1152 240 ) (48 1152 224 ) 
4 73 85 (48 1280 256 ) (48 1344 256 ) (48 1344 240 ) (48 1280 240 ) 
4 73 86 (48 1024 240 ) (48 1024 256 ) (48 1168 256 ) (48 1168 240 ) 
4 73 83 (48 1296 272 ) (48 1344 272 ) (48 1344 256 ) (48 1296 256 ) 
4 73 84 (48 1024 256 ) (48 1024 272 ) (48 1184 272 ) (48 1184 256 ) 
4 73 81 (48 1312 288 ) (48 1344 288 ) (48 1344 272 ) (48 1312 272 ) 
4 73 82 (48 1024 272 ) (48 1024 288 ) (48 1200 288 ) (48 1200 272 ) 
4 73 79 (48 1328 304 ) (48 1344 304 ) (48 1344 288 ) (48 1328 288 ) 
4 73 80 (48 1024 288 ) (48 1024 304 ) (48 1216 304 ) (48 1216 288 ) 
4 73 77 (48 1232 704 ) (48 1344 704 ) (48 1344 320 ) (48 1232 320 ) 
4 73 78 (48 1024 304 ) (48 1024 704 ) (48 1232 704 ) (48 1232 304 ) 
4 74 328 (1024 1024 -256 ) (1024 1024 0 ) (48 1024 0 ) (48 1024 -256 ) 
4 74 99 (48 1264 -256 ) (48 1024 -256 ) (48 1024 0 ) (48 1264 0 ) 
4 74 92 (48 2048 0 ) (48 2048 -256 ) (48 1264 -256 ) (48 1264 0 ) 
4 75 102 (0 2048 960 ) (0 2048 224 ) (0 1488 224 ) (0 1488 960 ) 
4 75 90 (48 1680 224 ) (48 1488 224 ) (0 1488 224 ) (0 1680 224 ) 
4 75 89 (48 2048 224 ) (48 1680 224 ) (0 1680 224 ) (0 2048 224 ) 
4 75 76 (48 1488 704 ) (48 1488 960 ) (0 1488 960 ) (0 1488 704 ) 
4 76 103 (0 1344 704 ) (0 1344 960 ) (0 1488 960 ) (0 1488 704 ) 
4 76 77 (0 1344 960 ) (0 1344 704 ) (48 1344 704 ) (48 1344 960 ) 
4 77 104 (0 1232 960 ) (0 1344 960 ) (0 1344 320 ) (0 1232 320 ) 
4 77 78 (48 1232 320 ) (48 1232 960 ) (0 1232 960 ) (0 1232 320 ) 
4 78 327 (48 1024 304 ) (48 1024 960 ) (0 1024 960 ) (0 1024 304 ) 
4 78 105 (0 1024 304 ) (0 1024 960 ) (0 1232 960 ) (0 1232 304 ) 
4 78 80 (0 1024 304 ) (0 1216 304 ) (48 1216 304 ) (48 1024 304 ) 
4 79 106 (0 1328 304 ) (0 1344 304 ) (0 1344 288 ) (0 1328 288 ) 
4 79 81 (0 1344 288 ) (48 1344 288 ) (48 1328 288 ) (0 1328 288 ) 
4 80 327 (48 1024 288 ) (48 1024 304 ) (0 1024 304 ) (0 1024 288 ) 
4 80 107 (0 1024 288 ) (0 1024 304 ) (0 1216 304 ) (0 1216 288 ) 
4 80 82 (48 1200 288 ) (48 1024 288 ) (0 1024 288 ) (0 1200 288 ) 
4 81 108 (0 1312 288 ) (0 1344 288 ) (0 1344 272 ) (0 1312 272 ) 
4 81 83 (0 1344 272 ) (48 1344 272 ) (48 1312 272 ) (0 1312 272 ) 
4 82 327 (48 1024 272 ) (48 1024 288 ) (0 1024 288 ) (0 1024 272 ) 
4 82 109 (0 1024 272 ) (0 1024 288 ) (0 1200 288 ) (0 1200 272 ) 
4 82 84 (48 1184 272 ) (48 1024 272 ) (0 1024 272 ) (0 1184 272 ) 
4 83 110 (0 1296 272 ) (0 1344 272 ) (0 1344 256 ) (0 1296 256 ) 
4 83 85 (0 1296 256 ) (0 1344 256 ) (48 1344 256 ) (48 1296 256 ) 
4 84 327 (48 1024 256 ) (48 1024 272 ) (0 1024 272 ) (0 1024 256 ) 
4 84 111 (0 1024 256 ) (0 1024 272 ) (0 1184 272 ) (0 1184 256 ) 
4 84 86 (0 1024 256 ) (0 1168 256 ) (48 1168 256 ) (48 1024 256 ) 
4 85 112 (0 1280 256 ) (0 1344 256 ) (0 1344 240 ) (0 1280 240 ) 
4 85 87 (0 1344 240 ) (48 1344 240 ) (48 1280 240 ) (0 1280 240 ) 
4 86 327 (48 1024 240 ) (48 1024 256 ) (0 1024 256 ) (0 1024 240 ) 
4 86 113 (0 1024 240 ) (0 1024 256 ) (0 1168 256 ) (0 1168 240 ) 
4 86 88 (48 1152 240 ) (48 1024 240 ) (0 1024 240 ) (0 1152 240 ) 
4 87 114 (0 1264 240 ) (0 1344 240 ) (0 1344 224 ) (0 1264 224 ) 
4 87 91 (48 1344 224 ) (48 1264 224 ) (0 1264 224 ) (0 1344 224 ) 
4 88 327 (48 1024 224 ) (48 1024 240 ) (0 1024 240 ) (0 1024 224 ) 
4 88 115 (0 1024 224 ) (0 1024 240 ) (0 1152 240 ) (0 1152 224 ) 
4 88 93 (48 1136 224 ) (48 1024 224 ) (0 1024 224 ) (0 1136 224 ) 
4 89 124 (0 2048 128 ) (0 2048 0 ) (0 1680 0 ) (0 1680 128 ) 
4 89 116 (0 1680 224 ) (0 2048 224 ) (0 2048 128 ) (0 1680 128 ) 
4 89 92 (0 1680 0 ) (0 2048 0 ) (48 2048 0 ) (48 1680 0 ) 
4 89 90 (48 1680 128 ) (48 1680 224 ) (0 1680 224 ) (0 1680 128 ) 
4 90 116 (0 1488 224 ) (0 1680 224 ) (0 1680 128 ) (0 1488 128 ) 
4 91 117 (0 1264 128 ) (0 1264 224 ) (0 1344 224 ) (0 1344 128 ) 
4 92 125 (0 1264 -256 ) (0 1264 0 ) (0 1680 0 ) (0 1680 -256 ) 
4 92 124 (0 1680 0 ) (0 2048 0 ) (0 2048 -256 ) (0 1680 -256 ) 
4 92 99 (48 1264 -256 ) (48 1264 0 ) (0 1264 0 ) (0 1264 -256 ) 
4 93 327 (48 1024 208 ) (48 1024 224 ) (0 1024 224 ) (0 1024 208 ) 
4 93 118 (0 1024 208 ) (0 1024 224 ) (0 1136 224 ) (0 1136 208 ) 
4 93 94 (48 1120 208 ) (48 1024 208 ) (0 1024 208 ) (0 1120 208 ) 
4 94 327 (48 1024 192 ) (48 1024 208 ) (0 1024 208 ) (0 1024 192 ) 
4 94 119 (0 1024 192 ) (0 1024 208 ) (0 1120 208 ) (0 1120 192 ) 
4 94 95 (0 1024 192 ) (0 1105.390015 192 ) (48 1105.390015 192 ) (48 1024 192 ) 
4 95 327 (48 1024 176 ) (48 1024 192 ) (0 1024 192 ) (0 1024 176 ) 
4 95 120 (0 1024 176 ) (0 1024 192 ) (0 1105.390015 192 ) (0 1105.390015 176 ) 
4 95 96 (48 1088.699951 176 ) (48 1024 176 ) (0 1024 176 ) (0 1088.699951 176 ) 
4 96 327 (48 1024 160 ) (48 1024 176 ) (0 1024 176 ) (0 1024 160 ) 
4 96 121 (0 1024 160 ) (0 1024 176 ) (0 1088.699951 176 ) (0 1088.699951 160 ) 
4 96 97 (48 1072 160 ) (48 1024 160 ) (0 1024 160 ) (0 1072 160 ) 
4 97 327 (48 1024 144 ) (48 1024 160 ) (0 1024 160 ) (0 1024 144 ) 
4 97 122 (0 1024 144 ) (0 1024 160 ) (0 1072 160 ) (0 1072 144 ) 
4 97 98 (48 1056 144 ) (48 1024 144 ) (0 1024 144 ) (0 1056 144 ) 
4 98 327 (48 1024 128 ) (48 1024 144 ) (0 1024 144 ) (0 1024 128 ) 
4 98 123 (0 1024 128 ) (0 1024 144 ) (0 1056 144 ) (0 1056 128 ) 
4 99 328 (48 1024 -256 ) (48 1024 0 ) (0 1024 0 ) (0 1024 -256 ) 
4 99 125 (0 1024 -256 ) (0 1024 0 ) (0 1264 0 ) (0 1264 -256 ) 
4 100 161 (-1024 2048 320 ) (-1024 2048 -256 ) (-512 2048 -256 ) (-512 2048 320 ) 
4 100 159 (-512 2048 960 ) (-1024 2048 960 ) (-1024 2048 320 ) (-512 2048 320 ) 
4 100 128 (-512 2048 720 ) (-512 2048 -256 ) (-352 2048 -256 ) (-352 2048 720 ) 
4 100 127 (-352 2048 -256 ) (-96 2048 -256 ) (-96 2048 720 ) (-352 2048 720 ) 
4 100 126 (-96 2048 960 ) (-512 2048 960 ) (-512 2048 720 ) (-96 2048 720 ) 
4 100 124 (0 2048 -256 ) (0 2048 128 ) (-96 2048 128 ) (-96 2048 -256 ) 
4 100 116 (0 2048 128 ) (0 2048 224 ) (-96 2048 224 ) (-96 2048 128 ) 
4 100 102 (0 2048 224 ) (0 2048 960 ) (-96 2048 960 ) (-96 2048 224 ) 
4 100 101 (-1024 3072 960 ) (-1024 3072 -256 ) (-1024 2048 -256 ) (-1024 2048 960 ) 
4 101 276 (-2048 2048 -256 ) (-2048 2048 960 ) (-2048 3072 960 ) (-2048 3072 -256 ) 
4 101 268 (-1024 2048 -256 ) (-1024 2048 320 ) (-2048 2048 320 ) (-2048 2048 -256 ) 
4 101 266 (-2048 2048 704 ) (-2048 2048 320 ) (-1856 2048 320 ) (-1856 2048 704 ) 
4 101 262 (-1856 2048 320 ) (-1668 2048 320 ) (-1668 2048 704 ) (-1856 2048 704 ) 
4 101 232 (-1668 2048 320 ) (-1504 2048 320 ) (-1504 2048 704 ) (-1668 2048 704 ) 
4 101 228 (-1504 2048 320 ) (-1088 2048 320 ) (-1088 2048 704 ) (-1504 2048 704 ) 
4 101 221 (-1504 2048 704 ) (-1088 2048 704 ) (-1088 2048 720 ) (-1504 2048 720 ) 
4 101 222 (-2048 2048 720 ) (-2048 2048 704 ) (-1504 2048 704 ) (-1504 2048 720 ) 
4 101 220 (-1088 2048 960 ) (-2048 2048 960 ) (-2048 2048 720 ) (-1088 2048 720 ) 
4 101 202 (-1024 2048 320 ) (-1024 2048 720 ) (-1088 2048 720 ) (-1088 2048 320 ) 
4 101 201 (-1024 2048 720 ) (-1024 2048 960 ) (-1088 2048 960 ) (-1088 2048 720 ) 
4 102 135 (-96 1680 224 ) (-96 1488 224 ) (-96 1488 720 ) (-96 1680 720 ) 
4 102 134 (-96 1488 720 ) (-96 1488 960 ) (-96 1680 960 ) (-96 1680 720 ) 
4 102 130 (-96 1824 224 ) (-96 1680 224 ) (-96 1680 720 ) (-96 1824 720 ) 
4 102 127 (-96 2048 720 ) (-96 2048 224 ) (-96 1824 224 ) (-96 1824 720 ) 
4 102 126 (-96 2048 960 ) (-96 2048 720 ) (-96 1680 720 ) (-96 1680 960 ) 
4 102 116 (-96 1488 224 ) (-96 2048 224 ) (0 2048 224 ) (0 1488 224 ) 
4 102 103 (0 1488 704 ) (0 1488 960 ) (-96 1488 960 ) (-96 1488 704 ) 
4 103 136 (-96 1344 704 ) (-96 1344 960 ) (-96 1488 960 ) (-96 1488 704 ) 
4 103 104 (-96 1344 960 ) (-96 1344 704 ) (0 1344 704 ) (0 1344 960 ) 
4 104 137 (-96 1344 704 ) (-96 1344 320 ) (-96 1232 320 ) (-96 1232 704 ) 
4 104 136 (-96 1232 960 ) (-96 1344 960 ) (-96 1344 704 ) (-96 1232 704 ) 
4 104 105 (0 1232 320 ) (0 1232 960 ) (-96 1232 960 ) (-96 1232 320 ) 
4 105 334 (0 1024 304 ) (0 1024 320 ) (-96 1024 320 ) (-96 1024 304 ) 
4 105 329 (0 1024 320 ) (0 1024 960 ) (-96 1024 960 ) (-96 1024 320 ) 
4 105 141 (-96 1024 320 ) (-96 1024 704 ) (-96 1232 704 ) (-96 1232 320 ) 
4 105 136 (-96 1024 704 ) (-96 1024 960 ) (-96 1232 960 ) (-96 1232 704 ) 
4 105 107 (-96 1024 304 ) (-96 1216 304 ) (0 1216 304 ) (0 1024 304 ) 
4 106 108 (-96 1328 288 ) (-96 1344 288 ) (0 1344 288 ) (0 1328 288 ) 
4 107 334 (0 1024 288 ) (0 1024 304 ) (-96 1024 304 ) (-96 1024 288 ) 
4 107 109 (0 1024 288 ) (-96 1024 288 ) (-96 1200 288 ) (0 1200 288 ) 
4 108 139 (-96 1312 288 ) (-96 1344 288 ) (-96 1344 272 ) (-96 1312 272 ) 
4 108 110 (-96 1312 272 ) (-96 1344 272 ) (0 1344 272 ) (0 1312 272 ) 
4 109 334 (0 1024 272 ) (0 1024 288 ) (-96 1024 288 ) (-96 1024 272 ) 
4 109 111 (0 1024 272 ) (-96 1024 272 ) (-96 1184 272 ) (0 1184 272 ) 
4 110 139 (-96 1296 272 ) (-96 1344 272 ) (-96 1344 256 ) (-96 1296 256 ) 
4 110 112 (-96 1296 256 ) (-96 1344 256 ) (0 1344 256 ) (0 1296 256 ) 
4 111 334 (0 1024 256 ) (0 1024 272 ) (-96 1024 272 ) (-96 1024 256 ) 
4 111 113 (-96 1024 256 ) (-96 1168 256 ) (0 1168 256 ) (0 1024 256 ) 
4 112 139 (-96 1280 256 ) (-96 1344 256 ) (-96 1344 240 ) (-96 1280 240 ) 
4 112 114 (-96 1280 240 ) (-96 1344 240 ) (0 1344 240 ) (0 1280 240 ) 
4 113 334 (0 1024 240 ) (0 1024 256 ) (-96 1024 256 ) (-96 1024 240 ) 
4 113 115 (0 1024 240 ) (-96 1024 240 ) (-96 1152 240 ) (0 1152 240 ) 
4 114 139 (-96 1344 224 ) (-96 1264 224 ) (-96 1264 240 ) (-96 1344 240 ) 
4 114 117 (-96 1264 224 ) (-96 1344 224 ) (0 1344 224 ) (0 1264 224 ) 
4 115 334 (0 1024 224 ) (0 1024 240 ) (-96 1024 240 ) (-96 1024 224 ) 
4 115 118 (0 1024 224 ) (-96 1024 224 ) (-96 1136 224 ) (0 1136 224 ) 
4 116 135 (-96 1680 128 ) (-96 1488 128 ) (-96 1488 224 ) (-96 1680 224 ) 
4 116 130 (-96 1824 128 ) (-96 1680 128 ) (-96 1680 224 ) (-96 1824 224 ) 
4 116 127 (-96 2048 224 ) (-96 2048 128 ) (-96 1824 128 ) (-96 1824 224 ) 
4 116 124 (-96 1680 128 ) (-96 2048 128 ) (0 2048 128 ) (0 1680 128 ) 
4 117 139 (-96 1344 128 ) (-96 1264 128 ) (-96 1264 224 ) (-96 1344 224 ) 
4 118 334 (0 1024 208 ) (0 1024 224 ) (-96 1024 224 ) (-96 1024 208 ) 
4 118 119 (-96 1024 208 ) (-96 1120 208 ) (0 1120 208 ) (0 1024 208 ) 
4 119 334 (0 1024 192 ) (0 1024 208 ) (-96 1024 208 ) (-96 1024 192 ) 
4 119 120 (0 1024 192 ) (-96 1024 192 ) (-96 1105.390015 192 ) (0 1105.390015 192 ) 
4 120 334 (0 1024 176 ) (0 1024 192 ) (-96 1024 192 ) (-96 1024 176 ) 
4 120 121 (0 1024 176 ) (-96 1024 176 ) (-96 1088.699951 176 ) (0 1088.699951 176 ) 
4 121 334 (0 1024 160 ) (0 1024 176 ) (-96 1024 176 ) (-96 1024 160 ) 
4 121 122 (-96 1024 160 ) (-96 1072 160 ) (0 1072 160 ) (0 1024 160 ) 
4 122 334 (0 1024 144 ) (0 1024 160 ) (-96 1024 160 ) (-96 1024 144 ) 
4 122 123 (0 1024 144 ) (-96 1024 144 ) (-96 1056 144 ) (0 1056 144 ) 
4 123 334 (0 1024 128 ) (0 1024 144 ) (-96 1024 144 ) (-96 1024 128 ) 
4 124 131 (-96 1824 -256 ) (-96 1680 -256 ) (-96 1680 128 ) (-96 1824 128 ) 
4 124 127 (-96 2048 128 ) (-96 2048 -256 ) (-96 1824 -256 ) (-96 1824 128 ) 
4 124 125 (-96 1680 -256 ) (0 1680 -256 ) (0 1680 0 ) (-96 1680 0 ) 
4 125 338 (0 1024 -256 ) (0 1024 0 ) (-96 1024 0 ) (-96 1024 -256 ) 
4 125 158 (-96 1680 -256 ) (-96 1024 -256 ) (-96 1024 0 ) (-96 1680 0 ) 
4 126 178 (-512 1680 720 ) (-512 1680 960 ) (-512 1712 960 ) (-512 1712 720 ) 
4 126 162 (-512 1712 960 ) (-512 1824 960 ) (-512 1824 720 ) (-512 1712 720 ) 
4 126 160 (-512 1824 960 ) (-512 1856 960 ) (-512 1856 720 ) (-512 1824 720 ) 
4 126 159 (-512 1856 960 ) (-512 2048 960 ) (-512 2048 720 ) (-512 1856 720 ) 
4 126 142 (-512 1680 960 ) (-512 1680 720 ) (-368 1680 720 ) (-368 1680 960 ) 
4 126 134 (-368 1680 720 ) (-96 1680 720 ) (-96 1680 960 ) (-368 1680 960 ) 
4 126 130 (-96 1680 720 ) (-304 1680 720 ) (-304 1824 720 ) (-96 1824 720 ) 
4 126 128 (-512 1856 720 ) (-512 2048 720 ) (-352 2048 720 ) (-352 1856 720 ) 
4 126 127 (-352 2048 720 ) (-96 2048 720 ) (-96 1824 720 ) (-352 1824 720 ) 
4 127 131 (-96 1824 -256 ) (-96 1824 128 ) (-352 1824 128 ) (-352 1824 -256 ) 
4 127 130 (-96 1824 128 ) (-96 1824 720 ) (-304 1824 720 ) (-304 1824 128 ) 
4 127 129 (-352 1856 -256 ) (-352 1824 -256 ) (-352 1824 320 ) (-352 1856 320 ) 
4 127 128 (-352 2048 -256 ) (-352 1856 -256 ) (-352 1856 720 ) (-352 2048 720 ) 
4 128 161 (-512 2048 320 ) (-512 2048 -256 ) (-512 1856 -256 ) (-512 1856 320 ) 
4 128 159 (-512 1856 720 ) (-512 2048 720 ) (-512 2048 320 ) (-512 1856 320 ) 
4 128 129 (-512 1856 -256 ) (-352 1856 -256 ) (-352 1856 320 ) (-512 1856 320 ) 
4 129 161 (-512 1824 -256 ) (-512 1824 320 ) (-512 1856 320 ) (-512 1856 -256 ) 
4 129 133 (-512 1824 128 ) (-512 1824 -256 ) (-368 1824 -256 ) (-368 1824 128 ) 
4 129 131 (-368 1824 -256 ) (-352 1824 -256 ) (-352 1824 128 ) (-368 1824 128 ) 
4 130 135 (-96 1680 128 ) (-96 1680 720 ) (-304 1680 720 ) (-304 1680 128 ) 
4 130 131 (-96 1680 128 ) (-304 1680 128 ) (-304 1824 128 ) (-96 1824 128 ) 
4 131 158 (-96 1680 -256 ) (-96 1680 0 ) (-368 1680 0 ) (-368 1680 -256 ) 
4 131 133 (-368 1824 128 ) (-368 1824 -256 ) (-368 1680 -256 ) (-368 1680 128 ) 
4 132 180 (-512 1680 320 ) (-512 1680 704 ) (-512 1712 704 ) (-512 1712 320 ) 
4 132 174 (-512 1824 352 ) (-512 1824 336 ) (-512 1712 336 ) (-512 1712 352 ) 
4 132 173 (-512 1824 368 ) (-512 1824 352 ) (-512 1712 352 ) (-512 1712 368 ) 
4 132 172 (-512 1824 384 ) (-512 1824 368 ) (-512 1712 368 ) (-512 1712 384 ) 
4 132 171 (-512 1824 400 ) (-512 1824 384 ) (-512 1712 384 ) (-512 1712 400 ) 
4 132 170 (-512 1824 416 ) (-512 1824 400 ) (-512 1712 400 ) (-512 1712 416 ) 
4 132 169 (-512 1824 432 ) (-512 1824 416 ) (-512 1712 416 ) (-512 1712 432 ) 
4 132 168 (-512 1824 448 ) (-512 1824 432 ) (-512 1712 432 ) (-512 1712 448 ) 
4 132 167 (-512 1824 464 ) (-512 1824 448 ) (-512 1712 448 ) (-512 1712 464 ) 
4 132 166 (-512 1824 480 ) (-512 1824 464 ) (-512 1712 464 ) (-512 1712 480 ) 
4 132 165 (-512 1824 496 ) (-512 1824 480 ) (-512 1712 480 ) (-512 1712 496 ) 
4 132 163 (-512 1712 704 ) (-512 1824 704 ) (-512 1824 496 ) (-512 1712 496 ) 
4 132 144 (-512 1680 704 ) (-512 1680 320 ) (-368 1680 320 ) (-368 1680 704 ) 
4 133 184 (-512 1680 -256 ) (-512 1680 0 ) (-512 1824 0 ) (-512 1824 -256 ) 
4 133 158 (-512 1680 0 ) (-512 1680 -256 ) (-368 1680 -256 ) (-368 1680 0 ) 
4 134 142 (-368 1680 960 ) (-368 1680 720 ) (-368 1600 720 ) (-368 1600 960 ) 
4 134 143 (-368 1600 720 ) (-368 1488 720 ) (-368 1488 960 ) (-368 1600 960 ) 
4 134 136 (-368 1488 960 ) (-368 1488 720 ) (-96 1488 720 ) (-96 1488 960 ) 
4 134 135 (-96 1488 720 ) (-304 1488 720 ) (-304 1680 720 ) (-96 1680 720 ) 
4 135 136 (-96 1488 704 ) (-96 1488 720 ) (-304 1488 720 ) (-304 1488 704 ) 
4 136 329 (-96 1024 704 ) (-96 1024 960 ) (-368 1024 960 ) (-368 1024 704 ) 
4 136 143 (-368 1024 704 ) (-368 1024 960 ) (-368 1488 960 ) (-368 1488 704 ) 
4 136 141 (-368 1024 704 ) (-368 1232 704 ) (-96 1232 704 ) (-96 1024 704 ) 
4 136 138 (-368 1232 704 ) (-368 1408 704 ) (-304 1408 704 ) (-304 1232 704 ) 
4 136 137 (-96 1344 704 ) (-96 1232 704 ) (-304 1232 704 ) (-304 1344 704 ) 
4 137 141 (-96 1232 704 ) (-304 1232 704 ) (-304 1232 320 ) (-96 1232 320 ) 
4 137 138 (-304 1344 320 ) (-304 1232 320 ) (-304 1232 704 ) (-304 1344 704 ) 
4 138 145 (-368 1232 320 ) (-368 1232 704 ) (-368 1408 704 ) (-368 1408 320 ) 
4 138 141 (-304 1232 704 ) (-368 1232 704 ) (-368 1232 320 ) (-304 1232 320 ) 
4 139 140 (-304 1232 128 ) (-304 1232 288 ) (-304 1344 288 ) (-304 1344 128 ) 
4 140 157 (-368 1472 128 ) (-368 1232 128 ) (-368 1232 144 ) (-368 1472 144 ) 
4 140 156 (-368 1232 144 ) (-368 1232 160 ) (-368 1488 160 ) (-368 1488 144 ) 
4 140 155 (-368 1232 160 ) (-368 1232 176 ) (-368 1488 176 ) (-368 1488 160 ) 
4 140 154 (-368 1232 176 ) (-368 1232 192 ) (-368 1488 192 ) (-368 1488 176 ) 
4 140 153 (-368 1232 192 ) (-368 1232 208 ) (-368 1488 208 ) (-368 1488 192 ) 
4 140 152 (-368 1232 208 ) (-368 1232 224 ) (-368 1488 224 ) (-368 1488 208 ) 
4 140 151 (-368 1232 224 ) (-368 1232 240 ) (-368 1488 240 ) (-368 1488 224 ) 
4 140 150 (-368 1232 240 ) (-368 1232 256 ) (-368 1488 256 ) (-368 1488 240 ) 
4 140 149 (-368 1232 256 ) (-368 1232 272 ) (-368 1488 272 ) (-368 1488 256 ) 
4 140 148 (-368 1232 272 ) (-368 1232 288 ) (-368 1488 288 ) (-368 1488 272 ) 
4 141 329 (-96 1024 320 ) (-96 1024 704 ) (-368 1024 704 ) (-368 1024 320 ) 
4 141 145 (-368 1024 320 ) (-368 1024 704 ) (-368 1232 704 ) (-368 1232 320 ) 
4 142 178 (-512 1600 960 ) (-512 1680 960 ) (-512 1680 720 ) (-512 1600 720 ) 
4 142 143 (-368 1600 720 ) (-368 1600 960 ) (-512 1600 960 ) (-512 1600 720 ) 
4 143 329 (-512 1024 960 ) (-512 1024 704 ) (-368 1024 704 ) (-368 1024 960 ) 
4 143 185 (-512 1024 704 ) (-512 1024 960 ) (-512 1408 960 ) (-512 1408 704 ) 
4 143 179 (-512 1600 720 ) (-512 1600 704 ) (-512 1408 704 ) (-512 1408 720 ) 
4 143 178 (-512 1408 960 ) (-512 1600 960 ) (-512 1600 720 ) (-512 1408 720 ) 
4 143 144 (-512 1488 704 ) (-512 1600 704 ) (-368 1600 704 ) (-368 1488 704 ) 
4 143 145 (-512 1024 704 ) (-512 1408 704 ) (-368 1408 704 ) (-368 1024 704 ) 
4 144 183 (-512 1488 704 ) (-512 1632 704 ) (-512 1632 320 ) (-512 1488 320 ) 
4 144 180 (-512 1632 704 ) (-512 1680 704 ) (-512 1680 320 ) (-512 1632 320 ) 
4 144 146 (-512 1488 320 ) (-512 1648 320 ) (-368 1648 320 ) (-368 1488 320 ) 
4 145 329 (-512 1024 704 ) (-512 1024 320 ) (-368 1024 320 ) (-368 1024 704 ) 
4 145 185 (-512 1024 320 ) (-512 1024 704 ) (-512 1408 704 ) (-512 1408 320 ) 
4 146 147 (-512 1488 304 ) (-512 1632 304 ) (-368 1632 304 ) (-368 1488 304 ) 
4 147 148 (-512 1488 288 ) (-512 1616 288 ) (-368 1616 288 ) (-368 1488 288 ) 
4 148 149 (-512 1232 272 ) (-512 1600 272 ) (-368 1600 272 ) (-368 1232 272 ) 
4 149 150 (-512 1232 256 ) (-512 1584 256 ) (-368 1584 256 ) (-368 1232 256 ) 
4 150 151 (-512 1232 240 ) (-512 1568 240 ) (-368 1568 240 ) (-368 1232 240 ) 
4 151 152 (-512 1232 224 ) (-512 1552 224 ) (-368 1552 224 ) (-368 1232 224 ) 
4 152 153 (-512 1232 208 ) (-512 1536 208 ) (-368 1536 208 ) (-368 1232 208 ) 
4 153 154 (-512 1232 192 ) (-512 1520 192 ) (-368 1520 192 ) (-368 1232 192 ) 
4 154 155 (-512 1232 176 ) (-512 1504 176 ) (-368 1504 176 ) (-368 1232 176 ) 
4 155 156 (-512 1232 160 ) (-512 1488 160 ) (-368 1488 160 ) (-368 1232 160 ) 
4 156 157 (-512 1232 144 ) (-512 1472 144 ) (-368 1472 144 ) (-368 1232 144 ) 
4 158 338 (-96 1024 -256 ) (-96 1024 0 ) (-512 1024 0 ) (-512 1024 -256 ) 
4 158 186 (-512 1024 -256 ) (-512 1024 0 ) (-512 1408 0 ) (-512 1408 -256 ) 
4 158 184 (-512 1408 0 ) (-512 1680 0 ) (-512 1680 -256 ) (-512 1408 -256 ) 
4 159 202 (-1024 2048 720 ) (-1024 2048 320 ) (-1024 1856 320 ) (-1024 1856 720 ) 
4 159 201 (-1024 2048 960 ) (-1024 2048 720 ) (-1024 1856 720 ) (-1024 1856 960 ) 
4 159 161 (-1024 1856 320 ) (-1024 2048 320 ) (-512 2048 320 ) (-512 1856 320 ) 
4 159 160 (-512 1856 720 ) (-512 1856 960 ) (-1024 1856 960 ) (-1024 1856 720 ) 
4 160 201 (-1024 1824 720 ) (-1024 1824 960 ) (-1024 1856 960 ) (-1024 1856 720 ) 
4 160 175 (-1024 1824 960 ) (-1024 1824 720 ) (-720 1824 720 ) (-720 1824 960 ) 
4 160 162 (-720 1824 720 ) (-512 1824 720 ) (-512 1824 960 ) (-720 1824 960 ) 
4 161 268 (-1024 2048 320 ) (-1024 2048 -256 ) (-1024 1824 -256 ) (-1024 1824 320 ) 
4 161 184 (-1024 1824 0 ) (-1024 1824 -256 ) (-512 1824 -256 ) (-512 1824 0 ) 
4 162 178 (-512 1712 720 ) (-512 1712 960 ) (-720 1712 960 ) (-720 1712 720 ) 
4 162 175 (-720 1824 960 ) (-720 1824 720 ) (-720 1712 720 ) (-720 1712 960 ) 
4 163 180 (-512 1712 496 ) (-512 1712 704 ) (-688 1712 704 ) (-688 1712 496 ) 
4 163 165 (-512 1712 496 ) (-672 1712 496 ) (-672 1824 496 ) (-512 1824 496 ) 
4 163 164 (-688 1712 512 ) (-688 1712 704 ) (-688 1824 704 ) (-688 1824 512 ) 
4 164 180 (-688 1712 704 ) (-720 1712 704 ) (-720 1712 512 ) (-688 1712 512 ) 
4 164 176 (-720 1824 704 ) (-720 1824 512 ) (-720 1712 512 ) (-720 1712 704 ) 
4 165 180 (-512 1712 480 ) (-512 1712 496 ) (-672 1712 496 ) (-672 1712 480 ) 
4 165 166 (-512 1712 480 ) (-656 1712 480 ) (-656 1824 480 ) (-512 1824 480 ) 
4 166 180 (-512 1712 464 ) (-512 1712 480 ) (-656 1712 480 ) (-656 1712 464 ) 
4 166 167 (-512 1712 464 ) (-640 1712 464 ) (-640 1824 464 ) (-512 1824 464 ) 
4 167 180 (-512 1712 448 ) (-512 1712 464 ) (-640 1712 464 ) (-640 1712 448 ) 
4 167 168 (-512 1712 448 ) (-624 1712 448 ) (-624 1824 448 ) (-512 1824 448 ) 
4 168 180 (-512 1712 432 ) (-512 1712 448 ) (-624 1712 448 ) (-624 1712 432 ) 
4 168 169 (-512 1712 432 ) (-608 1712 432 ) (-608 1824 432 ) (-512 1824 432 ) 
4 169 180 (-512 1712 416 ) (-512 1712 432 ) (-608 1712 432 ) (-608 1712 416 ) 
4 169 170 (-512 1712 416 ) (-592 1712 416 ) (-592 1824 416 ) (-512 1824 416 ) 
4 170 180 (-512 1712 400 ) (-512 1712 416 ) (-592 1712 416 ) (-592 1712 400 ) 
4 170 171 (-512 1712 400 ) (-576 1712 400 ) (-576 1824 400 ) (-512 1824 400 ) 
4 171 180 (-512 1712 384 ) (-512 1712 400 ) (-576 1712 400 ) (-576 1712 384 ) 
4 171 172 (-512 1712 384 ) (-560 1712 384 ) (-560 1824 384 ) (-512 1824 384 ) 
4 172 180 (-512 1712 368 ) (-512 1712 384 ) (-560 1712 384 ) (-560 1712 368 ) 
4 172 173 (-512 1712 368 ) (-544 1712 368 ) (-544 1824 368 ) (-512 1824 368 ) 
4 173 180 (-512 1712 352 ) (-512 1712 368 ) (-544 1712 368 ) (-544 1712 352 ) 
4 173 174 (-512 1712 352 ) (-528 1712 352 ) (-528 1824 352 ) (-512 1824 352 ) 
4 174 180 (-512 1712 336 ) (-512 1712 352 ) (-528 1712 352 ) (-528 1712 336 ) 
4 175 203 (-1024 1824 960 ) (-1024 1824 720 ) (-1024 1712 720 ) (-1024 1712 960 ) 
4 175 178 (-720 1712 720 ) (-720 1712 960 ) (-1024 1712 960 ) (-1024 1712 720 ) 
4 176 205 (-1024 1824 704 ) (-1024 1824 512 ) (-1024 1712 512 ) (-1024 1712 704 ) 
4 176 181 (-720 1712 512 ) (-720 1712 704 ) (-1024 1712 704 ) (-1024 1712 512 ) 
4 177 206 (-1024 1824 496 ) (-1024 1824 320 ) (-1024 1712 320 ) (-1024 1712 496 ) 
4 177 182 (-1024 1712 320 ) (-720 1712 320 ) (-720 1712 496 ) (-1024 1712 496 ) 
4 178 203 (-1024 1600 960 ) (-1024 1712 960 ) (-1024 1712 720 ) (-1024 1600 720 ) 
4 178 204 (-1024 1408 720 ) (-1024 1408 960 ) (-1024 1600 960 ) (-1024 1600 720 ) 
4 178 187 (-944 1408 960 ) (-1024 1408 960 ) (-1024 1408 720 ) (-944 1408 720 ) 
4 178 185 (-512 1408 720 ) (-512 1408 960 ) (-944 1408 960 ) (-944 1408 720 ) 
4 178 179 (-512 1408 720 ) (-1024 1408 720 ) (-1024 1600 720 ) (-512 1600 720 ) 
4 179 204 (-1024 1408 704 ) (-1024 1408 720 ) (-1024 1600 720 ) (-1024 1600 704 ) 
4 179 187 (-944 1408 720 ) (-1024 1408 720 ) (-1024 1408 704 ) (-944 1408 704 ) 
4 179 185 (-512 1408 704 ) (-512 1408 720 ) (-944 1408 720 ) (-944 1408 704 ) 
4 179 183 (-573.538025 1600 704 ) (-512 1600 704 ) (-512 1488 704 ) (-573.538025 1488 704 ) 
4 180 183 (-573.538025 1632 320 ) (-512 1632 320 ) (-512 1632 704 ) (-573.538025 1632 704 ) 
4 180 181 (-720 1632 512 ) (-720 1632 704 ) (-720 1712 704 ) (-720 1712 512 ) 
4 180 182 (-720 1632 320 ) (-720 1632 496 ) (-720 1712 496 ) (-720 1712 320 ) 
4 181 205 (-1024 1632 704 ) (-1024 1712 704 ) (-1024 1712 512 ) (-1024 1632 512 ) 
4 182 206 (-1024 1712 496 ) (-1024 1712 320 ) (-1024 1632 320 ) (-1024 1632 496 ) 
4 184 269 (-1024 1408 -256 ) (-1024 1408 0 ) (-1024 1824 0 ) (-1024 1824 -256 ) 
4 184 200 (-944 1408 0 ) (-1024 1408 0 ) (-1024 1408 -256 ) (-944 1408 -256 ) 
4 184 186 (-512 1408 -256 ) (-512 1408 0 ) (-944 1408 0 ) (-944 1408 -256 ) 
4 185 331 (-887.046997 1024 960 ) (-944 1024 960 ) (-944 1024 320 ) (-887.046997 1024 320 ) 
4 185 329 (-512 1024 320 ) (-512 1024 960 ) (-887.046997 1024 960 ) (-887.046997 1024 320 ) 
4 185 199 (-944 1408 336 ) (-944 1408 320 ) (-944 1024 320 ) (-944 1024 336 ) 
4 185 198 (-944 1216 336 ) (-944 1024 336 ) (-944 1024 352 ) (-944 1216 352 ) 
4 185 197 (-944 1232 352 ) (-944 1024 352 ) (-944 1024 368 ) (-944 1232 368 ) 
4 185 196 (-944 1248 368 ) (-944 1024 368 ) (-944 1024 384 ) (-944 1248 384 ) 
4 185 195 (-944 1264 384 ) (-944 1024 384 ) (-944 1024 400 ) (-944 1264 400 ) 
4 185 194 (-944 1280 400 ) (-944 1024 400 ) (-944 1024 416 ) (-944 1280 416 ) 
4 185 193 (-944 1296 416 ) (-944 1024 416 ) (-944 1024 432 ) (-944 1296 432 ) 
4 185 192 (-944 1312 432 ) (-944 1024 432 ) (-944 1024 448 ) (-944 1312 448 ) 
4 185 191 (-944 1328 448 ) (-944 1024 448 ) (-944 1024 464 ) (-944 1328 464 ) 
4 185 190 (-944 1344 464 ) (-944 1024 464 ) (-944 1024 480 ) (-944 1344 480 ) 
4 185 189 (-944 1360 480 ) (-944 1024 480 ) (-944 1024 496 ) (-944 1360 496 ) 
4 185 187 (-944 1408 960 ) (-944 1408 512 ) (-944 1376 512 ) (-944 1376 960 ) 
4 185 188 (-944 1376 496 ) (-944 1024 496 ) (-944 1024 960 ) (-944 1376 960 ) 
4 186 338 (-512 1024 -256 ) (-512 1024 0 ) (-944 1024 0 ) (-944 1024 -256 ) 
4 186 200 (-944 1408 0 ) (-944 1408 -256 ) (-944 1024 -256 ) (-944 1024 0 ) 
4 187 207 (-1024 1376 960 ) (-1024 1408 960 ) (-1024 1408 512 ) (-1024 1376 512 ) 
4 187 188 (-944 1376 512 ) (-944 1376 960 ) (-1024 1376 960 ) (-1024 1376 512 ) 
4 188 331 (-944 1024 496 ) (-944 1024 960 ) (-1024 1024 960 ) (-1024 1024 496 ) 
4 188 208 (-1024 1024 496 ) (-1024 1024 512 ) (-1024 1376 512 ) (-1024 1376 496 ) 
4 188 207 (-1024 1024 512 ) (-1024 1024 960 ) (-1024 1376 960 ) (-1024 1376 512 ) 
4 188 189 (-944 1360 496 ) (-944 1024 496 ) (-1024 1024 496 ) (-1024 1360 496 ) 
4 189 331 (-944 1024 480 ) (-944 1024 496 ) (-1024 1024 496 ) (-1024 1024 480 ) 
4 189 209 (-1024 1024 480 ) (-1024 1024 496 ) (-1024 1360 496 ) (-1024 1360 480 ) 
4 189 190 (-1024 1024 480 ) (-1024 1344 480 ) (-944 1344 480 ) (-944 1024 480 ) 
4 190 331 (-944 1024 464 ) (-944 1024 480 ) (-1024 1024 480 ) (-1024 1024 464 ) 
4 190 210 (-1024 1024 464 ) (-1024 1024 480 ) (-1024 1344 480 ) (-1024 1344 464 ) 
4 190 191 (-1024 1024 464 ) (-1024 1328 464 ) (-944 1328 464 ) (-944 1024 464 ) 
4 191 331 (-944 1024 448 ) (-944 1024 464 ) (-1024 1024 464 ) (-1024 1024 448 ) 
4 191 211 (-1024 1024 448 ) (-1024 1024 464 ) (-1024 1328 464 ) (-1024 1328 448 ) 
4 191 192 (-944 1312 448 ) (-944 1024 448 ) (-1024 1024 448 ) (-1024 1312 448 ) 
4 192 331 (-944 1024 432 ) (-944 1024 448 ) (-1024 1024 448 ) (-1024 1024 432 ) 
4 192 212 (-1024 1024 432 ) (-1024 1024 448 ) (-1024 1312 448 ) (-1024 1312 432 ) 
4 192 193 (-1024 1024 432 ) (-1024 1296 432 ) (-944 1296 432 ) (-944 1024 432 ) 
4 193 331 (-944 1024 416 ) (-944 1024 432 ) (-1024 1024 432 ) (-1024 1024 416 ) 
4 193 213 (-1024 1024 416 ) (-1024 1024 432 ) (-1024 1296 432 ) (-1024 1296 416 ) 
4 193 194 (-944 1280 416 ) (-944 1024 416 ) (-1024 1024 416 ) (-1024 1280 416 ) 
4 194 331 (-944 1024 400 ) (-944 1024 416 ) (-1024 1024 416 ) (-1024 1024 400 ) 
4 194 214 (-1024 1024 400 ) (-1024 1024 416 ) (-1024 1280 416 ) (-1024 1280 400 ) 
4 194 195 (-1024 1024 400 ) (-1024 1264 400 ) (-944 1264 400 ) (-944 1024 400 ) 
4 195 331 (-944 1024 384 ) (-944 1024 400 ) (-1024 1024 400 ) (-1024 1024 384 ) 
4 195 215 (-1024 1024 384 ) (-1024 1024 400 ) (-1024 1264 400 ) (-1024 1264 384 ) 
4 195 196 (-944 1248 384 ) (-944 1024 384 ) (-1024 1024 384 ) (-1024 1248 384 ) 
4 196 331 (-944 1024 368 ) (-944 1024 384 ) (-1024 1024 384 ) (-1024 1024 368 ) 
4 196 216 (-1024 1024 368 ) (-1024 1024 384 ) (-1024 1248 384 ) (-1024 1248 368 ) 
4 196 197 (-1024 1024 368 ) (-1024 1232 368 ) (-944 1232 368 ) (-944 1024 368 ) 
4 197 331 (-944 1024 352 ) (-944 1024 368 ) (-1024 1024 368 ) (-1024 1024 352 ) 
4 197 217 (-1024 1024 352 ) (-1024 1024 368 ) (-1024 1232 368 ) (-1024 1232 352 ) 
4 197 198 (-1024 1024 352 ) (-1024 1216 352 ) (-944 1216 352 ) (-944 1024 352 ) 
4 198 331 (-944 1024 336 ) (-944 1024 352 ) (-1024 1024 352 ) (-1024 1024 336 ) 
4 198 219 (-1024 1024 336 ) (-1024 1024 352 ) (-1024 1216 352 ) (-1024 1216 336 ) 
4 198 199 (-944 1216 336 ) (-944 1024 336 ) (-1024 1024 336 ) (-1024 1216 336 ) 
4 199 331 (-944 1024 320 ) (-944 1024 336 ) (-1024 1024 336 ) (-1024 1024 320 ) 
4 199 218 (-1024 1216 336 ) (-1024 1408 336 ) (-1024 1408 320 ) (-1024 1216 320 ) 
4 199 219 (-1024 1024 320 ) (-1024 1024 336 ) (-1024 1216 336 ) (-1024 1216 320 ) 
4 200 338 (-944 1024 -256 ) (-944 1024 0 ) (-1024 1024 0 ) (-1024 1024 -256 ) 
4 200 269 (-1024 1024 -256 ) (-1024 1024 0 ) (-1024 1408 0 ) (-1024 1408 -256 ) 
4 201 220 (-1088 2048 960 ) (-1088 2048 720 ) (-1088 1824 720 ) (-1088 1824 960 ) 
4 201 203 (-1088 1824 960 ) (-1088 1824 720 ) (-1024 1824 720 ) (-1024 1824 960 ) 
4 201 202 (-1088 1856 720 ) (-1088 2048 720 ) (-1024 2048 720 ) (-1024 1856 720 ) 
4 202 268 (-1024 2048 320 ) (-1024 1856 320 ) (-1088 1856 320 ) (-1088 2048 320 ) 
4 202 229 (-1088 1936 320 ) (-1088 1856 320 ) (-1088 1856 704 ) (-1088 1936 704 ) 
4 202 228 (-1088 2048 704 ) (-1088 2048 320 ) (-1088 1936 320 ) (-1088 1936 704 ) 
4 202 221 (-1088 2048 720 ) (-1088 2048 704 ) (-1088 1856 704 ) (-1088 1856 720 ) 
4 203 223 (-1088 1600 960 ) (-1088 1824 960 ) (-1088 1824 720 ) (-1088 1600 720 ) 
4 203 204 (-1024 1600 720 ) (-1024 1600 960 ) (-1088 1600 960 ) (-1088 1600 720 ) 
4 204 225 (-1088 1408 704 ) (-1088 1408 960 ) (-1088 1600 960 ) (-1088 1600 704 ) 
4 204 207 (-1088 1408 960 ) (-1088 1408 704 ) (-1024 1408 704 ) (-1024 1408 960 ) 
4 205 233 (-1088 1632 512 ) (-1088 1632 704 ) (-1088 1824 704 ) (-1088 1824 512 ) 
4 206 235 (-1088 1824 320 ) (-1088 1632 320 ) (-1088 1632 449 ) (-1088 1824 449 ) 
4 207 340 (-1024 1024 512 ) (-1024 1024 960 ) (-1088 1024 960 ) (-1088 1024 512 ) 
4 207 243 (-1088 1264 704 ) (-1088 1408 704 ) (-1088 1408 512 ) (-1088 1264 512 ) 
4 207 245 (-1088 1200 704 ) (-1088 1264 704 ) (-1088 1264 512 ) (-1088 1200 512 ) 
4 207 261 (-1088 1024 512 ) (-1088 1024 704 ) (-1088 1200 704 ) (-1088 1200 512 ) 
4 207 225 (-1088 1024 704 ) (-1088 1024 960 ) (-1088 1408 960 ) (-1088 1408 704 ) 
4 207 208 (-1088 1024 512 ) (-1088 1376 512 ) (-1024 1376 512 ) (-1024 1024 512 ) 
4 208 340 (-1024 1024 496 ) (-1024 1024 512 ) (-1088 1024 512 ) (-1088 1024 496 ) 
4 208 245 (-1088 1200 512 ) (-1088 1264 512 ) (-1088 1264 496 ) (-1088 1200 496 ) 
4 208 261 (-1088 1024 496 ) (-1088 1024 512 ) (-1088 1200 512 ) (-1088 1200 496 ) 
4 208 209 (-1024 1024 496 ) (-1088 1024 496 ) (-1088 1360 496 ) (-1024 1360 496 ) 
4 209 340 (-1024 1024 480 ) (-1024 1024 496 ) (-1088 1024 496 ) (-1088 1024 480 ) 
4 209 245 (-1088 1200 496 ) (-1088 1264 496 ) (-1088 1264 480 ) (-1088 1200 480 ) 
4 209 261 (-1088 1024 480 ) (-1088 1024 496 ) (-1088 1200 496 ) (-1088 1200 480 ) 
4 209 210 (-1088 1024 480 ) (-1088 1344 480 ) (-1024 1344 480 ) (-1024 1024 480 ) 
4 210 340 (-1024 1024 464 ) (-1024 1024 480 ) (-1088 1024 480 ) (-1088 1024 464 ) 
4 210 245 (-1088 1200 480 ) (-1088 1264 480 ) (-1088 1264 464 ) (-1088 1200 464 ) 
4 210 261 (-1088 1024 464 ) (-1088 1024 480 ) (-1088 1200 480 ) (-1088 1200 464 ) 
4 210 211 (-1088 1024 464 ) (-1088 1328 464 ) (-1024 1328 464 ) (-1024 1024 464 ) 
4 211 340 (-1024 1024 448 ) (-1024 1024 464 ) (-1088 1024 464 ) (-1088 1024 448 ) 
4 211 246 (-1088 1328 449 ) (-1088 1328 448 ) (-1088 1200 448 ) (-1088 1200 449 ) 
4 211 245 (-1088 1200 464 ) (-1088 1264 464 ) (-1088 1264 449 ) (-1088 1200 449 ) 
4 211 261 (-1088 1024 448 ) (-1088 1024 464 ) (-1088 1200 464 ) (-1088 1200 448 ) 
4 211 212 (-1024 1024 448 ) (-1088 1024 448 ) (-1088 1312 448 ) (-1024 1312 448 ) 
4 212 340 (-1024 1024 432 ) (-1024 1024 448 ) (-1088 1024 448 ) (-1088 1024 432 ) 
4 212 247 (-1088 1200 448 ) (-1088 1264 448 ) (-1088 1264 432 ) (-1088 1200 432 ) 
4 212 261 (-1088 1024 432 ) (-1088 1024 448 ) (-1088 1200 448 ) (-1088 1200 432 ) 
4 212 213 (-1024 1024 432 ) (-1088 1024 432 ) (-1088 1296 432 ) (-1024 1296 432 ) 
4 213 340 (-1024 1024 416 ) (-1024 1024 432 ) (-1088 1024 432 ) (-1088 1024 416 ) 
4 213 247 (-1088 1200 432 ) (-1088 1264 432 ) (-1088 1264 416 ) (-1088 1200 416 ) 
4 213 261 (-1088 1024 416 ) (-1088 1024 432 ) (-1088 1200 432 ) (-1088 1200 416 ) 
4 213 214 (-1088 1024 416 ) (-1088 1280 416 ) (-1024 1280 416 ) (-1024 1024 416 ) 
4 214 340 (-1024 1024 400 ) (-1024 1024 416 ) (-1088 1024 416 ) (-1088 1024 400 ) 
4 214 247 (-1088 1200 416 ) (-1088 1264 416 ) (-1088 1264 400 ) (-1088 1200 400 ) 
4 214 261 (-1088 1024 400 ) (-1088 1024 416 ) (-1088 1200 416 ) (-1088 1200 400 ) 
4 214 215 (-1024 1024 400 ) (-1088 1024 400 ) (-1088 1264 400 ) (-1024 1264 400 ) 
4 215 340 (-1024 1024 384 ) (-1024 1024 400 ) (-1088 1024 400 ) (-1088 1024 384 ) 
4 215 247 (-1088 1200 400 ) (-1088 1264 400 ) (-1088 1264 384 ) (-1088 1200 384 ) 
4 215 261 (-1088 1024 384 ) (-1088 1024 400 ) (-1088 1200 400 ) (-1088 1200 384 ) 
4 215 216 (-1088 1024 384 ) (-1088 1248 384 ) (-1024 1248 384 ) (-1024 1024 384 ) 
4 216 340 (-1024 1024 368 ) (-1024 1024 384 ) (-1088 1024 384 ) (-1088 1024 368 ) 
4 216 247 (-1088 1200 384 ) (-1088 1248 384 ) (-1088 1248 368 ) (-1088 1200 368 ) 
4 216 261 (-1088 1024 368 ) (-1088 1024 384 ) (-1088 1200 384 ) (-1088 1200 368 ) 
4 216 217 (-1088 1024 368 ) (-1088 1232 368 ) (-1024 1232 368 ) (-1024 1024 368 ) 
4 217 340 (-1024 1024 352 ) (-1024 1024 368 ) (-1088 1024 368 ) (-1088 1024 352 ) 
4 217 247 (-1088 1200 368 ) (-1088 1232 368 ) (-1088 1232 352 ) (-1088 1200 352 ) 
4 217 261 (-1088 1024 352 ) (-1088 1024 368 ) (-1088 1200 368 ) (-1088 1200 352 ) 
4 217 219 (-1024 1024 352 ) (-1088 1024 352 ) (-1088 1216 352 ) (-1024 1216 352 ) 
4 218 249 (-1088 1264 320 ) (-1088 1216 320 ) (-1088 1216 336 ) (-1088 1264 336 ) 
4 218 248 (-1088 1408 320 ) (-1088 1264 320 ) (-1088 1264 321 ) (-1088 1408 321 ) 
4 218 219 (-1088 1216 336 ) (-1088 1216 320 ) (-1024 1216 320 ) (-1024 1216 336 ) 
4 219 340 (-1024 1024 320 ) (-1024 1024 352 ) (-1088 1024 352 ) (-1088 1024 320 ) 
4 219 249 (-1088 1216 320 ) (-1088 1200 320 ) (-1088 1200 336 ) (-1088 1216 336 ) 
4 219 247 (-1088 1200 336 ) (-1088 1200 352 ) (-1088 1216 352 ) (-1088 1216 336 ) 
4 219 261 (-1088 1200 320 ) (-1088 1024 320 ) (-1088 1024 352 ) (-1088 1200 352 ) 
4 220 278 (-2048 2048 960 ) (-2048 2048 720 ) (-2048 1824 720 ) (-2048 1824 960 ) 
4 220 223 (-1504 1824 720 ) (-1088 1824 720 ) (-1088 1824 960 ) (-1504 1824 960 ) 
4 220 224 (-2048 1824 960 ) (-2048 1824 720 ) (-1504 1824 720 ) (-1504 1824 960 ) 
4 220 221 (-1504 1856 720 ) (-1504 2048 720 ) (-1088 2048 720 ) (-1088 1856 720 ) 
4 220 222 (-1504 1824 720 ) (-2048 1824 720 ) (-2048 2048 720 ) (-1504 2048 720 ) 
4 221 231 (-1502.220093 1856 704 ) (-1504 1856 704 ) (-1504 1936 704 ) (-1502.220093 1936 704 ) 
4 221 229 (-1088 1936 704 ) (-1088 1856 704 ) (-1482 1856 704 ) (-1482 1936 704 ) 
4 221 228 (-1088 2048 704 ) (-1088 1936 704 ) (-1504 1936 704 ) (-1504 2048 704 ) 
4 221 222 (-1504 2048 704 ) (-1504 1856 704 ) (-1504 1856 720 ) (-1504 2048 720 ) 
4 222 278 (-2048 2048 720 ) (-2048 2048 704 ) (-2048 1824 704 ) (-2048 1824 720 ) 
4 222 266 (-1856 1824 704 ) (-2048 1824 704 ) (-2048 2048 704 ) (-1856 2048 704 ) 
4 222 262 (-1856 1856 704 ) (-1856 2048 704 ) (-1668 2048 704 ) (-1668 1856 704 ) 
4 222 232 (-1668 1856 704 ) (-1668 2048 704 ) (-1504 2048 704 ) (-1504 1856 704 ) 
4 222 224 (-2048 1824 720 ) (-2048 1824 704 ) (-1504 1824 704 ) (-1504 1824 720 ) 
4 223 226 (-1316 1600 960 ) (-1504 1600 960 ) (-1504 1600 800 ) (-1316 1600 800 ) 
4 223 225 (-1088 1600 720 ) (-1088 1600 960 ) (-1316 1600 960 ) (-1316 1600 720 ) 
4 223 224 (-1504 1600 720 ) (-1504 1600 960 ) (-1504 1824 960 ) (-1504 1824 720 ) 
4 224 278 (-2048 1824 960 ) (-2048 1824 704 ) (-2048 1600 704 ) (-2048 1600 960 ) 
4 224 263 (-1668 1600 704 ) (-1856 1600 704 ) (-1856 1824 704 ) (-1668 1824 704 ) 
4 224 257 (-1504 1600 704 ) (-1668 1600 704 ) (-1668 1824 704 ) (-1504 1824 704 ) 
4 224 226 (-1504 1600 800 ) (-1504 1600 960 ) (-1668 1600 960 ) (-1668 1600 800 ) 
4 224 227 (-2048 1600 704 ) (-1668 1600 704 ) (-1668 1600 960 ) (-2048 1600 960 ) 
4 225 340 (-1316 1024 704 ) (-1088 1024 704 ) (-1088 1024 960 ) (-1316 1024 960 ) 
4 225 243 (-1088 1408 704 ) (-1088 1264 704 ) (-1316 1264 704 ) (-1316 1408 704 ) 
4 225 245 (-1088 1264 704 ) (-1088 1200 704 ) (-1316 1200 704 ) (-1316 1264 704 ) 
4 225 237 (-1088 1412.670166 704 ) (-1088 1408 704 ) (-1092 1408 704 ) (-1092 1412.670166 704 ) 
4 225 261 (-1088 1200 704 ) (-1088 1024 704 ) (-1316 1024 704 ) (-1316 1200 704 ) 
5 225 226 (-1316 1024 960 ) (-1316 1600 960 ) (-1316 1600 800 ) (-1316 1408 704 ) (-1316 1024 704 ) 
4 226 341 (-1668 1024 704 ) (-1341.832275 1024 704 ) (-1341.832275 1024 960 ) (-1668 1024 960 ) 
4 226 340 (-1341.832275 1024 704 ) (-1316 1024 704 ) (-1316 1024 960 ) (-1341.832275 1024 960 ) 
4 226 258 (-1668 1264 704 ) (-1668 1406 704 ) (-1480 1406 704 ) (-1480 1264 704 ) 
4 226 254 (-1432 1406 704 ) (-1432 1264 704 ) (-1480 1264 704 ) (-1480 1406 704 ) 
4 226 260 (-1668 1200 704 ) (-1668 1264 704 ) (-1432 1264 704 ) (-1432 1200 704 ) 
4 226 244 (-1317.739990 1406 704 ) (-1317.739990 1264 704 ) (-1432 1264 704 ) (-1432 1406 704 ) 
4 226 243 (-1317.739990 1408 704 ) (-1316 1408 704 ) (-1316 1264 704 ) (-1317.739990 1264 704 ) 
4 226 245 (-1316 1264 704 ) (-1316 1200 704 ) (-1432 1200 704 ) (-1432 1264 704 ) 
4 226 261 (-1316 1024 704 ) (-1668 1024 704 ) (-1668 1200 704 ) (-1316 1200 704 ) 
5 226 227 (-1668 1024 960 ) (-1668 1600 960 ) (-1668 1600 800 ) (-1668 1408 704 ) (-1668 1024 704 ) 
4 227 341 (-2048 1024 960 ) (-2048 1024 704 ) (-1668 1024 704 ) (-1668 1024 960 ) 
4 227 278 (-2048 1024 704 ) (-2048 1024 960 ) (-2048 1600 960 ) (-2048 1600 704 ) 
4 227 267 (-1856 1024 704 ) (-2048 1024 704 ) (-2048 1056 704 ) (-1856 1056 704 ) 
4 227 265 (-1668 1024 704 ) (-1856 1024 704 ) (-1856 1408 704 ) (-1668 1408 704 ) 
4 228 268 (-1504 2048 320 ) (-1088 2048 320 ) (-1088 1936 320 ) (-1504 1936 320 ) 
4 228 232 (-1504 2048 320 ) (-1504 1936 320 ) (-1504 1936 704 ) (-1504 2048 704 ) 
4 228 231 (-1504 1936 704 ) (-1504 1936 320 ) (-1502.220093 1936 320 ) (-1502.220093 1936 704 ) 
4 228 230 (-1502.220093 1936 320 ) (-1482 1936 320 ) (-1482 1936 464 ) (-1502.220093 1936 464 ) 
4 228 229 (-1482 1936 320 ) (-1088 1936 320 ) (-1088 1936 704 ) (-1482 1936 704 ) 
4 229 268 (-1088 1936 320 ) (-1088 1856 320 ) (-1482 1856 320 ) (-1482 1936 320 ) 
4 229 230 (-1482 1936 464 ) (-1482 1936 320 ) (-1482 1856 320 ) (-1482 1856 464 ) 
4 230 268 (-1502.220093 1856 320 ) (-1502.220093 1936 320 ) (-1482 1936 320 ) (-1482 1856 320 ) 
4 230 231 (-1502.220093 1936 464 ) (-1502.220093 1936 320 ) (-1502.220093 1856 320 ) (-1502.220093 1856 464 ) 
4 231 268 (-1504 1856 320 ) (-1504 1936 320 ) (-1502.220093 1936 320 ) (-1502.220093 1856 320 ) 
4 231 232 (-1504 1936 320 ) (-1504 1856 320 ) (-1504 1856 704 ) (-1504 1936 704 ) 
4 232 268 (-1668 1856 320 ) (-1668 2048 320 ) (-1504 2048 320 ) (-1504 1856 320 ) 
4 232 262 (-1668 2048 320 ) (-1668 1856 320 ) (-1668 1856 704 ) (-1668 2048 704 ) 
4 233 234 (-1430 1824 704 ) (-1430 1824 512 ) (-1430 1632 512 ) (-1430 1632 704 ) 
4 234 255 (-1432 1824 616 ) (-1432 1824 512 ) (-1432 1412.670166 512 ) (-1432 1412.670166 616 ) 
4 234 253 (-1432 1824 704 ) (-1432 1824 616 ) (-1432 1414 616 ) (-1432 1414 704 ) 
4 234 241 (-1432 1412.670166 704 ) (-1432 1412.670166 512 ) (-1430 1412.670166 512 ) (-1430 1412.670166 704 ) 
4 235 236 (-1430 1632 449 ) (-1430 1824 449 ) (-1430 1824 320 ) (-1430 1632 320 ) 
4 236 259 (-1432 1824 449 ) (-1432 1824 320 ) (-1432 1412.670166 320 ) (-1432 1412.670166 449 ) 
4 236 242 (-1432 1412.670166 449 ) (-1432 1412.670166 320 ) (-1430 1412.670166 320 ) (-1430 1412.670166 449 ) 
4 237 243 (-1088 1408 512 ) (-1088 1408 704 ) (-1092 1408 704 ) (-1092 1408 512 ) 
4 238 248 (-1092 1408 320 ) (-1088 1408 320 ) (-1088 1408 321 ) (-1092 1408 321 ) 
4 238 246 (-1088 1408 448 ) (-1088 1408 449 ) (-1092 1408 449 ) (-1092 1408 448 ) 
4 239 243 (-1316 1408 512 ) (-1316 1408 704 ) (-1317.739990 1408 704 ) (-1317.739990 1408 512 ) 
4 239 241 (-1317.739990 1412.670166 704 ) (-1317.739990 1412.670166 512 ) (-1317.739990 1412 512 ) (-1317.739990 1412 704 ) 
4 240 251 (-1317.739990 1408 320 ) (-1316 1408 320 ) (-1316 1408 449 ) (-1317.739990 1408 449 ) 
4 240 242 (-1317.739990 1412.670166 449 ) (-1317.739990 1412.670166 320 ) (-1317.739990 1412 320 ) (-1317.739990 1412 449 ) 
4 241 255 (-1432 1412.670166 616 ) (-1432 1412.670166 512 ) (-1432 1412 512 ) (-1432 1412 616 ) 
4 242 259 (-1432 1412.670166 320 ) (-1432 1412 320 ) (-1432 1412 449 ) (-1432 1412.670166 449 ) 
4 243 244 (-1317.739990 1406 512 ) (-1317.739990 1264 512 ) (-1317.739990 1264 704 ) (-1317.739990 1406 704 ) 
4 243 245 (-1088 1264 512 ) (-1088 1264 704 ) (-1317.739990 1264 704 ) (-1317.739990 1264 512 ) 
4 244 255 (-1432 1406 616 ) (-1432 1406 512 ) (-1432 1264 512 ) (-1432 1264 616 ) 
4 244 254 (-1432 1264 704 ) (-1432 1406 704 ) (-1432 1406 616 ) (-1432 1264 616 ) 
4 244 245 (-1432 1264 704 ) (-1432 1264 512 ) (-1317.739990 1264 512 ) (-1317.739990 1264 704 ) 
4 245 260 (-1432 1200 449 ) (-1432 1200 704 ) (-1432 1264 704 ) (-1432 1264 449 ) 
4 245 252 (-1317.739990 1200 449 ) (-1432 1200 449 ) (-1432 1264 449 ) (-1317.739990 1264 449 ) 
4 245 251 (-1236 1200 449 ) (-1317.739990 1200 449 ) (-1317.739990 1264 449 ) (-1236 1264 449 ) 
4 245 246 (-1088 1200 449 ) (-1236 1200 449 ) (-1236 1264 449 ) (-1088 1264 449 ) 
4 245 261 (-1088 1200 449 ) (-1088 1200 704 ) (-1432 1200 704 ) (-1432 1200 449 ) 
4 246 251 (-1236 1200 448 ) (-1236 1200 449 ) (-1236 1408 449 ) (-1236 1408 448 ) 
4 246 250 (-1128 1200 448 ) (-1236 1200 448 ) (-1236 1408 448 ) (-1128 1408 448 ) 
4 246 247 (-1088 1200 448 ) (-1128 1200 448 ) (-1128 1264 448 ) (-1088 1264 448 ) 
4 246 261 (-1088 1200 448 ) (-1088 1200 449 ) (-1236 1200 449 ) (-1236 1200 448 ) 
4 247 250 (-1128 1200 336 ) (-1128 1200 448 ) (-1128 1264 448 ) (-1128 1264 336 ) 
4 247 249 (-1088 1200 336 ) (-1092 1200 336 ) (-1092 1264 336 ) (-1088 1264 336 ) 
4 247 261 (-1088 1200 336 ) (-1088 1200 448 ) (-1128 1200 448 ) (-1128 1200 336 ) 
4 248 249 (-1088 1264 320 ) (-1088 1264 321 ) (-1092 1264 321 ) (-1092 1264 320 ) 
4 249 261 (-1092 1200 320 ) (-1088 1200 320 ) (-1088 1200 336 ) (-1092 1200 336 ) 
4 250 251 (-1236 1200 336 ) (-1236 1200 448 ) (-1236 1408 448 ) (-1236 1408 336 ) 
4 250 261 (-1128 1200 336 ) (-1128 1200 448 ) (-1236 1200 448 ) (-1236 1200 336 ) 
4 251 252 (-1317.739990 1200 320 ) (-1317.739990 1200 449 ) (-1317.739990 1406 449 ) (-1317.739990 1406 320 ) 
4 251 261 (-1317.739990 1200 320 ) (-1236 1200 320 ) (-1236 1200 449 ) (-1317.739990 1200 449 ) 
4 252 259 (-1432 1406 320 ) (-1432 1264 320 ) (-1432 1264 449 ) (-1432 1406 449 ) 
4 252 260 (-1432 1264 320 ) (-1432 1200 320 ) (-1432 1200 449 ) (-1432 1264 449 ) 
4 252 261 (-1432 1200 320 ) (-1317.739990 1200 320 ) (-1317.739990 1200 449 ) (-1432 1200 449 ) 
4 253 256 (-1480 1824 704 ) (-1480 1824 616 ) (-1480 1414 616 ) (-1480 1414 704 ) 
4 253 255 (-1480 1414 616 ) (-1480 1824 616 ) (-1432 1824 616 ) (-1432 1414 616 ) 
4 254 258 (-1480 1406 616 ) (-1480 1264 616 ) (-1480 1264 704 ) (-1480 1406 704 ) 
4 254 255 (-1432 1264 616 ) (-1480 1264 616 ) (-1480 1406 616 ) (-1432 1406 616 ) 
4 254 260 (-1432 1264 616 ) (-1432 1264 704 ) (-1480 1264 704 ) (-1480 1264 616 ) 
4 255 258 (-1480 1406 512 ) (-1480 1264 512 ) (-1480 1264 616 ) (-1480 1406 616 ) 
4 255 256 (-1480 1824 616 ) (-1480 1824 512 ) (-1480 1411.010132 512 ) (-1480 1411.010132 616 ) 
4 255 260 (-1432 1264 512 ) (-1432 1264 616 ) (-1480 1264 616 ) (-1480 1264 512 ) 
4 257 263 (-1668 1600 704 ) (-1668 1824 704 ) (-1668 1824 512 ) (-1668 1600 512 ) 
4 258 265 (-1668 1264 512 ) (-1668 1264 704 ) (-1668 1406 704 ) (-1668 1406 512 ) 
4 258 260 (-1668 1264 704 ) (-1668 1264 512 ) (-1480 1264 512 ) (-1480 1264 704 ) 
4 259 265 (-1668 1408 320 ) (-1668 1264 320 ) (-1668 1264 449 ) (-1668 1408 449 ) 
4 259 264 (-1668 1824 320 ) (-1668 1600 320 ) (-1668 1600 449 ) (-1668 1824 449 ) 
4 259 260 (-1668 1264 449 ) (-1668 1264 320 ) (-1432 1264 320 ) (-1432 1264 449 ) 
4 260 265 (-1668 1264 320 ) (-1668 1200 320 ) (-1668 1200 704 ) (-1668 1264 704 ) 
4 260 261 (-1668 1200 704 ) (-1668 1200 320 ) (-1432 1200 320 ) (-1432 1200 704 ) 
4 261 348 (-1668 1024 320 ) (-1341.832275 1024 320 ) (-1341.832275 1024 576 ) (-1668 1024 576 ) 
4 261 341 (-1341.832275 1024 576 ) (-1341.832275 1024 704 ) (-1668 1024 704 ) (-1668 1024 576 ) 
4 261 340 (-1341.832275 1024 320 ) (-1088 1024 320 ) (-1088 1024 704 ) (-1341.832275 1024 704 ) 
4 261 265 (-1668 1200 320 ) (-1668 1024 320 ) (-1668 1024 704 ) (-1668 1200 704 ) 
4 262 268 (-1856 1856 320 ) (-1856 2048 320 ) (-1668 2048 320 ) (-1668 1856 320 ) 
4 262 266 (-1856 2048 320 ) (-1856 1856 320 ) (-1856 1856 704 ) (-1856 2048 704 ) 
4 265 348 (-1856 1024 320 ) (-1668 1024 320 ) (-1668 1024 576 ) (-1856 1024 576 ) 
4 265 341 (-1668 1024 576 ) (-1668 1024 704 ) (-1856 1024 704 ) (-1856 1024 576 ) 
4 265 267 (-1856 1056 320 ) (-1856 1024 320 ) (-1856 1024 704 ) (-1856 1056 704 ) 
4 266 279 (-2048 1824 704 ) (-2048 2048 704 ) (-2048 2048 320 ) (-2048 1824 320 ) 
4 266 268 (-2048 1824 320 ) (-2048 2048 320 ) (-1856 2048 320 ) (-1856 1824 320 ) 
4 267 350 (-2048 1024 576 ) (-2048 1024 377.029083 ) (-2016 1024 366.969360 ) (-2016 1024 576 ) 
5 267 348 (-2016 1024 366.969360 ) (-1866.590454 1024 320 ) (-1856 1024 320 ) (-1856 1024 576 ) (-2016 1024 576 ) 
4 267 341 (-2048 1024 704 ) (-2048 1024 576 ) (-1856 1024 576 ) (-1856 1024 704 ) 
4 267 282 (-2048 1024 377.029083 ) (-2048 1024 704 ) (-2048 1056 704 ) (-2048 1056 378.553345 ) 
4 268 291 (-2048 2048 0 ) (-2048 2048 -256 ) (-2048 1824 -256 ) (-2048 1824 0 ) 
4 268 287 (-2048 1824 320 ) (-2048 2048 320 ) (-2048 2048 0 ) (-2048 1824 0 ) 
4 268 269 (-2048 1824 -256 ) (-1024 1824 -256 ) (-1024 1824 0 ) (-2048 1824 0 ) 
4 269 352 (-1024 1024 -256 ) (-1024 1024 0 ) (-2048 1024 0 ) (-2048 1024 -256 ) 
4 269 291 (-2048 1024 -256 ) (-2048 1024 0 ) (-2048 1824 0 ) (-2048 1824 -256 ) 
4 270 272 (-2048 4096 -256 ) (-2048 4096 960 ) (-3072 4096 960 ) (-3072 4096 -256 ) 
4 270 271 (-3072 5120 960 ) (-3072 5120 -256 ) (-3072 4096 -256 ) (-3072 4096 960 ) 
4 271 274 (-4096 5120 960 ) (-4096 5120 -256 ) (-4096 4096 -256 ) (-4096 4096 960 ) 
4 271 273 (-3072 4096 -256 ) (-3072 4096 960 ) (-4096 4096 960 ) (-4096 4096 -256 ) 
4 272 276 (-2048 3072 -256 ) (-2048 3072 960 ) (-3072 3072 960 ) (-3072 3072 -256 ) 
4 272 273 (-3072 4096 960 ) (-3072 4096 -256 ) (-3072 3072 -256 ) (-3072 3072 960 ) 
4 273 277 (-3072 3072 -256 ) (-3072 3072 960 ) (-4096 3072 960 ) (-4096 3072 -256 ) 
4 273 275 (-4096 3072 -256 ) (-4096 3072 960 ) (-4096 4096 960 ) (-4096 4096 -256 ) 
4 274 275 (-4096 4096 -256 ) (-4096 4096 960 ) (-4992 4096 960 ) (-4992 4096 -256 ) 
4 275 293 (-4096 3072 -256 ) (-4096 3072 960 ) (-4992 3072 960 ) (-4992 3072 -256 ) 
4 276 291 (-2048 2048 -256 ) (-2048 2048 0 ) (-3072 2048 0 ) (-3072 2048 -256 ) 
4 276 287 (-2048 2048 0 ) (-2048 2048 320 ) (-3060.629883 2048 320 ) (-3060.629883 2048 0 ) 
4 276 290 (-3060.629883 2048 320 ) (-3072 2048 320 ) (-3072 2048 0 ) (-3060.629883 2048 0 ) 
4 276 279 (-2048 2048 320 ) (-2048 2048 704 ) (-3072 2048 704 ) (-3072 2048 320 ) 
4 276 278 (-2048 2048 704 ) (-2048 2048 960 ) (-3072 2048 960 ) (-3072 2048 704 ) 
4 276 277 (-3072 3072 960 ) (-3072 3072 -256 ) (-3072 2048 -256 ) (-3072 2048 960 ) 
4 277 293 (-4096 3072 960 ) (-4096 3072 -256 ) (-4096 2048 -256 ) (-4096 2048 960 ) 
4 277 292 (-3072 2048 -256 ) (-3072 2048 960 ) (-4096 2048 960 ) (-4096 2048 -256 ) 
4 278 385 (-2680 1024 960 ) (-3072 1024 960 ) (-3072 1024 704 ) (-2680 1024 704 ) 
4 278 382 (-2240 1024 960 ) (-2680 1024 960 ) (-2680 1024 704 ) (-2240 1024 704 ) 
4 278 379 (-2048 1024 704 ) (-2048 1024 960 ) (-2240 1024 960 ) (-2240 1024 704 ) 
4 278 292 (-3072 2048 960 ) (-3072 2048 704 ) (-3072 1024 704 ) (-3072 1024 960 ) 
4 278 285 (-2240 1024 704 ) (-2680 1024 704 ) (-2680 1400 704 ) (-2240 1400 704 ) 
4 278 284 (-3060.629883 1600 704 ) (-3060.629883 1640 704 ) (-2688 1640 704 ) (-2688 1600 704 ) 
4 278 283 (-3060.629883 1640 704 ) (-3060.629883 1824 704 ) (-2240 1824 704 ) (-2240 1640 704 ) 
4 278 282 (-2048 1056 704 ) (-2048 1024 704 ) (-2240 1024 704 ) (-2240 1056 704 ) 
4 278 280 (-2240 1640 704 ) (-2240 1824 704 ) (-2232.629883 1824 704 ) (-2232.629883 1640 704 ) 
4 278 281 (-2232.629883 1056 704 ) (-2240 1056 704 ) (-2240 1400 704 ) (-2232.629883 1400 704 ) 
4 278 286 (-3060.629883 1024 704 ) (-3072 1024 704 ) (-3072 1824 704 ) (-3060.629883 1824 704 ) 
4 278 279 (-3072 2048 704 ) (-2048 2048 704 ) (-2048 1824 704 ) (-3072 1824 704 ) 
4 279 292 (-3072 2048 704 ) (-3072 2048 320 ) (-3072 1824 320 ) (-3072 1824 704 ) 
4 279 287 (-3060.629883 2048 320 ) (-2048 2048 320 ) (-2048 1824 320 ) (-3060.629883 1824 320 ) 
4 279 290 (-3072 1824 320 ) (-3072 2048 320 ) (-3060.629883 2048 320 ) (-3060.629883 1824 320 ) 
4 279 283 (-3060.629883 1824 320 ) (-2240 1824 320 ) (-2240 1824 704 ) (-3060.629883 1824 704 ) 
4 279 280 (-2240 1824 320 ) (-2232.629883 1824 320 ) (-2232.629883 1824 704 ) (-2240 1824 704 ) 
4 279 286 (-3072 1824 320 ) (-3060.629883 1824 320 ) (-3060.629883 1824 704 ) (-3072 1824 704 ) 
4 280 283 (-2240 1824 704 ) (-2240 1824 320 ) (-2240 1640 320 ) (-2240 1640 704 ) 
4 281 285 (-2240 1056 448 ) (-2240 1056 704 ) (-2240 1400 704 ) (-2240 1400 448 ) 
4 281 282 (-2240 1056 704 ) (-2240 1056 438.911682 ) (-2232.629883 1056 436.594818 ) (-2232.629883 1056 704 ) 
4 282 379 (-2048 1024 377.029083 ) (-2048 1024 704 ) (-2240 1024 704 ) (-2240 1024 437.387451 ) 
4 282 285 (-2240 1024 448 ) (-2240 1024 704 ) (-2240 1056 704 ) (-2240 1056 448 ) 
4 283 288 (-3060.629883 1640 320 ) (-3060.629883 1824 320 ) (-2760 1824 320 ) (-2760 1640 320 ) 
4 283 284 (-3060.629883 1640 704 ) (-3060.629883 1640 320 ) (-2688 1640 320 ) (-2688 1640 704 ) 
4 283 286 (-3060.629883 1824 704 ) (-3060.629883 1824 320 ) (-3060.629883 1640 320 ) (-3060.629883 1640 704 ) 
4 284 288 (-3060.629883 1600 320 ) (-3060.629883 1640 320 ) (-2760 1640 320 ) (-2760 1600 320 ) 
4 284 286 (-3060.629883 1640 320 ) (-3060.629883 1600 320 ) (-3060.629883 1600 704 ) (-3060.629883 1640 704 ) 
4 285 382 (-2240 1024 704 ) (-2680 1024 704 ) (-2680 1024 448 ) (-2240 1024 448 ) 
4 286 386 (-3060.629883 1024 704 ) (-3072 1024 704 ) (-3072 1024 320 ) (-3060.629883 1024 320 ) 
4 286 292 (-3072 1824 320 ) (-3072 1024 320 ) (-3072 1024 704 ) (-3072 1824 704 ) 
4 286 290 (-3060.629883 1024 320 ) (-3072 1024 320 ) (-3072 1824 320 ) (-3060.629883 1824 320 ) 
4 287 291 (-3060.629883 2048 0 ) (-2048 2048 0 ) (-2048 1824 0 ) (-3060.629883 1824 0 ) 
4 287 288 (-3060.629883 1824 320 ) (-3060.629883 1824 0 ) (-2760 1824 0 ) (-2760 1824 320 ) 
4 287 290 (-3060.629883 2048 0 ) (-3060.629883 1824 0 ) (-3060.629883 1824 320 ) (-3060.629883 2048 320 ) 
4 288 291 (-3060.629883 1600 0 ) (-3060.629883 1824 0 ) (-2760 1824 0 ) (-2760 1600 0 ) 
4 288 289 (-3060.629883 1600 113.142998 ) (-3060.629883 1600 0 ) (-2760 1600 0 ) (-2760 1600 113.142998 ) 
4 288 290 (-3060.629883 1824 0 ) (-3060.629883 1600 0 ) (-3060.629883 1600 320 ) (-3060.629883 1824 320 ) 
4 289 387 (-3060.629883 1024 113.142998 ) (-3060.629883 1024 0 ) (-2760 1024 0 ) (-2760 1024 113.142998 ) 
4 289 291 (-2760 1024 0 ) (-3060.629883 1024 0 ) (-3060.629883 1600 0 ) (-2760 1600 0 ) 
4 289 290 (-3060.629883 1600 0 ) (-3060.629883 1024 0 ) (-3060.629883 1024 113.142998 ) (-3060.629883 1600 113.142998 ) 
4 290 388 (-3060.629883 1024 320 ) (-3072 1024 320 ) (-3072 1024 0 ) (-3060.629883 1024 0 ) 
4 290 292 (-3072 2048 320 ) (-3072 2048 0 ) (-3072 1024 0 ) (-3072 1024 320 ) 
4 290 291 (-3072 2048 0 ) (-3060.629883 2048 0 ) (-3060.629883 1024 0 ) (-3072 1024 0 ) 
4 291 389 (-2048 1024 -256 ) (-2048 1024 0 ) (-3072 1024 0 ) (-3072 1024 -256 ) 
4 291 292 (-3072 2048 0 ) (-3072 2048 -256 ) (-3072 1024 -256 ) (-3072 1024 0 ) 
4 292 390 (-3072 1024 -256 ) (-3072 1024 960 ) (-4096 1024 960 ) (-4096 1024 -256 ) 
4 292 294 (-4096 1024 -256 ) (-4096 1024 960 ) (-4096 2048 960 ) (-4096 2048 -256 ) 
4 293 294 (-4096 2048 -256 ) (-4096 2048 960 ) (-4992 2048 960 ) (-4992 2048 -256 ) 
4 294 402 (-4096 1024 -256 ) (-4096 1024 960 ) (-4992 1024 960 ) (-4992 1024 -256 ) 
4 295 297 (5888 0 960 ) (5120 0 960 ) (5120 0 -256 ) (5888 0 -256 ) 
4 295 296 (5120 0 -256 ) (5120 0 960 ) (5120 1024 960 ) (5120 1024 -256 ) 
4 296 301 (4096 1024 960 ) (4096 1024 -256 ) (4096 0 -256 ) (4096 0 960 ) 
4 296 298 (5120 0 -256 ) (5120 0 960 ) (4096 0 960 ) (4096 0 -256 ) 
4 297 299 (5888 -1024 960 ) (5120 -1024 960 ) (5120 -1024 -256 ) (5888 -1024 -256 ) 
4 297 298 (5120 0 960 ) (5120 0 -256 ) (5120 -1024 -256 ) (5120 -1024 960 ) 
4 298 304 (4096 -1024 -256 ) (4096 -1024 960 ) (4096 0 960 ) (4096 0 -256 ) 
4 298 300 (5120 -1024 -256 ) (5120 -1024 960 ) (4096 -1024 960 ) (4096 -1024 -256 ) 
4 299 310 (5888 -2048 960 ) (5120 -2048 960 ) (5120 -2048 -256 ) (5888 -2048 -256 ) 
4 299 300 (5120 -1024 960 ) (5120 -1024 -256 ) (5120 -2048 -256 ) (5120 -2048 960 ) 
4 300 311 (5120 -2048 -256 ) (5120 -2048 960 ) (4096 -2048 960 ) (4096 -2048 -256 ) 
4 300 305 (4096 -2048 -256 ) (4096 -2048 960 ) (4096 -1024 960 ) (4096 -1024 -256 ) 
4 301 304 (4096 0 -256 ) (4096 0 960 ) (3072 0 960 ) (3072 0 -256 ) 
4 301 302 (3072 1024 960 ) (3072 1024 -256 ) (3072 0 -256 ) (3072 0 960 ) 
4 302 306 (3072 0 -256 ) (3072 0 960 ) (2048 0 960 ) (2048 0 -256 ) 
4 302 303 (2048 0 -256 ) (2048 0 960 ) (2048 1024 960 ) (2048 1024 -256 ) 
4 303 328 (1024 1024 0 ) (1024 1024 -256 ) (1024 0 -256 ) (1024 0 0 ) 
4 303 326 (1024 1024 704 ) (1024 1024 0 ) (1024 0 0 ) (1024 0 704 ) 
4 303 325 (1024 1024 960 ) (1024 1024 704 ) (1024 0 704 ) (1024 0 960 ) 
4 303 307 (2048 0 -256 ) (2048 0 960 ) (1024 0 960 ) (1024 0 -256 ) 
4 304 306 (3072 0 960 ) (3072 0 -256 ) (3072 -1024 -256 ) (3072 -1024 960 ) 
4 304 305 (4096 -1024 -256 ) (4096 -1024 960 ) (3072 -1024 960 ) (3072 -1024 -256 ) 
4 305 316 (4096 -2048 -256 ) (4096 -2048 960 ) (3072 -2048 960 ) (3072 -2048 -256 ) 
4 305 308 (3072 -2048 -256 ) (3072 -2048 960 ) (3072 -1024 960 ) (3072 -1024 -256 ) 
4 306 308 (3072 -1024 -256 ) (3072 -1024 960 ) (2048 -1024 960 ) (2048 -1024 -256 ) 
4 306 307 (2048 0 960 ) (2048 0 -256 ) (2048 -1024 -256 ) (2048 -1024 960 ) 
4 307 358 (1024 -1024 -256 ) (1024 -1024 0 ) (1024 0 0 ) (1024 0 -256 ) 
4 307 354 (1024 -640 704 ) (1024 0 704 ) (1024 0 0 ) (1024 -640 0 ) 
4 307 357 (1024 -1024 0 ) (1024 -1024 704 ) (1024 -640 704 ) (1024 -640 0 ) 
4 307 353 (1024 -1024 704 ) (1024 -1024 960 ) (1024 0 960 ) (1024 0 704 ) 
4 307 309 (2048 -1024 -256 ) (2048 -1024 960 ) (1024 -1024 960 ) (1024 -1024 -256 ) 
4 308 318 (3072 -2048 -256 ) (3072 -2048 960 ) (2048 -2048 960 ) (2048 -2048 -256 ) 
4 308 309 (2048 -1024 960 ) (2048 -1024 -256 ) (2048 -2048 -256 ) (2048 -2048 960 ) 
4 309 359 (1024 -2048 -256 ) (1024 -2048 960 ) (1024 -1024 960 ) (1024 -1024 -256 ) 
4 309 319 (2048 -2048 -256 ) (2048 -2048 960 ) (1024 -2048 960 ) (1024 -2048 -256 ) 
4 310 312 (5888 -3072 960 ) (5120 -3072 960 ) (5120 -3072 -256 ) (5888 -3072 -256 ) 
4 310 311 (5120 -2048 960 ) (5120 -2048 -256 ) (5120 -3072 -256 ) (5120 -3072 960 ) 
4 311 316 (4096 -2048 960 ) (4096 -2048 -256 ) (4096 -3072 -256 ) (4096 -3072 960 ) 
4 311 313 (5120 -3072 -256 ) (5120 -3072 960 ) (4096 -3072 960 ) (4096 -3072 -256 ) 
4 312 314 (5888 -4096 960 ) (5120 -4096 960 ) (5120 -4096 -256 ) (5888 -4096 -256 ) 
4 312 313 (5120 -3072 960 ) (5120 -3072 -256 ) (5120 -4096 -256 ) (5120 -4096 960 ) 
4 313 317 (4096 -4096 -256 ) (4096 -4096 960 ) (4096 -3072 960 ) (4096 -3072 -256 ) 
4 313 315 (5120 -4096 -256 ) (5120 -4096 960 ) (4096 -4096 960 ) (4096 -4096 -256 ) 
4 314 315 (5120 -4096 960 ) (5120 -4096 -256 ) (5120 -4928 -256 ) (5120 -4928 960 ) 
4 315 322 (4096 -4928 960 ) (4096 -4096 960 ) (4096 -4096 -256 ) (4096 -4928 -256 ) 
4 316 318 (3072 -2048 960 ) (3072 -2048 -256 ) (3072 -3072 -256 ) (3072 -3072 960 ) 
4 316 317 (4096 -3072 -256 ) (4096 -3072 960 ) (3072 -3072 960 ) (3072 -3072 -256 ) 
4 317 322 (4096 -4096 -256 ) (4096 -4096 960 ) (3072 -4096 960 ) (3072 -4096 -256 ) 
4 317 320 (3072 -4096 -256 ) (3072 -4096 960 ) (3072 -3072 960 ) (3072 -3072 -256 ) 
4 318 320 (3072 -3072 -256 ) (3072 -3072 960 ) (2048 -3072 960 ) (2048 -3072 -256 ) 
4 318 319 (2048 -2048 960 ) (2048 -2048 -256 ) (2048 -3072 -256 ) (2048 -3072 960 ) 
4 319 405 (1024 -3072 -256 ) (1024 -3072 960 ) (1024 -2048 960 ) (1024 -2048 -256 ) 
4 319 321 (2048 -3072 -256 ) (2048 -3072 960 ) (1024 -3072 960 ) (1024 -3072 -256 ) 
4 320 323 (3072 -4096 -256 ) (3072 -4096 960 ) (2048 -4096 960 ) (2048 -4096 -256 ) 
4 320 321 (2048 -3072 960 ) (2048 -3072 -256 ) (2048 -4096 -256 ) (2048 -4096 960 ) 
4 321 406 (1024 -4096 -256 ) (1024 -4096 960 ) (1024 -3072 960 ) (1024 -3072 -256 ) 
4 321 324 (2048 -4096 -256 ) (2048 -4096 960 ) (1024 -4096 960 ) (1024 -4096 -256 ) 
4 322 323 (3072 -4096 960 ) (3072 -4096 -256 ) (3072 -4928 -256 ) (3072 -4928 960 ) 
4 323 324 (2048 -4096 960 ) (2048 -4096 -256 ) (2048 -4928 -256 ) (2048 -4928 960 ) 
4 324 411 (1024 -4928 960 ) (1024 -4096 960 ) (1024 -4096 -256 ) (1024 -4928 -256 ) 
4 325 353 (1024 0 704 ) (1024 0 960 ) (384 0 960 ) (384 0 704 ) 
4 325 327 (384 1024 960 ) (384 1024 704 ) (384 0 704 ) (384 0 960 ) 
4 325 326 (1024 0 704 ) (768 0 704 ) (768 1024 704 ) (1024 1024 704 ) 
4 326 354 (1024 0 0 ) (1024 0 704 ) (768 0 704 ) (768 0 0 ) 
4 326 328 (1024 0 0 ) (768 0 0 ) (768 1024 0 ) (1024 1024 0 ) 
4 327 356 (0 0 704 ) (0 0 128 ) (384 0 128 ) (384 0 704 ) 
4 327 353 (0 0 960 ) (0 0 704 ) (384 0 704 ) (384 0 960 ) 
4 327 336 (0 32 128 ) (0 0 128 ) (0 0 320 ) (0 32 320 ) 
4 327 334 (0 1024 320 ) (0 1024 128 ) (0 32 128 ) (0 32 320 ) 
4 327 329 (0 1024 960 ) (0 1024 320 ) (0 0 320 ) (0 0 960 ) 
4 328 358 (1024 0 -256 ) (1024 0 0 ) (0 0 0 ) (0 0 -256 ) 
4 328 338 (0 1024 0 ) (0 1024 -256 ) (0 0 -256 ) (0 0 0 ) 
5 329 360 (0 0 320 ) (0 0 960 ) (-678.707947 0 960 ) (-678.707886 0 482.030518 ) (-605.725037 0 320 ) 
4 329 337 (-128 0 320 ) (-512 0 320 ) (-512 32 320 ) (-128 32 320 ) 
4 329 336 (0 0 320 ) (-128 0 320 ) (-128 32 320 ) (0 32 320 ) 
4 329 335 (-512 32 320 ) (-512 352 320 ) (-96 352 320 ) (-96 32 320 ) 
4 329 334 (-96 1024 320 ) (0 1024 320 ) (0 32 320 ) (-96 32 320 ) 
5 329 333 (-694.084839 75.578720 456.324951 ) (-678.707886 0 482.030487 ) (-678.707886 0 960 ) (-702.245911 115.691017 960 ) (-702.245972 115.691040 464 ) 
5 329 331 (-887.046997 1024 320 ) (-775.633911 476.397461 320 ) (-702.245972 115.691040 442.682098 ) (-702.245911 115.691017 960 ) (-887.046997 1024 960 ) 
4 329 330 (-678.706909 0 482.032806 ) (-775.634277 476.404053 320 ) (-636.235962 85.553345 320 ) (-613.191589 0 336.580933 ) 
3 330 362 (-678.707886 0 482.030518 ) (-678.707886 0 343.185974 ) (-613.193604 0 336.581146 ) 
3 330 333 (-678.707886 0 441.863525 ) (-678.707886 0 482.030487 ) (-694.084839 75.578705 456.324951 ) 
3 330 331 (-775.633911 476.397461 320 ) (-702.245972 115.691010 320 ) (-702.245972 115.691010 442.682098 ) 
4 331 340 (-1024 352.115082 960 ) (-1024 1024 960 ) (-1024 1024 320 ) (-1024 352.115051 320 ) 
4 331 339 (-1024 50.229362 960 ) (-1024 352.115082 960 ) (-1024 352.115051 320 ) (-1024 50.229370 320 ) 
4 331 333 (-702.249939 115.690437 464 ) (-702.250000 115.690430 960 ) (-1015.820068 51.893841 960 ) (-1015.820007 51.893764 480 ) 
4 331 332 (-1024 50.229492 320 ) (-1015.820007 51.893738 320 ) (-1015.820068 51.893841 960 ) (-1024 50.229607 960 ) 
4 332 363 (-1024 0 960 ) (-1024 0 320 ) (-1005.262329 0 320 ) (-1005.262329 0 960 ) 
4 332 339 (-1024 0 320 ) (-1024 0 960 ) (-1024 50.229362 960 ) (-1024 50.229370 320 ) 
4 332 333 (-1015.820801 51.896469 480 ) (-1015.820801 51.896454 960 ) (-1005.262573 0 960 ) (-1005.262695 0 470.070679 ) 
4 333 365 (-678.707886 0 441.863525 ) (-678.707947 0 960 ) (-1005.262329 0 960 ) (-1005.262329 0 470.070679 ) 
4 334 336 (-96 32 128 ) (0 32 128 ) (0 32 320 ) (-96 32 320 ) 
4 334 335 (-96 352 128 ) (-96 32 128 ) (-96 32 320 ) (-96 352 320 ) 
4 335 337 (-512 32 320 ) (-462.769043 32 287.179352 ) (-128 32 261.817993 ) (-128 32 320 ) 
4 335 336 (-128 32 128 ) (-96 32 128 ) (-96 32 320 ) (-128 32 320 ) 
4 336 366 (0 0 128 ) (0 0 320 ) (-128 0 320 ) (-128 0 128 ) 
4 336 337 (-128 32 320 ) (-128 32 261.817993 ) (-128 0 264.055756 ) (-128 0 320 ) 
4 337 367 (-128 0 320 ) (-512 0 320 ) (-512 0 293.146759 ) (-128 0 264.055756 ) 
4 338 371 (0 0 -256 ) (0 0 0 ) (-1024 0 0 ) (-1024 0 -256 ) 
4 338 352 (-1024 0 -256 ) (-1024 0 0 ) (-1024 1024 0 ) (-1024 1024 -256 ) 
4 339 381 (-2048 468.786133 320 ) (-2048 0 320 ) (-2048 0 960 ) (-2048 468.786102 960 ) 
4 339 372 (-1024 0 320 ) (-1024 0 960 ) (-2048 0 960 ) (-2048 0 320 ) 
4 339 351 (-2016 465.139862 320 ) (-2048 468.785828 320 ) (-2048 468.785767 576 ) (-2016 465.139801 576 ) 
4 339 344 (-1731.270020 432.698639 464 ) (-1731.270020 432.698639 576 ) (-1413.329956 396.473633 576 ) (-1413.329956 396.473633 480 ) 
4 339 342 (-1731.270020 432.698669 320 ) (-2016 465.139862 320 ) (-2016 465.139801 576 ) (-1731.270020 432.698639 576 ) 
4 339 341 (-2048 468.785767 576 ) (-2048 468.785645 960 ) (-1413.329956 396.473602 960 ) (-1413.329956 396.473633 576 ) 
4 339 340 (-1024 352.114746 320 ) (-1413.329956 396.473663 320 ) (-1413.329956 396.473602 960 ) (-1024 352.114746 960 ) 
4 340 348 (-1341.832031 1024 320 ) (-1376.051147 723.664551 320 ) (-1381.033325 679.936462 576 ) (-1341.832153 1024 576 ) 
4 340 347 (-1376.051147 723.664551 320 ) (-1384.349854 650.828003 320 ) (-1384.349854 650.827942 415.995789 ) (-1378.129395 705.423584 426.789246 ) 
4 340 344 (-1413.330078 396.472656 480 ) (-1413.330078 396.472656 576 ) (-1384.349854 650.828003 576 ) (-1384.349854 650.827942 432 ) 
4 340 343 (-1384.349854 650.828003 576 ) (-1381.033325 679.936462 576 ) (-1378.129395 705.423584 426.789246 ) (-1384.349854 650.827942 415.995789 ) 
4 340 341 (-1413.330078 396.472656 576 ) (-1413.330078 396.472656 960 ) (-1341.832397 1024 960 ) (-1341.832153 1024 576 ) 
4 341 380 (-2048 800 576 ) (-2048 608 576 ) (-2048 608 960 ) (-2048 800 960 ) 
4 341 381 (-2048 608 576 ) (-2048 468.786133 576 ) (-2048 468.786102 960 ) (-2048 608 960 ) 
4 341 379 (-2048 1024 960 ) (-2048 1024 576 ) (-2048 800 576 ) (-2048 800 960 ) 
4 341 351 (-2016 465.138641 576 ) (-2048 468.784607 576 ) (-2048 608 576 ) (-2016 608 576 ) 
4 341 350 (-2048 800 576 ) (-2048 1024 576 ) (-2016 1024 576 ) (-2016 800 576 ) 
4 341 348 (-1341.833496 1024 576 ) (-1381.034790 679.936646 576 ) (-2016 764.060852 576 ) (-2016 1024 576 ) 
4 341 344 (-1384.351318 650.828125 576 ) (-1413.331543 396.472656 576 ) (-1731.270264 432.697510 576 ) (-1702.290039 687.052979 576 ) 
4 341 343 (-1381.034790 679.936646 576 ) (-1384.351318 650.828125 576 ) (-1702.290039 687.052979 576 ) (-1698.311523 721.971497 576 ) 
4 341 342 (-1731.270264 432.697510 576 ) (-2016 465.138641 576 ) (-2016 764.060852 576 ) (-1698.311523 721.971497 576 ) 
4 342 351 (-2016 608 320 ) (-2016 465.140137 320 ) (-2016 465.140137 576 ) (-2016 608 576 ) 
3 342 349 (-2016 800 368.728516 ) (-2016 805 339.895935 ) (-2016 800 339.001099 ) 
5 342 348 (-2016 802.138550 356.401581 ) (-2016 764.062500 576 ) (-1698.311523 721.973083 576 ) (-1694.568604 754.823120 383.682831 ) (-1979.666260 799.328552 344.845642 ) 
3 342 346 (-1784.730957 481.740479 320 ) (-1992.633789 672.420959 320 ) (-1773.830811 695.204773 359.998199 ) 
5 342 345 (-2016 693.851563 320 ) (-2016 804.998047 339.894531 ) (-1694.568970 754.820618 383.681183 ) (-1700.491211 702.841553 373.405029 ) (-1992.633789 672.420959 320 ) 
4 342 344 (-1702.290039 687.052917 416 ) (-1702.290039 687.052979 576 ) (-1731.270020 432.699005 576 ) (-1731.270020 432.699005 464 ) 
4 342 343 (-1702.290039 687.052917 370.282990 ) (-1694.569336 754.816406 383.679688 ) (-1698.312256 721.965576 576 ) (-1702.290039 687.052979 576 ) 
4 343 348 (-1698.311523 721.973083 576 ) (-1381.033325 679.938049 576 ) (-1378.129395 705.425171 426.789490 ) (-1694.568604 754.823120 383.682831 ) 
5 343 347 (-1497.199951 724.010071 410.567596 ) (-1378.129761 705.422424 426.787842 ) (-1384.349976 650.827942 415.994629 ) (-1702.290161 687.052917 370.283630 ) (-1700.491211 702.841553 373.405029 ) 
3 343 345 (-1694.568970 754.820618 383.681183 ) (-1497.199951 724.010071 410.567596 ) (-1700.491211 702.841553 373.405029 ) 
4 343 344 (-1702.289063 687.052490 576 ) (-1702.289063 687.052490 416 ) (-1384.349854 650.827637 432 ) (-1384.349854 650.827637 576 ) 
4 345 349 (-2016 808.449097 320 ) (-2016 800 320 ) (-2016 800 339.001099 ) (-2016 805 339.895935 ) 
4 345 348 (-1979.666260 799.328552 344.845642 ) (-1497.185913 724.010559 410.571106 ) (-1681.023682 764.070679 320 ) (-1901.547852 793.286926 320 ) 
4 345 347 (-1497.195313 724.010742 410.572266 ) (-1700.489502 702.841919 373.409119 ) (-1693.949219 760.272888 320 ) (-1681.034912 764.071228 320 ) 
3 345 346 (-1773.829102 695.205139 360.002319 ) (-1992.654663 672.419067 320 ) (-1791.835815 731.482971 320 ) 
4 347 348 (-1497.185913 724.010559 410.571106 ) (-1378.129395 705.425171 426.789490 ) (-1376.051147 723.666199 320 ) (-1681.023682 764.070679 320 ) 
5 348 350 (-2016 802.137390 356.401489 ) (-2016 800 368.728455 ) (-2016 800 576 ) (-2016 1024 576 ) (-2016 1024 366.969360 ) 
3 349 378 (-2048 812.688599 320 ) (-2048 800 320 ) (-2048 800 393.179138 ) 
4 349 350 (-2048 800 393.181152 ) (-2016 800 368.730469 ) (-2016 802.137756 356.401550 ) (-2048 804.612549 366.579163 ) 
5 350 379 (-2048 1024 576 ) (-2048 1024 377.029083 ) (-2048 804.612183 366.579132 ) (-2048 800 393.179138 ) (-2048 800 576 ) 
4 351 381 (-2048 608 320 ) (-2048 468.786133 320 ) (-2048 468.786133 576 ) (-2048 608 576 ) 
4 352 389 (-2048 1024 0 ) (-2048 1024 -256 ) (-2048 0 -256 ) (-2048 0 0 ) 
4 352 375 (-1024 0 -256 ) (-1024 0 0 ) (-2048 0 0 ) (-2048 0 -256 ) 
4 353 369 (0 -354.564026 704 ) (0 -1024 704 ) (0 -1024 960 ) (0 -354.564026 960 ) 
4 353 360 (0 0 960 ) (0 0 704 ) (0 -354.564026 704 ) (0 -354.564026 960 ) 
4 353 359 (1024 -1024 704 ) (1024 -1024 960 ) (0 -1024 960 ) (0 -1024 704 ) 
4 353 356 (0 -354.564026 704 ) (0 0 704 ) (384 0 704 ) (384 -354.564026 704 ) 
4 353 355 (768 -448 704 ) (768 -640 704 ) (512 -640 704 ) (512 -448 704 ) 
4 353 354 (768 0 704 ) (1024 0 704 ) (1024 -640 704 ) (768 -640 704 ) 
4 353 357 (1024 -1024 704 ) (0 -1024 704 ) (0 -640 704 ) (1024 -640 704 ) 
4 354 358 (768 0 0 ) (1024 0 0 ) (1024 -640 0 ) (768 -640 0 ) 
4 354 355 (768 -448 0 ) (768 -640 0 ) (768 -640 704 ) (768 -448 704 ) 
4 354 357 (768 -640 0 ) (1024 -640 0 ) (1024 -640 704 ) (768 -640 704 ) 
4 355 358 (768 -448 0 ) (768 -640 0 ) (512 -640 0 ) (512 -448 0 ) 
4 355 357 (512 -640 0 ) (768 -640 0 ) (768 -640 704 ) (512 -640 704 ) 
4 356 366 (0 0 320 ) (0 0 128 ) (0 -354.564026 128 ) (0 -354.564026 320 ) 
4 356 360 (0 0 704 ) (0 0 320 ) (0 -354.564026 320 ) (0 -354.564026 704 ) 
4 357 370 (0 -640 0 ) (0 -1024 0 ) (0 -1024 704 ) (0 -640 704 ) 
4 357 359 (1024 -1024 0 ) (1024 -1024 704 ) (0 -1024 704 ) (0 -1024 0 ) 
4 357 358 (0 -1024 0 ) (0 -640 0 ) (1024 -640 0 ) (1024 -1024 0 ) 
4 358 371 (0 0 0 ) (0 0 -256 ) (0 -1024 -256 ) (0 -1024 0 ) 
4 358 359 (1024 -1024 -256 ) (1024 -1024 0 ) (0 -1024 0 ) (0 -1024 -256 ) 
4 359 405 (1024 -2048 -256 ) (1024 -2048 960 ) (0 -2048 960 ) (0 -2048 -256 ) 
4 359 376 (0 -2048 -256 ) (0 -2048 960 ) (0 -1024 960 ) (0 -1024 -256 ) 
4 360 369 (0 -354.564026 704 ) (0 -354.564026 960 ) (-606.569702 -354.564026 960 ) (-606.569702 -354.564026 704 ) 
5 360 368 (-128 -354.564026 320 ) (-479.268616 -354.564026 320 ) (-512 -262.790344 320 ) (-512 -208 320 ) (-128 -208 320 ) 
4 360 367 (-512 -208 320 ) (-512 0 320 ) (-128 0 320 ) (-128 -208 320 ) 
4 360 366 (0 -354.564026 320 ) (-128 -354.564026 320 ) (-128 0 320 ) (0 0 320 ) 
4 360 365 (-678.706543 0 960 ) (-678.706543 0 482.027527 ) (-651.205627 -135.168747 528 ) (-651.205627 -135.168747 960 ) 
4 360 364 (-651.205627 -135.168747 528 ) (-606.568359 -354.564026 602.620605 ) (-606.568359 -354.564026 960 ) (-651.205627 -135.168747 960 ) 
4 360 362 (-673.393616 -26.115479 490.915131 ) (-678.706970 0 482.032837 ) (-613.191589 0 336.580933 ) (-580.648621 -120.817192 359.996307 ) 
4 360 361 (-606.568726 -354.564026 602.625854 ) (-673.393616 -26.115479 490.915131 ) (-552.314575 -149.748993 320 ) (-479.266602 -354.564026 320 ) 
3 361 368 (-479.268616 -354.564026 320 ) (-512 -354.564026 320 ) (-512 -262.790314 320 ) 
4 361 365 (-651.205627 -135.168747 528 ) (-673.392395 -26.119446 490.911194 ) (-658.761780 -98.029831 423.106201 ) (-651.205627 -135.168762 416 ) 
5 361 364 (-636.514099 -207.378723 320 ) (-606.568359 -354.564026 320 ) (-606.568359 -354.564026 602.620605 ) (-651.205627 -135.168747 528 ) (-651.205627 -135.168762 388.087524 ) 
3 361 362 (-648.038574 -150.742538 373.402618 ) (-673.394409 -26.116364 490.913055 ) (-580.650940 -120.816475 359.996399 ) 
4 362 365 (-678.706543 0 482.027527 ) (-678.706543 0 441.863403 ) (-658.761780 -98.029823 423.106201 ) (-673.392395 -26.119446 490.911194 ) 
3 362 364 (-651.205627 -135.168747 370.280670 ) (-648.036987 -150.742859 373.402527 ) (-651.205627 -135.168747 388.087524 ) 
4 363 372 (-1024 0 960 ) (-1024 0 320 ) (-1024 -354.564026 320 ) (-1024 -354.564026 960 ) 
4 363 369 (-1024 -354.564026 960 ) (-1024 -354.564026 704 ) (-933.127197 -354.564026 704 ) (-933.127197 -354.564026 960 ) 
4 363 365 (-1005.263123 0 470.070709 ) (-1005.263000 0 960 ) (-964.783691 -198.967133 960 ) (-964.783752 -198.967163 432 ) 
4 363 364 (-933.127930 -354.564026 320 ) (-964.783752 -198.967163 320 ) (-964.783691 -198.967133 960 ) (-933.127930 -354.564026 960 ) 
4 364 369 (-606.569702 -354.564026 704 ) (-606.569702 -354.564026 960 ) (-933.127197 -354.564026 960 ) (-933.127197 -354.564026 704 ) 
4 364 365 (-964.783203 -198.967285 432 ) (-964.783203 -198.967285 960 ) (-651.206909 -135.169250 960 ) (-651.206909 -135.169250 416 ) 
4 366 368 (-128 -354.564026 290.908997 ) (-128 -354.564026 320 ) (-128 -208 320 ) (-128 -208 290.908997 ) 
4 366 367 (-128 -208 320 ) (-128 0 320 ) (-128 0 264.055756 ) (-128 -208 278.601257 ) 
5 367 368 (-512 -208 320 ) (-512 -208 307.690430 ) (-290.486023 -208 290.908997 ) (-128 -208 290.908997 ) (-128 -208 320 ) 
4 369 376 (0 -1024 704 ) (0 -1024 960 ) (-1024 -1024 960 ) (-1024 -1024 704 ) 
4 369 373 (-1024 -1024 704 ) (-1024 -1024 960 ) (-1024 -354.564026 960 ) (-1024 -354.564026 704 ) 
4 369 370 (0 -1024 704 ) (-1024 -1024 704 ) (-1024 -640 704 ) (0 -640 704 ) 
4 370 376 (0 -1024 0 ) (0 -1024 704 ) (-1024 -1024 704 ) (-1024 -1024 0 ) 
4 370 374 (-1024 -640 0 ) (-1024 -1024 0 ) (-1024 -1024 704 ) (-1024 -640 704 ) 
4 370 371 (0 -1024 0 ) (-1024 -1024 0 ) (-1024 -640 0 ) (0 -640 0 ) 
4 371 376 (0 -1024 -256 ) (0 -1024 0 ) (-1024 -1024 0 ) (-1024 -1024 -256 ) 
4 371 375 (-1024 0 0 ) (-1024 0 -256 ) (-1024 -1024 -256 ) (-1024 -1024 0 ) 
4 372 392 (-2048 0 704 ) (-2048 0 320 ) (-2048 -354.564026 320 ) (-2048 -354.564026 704 ) 
4 372 391 (-2048 0 960 ) (-2048 0 704 ) (-2048 -354.564026 704 ) (-2048 -354.564026 960 ) 
4 372 373 (-2048 -354.564026 960 ) (-2048 -354.564026 704 ) (-1024 -354.564026 704 ) (-1024 -354.564026 960 ) 
4 373 391 (-2048 -1024 704 ) (-2048 -1024 960 ) (-2048 -354.564026 960 ) (-2048 -354.564026 704 ) 
4 373 377 (-1024 -1024 704 ) (-1024 -1024 960 ) (-2048 -1024 960 ) (-2048 -1024 704 ) 
4 373 374 (-1024 -640 704 ) (-1024 -1024 704 ) (-2048 -1024 704 ) (-2048 -640 704 ) 
4 374 397 (-2048 -1024 0 ) (-2048 -1024 704 ) (-2048 -640 704 ) (-2048 -640 0 ) 
4 374 377 (-1024 -1024 0 ) (-1024 -1024 704 ) (-2048 -1024 704 ) (-2048 -1024 0 ) 
4 374 375 (-1024 -640 0 ) (-1024 -1024 0 ) (-2048 -1024 0 ) (-2048 -640 0 ) 
4 375 398 (-2048 -1024 -256 ) (-2048 -1024 0 ) (-2048 0 0 ) (-2048 0 -256 ) 
4 375 377 (-1024 -1024 -256 ) (-1024 -1024 0 ) (-2048 -1024 0 ) (-2048 -1024 -256 ) 
4 376 407 (0 -2048 -256 ) (0 -2048 960 ) (-1024 -2048 960 ) (-1024 -2048 -256 ) 
4 376 377 (-1024 -1024 960 ) (-1024 -1024 -256 ) (-1024 -2048 -256 ) (-1024 -2048 960 ) 
4 377 408 (-1024 -2048 -256 ) (-1024 -2048 960 ) (-2048 -2048 960 ) (-2048 -2048 -256 ) 
4 377 400 (-2048 -2048 -256 ) (-2048 -2048 960 ) (-2048 -1024 960 ) (-2048 -1024 -256 ) 
3 378 382 (-2240 800 448 ) (-2240 800 539.883911 ) (-2240 815.931885 448 ) 
4 378 379 (-2240 819.461487 427.644806 ) (-2240 800 539.885986 ) (-2048 800 393.181152 ) (-2048 804.612488 366.579163 ) 
5 379 382 (-2240 815.931885 448 ) (-2240 800 539.883911 ) (-2240 800 960 ) (-2240 1024 960 ) (-2240 1024 448 ) 
4 379 380 (-2048 800 960 ) (-2240 800 960 ) (-2240 800 576 ) (-2048 800 576 ) 
4 380 382 (-2240 608 576 ) (-2240 608 960 ) (-2240 800 960 ) (-2240 800 576 ) 
4 380 381 (-2048 608 960 ) (-2240 608 960 ) (-2240 608 576 ) (-2048 608 576 ) 
4 381 392 (-2048 0 320 ) (-2048 0 704 ) (-2240 0 704 ) (-2240 0 320 ) 
4 381 391 (-2048 0 704 ) (-2048 0 960 ) (-2240 0 960 ) (-2240 0 704 ) 
4 381 383 (-2240 320 576 ) (-2240 320 960 ) (-2240 608 960 ) (-2240 608 576 ) 
4 381 384 (-2240 320 320 ) (-2240 0 320 ) (-2240 0 960 ) (-2240 320 960 ) 
4 382 385 (-2680 1024 960 ) (-2680 1024 704 ) (-2680 608 704 ) (-2680 608 960 ) 
4 382 383 (-2680 608 960 ) (-2680 608 576 ) (-2240 608 576 ) (-2240 608 960 ) 
4 383 385 (-2680 320 704 ) (-2680 320 960 ) (-2680 608 960 ) (-2680 608 704 ) 
4 383 384 (-2240 320 576 ) (-2240 320 960 ) (-2680 320 960 ) (-2680 320 576 ) 
4 384 392 (-2680 0 704 ) (-2680 0 320 ) (-2240 0 320 ) (-2240 0 704 ) 
4 384 391 (-2680 0 960 ) (-2680 0 704 ) (-2240 0 704 ) (-2240 0 960 ) 
4 384 385 (-2680 0 704 ) (-2680 0 960 ) (-2680 320 960 ) (-2680 320 704 ) 
4 385 391 (-3072 0 960 ) (-3072 0 704 ) (-2680 0 704 ) (-2680 0 960 ) 
4 385 390 (-3072 0 704 ) (-3072 0 960 ) (-3072 1024 960 ) (-3072 1024 704 ) 
4 385 386 (-3072 0 704 ) (-3072 1024 704 ) (-3060.629883 1024 704 ) (-3060.629883 0 704 ) 
4 386 396 (-3072 0 704 ) (-3072 0 320 ) (-3060.629883 0 320 ) (-3060.629883 0 704 ) 
4 386 390 (-3072 0 320 ) (-3072 0 704 ) (-3072 1024 704 ) (-3072 1024 320 ) 
4 386 388 (-3060.629883 0 320 ) (-3072 0 320 ) (-3072 1024 320 ) (-3060.629883 1024 320 ) 
4 387 393 (-3060.629883 0 113.142998 ) (-3060.629883 0 0 ) (-2760 0 0 ) (-2760 0 113.142998 ) 
4 387 389 (-3060.629883 1024 0 ) (-2760 1024 0 ) (-2760 0 0 ) (-3060.629883 0 0 ) 
4 387 388 (-3060.629883 1024 0 ) (-3060.629883 0 0 ) (-3060.629883 0 113.142998 ) (-3060.629883 1024 113.142998 ) 
4 388 396 (-3060.629883 0 320 ) (-3072 0 320 ) (-3072 0 0 ) (-3060.629883 0 0 ) 
4 388 390 (-3072 0 0 ) (-3072 0 320 ) (-3072 1024 320 ) (-3072 1024 0 ) 
4 388 389 (-3072 0 0 ) (-3072 1024 0 ) (-3060.629883 1024 0 ) (-3060.629883 0 0 ) 
4 389 398 (-2048 0 -256 ) (-2048 0 0 ) (-3072 0 0 ) (-3072 0 -256 ) 
4 389 390 (-3072 0 -256 ) (-3072 0 0 ) (-3072 1024 0 ) (-3072 1024 -256 ) 
4 390 402 (-4096 0 -256 ) (-4096 0 960 ) (-4096 1024 960 ) (-4096 1024 -256 ) 
4 390 399 (-3072 0 -256 ) (-3072 0 960 ) (-4096 0 960 ) (-4096 0 -256 ) 
4 391 400 (-2048 -1024 704 ) (-2048 -1024 960 ) (-3072 -1024 960 ) (-3072 -1024 704 ) 
4 391 399 (-3072 -1024 704 ) (-3072 -1024 960 ) (-3072 0 960 ) (-3072 0 704 ) 
4 391 395 (-2864 -640 704 ) (-3060.629883 -640 704 ) (-3060.629883 -408 704 ) (-2864 -408 704 ) 
4 391 392 (-2680 0 704 ) (-2048 0 704 ) (-2048 -354.564026 704 ) (-2680 -354.564026 704 ) 
4 391 396 (-3072 -640 704 ) (-3072 0 704 ) (-3060.629883 0 704 ) (-3060.629883 -640 704 ) 
4 391 397 (-3072 -1024 704 ) (-3072 -640 704 ) (-2048 -640 704 ) (-2048 -1024 704 ) 
4 393 398 (-3060.629883 0 0 ) (-2760 0 0 ) (-2760 -354.564026 0 ) (-3060.629883 -354.564026 0 ) 
4 393 394 (-3060.629883 -354.564026 113.142998 ) (-3060.629883 -354.564026 0 ) (-2864 -354.564026 0 ) (-2864 -354.564026 113.142998 ) 
4 393 396 (-3060.629883 0 0 ) (-3060.629883 -354.564026 0 ) (-3060.629883 -354.564026 113.142998 ) (-3060.629883 0 113.142998 ) 
4 394 398 (-3060.629883 -408 0 ) (-3060.629883 -354.564026 0 ) (-2864 -354.564026 0 ) (-2864 -408 0 ) 
4 394 395 (-3060.629883 -408 113.142998 ) (-3060.629883 -408 0 ) (-2864 -408 0 ) (-2864 -408 113.142998 ) 
4 394 396 (-3060.629883 -354.564026 0 ) (-3060.629883 -408 0 ) (-3060.629883 -408 113.142998 ) (-3060.629883 -354.564026 113.142998 ) 
4 395 398 (-2864 -640 0 ) (-3060.629883 -640 0 ) (-3060.629883 -408 0 ) (-2864 -408 0 ) 
4 395 397 (-3060.629883 -640 0 ) (-2864 -640 0 ) (-2864 -640 704 ) (-3060.629883 -640 704 ) 
4 395 396 (-3060.629883 -408 0 ) (-3060.629883 -640 0 ) (-3060.629883 -640 704 ) (-3060.629883 -408 704 ) 
4 396 399 (-3072 -640 704 ) (-3072 0 704 ) (-3072 0 0 ) (-3072 -640 0 ) 
4 396 398 (-3072 -640 0 ) (-3072 0 0 ) (-3060.629883 0 0 ) (-3060.629883 -640 0 ) 
4 396 397 (-3072 -640 0 ) (-3060.629883 -640 0 ) (-3060.629883 -640 704 ) (-3072 -640 704 ) 
4 397 400 (-2048 -1024 0 ) (-2048 -1024 704 ) (-3072 -1024 704 ) (-3072 -1024 0 ) 
4 397 399 (-3072 -1024 0 ) (-3072 -1024 704 ) (-3072 -640 704 ) (-3072 -640 0 ) 
4 397 398 (-2048 -1024 0 ) (-3072 -1024 0 ) (-3072 -640 0 ) (-2048 -640 0 ) 
4 398 400 (-2048 -1024 -256 ) (-2048 -1024 0 ) (-3072 -1024 0 ) (-3072 -1024 -256 ) 
4 398 399 (-3072 -1024 -256 ) (-3072 -1024 0 ) (-3072 0 0 ) (-3072 0 -256 ) 
4 399 403 (-4096 -1024 -256 ) (-4096 -1024 960 ) (-4096 0 960 ) (-4096 0 -256 ) 
4 399 401 (-4096 -1024 960 ) (-4096 -1024 -256 ) (-3072 -1024 -256 ) (-3072 -1024 960 ) 
4 400 414 (-2048 -2048 -256 ) (-2048 -2048 960 ) (-3072 -2048 960 ) (-3072 -2048 -256 ) 
4 400 401 (-3072 -1024 960 ) (-3072 -1024 -256 ) (-3072 -2048 -256 ) (-3072 -2048 960 ) 
4 401 415 (-3072 -2048 -256 ) (-3072 -2048 960 ) (-4096 -2048 960 ) (-4096 -2048 -256 ) 
4 401 404 (-4096 -2048 -256 ) (-4096 -2048 960 ) (-4096 -1024 960 ) (-4096 -1024 -256 ) 
4 402 403 (-4096 0 -256 ) (-4096 0 960 ) (-4992 0 960 ) (-4992 0 -256 ) 
4 403 404 (-4096 -1024 -256 ) (-4096 -1024 960 ) (-4992 -1024 960 ) (-4992 -1024 -256 ) 
4 404 418 (-4096 -2048 -256 ) (-4096 -2048 960 ) (-4992 -2048 960 ) (-4992 -2048 -256 ) 
4 405 407 (0 -2048 960 ) (0 -2048 -256 ) (0 -3072 -256 ) (0 -3072 960 ) 
4 405 406 (1024 -3072 -256 ) (1024 -3072 960 ) (0 -3072 960 ) (0 -3072 -256 ) 
4 406 411 (1024 -4096 -256 ) (1024 -4096 960 ) (0 -4096 960 ) (0 -4096 -256 ) 
4 406 409 (0 -4096 -256 ) (0 -4096 960 ) (0 -3072 960 ) (0 -3072 -256 ) 
4 407 409 (0 -3072 -256 ) (0 -3072 960 ) (-1024 -3072 960 ) (-1024 -3072 -256 ) 
4 407 408 (-1024 -2048 960 ) (-1024 -2048 -256 ) (-1024 -3072 -256 ) (-1024 -3072 960 ) 
4 408 414 (-2048 -2048 960 ) (-2048 -2048 -256 ) (-2048 -3072 -256 ) (-2048 -3072 960 ) 
4 408 410 (-1024 -3072 -256 ) (-1024 -3072 960 ) (-2048 -3072 960 ) (-2048 -3072 -256 ) 
4 409 412 (0 -4096 -256 ) (0 -4096 960 ) (-1024 -4096 960 ) (-1024 -4096 -256 ) 
4 409 410 (-1024 -3072 960 ) (-1024 -3072 -256 ) (-1024 -4096 -256 ) (-1024 -4096 960 ) 
4 410 416 (-2048 -4096 -256 ) (-2048 -4096 960 ) (-2048 -3072 960 ) (-2048 -3072 -256 ) 
4 410 413 (-1024 -4096 -256 ) (-1024 -4096 960 ) (-2048 -4096 960 ) (-2048 -4096 -256 ) 
4 411 412 (0 -4096 960 ) (0 -4096 -256 ) (0 -4928 -256 ) (0 -4928 960 ) 
4 412 413 (-1024 -4096 960 ) (-1024 -4096 -256 ) (-1024 -4928 -256 ) (-1024 -4928 960 ) 
4 413 420 (-2048 -4928 960 ) (-2048 -4096 960 ) (-2048 -4096 -256 ) (-2048 -4928 -256 ) 
4 414 416 (-2048 -3072 -256 ) (-2048 -3072 960 ) (-3072 -3072 960 ) (-3072 -3072 -256 ) 
4 414 415 (-3072 -2048 960 ) (-3072 -2048 -256 ) (-3072 -3072 -256 ) (-3072 -3072 960 ) 
4 415 418 (-4096 -2048 960 ) (-4096 -2048 -256 ) (-4096 -3072 -256 ) (-4096 -3072 960 ) 
4 415 417 (-3072 -3072 -256 ) (-3072 -3072 960 ) (-4096 -3072 960 ) (-4096 -3072 -256 ) 
4 416 420 (-2048 -4096 -256 ) (-2048 -4096 960 ) (-3072 -4096 960 ) (-3072 -4096 -256 ) 
4 416 417 (-3072 -3072 960 ) (-3072 -3072 -256 ) (-3072 -4096 -256 ) (-3072 -4096 960 ) 
4 417 421 (-3072 -4096 -256 ) (-3072 -4096 960 ) (-4096 -4096 960 ) (-4096 -4096 -256 ) 
4 417 419 (-4096 -4096 -256 ) (-4096 -4096 960 ) (-4096 -3072 960 ) (-4096 -3072 -256 ) 
4 418 419 (-4096 -3072 -256 ) (-4096 -3072 960 ) (-4992 -3072 960 ) (-4992 -3072 -256 ) 
4 419 422 (-4096 -4096 -256 ) (-4096 -4096 960 ) (-4992 -4096 960 ) (-4992 -4096 -256 ) 
4 420 421 (-3072 -4096 960 ) (-3072 -4096 -256 ) (-3072 -4928 -256 ) (-3072 -4928 960 ) 
4 421 422 (-4096 -4096 960 ) (-4096 -4096 -256 ) (-4096 -4928 -256 ) (-4096 -4928 960 ) 
