


CustomMaterialManager: Cached KeyValues materials/models/weapons/v_models/knife_butterfly/knife_butterfly.vmt.
CustomMaterialManager: Cached KeyValues materials/models/weapons/v_models/knife_bayonet/knife_bayonet.vmt.
CustomMaterialManager: Cached KeyValues materials/models/weapons/v_models/knife_ct/knife_ct.vmt.
CustomMaterialManager: Cached KeyValues materials/models/weapons/v_models/knife_flip/knife_flip.vmt.
CustomMaterialManager: Cached KeyValues materials/models/weapons/v_models/knife_gut/knife_gut.vmt.
CustomMaterialManager: Cached KeyValues materials/models/weapons/v_models/knife_karam/karam.vmt.
CustomMaterialManager: Cached KeyValues materials/models/weapons/v_models/knife_m9_bay/knife_m9_bay.vmt.
CustomMaterialManager: Cached KeyValues materials/models/weapons/v_models/knife_t/knife_t.vmt.
CustomMaterialManager: Cached KeyValues materials/models/weapons/v_models/knife_tactical/knife_tactical.vmt.
CustomMaterialManager: Cached KeyValues materials/models/weapons/v_models/mach_m249para/m249.vmt.
CustomMaterialManager: Cached KeyValues materials/models/weapons/v_models/mach_negev/mach_negev.vmt.
CustomMaterialManager: Cached KeyValues materials/models/weapons/v_models/pist_223/pist_223.vmt.
CustomMaterialManager: Cached KeyValues materials/models/weapons/v_models/pist_cz_75/pist_cz_75.vmt.
CustomMaterialManager: Cached KeyValues materials/models/weapons/v_models/pist_deagle/pist_deagle.vmt.
CustomMaterialManager: Cached KeyValues materials/models/weapons/v_models/pist_elite/m9a1.vmt.
CustomMaterialManager: Cached KeyValues materials/models/weapons/v_models/pist_fiveseven/fiveseven.vmt.
CustomMaterialManager: Cached KeyValues materials/models/weapons/v_models/pist_glock18/pist_glock18.vmt.
CustomMaterialManager: Cached KeyValues materials/models/weapons/v_models/pist_hkp2000/pist_hkp2000.vmt.
CustomMaterialManager: Cached KeyValues materials/models/weapons/v_models/pist_p250/p250.vmt.
CustomMaterialManager: Cached KeyValues materials/models/weapons/v_models/pist_tec9/pist_tec9.vmt.
CustomMaterialManager: Cached KeyValues materials/models/weapons/v_models/rif_ak47/ak47.vmt.
CustomMaterialManager: Cached KeyValues materials/models/weapons/v_models/rif_aug/rif_aug.vmt.
CustomMaterialManager: Cached KeyValues materials/models/weapons/v_models/rif_famas/rif_famas.vmt.
CustomMaterialManager: Cached KeyValues materials/models/weapons/v_models/rif_galilar/rif_galilar.vmt.
CustomMaterialManager: Cached KeyValues materials/models/weapons/v_models/rif_m4a1/rif_m4a1.vmt.
CustomMaterialManager: Cached KeyValues materials/models/weapons/v_models/rif_m4a1_s/rif_m4a1_s.vmt.
CustomMaterialManager: Cached KeyValues materials/models/weapons/v_models/rif_sg556/rif_sg556.vmt.
CustomMaterialManager: Cached KeyValues materials/models/weapons/v_models/shot_mag7/shot_mag7.vmt.
CustomMaterialManager: Cached KeyValues materials/models/weapons/v_models/shot_nova/shot_nova.vmt.
CustomMaterialManager: Cached KeyValues materials/models/weapons/v_models/shot_sawedoff/shot_sawedoff_01.vmt.
CustomMaterialManager: Cached KeyValues materials/models/weapons/v_models/shot_xm1014/shot_xm1014.vmt.
CustomMaterialManager: Cached KeyValues materials/models/weapons/v_models/smg_bizon/bizon.vmt.
CustomMaterialManager: Cached KeyValues materials/models/weapons/v_models/smg_mac10/smg_mac10_1.vmt.
CustomMaterialManager: Cached KeyValues materials/models/weapons/v_models/smg_mp7/smg_mp7.vmt.
CustomMaterialManager: Cached KeyValues materials/models/weapons/v_models/smg_mp9/smg_mp9.vmt.
CustomMaterialManager: Cached KeyValues materials/models/weapons/v_models/smg_p90/smg_p90.vmt.
CustomMaterialManager: Cached KeyValues materials/models/weapons/v_models/smg_ump45/smg_ump45.vmt.
CustomMaterialManager: Cached KeyValues materials/models/weapons/v_models/snip_awp/awp.vmt.
CustomMaterialManager: Cached KeyValues materials/models/weapons/v_models/snip_g3sg1/snip_g3sg1.vmt.
CustomMaterialManager: Cached KeyValues materials/models/weapons/v_models/snip_scar20/snip_scar20.vmt.
CustomMaterialManager: Cached KeyValues materials/models/weapons/v_models/snip_ssg08/snip_ssg08.vmt.
CustomMaterialManager: Cached KeyValues materials/models/weapons/v_models/snip_ssg08/snip_ssg08_scope.vmt.
CustomMaterialManager: Cached KeyValues materials/models/weapons/v_models/knife_falchion_advanced/knife_falchion_advanced.vmt.
materialPath: D:\SteamLibrary\steamapps\common\Counter-Strike Global Offensive\csgo\materials
Loading d:\steamlibrary\steamapps\common\counter-strike global offensive\csgo\maps\aim_linksecondo_h1p3.vmf
Map revision 28
Patching WVT material: maps/aim_linksecondo_h1p3/nature/blend_gravel_cobblestone_01_wvt_patch
fixing up env_cubemap materials on brush sides...
0...1...2...3...4...5...6...7...8...9...100...1...2...3...4...5...6...7...8...9...10Processing areas...done (0)
Building Faces...done (0)
FixTjuncs...
PruneNodes...
WriteBSP...
done (0)
writing d:\steamlibrary\steamapps\common\counter-strike global offensive\csgo\maps\aim_linksecondo_h1p3.prt...Building visibility clusters...
done (0)
Finding displacement neighbors...
Finding lightmap sample positions...
Displacement Alpha : 0...1...2...3...4...5...6...7...8...9...10
Building Physics collision data...
done (0) (10365 bytes)
Placing detail props : 0...1...2...3...4...5...6...7...8...9...10
Compacting texture/material tables...
Reduced 42 texinfos to 27
Reduced 10 texdatas to 9 (271 bytes to 236)
Writing d:\steamlibrary\steamapps\common\counter-strike global offensive\csgo\maps\aim_linksecondo_h1p3.bsp
0 seconds elapsed



8 threads
reading d:\steamlibrary\steamapps\common\counter-strike global offensive\csgo\maps\aim_linksecondo_h1p3.bsp
reading d:\steamlibrary\steamapps\common\counter-strike global offensive\csgo\maps\aim_linksecondo_h1p3.prt
 205 portalclusters
 481 numportals
0...1...2...3...4...5...6...7...8...9...100...1...2...3...4...5...6...7...8...9...10Optimized: 9 visible clusters (0.00%)
Total clusters visible: 37604
Average clusters visible: 183
Building PAS...
Average clusters audible: 205
visdatasize:12298  compressed from 13120
writing d:\steamlibrary\steamapps\common\counter-strike global offensive\csgo\maps\aim_linksecondo_h1p3.bsp
0 seconds elapsed



[Reading texlights from 'lights.rad']
[2 texlights parsed from 'lights.rad']

Loading d:\steamlibrary\steamapps\common\counter-strike global offensive\csgo\maps\aim_linksecondo_h1p3.bsp
574 faces
4035440 square feet [581103360.00 square inches]
0 Displacements
0 Square Feet [0.00 Square Inches]
574 patches before subdivision
18242 patches after subdivision
4 direct lights
0...1...2...3...4...5...6...7...8...9...100...1...2...3...4...5...6...7...8...9...10transfers 521116, max 297
transfer lists:   4.0 megs
0...1...2...3...4...5...6...7...8...9...10	Bounce #1 added RGB(61825, 24759, 10808)
0...1...2...3...4...5...6...7...8...9...10	Bounce #2 added RGB(19845, 2698, 126)
0...1...2...3...4...5...6...7...8...9...10	Bounce #3 added RGB(6435, 298, 4)
0...1...2...3...4...5...6...7...8...9...10	Bounce #4 added RGB(2120, 34, 0)
0...1...2...3...4...5...6...7...8...9...10	Bounce #5 added RGB(740, 4, 0)
0...1...2...3...4...5...6...7...8...9...10	Bounce #6 added RGB(251, 0, 0)
0...1...2...3...4...5...6...7...8...9...10	Bounce #7 added RGB(94, 0, 0)
0...1...2...3...4...5...6...7...8...9...10	Bounce #8 added RGB(32, 0, 0)
0...1...2...3...4...5...6...7...8...9...10	Bounce #9 added RGB(14, 0, 0)
0...1...2...3...4...5...6...7...8...9...10	Bounce #10 added RGB(5, 0, 0)
0...1...2...3...4...5...6...7...8...9...10	Bounce #11 added RGB(3, 0, 0)
0...1...2...3...4...5...6...7...8...9...10	Bounce #12 added RGB(1, 0, 0)
Build Patch/Sample Hash Table(s).....Done<0.0035 sec>
0...1...2...3...4...5...6...7...8...9...10FinalLightFace Done
0 of 0 (0% of) surface lights went in leaf ambient cubes.
0...1...2...3...4...5...6...7...8...9...10Writing leaf ambient...done
Ready to Finish

Object names       Objects/Maxobjs  Memory / Maxmem  Fullness 
------------       ---------------  ---------------  -------- 
models                   2/1024           96/49152    ( 0.2%) 
brushes                 28/8192          336/98304    ( 0.3%) 
brushsides             199/65536        1592/524288   ( 0.3%) 
planes                 282/65536        5640/1310720  ( 0.4%) 
vertexes               716/65536        8592/786432   ( 1.1%) 
nodes                  614/65536       19648/2097152  ( 0.9%) 
texinfos                27/12288        1944/884736   ( 0.2%) 
texdata                  9/2048          288/65536    ( 0.4%) 
dispinfos                0/0               0/0        ( 0.0%) 
disp_verts               0/0               0/0        ( 0.0%) 
disp_tris                0/0               0/0        ( 0.0%) 
disp_multiblend          0/0               0/0        ( 0.0%) 
disp_lmsamples           0/0               0/0        ( 0.0%) 
faces                  574/65536       32144/3670016  ( 0.9%) 
hdr faces                0/65536           0/3670016  ( 0.0%) 
origfaces               98/65536        5488/3670016  ( 0.1%) 
facebrushes             86/0             172/0        ( 0.0%) 
facebrushlists         574/0            2296/0        ( 0.0%) 
leaves                 617/65536       19744/2097152  ( 0.9%) 
leaffaces              618/65536        1236/131072   ( 0.9%) 
leafbrushes            382/65536         764/131072   ( 0.6%) 
areas                    2/1024           16/8192     ( 0.2%) 
surfedges             2821/512000      11284/2048000  ( 0.6%) 
edges                 1466/256000       5864/1024000  ( 0.6%) 
LDR worldlights          4/8192          400/819200   ( 0.0%) 
HDR worldlights          0/8192            0/819200   ( 0.0%) 
leafwaterdata            0/32768           0/393216   ( 0.0%) 
waterstrips             16/32768         160/327680   ( 0.0%) 
waterverts               0/65536           0/786432   ( 0.0%) 
waterindices           210/65536         420/131072   ( 0.3%) 
cubemapsamples           0/1024            0/16384    ( 0.0%) 
overlays                 0/1024            0/360448   ( 0.0%) 
LDR lightdata         [variable]      456140/0        ( 0.0%) 
HDR lightdata         [variable]           0/0        ( 0.0%) 
visdata               [variable]       12298/16777216 ( 0.1%) 
entdata               [variable]        2798/393216   ( 0.7%) 
LDR ambient table      617/65536        2468/262144   ( 0.9%) 
HDR ambient table      617/65536        2468/262144   ( 0.9%) 
LDR leaf ambient      1641/65536       45948/1835008  ( 2.5%) 
HDR leaf ambient       617/65536       17276/1835008  ( 0.9%) 
occluders                0/0               0/0        ( 0.0%) 
occluder polygons        0/0               0/0        ( 0.0%) 
occluder vert ind        0/0               0/0        ( 0.0%) 
detail props          [variable]           1/12       ( 8.3%) 
static props          [variable]           1/1384     ( 0.1%) 
pakfile               [variable]       74818/0        ( 0.0%) 
physics               [variable]       10365/4194304  ( 0.2%) 
physics terrain       [variable]           2/1048576  ( 0.0%) 

Level flags = 4

Total triangle count: 1288
Writing d:\steamlibrary\steamapps\common\counter-strike global offensive\csgo\maps\aim_linksecondo_h1p3.bsp
3 seconds elapsed



CustomMaterialManager: Cached KeyValues materials/models/weapons/v_models/knife_butterfly/knife_butterfly.vmt.
CustomMaterialManager: Cached KeyValues materials/models/weapons/v_models/knife_bayonet/knife_bayonet.vmt.
CustomMaterialManager: Cached KeyValues materials/models/weapons/v_models/knife_ct/knife_ct.vmt.
CustomMaterialManager: Cached KeyValues materials/models/weapons/v_models/knife_flip/knife_flip.vmt.
CustomMaterialManager: Cached KeyValues materials/models/weapons/v_models/knife_gut/knife_gut.vmt.
CustomMaterialManager: Cached KeyValues materials/models/weapons/v_models/knife_karam/karam.vmt.
CustomMaterialManager: Cached KeyValues materials/models/weapons/v_models/knife_m9_bay/knife_m9_bay.vmt.
CustomMaterialManager: Cached KeyValues materials/models/weapons/v_models/knife_t/knife_t.vmt.
CustomMaterialManager: Cached KeyValues materials/models/weapons/v_models/knife_tactical/knife_tactical.vmt.
CustomMaterialManager: Cached KeyValues materials/models/weapons/v_models/mach_m249para/m249.vmt.
CustomMaterialManager: Cached KeyValues materials/models/weapons/v_models/mach_negev/mach_negev.vmt.
CustomMaterialManager: Cached KeyValues materials/models/weapons/v_models/pist_223/pist_223.vmt.
CustomMaterialManager: Cached KeyValues materials/models/weapons/v_models/pist_cz_75/pist_cz_75.vmt.
CustomMaterialManager: Cached KeyValues materials/models/weapons/v_models/pist_deagle/pist_deagle.vmt.
CustomMaterialManager: Cached KeyValues materials/models/weapons/v_models/pist_elite/m9a1.vmt.
CustomMaterialManager: Cached KeyValues materials/models/weapons/v_models/pist_fiveseven/fiveseven.vmt.
CustomMaterialManager: Cached KeyValues materials/models/weapons/v_models/pist_glock18/pist_glock18.vmt.
CustomMaterialManager: Cached KeyValues materials/models/weapons/v_models/pist_hkp2000/pist_hkp2000.vmt.
CustomMaterialManager: Cached KeyValues materials/models/weapons/v_models/pist_p250/p250.vmt.
CustomMaterialManager: Cached KeyValues materials/models/weapons/v_models/pist_tec9/pist_tec9.vmt.
CustomMaterialManager: Cached KeyValues materials/models/weapons/v_models/rif_ak47/ak47.vmt.
CustomMaterialManager: Cached KeyValues materials/models/weapons/v_models/rif_aug/rif_aug.vmt.
CustomMaterialManager: Cached KeyValues materials/models/weapons/v_models/rif_famas/rif_famas.vmt.
CustomMaterialManager: Cached KeyValues materials/models/weapons/v_models/rif_galilar/rif_galilar.vmt.
CustomMaterialManager: Cached KeyValues materials/models/weapons/v_models/rif_m4a1/rif_m4a1.vmt.
CustomMaterialManager: Cached KeyValues materials/models/weapons/v_models/rif_m4a1_s/rif_m4a1_s.vmt.
CustomMaterialManager: Cached KeyValues materials/models/weapons/v_models/rif_sg556/rif_sg556.vmt.
CustomMaterialManager: Cached KeyValues materials/models/weapons/v_models/shot_mag7/shot_mag7.vmt.
CustomMaterialManager: Cached KeyValues materials/models/weapons/v_models/shot_nova/shot_nova.vmt.
CustomMaterialManager: Cached KeyValues materials/models/weapons/v_models/shot_sawedoff/shot_sawedoff_01.vmt.
CustomMaterialManager: Cached KeyValues materials/models/weapons/v_models/shot_xm1014/shot_xm1014.vmt.
CustomMaterialManager: Cached KeyValues materials/models/weapons/v_models/smg_bizon/bizon.vmt.
CustomMaterialManager: Cached KeyValues materials/models/weapons/v_models/smg_mac10/smg_mac10_1.vmt.
CustomMaterialManager: Cached KeyValues materials/models/weapons/v_models/smg_mp7/smg_mp7.vmt.
CustomMaterialManager: Cached KeyValues materials/models/weapons/v_models/smg_mp9/smg_mp9.vmt.
CustomMaterialManager: Cached KeyValues materials/models/weapons/v_models/smg_p90/smg_p90.vmt.
CustomMaterialManager: Cached KeyValues materials/models/weapons/v_models/smg_ump45/smg_ump45.vmt.
CustomMaterialManager: Cached KeyValues materials/models/weapons/v_models/snip_awp/awp.vmt.
CustomMaterialManager: Cached KeyValues materials/models/weapons/v_models/snip_g3sg1/snip_g3sg1.vmt.
CustomMaterialManager: Cached KeyValues materials/models/weapons/v_models/snip_scar20/snip_scar20.vmt.
CustomMaterialManager: Cached KeyValues materials/models/weapons/v_models/snip_ssg08/snip_ssg08.vmt.
CustomMaterialManager: Cached KeyValues materials/models/weapons/v_models/snip_ssg08/snip_ssg08_scope.vmt.
CustomMaterialManager: Cached KeyValues materials/models/weapons/v_models/knife_falchion_advanced/knife_falchion_advanced.vmt.
materialPath: D:\SteamLibrary\steamapps\common\Counter-Strike Global Offensive\csgo\materials
Loading d:\steamlibrary\steamapps\common\counter-strike global offensive\csgo\maps\aim_linksecondo_h1p3.vmf
Map revision 30
Patching WVT material: maps/aim_linksecondo_h1p3/nature/blend_gravel_cobblestone_01_wvt_patch
fixing up env_cubemap materials on brush sides...
0...1...2...3...4...5...6...7...8...9...100...1...2...3...4...5...6...7...8...9...10Processing areas...done (0)
Building Faces...done (0)
FixTjuncs...
PruneNodes...
WriteBSP...
done (0)
writing d:\steamlibrary\steamapps\common\counter-strike global offensive\csgo\maps\aim_linksecondo_h1p3.prt...Building visibility clusters...
done (0)
Finding displacement neighbors...
Finding lightmap sample positions...
Displacement Alpha : 0...1...2...3...4...5...6...7...8...9...10
Building Physics collision data...
done (0) (10741 bytes)
Placing detail props : 0...1...2...3...4...5...6...7...8...9...10
Compacting texture/material tables...
Reduced 47 texinfos to 30
Reduced 10 texdatas to 9 (280 bytes to 245)
Writing d:\steamlibrary\steamapps\common\counter-strike global offensive\csgo\maps\aim_linksecondo_h1p3.bsp
0 seconds elapsed



8 threads
reading d:\steamlibrary\steamapps\common\counter-strike global offensive\csgo\maps\aim_linksecondo_h1p3.bsp
reading d:\steamlibrary\steamapps\common\counter-strike global offensive\csgo\maps\aim_linksecondo_h1p3.prt
 206 portalclusters
 498 numportals
0...1...2...3...4...5...6...7...8...9...100...1...2...3...4...5...6...7...8...9...10Optimized: 10 visible clusters (0.00%)
Total clusters visible: 37994
Average clusters visible: 184
Building PAS...
Average clusters audible: 206
visdatasize:12412  compressed from 13184
writing d:\steamlibrary\steamapps\common\counter-strike global offensive\csgo\maps\aim_linksecondo_h1p3.bsp
0 seconds elapsed



[Reading texlights from 'lights.rad']
[2 texlights parsed from 'lights.rad']

Loading d:\steamlibrary\steamapps\common\counter-strike global offensive\csgo\maps\aim_linksecondo_h1p3.bsp
609 faces
4054042 square feet [583782144.00 square inches]
0 Displacements
0 Square Feet [0.00 Square Inches]
609 patches before subdivision
19429 patches after subdivision
4 direct lights
0...1...2...3...4...5...6...7...8...9...100...1...2...3...4...5...6...7...8...9...10transfers 576410, max 315
transfer lists:   4.4 megs
0...1...2...3...4...5...6...7...8...9...10	Bounce #1 added RGB(60555, 24218, 10615)
0...1...2...3...4...5...6...7...8...9...10	Bounce #2 added RGB(20027, 2808, 195)
0...1...2...3...4...5...6...7...8...9...10	Bounce #3 added RGB(6543, 310, 10)
0...1...2...3...4...5...6...7...8...9...10	Bounce #4 added RGB(2186, 36, 1)
0...1...2...3...4...5...6...7...8...9...10	Bounce #5 added RGB(764, 4, 0)
0...1...2...3...4...5...6...7...8...9...10	Bounce #6 added RGB(265, 1, 0)
0...1...2...3...4...5...6...7...8...9...10	Bounce #7 added RGB(97, 0, 0)
0...1...2...3...4...5...6...7...8...9...10	Bounce #8 added RGB(35, 0, 0)
0...1...2...3...4...5...6...7...8...9...10	Bounce #9 added RGB(14, 0, 0)
0...1...2...3...4...5...6...7...8...9...10	Bounce #10 added RGB(5, 0, 0)
0...1...2...3...4...5...6...7...8...9...10	Bounce #11 added RGB(3, 0, 0)
0...1...2...3...4...5...6...7...8...9...10	Bounce #12 added RGB(1, 0, 0)
0...1...2...3...4...5...6...7...8...9...10	Bounce #13 added RGB(1, 0, 0)
Build Patch/Sample Hash Table(s).....Done<0.0041 sec>
0...1...2...3...4...5...6...7...8...9...10FinalLightFace Done
0 of 0 (0% of) surface lights went in leaf ambient cubes.
0...1...2...3...4...5...6...7...8...9...10Writing leaf ambient...done
Ready to Finish

Object names       Objects/Maxobjs  Memory / Maxmem  Fullness 
------------       ---------------  ---------------  -------- 
models                   2/1024           96/49152    ( 0.2%) 
brushes                 29/8192          348/98304    ( 0.4%) 
brushsides             205/65536        1640/524288   ( 0.3%) 
planes                 294/65536        5880/1310720  ( 0.4%) 
vertexes               760/65536        9120/786432   ( 1.2%) 
nodes                  616/65536       19712/2097152  ( 0.9%) 
texinfos                30/12288        2160/884736   ( 0.2%) 
texdata                  9/2048          288/65536    ( 0.4%) 
dispinfos                0/0               0/0        ( 0.0%) 
disp_verts               0/0               0/0        ( 0.0%) 
disp_tris                0/0               0/0        ( 0.0%) 
disp_multiblend          0/0               0/0        ( 0.0%) 
disp_lmsamples           0/0               0/0        ( 0.0%) 
faces                  609/65536       34104/3670016  ( 0.9%) 
hdr faces                0/65536           0/3670016  ( 0.0%) 
origfaces              107/65536        5992/3670016  ( 0.2%) 
facebrushes             74/0             148/0        ( 0.0%) 
facebrushlists         609/0            2436/0        ( 0.0%) 
leaves                 619/65536       19808/2097152  ( 0.9%) 
leaffaces              648/65536        1296/131072   ( 1.0%) 
leafbrushes            388/65536         776/131072   ( 0.6%) 
areas                    2/1024           16/8192     ( 0.2%) 
surfedges             3025/512000      12100/2048000  ( 0.6%) 
edges                 1562/256000       6248/1024000  ( 0.6%) 
LDR worldlights          4/8192          400/819200   ( 0.0%) 
HDR worldlights          0/8192            0/819200   ( 0.0%) 
leafwaterdata            0/32768           0/393216   ( 0.0%) 
waterstrips             23/32768         230/327680   ( 0.1%) 
waterverts               0/65536           0/786432   ( 0.0%) 
waterindices           300/65536         600/131072   ( 0.5%) 
cubemapsamples           0/1024            0/16384    ( 0.0%) 
overlays                 0/1024            0/360448   ( 0.0%) 
LDR lightdata         [variable]      528739/0        ( 0.0%) 
HDR lightdata         [variable]           0/0        ( 0.0%) 
visdata               [variable]       12412/16777216 ( 0.1%) 
entdata               [variable]        3653/393216   ( 0.9%) 
LDR ambient table      619/65536        2476/262144   ( 0.9%) 
HDR ambient table      619/65536        2476/262144   ( 0.9%) 
LDR leaf ambient      1648/65536       46144/1835008  ( 2.5%) 
HDR leaf ambient       619/65536       17332/1835008  ( 0.9%) 
occluders                0/0               0/0        ( 0.0%) 
occluder polygons        0/0               0/0        ( 0.0%) 
occluder vert ind        0/0               0/0        ( 0.0%) 
detail props          [variable]           1/12       ( 8.3%) 
static props          [variable]           1/2238     ( 0.0%) 
pakfile               [variable]       74818/0        ( 0.0%) 
physics               [variable]       10741/4194304  ( 0.3%) 
physics terrain       [variable]           2/1048576  ( 0.0%) 

Level flags = 4

Total triangle count: 1386
Writing d:\steamlibrary\steamapps\common\counter-strike global offensive\csgo\maps\aim_linksecondo_h1p3.bsp
3 seconds elapsed
