PRT1
239
654
4 0 10 (2274.500000 2048 474 ) (2048 2048 474 ) (2048 2048 -58 ) (2274.500000 2048 -58 ) 
4 0 8 (2048 2048 -58 ) (2048 2048 64 ) (2048 2112 64 ) (2048 2112 -58 ) 
4 0 7 (2048 2112 64 ) (2048 2459.500000 64 ) (2048 2459.500000 -58 ) (2048 2112 -58 ) 
4 0 4 (2048 2048 64 ) (2048 2048 474 ) (2048 2112 474 ) (2048 2112 64 ) 
4 0 2 (2048 2112 474 ) (2048 2128 474 ) (2048 2128 64 ) (2048 2112 64 ) 
4 0 1 (2048 2128 474 ) (2048 2459.500000 474 ) (2048 2459.500000 64 ) (2048 2128 64 ) 
4 1 30 (1024 2128 474 ) (1024 2459.500000 474 ) (1024 2459.500000 64 ) (1024 2128 64 ) 
4 1 7 (2048 2459.500000 64 ) (2048 2128 64 ) (1024 2128 64 ) (1024 2459.500000 64 ) 
4 1 3 (1600 2128 192 ) (1600 2128 474 ) (1024 2128 474 ) (1024 2128 192 ) 
4 1 2 (1600 2128 64 ) (2048 2128 64 ) (2048 2128 474 ) (1600 2128 474 ) 
4 2 7 (2048 2128 64 ) (2048 2112 64 ) (1600 2112 64 ) (1600 2128 64 ) 
4 2 5 (1616 2112 192 ) (1616 2112 474 ) (1600 2112 474 ) (1600 2112 192 ) 
4 2 4 (1616 2112 64 ) (2048 2112 64 ) (2048 2112 474 ) (1616 2112 474 ) 
4 2 3 (1600 2128 474 ) (1600 2128 192 ) (1600 2112 192 ) (1600 2112 474 ) 
4 3 31 (1024 2112 474 ) (1024 2128 474 ) (1024 2128 192 ) (1024 2112 192 ) 
4 3 6 (1600 2112 192 ) (1600 2112 474 ) (1024 2112 474 ) (1024 2112 192 ) 
4 4 12 (2048 2048 64 ) (2048 2048 192 ) (1616 2048 192 ) (1616 2048 64 ) 
4 4 11 (2048 2048 192 ) (2048 2048 474 ) (1616 2048 474 ) (1616 2048 192 ) 
4 4 8 (2048 2112 64 ) (2048 2048 64 ) (1616 2048 64 ) (1616 2112 64 ) 
4 4 5 (1616 2112 474 ) (1616 2112 192 ) (1616 2048 192 ) (1616 2048 474 ) 
4 5 11 (1616 2048 474 ) (1600 2048 474 ) (1600 2048 192 ) (1616 2048 192 ) 
4 5 6 (1600 2112 474 ) (1600 2112 192 ) (1600 2048 192 ) (1600 2048 474 ) 
4 6 32 (1024 2048 64 ) (1024 2048 474 ) (1024 2112 474 ) (1024 2112 64 ) 
4 6 21 (1024 2048 192 ) (1024 2048 64 ) (1088 2048 64 ) (1088 2048 192 ) 
4 6 17 (1216 2048 64 ) (1344 2048 64 ) (1344 2048 192 ) (1216 2048 192 ) 
4 6 16 (1344 2048 64 ) (1472 2048 64 ) (1472 2048 192 ) (1344 2048 192 ) 
4 6 19 (1088 2048 64 ) (1216 2048 64 ) (1216 2048 192 ) (1088 2048 192 ) 
4 6 14 (1472 2048 64 ) (1600 2048 64 ) (1600 2048 192 ) (1472 2048 192 ) 
4 6 11 (1600 2048 474 ) (1024 2048 474 ) (1024 2048 192 ) (1600 2048 192 ) 
4 7 33 (1024 2112 64 ) (1024 2459.500000 64 ) (1024 2459.500000 -58 ) (1024 2112 -58 ) 
4 7 9 (1024 2112 -58 ) (1600 2112 -58 ) (1600 2112 0 ) (1024 2112 0 ) 
4 7 8 (1600 2112 -58 ) (2048 2112 -58 ) (2048 2112 64 ) (1600 2112 64 ) 
4 8 29 (2048 2048 -58 ) (2048 2048 0 ) (1600 2048 0 ) (1600 2048 -58 ) 
4 8 23 (2048 2048 0 ) (2048 2048 64 ) (1600 2048 64 ) (1600 2048 0 ) 
4 8 9 (1600 2112 0 ) (1600 2112 -58 ) (1600 2048 -58 ) (1600 2048 0 ) 
4 9 34 (1024 2048 -58 ) (1024 2048 0 ) (1024 2112 0 ) (1024 2112 -58 ) 
4 9 29 (1024 2048 0 ) (1024 2048 -58 ) (1600 2048 -58 ) (1600 2048 0 ) 
4 10 89 (2274.500000 1024 474 ) (2048 1024 474 ) (2048 1024 -58 ) (2274.500000 1024 -58 ) 
4 10 29 (2048 2048 0 ) (2048 2048 -58 ) (2048 1024 -58 ) (2048 1024 0 ) 
4 10 28 (2048 1216 0 ) (2048 1024 0 ) (2048 1024 64 ) (2048 1216 64 ) 
4 10 24 (2048 1984 0 ) (2048 1216 0 ) (2048 1216 64 ) (2048 1984 64 ) 
4 10 23 (2048 2048 64 ) (2048 2048 0 ) (2048 1984 0 ) (2048 1984 64 ) 
4 10 12 (2048 2048 192 ) (2048 2048 64 ) (2048 1024 64 ) (2048 1024 192 ) 
4 10 11 (2048 2048 474 ) (2048 2048 192 ) (2048 1024 192 ) (2048 1024 474 ) 
4 11 90 (2048 1024 192 ) (2048 1024 474 ) (1024 1024 474 ) (1024 1024 192 ) 
4 11 44 (1024 1024 192 ) (1024 1024 474 ) (1024 2048 474 ) (1024 2048 192 ) 
4 11 22 (1088 1024 192 ) (1024 1024 192 ) (1024 1216 192 ) (1088 1216 192 ) 
4 11 21 (1024 1984 192 ) (1024 2048 192 ) (1088 2048 192 ) (1088 1984 192 ) 
5 11 20 (1408 1024 192 ) (1088 1024 192 ) (1088 1472 192 ) (1456 1472 192 ) (1456 1072 192 ) 
4 11 18 (1344 1600 192 ) (1344 1472 192 ) (1216 1472 192 ) (1216 1728 192 ) 
4 11 17 (1216 2048 192 ) (1344 2048 192 ) (1344 1984 192 ) (1216 1984 192 ) 
4 11 16 (1344 2048 192 ) (1472 2048 192 ) (1472 1984 192 ) (1344 1984 192 ) 
4 11 19 (1088 1472 192 ) (1088 2048 192 ) (1216 2048 192 ) (1216 1472 192 ) 
4 11 14 (1472 1216 192 ) (1472 2048 192 ) (1600 2048 192 ) (1600 1216 192 ) 
4 11 15 (1600 1024 192 ) (1472 1024 192 ) (1472 1200 192 ) (1600 1200 192 ) 
4 11 13 (1616 1024 192 ) (1600 1024 192 ) (1600 1216 192 ) (1616 1216 192 ) 
4 11 12 (2048 1024 192 ) (1616 1024 192 ) (1616 2048 192 ) (2048 2048 192 ) 
4 12 91 (2048 1024 64 ) (2048 1024 192 ) (1616 1024 192 ) (1616 1024 64 ) 
4 12 28 (2048 1216 64 ) (2048 1024 64 ) (1616 1024 64 ) (1616 1216 64 ) 
4 12 24 (2048 1984 64 ) (2048 1216 64 ) (1616 1216 64 ) (1616 1984 64 ) 
4 12 23 (2048 2048 64 ) (2048 1984 64 ) (1616 1984 64 ) (1616 2048 64 ) 
4 12 13 (1616 1216 64 ) (1616 1024 64 ) (1616 1024 192 ) (1616 1216 192 ) 
4 13 91 (1616 1024 192 ) (1600 1024 192 ) (1600 1024 64 ) (1616 1024 64 ) 
4 13 28 (1616 1024 64 ) (1600 1024 64 ) (1600 1216 64 ) (1616 1216 64 ) 
4 13 15 (1600 1200 64 ) (1600 1024 64 ) (1600 1024 192 ) (1600 1200 192 ) 
4 14 16 (1472 2048 64 ) (1472 1984 64 ) (1472 1984 192 ) (1472 2048 192 ) 
4 15 91 (1600 1024 192 ) (1472 1024 192 ) (1472 1024 64 ) (1600 1024 64 ) 
4 15 28 (1600 1024 64 ) (1472 1024 64 ) (1472 1200 64 ) (1600 1200 64 ) 
4 16 17 (1344 2048 64 ) (1344 1984 64 ) (1344 1984 192 ) (1344 2048 192 ) 
4 17 19 (1216 2048 64 ) (1216 1984 64 ) (1216 1984 192 ) (1216 2048 192 ) 
4 18 20 (1216 1472 64 ) (1344 1472 64 ) (1344 1472 192 ) (1216 1472 192 ) 
4 18 19 (1216 1728 64 ) (1216 1472 64 ) (1216 1472 192 ) (1216 1728 192 ) 
4 19 21 (1088 2048 64 ) (1088 1984 64 ) (1088 1984 192 ) (1088 2048 192 ) 
4 19 20 (1088 1472 192 ) (1088 1472 64 ) (1216 1472 64 ) (1216 1472 192 ) 
4 20 93 (1408 1024 192 ) (1088 1024 192 ) (1088 1024 64 ) (1408 1024 64 ) 
4 20 22 (1088 1216 64 ) (1088 1024 64 ) (1088 1024 192 ) (1088 1216 192 ) 
4 21 45 (1024 1984 192 ) (1024 2048 192 ) (1024 2048 64 ) (1024 1984 64 ) 
4 22 96 (1088 1024 192 ) (1024 1024 192 ) (1024 1024 64 ) (1088 1024 64 ) 
4 22 48 (1024 1024 64 ) (1024 1024 192 ) (1024 1216 192 ) (1024 1216 64 ) 
4 23 29 (1600 2048 0 ) (2048 2048 0 ) (2048 1984 0 ) (1600 1984 0 ) 
4 23 24 (1600 1984 0 ) (2048 1984 0 ) (2048 1984 64 ) (1600 1984 64 ) 
4 24 29 (1600 1984 0 ) (2048 1984 0 ) (2048 1216 0 ) (1600 1216 0 ) 
4 24 28 (1600 1216 0 ) (2048 1216 0 ) (2048 1216 64 ) (1600 1216 64 ) 
4 25 29 (1216 1984 0 ) (1472 1984 0 ) (1472 1728 0 ) (1216 1728 0 ) 
4 25 26 (1344 1728 0 ) (1472 1728 0 ) (1472 1728 64 ) (1344 1728 64 ) 
4 26 29 (1472 1728 0 ) (1472 1472 0 ) (1344 1472 0 ) (1344 1728 0 ) 
4 27 61 (1024 1216 64 ) (1024 1344 64 ) (1024 1344 0 ) (1024 1216 0 ) 
4 27 58 (1024 1344 64 ) (1024 1984 64 ) (1024 1984 0 ) (1024 1344 0 ) 
4 27 29 (1024 1216 0 ) (1024 1984 0 ) (1088 1984 0 ) (1088 1216 0 ) 
4 28 98 (2048 1024 0 ) (2048 1024 64 ) (1472 1024 64 ) (1472 1024 0 ) 
4 28 29 (2048 1024 0 ) (1472 1024 0 ) (1472 1216 0 ) (2048 1216 0 ) 
4 29 103 (2048 1024 -58 ) (2048 1024 0 ) (1024 1024 0 ) (1024 1024 -58 ) 
4 29 66 (1024 1024 -58 ) (1024 1024 0 ) (1024 2048 0 ) (1024 2048 -58 ) 
4 30 35 (0 2459.500000 64 ) (0 2128 64 ) (0 2128 474 ) (0 2459.500000 474 ) 
4 30 33 (0 2128 64 ) (0 2459.500000 64 ) (1024 2459.500000 64 ) (1024 2128 64 ) 
4 30 31 (1024 2128 192 ) (1024 2128 474 ) (0 2128 474 ) (0 2128 192 ) 
4 31 36 (0 2112 192 ) (0 2112 474 ) (0 2128 474 ) (0 2128 192 ) 
4 31 32 (1024 2112 192 ) (1024 2112 474 ) (0 2112 474 ) (0 2112 192 ) 
4 32 53 (320 2048 192 ) (0 2048 192 ) (0 2048 64 ) (320 2048 64 ) 
4 32 45 (1024 2048 64 ) (1024 2048 192 ) (832 2048 192 ) (832 2048 64 ) 
4 32 46 (832 2048 192 ) (320 2048 192 ) (320 2048 64 ) (832 2048 64 ) 
4 32 44 (1024 2048 192 ) (1024 2048 474 ) (0 2048 474 ) (0 2048 192 ) 
4 32 38 (0 2112 64 ) (0 2048 64 ) (0 2048 474 ) (0 2112 474 ) 
4 33 41 (0 2459.500000 -58 ) (0 2112 -58 ) (0 2112 64 ) (0 2459.500000 64 ) 
4 33 34 (0 2112 0 ) (0 2112 -58 ) (1024 2112 -58 ) (1024 2112 0 ) 
4 34 66 (1024 2048 -58 ) (1024 2048 0 ) (0 2048 0 ) (0 2048 -58 ) 
4 34 42 (0 2048 -58 ) (0 2048 0 ) (0 2112 0 ) (0 2112 -58 ) 
4 35 84 (-1024 2128 474 ) (-1024 2459.500000 474 ) (-1024 2459.500000 64 ) (-1024 2128 64 ) 
4 35 41 (0 2459.500000 64 ) (0 2128 64 ) (-64 2128 64 ) (-64 2459.500000 64 ) 
4 35 43 (-64 2128 64 ) (-1024 2128 64 ) (-1024 2459.500000 64 ) (-64 2459.500000 64 ) 
4 35 36 (0 2128 192 ) (0 2128 474 ) (-48 2128 474 ) (-48 2128 192 ) 
4 35 37 (-1024 2128 64 ) (-48 2128 64 ) (-48 2128 474 ) (-1024 2128 474 ) 
4 36 38 (0 2112 192 ) (0 2112 474 ) (-48 2112 474 ) (-48 2112 192 ) 
4 36 37 (-48 2128 474 ) (-48 2128 192 ) (-48 2112 192 ) (-48 2112 474 ) 
4 37 84 (-1024 2112 474 ) (-1024 2128 474 ) (-1024 2128 64 ) (-1024 2112 64 ) 
4 37 41 (-48 2112 64 ) (-64 2112 64 ) (-64 2128 64 ) (-48 2128 64 ) 
4 37 43 (-64 2112 64 ) (-1024 2112 64 ) (-1024 2128 64 ) (-64 2128 64 ) 
4 37 39 (-48 2112 192 ) (-48 2112 474 ) (-64 2112 474 ) (-64 2112 192 ) 
4 37 40 (-1024 2112 64 ) (-64 2112 64 ) (-64 2112 474 ) (-1024 2112 474 ) 
4 38 68 (-48 2048 64 ) (0 2048 64 ) (0 2048 192 ) (-48 2048 192 ) 
4 38 67 (0 2048 192 ) (0 2048 474 ) (-48 2048 474 ) (-48 2048 192 ) 
4 38 39 (-48 2112 474 ) (-48 2112 192 ) (-48 2048 192 ) (-48 2048 474 ) 
4 39 67 (-48 2048 192 ) (-48 2048 474 ) (-64 2048 474 ) (-64 2048 192 ) 
4 39 40 (-64 2112 474 ) (-64 2112 192 ) (-64 2048 192 ) (-64 2048 474 ) 
4 40 84 (-1024 2048 64 ) (-1024 2048 474 ) (-1024 2112 474 ) (-1024 2112 64 ) 
4 40 70 (-192 2048 64 ) (-64 2048 64 ) (-64 2048 192 ) (-192 2048 192 ) 
4 40 72 (-1024 2048 192 ) (-1024 2048 64 ) (-192 2048 64 ) (-192 2048 192 ) 
4 40 67 (-1024 2048 474 ) (-1024 2048 192 ) (-64 2048 192 ) (-64 2048 474 ) 
4 40 43 (-64 2048 64 ) (-1024 2048 64 ) (-1024 2112 64 ) (-64 2112 64 ) 
4 41 42 (-64 2112 0 ) (-64 2112 -58 ) (0 2112 -58 ) (0 2112 0 ) 
4 41 43 (-64 2459.500000 64 ) (-64 2459.500000 -58 ) (-64 2112 -58 ) (-64 2112 64 ) 
4 42 83 (-64 2048 -58 ) (0 2048 -58 ) (0 2048 0 ) (-64 2048 0 ) 
4 42 43 (-64 2112 -58 ) (-64 2048 -58 ) (-64 2048 0 ) (-64 2112 0 ) 
4 43 84 (-1024 2048 -58 ) (-1024 2048 64 ) (-1024 2459.500000 64 ) (-1024 2459.500000 -58 ) 
4 43 83 (-1024 2048 0 ) (-1024 2048 -58 ) (-64 2048 -58 ) (-64 2048 0 ) 
4 43 81 (-320 2048 0 ) (-192 2048 0 ) (-192 2048 64 ) (-320 2048 64 ) 
4 43 82 (-1024 2048 64 ) (-1024 2048 0 ) (-320 2048 0 ) (-320 2048 64 ) 
4 43 79 (-192 2048 0 ) (-64 2048 0 ) (-64 2048 64 ) (-192 2048 64 ) 
4 44 108 (1024 1024 192 ) (1024 1024 474 ) (0 1024 474 ) (0 1024 192 ) 
4 44 67 (0 2048 474 ) (0 2048 192 ) (0 1024 192 ) (0 1024 474 ) 
4 44 57 (320 1024 192 ) (128 1024 192 ) (192 1088 192 ) (320 1088 192 ) 
4 44 56 (0 1088 192 ) (0 1216 192 ) (304 1216 192 ) (304 1088 192 ) 
4 44 55 (0 1280 192 ) (0 1536 192 ) (64 1600 192 ) (64 1344 192 ) 
4 44 54 (64 1856 192 ) (192 1856 192 ) (192 1472 192 ) (64 1344 192 ) 
4 44 53 (0 1856 192 ) (0 2048 192 ) (320 2048 192 ) (320 1856 192 ) 
4 44 51 (576 1344 192 ) (576 1600 192 ) (704 1600 192 ) (704 1472 192 ) 
4 44 52 (576 1024 192 ) (320 1024 192 ) (320 1600 192 ) (576 1600 192 ) 
5 44 50 (960 1024 192 ) (704 1024 192 ) (704 1600 192 ) (832 1600 192 ) (960 1472 192 ) 
4 44 49 (976 1024 192 ) (960 1024 192 ) (960 1088 192 ) (976 1088 192 ) 
4 44 48 (1024 1024 192 ) (976 1024 192 ) (976 1216 192 ) (1024 1216 192 ) 
4 44 47 (320 1600 192 ) (320 1856 192 ) (576 1856 192 ) (576 1600 192 ) 
4 44 45 (832 2048 192 ) (1024 2048 192 ) (1024 1984 192 ) (832 1984 192 ) 
4 44 46 (320 1856 192 ) (320 2048 192 ) (832 2048 192 ) (832 1856 192 ) 
4 45 46 (832 2048 64 ) (832 1984 64 ) (832 1984 192 ) (832 2048 192 ) 
4 46 53 (320 2048 64 ) (320 1856 64 ) (320 1856 192 ) (320 2048 192 ) 
4 46 47 (320 1856 192 ) (320 1856 64 ) (576 1856 64 ) (576 1856 192 ) 
4 47 52 (320 1600 192 ) (320 1600 64 ) (576 1600 64 ) (576 1600 192 ) 
4 48 109 (1024 1024 64 ) (1024 1024 192 ) (976 1024 192 ) (976 1024 64 ) 
4 48 49 (976 1088 64 ) (976 1024 64 ) (976 1024 192 ) (976 1088 192 ) 
4 49 110 (976 1024 192 ) (960 1024 192 ) (960 1024 64 ) (976 1024 64 ) 
4 49 50 (960 1088 64 ) (960 1024 64 ) (960 1024 192 ) (960 1088 192 ) 
4 50 111 (960 1024 192 ) (704 1024 192 ) (704 1024 64 ) (960 1024 64 ) 
4 50 51 (704 1600 192 ) (704 1600 64 ) (704 1472 64 ) (704 1472 192 ) 
4 51 52 (576 1600 192 ) (576 1600 64 ) (576 1344 64 ) (576 1344 192 ) 
4 52 116 (576 1024 192 ) (320 1024 192 ) (320 1024 64 ) (576 1024 64 ) 
4 52 57 (320 1088 64 ) (320 1024 64 ) (320 1024 192 ) (320 1088 192 ) 
4 53 68 (0 2048 192 ) (0 2048 64 ) (0 1856 64 ) (0 1856 192 ) 
4 53 54 (64 1856 64 ) (192 1856 64 ) (192 1856 192 ) (64 1856 192 ) 
4 54 55 (64 1600 64 ) (64 1344 64 ) (64 1344 192 ) (64 1600 192 ) 
4 55 73 (0 1344 64 ) (0 1280 64 ) (0 1280 192 ) (0 1344 192 ) 
4 55 69 (0 1536 64 ) (0 1344 64 ) (0 1344 192 ) (0 1536 192 ) 
4 56 76 (0 1216 64 ) (0 1088 64 ) (0 1088 192 ) (0 1216 192 ) 
4 56 57 (192 1088 64 ) (304 1088 64 ) (304 1088 192 ) (192 1088 192 ) 
4 57 121 (192 1024 192 ) (128 1024 192 ) (128 1024 64 ) (192 1024 64 ) 
4 57 117 (320 1024 192 ) (192 1024 192 ) (192 1024 64 ) (320 1024 64 ) 
4 58 66 (1024 1984 0 ) (1024 1344 0 ) (960 1344 0 ) (960 1984 0 ) 
4 58 61 (976 1344 0 ) (1024 1344 0 ) (1024 1344 64 ) (976 1344 64 ) 
4 58 59 (960 1984 64 ) (960 1984 0 ) (960 1600 0 ) (960 1600 64 ) 
4 59 66 (832 1600 0 ) (832 1984 0 ) (960 1984 0 ) (960 1600 0 ) 
4 59 60 (832 1856 0 ) (832 1600 0 ) (832 1600 64 ) (832 1856 64 ) 
4 60 66 (576 1600 0 ) (576 1856 0 ) (832 1856 0 ) (832 1600 0 ) 
4 61 66 (976 1216 0 ) (976 1344 0 ) (1024 1344 0 ) (1024 1216 0 ) 
4 62 125 (704 1024 64 ) (576 1024 64 ) (576 1024 0 ) (704 1024 0 ) 
4 62 66 (704 1024 0 ) (576 1024 0 ) (576 1344 0 ) (704 1344 0 ) 
4 63 66 (192 1344 0 ) (192 1856 0 ) (320 1856 0 ) (320 1344 0 ) 
4 64 78 (0 1856 0 ) (0 1600 0 ) (0 1600 64 ) (0 1856 64 ) 
4 64 66 (0 1600 0 ) (0 1856 0 ) (64 1856 0 ) (64 1600 0 ) 
4 65 128 (64 1024 64 ) (0 1024 64 ) (0 1024 0 ) (64 1024 0 ) 
4 65 80 (0 1088 0 ) (0 1024 0 ) (0 1024 64 ) (0 1088 64 ) 
4 65 66 (64 1024 0 ) (0 1024 0 ) (0 1088 0 ) (64 1088 0 ) 
4 66 132 (1024 1024 -58 ) (1024 1024 0 ) (0 1024 0 ) (0 1024 -58 ) 
4 66 83 (0 2048 0 ) (0 2048 -58 ) (0 1024 -58 ) (0 1024 0 ) 
4 67 133 (0 1024 192 ) (0 1024 474 ) (-1024 1024 474 ) (-1024 1024 192 ) 
4 67 86 (-1024 1024 192 ) (-1024 1024 474 ) (-1024 1216 474 ) (-1024 1216 192 ) 
4 67 85 (-1024 1216 474 ) (-1024 2048 474 ) (-1024 2048 192 ) (-1024 1216 192 ) 
4 67 77 (-308.800140 1024 192 ) (-1024 1024 192 ) (-1024 1088 192 ) (-200 1088 192 ) 
4 67 76 (-1024 1088 192 ) (-896 1216 192 ) (0 1216 192 ) (0 1088 192 ) 
4 67 74 (-896 1344 192 ) (-320 1344 192 ) (-320 1232 192 ) (-896 1232 192 ) 
4 67 75 (-1024 1216 192 ) (-1024 1344 192 ) (-896 1344 192 ) (-896 1216 192 ) 
5 67 73 (-192 1344 192 ) (0 1344 192 ) (0 1280 192 ) (-64 1216 192 ) (-320 1216 192 ) 
3 67 71 (-64 1472 192 ) (-64 1344 192 ) (-192 1344 192 ) 
4 67 70 (-192 2048 192 ) (-64 2048 192 ) (-64 1472 192 ) (-192 1472 192 ) 
4 67 72 (-1024 1344 192 ) (-1024 2048 192 ) (-192 2048 192 ) (-192 1344 192 ) 
4 67 69 (0 1536 192 ) (0 1344 192 ) (-64 1344 192 ) (-64 1472 192 ) 
4 67 68 (-48 2048 192 ) (0 2048 192 ) (0 1856 192 ) (-48 1856 192 ) 
4 69 73 (-64 1344 64 ) (0 1344 64 ) (0 1344 192 ) (-64 1344 192 ) 
4 69 71 (-64 1472 64 ) (-64 1344 64 ) (-64 1344 192 ) (-64 1472 192 ) 
4 70 79 (-192 2048 64 ) (-64 2048 64 ) (-64 1472 64 ) (-192 1472 64 ) 
4 70 72 (-192 2048 64 ) (-192 1472 64 ) (-192 1472 192 ) (-192 2048 192 ) 
4 71 73 (-192 1344 64 ) (-64 1344 64 ) (-64 1344 192 ) (-192 1344 192 ) 
4 72 85 (-1024 1344 192 ) (-1024 2048 192 ) (-1024 2048 64 ) (-1024 1344 64 ) 
4 72 81 (-320 2048 64 ) (-192 2048 64 ) (-192 1344 64 ) (-320 1344 64 ) 
4 72 82 (-1024 1344 64 ) (-1024 2048 64 ) (-320 2048 64 ) (-320 1344 64 ) 
4 72 74 (-896 1344 64 ) (-320 1344 64 ) (-320 1344 192 ) (-896 1344 192 ) 
4 72 75 (-1024 1344 64 ) (-896 1344 64 ) (-896 1344 192 ) (-1024 1344 192 ) 
4 73 76 (-320 1216 64 ) (-64 1216 64 ) (-64 1216 192 ) (-320 1216 192 ) 
4 74 82 (-896 1344 64 ) (-320 1344 64 ) (-320 1232 64 ) (-896 1232 64 ) 
4 74 75 (-896 1344 192 ) (-896 1344 64 ) (-896 1232 64 ) (-896 1232 192 ) 
4 75 85 (-1024 1216 192 ) (-1024 1344 192 ) (-1024 1344 64 ) (-1024 1216 64 ) 
4 75 82 (-1024 1216 64 ) (-1024 1344 64 ) (-896 1344 64 ) (-896 1216 64 ) 
4 76 77 (-1024 1088 64 ) (-200 1088 64 ) (-200 1088 192 ) (-1024 1088 192 ) 
4 77 137 (-336 1024 192 ) (-1024 1024 192 ) (-1024 1024 64 ) (-336 1024 64 ) 
4 77 135 (-308.800140 1024 192 ) (-336 1024 192 ) (-336 1024 64 ) (-308.800110 1024 64 ) 
4 78 83 (0 1856 0 ) (0 1600 0 ) (-64 1600 0 ) (-64 1856 0 ) 
4 78 79 (-64 1856 0 ) (-64 1600 0 ) (-64 1600 64 ) (-64 1856 64 ) 
4 79 83 (-192 1472 0 ) (-192 2048 0 ) (-64 2048 0 ) (-64 1472 0 ) 
4 79 81 (-192 2048 0 ) (-192 1472 0 ) (-192 1472 64 ) (-192 2048 64 ) 
4 80 156 (-64 1024 64 ) (-192 1024 64 ) (-192 1024 0 ) (-64 1024 0 ) 
4 80 154 (0 1024 0 ) (0 1024 64 ) (-64 1024 64 ) (-64 1024 0 ) 
4 80 83 (0 1024 0 ) (-192 1024 0 ) (-192 1088 0 ) (0 1088 0 ) 
4 81 83 (-320 2048 0 ) (-192 2048 0 ) (-192 1344 0 ) (-320 1344 0 ) 
4 81 82 (-320 2048 0 ) (-320 1344 0 ) (-320 1344 64 ) (-320 2048 64 ) 
4 82 85 (-1024 1216 64 ) (-1024 2048 64 ) (-1024 2048 0 ) (-1024 1216 0 ) 
4 82 83 (-1024 1216 0 ) (-1024 2048 0 ) (-320 2048 0 ) (-320 1216 0 ) 
4 83 160 (0 1024 -58 ) (0 1024 0 ) (-1024 1024 0 ) (-1024 1024 -58 ) 
4 83 87 (-1024 1024 -58 ) (-1024 1024 0 ) (-1024 1216 0 ) (-1024 1216 -58 ) 
4 83 85 (-1024 1216 0 ) (-1024 2048 0 ) (-1024 2048 -58 ) (-1024 1216 -58 ) 
4 84 85 (-1024 2048 -58 ) (-1024 2048 474 ) (-1152 2048 474 ) (-1152 2048 -58 ) 
4 84 88 (-1152 2048 474 ) (-1538.500000 2048 474 ) (-1538.500000 2048 -58 ) (-1152 2048 -58 ) 
4 85 86 (-1152 1216 474 ) (-1152 1216 192 ) (-1024 1216 192 ) (-1024 1216 474 ) 
4 85 87 (-1152 1216 64 ) (-1152 1216 -58 ) (-1024 1216 -58 ) (-1024 1216 64 ) 
4 85 88 (-1152 2048 -58 ) (-1152 1216 -58 ) (-1152 1216 474 ) (-1152 2048 474 ) 
4 86 194 (-1024 1024 192 ) (-1024 1024 474 ) (-1152 1024 474 ) (-1152 1024 192 ) 
4 86 88 (-1152 1024 192 ) (-1152 1024 474 ) (-1152 1216 474 ) (-1152 1216 192 ) 
4 87 199 (-1024 1024 0 ) (-1024 1024 64 ) (-1152 1024 64 ) (-1152 1024 0 ) 
4 87 200 (-1024 1024 -58 ) (-1024 1024 0 ) (-1152 1024 0 ) (-1152 1024 -58 ) 
4 87 88 (-1152 1216 -58 ) (-1152 1024 -58 ) (-1152 1024 64 ) (-1152 1216 64 ) 
4 88 201 (-1538.500000 1024 64 ) (-1538.500000 1024 -58 ) (-1152 1024 -58 ) (-1152 1024 64 ) 
4 88 198 (-1168 1024 474 ) (-1538.500000 1024 474 ) (-1538.500000 1024 64 ) (-1168 1024 64 ) 
4 88 196 (-1152 1024 474 ) (-1168 1024 474 ) (-1168 1024 64 ) (-1152 1024 64 ) 
4 89 104 (2274.500000 0 474 ) (2048 0 474 ) (2048 0 -58 ) (2274.500000 0 -58 ) 
4 89 103 (2048 1024 0 ) (2048 1024 -58 ) (2048 0 -58 ) (2048 0 0 ) 
4 89 101 (2048 704 0 ) (2048 0 0 ) (2048 0 64 ) (2048 704 64 ) 
4 89 100 (2048 832 0 ) (2048 704 0 ) (2048 704 64 ) (2048 832 64 ) 
4 89 99 (2048 960 0 ) (2048 832 0 ) (2048 832 64 ) (2048 960 64 ) 
4 89 98 (2048 1024 64 ) (2048 1024 0 ) (2048 960 0 ) (2048 960 64 ) 
4 89 94 (2048 576 64 ) (2048 0 64 ) (2048 0 192 ) (2048 576 192 ) 
4 89 91 (2048 1024 192 ) (2048 1024 64 ) (2048 576 64 ) (2048 576 192 ) 
4 89 90 (2048 1024 474 ) (2048 1024 192 ) (2048 0 192 ) (2048 0 474 ) 
4 90 108 (1024 1024 474 ) (1024 1024 192 ) (1024 0 192 ) (1024 0 474 ) 
4 90 105 (2048 0 192 ) (2048 0 474 ) (1024 0 474 ) (1024 0 192 ) 
4 90 96 (1024 432 192 ) (1024 1024 192 ) (1088 1024 192 ) (1088 432 192 ) 
4 90 97 (1088 0 192 ) (1024 0 192 ) (1024 416 192 ) (1088 416 192 ) 
4 90 95 (1104 0 192 ) (1088 0 192 ) (1088 432 192 ) (1104 432 192 ) 
4 90 94 (2048 0 192 ) (1104 0 192 ) (1104 576 192 ) (2048 576 192 ) 
3 90 93 (1088 704 192 ) (1088 1024 192 ) (1408 1024 192 ) 
3 90 92 (1088 576 192 ) (1472 960 192 ) (1472 576 192 ) 
4 90 91 (1472 1024 192 ) (2048 1024 192 ) (2048 576 192 ) (1472 576 192 ) 
4 91 101 (2048 704 64 ) (2048 576 64 ) (1472 576 64 ) (1472 704 64 ) 
4 91 100 (2048 832 64 ) (2048 704 64 ) (1472 704 64 ) (1472 832 64 ) 
4 91 99 (2048 960 64 ) (2048 832 64 ) (1472 832 64 ) (1472 960 64 ) 
4 91 98 (1472 1024 64 ) (2048 1024 64 ) (2048 960 64 ) (1472 960 64 ) 
4 91 94 (1472 576 64 ) (2048 576 64 ) (2048 576 192 ) (1472 576 192 ) 
4 91 92 (1472 960 64 ) (1472 576 64 ) (1472 576 192 ) (1472 960 192 ) 
4 92 101 (1472 704 64 ) (1472 576 64 ) (1088 576 64 ) (1216 704 64 ) 
4 92 100 (1472 832 64 ) (1472 704 64 ) (1216 704 64 ) (1344 832 64 ) 
3 92 99 (1472 960 64 ) (1472 832 64 ) (1344 832 64 ) 
4 92 94 (1104 576 64 ) (1472 576 64 ) (1472 576 192 ) (1104 576 192 ) 
4 93 96 (1088 1024 64 ) (1088 704 64 ) (1088 704 192 ) (1088 1024 192 ) 
4 94 105 (2048 0 64 ) (2048 0 192 ) (1104 0 192 ) (1104 0 64 ) 
4 94 101 (2048 576 64 ) (2048 0 64 ) (1104 0 64 ) (1104 576 64 ) 
4 94 95 (1104 432 64 ) (1104 0 64 ) (1104 0 192 ) (1104 432 192 ) 
4 95 105 (1104 0 192 ) (1088 0 192 ) (1088 0 64 ) (1104 0 64 ) 
4 95 101 (1104 0 64 ) (1088 0 64 ) (1088 432 64 ) (1104 432 64 ) 
4 95 97 (1088 416 64 ) (1088 0 64 ) (1088 0 192 ) (1088 416 192 ) 
4 96 113 (1024 448 64 ) (1024 432 64 ) (1024 432 192 ) (1024 448 192 ) 
4 96 109 (1024 1024 192 ) (1024 1024 64 ) (1024 448 64 ) (1024 448 192 ) 
4 97 114 (1024 416 64 ) (1024 0 64 ) (1024 0 192 ) (1024 416 192 ) 
4 97 105 (1088 0 192 ) (1024 0 192 ) (1024 0 64 ) (1088 0 64 ) 
4 97 102 (1088 416 64 ) (1088 0 64 ) (1024 0 64 ) (1024 416 64 ) 
4 98 103 (1472 1024 0 ) (2048 1024 0 ) (2048 960 0 ) (1472 960 0 ) 
4 98 99 (1472 960 0 ) (2048 960 0 ) (2048 960 64 ) (1472 960 64 ) 
4 99 103 (1344 960 0 ) (2048 960 0 ) (2048 832 0 ) (1344 832 0 ) 
4 99 100 (1344 832 0 ) (2048 832 0 ) (2048 832 64 ) (1344 832 64 ) 
4 100 103 (1216 832 0 ) (2048 832 0 ) (2048 704 0 ) (1216 704 0 ) 
4 100 101 (1216 704 0 ) (2048 704 0 ) (2048 704 64 ) (1216 704 64 ) 
4 101 105 (2048 0 0 ) (2048 0 64 ) (1088 0 64 ) (1088 0 0 ) 
4 101 103 (2048 0 0 ) (1088 0 0 ) (1088 704 0 ) (2048 704 0 ) 
4 101 102 (1088 432 0 ) (1088 0 0 ) (1088 0 64 ) (1088 432 64 ) 
4 102 124 (1024 432 0 ) (1024 0 0 ) (1024 0 64 ) (1024 432 64 ) 
4 102 105 (1088 0 64 ) (1024 0 64 ) (1024 0 0 ) (1088 0 0 ) 
4 102 103 (1088 0 0 ) (1024 0 0 ) (1024 432 0 ) (1088 432 0 ) 
4 103 132 (1024 1024 0 ) (1024 1024 -58 ) (1024 0 -58 ) (1024 0 0 ) 
4 103 105 (2048 0 -58 ) (2048 0 0 ) (1024 0 0 ) (1024 0 -58 ) 
4 104 106 (2274.500000 -1024 474 ) (2048 -1024 474 ) (2048 -1024 -58 ) (2274.500000 -1024 -58 ) 
4 104 105 (2048 0 474 ) (2048 0 -58 ) (2048 -1024 -58 ) (2048 -1024 474 ) 
4 105 177 (1024 -1024 -58 ) (1024 -1024 0 ) (1024 0 0 ) (1024 0 -58 ) 
4 105 174 (1024 -1024 0 ) (1024 -1024 64 ) (1024 -640 64 ) (1024 -640 0 ) 
4 105 173 (1024 -640 64 ) (1024 0 64 ) (1024 0 0 ) (1024 -640 0 ) 
4 105 168 (1024 -1024 64 ) (1024 -1024 192 ) (1024 -640 192 ) (1024 -640 64 ) 
4 105 163 (1024 -640 192 ) (1024 -256 192 ) (1024 -256 64 ) (1024 -640 64 ) 
4 105 162 (1024 -256 192 ) (1024 0 192 ) (1024 0 64 ) (1024 -256 64 ) 
4 105 161 (1024 -1024 192 ) (1024 -1024 474 ) (1024 0 474 ) (1024 0 192 ) 
4 105 107 (2048 -1024 -58 ) (2048 -1024 474 ) (1024 -1024 474 ) (1024 -1024 -58 ) 
4 106 107 (2048 -1024 474 ) (2048 -1024 -58 ) (2048 -1787.500000 -58 ) (2048 -1787.500000 474 ) 
4 107 222 (1024 -1152 -58 ) (1024 -1787.500000 -58 ) (1024 -1787.500000 64 ) (1024 -1152 64 ) 
4 107 220 (1024 -1024 64 ) (1024 -1024 -58 ) (1024 -1152 -58 ) (1024 -1152 64 ) 
4 107 219 (1024 -1600 64 ) (1024 -1787.500000 64 ) (1024 -1787.500000 192 ) (1024 -1600 192 ) 
4 107 218 (1024 -1584 64 ) (1024 -1600 64 ) (1024 -1600 192 ) (1024 -1584 192 ) 
4 107 212 (1024 -1024 192 ) (1024 -1024 64 ) (1024 -1584 64 ) (1024 -1584 192 ) 
4 107 211 (1024 -1787.500000 474 ) (1024 -1024 474 ) (1024 -1024 192 ) (1024 -1787.500000 192 ) 
4 108 161 (1024 0 192 ) (1024 0 474 ) (0 0 474 ) (0 0 192 ) 
4 108 133 (0 1024 474 ) (0 1024 192 ) (0 0 192 ) (0 0 474 ) 
3 108 123 (192 192 192 ) (192 0 192 ) (8.001495 0 192 ) 
4 108 122 (0 576 192 ) (0 768 192 ) (64 832 192 ) (64 576 192 ) 
5 108 121 (128 1024 192 ) (192 1024 192 ) (192 192 192 ) (64 192 192 ) (64 960 192 ) 
4 108 120 (192 192 192 ) (192 576 192 ) (208 576 192 ) (208 192 192 ) 
4 108 119 (304 0 192 ) (208 0 192 ) (208 576 192 ) (304 576 192 ) 
4 108 118 (320 320 192 ) (320 0 192 ) (304 0 192 ) (304 320 192 ) 
4 108 117 (192 1024 192 ) (320 1024 192 ) (320 960 192 ) (192 832 192 ) 
4 108 116 (320 1024 192 ) (576 1024 192 ) (576 0 192 ) (320 0 192 ) 
4 108 115 (976 0 192 ) (592 0 192 ) (592 432 192 ) (976 432 192 ) 
4 108 113 (1024 448 192 ) (1024 432 192 ) (976 432 192 ) (976 448 192 ) 
4 108 114 (1024 416 192 ) (1024 0 192 ) (976 0 192 ) (976 416 192 ) 
4 108 112 (704 704 192 ) (704 448 192 ) (576 448 192 ) (576 832 192 ) 
5 108 111 (704 1024 192 ) (960 1024 192 ) (960 576 192 ) (832 448 192 ) (704 448 192 ) 
4 108 110 (960 1024 192 ) (976 1024 192 ) (976 960 192 ) (960 960 192 ) 
4 108 109 (976 1024 192 ) (1024 1024 192 ) (1024 448 192 ) (976 448 192 ) 
4 109 113 (976 448 64 ) (1024 448 64 ) (1024 448 192 ) (976 448 192 ) 
4 109 110 (976 1024 64 ) (976 960 64 ) (976 960 192 ) (976 1024 192 ) 
4 110 111 (960 1024 64 ) (960 960 64 ) (960 960 192 ) (960 1024 192 ) 
4 111 112 (704 704 64 ) (704 448 64 ) (704 448 192 ) (704 704 192 ) 
4 112 116 (576 832 64 ) (576 448 64 ) (576 448 192 ) (576 832 192 ) 
4 114 162 (1024 0 64 ) (1024 0 192 ) (976 0 192 ) (976 0 64 ) 
4 114 124 (1024 0 64 ) (976 0 64 ) (976 416 64 ) (1024 416 64 ) 
4 114 115 (976 416 64 ) (976 0 64 ) (976 0 192 ) (976 416 192 ) 
4 115 162 (976 0 192 ) (592 0 192 ) (592 0 64 ) (976 0 64 ) 
4 115 127 (960 0 64 ) (592 0 64 ) (592 432 64 ) (960 432 64 ) 
4 115 126 (976 0 64 ) (960 0 64 ) (960 432 64 ) (976 432 64 ) 
4 116 164 (576 0 192 ) (320 0 192 ) (320 0 64 ) (576 0 64 ) 
4 116 118 (320 320 64 ) (320 0 64 ) (320 0 192 ) (320 320 192 ) 
4 116 117 (320 1024 64 ) (320 960 64 ) (320 960 192 ) (320 1024 192 ) 
4 117 121 (192 1024 64 ) (192 832 64 ) (192 832 192 ) (192 1024 192 ) 
4 118 164 (320 0 192 ) (304 0 192 ) (304 0 64 ) (320 0 64 ) 
4 118 119 (304 320 64 ) (304 0 64 ) (304 0 192 ) (304 320 192 ) 
4 119 164 (304 0 192 ) (208 0 192 ) (208 0 64 ) (304 0 64 ) 
4 119 120 (208 576 192 ) (208 576 64 ) (208 192 64 ) (208 192 192 ) 
4 120 121 (192 576 64 ) (192 192 64 ) (192 192 192 ) (192 576 192 ) 
4 121 122 (64 832 64 ) (64 576 64 ) (64 576 192 ) (64 832 192 ) 
4 122 141 (0 704 64 ) (0 576 64 ) (0 576 192 ) (0 704 192 ) 
4 122 134 (0 768 64 ) (0 704 64 ) (0 704 192 ) (0 768 192 ) 
4 123 165 (192 0 192 ) (8.001495 0 192 ) (8.001495 0 64 ) (192 0 64 ) 
3 123 131 (48 0 64 ) (8.001495 0 64 ) (48 41.737911 64 ) 
4 124 173 (1024 0 0 ) (1024 0 64 ) (976 0 64 ) (976 0 0 ) 
4 124 132 (1024 432 0 ) (1024 0 0 ) (976 0 0 ) (976 432 0 ) 
4 124 126 (976 432 0 ) (976 0 0 ) (976 0 64 ) (976 432 64 ) 
4 125 132 (576 1024 0 ) (704 1024 0 ) (704 832 0 ) (576 832 0 ) 
4 126 173 (976 0 64 ) (960 0 64 ) (960 0 0 ) (976 0 0 ) 
4 126 132 (976 832 0 ) (976 0 0 ) (960 0 0 ) (960 832 0 ) 
4 126 127 (960 448 0 ) (960 0 0 ) (960 0 64 ) (960 448 64 ) 
4 127 173 (960 0 64 ) (576 0 64 ) (576 0 0 ) (960 0 0 ) 
4 127 132 (960 0 0 ) (576 0 0 ) (576 448 0 ) (960 448 0 ) 
4 128 154 (0 1024 64 ) (0 1024 0 ) (0 832 0 ) (0 832 64 ) 
4 128 132 (0 832 0 ) (0 1024 0 ) (64 1024 0 ) (64 832 0 ) 
4 129 132 (192 832 0 ) (320 832 0 ) (320 576 0 ) (192 576 0 ) 
4 130 155 (0 576 0 ) (0 336 0 ) (0 336 64 ) (0 576 64 ) 
4 130 132 (0 336 0 ) (0 576 0 ) (64 576 0 ) (64 336 0 ) 
4 130 131 (0 336 0 ) (48 336 0 ) (48 336 64 ) (0 336 64 ) 
4 131 176 (48 0 64 ) (0 0 64 ) (0 0 0 ) (48 0 0 ) 
4 131 155 (0 336 0 ) (0 0 0 ) (0 0 64 ) (0 336 64 ) 
4 131 132 (0 0 0 ) (0 336 0 ) (48 336 0 ) (48 0 0 ) 
4 132 177 (1024 0 -58 ) (1024 0 0 ) (0 0 0 ) (0 0 -58 ) 
4 132 160 (0 1024 0 ) (0 1024 -58 ) (0 0 -58 ) (0 0 0 ) 
4 133 194 (-1024 1024 474 ) (-1024 1024 192 ) (-1024 0 192 ) (-1024 0 474 ) 
4 133 178 (0 0 192 ) (0 0 474 ) (-1024 0 474 ) (-1024 0 192 ) 
3 133 152 (-816.001221 0 192 ) (-1008 0 192 ) (-1008 192 192 ) 
4 133 153 (-1008 0 192 ) (-1024 0 192 ) (-1024 192 192 ) (-1008 192 192 ) 
3 133 150 (-192 64 192 ) (-192 192 192 ) (-63.997086 192 192 ) 
4 133 151 (-192 0 192 ) (-624 0 192 ) (-624 192 192 ) (-192 192 192 ) 
3 133 148 (-624 320 192 ) (-624 192 192 ) (-752 320 192 ) 
4 133 147 (-1008 448 192 ) (-624 448 192 ) (-624 320 192 ) (-1008 320 192 ) 
4 133 146 (-624 448 192 ) (-64 448 192 ) (-64 192 192 ) (-624 192 192 ) 
4 133 149 (-1024 192 192 ) (-1024 448 192 ) (-1008 448 192 ) (-1008 192 192 ) 
4 133 145 (-992 512 192 ) (-64 512 192 ) (-64 448 192 ) (-992 448 192 ) 
4 133 142 (-992 704 192 ) (-64 704 192 ) (-64 512 192 ) (-992 512 192 ) 
4 133 141 (-64 704 192 ) (0 704 192 ) (0 576 192 ) (-64 576 192 ) 
3 133 140 (-1024 704 192 ) (-1024 960 192 ) (-896 960 192 ) 
3 133 139 (-896 896 192 ) (-896 704 192 ) (-992 704 192 ) 
5 133 138 (-896 960 192 ) (-576 960 192 ) (-336 848 192 ) (-336 704 192 ) (-896 704 192 ) 
4 133 137 (-1024 960 192 ) (-1024 1024 192 ) (-336 1024 192 ) (-336 960 192 ) 
3 133 135 (-336 1024 192 ) (-308.800110 1024 192 ) (-336 1008 192 ) 
4 133 136 (-64 848 192 ) (-64 704 192 ) (-336 704 192 ) (-336 848 192 ) 
3 133 134 (0 768 192 ) (0 704 192 ) (-64 704 192 ) 
4 134 141 (-64 704 64 ) (0 704 64 ) (0 704 192 ) (-64 704 192 ) 
4 135 137 (-336 1024 64 ) (-336 1008 64 ) (-336 1008 192 ) (-336 1024 192 ) 
4 136 143 (-336 704 64 ) (-64 704 64 ) (-64 704 80 ) (-336 704 80 ) 
4 136 142 (-64 704 80 ) (-64 704 192 ) (-336 704 192 ) (-336 704 80 ) 
4 136 138 (-336 848 64 ) (-336 704 64 ) (-336 704 192 ) (-336 848 192 ) 
4 137 140 (-1024 960 64 ) (-896 960 64 ) (-896 960 192 ) (-1024 960 192 ) 
4 137 138 (-896 960 64 ) (-576 960 64 ) (-576 960 192 ) (-896 960 192 ) 
4 138 143 (-512 704 64 ) (-336 704 64 ) (-336 704 80 ) (-512 704 80 ) 
4 138 144 (-896 704 64 ) (-704 704 64 ) (-704 704 80 ) (-896 704 80 ) 
4 138 142 (-336 704 80 ) (-336 704 192 ) (-896 704 192 ) (-896 704 80 ) 
4 138 139 (-896 896 64 ) (-896 704 64 ) (-896 704 192 ) (-896 896 192 ) 
4 139 144 (-992 704 64 ) (-896 704 64 ) (-896 704 80 ) (-992 704 80 ) 
4 139 142 (-896 704 80 ) (-896 704 192 ) (-992 704 192 ) (-992 704 80 ) 
4 140 195 (-1024 960 64 ) (-1024 704 64 ) (-1024 704 192 ) (-1024 960 192 ) 
4 141 143 (-64 704 80 ) (-64 704 64 ) (-64 576 64 ) (-64 576 80 ) 
4 141 142 (-64 704 192 ) (-64 704 80 ) (-64 576 80 ) (-64 576 192 ) 
4 142 145 (-64 512 80 ) (-64 512 192 ) (-992 512 192 ) (-992 512 80 ) 
4 142 143 (-64 512 80 ) (-512 512 80 ) (-512 704 80 ) (-64 704 80 ) 
4 142 144 (-704 512 80 ) (-992 512 80 ) (-992 704 80 ) (-704 704 80 ) 
4 143 145 (-512 512 64 ) (-64 512 64 ) (-64 512 80 ) (-512 512 80 ) 
4 144 145 (-992 512 64 ) (-704 512 64 ) (-704 512 80 ) (-992 512 80 ) 
4 145 147 (-992 448 64 ) (-624 448 64 ) (-624 448 192 ) (-992 448 192 ) 
4 145 146 (-624 448 64 ) (-64 448 64 ) (-64 448 192 ) (-624 448 192 ) 
4 146 150 (-192 192 64 ) (-64 192 64 ) (-64 192 192 ) (-192 192 192 ) 
4 146 151 (-624 192 64 ) (-192 192 64 ) (-192 192 192 ) (-624 192 192 ) 
4 146 148 (-624 320 64 ) (-624 192 64 ) (-624 192 192 ) (-624 320 192 ) 
4 146 147 (-624 448 192 ) (-624 448 64 ) (-624 320 64 ) (-624 320 192 ) 
4 147 148 (-752 320 64 ) (-624 320 64 ) (-624 320 192 ) (-752 320 192 ) 
4 147 149 (-1008 448 192 ) (-1008 448 64 ) (-1008 320 64 ) (-1008 320 192 ) 
4 149 195 (-1024 448 64 ) (-1024 192 64 ) (-1024 192 192 ) (-1024 448 192 ) 
4 149 153 (-1024 192 64 ) (-1008 192 64 ) (-1008 192 192 ) (-1024 192 192 ) 
4 150 151 (-192 192 192 ) (-192 192 64 ) (-192 64 64 ) (-192 64 192 ) 
4 151 181 (-192 0 192 ) (-624 0 192 ) (-624 0 64 ) (-192 0 64 ) 
4 152 182 (-816.001221 0 192 ) (-1008 0 192 ) (-1008 0 64 ) (-816.001221 0 64 ) 
4 152 153 (-1008 192 192 ) (-1008 192 64 ) (-1008 0 64 ) (-1008 0 192 ) 
4 153 195 (-1024 192 64 ) (-1024 0 64 ) (-1024 0 192 ) (-1024 192 192 ) 
4 153 182 (-1008 0 192 ) (-1024 0 192 ) (-1024 0 64 ) (-1008 0 64 ) 
4 154 160 (-64 832 0 ) (-64 1024 0 ) (0 1024 0 ) (0 832 0 ) 
4 154 156 (-64 1024 0 ) (-64 960 0 ) (-64 960 64 ) (-64 1024 64 ) 
4 155 190 (0 0 0 ) (0 0 64 ) (-64 0 64 ) (-64 0 0 ) 
4 155 160 (0 0 0 ) (-64 0 0 ) (-64 576 0 ) (0 576 0 ) 
4 155 157 (-64 64 0 ) (-64 0 0 ) (-64 0 64 ) (-64 64 64 ) 
4 156 160 (-192 960 0 ) (-192 1024 0 ) (-64 1024 0 ) (-64 960 0 ) 
4 157 190 (-64 0 64 ) (-192 0 64 ) (-192 0 0 ) (-64 0 0 ) 
4 157 160 (-64 0 0 ) (-192 0 0 ) (-192 64 0 ) (-64 64 0 ) 
3 158 160 (-848 64 0 ) (-960 163.555511 0 ) (-960 192 0 ) 
4 158 159 (-960 192 0 ) (-960 163.555511 0 ) (-960 163.555511 64 ) (-960 192 64 ) 
4 159 160 (-992 192 0 ) (-992 320 0 ) (-960 320 0 ) (-960 163.555511 0 ) 
4 160 200 (-1024 1024 0 ) (-1024 1024 -58 ) (-1024 0 -58 ) (-1024 0 0 ) 
4 160 193 (0 0 -58 ) (0 0 0 ) (-1024 0 0 ) (-1024 0 -58 ) 
4 161 211 (1024 -1024 192 ) (1024 -1024 474 ) (0 -1024 474 ) (0 -1024 192 ) 
4 161 178 (0 0 474 ) (0 0 192 ) (0 -1024 192 ) (0 -1024 474 ) 
4 161 171 (336 -768 192 ) (448 -768 192 ) (448 -1024 192 ) (336 -1024 192 ) 
4 161 172 (0 -1024 192 ) (0 -768 192 ) (320 -768 192 ) (320 -1024 192 ) 
4 161 170 (0 -768 192 ) (0 -640 192 ) (448 -640 192 ) (320 -768 192 ) 
4 161 169 (576 -704 192 ) (576 -1024 192 ) (448 -1024 192 ) (448 -704 192 ) 
4 161 168 (576 -640 192 ) (1024 -640 192 ) (1024 -1024 192 ) (576 -1024 192 ) 
4 161 167 (0 -640 192 ) (0 -384 192 ) (208 -384 192 ) (208 -640 192 ) 
4 161 166 (208 -368 192 ) (576 -368 192 ) (576 -640 192 ) (208 -640 192 ) 
5 161 165 (0 -368 192 ) (0 -8.349457 192 ) (8.001495 0 192 ) (192 0 192 ) (192 -368 192 ) 
4 161 164 (208 0 192 ) (576 0 192 ) (576 -368 192 ) (208 -368 192 ) 
4 161 163 (1024 -256 192 ) (1024 -640 192 ) (640 -640 192 ) (640 -256 192 ) 
4 161 162 (592 0 192 ) (1024 0 192 ) (1024 -256 192 ) (592 -256 192 ) 
4 162 173 (592 0 64 ) (1024 0 64 ) (1024 -256 64 ) (592 -256 64 ) 
4 162 163 (640 -256 64 ) (1024 -256 64 ) (1024 -256 192 ) (640 -256 192 ) 
4 163 173 (1024 -256 64 ) (1024 -640 64 ) (640 -640 64 ) (640 -256 64 ) 
4 163 168 (640 -640 64 ) (1024 -640 64 ) (1024 -640 192 ) (640 -640 192 ) 
4 164 166 (208 -368 64 ) (576 -368 64 ) (576 -368 192 ) (208 -368 192 ) 
4 165 179 (0 -8.349455 64 ) (0 -368 64 ) (0 -368 192 ) (0 -8.349457 192 ) 
5 165 176 (0 -320 64 ) (0 -8.349457 64 ) (8.001495 0 64 ) (48 0 64 ) (48 -320 64 ) 
4 166 170 (208 -640 64 ) (448 -640 64 ) (448 -640 192 ) (208 -640 192 ) 
4 166 167 (208 -384 64 ) (208 -640 64 ) (208 -640 192 ) (208 -384 192 ) 
4 167 180 (0 -384 64 ) (0 -640 64 ) (0 -640 192 ) (0 -384 192 ) 
4 167 170 (0 -640 64 ) (208 -640 64 ) (208 -640 192 ) (0 -640 192 ) 
4 168 212 (1024 -1024 64 ) (1024 -1024 192 ) (576 -1024 192 ) (576 -1024 64 ) 
4 168 174 (1024 -1024 64 ) (576 -1024 64 ) (576 -640 64 ) (1024 -640 64 ) 
4 168 169 (576 -704 64 ) (576 -1024 64 ) (576 -1024 192 ) (576 -704 192 ) 
4 169 212 (576 -1024 192 ) (448 -1024 192 ) (448 -1024 64 ) (576 -1024 64 ) 
4 169 174 (576 -1024 64 ) (448 -1024 64 ) (448 -704 64 ) (576 -704 64 ) 
4 169 171 (448 -768 64 ) (448 -1024 64 ) (448 -1024 192 ) (448 -768 192 ) 
4 170 180 (0 -640 64 ) (0 -768 64 ) (0 -768 192 ) (0 -640 192 ) 
4 170 172 (0 -768 64 ) (320 -768 64 ) (320 -768 192 ) (0 -768 192 ) 
4 171 212 (448 -1024 192 ) (336 -1024 192 ) (336 -1024 64 ) (448 -1024 64 ) 
4 171 175 (448 -1024 64 ) (336 -1024 64 ) (336 -768 64 ) (448 -768 64 ) 
4 172 216 (192 -1024 192 ) (176 -1024 192 ) (176 -1024 64 ) (192 -1024 64 ) 
4 172 217 (176 -1024 192 ) (0 -1024 192 ) (0 -1024 64 ) (176 -1024 64 ) 
4 172 214 (320 -1024 192 ) (192 -1024 192 ) (192 -1024 64 ) (320 -1024 64 ) 
4 172 180 (0 -768 64 ) (0 -1024 64 ) (0 -1024 192 ) (0 -768 192 ) 
4 173 177 (576 0 0 ) (1024 0 0 ) (1024 -640 0 ) (576 -640 0 ) 
4 173 174 (576 -640 0 ) (1024 -640 0 ) (1024 -640 64 ) (576 -640 64 ) 
4 174 220 (1024 -1024 0 ) (1024 -1024 64 ) (448 -1024 64 ) (448 -1024 0 ) 
4 174 177 (1024 -640 0 ) (1024 -1024 0 ) (448 -1024 0 ) (448 -640 0 ) 
4 174 175 (448 -768 0 ) (448 -1024 0 ) (448 -1024 64 ) (448 -768 64 ) 
4 175 220 (448 -1024 64 ) (320 -1024 64 ) (320 -1024 0 ) (448 -1024 0 ) 
4 175 177 (448 -1024 0 ) (320 -1024 0 ) (320 -768 0 ) (448 -768 0 ) 
4 176 190 (0 0 64 ) (0 0 0 ) (0 -320 0 ) (0 -320 64 ) 
4 176 177 (0 -320 0 ) (0 0 0 ) (48 0 0 ) (48 -320 0 ) 
4 177 221 (320 -1024 0 ) (0 -1024 0 ) (0 -1024 -58 ) (320 -1024 -58 ) 
4 177 220 (1024 -1024 -58 ) (1024 -1024 0 ) (320 -1024 0 ) (320 -1024 -58 ) 
4 177 193 (0 0 0 ) (0 0 -58 ) (0 -1024 -58 ) (0 -1024 0 ) 
4 178 225 (0 -1024 192 ) (0 -1024 474 ) (-1024 -1024 474 ) (-1024 -1024 192 ) 
4 178 202 (-1024 -320 474 ) (-1024 0 474 ) (-1024 0 192 ) (-1024 -320 192 ) 
4 178 204 (-1024 -1024 192 ) (-1024 -1024 474 ) (-1024 -320 474 ) (-1024 -320 192 ) 
4 178 188 (-192 -1024 192 ) (-320 -1024 192 ) (-320 -592 192 ) (-192 -592 192 ) 
4 178 189 (-336 -1024 192 ) (-1024 -1024 192 ) (-1024 -592 192 ) (-336 -592 192 ) 
4 178 186 (-320 -576 192 ) (-192 -576 192 ) (-192 -592 192 ) (-320 -592 192 ) 
4 178 187 (-1024 -592 192 ) (-1024 -576 192 ) (-848 -576 192 ) (-848 -592 192 ) 
4 178 184 (-832 -320 192 ) (-192 -320 192 ) (-192 -576 192 ) (-832 -576 192 ) 
4 178 185 (-1024 -576 192 ) (-1024 -320 192 ) (-848 -320 192 ) (-848 -576 192 ) 
5 178 183 (-1024 -166.399933 192 ) (-1024 -64 192 ) (-192 -64 192 ) (-192 -320 192 ) (-832 -320 192 ) 
4 178 182 (-1024 -64 192 ) (-1024 0 192 ) (-816.001221 0 192 ) (-752.001282 -64 192 ) 
4 178 181 (-624 0 192 ) (-192 0 192 ) (-192 -64 192 ) (-624 -64 192 ) 
4 178 180 (0 -1024 192 ) (-192 -1024 192 ) (-192 -384 192 ) (0 -384 192 ) 
4 178 179 (0 -8.349455 192 ) (0 -368 192 ) (-176 -368 192 ) (-176 -192.003128 192 ) 
4 179 190 (0 -8.349455 64 ) (0 -320 64 ) (-176 -320 64 ) (-176 -192.003128 64 ) 
4 180 226 (0 -1024 64 ) (0 -1024 192 ) (-192 -1024 192 ) (-192 -1024 64 ) 
4 180 188 (-192 -592 64 ) (-192 -1024 64 ) (-192 -1024 192 ) (-192 -592 192 ) 
4 180 186 (-192 -576 64 ) (-192 -592 64 ) (-192 -592 192 ) (-192 -576 192 ) 
4 180 184 (-192 -384 64 ) (-192 -576 64 ) (-192 -576 192 ) (-192 -384 192 ) 
4 181 183 (-624 -64 64 ) (-192 -64 64 ) (-192 -64 192 ) (-624 -64 192 ) 
4 182 203 (-1024 -64 192 ) (-1024 0 192 ) (-1024 0 64 ) (-1024 -64 64 ) 
4 182 183 (-1024 -64 64 ) (-752.001221 -64 64 ) (-752.001282 -64 192 ) (-1024 -64 192 ) 
4 183 203 (-1024 -166.399933 192 ) (-1024 -64 192 ) (-1024 -64 64 ) (-1024 -166.399933 64 ) 
4 183 184 (-832 -320 64 ) (-192 -320 64 ) (-192 -320 192 ) (-832 -320 192 ) 
4 184 186 (-320 -576 64 ) (-192 -576 64 ) (-192 -576 192 ) (-320 -576 192 ) 
4 185 204 (-1024 -576 192 ) (-1024 -320 192 ) (-1024 -320 64 ) (-1024 -576 64 ) 
4 185 191 (-1024 -576 64 ) (-1024 -320 64 ) (-848 -320 64 ) (-848 -576 64 ) 
4 185 187 (-1024 -576 64 ) (-848 -576 64 ) (-848 -576 192 ) (-1024 -576 192 ) 
4 186 188 (-320 -592 64 ) (-192 -592 64 ) (-192 -592 192 ) (-320 -592 192 ) 
4 187 204 (-1024 -592 192 ) (-1024 -576 192 ) (-1024 -576 64 ) (-1024 -592 64 ) 
4 187 192 (-1024 -592 64 ) (-1024 -576 64 ) (-848 -576 64 ) (-848 -592 64 ) 
4 187 189 (-1024 -592 64 ) (-848 -592 64 ) (-848 -592 192 ) (-1024 -592 192 ) 
4 188 226 (-192 -1024 192 ) (-320 -1024 192 ) (-320 -1024 64 ) (-192 -1024 64 ) 
4 189 227 (-336 -1024 192 ) (-464 -1024 192 ) (-464 -1024 64 ) (-336 -1024 64 ) 
4 189 228 (-464 -1024 192 ) (-1024 -1024 192 ) (-1024 -1024 64 ) (-464 -1024 64 ) 
4 189 204 (-1024 -1024 64 ) (-1024 -1024 192 ) (-1024 -592 192 ) (-1024 -592 64 ) 
4 189 192 (-336 -1024 64 ) (-1024 -1024 64 ) (-1024 -592 64 ) (-336 -592 64 ) 
4 190 193 (-192 0 0 ) (0 0 0 ) (0 -320 0 ) (-192 -320 0 ) 
4 191 208 (-1024 -576 64 ) (-1024 -320 64 ) (-1024 -320 0 ) (-1024 -576 0 ) 
4 191 193 (-1024 -576 0 ) (-1024 -320 0 ) (-832 -320 0 ) (-832 -576 0 ) 
4 191 192 (-1024 -576 0 ) (-832 -576 0 ) (-832 -576 64 ) (-1024 -576 64 ) 
4 192 234 (-320 -1024 64 ) (-1024 -1024 64 ) (-1024 -1024 0 ) (-320 -1024 0 ) 
4 192 208 (-1024 -1024 0 ) (-1024 -1024 64 ) (-1024 -576 64 ) (-1024 -576 0 ) 
4 192 193 (-320 -1024 0 ) (-1024 -1024 0 ) (-1024 -576 0 ) (-320 -576 0 ) 
4 193 233 (0 -1024 -58 ) (0 -1024 0 ) (-320 -1024 0 ) (-320 -1024 -58 ) 
4 193 234 (-320 -1024 0 ) (-1024 -1024 0 ) (-1024 -1024 -58 ) (-320 -1024 -58 ) 
4 193 209 (-1024 -1024 -58 ) (-1024 -1024 0 ) (-1024 0 0 ) (-1024 0 -58 ) 
4 194 202 (-1024 0 192 ) (-1024 0 474 ) (-1152 0 474 ) (-1152 0 192 ) 
4 194 197 (-1152 832 192 ) (-1152 0 192 ) (-1152 0 474 ) (-1152 832 474 ) 
4 194 196 (-1152 1024 474 ) (-1152 1024 192 ) (-1152 832 192 ) (-1152 832 474 ) 
4 194 195 (-1024 0 192 ) (-1152 0 192 ) (-1152 832 192 ) (-1024 960 192 ) 
4 195 203 (-1024 0 64 ) (-1024 0 192 ) (-1152 0 192 ) (-1152 0 64 ) 
4 196 201 (-1168 832 64 ) (-1168 1024 64 ) (-1152 1024 64 ) (-1152 832 64 ) 
4 196 198 (-1168 1024 64 ) (-1168 832 64 ) (-1168 832 474 ) (-1168 1024 474 ) 
4 196 197 (-1168 832 474 ) (-1168 832 192 ) (-1152 832 192 ) (-1152 832 474 ) 
4 197 205 (-1152 0 192 ) (-1152 0 474 ) (-1168 0 474 ) (-1168 0 192 ) 
4 197 198 (-1168 0 192 ) (-1168 0 474 ) (-1168 832 474 ) (-1168 832 192 ) 
4 198 207 (-1538.500000 0 64 ) (-1168 0 64 ) (-1168 0 474 ) (-1538.500000 0 474 ) 
4 198 201 (-1168 0 64 ) (-1538.500000 0 64 ) (-1538.500000 1024 64 ) (-1168 1024 64 ) 
4 199 201 (-1152 960 64 ) (-1152 1024 64 ) (-1152 1024 0 ) (-1152 960 0 ) 
4 199 200 (-1152 960 0 ) (-1152 1024 0 ) (-1024 1024 0 ) (-1024 960 0 ) 
4 200 209 (-1024 0 -58 ) (-1024 0 0 ) (-1152 0 0 ) (-1152 0 -58 ) 
4 200 201 (-1152 1024 -58 ) (-1152 0 -58 ) (-1152 0 0 ) (-1152 1024 0 ) 
4 201 210 (-1152 0 64 ) (-1538.500000 0 64 ) (-1538.500000 0 -58 ) (-1152 0 -58 ) 
4 202 205 (-1152 -64 474 ) (-1152 0 474 ) (-1152 0 192 ) (-1152 -64 192 ) 
4 202 206 (-1152 -320 192 ) (-1152 -320 474 ) (-1152 -64 474 ) (-1152 -64 192 ) 
4 202 203 (-1152 -64 192 ) (-1152 0 192 ) (-1024 0 192 ) (-1024 -166.399918 192 ) 
4 202 204 (-1152 -320 474 ) (-1152 -320 192 ) (-1024 -320 192 ) (-1024 -320 474 ) 
4 204 238 (-1024 -1024 64 ) (-1024 -1024 474 ) (-1152 -1024 474 ) (-1152 -1024 64 ) 
4 204 208 (-1024 -320 64 ) (-1024 -1024 64 ) (-1152 -1024 64 ) (-1152 -320 64 ) 
4 204 206 (-1152 -320 64 ) (-1152 -1024 64 ) (-1152 -1024 474 ) (-1152 -320 474 ) 
4 205 207 (-1168 -64 192 ) (-1168 -64 474 ) (-1168 0 474 ) (-1168 0 192 ) 
4 205 206 (-1168 -64 474 ) (-1168 -64 192 ) (-1152 -64 192 ) (-1152 -64 474 ) 
4 206 238 (-1152 -1024 474 ) (-1168 -1024 474 ) (-1168 -1024 64 ) (-1152 -1024 64 ) 
4 206 210 (-1152 -64 64 ) (-1152 -1024 64 ) (-1168 -1024 64 ) (-1168 -64 64 ) 
4 206 207 (-1168 -64 64 ) (-1168 -1024 64 ) (-1168 -1024 474 ) (-1168 -64 474 ) 
4 207 238 (-1168 -1024 474 ) (-1538.500000 -1024 474 ) (-1538.500000 -1024 64 ) (-1168 -1024 64 ) 
4 207 210 (-1538.500000 0 64 ) (-1168 0 64 ) (-1168 -1024 64 ) (-1538.500000 -1024 64 ) 
4 208 238 (-1024 -1024 0 ) (-1024 -1024 64 ) (-1152 -1024 64 ) (-1152 -1024 0 ) 
4 208 210 (-1152 -1024 0 ) (-1152 -1024 64 ) (-1152 -320 64 ) (-1152 -320 0 ) 
4 208 209 (-1024 -1024 0 ) (-1152 -1024 0 ) (-1152 -320 0 ) (-1024 -320 0 ) 
4 209 238 (-1024 -1024 -58 ) (-1024 -1024 0 ) (-1152 -1024 0 ) (-1152 -1024 -58 ) 
4 209 210 (-1152 0 -58 ) (-1152 -1024 -58 ) (-1152 -1024 0 ) (-1152 0 0 ) 
4 210 238 (-1152 -1024 64 ) (-1538.500000 -1024 64 ) (-1538.500000 -1024 -58 ) (-1152 -1024 -58 ) 
4 211 225 (0 -1024 474 ) (0 -1024 192 ) (0 -1787.500000 192 ) (0 -1787.500000 474 ) 
4 211 219 (0 -1787.500000 192 ) (0 -1600 192 ) (1024 -1600 192 ) (1024 -1787.500000 192 ) 
4 211 218 (176 -1584 192 ) (1024 -1584 192 ) (1024 -1600 192 ) (176 -1600 192 ) 
4 211 216 (176 -1024 192 ) (192 -1024 192 ) (192 -1152 192 ) (176 -1152 192 ) 
4 211 217 (0 -1584 192 ) (0 -1024 192 ) (176 -1024 192 ) (176 -1584 192 ) 
4 211 214 (192 -1024 192 ) (320 -1024 192 ) (320 -1152 192 ) (192 -1152 192 ) 
4 211 215 (320 -1168 192 ) (320 -1584 192 ) (192 -1584 192 ) (192 -1168 192 ) 
4 211 213 (336 -1168 192 ) (336 -1584 192 ) (320 -1584 192 ) (320 -1168 192 ) 
4 211 212 (336 -1024 192 ) (1024 -1024 192 ) (1024 -1584 192 ) (336 -1584 192 ) 
4 212 222 (1024 -1152 64 ) (1024 -1584 64 ) (336 -1584 64 ) (336 -1152 64 ) 
4 212 220 (336 -1024 64 ) (1024 -1024 64 ) (1024 -1152 64 ) (336 -1152 64 ) 
4 212 218 (336 -1584 64 ) (1024 -1584 64 ) (1024 -1584 192 ) (336 -1584 192 ) 
4 212 213 (336 -1168 64 ) (336 -1584 64 ) (336 -1584 192 ) (336 -1168 192 ) 
4 213 222 (336 -1168 64 ) (336 -1584 64 ) (320 -1584 64 ) (320 -1168 64 ) 
4 213 218 (320 -1584 64 ) (336 -1584 64 ) (336 -1584 192 ) (320 -1584 192 ) 
4 213 215 (320 -1168 64 ) (320 -1584 64 ) (320 -1584 192 ) (320 -1168 192 ) 
4 214 216 (192 -1024 64 ) (192 -1152 64 ) (192 -1152 192 ) (192 -1024 192 ) 
4 215 222 (320 -1168 64 ) (320 -1584 64 ) (192 -1584 64 ) (192 -1168 64 ) 
4 215 218 (192 -1584 64 ) (320 -1584 64 ) (320 -1584 192 ) (192 -1584 192 ) 
4 216 217 (176 -1024 64 ) (176 -1152 64 ) (176 -1152 192 ) (176 -1024 192 ) 
4 217 229 (0 -1152 64 ) (0 -1584 64 ) (0 -1584 192 ) (0 -1152 192 ) 
4 217 226 (0 -1024 192 ) (0 -1024 64 ) (0 -1152 64 ) (0 -1152 192 ) 
4 218 222 (176 -1584 64 ) (1024 -1584 64 ) (1024 -1600 64 ) (176 -1600 64 ) 
4 218 219 (176 -1600 64 ) (1024 -1600 64 ) (1024 -1600 192 ) (176 -1600 192 ) 
4 219 231 (0 -1600 64 ) (0 -1787.500000 64 ) (0 -1787.500000 192 ) (0 -1600 192 ) 
4 219 224 (0 -1787.500000 64 ) (0 -1600 64 ) (176 -1600 64 ) (176 -1787.500000 64 ) 
4 219 222 (176 -1600 64 ) (1024 -1600 64 ) (1024 -1787.500000 64 ) (176 -1787.500000 64 ) 
4 220 222 (320 -1152 -58 ) (1024 -1152 -58 ) (1024 -1152 64 ) (320 -1152 64 ) 
4 220 221 (320 -1024 -58 ) (320 -1152 -58 ) (320 -1152 0 ) (320 -1024 0 ) 
4 221 233 (0 -1024 0 ) (0 -1024 -58 ) (0 -1152 -58 ) (0 -1152 0 ) 
4 221 223 (0 -1152 -58 ) (176 -1152 -58 ) (176 -1152 0 ) (0 -1152 0 ) 
4 221 222 (176 -1152 -58 ) (320 -1152 -58 ) (320 -1152 0 ) (176 -1152 0 ) 
4 222 223 (176 -1152 0 ) (176 -1152 -58 ) (176 -1584 -58 ) (176 -1584 0 ) 
4 222 224 (176 -1584 -58 ) (176 -1787.500000 -58 ) (176 -1787.500000 64 ) (176 -1584 64 ) 
4 223 235 (0 -1152 -58 ) (0 -1584 -58 ) (0 -1584 0 ) (0 -1152 0 ) 
4 223 224 (0 -1584 -58 ) (176 -1584 -58 ) (176 -1584 0 ) (0 -1584 0 ) 
4 224 236 (0 -1584 -58 ) (0 -1787.500000 -58 ) (0 -1787.500000 64 ) (0 -1584 64 ) 
4 225 238 (-1024 -1024 474 ) (-1024 -1024 192 ) (-1024 -1787.500000 192 ) (-1024 -1787.500000 474 ) 
4 225 231 (0 -1600 192 ) (0 -1787.500000 192 ) (-464 -1787.500000 192 ) (-464 -1600 192 ) 
4 225 232 (-1024 -1787.500000 192 ) (-1024 -1584 192 ) (-464 -1584 192 ) (-464 -1787.500000 192 ) 
4 225 229 (-464 -1152 192 ) (0 -1152 192 ) (0 -1584 192 ) (-464 -1584 192 ) 
4 225 230 (-1024 -1584 192 ) (-1024 -1152 192 ) (-480 -1152 192 ) (-480 -1584 192 ) 
4 225 227 (-464 -1024 192 ) (-336 -1024 192 ) (-336 -1136 192 ) (-464 -1136 192 ) 
4 225 228 (-1024 -1152 192 ) (-1024 -1024 192 ) (-464 -1024 192 ) (-464 -1152 192 ) 
4 225 226 (-320 -1024 192 ) (0 -1024 192 ) (0 -1152 192 ) (-320 -1152 192 ) 
4 226 229 (-320 -1152 64 ) (0 -1152 64 ) (0 -1152 192 ) (-320 -1152 192 ) 
4 227 234 (-464 -1024 64 ) (-336 -1024 64 ) (-336 -1136 64 ) (-464 -1136 64 ) 
4 227 228 (-464 -1024 64 ) (-464 -1136 64 ) (-464 -1136 192 ) (-464 -1024 192 ) 
4 228 238 (-1024 -1024 192 ) (-1024 -1024 64 ) (-1024 -1152 64 ) (-1024 -1152 192 ) 
4 228 234 (-1024 -1024 64 ) (-464 -1024 64 ) (-464 -1152 64 ) (-1024 -1152 64 ) 
4 228 230 (-1024 -1152 64 ) (-480 -1152 64 ) (-480 -1152 192 ) (-1024 -1152 192 ) 
4 230 238 (-1024 -1152 64 ) (-1024 -1584 64 ) (-1024 -1584 192 ) (-1024 -1152 192 ) 
4 230 237 (-480 -1584 64 ) (-1024 -1584 64 ) (-1024 -1152 64 ) (-480 -1152 64 ) 
4 230 232 (-1024 -1584 64 ) (-480 -1584 64 ) (-480 -1584 192 ) (-1024 -1584 192 ) 
4 231 236 (0 -1600 64 ) (0 -1787.500000 64 ) (-464 -1787.500000 64 ) (-464 -1600 64 ) 
4 231 232 (-464 -1600 64 ) (-464 -1787.500000 64 ) (-464 -1787.500000 192 ) (-464 -1600 192 ) 
4 232 238 (-1024 -1584 64 ) (-1024 -1787.500000 64 ) (-1024 -1787.500000 192 ) (-1024 -1584 192 ) 
4 232 237 (-464 -1787.500000 64 ) (-1024 -1787.500000 64 ) (-1024 -1584 64 ) (-464 -1584 64 ) 
4 233 235 (-320 -1152 -58 ) (0 -1152 -58 ) (0 -1152 0 ) (-320 -1152 0 ) 
4 233 234 (-320 -1024 -58 ) (-320 -1152 -58 ) (-320 -1152 0 ) (-320 -1024 0 ) 
4 234 238 (-1024 -1024 64 ) (-1024 -1024 -58 ) (-1024 -1152 -58 ) (-1024 -1152 64 ) 
4 234 235 (-464 -1152 -58 ) (-320 -1152 -58 ) (-320 -1152 0 ) (-464 -1152 0 ) 
4 234 237 (-1024 -1152 -58 ) (-464 -1152 -58 ) (-464 -1152 64 ) (-1024 -1152 64 ) 
4 235 236 (-464 -1584 0 ) (-464 -1584 -58 ) (0 -1584 -58 ) (0 -1584 0 ) 
4 235 237 (-464 -1152 0 ) (-464 -1152 -58 ) (-464 -1584 -58 ) (-464 -1584 0 ) 
4 236 237 (-464 -1584 -58 ) (-464 -1787.500000 -58 ) (-464 -1787.500000 64 ) (-464 -1584 64 ) 
4 237 238 (-1024 -1152 -58 ) (-1024 -1787.500000 -58 ) (-1024 -1787.500000 64 ) (-1024 -1152 64 ) 
