PRT1
339
876
4 0 12 (2274.500000 2048 474 ) (2048 2048 474 ) (2048 2048 -58 ) (2274.500000 2048 -58 ) 
4 0 11 (2048 2048 -58 ) (2048 2048 0 ) (2048 2112 0 ) (2048 2112 -58 ) 
4 0 10 (2048 2048 0 ) (2048 2048 64 ) (2048 2112 64 ) (2048 2112 0 ) 
4 0 8 (2048 2048 64 ) (2048 2048 192 ) (2048 2112 192 ) (2048 2112 64 ) 
4 0 5 (2048 2048 192 ) (2048 2048 474 ) (2048 2112 474 ) (2048 2112 192 ) 
4 0 1 (2048 2112 474 ) (2048 2459.500000 474 ) (2048 2459.500000 -58 ) (2048 2112 -58 ) 
4 1 11 (2048 2112 -58 ) (2048 2112 0 ) (1616 2112 0 ) (1616 2112 -58 ) 
4 1 10 (2048 2112 0 ) (2048 2112 64 ) (1616 2112 64 ) (1616 2112 0 ) 
4 1 8 (2048 2112 64 ) (2048 2112 192 ) (1616 2112 192 ) (1616 2112 64 ) 
4 1 5 (2048 2112 192 ) (2048 2112 474 ) (1616 2112 474 ) (1616 2112 192 ) 
4 1 3 (1616 2112 316 ) (1616 2112 474 ) (1616 2128 474 ) (1616 2128 316 ) 
4 1 4 (1616 2128 -58 ) (1616 2112 -58 ) (1616 2112 64 ) (1616 2128 64 ) 
4 1 2 (1616 2459.500000 474 ) (1616 2459.500000 -58 ) (1616 2128 -58 ) (1616 2128 474 ) 
4 2 39 (1024 2459.500000 64 ) (1024 2459.500000 -58 ) (1024 2128 -58 ) (1024 2128 64 ) 
4 2 33 (1024 2128 474 ) (1024 2459.500000 474 ) (1024 2459.500000 64 ) (1024 2128 64 ) 
4 2 3 (1616 2128 316 ) (1616 2128 474 ) (1024 2128 474 ) (1024 2128 316 ) 
4 2 4 (1024 2128 -58 ) (1616 2128 -58 ) (1616 2128 64 ) (1024 2128 64 ) 
4 3 34 (1024 2112 316 ) (1024 2112 474 ) (1024 2128 474 ) (1024 2128 316 ) 
4 3 6 (1600 2112 474 ) (1472 2112 474 ) (1472 2112 320 ) (1600 2112 320 ) 
4 3 5 (1616 2112 474 ) (1600 2112 474 ) (1600 2112 316 ) (1616 2112 316 ) 
4 3 7 (1472 2112 474 ) (1024 2112 474 ) (1024 2112 316 ) (1472 2112 316 ) 
4 4 39 (1024 2112 -58 ) (1024 2112 64 ) (1024 2128 64 ) (1024 2128 -58 ) 
4 4 11 (1024 2112 0 ) (1024 2112 -58 ) (1616 2112 -58 ) (1616 2112 0 ) 
4 4 10 (1600 2112 0 ) (1616 2112 0 ) (1616 2112 64 ) (1600 2112 64 ) 
4 5 15 (1616 2048 320 ) (1600 2048 320 ) (1600 2048 192 ) (1616 2048 192 ) 
4 5 14 (2048 2048 192 ) (2048 2048 320 ) (1616 2048 320 ) (1616 2048 192 ) 
4 5 13 (2048 2048 320 ) (2048 2048 474 ) (1600 2048 474 ) (1600 2048 320 ) 
4 5 8 (1616 2112 192 ) (2048 2112 192 ) (2048 2048 192 ) (1616 2048 192 ) 
4 5 6 (1600 2048 320 ) (1600 2048 474 ) (1600 2112 474 ) (1600 2112 320 ) 
4 6 13 (1600 2048 474 ) (1472 2048 474 ) (1472 2048 320 ) (1600 2048 320 ) 
4 6 7 (1472 2048 320 ) (1472 2048 474 ) (1472 2112 474 ) (1472 2112 320 ) 
4 7 37 (1024 2048 192 ) (1024 2048 320 ) (1024 2112 320 ) (1024 2112 192 ) 
4 7 36 (1024 2048 320 ) (1024 2048 474 ) (1024 2112 474 ) (1024 2112 320 ) 
4 7 22 (1024 2048 320 ) (1024 2048 192 ) (1088 2048 192 ) (1088 2048 320 ) 
4 7 18 (1216 2048 192 ) (1344 2048 192 ) (1344 2048 320 ) (1216 2048 320 ) 
4 7 17 (1344 2048 192 ) (1472 2048 192 ) (1472 2048 320 ) (1344 2048 320 ) 
4 7 20 (1088 2048 192 ) (1216 2048 192 ) (1216 2048 320 ) (1088 2048 320 ) 
4 7 13 (1472 2048 474 ) (1024 2048 474 ) (1024 2048 320 ) (1472 2048 320 ) 
4 7 9 (1024 2112 192 ) (1472 2112 192 ) (1472 2048 192 ) (1024 2048 192 ) 
4 8 14 (2048 2048 64 ) (2048 2048 192 ) (1616 2048 192 ) (1616 2048 64 ) 
4 8 10 (2048 2048 64 ) (1616 2048 64 ) (1616 2112 64 ) (2048 2112 64 ) 
4 9 37 (1024 2048 64 ) (1024 2048 192 ) (1024 2112 192 ) (1024 2112 64 ) 
4 9 22 (1088 2048 192 ) (1024 2048 192 ) (1024 2048 64 ) (1088 2048 64 ) 
4 9 18 (1344 2048 192 ) (1216 2048 192 ) (1216 2048 64 ) (1344 2048 64 ) 
4 9 17 (1472 2048 192 ) (1344 2048 192 ) (1344 2048 64 ) (1472 2048 64 ) 
4 9 20 (1216 2048 192 ) (1088 2048 192 ) (1088 2048 64 ) (1216 2048 64 ) 
4 9 16 (1600 2048 192 ) (1472 2048 192 ) (1472 2048 64 ) (1600 2048 64 ) 
4 10 25 (2048 2048 0 ) (2048 2048 64 ) (1600 2048 64 ) (1600 2048 0 ) 
4 10 11 (1600 2112 0 ) (2048 2112 0 ) (2048 2048 0 ) (1600 2048 0 ) 
4 11 40 (1024 2048 -58 ) (1024 2048 0 ) (1024 2112 0 ) (1024 2112 -58 ) 
4 11 32 (2048 2048 -58 ) (2048 2048 0 ) (1024 2048 0 ) (1024 2048 -58 ) 
4 12 108 (2274.500000 1024 474 ) (2048 1024 474 ) (2048 1024 -58 ) (2274.500000 1024 -58 ) 
4 12 32 (2048 2048 0 ) (2048 2048 -58 ) (2048 1024 -58 ) (2048 1024 0 ) 
4 12 26 (2048 1984 0 ) (2048 1024 0 ) (2048 1024 64 ) (2048 1984 64 ) 
4 12 25 (2048 2048 64 ) (2048 2048 0 ) (2048 1984 0 ) (2048 1984 64 ) 
4 12 14 (2048 2048 320 ) (2048 2048 64 ) (2048 1024 64 ) (2048 1024 320 ) 
4 12 13 (2048 2048 474 ) (2048 2048 320 ) (2048 1024 320 ) (2048 1024 474 ) 
4 13 109 (2048 1024 320 ) (2048 1024 474 ) (1024 1024 474 ) (1024 1024 320 ) 
4 13 51 (1024 1024 320 ) (1024 1024 474 ) (1024 2048 474 ) (1024 2048 320 ) 
4 13 24 (1088 1024 320 ) (1024 1024 320 ) (1024 1216 320 ) (1088 1216 320 ) 
4 13 23 (1024 1856 320 ) (1024 1984 320 ) (1088 1984 320 ) (1088 1856 320 ) 
4 13 22 (1024 1984 320 ) (1024 2048 320 ) (1088 2048 320 ) (1088 1984 320 ) 
5 13 21 (1408 1024 320 ) (1088 1024 320 ) (1088 1472 320 ) (1456 1472 320 ) (1456 1072 320 ) 
4 13 19 (1344 1600 320 ) (1344 1472 320 ) (1216 1472 320 ) (1216 1728 320 ) 
4 13 18 (1216 2048 320 ) (1344 2048 320 ) (1344 1984 320 ) (1216 1984 320 ) 
4 13 17 (1344 2048 320 ) (1472 2048 320 ) (1472 1984 320 ) (1344 1984 320 ) 
4 13 20 (1088 1472 320 ) (1088 2048 320 ) (1216 2048 320 ) (1216 1472 320 ) 
4 13 15 (1616 1024 320 ) (1600 1024 320 ) (1600 2048 320 ) (1616 2048 320 ) 
4 13 14 (2048 1024 320 ) (1616 1024 320 ) (1616 2048 320 ) (2048 2048 320 ) 
4 14 117 (1616 1024 192 ) (1616 1024 64 ) (1792 1024 64 ) (1792 1024 192 ) 
4 14 112 (1792 1024 320 ) (1616 1024 320 ) (1616 1024 192 ) (1792 1024 192 ) 
4 14 110 (2048 1024 64 ) (2048 1024 320 ) (1792 1024 320 ) (1792 1024 64 ) 
4 14 26 (2048 1984 64 ) (2048 1024 64 ) (1616 1024 64 ) (1616 1984 64 ) 
4 14 25 (2048 2048 64 ) (2048 1984 64 ) (1616 1984 64 ) (1616 2048 64 ) 
4 14 15 (1616 1024 192 ) (1616 1024 320 ) (1616 2048 320 ) (1616 2048 192 ) 
4 15 112 (1616 1024 320 ) (1600 1024 320 ) (1600 1024 192 ) (1616 1024 192 ) 
4 16 118 (1472 1024 192 ) (1472 1024 64 ) (1600 1024 64 ) (1600 1024 192 ) 
4 16 17 (1472 2048 64 ) (1472 1984 64 ) (1472 1984 192 ) (1472 2048 192 ) 
4 17 18 (1344 2048 64 ) (1344 1984 64 ) (1344 1984 320 ) (1344 2048 320 ) 
4 18 20 (1216 2048 64 ) (1216 1984 64 ) (1216 1984 320 ) (1216 2048 320 ) 
4 19 21 (1216 1472 64 ) (1344 1472 64 ) (1344 1472 320 ) (1216 1472 320 ) 
4 19 20 (1216 1728 64 ) (1216 1472 64 ) (1216 1472 320 ) (1216 1728 320 ) 
4 20 23 (1088 1856 316 ) (1088 1856 320 ) (1088 1984 320 ) (1088 1984 316 ) 
4 20 22 (1088 2048 64 ) (1088 1984 64 ) (1088 1984 320 ) (1088 2048 320 ) 
4 20 21 (1088 1472 320 ) (1088 1472 64 ) (1216 1472 64 ) (1216 1472 320 ) 
4 21 111 (1408 1024 320 ) (1088 1024 320 ) (1088 1024 64 ) (1408 1024 64 ) 
4 21 24 (1088 1216 64 ) (1088 1024 64 ) (1088 1024 320 ) (1088 1216 320 ) 
4 22 52 (1024 1984 320 ) (1024 2048 320 ) (1024 2048 64 ) (1024 1984 64 ) 
4 22 23 (1088 1984 316 ) (1088 1984 320 ) (1024 1984 320 ) (1024 1984 316 ) 
4 23 53 (1024 1856 320 ) (1024 1984 320 ) (1024 1984 316 ) (1024 1856 316 ) 
4 24 135 (1088 1024 320 ) (1024 1024 320 ) (1024 1024 64 ) (1088 1024 64 ) 
4 24 56 (1024 1024 64 ) (1024 1024 192 ) (1024 1216 192 ) (1024 1216 64 ) 
4 24 55 (1024 1024 192 ) (1024 1024 320 ) (1024 1216 320 ) (1024 1216 192 ) 
4 25 32 (1600 2048 0 ) (2048 2048 0 ) (2048 1984 0 ) (1600 1984 0 ) 
4 25 26 (1600 1984 0 ) (2048 1984 0 ) (2048 1984 64 ) (1600 1984 64 ) 
4 26 138 (1792 1024 64 ) (1600 1024 64 ) (1600 1024 0 ) (1792 1024 0 ) 
4 26 137 (2048 1024 0 ) (2048 1024 64 ) (1792 1024 64 ) (1792 1024 0 ) 
4 26 32 (2048 1024 0 ) (1600 1024 0 ) (1600 1984 0 ) (2048 1984 0 ) 
4 27 32 (1216 1984 0 ) (1472 1984 0 ) (1472 1728 0 ) (1216 1728 0 ) 
4 27 29 (1344 1728 0 ) (1472 1728 0 ) (1472 1728 64 ) (1344 1728 64 ) 
4 28 67 (1024 1728 64 ) (1024 1984 64 ) (1024 1984 0 ) (1024 1728 0 ) 
4 28 32 (1024 1728 0 ) (1024 1984 0 ) (1088 1984 0 ) (1088 1728 0 ) 
4 28 30 (1024 1728 0 ) (1088 1728 0 ) (1088 1728 64 ) (1024 1728 64 ) 
4 29 32 (1344 1728 0 ) (1472 1728 0 ) (1472 1472 0 ) (1344 1472 0 ) 
4 30 68 (1024 1472 64 ) (1024 1600 64 ) (1024 1600 0 ) (1024 1472 0 ) 
4 30 67 (1024 1600 64 ) (1024 1728 64 ) (1024 1728 0 ) (1024 1600 0 ) 
4 30 32 (1024 1472 0 ) (1024 1728 0 ) (1088 1728 0 ) (1088 1472 0 ) 
4 30 31 (1024 1472 0 ) (1088 1472 0 ) (1088 1472 64 ) (1024 1472 64 ) 
4 31 70 (1024 1216 64 ) (1024 1344 64 ) (1024 1344 0 ) (1024 1216 0 ) 
4 31 68 (1024 1344 64 ) (1024 1472 64 ) (1024 1472 0 ) (1024 1344 0 ) 
4 31 32 (1024 1216 0 ) (1024 1472 0 ) (1088 1472 0 ) (1088 1216 0 ) 
4 32 144 (2048 1024 -58 ) (2048 1024 0 ) (1024 1024 0 ) (1024 1024 -58 ) 
4 32 75 (1024 1024 -58 ) (1024 1024 0 ) (1024 2048 0 ) (1024 2048 -58 ) 
4 33 41 (0 2459.500000 64 ) (0 2128 64 ) (0 2128 474 ) (0 2459.500000 474 ) 
4 33 39 (0 2128 64 ) (0 2459.500000 64 ) (1024 2459.500000 64 ) (1024 2128 64 ) 
4 33 35 (832 2128 192 ) (832 2128 474 ) (0 2128 474 ) (0 2128 192 ) 
4 33 34 (1024 2128 316 ) (1024 2128 474 ) (832 2128 474 ) (832 2128 316 ) 
4 34 37 (1024 2112 316 ) (1024 2112 320 ) (832 2112 320 ) (832 2112 316 ) 
4 34 36 (1024 2112 320 ) (1024 2112 474 ) (832 2112 474 ) (832 2112 320 ) 
4 34 35 (832 2128 474 ) (832 2128 316 ) (832 2112 316 ) (832 2112 474 ) 
4 35 42 (0 2112 192 ) (0 2112 474 ) (0 2128 474 ) (0 2128 192 ) 
4 35 36 (0 2112 474 ) (0 2112 320 ) (832 2112 320 ) (832 2112 474 ) 
4 36 51 (1024 2048 320 ) (1024 2048 474 ) (0 2048 474 ) (0 2048 320 ) 
4 36 45 (0 2048 320 ) (0 2048 474 ) (0 2112 474 ) (0 2112 320 ) 
4 36 37 (1024 2048 320 ) (832 2048 320 ) (832 2112 320 ) (1024 2112 320 ) 
4 37 52 (1024 2048 64 ) (1024 2048 320 ) (832 2048 320 ) (832 2048 64 ) 
4 37 38 (832 2112 192 ) (832 2112 64 ) (832 2048 64 ) (832 2048 192 ) 
4 38 54 (0 2048 192 ) (0 2048 64 ) (832 2048 64 ) (832 2048 192 ) 
4 38 47 (0 2112 64 ) (0 2048 64 ) (0 2048 192 ) (0 2112 192 ) 
4 39 43 (0 2128 -58 ) (0 2112 -58 ) (0 2112 64 ) (0 2128 64 ) 
4 39 41 (0 2459.500000 -58 ) (0 2128 -58 ) (0 2128 64 ) (0 2459.500000 64 ) 
4 39 40 (0 2112 0 ) (0 2112 -58 ) (1024 2112 -58 ) (1024 2112 0 ) 
4 40 75 (1024 2048 -58 ) (1024 2048 0 ) (0 2048 0 ) (0 2048 -58 ) 
4 40 50 (0 2048 -58 ) (0 2048 0 ) (0 2112 0 ) (0 2112 -58 ) 
4 41 96 (-1024 2128 474 ) (-1024 2459.500000 474 ) (-1024 2459.500000 -58 ) (-1024 2128 -58 ) 
4 41 42 (0 2128 192 ) (0 2128 474 ) (-48 2128 474 ) (-48 2128 192 ) 
4 41 43 (-48 2128 -58 ) (0 2128 -58 ) (0 2128 64 ) (-48 2128 64 ) 
4 41 44 (-1024 2128 -58 ) (-48 2128 -58 ) (-48 2128 474 ) (-1024 2128 474 ) 
4 42 45 (0 2112 320 ) (0 2112 474 ) (-48 2112 474 ) (-48 2112 320 ) 
4 42 44 (-48 2128 474 ) (-48 2128 192 ) (-48 2112 192 ) (-48 2112 474 ) 
4 43 50 (-48 2112 -58 ) (0 2112 -58 ) (0 2112 0 ) (-48 2112 0 ) 
4 43 44 (-48 2128 64 ) (-48 2128 -58 ) (-48 2112 -58 ) (-48 2112 64 ) 
4 44 96 (-1024 2112 -58 ) (-1024 2112 474 ) (-1024 2128 474 ) (-1024 2128 -58 ) 
4 44 50 (-1024 2112 0 ) (-1024 2112 -58 ) (-48 2112 -58 ) (-48 2112 0 ) 
4 44 49 (-1024 2112 64 ) (-1024 2112 0 ) (-64 2112 0 ) (-64 2112 64 ) 
4 44 48 (-1024 2112 192 ) (-1024 2112 64 ) (-64 2112 64 ) (-64 2112 192 ) 
4 44 46 (-1024 2112 320 ) (-1024 2112 192 ) (-48 2112 192 ) (-48 2112 320 ) 
4 44 45 (-1024 2112 474 ) (-1024 2112 320 ) (-48 2112 320 ) (-48 2112 474 ) 
4 45 96 (-1024 2048 320 ) (-1024 2048 474 ) (-1024 2112 474 ) (-1024 2112 320 ) 
4 45 76 (-1024 2048 474 ) (-1024 2048 320 ) (0 2048 320 ) (0 2048 474 ) 
4 45 46 (-1024 2112 320 ) (-48 2112 320 ) (-48 2048 320 ) (-1024 2048 320 ) 
4 46 96 (-1024 2048 192 ) (-1024 2048 320 ) (-1024 2112 320 ) (-1024 2112 192 ) 
4 46 78 (-64 2048 192 ) (-48 2048 192 ) (-48 2048 320 ) (-64 2048 320 ) 
4 46 79 (-1024 2048 320 ) (-1024 2048 192 ) (-64 2048 192 ) (-64 2048 320 ) 
4 46 48 (-64 2048 192 ) (-1024 2048 192 ) (-1024 2112 192 ) (-64 2112 192 ) 
4 47 77 (-48 2048 64 ) (0 2048 64 ) (0 2048 192 ) (-48 2048 192 ) 
4 48 96 (-1024 2048 64 ) (-1024 2048 192 ) (-1024 2112 192 ) (-1024 2112 64 ) 
4 48 79 (-1024 2048 192 ) (-1024 2048 64 ) (-64 2048 64 ) (-64 2048 192 ) 
4 48 49 (-1024 2112 64 ) (-64 2112 64 ) (-64 2048 64 ) (-1024 2048 64 ) 
4 49 96 (-1024 2048 0 ) (-1024 2048 64 ) (-1024 2112 64 ) (-1024 2112 0 ) 
4 49 93 (-320 2048 0 ) (-192 2048 0 ) (-192 2048 64 ) (-320 2048 64 ) 
4 49 94 (-1024 2048 64 ) (-1024 2048 0 ) (-320 2048 0 ) (-320 2048 64 ) 
4 49 91 (-192 2048 0 ) (-64 2048 0 ) (-64 2048 64 ) (-192 2048 64 ) 
4 49 50 (-64 2048 0 ) (-1024 2048 0 ) (-1024 2112 0 ) (-64 2112 0 ) 
4 50 96 (-1024 2048 -58 ) (-1024 2048 0 ) (-1024 2112 0 ) (-1024 2112 -58 ) 
4 50 95 (-1024 2048 0 ) (-1024 2048 -58 ) (0 2048 -58 ) (0 2048 0 ) 
4 51 165 (1024 1024 320 ) (1024 1024 474 ) (0 1024 474 ) (0 1024 320 ) 
4 51 76 (0 2048 474 ) (0 2048 320 ) (0 1024 320 ) (0 1024 474 ) 
3 51 66 (192 1024 320 ) (128 1024 320 ) (192 1088 320 ) 
4 51 64 (0 1280 320 ) (0 1536 320 ) (64 1600 320 ) (64 1344 320 ) 
4 51 63 (64 1856 320 ) (192 1856 320 ) (192 1472 320 ) (64 1344 320 ) 
4 51 65 (0 1088 320 ) (0 1216 320 ) (192 1216 320 ) (192 1088 320 ) 
4 51 55 (1024 1024 320 ) (976 1024 320 ) (976 1216 320 ) (1024 1216 320 ) 
4 51 53 (1024 1984 320 ) (1024 1856 320 ) (832 1856 320 ) (832 1984 320 ) 
4 51 52 (832 2048 320 ) (1024 2048 320 ) (1024 1984 320 ) (832 1984 320 ) 
4 52 54 (832 2048 64 ) (832 1984 64 ) (832 1984 192 ) (832 2048 192 ) 
4 52 53 (832 1984 320 ) (832 1984 316 ) (1024 1984 316 ) (1024 1984 320 ) 
4 54 77 (0 2048 192 ) (0 2048 64 ) (0 1856 64 ) (0 1856 192 ) 
4 54 63 (64 1856 64 ) (192 1856 64 ) (192 1856 192 ) (64 1856 192 ) 
4 54 60 (320 1856 64 ) (576 1856 64 ) (576 1856 192 ) (320 1856 192 ) 
4 55 166 (1024 1024 192 ) (1024 1024 320 ) (976 1024 320 ) (976 1024 192 ) 
4 55 56 (1024 1024 192 ) (976 1024 192 ) (976 1216 192 ) (1024 1216 192 ) 
4 56 170 (1024 1024 64 ) (1024 1024 192 ) (976 1024 192 ) (976 1024 64 ) 
4 56 57 (976 1088 64 ) (976 1024 64 ) (976 1024 192 ) (976 1088 192 ) 
4 57 171 (976 1024 192 ) (960 1024 192 ) (960 1024 64 ) (976 1024 64 ) 
4 57 58 (960 1024 192 ) (960 1088 192 ) (960 1088 64 ) (960 1024 64 ) 
4 58 172 (960 1024 192 ) (704 1024 192 ) (704 1024 64 ) (960 1024 64 ) 
4 58 59 (704 1472 192 ) (704 1600 192 ) (704 1600 64 ) (704 1472 64 ) 
4 59 60 (576 1600 64 ) (576 1344 64 ) (576 1344 192 ) (576 1600 192 ) 
4 60 179 (320 1024 192 ) (320 1024 64 ) (576 1024 64 ) (576 1024 192 ) 
4 60 61 (320 1088 64 ) (320 1024 64 ) (320 1024 192 ) (320 1088 192 ) 
4 61 180 (304 1024 64 ) (320 1024 64 ) (320 1024 192 ) (304 1024 192 ) 
4 61 62 (304 1088 64 ) (304 1024 64 ) (304 1024 192 ) (304 1088 192 ) 
4 62 180 (192 1024 192 ) (192 1024 64 ) (304 1024 64 ) (304 1024 192 ) 
4 62 66 (192 1088 64 ) (192 1024 64 ) (192 1024 192 ) (192 1088 192 ) 
4 62 65 (192 1216 64 ) (192 1088 64 ) (192 1088 192 ) (192 1216 192 ) 
4 63 64 (64 1600 64 ) (64 1344 64 ) (64 1344 320 ) (64 1600 320 ) 
4 64 84 (0 1344 64 ) (0 1280 64 ) (0 1280 320 ) (0 1344 320 ) 
4 64 80 (0 1536 64 ) (0 1344 64 ) (0 1344 320 ) (0 1536 320 ) 
4 65 87 (0 1216 64 ) (0 1088 64 ) (0 1088 320 ) (0 1216 320 ) 
4 66 184 (128 1024 192 ) (128 1024 64 ) (192 1024 64 ) (192 1024 192 ) 
4 66 168 (192 1024 320 ) (128 1024 320 ) (128 1024 192 ) (192 1024 192 ) 
4 67 75 (1024 1984 0 ) (1024 1600 0 ) (832 1600 0 ) (832 1984 0 ) 
4 67 69 (832 1856 0 ) (832 1600 0 ) (832 1600 64 ) (832 1856 64 ) 
4 67 68 (960 1600 0 ) (1024 1600 0 ) (1024 1600 64 ) (960 1600 64 ) 
4 68 75 (1024 1600 0 ) (1024 1344 0 ) (960 1344 0 ) (960 1600 0 ) 
4 68 70 (976 1344 0 ) (1024 1344 0 ) (1024 1344 64 ) (976 1344 64 ) 
4 69 75 (576 1600 0 ) (576 1856 0 ) (832 1856 0 ) (832 1600 0 ) 
4 70 75 (976 1216 0 ) (976 1344 0 ) (1024 1344 0 ) (1024 1216 0 ) 
4 71 187 (704 1024 64 ) (576 1024 64 ) (576 1024 0 ) (704 1024 0 ) 
4 71 75 (704 1024 0 ) (576 1024 0 ) (576 1344 0 ) (704 1344 0 ) 
4 72 75 (192 1344 0 ) (192 1856 0 ) (320 1856 0 ) (320 1344 0 ) 
4 73 90 (0 1856 0 ) (0 1600 0 ) (0 1600 64 ) (0 1856 64 ) 
4 73 75 (0 1600 0 ) (0 1856 0 ) (64 1856 0 ) (64 1600 0 ) 
4 74 192 (64 1024 64 ) (0 1024 64 ) (0 1024 0 ) (64 1024 0 ) 
4 74 92 (0 1048 0 ) (0 1024 0 ) (0 1024 64 ) (0 1048 64 ) 
4 74 75 (64 1024 0 ) (0 1024 0 ) (0 1048 0 ) (64 1048 0 ) 
4 75 196 (1024 1024 -58 ) (1024 1024 0 ) (0 1024 0 ) (0 1024 -58 ) 
4 75 95 (0 2048 0 ) (0 2048 -58 ) (0 1024 -58 ) (0 1024 0 ) 
4 76 197 (0 1024 320 ) (0 1024 474 ) (-1024 1024 474 ) (-1024 1024 320 ) 
4 76 97 (-1024 1024 320 ) (-1024 1024 474 ) (-1024 2048 474 ) (-1024 2048 320 ) 
3 76 88 (-576 1048 320 ) (-576 1088 320 ) (-448 1088 320 ) 
4 76 89 (-576 1024 320 ) (-1024 1024 320 ) (-1024 1088 320 ) (-576 1088 320 ) 
5 76 87 (-1024 1088 320 ) (-1024 1113.600098 320 ) (-896 1216 320 ) (0 1216 320 ) (0 1088 320 ) 
4 76 85 (-896 1344 320 ) (-320 1344 320 ) (-320 1232 320 ) (-896 1232 320 ) 
4 76 86 (-1024 1216 320 ) (-1024 1344 320 ) (-896 1344 320 ) (-896 1216 320 ) 
5 76 84 (-192 1344 320 ) (0 1344 320 ) (0 1280 320 ) (-64 1216 320 ) (-320 1216 320 ) 
3 76 82 (-64 1472 320 ) (-64 1344 320 ) (-192 1344 320 ) 
4 76 81 (-192 1856 320 ) (-64 1856 320 ) (-64 1472 320 ) (-192 1472 320 ) 
4 76 83 (-1024 1344 320 ) (-1024 1856 320 ) (-192 1856 320 ) (-192 1344 320 ) 
4 76 80 (0 1536 320 ) (0 1344 320 ) (-64 1344 320 ) (-64 1472 320 ) 
4 76 78 (-64 2048 320 ) (-48 2048 320 ) (-48 1856 320 ) (-64 1856 320 ) 
4 76 79 (-1024 1856 320 ) (-1024 2048 320 ) (-64 2048 320 ) (-64 1856 320 ) 
4 78 79 (-64 1856 192 ) (-64 1856 320 ) (-64 2048 320 ) (-64 2048 192 ) 
4 79 98 (-1024 1856 320 ) (-1024 2048 320 ) (-1024 2048 64 ) (-1024 1856 64 ) 
4 79 93 (-320 2048 64 ) (-192 2048 64 ) (-192 1856 64 ) (-320 1856 64 ) 
4 79 94 (-1024 1856 64 ) (-1024 2048 64 ) (-320 2048 64 ) (-320 1856 64 ) 
4 79 91 (-192 2048 64 ) (-64 2048 64 ) (-64 1856 64 ) (-192 1856 64 ) 
4 79 81 (-192 1856 64 ) (-64 1856 64 ) (-64 1856 320 ) (-192 1856 320 ) 
4 79 83 (-1024 1856 64 ) (-192 1856 64 ) (-192 1856 320 ) (-1024 1856 320 ) 
4 80 84 (-64 1344 64 ) (0 1344 64 ) (0 1344 320 ) (-64 1344 320 ) 
4 80 82 (-64 1472 64 ) (-64 1344 64 ) (-64 1344 320 ) (-64 1472 320 ) 
4 81 91 (-192 1856 64 ) (-64 1856 64 ) (-64 1472 64 ) (-192 1472 64 ) 
4 81 83 (-192 1856 320 ) (-192 1856 64 ) (-192 1472 64 ) (-192 1472 320 ) 
4 82 84 (-192 1344 64 ) (-64 1344 64 ) (-64 1344 320 ) (-192 1344 320 ) 
4 83 98 (-1024 1344 320 ) (-1024 1856 320 ) (-1024 1856 64 ) (-1024 1344 64 ) 
4 83 93 (-320 1856 64 ) (-192 1856 64 ) (-192 1344 64 ) (-320 1344 64 ) 
4 83 94 (-1024 1344 64 ) (-1024 1856 64 ) (-320 1856 64 ) (-320 1344 64 ) 
4 83 85 (-896 1344 64 ) (-320 1344 64 ) (-320 1344 320 ) (-896 1344 320 ) 
4 83 86 (-1024 1344 64 ) (-896 1344 64 ) (-896 1344 320 ) (-1024 1344 320 ) 
4 84 87 (-320 1216 64 ) (-64 1216 64 ) (-64 1216 320 ) (-320 1216 320 ) 
4 85 94 (-896 1344 64 ) (-320 1344 64 ) (-320 1232 64 ) (-896 1232 64 ) 
4 85 86 (-896 1344 320 ) (-896 1344 64 ) (-896 1232 64 ) (-896 1232 320 ) 
4 86 98 (-1024 1216 320 ) (-1024 1344 320 ) (-1024 1344 64 ) (-1024 1216 64 ) 
4 86 94 (-1024 1216 64 ) (-1024 1344 64 ) (-896 1344 64 ) (-896 1216 64 ) 
4 87 99 (-1024 1088 320 ) (-1024 1113.600098 320 ) (-1024 1113.600098 64 ) (-1024 1088 64 ) 
4 87 88 (-576 1088 64 ) (-448 1088 64 ) (-448 1088 320 ) (-576 1088 320 ) 
4 87 89 (-1024 1088 64 ) (-576 1088 64 ) (-576 1088 320 ) (-1024 1088 320 ) 
4 88 89 (-576 1088 320 ) (-576 1088 64 ) (-576 1048 64 ) (-576 1048 320 ) 
4 89 206 (-1024 1024 192 ) (-1024 1024 64 ) (-576 1024 64 ) (-576 1024 192 ) 
4 89 203 (-952 1024 320 ) (-1024 1024 320 ) (-1024 1024 192 ) (-952 1024 192 ) 
4 89 199 (-576 1024 320 ) (-952 1024 320 ) (-952 1024 192 ) (-576 1024 192 ) 
4 89 101 (-1024 1024 64 ) (-1024 1024 320 ) (-1024 1088 320 ) (-1024 1088 64 ) 
4 90 95 (0 1856 0 ) (0 1600 0 ) (-64 1600 0 ) (-64 1856 0 ) 
4 90 91 (-64 1856 0 ) (-64 1600 0 ) (-64 1600 64 ) (-64 1856 64 ) 
4 91 95 (-192 1472 0 ) (-192 2048 0 ) (-64 2048 0 ) (-64 1472 0 ) 
4 91 93 (-192 2048 0 ) (-192 1472 0 ) (-192 1472 64 ) (-192 2048 64 ) 
4 92 216 (0 1024 0 ) (0 1024 64 ) (-192 1024 64 ) (-192 1024 0 ) 
4 92 95 (0 1024 0 ) (-192 1024 0 ) (-192 1048 0 ) (0 1048 0 ) 
4 93 95 (-320 2048 0 ) (-192 2048 0 ) (-192 1344 0 ) (-320 1344 0 ) 
4 93 94 (-320 2048 0 ) (-320 1344 0 ) (-320 1344 64 ) (-320 2048 64 ) 
4 94 103 (-1024 1216 64 ) (-1024 2048 64 ) (-1024 2048 0 ) (-1024 1216 0 ) 
4 94 95 (-1024 1216 0 ) (-1024 2048 0 ) (-320 2048 0 ) (-320 1216 0 ) 
4 95 222 (0 1024 -58 ) (0 1024 0 ) (-1024 1024 0 ) (-1024 1024 -58 ) 
4 95 106 (-1024 1024 -58 ) (-1024 1024 0 ) (-1024 1088 0 ) (-1024 1088 -58 ) 
4 95 104 (-1024 1088 0 ) (-1024 1120 0 ) (-1024 1120 -58 ) (-1024 1088 -58 ) 
4 95 103 (-1024 1120 0 ) (-1024 2048 0 ) (-1024 2048 -58 ) (-1024 1120 -58 ) 
4 96 103 (-1024 2048 -58 ) (-1024 2048 64 ) (-1056 2048 64 ) (-1056 2048 -58 ) 
4 96 105 (-1056 2048 64 ) (-1538.500000 2048 64 ) (-1538.500000 2048 -58 ) (-1056 2048 -58 ) 
4 96 98 (-1024 2048 64 ) (-1024 2048 320 ) (-1056 2048 320 ) (-1056 2048 64 ) 
4 96 100 (-1056 2048 320 ) (-1538.500000 2048 320 ) (-1538.500000 2048 64 ) (-1056 2048 64 ) 
4 96 97 (-1024 2048 320 ) (-1024 2048 474 ) (-1538.500000 2048 474 ) (-1538.500000 2048 320 ) 
4 97 289 (-1280 1024 474 ) (-1538.500000 1024 474 ) (-1538.500000 1024 320 ) (-1280 1024 320 ) 
4 97 286 (-1024 1024 320 ) (-1024 1024 474 ) (-1280 1024 474 ) (-1280 1024 320 ) 
4 97 101 (-1056 1088 320 ) (-1024 1088 320 ) (-1024 1024 320 ) (-1112 1024 320 ) 
4 97 102 (-1538.500000 1024 320 ) (-1538.500000 1088 320 ) (-1280 1088 320 ) (-1280 1024 320 ) 
3 97 99 (-1024 1113.600098 320 ) (-1024 1088 320 ) (-1056 1088 320 ) 
4 97 98 (-1056 2048 320 ) (-1024 2048 320 ) (-1024 1216 320 ) (-1056 1216 320 ) 
4 97 100 (-1538.500000 1088 320 ) (-1538.500000 2048 320 ) (-1056 2048 320 ) (-1056 1088 320 ) 
4 98 103 (-1056 2048 64 ) (-1024 2048 64 ) (-1024 1216 64 ) (-1056 1216 64 ) 
4 98 100 (-1056 2048 64 ) (-1056 1216 64 ) (-1056 1216 320 ) (-1056 2048 320 ) 
4 99 101 (-1024 1088 320 ) (-1056 1088 320 ) (-1056 1088 64 ) (-1024 1088 64 ) 
4 100 105 (-1538.500000 1088 64 ) (-1538.500000 2048 64 ) (-1056 2048 64 ) (-1056 1088 64 ) 
4 100 102 (-1280 1088 320 ) (-1538.500000 1088 320 ) (-1538.500000 1088 64 ) (-1280 1088 64 ) 
4 101 290 (-1024 1024 64 ) (-1024 1024 192 ) (-1112 1024 192 ) (-1112 1024 64 ) 
4 101 287 (-1024 1024 192 ) (-1024 1024 320 ) (-1112 1024 320 ) (-1112 1024 192 ) 
4 102 295 (-1296 1024 64 ) (-1280 1024 64 ) (-1280 1024 192 ) (-1296 1024 192 ) 
4 102 296 (-1538.500000 1024 192 ) (-1538.500000 1024 64 ) (-1296 1024 64 ) (-1296 1024 192 ) 
4 102 289 (-1280 1024 320 ) (-1538.500000 1024 320 ) (-1538.500000 1024 192 ) (-1280 1024 192 ) 
4 102 107 (-1280 1024 64 ) (-1538.500000 1024 64 ) (-1538.500000 1088 64 ) (-1280 1088 64 ) 
4 103 104 (-1056 1120 0 ) (-1056 1120 -58 ) (-1024 1120 -58 ) (-1024 1120 0 ) 
4 103 105 (-1056 2048 -58 ) (-1056 1120 -58 ) (-1056 1120 64 ) (-1056 2048 64 ) 
4 104 106 (-1056 1088 -58 ) (-1024 1088 -58 ) (-1024 1088 0 ) (-1056 1088 0 ) 
4 104 105 (-1056 1120 -58 ) (-1056 1088 -58 ) (-1056 1088 0 ) (-1056 1120 0 ) 
4 105 106 (-1128 1088 -58 ) (-1056 1088 -58 ) (-1056 1088 0 ) (-1128 1088 0 ) 
4 105 107 (-1538.500000 1088 -58 ) (-1128 1088 -58 ) (-1128 1088 64 ) (-1538.500000 1088 64 ) 
4 106 300 (-1024 1024 -58 ) (-1024 1024 0 ) (-1128 1024 0 ) (-1128 1024 -58 ) 
4 106 107 (-1128 1088 0 ) (-1128 1088 -58 ) (-1128 1024 -58 ) (-1128 1024 0 ) 
4 107 300 (-1538.500000 1024 0 ) (-1538.500000 1024 -58 ) (-1128 1024 -58 ) (-1128 1024 0 ) 
4 107 299 (-1280 1024 64 ) (-1538.500000 1024 64 ) (-1538.500000 1024 0 ) (-1280 1024 0 ) 
4 107 298 (-1152 1024 64 ) (-1280 1024 64 ) (-1280 1024 0 ) (-1152 1024 0 ) 
4 107 297 (-1128 1024 64 ) (-1152 1024 64 ) (-1152 1024 0 ) (-1128 1024 0 ) 
4 108 145 (2274.500000 0 474 ) (2048 0 474 ) (2048 0 -58 ) (2274.500000 0 -58 ) 
4 108 144 (2048 1024 0 ) (2048 1024 -58 ) (2048 0 -58 ) (2048 0 0 ) 
4 108 137 (2048 1024 64 ) (2048 1024 0 ) (2048 0 0 ) (2048 0 64 ) 
4 108 110 (2048 1024 320 ) (2048 1024 64 ) (2048 0 64 ) (2048 0 320 ) 
4 108 109 (2048 1024 474 ) (2048 1024 320 ) (2048 0 320 ) (2048 0 474 ) 
4 109 165 (1024 1024 474 ) (1024 1024 320 ) (1024 0 320 ) (1024 0 474 ) 
4 109 146 (2048 0 320 ) (2048 0 474 ) (1024 0 474 ) (1024 0 320 ) 
4 109 135 (1024 432 320 ) (1024 1024 320 ) (1088 1024 320 ) (1088 432 320 ) 
4 109 133 (1104 576 320 ) (1216 576 320 ) (1216 432 320 ) (1104 432 320 ) 
3 109 132 (1088 576 320 ) (1216 704 320 ) (1216 576 320 ) 
4 109 116 (1216 432 320 ) (1216 832 320 ) (1344 832 320 ) (1344 432 320 ) 
4 109 115 (1344 960 320 ) (1472 960 320 ) (1472 432 320 ) (1344 432 320 ) 
4 109 113 (1600 512 320 ) (1600 768 320 ) (1792 768 320 ) (1792 512 320 ) 
4 109 112 (1600 768 320 ) (1600 1024 320 ) (1792 1024 320 ) (1792 768 320 ) 
4 109 114 (1792 0 320 ) (1600 0 320 ) (1600 512 320 ) (1792 512 320 ) 
3 109 111 (1088 704 320 ) (1088 1024 320 ) (1408 1024 320 ) 
4 109 110 (2048 0 320 ) (1792 0 320 ) (1792 1024 320 ) (2048 1024 320 ) 
4 110 149 (2048 0 64 ) (2048 0 192 ) (1792 0 192 ) (1792 0 64 ) 
4 110 147 (2048 0 192 ) (2048 0 320 ) (1792 0 320 ) (1792 0 192 ) 
4 110 137 (1792 1024 64 ) (2048 1024 64 ) (2048 0 64 ) (1792 0 64 ) 
4 110 128 (1792 256 64 ) (1792 0 64 ) (1792 0 176 ) (1792 256 176 ) 
4 110 126 (1792 0 176 ) (1792 0 192 ) (1792 256 192 ) (1792 256 176 ) 
4 110 123 (1792 512 64 ) (1792 256 64 ) (1792 256 192 ) (1792 512 192 ) 
4 110 120 (1792 671 64 ) (1792 617 64 ) (1792 617 176 ) (1792 671 176 ) 
4 110 117 (1792 1024 64 ) (1792 768 64 ) (1792 768 192 ) (1792 1024 192 ) 
4 110 113 (1792 512 320 ) (1792 768 320 ) (1792 768 216 ) (1792 512 216 ) 
4 110 112 (1792 768 320 ) (1792 1024 320 ) (1792 1024 192 ) (1792 768 192 ) 
4 110 114 (1792 0 192 ) (1792 0 320 ) (1792 512 320 ) (1792 512 192 ) 
4 111 135 (1088 1024 64 ) (1088 704 64 ) (1088 704 320 ) (1088 1024 320 ) 
4 112 117 (1616 1024 192 ) (1792 1024 192 ) (1792 768 192 ) (1616 768 192 ) 
4 112 113 (1600 768 320 ) (1600 768 216 ) (1792 768 216 ) (1792 768 320 ) 
4 113 114 (1600 512 320 ) (1600 512 216 ) (1792 512 216 ) (1792 512 320 ) 
4 114 147 (1792 0 320 ) (1600 0 320 ) (1600 0 192 ) (1792 0 192 ) 
4 114 126 (1792 256 192 ) (1792 0 192 ) (1616 0 192 ) (1616 256 192 ) 
4 114 123 (1792 512 192 ) (1792 256 192 ) (1616 256 192 ) (1616 512 192 ) 
4 115 125 (1456 432 192 ) (1344 432 192 ) (1344 512 192 ) (1456 512 192 ) 
4 115 121 (1456 512 192 ) (1344 512 192 ) (1344 832 192 ) (1456 944 192 ) 
4 115 116 (1344 832 192 ) (1344 432 192 ) (1344 432 320 ) (1344 832 320 ) 
4 116 133 (1216 576 192 ) (1216 432 192 ) (1216 432 320 ) (1216 576 320 ) 
4 116 132 (1216 704 192 ) (1216 576 192 ) (1216 576 320 ) (1216 704 320 ) 
4 116 130 (1216 432 192 ) (1216 512 192 ) (1280 512 192 ) (1280 432 192 ) 
4 116 125 (1280 512 192 ) (1344 512 192 ) (1344 432 192 ) (1280 432 192 ) 
4 116 122 (1216 512 192 ) (1216 704 192 ) (1344 832 192 ) (1344 512 192 ) 
4 117 138 (1616 1024 64 ) (1792 1024 64 ) (1792 768 64 ) (1616 768 64 ) 
4 118 120 (1472 768 176 ) (1472 768 64 ) (1600 768 64 ) (1600 768 176 ) 
4 118 119 (1472 768 192 ) (1472 768 176 ) (1600 768 176 ) (1600 768 192 ) 
4 119 124 (1600 512 192 ) (1472 512 192 ) (1472 512 176 ) (1600 512 176 ) 
4 119 120 (1600 512 176 ) (1472 512 176 ) (1472 768 176 ) (1600 768 176 ) 
4 120 124 (1600 512 176 ) (1472 512 176 ) (1472 512 64 ) (1600 512 64 ) 
4 121 142 (1456 512 64 ) (1344 512 64 ) (1344 704 64 ) (1456 704 64 ) 
4 121 141 (1344 704 64 ) (1344 832 64 ) (1456 832 64 ) (1456 704 64 ) 
3 121 140 (1344 832 64 ) (1456 944 64 ) (1456 832 64 ) 
4 121 125 (1456 512 192 ) (1344 512 192 ) (1344 512 64 ) (1456 512 64 ) 
4 121 122 (1344 512 64 ) (1344 512 192 ) (1344 832 192 ) (1344 832 64 ) 
4 122 143 (1280 512 64 ) (1216 512 64 ) (1216 704 64 ) (1280 704 64 ) 
4 122 142 (1344 512 64 ) (1280 512 64 ) (1280 704 64 ) (1344 704 64 ) 
3 122 141 (1216 704 64 ) (1344 832 64 ) (1344 704 64 ) 
4 122 133 (1216 576 64 ) (1216 512 64 ) (1216 512 192 ) (1216 576 192 ) 
4 122 132 (1216 704 64 ) (1216 576 64 ) (1216 576 192 ) (1216 704 192 ) 
4 122 130 (1280 512 192 ) (1216 512 192 ) (1216 512 64 ) (1280 512 64 ) 
4 122 125 (1344 512 192 ) (1280 512 192 ) (1280 512 64 ) (1344 512 64 ) 
4 123 139 (1792 512 64 ) (1792 256 64 ) (1616 256 64 ) (1616 512 64 ) 
4 123 128 (1616 256 64 ) (1792 256 64 ) (1792 256 176 ) (1616 256 176 ) 
4 123 126 (1792 256 176 ) (1792 256 192 ) (1616 256 192 ) (1616 256 176 ) 
4 124 129 (1472 256 64 ) (1600 256 64 ) (1600 256 176 ) (1472 256 176 ) 
4 124 127 (1600 256 176 ) (1600 256 192 ) (1472 256 192 ) (1472 256 176 ) 
4 125 142 (1456 256 64 ) (1280 256 64 ) (1280 512 64 ) (1456 512 64 ) 
4 125 130 (1280 512 192 ) (1280 512 64 ) (1280 432 64 ) (1280 432 192 ) 
4 126 149 (1792 0 176 ) (1792 0 192 ) (1616 0 192 ) (1616 0 176 ) 
4 126 128 (1616 256 176 ) (1792 256 176 ) (1792 0 176 ) (1616 0 176 ) 
4 127 150 (1600 0 192 ) (1472 0 192 ) (1472 0 176 ) (1600 0 176 ) 
4 127 129 (1472 256 176 ) (1600 256 176 ) (1600 0 176 ) (1472 0 176 ) 
4 128 149 (1616 0 64 ) (1792 0 64 ) (1792 0 176 ) (1616 0 176 ) 
4 128 139 (1792 256 64 ) (1792 0 64 ) (1616 0 64 ) (1616 256 64 ) 
4 129 150 (1472 0 64 ) (1600 0 64 ) (1600 0 176 ) (1472 0 176 ) 
4 129 131 (1280 151 64 ) (1280 97 64 ) (1280 97 176 ) (1280 151 176 ) 
4 130 143 (1216 432 64 ) (1216 512 64 ) (1280 512 64 ) (1280 432 64 ) 
4 130 133 (1216 512 64 ) (1216 432 64 ) (1216 432 192 ) (1216 512 192 ) 
4 131 151 (1216 0 192 ) (1216 0 64 ) (1280 0 64 ) (1280 0 192 ) 
4 131 134 (1216 261.333313 64 ) (1216 0 64 ) (1216 0 192 ) (1216 261.333313 192 ) 
3 132 143 (1088 576 64 ) (1216 704 64 ) (1216 576 64 ) 
4 132 133 (1104 576 64 ) (1216 576 64 ) (1216 576 320 ) (1104 576 320 ) 
4 133 143 (1104 576 64 ) (1216 576 64 ) (1216 432 64 ) (1104 432 64 ) 
4 134 151 (1088 0 192 ) (1088 0 64 ) (1216 0 64 ) (1216 0 192 ) 
4 134 136 (1088 432 64 ) (1088 0 64 ) (1088 0 192 ) (1088 432 192 ) 
4 135 174 (1024 448 64 ) (1024 432 64 ) (1024 432 192 ) (1024 448 192 ) 
4 135 170 (1024 1024 192 ) (1024 1024 64 ) (1024 448 64 ) (1024 448 192 ) 
4 135 166 (1024 1024 320 ) (1024 1024 192 ) (1024 432 192 ) (1024 432 320 ) 
4 135 136 (1024 432 64 ) (1088 432 64 ) (1088 432 192 ) (1024 432 192 ) 
4 136 175 (1024 432 64 ) (1024 304 64 ) (1024 304 192 ) (1024 432 192 ) 
4 136 177 (1024 304 64 ) (1024 0 64 ) (1024 0 192 ) (1024 304 192 ) 
4 136 151 (1024 0 192 ) (1024 0 64 ) (1088 0 64 ) (1088 0 192 ) 
4 137 158 (2048 0 0 ) (2048 0 64 ) (1792 0 64 ) (1792 0 0 ) 
4 137 144 (2048 0 0 ) (1792 0 0 ) (1792 1024 0 ) (2048 1024 0 ) 
4 137 138 (1792 1024 0 ) (1792 768 0 ) (1792 768 64 ) (1792 1024 64 ) 
4 137 139 (1792 512 0 ) (1792 0 0 ) (1792 0 64 ) (1792 512 64 ) 
4 138 144 (1600 768 0 ) (1600 1024 0 ) (1792 1024 0 ) (1792 768 0 ) 
4 139 158 (1792 0 64 ) (1600 0 64 ) (1600 0 0 ) (1792 0 0 ) 
4 139 144 (1792 0 0 ) (1600 0 0 ) (1600 512 0 ) (1792 512 0 ) 
4 140 144 (1344 960 0 ) (1472 960 0 ) (1472 832 0 ) (1344 832 0 ) 
4 140 141 (1344 832 0 ) (1472 832 0 ) (1472 832 64 ) (1344 832 64 ) 
4 141 144 (1216 832 0 ) (1472 832 0 ) (1472 704 0 ) (1216 704 0 ) 
4 141 143 (1216 704 0 ) (1280 704 0 ) (1280 704 64 ) (1216 704 64 ) 
4 141 142 (1280 704 0 ) (1472 704 0 ) (1472 704 64 ) (1280 704 64 ) 
4 142 144 (1280 256 0 ) (1280 704 0 ) (1472 704 0 ) (1472 256 0 ) 
4 142 143 (1280 704 64 ) (1280 704 0 ) (1280 432 0 ) (1280 432 64 ) 
4 143 144 (1088 704 0 ) (1280 704 0 ) (1280 432 0 ) (1088 432 0 ) 
4 144 196 (1024 1024 0 ) (1024 1024 -58 ) (1024 0 -58 ) (1024 0 0 ) 
4 144 162 (2048 0 -58 ) (2048 0 0 ) (1024 0 0 ) (1024 0 -58 ) 
4 145 163 (2274.500000 -1024 474 ) (2048 -1024 474 ) (2048 -1024 -58 ) (2274.500000 -1024 -58 ) 
4 145 162 (2048 0 0 ) (2048 0 -58 ) (2048 -1024 -58 ) (2048 -1024 0 ) 
4 145 160 (2048 -512 0 ) (2048 -1024 0 ) (2048 -1024 64 ) (2048 -512 64 ) 
4 145 158 (2048 0 64 ) (2048 0 0 ) (2048 -512 0 ) (2048 -512 64 ) 
4 145 156 (2048 -896 64 ) (2048 -1024 64 ) (2048 -1024 320 ) (2048 -896 320 ) 
4 145 149 (2048 0 192 ) (2048 0 64 ) (2048 -896 64 ) (2048 -896 192 ) 
4 145 147 (2048 0 320 ) (2048 0 192 ) (2048 -896 192 ) (2048 -896 320 ) 
4 145 146 (2048 0 474 ) (2048 0 320 ) (2048 -1024 320 ) (2048 -1024 474 ) 
4 146 223 (1024 -1024 320 ) (1024 -1024 474 ) (1024 0 474 ) (1024 0 320 ) 
4 146 164 (2048 -1024 320 ) (2048 -1024 474 ) (1024 -1024 474 ) (1024 -1024 320 ) 
4 146 157 (1616 -1024 320 ) (1024 -1024 320 ) (1024 -912 320 ) (1616 -912 320 ) 
4 146 156 (2048 -1024 320 ) (1616 -1024 320 ) (1616 -896 320 ) (2048 -896 320 ) 
4 146 148 (1024 -896 320 ) (1024 -695.794922 320 ) (1472 -512 320 ) (1472 -896 320 ) 
4 146 147 (1600 0 320 ) (2048 0 320 ) (2048 -896 320 ) (1600 -896 320 ) 
4 147 156 (2048 -896 192 ) (2048 -896 320 ) (1616 -896 320 ) (1616 -896 192 ) 
4 147 149 (2048 -896 192 ) (1616 -896 192 ) (1616 0 192 ) (2048 0 192 ) 
4 148 229 (1024 -896 320 ) (1024 -768 320 ) (1024 -768 192 ) (1024 -896 192 ) 
4 148 224 (1024 -768 320 ) (1024 -695.794922 320 ) (1024 -695.794861 192 ) (1024 -768 192 ) 
4 148 155 (1472 -896 192 ) (1024 -896 192 ) (1024 -695.794922 192 ) (1472 -512 192 ) 
4 149 160 (2048 -512 64 ) (2048 -896 64 ) (1616 -896 64 ) (1616 -512 64 ) 
4 149 158 (2048 0 64 ) (2048 -512 64 ) (1616 -512 64 ) (1616 0 64 ) 
4 149 156 (1616 -896 64 ) (2048 -896 64 ) (2048 -896 192 ) (1616 -896 192 ) 
4 150 155 (1472 -512 64 ) (1600 -512 64 ) (1600 -512 192 ) (1472 -512 192 ) 
4 151 232 (1024 0 192 ) (1024 0 64 ) (1024 -144 64 ) (1024 -144 192 ) 
4 151 153 (1280 -144 64 ) (1456 -144 64 ) (1456 -144 80 ) (1280 -144 80 ) 
4 151 152 (1456 -144 80 ) (1456 -144 192 ) (1024 -144 192 ) (1024 -144 80 ) 
4 152 233 (1024 -384 80 ) (1024 -384 192 ) (1024 -144 192 ) (1024 -144 80 ) 
4 152 153 (1456 -384 80 ) (1280 -384 80 ) (1280 -144 80 ) (1456 -144 80 ) 
4 152 154 (1456 -384 80 ) (1456 -384 192 ) (1024 -384 192 ) (1024 -384 80 ) 
4 153 154 (1280 -384 64 ) (1456 -384 64 ) (1456 -384 80 ) (1280 -384 80 ) 
4 154 235 (1024 -384 64 ) (1024 -512 64 ) (1024 -512 192 ) (1024 -384 192 ) 
4 155 246 (1024 -695.794861 64 ) (1024 -896 64 ) (1024 -896 192 ) (1024 -695.794922 192 ) 
4 156 164 (2048 -1024 64 ) (2048 -1024 320 ) (1616 -1024 320 ) (1616 -1024 64 ) 
4 156 160 (2048 -896 64 ) (2048 -1024 64 ) (1616 -1024 64 ) (1616 -896 64 ) 
4 156 157 (1616 -912 64 ) (1616 -1024 64 ) (1616 -1024 320 ) (1616 -912 320 ) 
4 157 252 (1024 -1024 64 ) (1024 -1024 192 ) (1024 -912 192 ) (1024 -912 64 ) 
4 157 230 (1024 -1024 192 ) (1024 -1024 320 ) (1024 -912 320 ) (1024 -912 192 ) 
4 157 164 (1616 -1024 320 ) (1024 -1024 320 ) (1024 -1024 64 ) (1616 -1024 64 ) 
4 157 161 (1600 -1024 64 ) (1024 -1024 64 ) (1024 -912 64 ) (1600 -912 64 ) 
4 157 160 (1616 -1024 64 ) (1600 -1024 64 ) (1600 -912 64 ) (1616 -912 64 ) 
4 158 162 (1600 0 0 ) (2048 0 0 ) (2048 -512 0 ) (1600 -512 0 ) 
4 158 160 (1600 -512 0 ) (2048 -512 0 ) (2048 -512 64 ) (1600 -512 64 ) 
4 159 162 (1456 0 0 ) (1472 0 0 ) (1472 -512 0 ) (1456 -512 0 ) 
4 160 164 (2048 -1024 0 ) (2048 -1024 64 ) (1600 -1024 64 ) (1600 -1024 0 ) 
4 160 162 (2048 -1024 0 ) (1600 -1024 0 ) (1600 -512 0 ) (2048 -512 0 ) 
4 160 161 (1600 -896 0 ) (1600 -1024 0 ) (1600 -1024 64 ) (1600 -896 64 ) 
4 161 254 (1024 -1024 0 ) (1024 -1024 64 ) (1024 -896 64 ) (1024 -896 0 ) 
4 161 164 (1600 -1024 64 ) (1024 -1024 64 ) (1024 -1024 0 ) (1600 -1024 0 ) 
4 161 162 (1600 -1024 0 ) (1024 -1024 0 ) (1024 -896 0 ) (1600 -896 0 ) 
4 162 261 (1024 -1024 -58 ) (1024 -1024 0 ) (1024 0 0 ) (1024 0 -58 ) 
4 162 164 (2048 -1024 -58 ) (2048 -1024 0 ) (1024 -1024 0 ) (1024 -1024 -58 ) 
4 163 164 (2048 -1024 474 ) (2048 -1024 -58 ) (2048 -1787.500000 -58 ) (2048 -1787.500000 474 ) 
4 164 319 (1024 -1024 64 ) (1024 -1024 -58 ) (1024 -1787.500000 -58 ) (1024 -1787.500000 64 ) 
4 164 312 (1024 -1787.500000 474 ) (1024 -1024 474 ) (1024 -1024 64 ) (1024 -1787.500000 64 ) 
4 165 223 (1024 0 320 ) (1024 0 474 ) (0 0 474 ) (0 0 320 ) 
4 165 197 (0 1024 474 ) (0 1024 320 ) (0 0 320 ) (0 0 474 ) 
4 165 169 (64 0 320 ) (0 0 320 ) (0 768 320 ) (64 832 320 ) 
5 165 168 (192 0 320 ) (64 0 320 ) (64 960 320 ) (128 1024 320 ) (192 1024 320 ) 
4 165 167 (592 0 320 ) (576 0 320 ) (576 432 320 ) (592 432 320 ) 
4 165 166 (976 1024 320 ) (1024 1024 320 ) (1024 432 320 ) (976 432 320 ) 
4 166 174 (1024 448 192 ) (1024 432 192 ) (976 432 192 ) (976 448 192 ) 
4 166 170 (976 1024 192 ) (1024 1024 192 ) (1024 448 192 ) (976 448 192 ) 
4 167 226 (592 0 320 ) (576 0 320 ) (576 0 192 ) (592 0 192 ) 
4 167 178 (576 80 192 ) (576 176 192 ) (592 176 192 ) (592 80 192 ) 
4 168 228 (192 0 320 ) (64 0 320 ) (64 0 192 ) (192 0 192 ) 
4 168 186 (192 192 192 ) (192 0 192 ) (64 0 192 ) (64 58.433701 192 ) 
5 168 184 (128 1024 192 ) (192 1024 192 ) (192 192 192 ) (64 192 192 ) (64 960 192 ) 
4 168 169 (64 832 192 ) (64 0 192 ) (64 0 320 ) (64 832 320 ) 
4 169 228 (64 0 320 ) (0 0 320 ) (0 0 192 ) (64 0 192 ) 
4 169 198 (0 768 192 ) (0 0 192 ) (0 0 320 ) (0 768 320 ) 
3 169 186 (64 58.433701 192 ) (64 0 192 ) (8.001495 0 192 ) 
4 169 185 (0 576 192 ) (0 768 192 ) (64 832 192 ) (64 576 192 ) 
4 170 174 (976 448 64 ) (1024 448 64 ) (1024 448 192 ) (976 448 192 ) 
4 170 171 (976 1024 64 ) (976 960 64 ) (976 960 192 ) (976 1024 192 ) 
4 171 172 (960 1024 64 ) (960 960 64 ) (960 960 192 ) (960 1024 192 ) 
4 172 173 (704 704 64 ) (704 448 64 ) (704 448 192 ) (704 704 192 ) 
4 173 179 (576 832 64 ) (576 448 64 ) (576 448 192 ) (576 832 192 ) 
4 174 175 (976 432 64 ) (1024 432 64 ) (1024 432 192 ) (976 432 192 ) 
4 175 177 (848 304 64 ) (1024 304 64 ) (1024 304 192 ) (848 304 192 ) 
4 176 190 (592 320 64 ) (592 432 64 ) (848 432 64 ) (848 320 64 ) 
4 177 237 (736 0 192 ) (592 0 192 ) (592 0 64 ) (736 0 64 ) 
4 177 236 (848 0 192 ) (736 0 192 ) (736 0 64 ) (848 0 64 ) 
4 177 232 (1024 0 64 ) (1024 0 192 ) (1008 0 192 ) (1008 0 64 ) 
4 177 234 (1008 0 192 ) (848 0 192 ) (848 0 64 ) (1008 0 64 ) 
4 177 178 (592 176 64 ) (592 80 64 ) (592 80 192 ) (592 176 192 ) 
4 178 179 (576 176 64 ) (576 80 64 ) (576 80 192 ) (576 176 192 ) 
4 179 242 (576 0 192 ) (320 0 192 ) (320 0 64 ) (576 0 64 ) 
4 179 181 (320 320 64 ) (320 0 64 ) (320 0 192 ) (320 320 192 ) 
4 179 180 (320 1024 64 ) (320 960 64 ) (320 960 192 ) (320 1024 192 ) 
4 180 184 (192 1024 64 ) (192 832 64 ) (192 832 192 ) (192 1024 192 ) 
4 181 242 (320 0 192 ) (304 0 192 ) (304 0 64 ) (320 0 64 ) 
4 181 182 (304 320 64 ) (304 0 64 ) (304 0 192 ) (304 320 192 ) 
4 182 242 (304 0 192 ) (208 0 192 ) (208 0 64 ) (304 0 64 ) 
4 182 183 (208 576 192 ) (208 576 64 ) (208 192 64 ) (208 192 192 ) 
4 183 184 (192 576 64 ) (192 192 64 ) (192 192 192 ) (192 576 192 ) 
4 184 185 (64 832 64 ) (64 576 64 ) (64 576 192 ) (64 832 192 ) 
4 185 205 (0 768 64 ) (0 576 64 ) (0 576 192 ) (0 768 192 ) 
4 186 243 (192 0 192 ) (8.001495 0 192 ) (8.001495 0 64 ) (192 0 64 ) 
3 186 195 (48 0 64 ) (8.001495 0 64 ) (48 41.737911 64 ) 
4 187 196 (576 1024 0 ) (704 1024 0 ) (704 832 0 ) (576 832 0 ) 
4 188 196 (976 832 0 ) (976 448 0 ) (960 448 0 ) (960 832 0 ) 
4 188 189 (960 448 0 ) (976 448 0 ) (976 448 64 ) (960 448 64 ) 
4 189 196 (976 448 0 ) (976 432 0 ) (848 432 0 ) (848 448 0 ) 
4 189 190 (848 448 64 ) (848 448 0 ) (848 432 0 ) (848 432 64 ) 
4 190 196 (848 320 0 ) (576 320 0 ) (576 448 0 ) (848 448 0 ) 
4 190 191 (592 320 0 ) (848 320 0 ) (848 320 64 ) (592 320 64 ) 
4 191 196 (592 304 0 ) (592 320 0 ) (848 320 0 ) (848 304 0 ) 
4 192 217 (0 1008 0 ) (0 832 0 ) (0 832 64 ) (0 1008 64 ) 
4 192 216 (0 1024 64 ) (0 1024 0 ) (0 1008 0 ) (0 1008 64 ) 
4 192 196 (0 832 0 ) (0 1024 0 ) (64 1024 0 ) (64 832 0 ) 
4 193 196 (192 832 0 ) (320 832 0 ) (320 576 0 ) (192 576 0 ) 
4 194 218 (0 576 0 ) (0 336 0 ) (0 336 64 ) (0 576 64 ) 
4 194 196 (0 336 0 ) (0 576 0 ) (64 576 0 ) (64 336 0 ) 
4 194 195 (0 336 0 ) (48 336 0 ) (48 336 64 ) (0 336 64 ) 
4 195 260 (48 0 64 ) (0 0 64 ) (0 0 0 ) (48 0 0 ) 
4 195 220 (0 64 0 ) (0 0 0 ) (0 0 64 ) (0 64 64 ) 
4 195 218 (0 336 0 ) (0 64 0 ) (0 64 64 ) (0 336 64 ) 
4 195 196 (0 0 0 ) (0 336 0 ) (48 336 0 ) (48 0 0 ) 
4 196 261 (1024 0 -58 ) (1024 0 0 ) (0 0 0 ) (0 0 -58 ) 
4 196 222 (0 1024 0 ) (0 1024 -58 ) (0 0 -58 ) (0 0 0 ) 
4 197 288 (-1024 688 320 ) (-1024 0 320 ) (-1024 0 474 ) (-1024 688 474 ) 
4 197 286 (-1024 1024 474 ) (-1024 1024 320 ) (-1024 688 320 ) (-1024 688 474 ) 
4 197 268 (-952 0 474 ) (-1024 0 474 ) (-1024 0 320 ) (-952 0 320 ) 
4 197 262 (0 0 320 ) (0 0 474 ) (-952 0 474 ) (-952 0 320 ) 
4 197 204 (-952 688 320 ) (-952 0 320 ) (-1024 0 320 ) (-1024 688 320 ) 
4 197 203 (-1024 1024 320 ) (-952 1024 320 ) (-952 1008 320 ) (-1024 1008 320 ) 
4 197 201 (-192 0 320 ) (-824 0 320 ) (-824 64 320 ) (-192 64 320 ) 
4 197 200 (-64 64 320 ) (-64 0 320 ) (-192 0 320 ) (-192 64 320 ) 
4 197 202 (-824 0 320 ) (-952 0 320 ) (-952 64 320 ) (-824 64 320 ) 
4 197 199 (-952 1024 320 ) (-576 1024 320 ) (-576 1008 320 ) (-952 1008 320 ) 
4 197 198 (0 768 320 ) (0 0 320 ) (-64 0 320 ) (-64 704 320 ) 
4 198 263 (0 0 192 ) (0 0 216 ) (-64 0 216 ) (-64 0 192 ) 
4 198 262 (0 0 216 ) (0 0 320 ) (-64 0 320 ) (-64 0 216 ) 
4 198 205 (-64 576 192 ) (-64 704 192 ) (0 768 192 ) (0 576 192 ) 
4 198 200 (-64 64 192 ) (-64 0 192 ) (-64 0 320 ) (-64 64 320 ) 
4 199 206 (-952 1008 192 ) (-952 1024 192 ) (-576 1024 192 ) (-576 1008 192 ) 
4 199 203 (-952 1024 192 ) (-952 1008 192 ) (-952 1008 320 ) (-952 1024 320 ) 
4 200 263 (-192 0 216 ) (-192 0 192 ) (-64 0 192 ) (-64 0 216 ) 
4 200 262 (-64 0 320 ) (-192 0 320 ) (-192 0 216 ) (-64 0 216 ) 
4 200 201 (-192 64 320 ) (-192 64 216 ) (-192 0 216 ) (-192 0 320 ) 
4 201 262 (-192 0 320 ) (-824 0 320 ) (-824 0 216 ) (-192 0 216 ) 
4 201 202 (-824 64 320 ) (-824 64 216 ) (-824 0 216 ) (-824 0 320 ) 
4 202 264 (-952 0 216 ) (-952 0 192 ) (-824 0 192 ) (-824 0 216 ) 
4 202 262 (-824 0 320 ) (-952 0 320 ) (-952 0 216 ) (-824 0 216 ) 
4 202 204 (-952 0 216 ) (-952 0 320 ) (-952 64 320 ) (-952 64 216 ) 
4 203 287 (-1024 1024 320 ) (-1024 1024 192 ) (-1024 1008 192 ) (-1024 1008 320 ) 
4 203 206 (-1024 1008 192 ) (-1024 1024 192 ) (-952 1024 192 ) (-952 1008 192 ) 
4 204 288 (-1024 0 216 ) (-1024 0 320 ) (-1024 688 320 ) (-1024 688 216 ) 
4 204 268 (-952 0 320 ) (-1024 0 320 ) (-1024 0 216 ) (-952 0 216 ) 
4 205 208 (-64 704 64 ) (-64 576 64 ) (-64 576 192 ) (-64 704 192 ) 
4 206 290 (-1024 1024 192 ) (-1024 1024 64 ) (-1024 1008 64 ) (-1024 1008 192 ) 
4 206 213 (-1024 1008 64 ) (-992 1008 64 ) (-992 1008 192 ) (-1024 1008 192 ) 
4 206 212 (-960 1008 64 ) (-920 1008 64 ) (-920 1008 192 ) (-960 1008 192 ) 
4 206 210 (-920 1008 64 ) (-584 1008 64 ) (-584 1008 192 ) (-920 1008 192 ) 
4 206 207 (-584 1008 64 ) (-576 1008 64 ) (-576 1008 192 ) (-584 1008 192 ) 
4 207 210 (-584 1008 192 ) (-584 1008 64 ) (-584 896 64 ) (-584 896 192 ) 
4 207 209 (-584 896 192 ) (-584 896 64 ) (-336 896 64 ) (-336 896 192 ) 
4 208 209 (-192 896 192 ) (-192 896 64 ) (-192 64 64 ) (-192 64 192 ) 
4 209 272 (-192 0 192 ) (-584 0 192 ) (-584 0 64 ) (-192 0 64 ) 
4 209 214 (-584 416 64 ) (-584 0 64 ) (-584 0 192 ) (-584 416 192 ) 
4 209 211 (-584 416 80 ) (-584 416 192 ) (-584 704 192 ) (-584 704 80 ) 
4 209 210 (-584 896 64 ) (-584 704 64 ) (-584 704 192 ) (-584 896 192 ) 
4 210 212 (-920 1008 192 ) (-920 1008 64 ) (-920 704 64 ) (-920 704 192 ) 
4 210 211 (-920 704 192 ) (-920 704 80 ) (-584 704 80 ) (-584 704 192 ) 
4 211 215 (-824 416 192 ) (-920 416 192 ) (-920 416 80 ) (-824 416 80 ) 
4 211 214 (-584 416 80 ) (-584 416 192 ) (-824 416 192 ) (-824 416 80 ) 
4 211 212 (-920 416 80 ) (-920 416 192 ) (-920 704 192 ) (-920 704 80 ) 
4 212 291 (-1024 880 64 ) (-1024 432 64 ) (-1024 432 192 ) (-1024 880 192 ) 
4 212 293 (-1024 432 64 ) (-1024 416 64 ) (-1024 416 192 ) (-1024 432 192 ) 
4 212 215 (-1024 416 64 ) (-920 416 64 ) (-920 416 192 ) (-1024 416 192 ) 
4 213 290 (-1024 1008 64 ) (-1024 944 64 ) (-1024 944 192 ) (-1024 1008 192 ) 
4 214 272 (-584 0 192 ) (-824 0 192 ) (-824 0 64 ) (-584 0 64 ) 
4 214 215 (-824 416 192 ) (-824 416 64 ) (-824 64 64 ) (-824 64 192 ) 
4 215 293 (-1024 416 64 ) (-1024 64 64 ) (-1024 64 192 ) (-1024 416 192 ) 
4 216 222 (-192 1024 0 ) (0 1024 0 ) (0 1008 0 ) (-192 1008 0 ) 
4 216 219 (-192 1008 0 ) (-64 1008 0 ) (-64 1008 64 ) (-192 1008 64 ) 
4 216 217 (-64 1008 0 ) (0 1008 0 ) (0 1008 64 ) (-64 1008 64 ) 
4 217 222 (-64 1008 0 ) (0 1008 0 ) (0 832 0 ) (-64 832 0 ) 
4 217 219 (-64 1008 64 ) (-64 1008 0 ) (-64 952.471069 0 ) (-64 952.471069 64 ) 
4 218 222 (0 576 0 ) (0 64 0 ) (-64 64 0 ) (-64 576 0 ) 
4 218 220 (-64 64 0 ) (0 64 0 ) (0 64 64 ) (-64 64 64 ) 
4 219 222 (-192 1008 0 ) (-64 1008 0 ) (-64 952.471069 0 ) (-192 952.471069 0 ) 
4 220 281 (0 0 0 ) (0 0 64 ) (-192 0 64 ) (-192 0 0 ) 
4 220 222 (0 0 0 ) (-192 0 0 ) (-192 64 0 ) (0 64 0 ) 
4 221 282 (-952 0 64 ) (-1024 0 64 ) (-1024 0 0 ) (-952 0 0 ) 
4 221 222 (-952 0 0 ) (-1024 0 0 ) (-1024 64 0 ) (-952 64 0 ) 
4 222 300 (-1024 1024 0 ) (-1024 1024 -58 ) (-1024 0 -58 ) (-1024 0 0 ) 
4 222 285 (0 0 -58 ) (0 0 0 ) (-1024 0 0 ) (-1024 0 -58 ) 
4 223 315 (320 -1024 474 ) (0 -1024 474 ) (0 -1024 320 ) (320 -1024 320 ) 
4 223 313 (336 -1024 474 ) (320 -1024 474 ) (320 -1024 320 ) (336 -1024 320 ) 
4 223 312 (1024 -1024 320 ) (1024 -1024 474 ) (336 -1024 474 ) (336 -1024 320 ) 
4 223 265 (0 -384 320 ) (0 -1024 320 ) (0 -1024 474 ) (0 -384 474 ) 
4 223 262 (0 0 474 ) (0 0 320 ) (0 -384 320 ) (0 -384 474 ) 
4 223 229 (336 -896 320 ) (336 -768 320 ) (1024 -768 320 ) (1024 -896 320 ) 
4 223 230 (1024 -1024 320 ) (336 -1024 320 ) (336 -912 320 ) (1024 -912 320 ) 
4 223 231 (336 -1024 320 ) (320 -1024 320 ) (320 -768 320 ) (336 -768 320 ) 
4 223 228 (0 -384 320 ) (0 0 320 ) (192 0 320 ) (192 -384 320 ) 
4 223 227 (848 -640 320 ) (848 -752 320 ) (448 -752 320 ) (448 -640 320 ) 
4 223 226 (576 0 320 ) (592 0 320 ) (592 -640 320 ) (576 -640 320 ) 
4 223 225 (848 -512 320 ) (848 -640 320 ) (592 -640 320 ) (592 -512 320 ) 
3 223 224 (1024 -695.794800 320 ) (1024 -768 320 ) (848 -768 320 ) 
3 224 246 (1024 -695.794800 192 ) (1024 -768 192 ) (848 -768 192 ) 
4 224 229 (848 -768 192 ) (1024 -768 192 ) (1024 -768 320 ) (848 -768 320 ) 
4 225 239 (848 -512 192 ) (848 -640 192 ) (720 -640 192 ) (720 -512 192 ) 
4 225 240 (720 -640 192 ) (640 -640 192 ) (640 -512 192 ) (720 -512 192 ) 
4 225 227 (592 -640 192 ) (848 -640 192 ) (848 -640 320 ) (592 -640 320 ) 
4 225 226 (592 -512 192 ) (592 -640 192 ) (592 -640 320 ) (592 -512 320 ) 
4 226 227 (576 -640 192 ) (592 -640 192 ) (592 -640 320 ) (576 -640 320 ) 
4 227 248 (576 -752 192 ) (448 -752 192 ) (448 -704 192 ) (576 -704 192 ) 
4 227 247 (848 -640 192 ) (848 -752 192 ) (576 -752 192 ) (576 -640 192 ) 
4 228 263 (0 0 216 ) (0 0 192 ) (0 -384 192 ) (0 -384 216 ) 
4 228 262 (0 0 320 ) (0 0 216 ) (0 -384 216 ) (0 -384 320 ) 
5 228 243 (0 -368 192 ) (0 -8.349457 192 ) (8.001495 0 192 ) (192 0 192 ) (192 -368 192 ) 
4 229 251 (336 -768 192 ) (448 -768 192 ) (448 -896 192 ) (336 -896 192 ) 
4 229 249 (448 -768 192 ) (848 -768 192 ) (848 -896 192 ) (448 -896 192 ) 
4 229 246 (848 -768 192 ) (1024 -768 192 ) (1024 -896 192 ) (848 -896 192 ) 
4 229 231 (336 -768 320 ) (336 -768 192 ) (336 -896 192 ) (336 -896 320 ) 
4 230 312 (1024 -1024 192 ) (1024 -1024 320 ) (336 -1024 320 ) (336 -1024 192 ) 
4 230 252 (1024 -912 192 ) (1024 -1024 192 ) (336 -1024 192 ) (336 -912 192 ) 
4 230 231 (336 -912 192 ) (336 -1024 192 ) (336 -1024 320 ) (336 -912 320 ) 
4 231 313 (336 -1024 320 ) (320 -1024 320 ) (320 -1024 192 ) (336 -1024 192 ) 
4 231 251 (320 -768 192 ) (336 -768 192 ) (336 -896 192 ) (320 -896 192 ) 
4 232 233 (1008 -144 192 ) (1008 -144 80 ) (1024 -144 80 ) (1024 -144 192 ) 
4 232 234 (1008 0 64 ) (1008 -144 64 ) (1008 -144 192 ) (1008 0 192 ) 
4 233 235 (1024 -384 80 ) (1024 -384 192 ) (1008 -384 192 ) (1008 -384 80 ) 
4 233 234 (1008 -384 80 ) (1008 -384 192 ) (1008 -144 192 ) (1008 -144 80 ) 
4 234 238 (848 -208 64 ) (848 -384 64 ) (848 -384 192 ) (848 -208 192 ) 
4 234 236 (848 0 64 ) (848 -208 64 ) (848 -208 192 ) (848 0 192 ) 
4 234 235 (848 -384 192 ) (848 -384 64 ) (1008 -384 64 ) (1008 -384 192 ) 
4 235 238 (848 -384 64 ) (848 -512 64 ) (848 -512 192 ) (848 -384 192 ) 
4 236 238 (736 -208 64 ) (848 -208 64 ) (848 -208 192 ) (736 -208 192 ) 
4 236 237 (736 0 64 ) (736 -80 64 ) (736 -80 192 ) (736 0 192 ) 
4 239 255 (848 -512 64 ) (848 -640 64 ) (720 -640 64 ) (720 -512 64 ) 
4 239 247 (720 -640 64 ) (848 -640 64 ) (848 -640 192 ) (720 -640 192 ) 
4 239 240 (720 -512 64 ) (720 -640 64 ) (720 -640 192 ) (720 -512 192 ) 
4 240 256 (720 -640 64 ) (640 -640 64 ) (640 -208 64 ) (720 -208 64 ) 
4 240 247 (640 -640 64 ) (720 -640 64 ) (720 -640 192 ) (640 -640 192 ) 
4 240 241 (640 -208 192 ) (640 -208 64 ) (640 -256 64 ) (640 -256 192 ) 
4 241 256 (592 -256 64 ) (592 -208 64 ) (640 -208 64 ) (640 -256 64 ) 
4 242 244 (208 -368 64 ) (576 -368 64 ) (576 -368 192 ) (208 -368 192 ) 
4 243 270 (0 -8.349455 64 ) (0 -368 64 ) (0 -368 192 ) (0 -8.349457 192 ) 
5 243 260 (0 -320 64 ) (0 -8.349457 64 ) (8.001495 0 64 ) (48 0 64 ) (48 -320 64 ) 
4 244 250 (208 -640 64 ) (448 -640 64 ) (448 -640 192 ) (208 -640 192 ) 
4 244 245 (208 -384 64 ) (208 -640 64 ) (208 -640 192 ) (208 -384 192 ) 
4 245 271 (0 -384 64 ) (0 -640 64 ) (0 -640 192 ) (0 -384 192 ) 
4 245 250 (0 -640 64 ) (208 -640 64 ) (208 -640 192 ) (0 -640 192 ) 
4 246 249 (848 -768 64 ) (848 -896 64 ) (848 -896 192 ) (848 -768 192 ) 
4 247 258 (576 -640 64 ) (848 -640 64 ) (848 -752 64 ) (576 -752 64 ) 
4 247 248 (576 -704 64 ) (576 -752 64 ) (576 -752 192 ) (576 -704 192 ) 
4 248 258 (576 -704 64 ) (576 -752 64 ) (448 -752 64 ) (448 -704 64 ) 
4 249 251 (448 -768 64 ) (448 -896 64 ) (448 -896 192 ) (448 -768 192 ) 
4 250 271 (0 -640 64 ) (0 -768 64 ) (0 -768 192 ) (0 -640 192 ) 
4 250 251 (0 -768 64 ) (320 -768 64 ) (320 -768 192 ) (0 -768 192 ) 
4 251 271 (0 -768 64 ) (0 -896 64 ) (0 -896 192 ) (0 -768 192 ) 
4 251 253 (0 -896 64 ) (320 -896 64 ) (320 -896 192 ) (0 -896 192 ) 
4 252 312 (1024 -1024 64 ) (1024 -1024 192 ) (336 -1024 192 ) (336 -1024 64 ) 
4 252 259 (848 -1024 64 ) (336 -1024 64 ) (336 -912 64 ) (848 -912 64 ) 
4 252 254 (1024 -1024 64 ) (848 -1024 64 ) (848 -912 64 ) (1024 -912 64 ) 
4 253 316 (320 -1024 192 ) (0 -1024 192 ) (0 -1024 64 ) (320 -1024 64 ) 
4 253 271 (0 -896 64 ) (0 -1024 64 ) (0 -1024 192 ) (0 -896 192 ) 
4 254 319 (1024 -1024 0 ) (1024 -1024 64 ) (848 -1024 64 ) (848 -1024 0 ) 
4 254 261 (1024 -896 0 ) (1024 -1024 0 ) (848 -1024 0 ) (848 -896 0 ) 
4 254 259 (848 -896 0 ) (848 -1024 0 ) (848 -1024 64 ) (848 -896 64 ) 
4 255 261 (848 -512 0 ) (848 -640 0 ) (720 -640 0 ) (720 -512 0 ) 
4 255 258 (720 -640 0 ) (848 -640 0 ) (848 -640 64 ) (720 -640 64 ) 
4 255 256 (720 -512 0 ) (720 -640 0 ) (720 -640 64 ) (720 -512 64 ) 
4 256 261 (720 -640 0 ) (592 -640 0 ) (592 -80 0 ) (720 -80 0 ) 
4 256 258 (592 -640 0 ) (720 -640 0 ) (720 -640 64 ) (592 -640 64 ) 
4 256 257 (592 -320 0 ) (592 -640 0 ) (592 -640 64 ) (592 -320 64 ) 
4 257 261 (592 -320 0 ) (592 -640 0 ) (576 -640 0 ) (576 -320 0 ) 
4 257 258 (576 -640 0 ) (592 -640 0 ) (592 -640 64 ) (576 -640 64 ) 
4 258 261 (848 -640 0 ) (848 -768 0 ) (448 -768 0 ) (448 -640 0 ) 
4 259 319 (848 -1024 64 ) (320 -1024 64 ) (320 -1024 0 ) (848 -1024 0 ) 
4 259 261 (848 -896 0 ) (848 -1024 0 ) (320 -1024 0 ) (320 -896 0 ) 
4 260 281 (0 0 64 ) (0 0 0 ) (0 -320 0 ) (0 -320 64 ) 
4 260 261 (0 -320 0 ) (0 0 0 ) (48 0 0 ) (48 -320 0 ) 
4 261 320 (320 -1024 0 ) (0 -1024 0 ) (0 -1024 -58 ) (320 -1024 -58 ) 
4 261 319 (1024 -1024 -58 ) (1024 -1024 0 ) (320 -1024 0 ) (320 -1024 -58 ) 
4 261 285 (0 0 0 ) (0 0 -58 ) (0 -1024 -58 ) (0 -1024 0 ) 
4 262 268 (-952 0 474 ) (-952 0 216 ) (-952 -384 216 ) (-952 -384 474 ) 
4 262 266 (-952 -384 474 ) (-952 -384 216 ) (-608 -384 216 ) (-608 -384 474 ) 
4 262 265 (0 -384 320 ) (0 -384 474 ) (-608 -384 474 ) (-608 -384 320 ) 
4 262 264 (-952 -320 216 ) (-952 0 216 ) (-824 0 216 ) (-824 -320 216 ) 
4 262 263 (0 -384 216 ) (-192 -384 216 ) (-192 0 216 ) (0 0 216 ) 
4 263 270 (0 -8.349455 192 ) (0 -368 192 ) (-176 -368 192 ) (-176 -192.003128 192 ) 
4 265 322 (0 -1024 320 ) (0 -1024 474 ) (-608 -1024 474 ) (-608 -1024 320 ) 
4 265 266 (-608 -384 474 ) (-608 -384 320 ) (-608 -576 320 ) (-608 -576 474 ) 
4 265 267 (-608 -576 320 ) (-608 -1024 320 ) (-608 -1024 474 ) (-608 -576 474 ) 
4 266 268 (-952 -576 216 ) (-952 -576 474 ) (-952 -384 474 ) (-952 -384 216 ) 
4 266 267 (-608 -576 216 ) (-608 -576 474 ) (-952 -576 474 ) (-952 -576 216 ) 
4 267 324 (-736 -1024 192 ) (-608 -1024 192 ) (-608 -1024 320 ) (-736 -1024 320 ) 
4 267 325 (-952 -1024 320 ) (-952 -1024 192 ) (-736 -1024 192 ) (-736 -1024 320 ) 
4 267 322 (-952 -1024 474 ) (-952 -1024 320 ) (-608 -1024 320 ) (-608 -1024 474 ) 
4 267 280 (-608 -1024 192 ) (-952 -1024 192 ) (-952 -592 192 ) (-608 -592 192 ) 
4 267 269 (-952 -576 192 ) (-952 -1024 192 ) (-952 -1024 216 ) (-952 -576 216 ) 
4 267 268 (-952 -1024 216 ) (-952 -1024 474 ) (-952 -576 474 ) (-952 -576 216 ) 
4 268 325 (-1024 -1024 320 ) (-1024 -1024 216 ) (-952 -1024 216 ) (-952 -1024 320 ) 
4 268 322 (-1024 -1024 474 ) (-1024 -1024 320 ) (-952 -1024 320 ) (-952 -1024 474 ) 
4 268 301 (-1024 -512 474 ) (-1024 0 474 ) (-1024 0 216 ) (-1024 -512 216 ) 
4 268 302 (-1024 -1024 216 ) (-1024 -1024 474 ) (-1024 -512 474 ) (-1024 -512 216 ) 
4 268 269 (-952 -512 216 ) (-952 -1024 216 ) (-1024 -1024 216 ) (-1024 -512 216 ) 
4 269 325 (-1024 -1024 216 ) (-1024 -1024 192 ) (-952 -1024 192 ) (-952 -1024 216 ) 
4 269 302 (-1024 -1024 192 ) (-1024 -1024 216 ) (-1024 -512 216 ) (-1024 -512 192 ) 
4 269 280 (-952 -1024 192 ) (-1024 -1024 192 ) (-1024 -592 192 ) (-952 -592 192 ) 
4 269 278 (-1024 -592 192 ) (-1024 -576 192 ) (-960 -576 192 ) (-960 -592 192 ) 
4 269 276 (-1024 -576 192 ) (-1024 -512 192 ) (-968 -512 192 ) (-968 -576 192 ) 
4 270 281 (0 -8.349455 64 ) (0 -320 64 ) (-176 -320 64 ) (-176 -192.003128 64 ) 
4 271 323 (0 -1024 64 ) (0 -1024 192 ) (-192 -1024 192 ) (-192 -1024 64 ) 
4 271 279 (-192 -592 64 ) (-192 -1024 64 ) (-192 -1024 192 ) (-192 -592 192 ) 
4 271 277 (-192 -576 64 ) (-192 -592 64 ) (-192 -592 192 ) (-192 -576 192 ) 
4 271 275 (-192 -512 64 ) (-192 -576 64 ) (-192 -576 192 ) (-192 -512 192 ) 
4 271 274 (-192 -384 64 ) (-192 -512 64 ) (-192 -512 192 ) (-192 -384 192 ) 
4 272 274 (-824 -320 64 ) (-192 -320 64 ) (-192 -320 192 ) (-824 -320 192 ) 
4 273 304 (-1024 -320 192 ) (-1024 -185.755981 192 ) (-1024 -185.755981 64 ) (-1024 -320 64 ) 
4 273 274 (-1024 -320 64 ) (-955.199951 -320 64 ) (-955.199951 -320 192 ) (-1024 -320 192 ) 
4 274 304 (-1024 -455.804871 192 ) (-1024 -320 192 ) (-1024 -320 64 ) (-1024 -455.804871 64 ) 
4 274 275 (-952 -512 64 ) (-192 -512 64 ) (-192 -512 192 ) (-952 -512 192 ) 
4 275 277 (-592 -576 64 ) (-192 -576 64 ) (-192 -576 192 ) (-592 -576 192 ) 
4 276 305 (-1024 -576 192 ) (-1024 -512 192 ) (-1024 -512 64 ) (-1024 -576 64 ) 
4 276 284 (-1024 -576 64 ) (-1024 -512 64 ) (-968 -512 64 ) (-968 -576 64 ) 
4 276 278 (-1024 -576 64 ) (-968 -576 64 ) (-968 -576 192 ) (-1024 -576 192 ) 
4 277 279 (-592 -592 64 ) (-192 -592 64 ) (-192 -592 192 ) (-592 -592 192 ) 
4 278 305 (-1024 -592 192 ) (-1024 -576 192 ) (-1024 -576 64 ) (-1024 -592 64 ) 
4 278 284 (-1024 -592 64 ) (-1024 -576 64 ) (-960 -576 64 ) (-960 -592 64 ) 
4 278 280 (-1024 -592 64 ) (-960 -592 64 ) (-960 -592 192 ) (-1024 -592 192 ) 
4 279 323 (-192 -1024 192 ) (-592 -1024 192 ) (-592 -1024 64 ) (-192 -1024 64 ) 
4 280 324 (-608 -1024 192 ) (-736 -1024 192 ) (-736 -1024 64 ) (-608 -1024 64 ) 
4 280 325 (-736 -1024 192 ) (-1024 -1024 192 ) (-1024 -1024 64 ) (-736 -1024 64 ) 
4 280 305 (-1024 -1024 64 ) (-1024 -1024 192 ) (-1024 -592 192 ) (-1024 -592 64 ) 
4 280 284 (-952 -1024 64 ) (-1024 -1024 64 ) (-1024 -592 64 ) (-952 -592 64 ) 
4 280 283 (-608 -1024 64 ) (-952 -1024 64 ) (-952 -592 64 ) (-608 -592 64 ) 
4 281 285 (0 0 0 ) (0 -320 0 ) (-192 -320 0 ) (-192 0 0 ) 
4 282 285 (-1024 -64 0 ) (-1024 0 0 ) (-952 0 0 ) (-952 -64 0 ) 
4 283 333 (-592 -1024 64 ) (-952 -1024 64 ) (-952 -1024 0 ) (-592 -1024 0 ) 
4 283 285 (-592 -1024 0 ) (-952 -1024 0 ) (-952 -576 0 ) (-592 -576 0 ) 
4 283 284 (-952 -576 0 ) (-952 -1024 0 ) (-952 -1024 64 ) (-952 -576 64 ) 
4 284 333 (-952 -1024 64 ) (-1024 -1024 64 ) (-1024 -1024 0 ) (-952 -1024 0 ) 
4 284 309 (-1024 -1024 0 ) (-1024 -1024 64 ) (-1024 -512 64 ) (-1024 -512 0 ) 
4 284 285 (-952 -1024 0 ) (-1024 -1024 0 ) (-1024 -512 0 ) (-952 -512 0 ) 
4 285 332 (0 -1024 -58 ) (0 -1024 0 ) (-592 -1024 0 ) (-592 -1024 -58 ) 
4 285 333 (-592 -1024 0 ) (-1024 -1024 0 ) (-1024 -1024 -58 ) (-592 -1024 -58 ) 
4 285 311 (-1024 -1024 -58 ) (-1024 -1024 0 ) (-1024 0 0 ) (-1024 0 -58 ) 
4 286 289 (-1280 688 320 ) (-1280 688 474 ) (-1280 1024 474 ) (-1280 1024 320 ) 
4 286 288 (-1280 688 474 ) (-1280 688 320 ) (-1024 688 320 ) (-1024 688 474 ) 
4 286 287 (-1126 1008 320 ) (-1112 1024 320 ) (-1024 1024 320 ) (-1024 1008 320 ) 
4 287 290 (-1112 1024 192 ) (-1024 1024 192 ) (-1024 1008 192 ) (-1126 1008 192 ) 
4 288 301 (-1024 0 216 ) (-1024 0 474 ) (-1280 0 474 ) (-1280 0 216 ) 
4 288 289 (-1280 0 216 ) (-1280 0 474 ) (-1280 688 474 ) (-1280 688 216 ) 
4 289 303 (-1538.500000 0 192 ) (-1280 0 192 ) (-1280 0 474 ) (-1538.500000 0 474 ) 
4 289 295 (-1296 1024 192 ) (-1280 1024 192 ) (-1280 832 192 ) (-1296 832 192 ) 
4 289 296 (-1538.500000 1024 192 ) (-1296 1024 192 ) (-1296 0 192 ) (-1538.500000 0 192 ) 
3 290 298 (-1154 976 64 ) (-1152 978.285706 64 ) (-1152 976 64 ) 
4 290 292 (-1280 432 192 ) (-1280 432 64 ) (-1152 688 64 ) (-1152 688 192 ) 
4 291 293 (-1120 432 64 ) (-1024 432 64 ) (-1024 432 192 ) (-1120 432 192 ) 
4 292 293 (-1280 432 192 ) (-1280 432 64 ) (-1152 432 64 ) (-1152 432 192 ) 
4 293 294 (-1280 64 192 ) (-1280 64 64 ) (-1152 64 64 ) (-1152 64 192 ) 
4 294 304 (-1119.199951 0 192 ) (-1280 0 192 ) (-1280 0 64 ) (-1119.199951 0 64 ) 
4 295 299 (-1296 832 64 ) (-1296 1024 64 ) (-1280 1024 64 ) (-1280 832 64 ) 
4 295 296 (-1296 1024 64 ) (-1296 832 64 ) (-1296 832 192 ) (-1296 1024 192 ) 
4 296 307 (-1296 0 192 ) (-1538.500000 0 192 ) (-1538.500000 0 64 ) (-1296 0 64 ) 
4 296 299 (-1296 0 64 ) (-1538.500000 0 64 ) (-1538.500000 1024 64 ) (-1296 1024 64 ) 
4 297 300 (-1152 1024 0 ) (-1128 1024 0 ) (-1128 1008 0 ) (-1152 1008 0 ) 
4 297 298 (-1152 1024 0 ) (-1152 1008 0 ) (-1152 1008 64 ) (-1152 1024 64 ) 
4 298 300 (-1280 1024 0 ) (-1152 1024 0 ) (-1152 976 0 ) (-1280 976 0 ) 
4 298 299 (-1280 1024 0 ) (-1280 976 0 ) (-1280 976 64 ) (-1280 1024 64 ) 
4 299 308 (-1280 0 64 ) (-1538.500000 0 64 ) (-1538.500000 0 0 ) (-1280 0 0 ) 
4 299 300 (-1538.500000 1024 0 ) (-1280 1024 0 ) (-1280 0 0 ) (-1538.500000 0 0 ) 
4 300 311 (-1024 0 -58 ) (-1024 0 0 ) (-1538.500000 0 0 ) (-1538.500000 0 -58 ) 
4 301 302 (-1280 -512 474 ) (-1280 -512 216 ) (-1024 -512 216 ) (-1024 -512 474 ) 
4 301 303 (-1280 -512 216 ) (-1280 -512 474 ) (-1280 0 474 ) (-1280 0 216 ) 
4 302 338 (-1024 -1024 192 ) (-1024 -1024 474 ) (-1280 -1024 474 ) (-1280 -1024 192 ) 
4 302 305 (-1024 -1024 192 ) (-1280 -1024 192 ) (-1280 -512 192 ) (-1024 -512 192 ) 
4 302 303 (-1280 -512 192 ) (-1280 -1024 192 ) (-1280 -1024 474 ) (-1280 -512 474 ) 
4 303 338 (-1280 -1024 474 ) (-1538.500000 -1024 474 ) (-1538.500000 -1024 192 ) (-1280 -1024 192 ) 
4 303 307 (-1296 -1024 192 ) (-1538.500000 -1024 192 ) (-1538.500000 0 192 ) (-1296 0 192 ) 
4 303 306 (-1280 -1024 192 ) (-1296 -1024 192 ) (-1296 -256 192 ) (-1280 -256 192 ) 
4 305 338 (-1024 -1024 64 ) (-1024 -1024 192 ) (-1280 -1024 192 ) (-1280 -1024 64 ) 
4 305 309 (-1024 -512 64 ) (-1024 -1024 64 ) (-1280 -1024 64 ) (-1280 -512 64 ) 
4 305 306 (-1280 -512 64 ) (-1280 -1024 64 ) (-1280 -1024 192 ) (-1280 -512 192 ) 
4 306 338 (-1280 -1024 192 ) (-1296 -1024 192 ) (-1296 -1024 64 ) (-1280 -1024 64 ) 
4 306 310 (-1280 -256 64 ) (-1280 -1024 64 ) (-1296 -1024 64 ) (-1296 -256 64 ) 
4 306 307 (-1296 -256 64 ) (-1296 -1024 64 ) (-1296 -1024 192 ) (-1296 -256 192 ) 
4 307 338 (-1296 -1024 192 ) (-1538.500000 -1024 192 ) (-1538.500000 -1024 64 ) (-1296 -1024 64 ) 
4 307 310 (-1296 -64 64 ) (-1296 -1024 64 ) (-1538.500000 -1024 64 ) (-1538.500000 -64 64 ) 
4 307 308 (-1538.500000 0 64 ) (-1296 0 64 ) (-1296 -64 64 ) (-1538.500000 -64 64 ) 
4 308 311 (-1538.500000 0 0 ) (-1280 0 0 ) (-1280 -64 0 ) (-1538.500000 -64 0 ) 
4 308 310 (-1538.500000 -64 0 ) (-1280 -64 0 ) (-1280 -64 64 ) (-1538.500000 -64 64 ) 
4 309 338 (-1024 -1024 0 ) (-1024 -1024 64 ) (-1280 -1024 64 ) (-1280 -1024 0 ) 
4 309 311 (-1024 -1024 0 ) (-1280 -1024 0 ) (-1280 -512 0 ) (-1024 -512 0 ) 
4 309 310 (-1280 -512 0 ) (-1280 -1024 0 ) (-1280 -1024 64 ) (-1280 -512 64 ) 
4 310 338 (-1280 -1024 64 ) (-1538.500000 -1024 64 ) (-1538.500000 -1024 0 ) (-1280 -1024 0 ) 
4 310 311 (-1280 -1024 0 ) (-1538.500000 -1024 0 ) (-1538.500000 -64 0 ) (-1280 -64 0 ) 
4 311 338 (-1024 -1024 -58 ) (-1024 -1024 0 ) (-1538.500000 -1024 0 ) (-1538.500000 -1024 -58 ) 
4 312 319 (336 -1024 64 ) (1024 -1024 64 ) (1024 -1787.500000 64 ) (336 -1787.500000 64 ) 
4 312 313 (336 -1088 192 ) (336 -1088 474 ) (336 -1024 474 ) (336 -1024 192 ) 
4 312 314 (336 -1088 64 ) (336 -1787.500000 64 ) (336 -1787.500000 474 ) (336 -1088 474 ) 
4 313 317 (320 -1088 320 ) (320 -1088 474 ) (320 -1072 474 ) (320 -1072 320 ) 
4 313 315 (320 -1072 474 ) (320 -1024 474 ) (320 -1024 320 ) (320 -1072 320 ) 
4 313 314 (320 -1088 474 ) (320 -1088 192 ) (336 -1088 192 ) (336 -1088 474 ) 
4 314 319 (320 -1787.500000 64 ) (320 -1088 64 ) (336 -1088 64 ) (336 -1787.500000 64 ) 
4 314 318 (320 -1088 64 ) (320 -1787.500000 64 ) (320 -1787.500000 474 ) (320 -1088 474 ) 
4 315 322 (0 -1024 474 ) (0 -1024 320 ) (0 -1072 320 ) (0 -1072 474 ) 
4 315 317 (320 -1072 320 ) (320 -1072 474 ) (0 -1072 474 ) (0 -1072 320 ) 
4 316 323 (0 -1024 192 ) (0 -1024 64 ) (0 -1072 64 ) (0 -1072 192 ) 
4 317 322 (0 -1088 320 ) (0 -1088 474 ) (0 -1072 474 ) (0 -1072 320 ) 
4 317 318 (320 -1088 320 ) (320 -1088 474 ) (0 -1088 474 ) (0 -1088 320 ) 
4 318 327 (0 -1520 64 ) (0 -1787.500000 64 ) (0 -1787.500000 320 ) (0 -1520 320 ) 
4 318 326 (0 -1088 64 ) (0 -1520 64 ) (0 -1520 320 ) (0 -1088 320 ) 
4 318 322 (0 -1787.500000 320 ) (0 -1787.500000 474 ) (0 -1088 474 ) (0 -1088 320 ) 
4 318 321 (0 -1787.500000 64 ) (0 -1088 64 ) (320 -1088 64 ) (320 -1787.500000 64 ) 
4 319 320 (320 -1024 -58 ) (320 -1072 -58 ) (320 -1072 0 ) (320 -1024 0 ) 
4 319 321 (320 -1072 -58 ) (320 -1787.500000 -58 ) (320 -1787.500000 64 ) (320 -1072 64 ) 
4 320 332 (0 -1024 0 ) (0 -1024 -58 ) (0 -1072 -58 ) (0 -1072 0 ) 
4 320 321 (0 -1072 -58 ) (320 -1072 -58 ) (320 -1072 0 ) (0 -1072 0 ) 
4 321 334 (0 -1072 -58 ) (0 -1787.500000 -58 ) (0 -1787.500000 64 ) (0 -1072 64 ) 
4 322 338 (-1024 -1024 474 ) (-1024 -1024 320 ) (-1024 -1787.500000 320 ) (-1024 -1787.500000 474 ) 
4 322 331 (-1024 -1787.500000 320 ) (-1024 -1520 320 ) (-96 -1520 320 ) (-96 -1787.500000 320 ) 
4 322 330 (-1024 -1520 320 ) (-1024 -1504 320 ) (-736 -1504 320 ) (-736 -1520 320 ) 
4 322 328 (-736 -1072 320 ) (-96 -1072 320 ) (-96 -1504 320 ) (-736 -1504 320 ) 
4 322 329 (-1024 -1504 320 ) (-1024 -1072 320 ) (-752 -1072 320 ) (-752 -1504 320 ) 
4 322 327 (0 -1520 320 ) (0 -1787.500000 320 ) (-96 -1787.500000 320 ) (-96 -1520 320 ) 
4 322 326 (0 -1088 320 ) (0 -1520 320 ) (-80 -1520 320 ) (-80 -1088 320 ) 
4 322 324 (-736 -1024 320 ) (-608 -1024 320 ) (-608 -1056 320 ) (-736 -1056 320 ) 
4 322 325 (-1024 -1072 320 ) (-1024 -1024 320 ) (-736 -1024 320 ) (-736 -1072 320 ) 
4 323 328 (-592 -1072 64 ) (-96 -1072 64 ) (-96 -1072 192 ) (-592 -1072 192 ) 
4 324 333 (-736 -1024 64 ) (-608 -1024 64 ) (-608 -1056 64 ) (-736 -1056 64 ) 
4 324 325 (-736 -1024 64 ) (-736 -1056 64 ) (-736 -1056 320 ) (-736 -1024 320 ) 
4 325 338 (-1024 -1024 320 ) (-1024 -1024 64 ) (-1024 -1072 64 ) (-1024 -1072 320 ) 
4 325 333 (-1024 -1024 64 ) (-736 -1024 64 ) (-736 -1072 64 ) (-1024 -1072 64 ) 
4 325 329 (-1024 -1072 64 ) (-752 -1072 64 ) (-752 -1072 320 ) (-1024 -1072 320 ) 
4 326 334 (0 -1088 64 ) (0 -1520 64 ) (-80 -1520 64 ) (-80 -1088 64 ) 
4 326 327 (-80 -1520 64 ) (0 -1520 64 ) (0 -1520 320 ) (-80 -1520 320 ) 
4 327 334 (0 -1520 64 ) (0 -1787.500000 64 ) (-96 -1787.500000 64 ) (-96 -1520 64 ) 
4 327 331 (-96 -1520 64 ) (-96 -1787.500000 64 ) (-96 -1787.500000 320 ) (-96 -1520 320 ) 
4 329 338 (-1024 -1072 64 ) (-1024 -1504 64 ) (-1024 -1504 320 ) (-1024 -1072 320 ) 
4 329 337 (-1024 -1504 64 ) (-1024 -1072 64 ) (-752 -1072 64 ) (-752 -1504 64 ) 
4 329 330 (-1024 -1504 64 ) (-752 -1504 64 ) (-752 -1504 320 ) (-1024 -1504 320 ) 
4 330 338 (-1024 -1504 64 ) (-1024 -1520 64 ) (-1024 -1520 320 ) (-1024 -1504 320 ) 
4 330 337 (-1024 -1520 64 ) (-1024 -1504 64 ) (-736 -1504 64 ) (-736 -1520 64 ) 
4 330 331 (-1024 -1520 64 ) (-736 -1520 64 ) (-736 -1520 320 ) (-1024 -1520 320 ) 
4 331 338 (-1024 -1520 64 ) (-1024 -1787.500000 64 ) (-1024 -1787.500000 320 ) (-1024 -1520 320 ) 
4 331 336 (-736 -1520 64 ) (-96 -1520 64 ) (-96 -1787.500000 64 ) (-736 -1787.500000 64 ) 
4 331 337 (-1024 -1787.500000 64 ) (-1024 -1520 64 ) (-736 -1520 64 ) (-736 -1787.500000 64 ) 
4 332 335 (-592 -1072 -58 ) (-96 -1072 -58 ) (-96 -1072 0 ) (-592 -1072 0 ) 
4 332 334 (-96 -1072 -58 ) (0 -1072 -58 ) (0 -1072 0 ) (-96 -1072 0 ) 
4 332 333 (-592 -1024 -58 ) (-592 -1072 -58 ) (-592 -1072 0 ) (-592 -1024 0 ) 
4 333 338 (-1024 -1024 64 ) (-1024 -1024 -58 ) (-1024 -1072 -58 ) (-1024 -1072 64 ) 
4 333 335 (-736 -1072 -58 ) (-592 -1072 -58 ) (-592 -1072 0 ) (-736 -1072 0 ) 
4 333 337 (-1024 -1072 -58 ) (-736 -1072 -58 ) (-736 -1072 64 ) (-1024 -1072 64 ) 
4 334 335 (-96 -1072 0 ) (-96 -1072 -58 ) (-96 -1504 -58 ) (-96 -1504 0 ) 
4 334 336 (-96 -1504 -58 ) (-96 -1787.500000 -58 ) (-96 -1787.500000 64 ) (-96 -1504 64 ) 
4 335 336 (-736 -1504 0 ) (-736 -1504 -58 ) (-96 -1504 -58 ) (-96 -1504 0 ) 
4 335 337 (-736 -1072 0 ) (-736 -1072 -58 ) (-736 -1504 -58 ) (-736 -1504 0 ) 
4 336 337 (-736 -1504 -58 ) (-736 -1787.500000 -58 ) (-736 -1787.500000 64 ) (-736 -1504 64 ) 
4 337 338 (-1024 -1072 -58 ) (-1024 -1787.500000 -58 ) (-1024 -1787.500000 64 ) (-1024 -1072 64 ) 
