PRT1
278
752
4 0 10 (2274.500000 2048 474 ) (2048 2048 474 ) (2048 2048 -58 ) (2274.500000 2048 -58 ) 
4 0 8 (2048 2048 -58 ) (2048 2048 64 ) (2048 2112 64 ) (2048 2112 -58 ) 
4 0 7 (2048 2112 64 ) (2048 2459.500000 64 ) (2048 2459.500000 -58 ) (2048 2112 -58 ) 
4 0 4 (2048 2048 64 ) (2048 2048 474 ) (2048 2112 474 ) (2048 2112 64 ) 
4 0 1 (2048 2112 474 ) (2048 2459.500000 474 ) (2048 2459.500000 64 ) (2048 2112 64 ) 
4 1 7 (2048 2459.500000 64 ) (2048 2112 64 ) (1616 2112 64 ) (1616 2459.500000 64 ) 
4 1 4 (1616 2112 64 ) (2048 2112 64 ) (2048 2112 474 ) (1616 2112 474 ) 
4 1 3 (1616 2112 192 ) (1616 2112 474 ) (1616 2128 474 ) (1616 2128 192 ) 
4 1 2 (1616 2459.500000 474 ) (1616 2459.500000 64 ) (1616 2128 64 ) (1616 2128 474 ) 
4 2 29 (1024 2128 474 ) (1024 2459.500000 474 ) (1024 2459.500000 64 ) (1024 2128 64 ) 
4 2 7 (1024 2128 64 ) (1024 2459.500000 64 ) (1616 2459.500000 64 ) (1616 2128 64 ) 
4 2 3 (1616 2128 192 ) (1616 2128 474 ) (1024 2128 474 ) (1024 2128 192 ) 
4 3 30 (1024 2112 474 ) (1024 2128 474 ) (1024 2128 192 ) (1024 2112 192 ) 
4 3 5 (1616 2112 192 ) (1616 2112 474 ) (1600 2112 474 ) (1600 2112 192 ) 
4 3 6 (1600 2112 474 ) (1024 2112 474 ) (1024 2112 192 ) (1600 2112 192 ) 
4 4 12 (2048 2048 64 ) (2048 2048 192 ) (1616 2048 192 ) (1616 2048 64 ) 
4 4 11 (2048 2048 192 ) (2048 2048 474 ) (1616 2048 474 ) (1616 2048 192 ) 
4 4 8 (2048 2112 64 ) (2048 2048 64 ) (1616 2048 64 ) (1616 2112 64 ) 
4 4 5 (1616 2112 474 ) (1616 2112 192 ) (1616 2048 192 ) (1616 2048 474 ) 
4 5 11 (1616 2048 474 ) (1600 2048 474 ) (1600 2048 192 ) (1616 2048 192 ) 
4 5 6 (1600 2112 474 ) (1600 2112 192 ) (1600 2048 192 ) (1600 2048 474 ) 
4 6 31 (1024 2048 64 ) (1024 2048 474 ) (1024 2112 474 ) (1024 2112 64 ) 
4 6 19 (1024 2048 192 ) (1024 2048 64 ) (1088 2048 64 ) (1088 2048 192 ) 
4 6 15 (1216 2048 64 ) (1344 2048 64 ) (1344 2048 192 ) (1216 2048 192 ) 
4 6 14 (1344 2048 64 ) (1472 2048 64 ) (1472 2048 192 ) (1344 2048 192 ) 
4 6 17 (1088 2048 64 ) (1216 2048 64 ) (1216 2048 192 ) (1088 2048 192 ) 
4 6 13 (1472 2048 64 ) (1600 2048 64 ) (1600 2048 192 ) (1472 2048 192 ) 
4 6 11 (1600 2048 474 ) (1024 2048 474 ) (1024 2048 192 ) (1600 2048 192 ) 
4 7 32 (1024 2112 64 ) (1024 2459.500000 64 ) (1024 2459.500000 -58 ) (1024 2112 -58 ) 
4 7 9 (1024 2112 -58 ) (1600 2112 -58 ) (1600 2112 0 ) (1024 2112 0 ) 
4 7 8 (1600 2112 -58 ) (2048 2112 -58 ) (2048 2112 64 ) (1600 2112 64 ) 
4 8 28 (2048 2048 -58 ) (2048 2048 0 ) (1600 2048 0 ) (1600 2048 -58 ) 
4 8 21 (2048 2048 0 ) (2048 2048 64 ) (1600 2048 64 ) (1600 2048 0 ) 
4 8 9 (1600 2112 0 ) (1600 2112 -58 ) (1600 2048 -58 ) (1600 2048 0 ) 
4 9 33 (1024 2048 -58 ) (1024 2048 0 ) (1024 2112 0 ) (1024 2112 -58 ) 
4 9 28 (1024 2048 0 ) (1024 2048 -58 ) (1600 2048 -58 ) (1600 2048 0 ) 
4 10 95 (2274.500000 1024 474 ) (2048 1024 474 ) (2048 1024 -58 ) (2274.500000 1024 -58 ) 
4 10 28 (2048 2048 0 ) (2048 2048 -58 ) (2048 1024 -58 ) (2048 1024 0 ) 
4 10 22 (2048 1984 0 ) (2048 1024 0 ) (2048 1024 64 ) (2048 1984 64 ) 
4 10 21 (2048 2048 64 ) (2048 2048 0 ) (2048 1984 0 ) (2048 1984 64 ) 
4 10 12 (2048 2048 192 ) (2048 2048 64 ) (2048 1024 64 ) (2048 1024 192 ) 
4 10 11 (2048 2048 474 ) (2048 2048 192 ) (2048 1024 192 ) (2048 1024 474 ) 
4 11 96 (2048 1024 192 ) (2048 1024 474 ) (1024 1024 474 ) (1024 1024 192 ) 
4 11 43 (1024 1024 192 ) (1024 1024 474 ) (1024 2048 474 ) (1024 2048 192 ) 
4 11 20 (1088 1024 192 ) (1024 1024 192 ) (1024 1216 192 ) (1088 1216 192 ) 
4 11 19 (1024 1984 192 ) (1024 2048 192 ) (1088 2048 192 ) (1088 1984 192 ) 
5 11 18 (1408 1024 192 ) (1088 1024 192 ) (1088 1472 192 ) (1456 1472 192 ) (1456 1072 192 ) 
4 11 16 (1344 1600 192 ) (1344 1472 192 ) (1216 1472 192 ) (1216 1728 192 ) 
4 11 15 (1216 2048 192 ) (1344 2048 192 ) (1344 1984 192 ) (1216 1984 192 ) 
4 11 14 (1344 2048 192 ) (1472 2048 192 ) (1472 1984 192 ) (1344 1984 192 ) 
4 11 17 (1088 1472 192 ) (1088 2048 192 ) (1216 2048 192 ) (1216 1472 192 ) 
4 11 12 (2048 1024 192 ) (1616 1024 192 ) (1616 2048 192 ) (2048 2048 192 ) 
4 11 13 (1600 1024 192 ) (1472 1024 192 ) (1472 2048 192 ) (1600 2048 192 ) 
4 12 97 (2048 1024 64 ) (2048 1024 192 ) (1616 1024 192 ) (1616 1024 64 ) 
4 12 22 (2048 1984 64 ) (2048 1024 64 ) (1616 1024 64 ) (1616 1984 64 ) 
4 12 21 (2048 2048 64 ) (2048 1984 64 ) (1616 1984 64 ) (1616 2048 64 ) 
4 13 101 (1600 1024 192 ) (1472 1024 192 ) (1472 1024 64 ) (1600 1024 64 ) 
4 13 14 (1472 2048 64 ) (1472 1984 64 ) (1472 1984 192 ) (1472 2048 192 ) 
4 14 15 (1344 2048 64 ) (1344 1984 64 ) (1344 1984 192 ) (1344 2048 192 ) 
4 15 17 (1216 2048 64 ) (1216 1984 64 ) (1216 1984 192 ) (1216 2048 192 ) 
4 16 18 (1216 1472 64 ) (1344 1472 64 ) (1344 1472 192 ) (1216 1472 192 ) 
4 16 17 (1216 1728 64 ) (1216 1472 64 ) (1216 1472 192 ) (1216 1728 192 ) 
4 17 19 (1088 2048 64 ) (1088 1984 64 ) (1088 1984 192 ) (1088 2048 192 ) 
4 17 18 (1088 1472 192 ) (1088 1472 64 ) (1216 1472 64 ) (1216 1472 192 ) 
4 18 105 (1280 1024 192 ) (1088 1024 192 ) (1088 1024 64 ) (1280 1024 64 ) 
4 18 103 (1408 1024 192 ) (1280 1024 192 ) (1280 1024 64 ) (1408 1024 64 ) 
4 18 20 (1088 1216 64 ) (1088 1024 64 ) (1088 1024 192 ) (1088 1216 192 ) 
4 19 44 (1024 1984 192 ) (1024 2048 192 ) (1024 2048 64 ) (1024 1984 64 ) 
4 20 109 (1088 1024 192 ) (1024 1024 192 ) (1024 1024 64 ) (1088 1024 64 ) 
4 20 46 (1024 1024 64 ) (1024 1024 192 ) (1024 1216 192 ) (1024 1216 64 ) 
4 21 28 (1600 2048 0 ) (2048 2048 0 ) (2048 1984 0 ) (1600 1984 0 ) 
4 21 22 (1600 1984 0 ) (2048 1984 0 ) (2048 1984 64 ) (1600 1984 64 ) 
4 22 111 (1792 1024 64 ) (1600 1024 64 ) (1600 1024 0 ) (1792 1024 0 ) 
4 22 110 (2048 1024 0 ) (2048 1024 64 ) (1792 1024 64 ) (1792 1024 0 ) 
4 22 28 (2048 1024 0 ) (1600 1024 0 ) (1600 1984 0 ) (2048 1984 0 ) 
4 23 28 (1216 1984 0 ) (1472 1984 0 ) (1472 1728 0 ) (1216 1728 0 ) 
4 23 25 (1344 1728 0 ) (1472 1728 0 ) (1472 1728 64 ) (1344 1728 64 ) 
4 24 56 (1024 1728 64 ) (1024 1984 64 ) (1024 1984 0 ) (1024 1728 0 ) 
4 24 28 (1024 1728 0 ) (1024 1984 0 ) (1088 1984 0 ) (1088 1728 0 ) 
4 24 26 (1024 1728 0 ) (1088 1728 0 ) (1088 1728 64 ) (1024 1728 64 ) 
4 25 28 (1344 1728 0 ) (1472 1728 0 ) (1472 1472 0 ) (1344 1472 0 ) 
4 26 57 (1024 1472 64 ) (1024 1600 64 ) (1024 1600 0 ) (1024 1472 0 ) 
4 26 56 (1024 1600 64 ) (1024 1728 64 ) (1024 1728 0 ) (1024 1600 0 ) 
4 26 28 (1024 1472 0 ) (1024 1728 0 ) (1088 1728 0 ) (1088 1472 0 ) 
4 26 27 (1024 1472 0 ) (1088 1472 0 ) (1088 1472 64 ) (1024 1472 64 ) 
4 27 59 (1024 1216 64 ) (1024 1344 64 ) (1024 1344 0 ) (1024 1216 0 ) 
4 27 57 (1024 1344 64 ) (1024 1472 64 ) (1024 1472 0 ) (1024 1344 0 ) 
4 27 28 (1024 1216 0 ) (1024 1472 0 ) (1088 1472 0 ) (1088 1216 0 ) 
4 28 117 (2048 1024 -58 ) (2048 1024 0 ) (1024 1024 0 ) (1024 1024 -58 ) 
4 28 64 (1024 1024 -58 ) (1024 1024 0 ) (1024 2048 0 ) (1024 2048 -58 ) 
4 29 34 (0 2459.500000 64 ) (0 2128 64 ) (0 2128 474 ) (0 2459.500000 474 ) 
4 29 32 (0 2128 64 ) (0 2459.500000 64 ) (1024 2459.500000 64 ) (1024 2128 64 ) 
4 29 30 (1024 2128 192 ) (1024 2128 474 ) (0 2128 474 ) (0 2128 192 ) 
4 30 35 (0 2112 192 ) (0 2112 474 ) (0 2128 474 ) (0 2128 192 ) 
4 30 31 (1024 2112 192 ) (1024 2112 474 ) (0 2112 474 ) (0 2112 192 ) 
4 31 51 (320 2048 192 ) (0 2048 192 ) (0 2048 64 ) (320 2048 64 ) 
4 31 50 (576 2048 192 ) (320 2048 192 ) (320 2048 64 ) (576 2048 64 ) 
4 31 44 (1024 2048 64 ) (1024 2048 192 ) (832 2048 192 ) (832 2048 64 ) 
4 31 45 (832 2048 192 ) (576 2048 192 ) (576 2048 64 ) (832 2048 64 ) 
4 31 43 (1024 2048 192 ) (1024 2048 474 ) (0 2048 474 ) (0 2048 192 ) 
4 31 37 (0 2112 64 ) (0 2048 64 ) (0 2048 474 ) (0 2112 474 ) 
4 32 40 (0 2459.500000 -58 ) (0 2112 -58 ) (0 2112 64 ) (0 2459.500000 64 ) 
4 32 33 (0 2112 0 ) (0 2112 -58 ) (1024 2112 -58 ) (1024 2112 0 ) 
4 33 64 (1024 2048 -58 ) (1024 2048 0 ) (0 2048 0 ) (0 2048 -58 ) 
4 33 41 (0 2048 -58 ) (0 2048 0 ) (0 2112 0 ) (0 2112 -58 ) 
4 34 83 (-1024 2128 474 ) (-1024 2459.500000 474 ) (-1024 2459.500000 64 ) (-1024 2128 64 ) 
4 34 40 (0 2459.500000 64 ) (0 2128 64 ) (-64 2128 64 ) (-64 2459.500000 64 ) 
4 34 42 (-64 2128 64 ) (-1024 2128 64 ) (-1024 2459.500000 64 ) (-64 2459.500000 64 ) 
4 34 35 (0 2128 192 ) (0 2128 474 ) (-48 2128 474 ) (-48 2128 192 ) 
4 34 36 (-1024 2128 64 ) (-48 2128 64 ) (-48 2128 474 ) (-1024 2128 474 ) 
4 35 37 (0 2112 192 ) (0 2112 474 ) (-48 2112 474 ) (-48 2112 192 ) 
4 35 36 (-48 2128 474 ) (-48 2128 192 ) (-48 2112 192 ) (-48 2112 474 ) 
4 36 83 (-1024 2112 474 ) (-1024 2128 474 ) (-1024 2128 64 ) (-1024 2112 64 ) 
4 36 40 (-48 2112 64 ) (-64 2112 64 ) (-64 2128 64 ) (-48 2128 64 ) 
4 36 42 (-64 2112 64 ) (-1024 2112 64 ) (-1024 2128 64 ) (-64 2128 64 ) 
4 36 38 (-48 2112 192 ) (-48 2112 474 ) (-64 2112 474 ) (-64 2112 192 ) 
4 36 39 (-1024 2112 64 ) (-64 2112 64 ) (-64 2112 474 ) (-1024 2112 474 ) 
4 37 66 (-48 2048 64 ) (0 2048 64 ) (0 2048 192 ) (-48 2048 192 ) 
4 37 65 (0 2048 192 ) (0 2048 474 ) (-48 2048 474 ) (-48 2048 192 ) 
4 37 38 (-48 2112 474 ) (-48 2112 192 ) (-48 2048 192 ) (-48 2048 474 ) 
4 38 65 (-48 2048 192 ) (-48 2048 474 ) (-64 2048 474 ) (-64 2048 192 ) 
4 38 39 (-64 2112 474 ) (-64 2112 192 ) (-64 2048 192 ) (-64 2048 474 ) 
4 39 83 (-1024 2048 64 ) (-1024 2048 474 ) (-1024 2112 474 ) (-1024 2112 64 ) 
4 39 68 (-192 2048 64 ) (-64 2048 64 ) (-64 2048 192 ) (-192 2048 192 ) 
4 39 70 (-1024 2048 192 ) (-1024 2048 64 ) (-192 2048 64 ) (-192 2048 192 ) 
4 39 65 (-1024 2048 474 ) (-1024 2048 192 ) (-64 2048 192 ) (-64 2048 474 ) 
4 39 42 (-64 2048 64 ) (-1024 2048 64 ) (-1024 2112 64 ) (-64 2112 64 ) 
4 40 41 (-64 2112 0 ) (-64 2112 -58 ) (0 2112 -58 ) (0 2112 0 ) 
4 40 42 (-64 2459.500000 64 ) (-64 2459.500000 -58 ) (-64 2112 -58 ) (-64 2112 64 ) 
4 41 82 (-64 2048 -58 ) (0 2048 -58 ) (0 2048 0 ) (-64 2048 0 ) 
4 41 42 (-64 2112 -58 ) (-64 2048 -58 ) (-64 2048 0 ) (-64 2112 0 ) 
4 42 83 (-1024 2048 -58 ) (-1024 2048 64 ) (-1024 2459.500000 64 ) (-1024 2459.500000 -58 ) 
4 42 82 (-1024 2048 0 ) (-1024 2048 -58 ) (-64 2048 -58 ) (-64 2048 0 ) 
4 42 80 (-320 2048 0 ) (-192 2048 0 ) (-192 2048 64 ) (-320 2048 64 ) 
4 42 81 (-1024 2048 64 ) (-1024 2048 0 ) (-320 2048 0 ) (-320 2048 64 ) 
4 42 78 (-192 2048 0 ) (-64 2048 0 ) (-64 2048 64 ) (-192 2048 64 ) 
4 43 136 (1024 1024 192 ) (1024 1024 474 ) (0 1024 474 ) (0 1024 192 ) 
4 43 65 (0 2048 474 ) (0 2048 192 ) (0 1024 192 ) (0 1024 474 ) 
4 43 55 (576 1024 192 ) (128 1024 192 ) (192 1088 192 ) (576 1088 192 ) 
4 43 54 (0 1088 192 ) (0 1216 192 ) (304 1216 192 ) (304 1088 192 ) 
4 43 53 (0 1280 192 ) (0 1536 192 ) (64 1600 192 ) (64 1344 192 ) 
4 43 52 (64 1856 192 ) (192 1856 192 ) (192 1472 192 ) (64 1344 192 ) 
4 43 51 (0 1856 192 ) (0 2048 192 ) (320 2048 192 ) (320 1856 192 ) 
4 43 50 (320 2048 192 ) (576 2048 192 ) (576 1088 192 ) (320 1088 192 ) 
4 43 49 (576 1344 192 ) (576 1600 192 ) (704 1600 192 ) (704 1472 192 ) 
5 43 48 (960 1024 192 ) (704 1024 192 ) (704 1600 192 ) (832 1600 192 ) (960 1472 192 ) 
4 43 47 (976 1024 192 ) (960 1024 192 ) (960 1088 192 ) (976 1088 192 ) 
4 43 46 (1024 1024 192 ) (976 1024 192 ) (976 1216 192 ) (1024 1216 192 ) 
4 43 44 (832 2048 192 ) (1024 2048 192 ) (1024 1984 192 ) (832 1984 192 ) 
4 43 45 (576 1856 192 ) (576 2048 192 ) (832 2048 192 ) (832 1856 192 ) 
4 44 45 (832 2048 64 ) (832 1984 64 ) (832 1984 192 ) (832 2048 192 ) 
4 45 50 (576 2048 64 ) (576 1856 64 ) (576 1856 192 ) (576 2048 192 ) 
4 46 137 (1024 1024 64 ) (1024 1024 192 ) (976 1024 192 ) (976 1024 64 ) 
4 46 47 (976 1088 64 ) (976 1024 64 ) (976 1024 192 ) (976 1088 192 ) 
4 47 138 (976 1024 192 ) (960 1024 192 ) (960 1024 64 ) (976 1024 64 ) 
4 47 48 (960 1088 64 ) (960 1024 64 ) (960 1024 192 ) (960 1088 192 ) 
4 48 139 (960 1024 192 ) (704 1024 192 ) (704 1024 64 ) (960 1024 64 ) 
4 48 49 (704 1600 192 ) (704 1600 64 ) (704 1472 64 ) (704 1472 192 ) 
4 49 50 (576 1600 64 ) (576 1344 64 ) (576 1344 192 ) (576 1600 192 ) 
4 50 55 (320 1088 64 ) (576 1088 64 ) (576 1088 192 ) (320 1088 192 ) 
4 50 51 (320 2048 64 ) (320 1856 64 ) (320 1856 192 ) (320 2048 192 ) 
4 51 66 (0 2048 192 ) (0 2048 64 ) (0 1856 64 ) (0 1856 192 ) 
4 51 52 (64 1856 64 ) (192 1856 64 ) (192 1856 192 ) (64 1856 192 ) 
4 52 53 (64 1600 64 ) (64 1344 64 ) (64 1344 192 ) (64 1600 192 ) 
4 53 71 (0 1344 64 ) (0 1280 64 ) (0 1280 192 ) (0 1344 192 ) 
4 53 67 (0 1536 64 ) (0 1344 64 ) (0 1344 192 ) (0 1536 192 ) 
4 54 74 (0 1216 64 ) (0 1088 64 ) (0 1088 192 ) (0 1216 192 ) 
4 54 55 (192 1088 64 ) (304 1088 64 ) (304 1088 192 ) (192 1088 192 ) 
4 55 151 (192 1024 192 ) (128 1024 192 ) (128 1024 64 ) (192 1024 64 ) 
4 55 147 (320 1024 192 ) (192 1024 192 ) (192 1024 64 ) (320 1024 64 ) 
4 55 146 (576 1024 192 ) (320 1024 192 ) (320 1024 64 ) (576 1024 64 ) 
4 56 64 (1024 1984 0 ) (1024 1600 0 ) (832 1600 0 ) (832 1984 0 ) 
4 56 58 (832 1856 0 ) (832 1600 0 ) (832 1600 64 ) (832 1856 64 ) 
4 56 57 (960 1600 0 ) (1024 1600 0 ) (1024 1600 64 ) (960 1600 64 ) 
4 57 64 (1024 1600 0 ) (1024 1344 0 ) (960 1344 0 ) (960 1600 0 ) 
4 57 59 (976 1344 0 ) (1024 1344 0 ) (1024 1344 64 ) (976 1344 64 ) 
4 58 64 (576 1600 0 ) (576 1856 0 ) (832 1856 0 ) (832 1600 0 ) 
4 59 64 (976 1216 0 ) (976 1344 0 ) (1024 1344 0 ) (1024 1216 0 ) 
4 60 154 (704 1024 64 ) (576 1024 64 ) (576 1024 0 ) (704 1024 0 ) 
4 60 64 (704 1024 0 ) (576 1024 0 ) (576 1344 0 ) (704 1344 0 ) 
4 61 64 (192 1344 0 ) (192 1856 0 ) (320 1856 0 ) (320 1344 0 ) 
4 62 77 (0 1856 0 ) (0 1600 0 ) (0 1600 64 ) (0 1856 64 ) 
4 62 64 (0 1600 0 ) (0 1856 0 ) (64 1856 0 ) (64 1600 0 ) 
4 63 159 (64 1024 64 ) (0 1024 64 ) (0 1024 0 ) (64 1024 0 ) 
4 63 79 (0 1048 0 ) (0 1024 0 ) (0 1024 64 ) (0 1048 64 ) 
4 63 64 (64 1024 0 ) (0 1024 0 ) (0 1048 0 ) (64 1048 0 ) 
4 64 163 (1024 1024 -58 ) (1024 1024 0 ) (0 1024 0 ) (0 1024 -58 ) 
4 64 82 (0 2048 0 ) (0 2048 -58 ) (0 1024 -58 ) (0 1024 0 ) 
4 65 164 (0 1024 192 ) (0 1024 474 ) (-1024 1024 474 ) (-1024 1024 192 ) 
4 65 84 (-1024 1024 192 ) (-1024 1024 474 ) (-1024 2048 474 ) (-1024 2048 192 ) 
3 65 75 (-576 1048 192 ) (-576 1088 192 ) (-448 1088 192 ) 
4 65 76 (-576 1024 192 ) (-1024 1024 192 ) (-1024 1088 192 ) (-576 1088 192 ) 
5 65 74 (-1024 1088 192 ) (-1024 1113.600098 192 ) (-896 1216 192 ) (0 1216 192 ) (0 1088 192 ) 
4 65 72 (-896 1344 192 ) (-320 1344 192 ) (-320 1232 192 ) (-896 1232 192 ) 
4 65 73 (-1024 1216 192 ) (-1024 1344 192 ) (-896 1344 192 ) (-896 1216 192 ) 
5 65 71 (-192 1344 192 ) (0 1344 192 ) (0 1280 192 ) (-64 1216 192 ) (-320 1216 192 ) 
3 65 69 (-64 1472 192 ) (-64 1344 192 ) (-192 1344 192 ) 
4 65 68 (-192 2048 192 ) (-64 2048 192 ) (-64 1472 192 ) (-192 1472 192 ) 
4 65 70 (-1024 1344 192 ) (-1024 2048 192 ) (-192 2048 192 ) (-192 1344 192 ) 
4 65 67 (0 1536 192 ) (0 1344 192 ) (-64 1344 192 ) (-64 1472 192 ) 
4 65 66 (-48 2048 192 ) (0 2048 192 ) (0 1856 192 ) (-48 1856 192 ) 
4 67 71 (-64 1344 64 ) (0 1344 64 ) (0 1344 192 ) (-64 1344 192 ) 
4 67 69 (-64 1472 64 ) (-64 1344 64 ) (-64 1344 192 ) (-64 1472 192 ) 
4 68 78 (-192 2048 64 ) (-64 2048 64 ) (-64 1472 64 ) (-192 1472 64 ) 
4 68 70 (-192 2048 64 ) (-192 1472 64 ) (-192 1472 192 ) (-192 2048 192 ) 
4 69 71 (-192 1344 64 ) (-64 1344 64 ) (-64 1344 192 ) (-192 1344 192 ) 
4 70 85 (-1024 1344 192 ) (-1024 2048 192 ) (-1024 2048 64 ) (-1024 1344 64 ) 
4 70 80 (-320 2048 64 ) (-192 2048 64 ) (-192 1344 64 ) (-320 1344 64 ) 
4 70 81 (-1024 1344 64 ) (-1024 2048 64 ) (-320 2048 64 ) (-320 1344 64 ) 
4 70 72 (-896 1344 64 ) (-320 1344 64 ) (-320 1344 192 ) (-896 1344 192 ) 
4 70 73 (-1024 1344 64 ) (-896 1344 64 ) (-896 1344 192 ) (-1024 1344 192 ) 
4 71 74 (-320 1216 64 ) (-64 1216 64 ) (-64 1216 192 ) (-320 1216 192 ) 
4 72 81 (-896 1344 64 ) (-320 1344 64 ) (-320 1232 64 ) (-896 1232 64 ) 
4 72 73 (-896 1344 192 ) (-896 1344 64 ) (-896 1232 64 ) (-896 1232 192 ) 
4 73 85 (-1024 1216 192 ) (-1024 1344 192 ) (-1024 1344 64 ) (-1024 1216 64 ) 
4 73 81 (-1024 1216 64 ) (-1024 1344 64 ) (-896 1344 64 ) (-896 1216 64 ) 
4 74 86 (-1024 1088 192 ) (-1024 1113.600098 192 ) (-1024 1113.600098 64 ) (-1024 1088 64 ) 
4 74 75 (-576 1088 64 ) (-448 1088 64 ) (-448 1088 192 ) (-576 1088 192 ) 
4 74 76 (-1024 1088 64 ) (-576 1088 64 ) (-576 1088 192 ) (-1024 1088 192 ) 
4 75 76 (-576 1088 192 ) (-576 1088 64 ) (-576 1048 64 ) (-576 1048 192 ) 
4 76 166 (-576 1024 192 ) (-1024 1024 192 ) (-1024 1024 64 ) (-576 1024 64 ) 
4 76 88 (-1024 1024 64 ) (-1024 1024 192 ) (-1024 1088 192 ) (-1024 1088 64 ) 
4 77 82 (0 1856 0 ) (0 1600 0 ) (-64 1600 0 ) (-64 1856 0 ) 
4 77 78 (-64 1856 0 ) (-64 1600 0 ) (-64 1600 64 ) (-64 1856 64 ) 
4 78 82 (-192 1472 0 ) (-192 2048 0 ) (-64 2048 0 ) (-64 1472 0 ) 
4 78 80 (-192 2048 0 ) (-192 1472 0 ) (-192 1472 64 ) (-192 2048 64 ) 
4 79 176 (0 1024 0 ) (0 1024 64 ) (-192 1024 64 ) (-192 1024 0 ) 
4 79 82 (0 1024 0 ) (-192 1024 0 ) (-192 1048 0 ) (0 1048 0 ) 
4 80 82 (-320 2048 0 ) (-192 2048 0 ) (-192 1344 0 ) (-320 1344 0 ) 
4 80 81 (-320 2048 0 ) (-320 1344 0 ) (-320 1344 64 ) (-320 2048 64 ) 
4 81 90 (-1024 1216 64 ) (-1024 2048 64 ) (-1024 2048 0 ) (-1024 1216 0 ) 
4 81 82 (-1024 1216 0 ) (-1024 2048 0 ) (-320 2048 0 ) (-320 1216 0 ) 
4 82 183 (0 1024 -58 ) (0 1024 0 ) (-1024 1024 0 ) (-1024 1024 -58 ) 
4 82 93 (-1024 1024 -58 ) (-1024 1024 0 ) (-1024 1088 0 ) (-1024 1088 -58 ) 
4 82 91 (-1024 1088 0 ) (-1024 1120 0 ) (-1024 1120 -58 ) (-1024 1088 -58 ) 
4 82 90 (-1024 1120 0 ) (-1024 2048 0 ) (-1024 2048 -58 ) (-1024 1120 -58 ) 
4 83 90 (-1024 2048 -58 ) (-1024 2048 64 ) (-1056 2048 64 ) (-1056 2048 -58 ) 
4 83 92 (-1056 2048 64 ) (-1538.500000 2048 64 ) (-1538.500000 2048 -58 ) (-1056 2048 -58 ) 
4 83 85 (-1024 2048 64 ) (-1024 2048 192 ) (-1056 2048 192 ) (-1056 2048 64 ) 
4 83 87 (-1056 2048 192 ) (-1538.500000 2048 192 ) (-1538.500000 2048 64 ) (-1056 2048 64 ) 
4 83 84 (-1024 2048 192 ) (-1024 2048 474 ) (-1538.500000 2048 474 ) (-1538.500000 2048 192 ) 
4 84 232 (-1024 1024 192 ) (-1024 1024 474 ) (-1538.500000 1024 474 ) (-1538.500000 1024 192 ) 
4 84 88 (-1056 1088 192 ) (-1024 1088 192 ) (-1024 1024 192 ) (-1112 1024 192 ) 
4 84 89 (-1538.500000 1024 192 ) (-1538.500000 1088 192 ) (-1280 1088 192 ) (-1280 1024 192 ) 
3 84 86 (-1024 1113.600098 192 ) (-1024 1088 192 ) (-1056 1088 192 ) 
4 84 85 (-1056 2048 192 ) (-1024 2048 192 ) (-1024 1216 192 ) (-1056 1216 192 ) 
4 84 87 (-1538.500000 1088 192 ) (-1538.500000 2048 192 ) (-1056 2048 192 ) (-1056 1088 192 ) 
4 85 90 (-1056 2048 64 ) (-1024 2048 64 ) (-1024 1216 64 ) (-1056 1216 64 ) 
4 85 87 (-1056 2048 64 ) (-1056 1216 64 ) (-1056 1216 192 ) (-1056 2048 192 ) 
4 86 88 (-1024 1088 192 ) (-1056 1088 192 ) (-1056 1088 64 ) (-1024 1088 64 ) 
4 87 92 (-1538.500000 1088 64 ) (-1538.500000 2048 64 ) (-1056 2048 64 ) (-1056 1088 64 ) 
4 87 89 (-1280 1088 192 ) (-1538.500000 1088 192 ) (-1538.500000 1088 64 ) (-1280 1088 64 ) 
4 88 233 (-1024 1024 64 ) (-1024 1024 192 ) (-1112 1024 192 ) (-1112 1024 64 ) 
4 89 239 (-1296 1024 192 ) (-1538.500000 1024 192 ) (-1538.500000 1024 64 ) (-1296 1024 64 ) 
4 89 238 (-1280 1024 192 ) (-1296 1024 192 ) (-1296 1024 64 ) (-1280 1024 64 ) 
4 89 94 (-1280 1024 64 ) (-1538.500000 1024 64 ) (-1538.500000 1088 64 ) (-1280 1088 64 ) 
4 90 91 (-1056 1120 0 ) (-1056 1120 -58 ) (-1024 1120 -58 ) (-1024 1120 0 ) 
4 90 92 (-1056 2048 -58 ) (-1056 1120 -58 ) (-1056 1120 64 ) (-1056 2048 64 ) 
4 91 93 (-1056 1088 -58 ) (-1024 1088 -58 ) (-1024 1088 0 ) (-1056 1088 0 ) 
4 91 92 (-1056 1120 -58 ) (-1056 1088 -58 ) (-1056 1088 0 ) (-1056 1120 0 ) 
4 92 93 (-1128 1088 -58 ) (-1056 1088 -58 ) (-1056 1088 0 ) (-1128 1088 0 ) 
4 92 94 (-1538.500000 1088 -58 ) (-1128 1088 -58 ) (-1128 1088 64 ) (-1538.500000 1088 64 ) 
4 93 243 (-1024 1024 -58 ) (-1024 1024 0 ) (-1128 1024 0 ) (-1128 1024 -58 ) 
4 93 94 (-1128 1088 0 ) (-1128 1088 -58 ) (-1128 1024 -58 ) (-1128 1024 0 ) 
4 94 243 (-1538.500000 1024 0 ) (-1538.500000 1024 -58 ) (-1128 1024 -58 ) (-1128 1024 0 ) 
4 94 242 (-1280 1024 64 ) (-1538.500000 1024 64 ) (-1538.500000 1024 0 ) (-1280 1024 0 ) 
4 94 241 (-1152 1024 64 ) (-1280 1024 64 ) (-1280 1024 0 ) (-1152 1024 0 ) 
4 94 240 (-1128 1024 64 ) (-1152 1024 64 ) (-1152 1024 0 ) (-1128 1024 0 ) 
4 95 118 (2274.500000 0 474 ) (2048 0 474 ) (2048 0 -58 ) (2274.500000 0 -58 ) 
4 95 117 (2048 1024 0 ) (2048 1024 -58 ) (2048 0 -58 ) (2048 0 0 ) 
4 95 110 (2048 1024 64 ) (2048 1024 0 ) (2048 0 0 ) (2048 0 64 ) 
4 95 100 (2048 512 64 ) (2048 0 64 ) (2048 0 192 ) (2048 512 192 ) 
4 95 98 (2048 768 64 ) (2048 512 64 ) (2048 512 192 ) (2048 768 192 ) 
4 95 97 (2048 1024 192 ) (2048 1024 64 ) (2048 768 64 ) (2048 768 192 ) 
4 95 96 (2048 1024 474 ) (2048 1024 192 ) (2048 0 192 ) (2048 0 474 ) 
4 96 136 (1024 1024 474 ) (1024 1024 192 ) (1024 0 192 ) (1024 0 474 ) 
4 96 119 (2048 0 192 ) (2048 0 474 ) (1024 0 474 ) (1024 0 192 ) 
4 96 108 (1280 0 192 ) (1088 0 192 ) (1088 432 192 ) (1280 176 192 ) 
4 96 107 (1104 576 192 ) (1280 576 192 ) (1280 432 192 ) (1104 432 192 ) 
3 96 106 (1088 576 192 ) (1280 768 192 ) (1280 576 192 ) 
4 96 105 (1088 704 192 ) (1088 1024 192 ) (1280 1024 192 ) (1280 896 192 ) 
4 96 104 (1472 0 192 ) (1280 80 192 ) (1280 176 192 ) (1472 256 192 ) 
3 96 103 (1280 896 192 ) (1280 1024 192 ) (1408 1024 192 ) 
4 96 102 (1280 256 192 ) (1280 768 192 ) (1456 944 192 ) (1456 256 192 ) 
4 96 109 (1088 0 192 ) (1024 0 192 ) (1024 1024 192 ) (1088 1024 192 ) 
4 96 100 (2048 0 192 ) (1616 0 192 ) (1616 512 192 ) (2048 512 192 ) 
3 96 99 (1600 512 192 ) (1600 768 192 ) (1792 640 192 ) 
4 96 98 (1792 768 192 ) (2048 768 192 ) (2048 512 192 ) (1792 512 192 ) 
4 96 97 (1616 1024 192 ) (2048 1024 192 ) (2048 768 192 ) (1616 768 192 ) 
4 96 101 (1600 0 192 ) (1472 0 192 ) (1472 1024 192 ) (1600 1024 192 ) 
4 97 111 (1616 1024 64 ) (1792 1024 64 ) (1792 768 64 ) (1616 768 64 ) 
4 97 110 (1792 1024 64 ) (2048 1024 64 ) (2048 768 64 ) (1792 768 64 ) 
4 97 98 (1792 768 64 ) (2048 768 64 ) (2048 768 192 ) (1792 768 192 ) 
4 98 110 (2048 768 64 ) (2048 512 64 ) (1792 512 64 ) (1792 768 64 ) 
4 98 100 (1792 512 64 ) (2048 512 64 ) (2048 512 192 ) (1792 512 192 ) 
4 99 101 (1600 768 64 ) (1600 512 64 ) (1600 512 192 ) (1600 768 192 ) 
4 100 120 (2048 0 64 ) (2048 0 192 ) (1616 0 192 ) (1616 0 64 ) 
4 100 112 (1792 0 64 ) (1616 0 64 ) (1616 512 64 ) (1792 512 64 ) 
4 100 110 (2048 512 64 ) (2048 0 64 ) (1792 0 64 ) (1792 512 64 ) 
4 101 121 (1600 0 192 ) (1472 0 192 ) (1472 0 64 ) (1600 0 64 ) 
4 101 104 (1472 256 64 ) (1472 0 64 ) (1472 0 192 ) (1472 256 192 ) 
4 102 115 (1456 704 64 ) (1456 256 64 ) (1280 256 64 ) (1280 704 64 ) 
5 102 114 (1456 832 64 ) (1456 704 64 ) (1280 704 64 ) (1280 768 64 ) (1344 832 64 ) 
3 102 113 (1456 944 64 ) (1456 832 64 ) (1344 832 64 ) 
4 102 107 (1280 576 64 ) (1280 432 64 ) (1280 432 192 ) (1280 576 192 ) 
4 102 106 (1280 768 64 ) (1280 576 64 ) (1280 576 192 ) (1280 768 192 ) 
4 103 105 (1280 1024 64 ) (1280 896 64 ) (1280 896 192 ) (1280 1024 192 ) 
4 104 108 (1280 176 64 ) (1280 80 64 ) (1280 80 192 ) (1280 176 192 ) 
4 105 109 (1088 1024 64 ) (1088 704 64 ) (1088 704 192 ) (1088 1024 192 ) 
4 106 116 (1280 704 64 ) (1280 576 64 ) (1088 576 64 ) (1216 704 64 ) 
3 106 114 (1280 768 64 ) (1280 704 64 ) (1216 704 64 ) 
4 106 107 (1104 576 64 ) (1280 576 64 ) (1280 576 192 ) (1104 576 192 ) 
4 107 116 (1280 576 64 ) (1280 432 64 ) (1104 432 64 ) (1104 576 64 ) 
4 108 123 (1280 0 192 ) (1088 0 192 ) (1088 0 64 ) (1280 0 64 ) 
4 108 109 (1088 432 64 ) (1088 0 64 ) (1088 0 192 ) (1088 432 192 ) 
4 109 142 (1024 432 64 ) (1024 304 64 ) (1024 304 192 ) (1024 432 192 ) 
4 109 141 (1024 448 64 ) (1024 432 64 ) (1024 432 192 ) (1024 448 192 ) 
4 109 144 (1024 304 64 ) (1024 0 64 ) (1024 0 192 ) (1024 304 192 ) 
4 109 137 (1024 1024 192 ) (1024 1024 64 ) (1024 448 64 ) (1024 448 192 ) 
4 109 123 (1088 0 192 ) (1024 0 192 ) (1024 0 64 ) (1088 0 64 ) 
4 110 129 (2048 0 0 ) (2048 0 64 ) (1792 0 64 ) (1792 0 0 ) 
4 110 117 (2048 0 0 ) (1792 0 0 ) (1792 1024 0 ) (2048 1024 0 ) 
4 110 111 (1792 1024 0 ) (1792 768 0 ) (1792 768 64 ) (1792 1024 64 ) 
4 110 112 (1792 512 0 ) (1792 0 0 ) (1792 0 64 ) (1792 512 64 ) 
4 111 117 (1600 768 0 ) (1600 1024 0 ) (1792 1024 0 ) (1792 768 0 ) 
4 112 129 (1792 0 64 ) (1600 0 64 ) (1600 0 0 ) (1792 0 0 ) 
4 112 117 (1792 0 0 ) (1600 0 0 ) (1600 512 0 ) (1792 512 0 ) 
4 113 117 (1344 960 0 ) (1472 960 0 ) (1472 832 0 ) (1344 832 0 ) 
4 113 114 (1344 832 0 ) (1472 832 0 ) (1472 832 64 ) (1344 832 64 ) 
4 114 117 (1216 832 0 ) (1472 832 0 ) (1472 704 0 ) (1216 704 0 ) 
4 114 116 (1216 704 0 ) (1280 704 0 ) (1280 704 64 ) (1216 704 64 ) 
4 114 115 (1280 704 0 ) (1472 704 0 ) (1472 704 64 ) (1280 704 64 ) 
4 115 117 (1280 256 0 ) (1280 704 0 ) (1472 704 0 ) (1472 256 0 ) 
4 115 116 (1280 704 64 ) (1280 704 0 ) (1280 432 0 ) (1280 432 64 ) 
4 116 117 (1088 704 0 ) (1280 704 0 ) (1280 432 0 ) (1088 432 0 ) 
4 117 163 (1024 1024 0 ) (1024 1024 -58 ) (1024 0 -58 ) (1024 0 0 ) 
4 117 133 (2048 0 -58 ) (2048 0 0 ) (1024 0 0 ) (1024 0 -58 ) 
4 118 134 (2274.500000 -1024 474 ) (2048 -1024 474 ) (2048 -1024 -58 ) (2274.500000 -1024 -58 ) 
4 118 133 (2048 0 0 ) (2048 0 -58 ) (2048 -1024 -58 ) (2048 -1024 0 ) 
4 118 131 (2048 -512 0 ) (2048 -1024 0 ) (2048 -1024 64 ) (2048 -512 64 ) 
4 118 129 (2048 0 64 ) (2048 0 0 ) (2048 -512 0 ) (2048 -512 64 ) 
4 118 127 (2048 -896 64 ) (2048 -1024 64 ) (2048 -1024 192 ) (2048 -896 192 ) 
4 118 120 (2048 0 192 ) (2048 0 64 ) (2048 -896 64 ) (2048 -896 192 ) 
4 118 119 (2048 0 474 ) (2048 0 192 ) (2048 -1024 192 ) (2048 -1024 474 ) 
4 119 184 (1024 -1024 192 ) (1024 -1024 474 ) (1024 0 474 ) (1024 0 192 ) 
4 119 135 (2048 -1024 192 ) (2048 -1024 474 ) (1024 -1024 474 ) (1024 -1024 192 ) 
4 119 128 (1616 -1024 192 ) (1024 -1024 192 ) (1024 -912 192 ) (1616 -912 192 ) 
4 119 127 (2048 -1024 192 ) (1616 -1024 192 ) (1616 -896 192 ) (2048 -896 192 ) 
5 119 126 (1024 -896 192 ) (1024 -695.794922 192 ) (1472 -512 192 ) (1600 -512 192 ) (1600 -896 192 ) 
4 119 124 (1024 -384 192 ) (1024 -144 192 ) (1280 -144 192 ) (1280 -384 192 ) 
4 119 123 (1024 -144 192 ) (1024 0 192 ) (1280 0 192 ) (1280 -144 192 ) 
4 119 125 (1024 -512 192 ) (1024 -384 192 ) (1280 -384 192 ) (1280 -512 192 ) 
4 119 121 (1472 0 192 ) (1600 0 192 ) (1600 -512 192 ) (1472 -512 192 ) 
4 119 122 (1280 0 192 ) (1456 0 192 ) (1456 -512 192 ) (1280 -512 192 ) 
4 119 120 (1616 0 192 ) (2048 0 192 ) (2048 -896 192 ) (1616 -896 192 ) 
4 120 131 (2048 -512 64 ) (2048 -896 64 ) (1616 -896 64 ) (1616 -512 64 ) 
4 120 129 (2048 0 64 ) (2048 -512 64 ) (1616 -512 64 ) (1616 0 64 ) 
4 120 127 (1616 -896 64 ) (2048 -896 64 ) (2048 -896 192 ) (1616 -896 192 ) 
4 121 126 (1472 -512 64 ) (1600 -512 64 ) (1600 -512 192 ) (1472 -512 192 ) 
4 122 124 (1280 -384 80 ) (1280 -384 192 ) (1280 -144 192 ) (1280 -144 80 ) 
4 122 123 (1280 0 64 ) (1280 -144 64 ) (1280 -144 192 ) (1280 0 192 ) 
4 122 125 (1280 -384 64 ) (1280 -512 64 ) (1280 -512 192 ) (1280 -384 192 ) 
4 123 185 (1024 -144 192 ) (1024 0 192 ) (1024 0 64 ) (1024 -144 64 ) 
4 123 124 (1280 -144 80 ) (1280 -144 192 ) (1024 -144 192 ) (1024 -144 80 ) 
4 124 186 (1024 -384 192 ) (1024 -144 192 ) (1024 -144 80 ) (1024 -384 80 ) 
4 124 125 (1280 -384 80 ) (1280 -384 192 ) (1024 -384 192 ) (1024 -384 80 ) 
4 125 188 (1024 -512 192 ) (1024 -384 192 ) (1024 -384 64 ) (1024 -512 64 ) 
4 126 199 (1024 -896 192 ) (1024 -695.794922 192 ) (1024 -695.794861 64 ) (1024 -896 64 ) 
4 127 135 (2048 -1024 64 ) (2048 -1024 192 ) (1616 -1024 192 ) (1616 -1024 64 ) 
4 127 131 (2048 -896 64 ) (2048 -1024 64 ) (1616 -1024 64 ) (1616 -896 64 ) 
4 127 128 (1616 -912 64 ) (1616 -1024 64 ) (1616 -1024 192 ) (1616 -912 192 ) 
4 128 205 (1024 -1024 64 ) (1024 -1024 192 ) (1024 -912 192 ) (1024 -912 64 ) 
4 128 135 (1616 -1024 192 ) (1024 -1024 192 ) (1024 -1024 64 ) (1616 -1024 64 ) 
4 128 132 (1600 -1024 64 ) (1024 -1024 64 ) (1024 -912 64 ) (1600 -912 64 ) 
4 128 131 (1616 -1024 64 ) (1600 -1024 64 ) (1600 -912 64 ) (1616 -912 64 ) 
4 129 133 (1600 0 0 ) (2048 0 0 ) (2048 -512 0 ) (1600 -512 0 ) 
4 129 131 (1600 -512 0 ) (2048 -512 0 ) (2048 -512 64 ) (1600 -512 64 ) 
4 130 133 (1456 0 0 ) (1472 0 0 ) (1472 -512 0 ) (1456 -512 0 ) 
4 131 135 (2048 -1024 0 ) (2048 -1024 64 ) (1600 -1024 64 ) (1600 -1024 0 ) 
4 131 133 (2048 -1024 0 ) (1600 -1024 0 ) (1600 -512 0 ) (2048 -512 0 ) 
4 131 132 (1600 -896 0 ) (1600 -1024 0 ) (1600 -1024 64 ) (1600 -896 64 ) 
4 132 207 (1024 -1024 0 ) (1024 -1024 64 ) (1024 -896 64 ) (1024 -896 0 ) 
4 132 135 (1600 -1024 64 ) (1024 -1024 64 ) (1024 -1024 0 ) (1600 -1024 0 ) 
4 132 133 (1600 -1024 0 ) (1024 -1024 0 ) (1024 -896 0 ) (1600 -896 0 ) 
4 133 214 (1024 -1024 -58 ) (1024 -1024 0 ) (1024 0 0 ) (1024 0 -58 ) 
4 133 135 (2048 -1024 -58 ) (2048 -1024 0 ) (1024 -1024 0 ) (1024 -1024 -58 ) 
4 134 135 (2048 -1024 474 ) (2048 -1024 -58 ) (2048 -1787.500000 -58 ) (2048 -1787.500000 474 ) 
4 135 258 (1024 -1024 64 ) (1024 -1024 -58 ) (1024 -1787.500000 -58 ) (1024 -1787.500000 64 ) 
4 135 257 (1024 -1787.500000 474 ) (1024 -1088 474 ) (1024 -1088 64 ) (1024 -1787.500000 64 ) 
4 135 253 (1024 -1088 474 ) (1024 -1024 474 ) (1024 -1024 64 ) (1024 -1088 64 ) 
4 136 184 (1024 0 192 ) (1024 0 474 ) (0 0 474 ) (0 0 192 ) 
4 136 164 (0 1024 474 ) (0 1024 192 ) (0 0 192 ) (0 0 474 ) 
3 136 153 (192 192 192 ) (192 0 192 ) (8.001495 0 192 ) 
4 136 152 (0 576 192 ) (0 768 192 ) (64 832 192 ) (64 576 192 ) 
5 136 151 (128 1024 192 ) (192 1024 192 ) (192 192 192 ) (64 192 192 ) (64 960 192 ) 
4 136 150 (192 192 192 ) (192 576 192 ) (208 576 192 ) (208 192 192 ) 
4 136 149 (304 0 192 ) (208 0 192 ) (208 576 192 ) (304 576 192 ) 
4 136 148 (320 320 192 ) (320 0 192 ) (304 0 192 ) (304 320 192 ) 
4 136 147 (192 1024 192 ) (320 1024 192 ) (320 960 192 ) (192 832 192 ) 
4 136 146 (320 1024 192 ) (576 1024 192 ) (576 0 192 ) (320 0 192 ) 
4 136 145 (576 80 192 ) (576 176 192 ) (592 176 192 ) (592 80 192 ) 
4 136 143 (592 320 192 ) (592 432 192 ) (848 432 192 ) (848 320 192 ) 
4 136 142 (1024 432 192 ) (1024 304 192 ) (848 304 192 ) (976 432 192 ) 
4 136 141 (1024 448 192 ) (1024 432 192 ) (976 432 192 ) (976 448 192 ) 
4 136 144 (1024 304 192 ) (1024 0 192 ) (592 0 192 ) (592 304 192 ) 
4 136 140 (704 704 192 ) (704 448 192 ) (576 448 192 ) (576 832 192 ) 
5 136 139 (704 1024 192 ) (960 1024 192 ) (960 576 192 ) (832 448 192 ) (704 448 192 ) 
4 136 138 (960 1024 192 ) (976 1024 192 ) (976 960 192 ) (960 960 192 ) 
4 136 137 (976 1024 192 ) (1024 1024 192 ) (1024 448 192 ) (976 448 192 ) 
4 137 141 (976 448 64 ) (1024 448 64 ) (1024 448 192 ) (976 448 192 ) 
4 137 138 (976 1024 64 ) (976 960 64 ) (976 960 192 ) (976 1024 192 ) 
4 138 139 (960 1024 64 ) (960 960 64 ) (960 960 192 ) (960 1024 192 ) 
4 139 140 (704 704 64 ) (704 448 64 ) (704 448 192 ) (704 704 192 ) 
4 140 146 (576 832 64 ) (576 448 64 ) (576 448 192 ) (576 832 192 ) 
4 141 142 (976 432 64 ) (1024 432 64 ) (1024 432 192 ) (976 432 192 ) 
4 142 144 (848 304 64 ) (1024 304 64 ) (1024 304 192 ) (848 304 192 ) 
4 143 157 (592 320 64 ) (592 432 64 ) (848 432 64 ) (848 320 64 ) 
4 144 190 (736 0 192 ) (592 0 192 ) (592 0 64 ) (736 0 64 ) 
4 144 189 (848 0 192 ) (736 0 192 ) (736 0 64 ) (848 0 64 ) 
4 144 185 (1024 0 64 ) (1024 0 192 ) (1008 0 192 ) (1008 0 64 ) 
4 144 187 (1008 0 192 ) (848 0 192 ) (848 0 64 ) (1008 0 64 ) 
4 144 145 (592 176 64 ) (592 80 64 ) (592 80 192 ) (592 176 192 ) 
4 145 146 (576 176 64 ) (576 80 64 ) (576 80 192 ) (576 176 192 ) 
4 146 195 (576 0 192 ) (320 0 192 ) (320 0 64 ) (576 0 64 ) 
4 146 148 (320 320 64 ) (320 0 64 ) (320 0 192 ) (320 320 192 ) 
4 146 147 (320 1024 64 ) (320 960 64 ) (320 960 192 ) (320 1024 192 ) 
4 147 151 (192 1024 64 ) (192 832 64 ) (192 832 192 ) (192 1024 192 ) 
4 148 195 (320 0 192 ) (304 0 192 ) (304 0 64 ) (320 0 64 ) 
4 148 149 (304 320 64 ) (304 0 64 ) (304 0 192 ) (304 320 192 ) 
4 149 195 (304 0 192 ) (208 0 192 ) (208 0 64 ) (304 0 64 ) 
4 149 150 (208 576 192 ) (208 576 64 ) (208 192 64 ) (208 192 192 ) 
4 150 151 (192 576 64 ) (192 192 64 ) (192 192 192 ) (192 576 192 ) 
4 151 152 (64 832 64 ) (64 576 64 ) (64 576 192 ) (64 832 192 ) 
4 152 165 (0 768 64 ) (0 576 64 ) (0 576 192 ) (0 768 192 ) 
4 153 196 (192 0 192 ) (8.001495 0 192 ) (8.001495 0 64 ) (192 0 64 ) 
3 153 162 (48 0 64 ) (8.001495 0 64 ) (48 41.737911 64 ) 
4 154 163 (576 1024 0 ) (704 1024 0 ) (704 832 0 ) (576 832 0 ) 
4 155 163 (976 832 0 ) (976 432 0 ) (960 432 0 ) (960 832 0 ) 
4 155 156 (960 448 0 ) (960 432 0 ) (960 432 64 ) (960 448 64 ) 
4 156 163 (960 432 0 ) (576 432 0 ) (576 448 0 ) (960 448 0 ) 
4 156 157 (576 432 64 ) (576 432 0 ) (848 432 0 ) (848 432 64 ) 
4 157 163 (848 320 0 ) (576 320 0 ) (576 432 0 ) (848 432 0 ) 
4 157 158 (592 320 0 ) (848 320 0 ) (848 320 64 ) (592 320 64 ) 
4 158 163 (592 304 0 ) (592 320 0 ) (848 320 0 ) (848 304 0 ) 
4 159 177 (0 1008 0 ) (0 832 0 ) (0 832 64 ) (0 1008 64 ) 
4 159 176 (0 1024 64 ) (0 1024 0 ) (0 1008 0 ) (0 1008 64 ) 
4 159 163 (0 832 0 ) (0 1024 0 ) (64 1024 0 ) (64 832 0 ) 
4 160 163 (192 832 0 ) (320 832 0 ) (320 576 0 ) (192 576 0 ) 
4 161 178 (0 576 0 ) (0 336 0 ) (0 336 64 ) (0 576 64 ) 
4 161 163 (0 336 0 ) (0 576 0 ) (64 576 0 ) (64 336 0 ) 
4 161 162 (0 336 0 ) (48 336 0 ) (48 336 64 ) (0 336 64 ) 
4 162 213 (48 0 64 ) (0 0 64 ) (0 0 0 ) (48 0 0 ) 
4 162 181 (0 64 0 ) (0 0 0 ) (0 0 64 ) (0 64 64 ) 
4 162 178 (0 336 0 ) (0 64 0 ) (0 64 64 ) (0 336 64 ) 
4 162 163 (0 0 0 ) (0 336 0 ) (48 336 0 ) (48 0 0 ) 
4 163 214 (1024 0 -58 ) (1024 0 0 ) (0 0 0 ) (0 0 -58 ) 
4 163 183 (0 1024 0 ) (0 1024 -58 ) (0 0 -58 ) (0 0 0 ) 
4 164 232 (-1024 1024 474 ) (-1024 1024 192 ) (-1024 0 192 ) (-1024 0 474 ) 
4 164 215 (0 0 192 ) (0 0 474 ) (-1024 0 474 ) (-1024 0 192 ) 
4 164 175 (-1024 64 192 ) (-1024 416 192 ) (-824 416 192 ) (-824 64 192 ) 
4 164 174 (-584 0 192 ) (-824 0 192 ) (-824 416 192 ) (-584 416 192 ) 
3 164 173 (-1024 944 192 ) (-1024 1008 192 ) (-992 1008 192 ) 
5 164 172 (-1024 416 192 ) (-1024 880 192 ) (-960 1008 192 ) (-920 1008 192 ) (-920 416 192 ) 
4 164 171 (-584 704 192 ) (-584 416 192 ) (-920 416 192 ) (-920 704 192 ) 
4 164 170 (-920 1008 192 ) (-584 1008 192 ) (-584 704 192 ) (-920 704 192 ) 
4 164 168 (-192 64 192 ) (-192 896 192 ) (-64 896 192 ) (-64 191.997070 192 ) 
4 164 169 (-192 0 192 ) (-584 0 192 ) (-584 896 192 ) (-192 896 192 ) 
4 164 167 (-584 896 192 ) (-584 1008 192 ) (-576 1008 192 ) (-336 896 192 ) 
4 164 166 (-1024 1008 192 ) (-1024 1024 192 ) (-576 1024 192 ) (-576 1008 192 ) 
4 164 165 (-64 576 192 ) (-64 704 192 ) (0 768 192 ) (0 576 192 ) 
4 165 168 (-64 704 64 ) (-64 576 64 ) (-64 576 192 ) (-64 704 192 ) 
4 166 233 (-1024 1024 192 ) (-1024 1024 64 ) (-1024 1008 64 ) (-1024 1008 192 ) 
4 166 173 (-1024 1008 64 ) (-992 1008 64 ) (-992 1008 192 ) (-1024 1008 192 ) 
4 166 172 (-960 1008 64 ) (-920 1008 64 ) (-920 1008 192 ) (-960 1008 192 ) 
4 166 170 (-920 1008 64 ) (-584 1008 64 ) (-584 1008 192 ) (-920 1008 192 ) 
4 166 167 (-584 1008 64 ) (-576 1008 64 ) (-576 1008 192 ) (-584 1008 192 ) 
4 167 170 (-584 1008 192 ) (-584 1008 64 ) (-584 896 64 ) (-584 896 192 ) 
4 167 169 (-584 896 192 ) (-584 896 64 ) (-336 896 64 ) (-336 896 192 ) 
4 168 169 (-192 896 192 ) (-192 896 64 ) (-192 64 64 ) (-192 64 192 ) 
4 169 218 (-192 0 192 ) (-584 0 192 ) (-584 0 64 ) (-192 0 64 ) 
4 169 174 (-584 416 64 ) (-584 0 64 ) (-584 0 192 ) (-584 416 192 ) 
4 169 171 (-584 416 80 ) (-584 416 192 ) (-584 704 192 ) (-584 704 80 ) 
4 169 170 (-584 896 64 ) (-584 704 64 ) (-584 704 192 ) (-584 896 192 ) 
4 170 172 (-920 1008 192 ) (-920 1008 64 ) (-920 704 64 ) (-920 704 192 ) 
4 170 171 (-920 704 192 ) (-920 704 80 ) (-584 704 80 ) (-584 704 192 ) 
4 171 175 (-824 416 192 ) (-920 416 192 ) (-920 416 80 ) (-824 416 80 ) 
4 171 174 (-584 416 80 ) (-584 416 192 ) (-824 416 192 ) (-824 416 80 ) 
4 171 172 (-920 416 80 ) (-920 416 192 ) (-920 704 192 ) (-920 704 80 ) 
4 172 236 (-1024 432 64 ) (-1024 416 64 ) (-1024 416 192 ) (-1024 432 192 ) 
4 172 234 (-1024 880 64 ) (-1024 432 64 ) (-1024 432 192 ) (-1024 880 192 ) 
4 172 180 (-920 440 64 ) (-920 439.767029 64 ) (-992 439.767029 64 ) (-992 440 64 ) 
4 172 175 (-1024 416 64 ) (-920 416 64 ) (-920 416 192 ) (-1024 416 192 ) 
4 173 233 (-1024 1008 64 ) (-1024 944 64 ) (-1024 944 192 ) (-1024 1008 192 ) 
4 174 218 (-584 0 192 ) (-824 0 192 ) (-824 0 64 ) (-584 0 64 ) 
4 174 175 (-824 416 192 ) (-824 416 64 ) (-824 64 64 ) (-824 64 192 ) 
4 175 236 (-1024 416 64 ) (-1024 64 64 ) (-1024 64 192 ) (-1024 416 192 ) 
4 176 183 (-192 1024 0 ) (0 1024 0 ) (0 1008 0 ) (-192 1008 0 ) 
4 176 179 (-192 1008 0 ) (-64 1008 0 ) (-64 1008 64 ) (-192 1008 64 ) 
4 176 177 (-64 1008 0 ) (0 1008 0 ) (0 1008 64 ) (-64 1008 64 ) 
4 177 183 (-64 1008 0 ) (0 1008 0 ) (0 832 0 ) (-64 832 0 ) 
4 177 179 (-64 1008 64 ) (-64 1008 0 ) (-64 952.471069 0 ) (-64 952.471069 64 ) 
4 178 183 (0 576 0 ) (0 64 0 ) (-64 64 0 ) (-64 576 0 ) 
4 178 181 (-64 64 0 ) (0 64 0 ) (0 64 64 ) (-64 64 64 ) 
4 179 183 (-192 1008 0 ) (-64 1008 0 ) (-64 952.471069 0 ) (-192 952.471069 0 ) 
4 180 183 (-704 440 0 ) (-704 439.767029 0 ) (-992 439.767029 0 ) (-992 440 0 ) 
4 181 227 (0 0 0 ) (0 0 64 ) (-192 0 64 ) (-192 0 0 ) 
4 181 183 (0 0 0 ) (-192 0 0 ) (-192 64 0 ) (0 64 0 ) 
4 182 228 (-952 0 64 ) (-1024 0 64 ) (-1024 0 0 ) (-952 0 0 ) 
4 182 183 (-952 0 0 ) (-1024 0 0 ) (-1024 64 0 ) (-952 64 0 ) 
4 183 243 (-1024 1024 0 ) (-1024 1024 -58 ) (-1024 0 -58 ) (-1024 0 0 ) 
4 183 231 (0 0 -58 ) (0 0 0 ) (-1024 0 0 ) (-1024 0 -58 ) 
4 184 255 (320 -1024 474 ) (0 -1024 474 ) (0 -1024 192 ) (320 -1024 192 ) 
4 184 254 (336 -1024 474 ) (320 -1024 474 ) (320 -1024 192 ) (336 -1024 192 ) 
4 184 253 (1024 -1024 192 ) (1024 -1024 474 ) (336 -1024 474 ) (336 -1024 192 ) 
4 184 215 (0 0 474 ) (0 0 192 ) (0 -1024 192 ) (0 -1024 474 ) 
4 184 206 (0 -1024 192 ) (0 -896 192 ) (320 -896 192 ) (320 -1024 192 ) 
4 184 205 (1024 -912 192 ) (1024 -1024 192 ) (336 -1024 192 ) (336 -912 192 ) 
4 184 203 (0 -768 192 ) (0 -640 192 ) (448 -640 192 ) (320 -768 192 ) 
4 184 204 (0 -896 192 ) (0 -768 192 ) (448 -768 192 ) (448 -896 192 ) 
4 184 202 (848 -768 192 ) (848 -896 192 ) (448 -896 192 ) (448 -768 192 ) 
4 184 201 (576 -704 192 ) (576 -752 192 ) (448 -752 192 ) (448 -704 192 ) 
4 184 200 (576 -640 192 ) (848 -640 192 ) (848 -752 192 ) (576 -752 192 ) 
4 184 199 (1024 -695.794922 192 ) (1024 -896 192 ) (848 -896 192 ) (848 -768 192 ) 
4 184 198 (0 -640 192 ) (0 -384 192 ) (208 -384 192 ) (208 -640 192 ) 
4 184 197 (208 -368 192 ) (576 -368 192 ) (576 -640 192 ) (208 -640 192 ) 
5 184 196 (0 -368 192 ) (0 -8.349457 192 ) (8.001495 0 192 ) (192 0 192 ) (192 -368 192 ) 
4 184 195 (208 0 192 ) (576 0 192 ) (576 -368 192 ) (208 -368 192 ) 
4 184 194 (592 -256 192 ) (592 -208 192 ) (640 -208 192 ) (640 -256 192 ) 
3 184 191 (848 -208 192 ) (848 -512 192 ) (736 -208 192 ) 
4 184 192 (848 -512 192 ) (848 -640 192 ) (720 -640 192 ) (720 -512 192 ) 
4 184 193 (720 -640 192 ) (640 -640 192 ) (640 -208 192 ) (720 -208 192 ) 
4 184 190 (592 0 192 ) (736 0 192 ) (736 -80 192 ) (592 -80 192 ) 
4 184 189 (736 0 192 ) (848 0 192 ) (848 -208 192 ) (736 -208 192 ) 
4 184 188 (1024 -384 192 ) (1024 -512 192 ) (848 -512 192 ) (848 -384 192 ) 
4 184 186 (1024 -144 192 ) (1024 -384 192 ) (1008 -384 192 ) (1008 -144 192 ) 
4 184 185 (1008 0 192 ) (1024 0 192 ) (1024 -144 192 ) (1008 -144 192 ) 
4 184 187 (848 0 192 ) (1008 0 192 ) (1008 -384 192 ) (848 -384 192 ) 
4 185 186 (1008 -144 192 ) (1008 -144 80 ) (1024 -144 80 ) (1024 -144 192 ) 
4 185 187 (1008 0 64 ) (1008 -144 64 ) (1008 -144 192 ) (1008 0 192 ) 
4 186 188 (1024 -384 80 ) (1024 -384 192 ) (1008 -384 192 ) (1008 -384 80 ) 
4 186 187 (1008 -384 80 ) (1008 -384 192 ) (1008 -144 192 ) (1008 -144 80 ) 
4 187 191 (848 -208 64 ) (848 -384 64 ) (848 -384 192 ) (848 -208 192 ) 
4 187 189 (848 0 64 ) (848 -208 64 ) (848 -208 192 ) (848 0 192 ) 
4 187 188 (848 -384 192 ) (848 -384 64 ) (1008 -384 64 ) (1008 -384 192 ) 
4 188 191 (848 -384 64 ) (848 -512 64 ) (848 -512 192 ) (848 -384 192 ) 
4 189 191 (736 -208 64 ) (848 -208 64 ) (848 -208 192 ) (736 -208 192 ) 
4 189 190 (736 0 64 ) (736 -80 64 ) (736 -80 192 ) (736 0 192 ) 
4 192 208 (848 -512 64 ) (848 -640 64 ) (720 -640 64 ) (720 -512 64 ) 
4 192 200 (720 -640 64 ) (848 -640 64 ) (848 -640 192 ) (720 -640 192 ) 
4 192 193 (720 -512 64 ) (720 -640 64 ) (720 -640 192 ) (720 -512 192 ) 
4 193 209 (720 -640 64 ) (640 -640 64 ) (640 -208 64 ) (720 -208 64 ) 
4 193 200 (640 -640 64 ) (720 -640 64 ) (720 -640 192 ) (640 -640 192 ) 
4 193 194 (640 -208 192 ) (640 -208 64 ) (640 -256 64 ) (640 -256 192 ) 
4 194 209 (592 -256 64 ) (592 -208 64 ) (640 -208 64 ) (640 -256 64 ) 
4 195 197 (208 -368 64 ) (576 -368 64 ) (576 -368 192 ) (208 -368 192 ) 
4 196 216 (0 -8.349455 64 ) (0 -368 64 ) (0 -368 192 ) (0 -8.349457 192 ) 
5 196 213 (0 -320 64 ) (0 -8.349457 64 ) (8.001495 0 64 ) (48 0 64 ) (48 -320 64 ) 
4 197 203 (208 -640 64 ) (448 -640 64 ) (448 -640 192 ) (208 -640 192 ) 
4 197 198 (208 -384 64 ) (208 -640 64 ) (208 -640 192 ) (208 -384 192 ) 
4 198 217 (0 -384 64 ) (0 -640 64 ) (0 -640 192 ) (0 -384 192 ) 
4 198 203 (0 -640 64 ) (208 -640 64 ) (208 -640 192 ) (0 -640 192 ) 
4 199 202 (848 -768 64 ) (848 -896 64 ) (848 -896 192 ) (848 -768 192 ) 
4 200 211 (576 -640 64 ) (848 -640 64 ) (848 -752 64 ) (576 -752 64 ) 
4 200 201 (576 -704 64 ) (576 -752 64 ) (576 -752 192 ) (576 -704 192 ) 
4 201 211 (576 -704 64 ) (576 -752 64 ) (448 -752 64 ) (448 -704 64 ) 
4 202 204 (448 -768 64 ) (448 -896 64 ) (448 -896 192 ) (448 -768 192 ) 
4 203 217 (0 -640 64 ) (0 -768 64 ) (0 -768 192 ) (0 -640 192 ) 
4 203 204 (0 -768 64 ) (320 -768 64 ) (320 -768 192 ) (0 -768 192 ) 
4 204 217 (0 -768 64 ) (0 -896 64 ) (0 -896 192 ) (0 -768 192 ) 
4 204 206 (0 -896 64 ) (320 -896 64 ) (320 -896 192 ) (0 -896 192 ) 
4 205 253 (1024 -1024 64 ) (1024 -1024 192 ) (336 -1024 192 ) (336 -1024 64 ) 
4 205 212 (848 -1024 64 ) (336 -1024 64 ) (336 -912 64 ) (848 -912 64 ) 
4 205 207 (1024 -1024 64 ) (848 -1024 64 ) (848 -912 64 ) (1024 -912 64 ) 
4 206 255 (320 -1024 192 ) (0 -1024 192 ) (0 -1024 64 ) (320 -1024 64 ) 
4 206 217 (0 -896 64 ) (0 -1024 64 ) (0 -1024 192 ) (0 -896 192 ) 
4 207 258 (1024 -1024 0 ) (1024 -1024 64 ) (848 -1024 64 ) (848 -1024 0 ) 
4 207 214 (1024 -896 0 ) (1024 -1024 0 ) (848 -1024 0 ) (848 -896 0 ) 
4 207 212 (848 -896 0 ) (848 -1024 0 ) (848 -1024 64 ) (848 -896 64 ) 
4 208 214 (848 -512 0 ) (848 -640 0 ) (720 -640 0 ) (720 -512 0 ) 
4 208 211 (720 -640 0 ) (848 -640 0 ) (848 -640 64 ) (720 -640 64 ) 
4 208 209 (720 -512 0 ) (720 -640 0 ) (720 -640 64 ) (720 -512 64 ) 
4 209 214 (720 -640 0 ) (592 -640 0 ) (592 -80 0 ) (720 -80 0 ) 
4 209 211 (592 -640 0 ) (720 -640 0 ) (720 -640 64 ) (592 -640 64 ) 
4 209 210 (592 -320 0 ) (592 -640 0 ) (592 -640 64 ) (592 -320 64 ) 
4 210 214 (592 -320 0 ) (592 -640 0 ) (576 -640 0 ) (576 -320 0 ) 
4 210 211 (576 -640 0 ) (592 -640 0 ) (592 -640 64 ) (576 -640 64 ) 
4 211 214 (848 -640 0 ) (848 -768 0 ) (448 -768 0 ) (448 -640 0 ) 
4 212 258 (848 -1024 64 ) (320 -1024 64 ) (320 -1024 0 ) (848 -1024 0 ) 
4 212 214 (848 -896 0 ) (848 -1024 0 ) (320 -1024 0 ) (320 -896 0 ) 
4 213 227 (0 0 64 ) (0 0 0 ) (0 -320 0 ) (0 -320 64 ) 
4 213 214 (0 -320 0 ) (0 0 0 ) (48 0 0 ) (48 -320 0 ) 
4 214 259 (320 -1024 0 ) (0 -1024 0 ) (0 -1024 -58 ) (320 -1024 -58 ) 
4 214 258 (1024 -1024 -58 ) (1024 -1024 0 ) (320 -1024 0 ) (320 -1024 -58 ) 
4 214 231 (0 0 0 ) (0 0 -58 ) (0 -1024 -58 ) (0 -1024 0 ) 
4 215 261 (0 -1024 192 ) (0 -1024 474 ) (-1024 -1024 474 ) (-1024 -1024 192 ) 
4 215 244 (-1024 -1024 192 ) (-1024 -1024 474 ) (-1024 0 474 ) (-1024 0 192 ) 
4 215 225 (-192 -1024 192 ) (-592 -1024 192 ) (-592 -592 192 ) (-192 -592 192 ) 
4 215 226 (-608 -1024 192 ) (-1024 -1024 192 ) (-1024 -592 192 ) (-608 -592 192 ) 
4 215 223 (-592 -576 192 ) (-192 -576 192 ) (-192 -592 192 ) (-592 -592 192 ) 
4 215 224 (-1024 -592 192 ) (-1024 -576 192 ) (-960 -576 192 ) (-960 -592 192 ) 
4 215 221 (-952 -512 192 ) (-192 -512 192 ) (-192 -576 192 ) (-952 -576 192 ) 
4 215 222 (-1024 -576 192 ) (-1024 -512 192 ) (-968 -512 192 ) (-968 -576 192 ) 
5 215 220 (-1024 -455.804871 192 ) (-1024 -320 192 ) (-192 -320 192 ) (-192 -512 192 ) (-952 -512 192 ) 
3 215 219 (-1024 -320 192 ) (-1024 -185.755981 192 ) (-955.199951 -320 192 ) 
4 215 218 (-824 0 192 ) (-192 0 192 ) (-192 -320 192 ) (-824 -320 192 ) 
4 215 217 (0 -1024 192 ) (-192 -1024 192 ) (-192 -384 192 ) (0 -384 192 ) 
4 215 216 (0 -8.349455 192 ) (0 -368 192 ) (-176 -368 192 ) (-176 -192.003128 192 ) 
4 216 227 (0 -8.349455 64 ) (0 -320 64 ) (-176 -320 64 ) (-176 -192.003128 64 ) 
4 217 262 (0 -1024 64 ) (0 -1024 192 ) (-192 -1024 192 ) (-192 -1024 64 ) 
4 217 225 (-192 -592 64 ) (-192 -1024 64 ) (-192 -1024 192 ) (-192 -592 192 ) 
4 217 223 (-192 -576 64 ) (-192 -592 64 ) (-192 -592 192 ) (-192 -576 192 ) 
4 217 221 (-192 -512 64 ) (-192 -576 64 ) (-192 -576 192 ) (-192 -512 192 ) 
4 217 220 (-192 -384 64 ) (-192 -512 64 ) (-192 -512 192 ) (-192 -384 192 ) 
4 218 220 (-824 -320 64 ) (-192 -320 64 ) (-192 -320 192 ) (-824 -320 192 ) 
4 219 245 (-1024 -320 192 ) (-1024 -185.755981 192 ) (-1024 -185.755981 64 ) (-1024 -320 64 ) 
4 219 220 (-1024 -320 64 ) (-955.199951 -320 64 ) (-955.199951 -320 192 ) (-1024 -320 192 ) 
4 220 245 (-1024 -455.804871 192 ) (-1024 -320 192 ) (-1024 -320 64 ) (-1024 -455.804871 64 ) 
4 220 221 (-952 -512 64 ) (-192 -512 64 ) (-192 -512 192 ) (-952 -512 192 ) 
4 221 223 (-592 -576 64 ) (-192 -576 64 ) (-192 -576 192 ) (-592 -576 192 ) 
4 222 246 (-1024 -576 192 ) (-1024 -512 192 ) (-1024 -512 64 ) (-1024 -576 64 ) 
4 222 230 (-1024 -576 64 ) (-1024 -512 64 ) (-968 -512 64 ) (-968 -576 64 ) 
4 222 224 (-1024 -576 64 ) (-968 -576 64 ) (-968 -576 192 ) (-1024 -576 192 ) 
4 223 225 (-592 -592 64 ) (-192 -592 64 ) (-192 -592 192 ) (-592 -592 192 ) 
4 224 246 (-1024 -592 192 ) (-1024 -576 192 ) (-1024 -576 64 ) (-1024 -592 64 ) 
4 224 230 (-1024 -592 64 ) (-1024 -576 64 ) (-960 -576 64 ) (-960 -592 64 ) 
4 224 226 (-1024 -592 64 ) (-960 -592 64 ) (-960 -592 192 ) (-1024 -592 192 ) 
4 225 262 (-192 -1024 192 ) (-592 -1024 192 ) (-592 -1024 64 ) (-192 -1024 64 ) 
4 226 263 (-608 -1024 192 ) (-736 -1024 192 ) (-736 -1024 64 ) (-608 -1024 64 ) 
4 226 264 (-736 -1024 192 ) (-1024 -1024 192 ) (-1024 -1024 64 ) (-736 -1024 64 ) 
4 226 246 (-1024 -1024 64 ) (-1024 -1024 192 ) (-1024 -592 192 ) (-1024 -592 64 ) 
4 226 230 (-952 -1024 64 ) (-1024 -1024 64 ) (-1024 -592 64 ) (-952 -592 64 ) 
4 226 229 (-608 -1024 64 ) (-952 -1024 64 ) (-952 -592 64 ) (-608 -592 64 ) 
4 227 231 (-192 0 0 ) (0 0 0 ) (0 -320 0 ) (-192 -320 0 ) 
4 228 231 (-1024 -64 0 ) (-1024 0 0 ) (-952 0 0 ) (-952 -64 0 ) 
4 229 272 (-592 -1024 64 ) (-952 -1024 64 ) (-952 -1024 0 ) (-592 -1024 0 ) 
4 229 231 (-592 -1024 0 ) (-952 -1024 0 ) (-952 -576 0 ) (-592 -576 0 ) 
4 229 230 (-952 -576 0 ) (-952 -1024 0 ) (-952 -1024 64 ) (-952 -576 64 ) 
4 230 272 (-952 -1024 64 ) (-1024 -1024 64 ) (-1024 -1024 0 ) (-952 -1024 0 ) 
4 230 250 (-1024 -1024 0 ) (-1024 -1024 64 ) (-1024 -512 64 ) (-1024 -512 0 ) 
4 230 231 (-952 -1024 0 ) (-1024 -1024 0 ) (-1024 -512 0 ) (-952 -512 0 ) 
4 231 271 (0 -1024 -58 ) (0 -1024 0 ) (-592 -1024 0 ) (-592 -1024 -58 ) 
4 231 272 (-592 -1024 0 ) (-1024 -1024 0 ) (-1024 -1024 -58 ) (-592 -1024 -58 ) 
4 231 252 (-1024 -1024 -58 ) (-1024 -1024 0 ) (-1024 0 0 ) (-1024 0 -58 ) 
4 232 244 (-1024 0 192 ) (-1024 0 474 ) (-1538.500000 0 474 ) (-1538.500000 0 192 ) 
4 232 239 (-1538.500000 1024 192 ) (-1296 1024 192 ) (-1296 0 192 ) (-1538.500000 0 192 ) 
4 232 238 (-1296 1024 192 ) (-1280 1024 192 ) (-1280 832 192 ) (-1296 832 192 ) 
4 232 237 (-1119.199951 0 192 ) (-1280 0 192 ) (-1280 64 192 ) (-1152 64 192 ) 
4 232 236 (-1024 432 192 ) (-1024 64 192 ) (-1280 64 192 ) (-1280 432 192 ) 
4 232 234 (-1024 880 192 ) (-1024 432 192 ) (-1120 432 192 ) (-1120 688 192 ) 
3 232 235 (-1152 432 192 ) (-1280 432 192 ) (-1152 688 192 ) 
5 232 233 (-1112 1024 192 ) (-1024 1024 192 ) (-1024 944 192 ) (-1280 432 192 ) (-1280 832 192 ) 
3 233 241 (-1154 976 64 ) (-1152 978.285706 64 ) (-1152 976 64 ) 
4 233 235 (-1280 432 192 ) (-1280 432 64 ) (-1152 688 64 ) (-1152 688 192 ) 
4 234 236 (-1120 432 64 ) (-1024 432 64 ) (-1024 432 192 ) (-1120 432 192 ) 
4 235 236 (-1280 432 192 ) (-1280 432 64 ) (-1152 432 64 ) (-1152 432 192 ) 
4 236 237 (-1280 64 192 ) (-1280 64 64 ) (-1152 64 64 ) (-1152 64 192 ) 
4 237 245 (-1119.199951 0 192 ) (-1280 0 192 ) (-1280 0 64 ) (-1119.199951 0 64 ) 
4 238 242 (-1296 832 64 ) (-1296 1024 64 ) (-1280 1024 64 ) (-1280 832 64 ) 
4 238 239 (-1296 1024 64 ) (-1296 832 64 ) (-1296 832 192 ) (-1296 1024 192 ) 
4 239 248 (-1296 0 192 ) (-1538.500000 0 192 ) (-1538.500000 0 64 ) (-1296 0 64 ) 
4 239 242 (-1296 0 64 ) (-1538.500000 0 64 ) (-1538.500000 1024 64 ) (-1296 1024 64 ) 
4 240 243 (-1152 1024 0 ) (-1128 1024 0 ) (-1128 1008 0 ) (-1152 1008 0 ) 
4 240 241 (-1152 1024 0 ) (-1152 1008 0 ) (-1152 1008 64 ) (-1152 1024 64 ) 
4 241 243 (-1280 1024 0 ) (-1152 1024 0 ) (-1152 976 0 ) (-1280 976 0 ) 
4 241 242 (-1280 1024 0 ) (-1280 976 0 ) (-1280 976 64 ) (-1280 1024 64 ) 
4 242 249 (-1280 0 64 ) (-1538.500000 0 64 ) (-1538.500000 0 0 ) (-1280 0 0 ) 
4 242 243 (-1538.500000 1024 0 ) (-1280 1024 0 ) (-1280 0 0 ) (-1538.500000 0 0 ) 
4 243 252 (-1024 0 -58 ) (-1024 0 0 ) (-1538.500000 0 0 ) (-1538.500000 0 -58 ) 
4 244 277 (-1024 -1024 192 ) (-1024 -1024 474 ) (-1538.500000 -1024 474 ) (-1538.500000 -1024 192 ) 
4 244 248 (-1296 -1024 192 ) (-1538.500000 -1024 192 ) (-1538.500000 0 192 ) (-1296 0 192 ) 
4 244 247 (-1280 -1024 192 ) (-1296 -1024 192 ) (-1296 -256 192 ) (-1280 -256 192 ) 
5 244 245 (-1280 -256 192 ) (-1280 0 192 ) (-1119.199951 0 192 ) (-1024 -185.756073 192 ) (-1024 -455.804871 192 ) 
4 244 246 (-1024 -1024 192 ) (-1280 -1024 192 ) (-1280 -512 192 ) (-1024 -512 192 ) 
4 246 277 (-1024 -1024 64 ) (-1024 -1024 192 ) (-1280 -1024 192 ) (-1280 -1024 64 ) 
4 246 250 (-1024 -512 64 ) (-1024 -1024 64 ) (-1280 -1024 64 ) (-1280 -512 64 ) 
4 246 247 (-1280 -512 64 ) (-1280 -1024 64 ) (-1280 -1024 192 ) (-1280 -512 192 ) 
4 247 277 (-1280 -1024 192 ) (-1296 -1024 192 ) (-1296 -1024 64 ) (-1280 -1024 64 ) 
4 247 251 (-1280 -256 64 ) (-1280 -1024 64 ) (-1296 -1024 64 ) (-1296 -256 64 ) 
4 247 248 (-1296 -256 64 ) (-1296 -1024 64 ) (-1296 -1024 192 ) (-1296 -256 192 ) 
4 248 277 (-1296 -1024 192 ) (-1538.500000 -1024 192 ) (-1538.500000 -1024 64 ) (-1296 -1024 64 ) 
4 248 251 (-1296 -64 64 ) (-1296 -1024 64 ) (-1538.500000 -1024 64 ) (-1538.500000 -64 64 ) 
4 248 249 (-1538.500000 0 64 ) (-1296 0 64 ) (-1296 -64 64 ) (-1538.500000 -64 64 ) 
4 249 252 (-1538.500000 0 0 ) (-1280 0 0 ) (-1280 -64 0 ) (-1538.500000 -64 0 ) 
4 249 251 (-1538.500000 -64 0 ) (-1280 -64 0 ) (-1280 -64 64 ) (-1538.500000 -64 64 ) 
4 250 277 (-1024 -1024 0 ) (-1024 -1024 64 ) (-1280 -1024 64 ) (-1280 -1024 0 ) 
4 250 252 (-1024 -1024 0 ) (-1280 -1024 0 ) (-1280 -512 0 ) (-1024 -512 0 ) 
4 250 251 (-1280 -512 0 ) (-1280 -1024 0 ) (-1280 -1024 64 ) (-1280 -512 64 ) 
4 251 277 (-1280 -1024 64 ) (-1538.500000 -1024 64 ) (-1538.500000 -1024 0 ) (-1280 -1024 0 ) 
4 251 252 (-1280 -1024 0 ) (-1538.500000 -1024 0 ) (-1538.500000 -64 0 ) (-1280 -64 0 ) 
4 252 277 (-1024 -1024 -58 ) (-1024 -1024 0 ) (-1538.500000 -1024 0 ) (-1538.500000 -1024 -58 ) 
4 253 258 (336 -1024 64 ) (1024 -1024 64 ) (1024 -1088 64 ) (336 -1088 64 ) 
4 253 257 (336 -1088 64 ) (1024 -1088 64 ) (1024 -1088 474 ) (336 -1088 474 ) 
4 253 254 (336 -1088 192 ) (336 -1088 474 ) (336 -1024 474 ) (336 -1024 192 ) 
4 254 257 (336 -1088 192 ) (336 -1088 474 ) (320 -1088 474 ) (320 -1088 192 ) 
4 254 256 (320 -1088 192 ) (320 -1088 474 ) (320 -1072 474 ) (320 -1072 192 ) 
4 254 255 (320 -1072 474 ) (320 -1024 474 ) (320 -1024 192 ) (320 -1072 192 ) 
4 255 262 (0 -1024 192 ) (0 -1024 64 ) (0 -1072 64 ) (0 -1072 192 ) 
4 255 261 (0 -1024 474 ) (0 -1024 192 ) (0 -1072 192 ) (0 -1072 474 ) 
4 255 256 (320 -1072 192 ) (320 -1072 474 ) (0 -1072 474 ) (0 -1072 192 ) 
4 256 261 (0 -1088 192 ) (0 -1088 474 ) (0 -1072 474 ) (0 -1072 192 ) 
4 256 257 (320 -1088 192 ) (320 -1088 474 ) (0 -1088 474 ) (0 -1088 192 ) 
4 257 266 (0 -1520 64 ) (0 -1787.500000 64 ) (0 -1787.500000 192 ) (0 -1520 192 ) 
4 257 265 (0 -1088 64 ) (0 -1520 64 ) (0 -1520 192 ) (0 -1088 192 ) 
4 257 261 (0 -1787.500000 192 ) (0 -1787.500000 474 ) (0 -1088 474 ) (0 -1088 192 ) 
4 257 260 (0 -1787.500000 64 ) (0 -1088 64 ) (320 -1088 64 ) (320 -1787.500000 64 ) 
4 257 258 (320 -1088 64 ) (1024 -1088 64 ) (1024 -1787.500000 64 ) (320 -1787.500000 64 ) 
4 258 259 (320 -1024 -58 ) (320 -1072 -58 ) (320 -1072 0 ) (320 -1024 0 ) 
4 258 260 (320 -1072 -58 ) (320 -1787.500000 -58 ) (320 -1787.500000 64 ) (320 -1072 64 ) 
4 259 271 (0 -1024 0 ) (0 -1024 -58 ) (0 -1072 -58 ) (0 -1072 0 ) 
4 259 260 (0 -1072 -58 ) (320 -1072 -58 ) (320 -1072 0 ) (0 -1072 0 ) 
4 260 273 (0 -1072 -58 ) (0 -1787.500000 -58 ) (0 -1787.500000 64 ) (0 -1072 64 ) 
4 261 277 (-1024 -1024 474 ) (-1024 -1024 192 ) (-1024 -1787.500000 192 ) (-1024 -1787.500000 474 ) 
4 261 270 (-1024 -1787.500000 192 ) (-1024 -1520 192 ) (-96 -1520 192 ) (-96 -1787.500000 192 ) 
4 261 269 (-1024 -1520 192 ) (-1024 -1504 192 ) (-736 -1504 192 ) (-736 -1520 192 ) 
4 261 267 (-736 -1072 192 ) (-96 -1072 192 ) (-96 -1504 192 ) (-736 -1504 192 ) 
4 261 268 (-1024 -1504 192 ) (-1024 -1072 192 ) (-752 -1072 192 ) (-752 -1504 192 ) 
4 261 266 (0 -1520 192 ) (0 -1787.500000 192 ) (-96 -1787.500000 192 ) (-96 -1520 192 ) 
4 261 265 (0 -1088 192 ) (0 -1520 192 ) (-80 -1520 192 ) (-80 -1088 192 ) 
4 261 263 (-736 -1024 192 ) (-608 -1024 192 ) (-608 -1056 192 ) (-736 -1056 192 ) 
4 261 264 (-1024 -1072 192 ) (-1024 -1024 192 ) (-736 -1024 192 ) (-736 -1072 192 ) 
4 261 262 (-592 -1024 192 ) (0 -1024 192 ) (0 -1072 192 ) (-592 -1072 192 ) 
4 262 267 (-592 -1072 64 ) (-96 -1072 64 ) (-96 -1072 192 ) (-592 -1072 192 ) 
4 263 272 (-736 -1024 64 ) (-608 -1024 64 ) (-608 -1056 64 ) (-736 -1056 64 ) 
4 263 264 (-736 -1024 64 ) (-736 -1056 64 ) (-736 -1056 192 ) (-736 -1024 192 ) 
4 264 277 (-1024 -1024 192 ) (-1024 -1024 64 ) (-1024 -1072 64 ) (-1024 -1072 192 ) 
4 264 272 (-1024 -1024 64 ) (-736 -1024 64 ) (-736 -1072 64 ) (-1024 -1072 64 ) 
4 264 268 (-1024 -1072 64 ) (-752 -1072 64 ) (-752 -1072 192 ) (-1024 -1072 192 ) 
4 265 273 (0 -1088 64 ) (0 -1520 64 ) (-80 -1520 64 ) (-80 -1088 64 ) 
4 265 266 (-80 -1520 64 ) (0 -1520 64 ) (0 -1520 192 ) (-80 -1520 192 ) 
4 266 273 (0 -1520 64 ) (0 -1787.500000 64 ) (-96 -1787.500000 64 ) (-96 -1520 64 ) 
4 266 270 (-96 -1520 64 ) (-96 -1787.500000 64 ) (-96 -1787.500000 192 ) (-96 -1520 192 ) 
4 268 277 (-1024 -1072 64 ) (-1024 -1504 64 ) (-1024 -1504 192 ) (-1024 -1072 192 ) 
4 268 276 (-1024 -1504 64 ) (-1024 -1072 64 ) (-752 -1072 64 ) (-752 -1504 64 ) 
4 268 269 (-1024 -1504 64 ) (-752 -1504 64 ) (-752 -1504 192 ) (-1024 -1504 192 ) 
4 269 277 (-1024 -1504 64 ) (-1024 -1520 64 ) (-1024 -1520 192 ) (-1024 -1504 192 ) 
4 269 276 (-1024 -1520 64 ) (-1024 -1504 64 ) (-736 -1504 64 ) (-736 -1520 64 ) 
4 269 270 (-1024 -1520 64 ) (-736 -1520 64 ) (-736 -1520 192 ) (-1024 -1520 192 ) 
4 270 277 (-1024 -1520 64 ) (-1024 -1787.500000 64 ) (-1024 -1787.500000 192 ) (-1024 -1520 192 ) 
4 270 275 (-736 -1520 64 ) (-96 -1520 64 ) (-96 -1787.500000 64 ) (-736 -1787.500000 64 ) 
4 270 276 (-1024 -1787.500000 64 ) (-1024 -1520 64 ) (-736 -1520 64 ) (-736 -1787.500000 64 ) 
4 271 274 (-592 -1072 -58 ) (-96 -1072 -58 ) (-96 -1072 0 ) (-592 -1072 0 ) 
4 271 273 (-96 -1072 -58 ) (0 -1072 -58 ) (0 -1072 0 ) (-96 -1072 0 ) 
4 271 272 (-592 -1024 -58 ) (-592 -1072 -58 ) (-592 -1072 0 ) (-592 -1024 0 ) 
4 272 277 (-1024 -1024 64 ) (-1024 -1024 -58 ) (-1024 -1072 -58 ) (-1024 -1072 64 ) 
4 272 274 (-736 -1072 -58 ) (-592 -1072 -58 ) (-592 -1072 0 ) (-736 -1072 0 ) 
4 272 276 (-1024 -1072 -58 ) (-736 -1072 -58 ) (-736 -1072 64 ) (-1024 -1072 64 ) 
4 273 274 (-96 -1072 0 ) (-96 -1072 -58 ) (-96 -1504 -58 ) (-96 -1504 0 ) 
4 273 275 (-96 -1504 -58 ) (-96 -1787.500000 -58 ) (-96 -1787.500000 64 ) (-96 -1504 64 ) 
4 274 275 (-736 -1504 0 ) (-736 -1504 -58 ) (-96 -1504 -58 ) (-96 -1504 0 ) 
4 274 276 (-736 -1072 0 ) (-736 -1072 -58 ) (-736 -1504 -58 ) (-736 -1504 0 ) 
4 275 276 (-736 -1504 -58 ) (-736 -1787.500000 -58 ) (-736 -1787.500000 64 ) (-736 -1504 64 ) 
4 276 277 (-1024 -1072 -58 ) (-1024 -1787.500000 -58 ) (-1024 -1787.500000 64 ) (-1024 -1072 64 ) 
