PRT1
205
567
4 0 5 (2274.500000 2048 474 ) (2048 2048 474 ) (2048 2048 -58 ) (2274.500000 2048 -58 ) 
4 0 2 (2048 2048 -58 ) (2048 2048 474 ) (2048 2112 474 ) (2048 2112 -58 ) 
4 0 1 (2048 2112 474 ) (2048 2459.500000 474 ) (2048 2459.500000 -58 ) (2048 2112 -58 ) 
4 1 20 (1024 2459.500000 64 ) (1024 2459.500000 -58 ) (1024 2112 -58 ) (1024 2112 64 ) 
4 1 15 (1024 2112 474 ) (1024 2128 474 ) (1024 2128 64 ) (1024 2112 64 ) 
4 1 14 (1024 2128 474 ) (1024 2459.500000 474 ) (1024 2459.500000 64 ) (1024 2128 64 ) 
4 1 3 (1600 2112 64 ) (1600 2112 474 ) (1024 2112 474 ) (1024 2112 64 ) 
4 1 4 (1024 2112 -58 ) (1600 2112 -58 ) (1600 2112 0 ) (1024 2112 0 ) 
4 1 2 (1600 2112 -58 ) (2048 2112 -58 ) (2048 2112 474 ) (1600 2112 474 ) 
4 2 11 (2048 2048 -58 ) (2048 2048 64 ) (1600 2048 64 ) (1600 2048 -58 ) 
4 2 7 (2048 2048 64 ) (2048 2048 192 ) (1600 2048 192 ) (1600 2048 64 ) 
4 2 6 (2048 2048 192 ) (2048 2048 474 ) (1600 2048 474 ) (1600 2048 192 ) 
4 2 3 (1600 2112 474 ) (1600 2112 64 ) (1600 2048 64 ) (1600 2048 474 ) 
4 2 4 (1600 2112 0 ) (1600 2112 -58 ) (1600 2048 -58 ) (1600 2048 0 ) 
4 3 17 (1024 2048 64 ) (1024 2048 474 ) (1024 2112 474 ) (1024 2112 64 ) 
4 3 8 (1024 2048 192 ) (1024 2048 64 ) (1088 2048 64 ) (1088 2048 192 ) 
4 3 7 (1088 2048 64 ) (1600 2048 64 ) (1600 2048 192 ) (1088 2048 192 ) 
4 3 6 (1600 2048 474 ) (1024 2048 474 ) (1024 2048 192 ) (1600 2048 192 ) 
4 4 21 (1024 2048 -58 ) (1024 2048 0 ) (1024 2112 0 ) (1024 2112 -58 ) 
4 4 12 (1024 2048 0 ) (1024 2048 -58 ) (1600 2048 -58 ) (1600 2048 0 ) 
4 5 79 (2274.500000 1024 474 ) (2048 1024 474 ) (2048 1024 -58 ) (2274.500000 1024 -58 ) 
4 5 11 (2048 2048 64 ) (2048 2048 -58 ) (2048 1024 -58 ) (2048 1024 64 ) 
4 5 9 (2048 1856 64 ) (2048 1024 64 ) (2048 1024 192 ) (2048 1856 192 ) 
4 5 7 (2048 2048 192 ) (2048 2048 64 ) (2048 1856 64 ) (2048 1856 192 ) 
4 5 6 (2048 2048 474 ) (2048 2048 192 ) (2048 1024 192 ) (2048 1024 474 ) 
4 6 80 (2048 1024 192 ) (2048 1024 474 ) (1024 1024 474 ) (1024 1024 192 ) 
4 6 31 (1024 1024 192 ) (1024 1024 474 ) (1024 2048 474 ) (1024 2048 192 ) 
4 6 10 (1088 1024 192 ) (1024 1024 192 ) (1024 1600 192 ) (1088 1600 192 ) 
4 6 9 (2048 1024 192 ) (1088 1024 192 ) (1088 1856 192 ) (2048 1856 192 ) 
4 6 8 (1024 1984 192 ) (1024 2048 192 ) (1088 2048 192 ) (1088 1984 192 ) 
4 6 7 (1088 2048 192 ) (2048 2048 192 ) (2048 1856 192 ) (1088 1856 192 ) 
4 7 13 (1600 1856 64 ) (1088 1856 64 ) (1088 1984 64 ) (1600 1984 64 ) 
4 7 11 (2048 2048 64 ) (2048 1856 64 ) (1600 1856 64 ) (1600 2048 64 ) 
4 7 9 (1088 1856 64 ) (2048 1856 64 ) (2048 1856 192 ) (1088 1856 192 ) 
4 7 8 (1088 2048 64 ) (1088 1984 64 ) (1088 1984 192 ) (1088 2048 192 ) 
4 8 32 (1024 1984 192 ) (1024 2048 192 ) (1024 2048 64 ) (1024 1984 64 ) 
4 9 80 (2048 1024 64 ) (2048 1024 192 ) (1088 1024 192 ) (1088 1024 64 ) 
4 9 13 (1600 1024 64 ) (1088 1024 64 ) (1088 1856 64 ) (1600 1856 64 ) 
4 9 11 (2048 1856 64 ) (2048 1024 64 ) (1600 1024 64 ) (1600 1856 64 ) 
4 9 10 (1088 1600 64 ) (1088 1024 64 ) (1088 1024 192 ) (1088 1600 192 ) 
4 10 80 (1088 1024 192 ) (1024 1024 192 ) (1024 1024 64 ) (1088 1024 64 ) 
4 10 42 (1024 1024 64 ) (1024 1024 192 ) (1024 1344 192 ) (1024 1344 64 ) 
4 10 40 (1024 1344 192 ) (1024 1472 192 ) (1024 1472 64 ) (1024 1344 64 ) 
4 10 37 (1024 1472 192 ) (1024 1600 192 ) (1024 1600 64 ) (1024 1472 64 ) 
4 10 13 (1088 1024 64 ) (1024 1024 64 ) (1024 1600 64 ) (1088 1600 64 ) 
4 11 80 (2048 1024 -58 ) (2048 1024 64 ) (1600 1024 64 ) (1600 1024 -58 ) 
4 11 12 (1600 2048 -58 ) (1600 1984 -58 ) (1600 1984 0 ) (1600 2048 0 ) 
4 11 13 (1600 1984 -58 ) (1600 1024 -58 ) (1600 1024 64 ) (1600 1984 64 ) 
4 12 56 (1024 2048 0 ) (1024 2048 -58 ) (1024 1984 -58 ) (1024 1984 0 ) 
4 12 13 (1024 1984 -58 ) (1600 1984 -58 ) (1600 1984 0 ) (1024 1984 0 ) 
4 13 80 (1600 1024 64 ) (1024 1024 64 ) (1024 1024 -58 ) (1600 1024 -58 ) 
4 13 56 (1024 1024 -58 ) (1024 1024 0 ) (1024 1984 0 ) (1024 1984 -58 ) 
4 13 50 (1024 1024 0 ) (1024 1024 64 ) (1024 1856 64 ) (1024 1856 0 ) 
4 13 49 (1024 1856 64 ) (1024 1984 64 ) (1024 1984 0 ) (1024 1856 0 ) 
4 14 22 (0 2459.500000 64 ) (0 2128 64 ) (0 2128 474 ) (0 2459.500000 474 ) 
4 14 20 (0 2128 64 ) (0 2459.500000 64 ) (1024 2459.500000 64 ) (1024 2128 64 ) 
4 14 16 (832 2128 192 ) (832 2128 474 ) (0 2128 474 ) (0 2128 192 ) 
4 14 15 (832 2128 64 ) (1024 2128 64 ) (1024 2128 474 ) (832 2128 474 ) 
4 15 20 (832 2128 64 ) (1024 2128 64 ) (1024 2112 64 ) (832 2112 64 ) 
4 15 18 (848 2112 192 ) (848 2112 474 ) (832 2112 474 ) (832 2112 192 ) 
4 15 17 (848 2112 64 ) (1024 2112 64 ) (1024 2112 474 ) (848 2112 474 ) 
4 15 16 (832 2128 474 ) (832 2128 192 ) (832 2112 192 ) (832 2112 474 ) 
4 16 23 (0 2112 192 ) (0 2112 474 ) (0 2128 474 ) (0 2128 192 ) 
4 16 19 (832 2112 192 ) (832 2112 474 ) (0 2112 474 ) (0 2112 192 ) 
4 17 32 (1024 2048 64 ) (1024 2048 192 ) (848 2048 192 ) (848 2048 64 ) 
4 17 31 (1024 2048 192 ) (1024 2048 474 ) (848 2048 474 ) (848 2048 192 ) 
4 17 18 (848 2112 474 ) (848 2112 192 ) (848 2048 192 ) (848 2048 474 ) 
4 18 31 (848 2048 474 ) (832 2048 474 ) (832 2048 192 ) (848 2048 192 ) 
4 18 19 (832 2112 474 ) (832 2112 192 ) (832 2048 192 ) (832 2048 474 ) 
4 19 33 (0 2048 192 ) (0 2048 64 ) (832 2048 64 ) (832 2048 192 ) 
4 19 31 (832 2048 474 ) (0 2048 474 ) (0 2048 192 ) (832 2048 192 ) 
4 19 25 (0 2112 64 ) (0 2048 64 ) (0 2048 474 ) (0 2112 474 ) 
4 20 28 (0 2459.500000 -58 ) (0 2112 -58 ) (0 2112 64 ) (0 2459.500000 64 ) 
4 20 21 (0 2112 0 ) (0 2112 -58 ) (1024 2112 -58 ) (1024 2112 0 ) 
4 21 56 (1024 2048 -58 ) (1024 2048 0 ) (0 2048 0 ) (0 2048 -58 ) 
4 21 29 (0 2048 -58 ) (0 2048 0 ) (0 2112 0 ) (0 2112 -58 ) 
4 22 74 (-1024 2128 474 ) (-1024 2459.500000 474 ) (-1024 2459.500000 64 ) (-1024 2128 64 ) 
4 22 28 (0 2459.500000 64 ) (0 2128 64 ) (-64 2128 64 ) (-64 2459.500000 64 ) 
4 22 30 (-64 2128 64 ) (-1024 2128 64 ) (-1024 2459.500000 64 ) (-64 2459.500000 64 ) 
4 22 23 (0 2128 192 ) (0 2128 474 ) (-48 2128 474 ) (-48 2128 192 ) 
4 22 24 (-1024 2128 64 ) (-48 2128 64 ) (-48 2128 474 ) (-1024 2128 474 ) 
4 23 25 (0 2112 192 ) (0 2112 474 ) (-48 2112 474 ) (-48 2112 192 ) 
4 23 24 (-48 2128 474 ) (-48 2128 192 ) (-48 2112 192 ) (-48 2112 474 ) 
4 24 74 (-1024 2112 474 ) (-1024 2128 474 ) (-1024 2128 64 ) (-1024 2112 64 ) 
4 24 28 (-48 2112 64 ) (-64 2112 64 ) (-64 2128 64 ) (-48 2128 64 ) 
4 24 30 (-64 2112 64 ) (-1024 2112 64 ) (-1024 2128 64 ) (-64 2128 64 ) 
4 24 26 (-48 2112 192 ) (-48 2112 474 ) (-64 2112 474 ) (-64 2112 192 ) 
4 24 27 (-1024 2112 64 ) (-64 2112 64 ) (-64 2112 474 ) (-1024 2112 474 ) 
4 25 58 (-48 2048 64 ) (0 2048 64 ) (0 2048 192 ) (-48 2048 192 ) 
4 25 57 (0 2048 192 ) (0 2048 474 ) (-48 2048 474 ) (-48 2048 192 ) 
4 25 26 (-48 2112 474 ) (-48 2112 192 ) (-48 2048 192 ) (-48 2048 474 ) 
4 26 57 (-48 2048 192 ) (-48 2048 474 ) (-64 2048 474 ) (-64 2048 192 ) 
4 26 27 (-64 2112 474 ) (-64 2112 192 ) (-64 2048 192 ) (-64 2048 474 ) 
4 27 74 (-1024 2048 64 ) (-1024 2048 474 ) (-1024 2112 474 ) (-1024 2112 64 ) 
4 27 60 (-192 2048 64 ) (-64 2048 64 ) (-64 2048 192 ) (-192 2048 192 ) 
4 27 62 (-1024 2048 192 ) (-1024 2048 64 ) (-192 2048 64 ) (-192 2048 192 ) 
4 27 57 (-1024 2048 474 ) (-1024 2048 192 ) (-64 2048 192 ) (-64 2048 474 ) 
4 27 30 (-64 2048 64 ) (-1024 2048 64 ) (-1024 2112 64 ) (-64 2112 64 ) 
4 28 29 (-64 2112 0 ) (-64 2112 -58 ) (0 2112 -58 ) (0 2112 0 ) 
4 28 30 (-64 2459.500000 64 ) (-64 2459.500000 -58 ) (-64 2112 -58 ) (-64 2112 64 ) 
4 29 73 (-64 2048 -58 ) (0 2048 -58 ) (0 2048 0 ) (-64 2048 0 ) 
4 29 30 (-64 2112 -58 ) (-64 2048 -58 ) (-64 2048 0 ) (-64 2112 0 ) 
4 30 74 (-1024 2048 -58 ) (-1024 2048 64 ) (-1024 2459.500000 64 ) (-1024 2459.500000 -58 ) 
4 30 73 (-1024 2048 0 ) (-1024 2048 -58 ) (-64 2048 -58 ) (-64 2048 0 ) 
4 30 71 (-320 2048 0 ) (-192 2048 0 ) (-192 2048 64 ) (-320 2048 64 ) 
4 30 72 (-1024 2048 64 ) (-1024 2048 0 ) (-320 2048 0 ) (-320 2048 64 ) 
4 30 69 (-192 2048 0 ) (-64 2048 0 ) (-64 2048 64 ) (-192 2048 64 ) 
4 31 85 (1024 1024 192 ) (1024 1024 474 ) (0 1024 474 ) (0 1024 192 ) 
4 31 57 (0 2048 474 ) (0 2048 192 ) (0 1024 192 ) (0 1024 474 ) 
4 31 48 (320 1024 192 ) (128 1024 192 ) (192 1088 192 ) (320 1088 192 ) 
3 31 46 (0 1280 192 ) (0 1472 192 ) (192 1472 192 ) 
4 31 47 (0 1088 192 ) (0 1216 192 ) (320 1216 192 ) (320 1088 192 ) 
4 31 44 (320 1216 192 ) (320 1344 192 ) (336 1344 192 ) (336 1216 192 ) 
4 31 45 (336 1024 192 ) (320 1024 192 ) (320 1088 192 ) (336 1088 192 ) 
4 31 42 (1024 1024 192 ) (640 1024 192 ) (640 1344 192 ) (1024 1344 192 ) 
4 31 43 (576 1024 192 ) (336 1024 192 ) (336 1344 192 ) (576 1344 192 ) 
4 31 41 (320 1344 192 ) (320 1472 192 ) (704 1472 192 ) (576 1344 192 ) 
4 31 40 (704 1472 192 ) (1024 1472 192 ) (1024 1344 192 ) (704 1344 192 ) 
5 31 39 (0 1472 192 ) (0 1536 192 ) (64 1600 192 ) (192 1600 192 ) (192 1472 192 ) 
4 31 38 (320 1600 192 ) (704 1600 192 ) (704 1472 192 ) (320 1472 192 ) 
4 31 37 (720 1600 192 ) (1024 1600 192 ) (1024 1472 192 ) (720 1472 192 ) 
4 31 36 (64 1856 192 ) (192 1856 192 ) (192 1600 192 ) (64 1600 192 ) 
4 31 35 (320 1856 192 ) (576 1856 192 ) (576 1600 192 ) (320 1600 192 ) 
4 31 34 (0 1856 192 ) (0 1984 192 ) (832 1984 192 ) (832 1856 192 ) 
4 31 32 (848 2048 192 ) (1024 2048 192 ) (1024 1984 192 ) (848 1984 192 ) 
4 31 33 (0 1984 192 ) (0 2048 192 ) (832 2048 192 ) (832 1984 192 ) 
4 33 58 (0 2048 192 ) (0 2048 64 ) (0 1984 64 ) (0 1984 192 ) 
4 33 34 (0 1984 64 ) (832 1984 64 ) (832 1984 192 ) (0 1984 192 ) 
4 34 58 (0 1984 64 ) (0 1856 64 ) (0 1856 192 ) (0 1984 192 ) 
4 34 36 (64 1856 64 ) (192 1856 64 ) (192 1856 192 ) (64 1856 192 ) 
4 34 35 (320 1856 64 ) (576 1856 64 ) (576 1856 192 ) (320 1856 192 ) 
4 35 38 (320 1600 64 ) (576 1600 64 ) (576 1600 192 ) (320 1600 192 ) 
4 36 39 (64 1600 64 ) (192 1600 64 ) (192 1600 192 ) (64 1600 192 ) 
4 37 50 (1024 1600 64 ) (1024 1472 64 ) (960 1472 64 ) (960 1600 64 ) 
4 37 40 (720 1472 64 ) (1024 1472 64 ) (1024 1472 192 ) (720 1472 192 ) 
4 38 41 (320 1472 64 ) (704 1472 64 ) (704 1472 192 ) (320 1472 192 ) 
4 39 59 (0 1536 64 ) (0 1472 64 ) (0 1472 192 ) (0 1536 192 ) 
4 39 46 (0 1472 64 ) (192 1472 64 ) (192 1472 192 ) (0 1472 192 ) 
4 40 50 (1024 1472 64 ) (1024 1344 64 ) (960 1344 64 ) (960 1472 64 ) 
4 40 42 (704 1344 64 ) (1024 1344 64 ) (1024 1344 192 ) (704 1344 192 ) 
4 41 44 (320 1344 192 ) (320 1344 64 ) (336 1344 64 ) (336 1344 192 ) 
4 41 43 (336 1344 64 ) (576 1344 64 ) (576 1344 192 ) (336 1344 192 ) 
4 42 86 (1024 1024 64 ) (1024 1024 192 ) (640 1024 192 ) (640 1024 64 ) 
4 42 52 (960 1024 64 ) (640 1024 64 ) (640 1344 64 ) (960 1344 64 ) 
4 42 50 (1024 1344 64 ) (1024 1024 64 ) (960 1024 64 ) (960 1344 64 ) 
4 43 87 (576 1024 192 ) (336 1024 192 ) (336 1024 64 ) (576 1024 64 ) 
4 43 44 (336 1344 192 ) (336 1344 64 ) (336 1216 64 ) (336 1216 192 ) 
4 43 45 (336 1088 64 ) (336 1024 64 ) (336 1024 192 ) (336 1088 192 ) 
4 45 88 (336 1024 192 ) (320 1024 192 ) (320 1024 64 ) (336 1024 64 ) 
4 45 48 (320 1088 64 ) (320 1024 64 ) (320 1024 192 ) (320 1088 192 ) 
4 46 63 (0 1344 64 ) (0 1280 64 ) (0 1280 192 ) (0 1344 192 ) 
4 46 59 (0 1472 64 ) (0 1344 64 ) (0 1344 192 ) (0 1472 192 ) 
4 47 66 (0 1216 64 ) (0 1088 64 ) (0 1088 192 ) (0 1216 192 ) 
4 47 48 (192 1088 64 ) (320 1088 64 ) (320 1088 192 ) (192 1088 192 ) 
4 48 92 (192 1024 192 ) (128 1024 192 ) (128 1024 64 ) (192 1024 64 ) 
4 48 90 (320 1024 192 ) (192 1024 192 ) (192 1024 64 ) (320 1024 64 ) 
4 49 56 (1024 1984 0 ) (1024 1856 0 ) (832 1856 0 ) (832 1984 0 ) 
4 49 51 (832 1856 0 ) (960 1856 0 ) (960 1856 64 ) (832 1856 64 ) 
4 49 50 (960 1856 0 ) (1024 1856 0 ) (1024 1856 64 ) (960 1856 64 ) 
4 50 96 (1024 1024 0 ) (1024 1024 64 ) (960 1024 64 ) (960 1024 0 ) 
4 50 56 (1024 1024 0 ) (960 1024 0 ) (960 1856 0 ) (1024 1856 0 ) 
4 50 51 (960 1856 64 ) (960 1856 0 ) (960 1600 0 ) (960 1600 64 ) 
4 50 52 (960 1344 0 ) (960 1024 0 ) (960 1024 64 ) (960 1344 64 ) 
4 51 56 (576 1600 0 ) (576 1856 0 ) (960 1856 0 ) (960 1600 0 ) 
4 52 96 (960 1024 64 ) (576 1024 64 ) (576 1024 0 ) (960 1024 0 ) 
4 52 56 (960 1024 0 ) (576 1024 0 ) (576 1344 0 ) (960 1344 0 ) 
4 53 56 (192 1344 0 ) (192 1856 0 ) (320 1856 0 ) (320 1344 0 ) 
4 54 68 (0 1856 0 ) (0 1600 0 ) (0 1600 64 ) (0 1856 64 ) 
4 54 56 (0 1600 0 ) (0 1856 0 ) (64 1856 0 ) (64 1600 0 ) 
4 55 97 (64 1024 64 ) (0 1024 64 ) (0 1024 0 ) (64 1024 0 ) 
4 55 70 (0 1088 0 ) (0 1024 0 ) (0 1024 64 ) (0 1088 64 ) 
4 55 56 (64 1024 0 ) (0 1024 0 ) (0 1088 0 ) (64 1088 0 ) 
4 56 101 (1024 1024 -58 ) (1024 1024 0 ) (0 1024 0 ) (0 1024 -58 ) 
4 56 73 (0 2048 0 ) (0 2048 -58 ) (0 1024 -58 ) (0 1024 0 ) 
4 57 102 (0 1024 192 ) (0 1024 474 ) (-1024 1024 474 ) (-1024 1024 192 ) 
4 57 76 (-1024 1024 192 ) (-1024 1024 474 ) (-1024 1216 474 ) (-1024 1216 192 ) 
4 57 75 (-1024 1216 474 ) (-1024 2048 474 ) (-1024 2048 192 ) (-1024 1216 192 ) 
4 57 67 (-308.800140 1024 192 ) (-1024 1024 192 ) (-1024 1088 192 ) (-200 1088 192 ) 
4 57 66 (-1024 1088 192 ) (-896 1216 192 ) (0 1216 192 ) (0 1088 192 ) 
4 57 64 (-896 1344 192 ) (-320 1344 192 ) (-320 1232 192 ) (-896 1232 192 ) 
4 57 65 (-1024 1216 192 ) (-1024 1344 192 ) (-896 1344 192 ) (-896 1216 192 ) 
5 57 63 (-192 1344 192 ) (0 1344 192 ) (0 1280 192 ) (-64 1216 192 ) (-320 1216 192 ) 
3 57 61 (-64 1472 192 ) (-64 1344 192 ) (-192 1344 192 ) 
4 57 60 (-192 2048 192 ) (-64 2048 192 ) (-64 1472 192 ) (-192 1472 192 ) 
4 57 62 (-1024 1344 192 ) (-1024 2048 192 ) (-192 2048 192 ) (-192 1344 192 ) 
4 57 59 (0 1536 192 ) (0 1344 192 ) (-64 1344 192 ) (-64 1472 192 ) 
4 57 58 (-48 2048 192 ) (0 2048 192 ) (0 1856 192 ) (-48 1856 192 ) 
4 59 63 (-64 1344 64 ) (0 1344 64 ) (0 1344 192 ) (-64 1344 192 ) 
4 59 61 (-64 1472 64 ) (-64 1344 64 ) (-64 1344 192 ) (-64 1472 192 ) 
4 60 69 (-192 2048 64 ) (-64 2048 64 ) (-64 1472 64 ) (-192 1472 64 ) 
4 60 62 (-192 2048 64 ) (-192 1472 64 ) (-192 1472 192 ) (-192 2048 192 ) 
4 61 63 (-192 1344 64 ) (-64 1344 64 ) (-64 1344 192 ) (-192 1344 192 ) 
4 62 75 (-1024 1344 192 ) (-1024 2048 192 ) (-1024 2048 64 ) (-1024 1344 64 ) 
4 62 71 (-320 2048 64 ) (-192 2048 64 ) (-192 1344 64 ) (-320 1344 64 ) 
4 62 72 (-1024 1344 64 ) (-1024 2048 64 ) (-320 2048 64 ) (-320 1344 64 ) 
4 62 64 (-896 1344 64 ) (-320 1344 64 ) (-320 1344 192 ) (-896 1344 192 ) 
4 62 65 (-1024 1344 64 ) (-896 1344 64 ) (-896 1344 192 ) (-1024 1344 192 ) 
4 63 66 (-320 1216 64 ) (-64 1216 64 ) (-64 1216 192 ) (-320 1216 192 ) 
4 64 72 (-896 1344 64 ) (-320 1344 64 ) (-320 1232 64 ) (-896 1232 64 ) 
4 64 65 (-896 1344 192 ) (-896 1344 64 ) (-896 1232 64 ) (-896 1232 192 ) 
4 65 75 (-1024 1216 192 ) (-1024 1344 192 ) (-1024 1344 64 ) (-1024 1216 64 ) 
4 65 72 (-1024 1216 64 ) (-1024 1344 64 ) (-896 1344 64 ) (-896 1216 64 ) 
4 66 67 (-1024 1088 64 ) (-200 1088 64 ) (-200 1088 192 ) (-1024 1088 192 ) 
4 67 106 (-336 1024 192 ) (-1024 1024 192 ) (-1024 1024 64 ) (-336 1024 64 ) 
4 67 104 (-308.800140 1024 192 ) (-336 1024 192 ) (-336 1024 64 ) (-308.800110 1024 64 ) 
4 68 73 (0 1856 0 ) (0 1600 0 ) (-64 1600 0 ) (-64 1856 0 ) 
4 68 69 (-64 1856 0 ) (-64 1600 0 ) (-64 1600 64 ) (-64 1856 64 ) 
4 69 73 (-192 1472 0 ) (-192 2048 0 ) (-64 2048 0 ) (-64 1472 0 ) 
4 69 71 (-192 2048 0 ) (-192 1472 0 ) (-192 1472 64 ) (-192 2048 64 ) 
4 70 126 (-64 1024 64 ) (-192 1024 64 ) (-192 1024 0 ) (-64 1024 0 ) 
4 70 124 (0 1024 0 ) (0 1024 64 ) (-64 1024 64 ) (-64 1024 0 ) 
4 70 73 (0 1024 0 ) (-192 1024 0 ) (-192 1088 0 ) (0 1088 0 ) 
4 71 73 (-320 2048 0 ) (-192 2048 0 ) (-192 1344 0 ) (-320 1344 0 ) 
4 71 72 (-320 2048 0 ) (-320 1344 0 ) (-320 1344 64 ) (-320 2048 64 ) 
4 72 75 (-1024 1216 64 ) (-1024 2048 64 ) (-1024 2048 0 ) (-1024 1216 0 ) 
4 72 73 (-1024 1216 0 ) (-1024 2048 0 ) (-320 2048 0 ) (-320 1216 0 ) 
4 73 128 (0 1024 -58 ) (0 1024 0 ) (-1024 1024 0 ) (-1024 1024 -58 ) 
4 73 77 (-1024 1024 -58 ) (-1024 1024 0 ) (-1024 1216 0 ) (-1024 1216 -58 ) 
4 73 75 (-1024 1216 0 ) (-1024 2048 0 ) (-1024 2048 -58 ) (-1024 1216 -58 ) 
4 74 75 (-1024 2048 -58 ) (-1024 2048 474 ) (-1152 2048 474 ) (-1152 2048 -58 ) 
4 74 78 (-1152 2048 474 ) (-1538.500000 2048 474 ) (-1538.500000 2048 -58 ) (-1152 2048 -58 ) 
4 75 76 (-1152 1216 474 ) (-1152 1216 192 ) (-1024 1216 192 ) (-1024 1216 474 ) 
4 75 77 (-1152 1216 64 ) (-1152 1216 -58 ) (-1024 1216 -58 ) (-1024 1216 64 ) 
4 75 78 (-1152 2048 -58 ) (-1152 1216 -58 ) (-1152 1216 474 ) (-1152 2048 474 ) 
4 76 160 (-1024 1024 192 ) (-1024 1024 474 ) (-1152 1024 474 ) (-1152 1024 192 ) 
4 76 78 (-1152 1024 192 ) (-1152 1024 474 ) (-1152 1216 474 ) (-1152 1216 192 ) 
4 77 165 (-1024 1024 0 ) (-1024 1024 64 ) (-1152 1024 64 ) (-1152 1024 0 ) 
4 77 166 (-1024 1024 -58 ) (-1024 1024 0 ) (-1152 1024 0 ) (-1152 1024 -58 ) 
4 77 78 (-1152 1216 -58 ) (-1152 1024 -58 ) (-1152 1024 64 ) (-1152 1216 64 ) 
4 78 167 (-1538.500000 1024 64 ) (-1538.500000 1024 -58 ) (-1152 1024 -58 ) (-1152 1024 64 ) 
4 78 164 (-1168 1024 474 ) (-1538.500000 1024 474 ) (-1538.500000 1024 64 ) (-1168 1024 64 ) 
4 78 162 (-1152 1024 474 ) (-1168 1024 474 ) (-1168 1024 64 ) (-1152 1024 64 ) 
4 79 81 (2274.500000 0 474 ) (2048 0 474 ) (2048 0 -58 ) (2274.500000 0 -58 ) 
4 79 80 (2048 1024 474 ) (2048 1024 -58 ) (2048 0 -58 ) (2048 0 474 ) 
4 80 101 (1024 1024 0 ) (1024 1024 -58 ) (1024 0 -58 ) (1024 0 0 ) 
4 80 96 (1024 1024 64 ) (1024 1024 0 ) (1024 0 0 ) (1024 0 64 ) 
4 80 86 (1024 1024 192 ) (1024 1024 64 ) (1024 0 64 ) (1024 0 192 ) 
4 80 85 (1024 1024 474 ) (1024 1024 192 ) (1024 0 192 ) (1024 0 474 ) 
4 80 82 (2048 0 -58 ) (2048 0 474 ) (1024 0 474 ) (1024 0 -58 ) 
4 81 83 (2274.500000 -1024 474 ) (2048 -1024 474 ) (2048 -1024 -58 ) (2274.500000 -1024 -58 ) 
4 81 82 (2048 0 474 ) (2048 0 -58 ) (2048 -1024 -58 ) (2048 -1024 474 ) 
4 82 143 (1024 -1024 -58 ) (1024 -1024 0 ) (1024 0 0 ) (1024 0 -58 ) 
4 82 140 (1024 -1024 0 ) (1024 -1024 64 ) (1024 -640 64 ) (1024 -640 0 ) 
4 82 139 (1024 -640 64 ) (1024 0 64 ) (1024 0 0 ) (1024 -640 0 ) 
4 82 134 (1024 -1024 64 ) (1024 -1024 192 ) (1024 -640 192 ) (1024 -640 64 ) 
4 82 130 (1024 -640 192 ) (1024 0 192 ) (1024 0 64 ) (1024 -640 64 ) 
4 82 129 (1024 -1024 192 ) (1024 -1024 474 ) (1024 0 474 ) (1024 0 192 ) 
4 82 84 (2048 -1024 -58 ) (2048 -1024 474 ) (1024 -1024 474 ) (1024 -1024 -58 ) 
4 83 84 (2048 -1024 474 ) (2048 -1024 -58 ) (2048 -1787.500000 -58 ) (2048 -1787.500000 474 ) 
4 84 188 (1024 -1152 -58 ) (1024 -1787.500000 -58 ) (1024 -1787.500000 64 ) (1024 -1152 64 ) 
4 84 186 (1024 -1024 64 ) (1024 -1024 -58 ) (1024 -1152 -58 ) (1024 -1152 64 ) 
4 84 185 (1024 -1600 64 ) (1024 -1787.500000 64 ) (1024 -1787.500000 192 ) (1024 -1600 192 ) 
4 84 184 (1024 -1584 64 ) (1024 -1600 64 ) (1024 -1600 192 ) (1024 -1584 192 ) 
4 84 178 (1024 -1024 192 ) (1024 -1024 64 ) (1024 -1584 64 ) (1024 -1584 192 ) 
4 84 177 (1024 -1787.500000 474 ) (1024 -1024 474 ) (1024 -1024 192 ) (1024 -1787.500000 192 ) 
4 85 129 (1024 0 192 ) (1024 0 474 ) (0 0 474 ) (0 0 192 ) 
4 85 102 (0 1024 474 ) (0 1024 192 ) (0 0 192 ) (0 0 474 ) 
4 85 95 (0 0 192 ) (0 9.865962 192 ) (160 192 192 ) (160 0 192 ) 
4 85 94 (176 192 192 ) (320 192 192 ) (320 0 192 ) (176 0 192 ) 
4 85 93 (0 576 192 ) (0 768 192 ) (64 832 192 ) (64 576 192 ) 
5 85 92 (128 1024 192 ) (192 1024 192 ) (192 192 192 ) (64 192 192 ) (64 960 192 ) 
4 85 90 (192 1024 192 ) (320 1024 192 ) (320 960 192 ) (192 832 192 ) 
4 85 91 (320 576 192 ) (320 192 192 ) (192 192 192 ) (192 576 192 ) 
4 85 88 (320 1024 192 ) (336 1024 192 ) (336 576 192 ) (320 576 192 ) 
4 85 89 (336 320 192 ) (336 0 192 ) (320 0 192 ) (320 320 192 ) 
4 85 87 (336 1024 192 ) (576 1024 192 ) (576 0 192 ) (336 0 192 ) 
4 85 86 (640 1024 192 ) (1024 1024 192 ) (1024 0 192 ) (640 0 192 ) 
4 86 130 (1024 0 64 ) (1024 0 192 ) (640 0 192 ) (640 0 64 ) 
4 86 96 (1024 0 64 ) (640 0 64 ) (640 1024 64 ) (1024 1024 64 ) 
4 87 131 (576 0 192 ) (336 0 192 ) (336 0 64 ) (576 0 64 ) 
4 87 88 (336 1024 64 ) (336 576 64 ) (336 576 192 ) (336 1024 192 ) 
4 87 89 (336 320 64 ) (336 0 64 ) (336 0 192 ) (336 320 192 ) 
4 88 90 (320 1024 64 ) (320 960 64 ) (320 960 192 ) (320 1024 192 ) 
4 89 131 (336 0 192 ) (320 0 192 ) (320 0 64 ) (336 0 64 ) 
4 89 94 (320 192 64 ) (320 0 64 ) (320 0 192 ) (320 192 192 ) 
4 89 91 (320 320 64 ) (320 192 64 ) (320 192 192 ) (320 320 192 ) 
4 90 92 (192 1024 64 ) (192 832 64 ) (192 832 192 ) (192 1024 192 ) 
4 91 94 (192 192 64 ) (320 192 64 ) (320 192 192 ) (192 192 192 ) 
4 91 92 (192 576 64 ) (192 192 64 ) (192 192 192 ) (192 576 192 ) 
4 92 94 (176 192 64 ) (192 192 64 ) (192 192 192 ) (176 192 192 ) 
4 92 93 (64 832 64 ) (64 576 64 ) (64 576 192 ) (64 832 192 ) 
4 93 110 (0 704 64 ) (0 576 64 ) (0 576 192 ) (0 704 192 ) 
4 93 103 (0 768 64 ) (0 704 64 ) (0 704 192 ) (0 768 192 ) 
4 94 131 (320 0 192 ) (176 0 192 ) (176 0 64 ) (320 0 64 ) 
4 95 132 (160 0 192 ) (0 0 192 ) (0 0 64 ) (160 0 64 ) 
4 95 119 (0 9.865967 64 ) (0 0 64 ) (0 0 192 ) (0 9.865962 192 ) 
4 95 100 (48 0 64 ) (0 0 64 ) (0 9.865962 64 ) (48 64.506172 64 ) 
4 96 139 (1024 0 0 ) (1024 0 64 ) (576 0 64 ) (576 0 0 ) 
4 96 101 (576 1024 0 ) (1024 1024 0 ) (1024 0 0 ) (576 0 0 ) 
4 97 124 (0 1024 64 ) (0 1024 0 ) (0 832 0 ) (0 832 64 ) 
4 97 101 (0 832 0 ) (0 1024 0 ) (64 1024 0 ) (64 832 0 ) 
4 98 101 (192 832 0 ) (320 832 0 ) (320 576 0 ) (192 576 0 ) 
4 99 125 (0 576 0 ) (0 336 0 ) (0 336 64 ) (0 576 64 ) 
4 99 101 (0 336 0 ) (0 576 0 ) (64 576 0 ) (64 336 0 ) 
4 99 100 (0 336 0 ) (48 336 0 ) (48 336 64 ) (0 336 64 ) 
4 100 142 (48 0 64 ) (0 0 64 ) (0 0 0 ) (48 0 0 ) 
4 100 125 (0 336 0 ) (0 0 0 ) (0 0 64 ) (0 336 64 ) 
4 100 101 (0 0 0 ) (0 336 0 ) (48 336 0 ) (48 0 0 ) 
4 101 143 (1024 0 -58 ) (1024 0 0 ) (0 0 0 ) (0 0 -58 ) 
4 101 128 (0 1024 0 ) (0 1024 -58 ) (0 0 -58 ) (0 0 0 ) 
4 102 160 (-1024 1024 474 ) (-1024 1024 192 ) (-1024 0 192 ) (-1024 0 474 ) 
4 102 144 (0 0 192 ) (0 0 474 ) (-1024 0 474 ) (-1024 0 192 ) 
3 102 122 (-816.001221 0 192 ) (-1008 0 192 ) (-1008 192 192 ) 
4 102 123 (-1008 0 192 ) (-1024 0 192 ) (-1024 192 192 ) (-1008 192 192 ) 
3 102 120 (-192 64.001434 192 ) (-192 192 192 ) (-74.668015 192 192 ) 
3 102 119 (0 0 192 ) (-8.666990 0 192 ) (0 9.865967 192 ) 
4 102 121 (-192 0 192 ) (-624 0 192 ) (-624 192 192 ) (-192 192 192 ) 
3 102 117 (-624 320 192 ) (-624 192 192 ) (-752 320 192 ) 
4 102 116 (-1008 448 192 ) (-624 448 192 ) (-624 320 192 ) (-1008 320 192 ) 
4 102 115 (-624 448 192 ) (-64 448 192 ) (-64 192 192 ) (-624 192 192 ) 
4 102 118 (-1024 192 192 ) (-1024 448 192 ) (-1008 448 192 ) (-1008 192 192 ) 
4 102 114 (-992 512 192 ) (-64 512 192 ) (-64 448 192 ) (-992 448 192 ) 
4 102 111 (-992 704 192 ) (-64 704 192 ) (-64 512 192 ) (-992 512 192 ) 
4 102 110 (-64 704 192 ) (0 704 192 ) (0 576 192 ) (-64 576 192 ) 
3 102 109 (-1024 704 192 ) (-1024 960 192 ) (-896 960 192 ) 
3 102 108 (-896 896 192 ) (-896 704 192 ) (-992 704 192 ) 
5 102 107 (-896 960 192 ) (-576 960 192 ) (-336 848 192 ) (-336 704 192 ) (-896 704 192 ) 
4 102 106 (-1024 960 192 ) (-1024 1024 192 ) (-336 1024 192 ) (-336 960 192 ) 
3 102 104 (-336 1024 192 ) (-308.800110 1024 192 ) (-336 1008 192 ) 
4 102 105 (-64 848 192 ) (-64 704 192 ) (-336 704 192 ) (-336 848 192 ) 
3 102 103 (0 768 192 ) (0 704 192 ) (-64 704 192 ) 
4 103 110 (-64 704 64 ) (0 704 64 ) (0 704 192 ) (-64 704 192 ) 
4 104 106 (-336 1024 64 ) (-336 1008 64 ) (-336 1008 192 ) (-336 1024 192 ) 
4 105 112 (-336 704 64 ) (-64 704 64 ) (-64 704 80 ) (-336 704 80 ) 
4 105 111 (-64 704 80 ) (-64 704 192 ) (-336 704 192 ) (-336 704 80 ) 
4 105 107 (-336 848 64 ) (-336 704 64 ) (-336 704 192 ) (-336 848 192 ) 
4 106 109 (-1024 960 64 ) (-896 960 64 ) (-896 960 192 ) (-1024 960 192 ) 
4 106 107 (-896 960 64 ) (-576 960 64 ) (-576 960 192 ) (-896 960 192 ) 
4 107 112 (-512 704 64 ) (-336 704 64 ) (-336 704 80 ) (-512 704 80 ) 
4 107 113 (-896 704 64 ) (-704 704 64 ) (-704 704 80 ) (-896 704 80 ) 
4 107 111 (-336 704 80 ) (-336 704 192 ) (-896 704 192 ) (-896 704 80 ) 
4 107 108 (-896 896 64 ) (-896 704 64 ) (-896 704 192 ) (-896 896 192 ) 
4 108 113 (-992 704 64 ) (-896 704 64 ) (-896 704 80 ) (-992 704 80 ) 
4 108 111 (-896 704 80 ) (-896 704 192 ) (-992 704 192 ) (-992 704 80 ) 
4 109 161 (-1024 960 64 ) (-1024 704 64 ) (-1024 704 192 ) (-1024 960 192 ) 
4 110 112 (-64 704 80 ) (-64 704 64 ) (-64 576 64 ) (-64 576 80 ) 
4 110 111 (-64 704 192 ) (-64 704 80 ) (-64 576 80 ) (-64 576 192 ) 
4 111 114 (-64 512 80 ) (-64 512 192 ) (-992 512 192 ) (-992 512 80 ) 
4 111 112 (-64 512 80 ) (-512 512 80 ) (-512 704 80 ) (-64 704 80 ) 
4 111 113 (-704 512 80 ) (-992 512 80 ) (-992 704 80 ) (-704 704 80 ) 
4 112 114 (-512 512 64 ) (-64 512 64 ) (-64 512 80 ) (-512 512 80 ) 
4 113 114 (-992 512 64 ) (-704 512 64 ) (-704 512 80 ) (-992 512 80 ) 
4 114 116 (-992 448 64 ) (-624 448 64 ) (-624 448 192 ) (-992 448 192 ) 
4 114 115 (-624 448 64 ) (-64 448 64 ) (-64 448 192 ) (-624 448 192 ) 
4 115 120 (-192 192 64 ) (-74.666710 192 64 ) (-74.668015 192 192 ) (-192 192 192 ) 
4 115 121 (-624 192 64 ) (-192 192 64 ) (-192 192 192 ) (-624 192 192 ) 
4 115 117 (-624 320 64 ) (-624 192 64 ) (-624 192 192 ) (-624 320 192 ) 
4 115 116 (-624 448 192 ) (-624 448 64 ) (-624 320 64 ) (-624 320 192 ) 
4 116 117 (-752 320 64 ) (-624 320 64 ) (-624 320 192 ) (-752 320 192 ) 
4 116 118 (-1008 448 192 ) (-1008 448 64 ) (-1008 320 64 ) (-1008 320 192 ) 
4 118 161 (-1024 448 64 ) (-1024 192 64 ) (-1024 192 192 ) (-1024 448 192 ) 
4 118 123 (-1024 192 64 ) (-1008 192 64 ) (-1008 192 192 ) (-1024 192 192 ) 
4 119 145 (0 0 64 ) (0 0 192 ) (-8.666990 0 192 ) (-8.666992 0 64 ) 
3 119 125 (0 9.865967 64 ) (0 0 64 ) (-8.666990 0 64 ) 
4 120 121 (-192 192 192 ) (-192 192 64 ) (-192 64 64 ) (-192 64.001434 192 ) 
4 121 147 (-192 0 192 ) (-624 0 192 ) (-624 0 64 ) (-192 0 64 ) 
4 122 148 (-816.001221 0 192 ) (-1008 0 192 ) (-1008 0 64 ) (-816.001221 0 64 ) 
4 122 123 (-1008 192 192 ) (-1008 192 64 ) (-1008 0 64 ) (-1008 0 192 ) 
4 123 161 (-1024 192 64 ) (-1024 0 64 ) (-1024 0 192 ) (-1024 192 192 ) 
4 123 148 (-1008 0 192 ) (-1024 0 192 ) (-1024 0 64 ) (-1008 0 64 ) 
4 124 128 (-64 832 0 ) (-64 1024 0 ) (0 1024 0 ) (0 832 0 ) 
4 124 126 (-64 1024 0 ) (-64 960 0 ) (-64 960 64 ) (-64 1024 64 ) 
4 125 156 (0 0 0 ) (0 0 64 ) (-64 0 64 ) (-64 0 0 ) 
4 125 128 (0 0 0 ) (-64 0 0 ) (-64 576 0 ) (0 576 0 ) 
4 125 127 (-64 64 0 ) (-64 0 0 ) (-64 0 64 ) (-64 64 64 ) 
4 126 128 (-192 960 0 ) (-192 1024 0 ) (-64 1024 0 ) (-64 960 0 ) 
4 127 156 (-64 0 64 ) (-192 0 64 ) (-192 0 0 ) (-64 0 0 ) 
4 127 128 (-64 0 0 ) (-192 0 0 ) (-192 64 0 ) (-64 64 0 ) 
4 128 166 (-1024 1024 0 ) (-1024 1024 -58 ) (-1024 0 -58 ) (-1024 0 0 ) 
4 128 159 (0 0 -58 ) (0 0 0 ) (-1024 0 0 ) (-1024 0 -58 ) 
4 129 177 (1024 -1024 192 ) (1024 -1024 474 ) (0 -1024 474 ) (0 -1024 192 ) 
4 129 144 (0 0 474 ) (0 0 192 ) (0 -1024 192 ) (0 -1024 474 ) 
4 129 137 (336 -768 192 ) (448 -768 192 ) (448 -1024 192 ) (336 -1024 192 ) 
4 129 138 (0 -1024 192 ) (0 -768 192 ) (320 -768 192 ) (320 -1024 192 ) 
4 129 136 (0 -768 192 ) (0 -640 192 ) (448 -640 192 ) (320 -768 192 ) 
4 129 135 (576 -704 192 ) (576 -1024 192 ) (448 -1024 192 ) (448 -704 192 ) 
4 129 134 (576 -640 192 ) (1024 -640 192 ) (1024 -1024 192 ) (576 -1024 192 ) 
4 129 133 (0 -640 192 ) (0 -384 192 ) (176 -384 192 ) (176 -640 192 ) 
4 129 132 (0 -368 192 ) (0 0 192 ) (160 0 192 ) (160 -368 192 ) 
4 129 130 (640 0 192 ) (1024 0 192 ) (1024 -640 192 ) (640 -640 192 ) 
4 129 131 (176 0 192 ) (576 0 192 ) (576 -640 192 ) (176 -640 192 ) 
4 130 139 (640 0 64 ) (1024 0 64 ) (1024 -640 64 ) (640 -640 64 ) 
4 130 134 (640 -640 64 ) (1024 -640 64 ) (1024 -640 192 ) (640 -640 192 ) 
4 131 136 (176 -640 64 ) (448 -640 64 ) (448 -640 192 ) (176 -640 192 ) 
4 131 133 (176 -384 64 ) (176 -640 64 ) (176 -640 192 ) (176 -384 192 ) 
4 132 145 (0 0 192 ) (0 0 64 ) (0 -368 64 ) (0 -368 192 ) 
4 132 142 (0 -320 64 ) (0 0 64 ) (48 0 64 ) (48 -320 64 ) 
4 133 146 (0 -384 64 ) (0 -640 64 ) (0 -640 192 ) (0 -384 192 ) 
4 133 136 (0 -640 64 ) (176 -640 64 ) (176 -640 192 ) (0 -640 192 ) 
4 134 178 (1024 -1024 64 ) (1024 -1024 192 ) (576 -1024 192 ) (576 -1024 64 ) 
4 134 140 (1024 -1024 64 ) (576 -1024 64 ) (576 -640 64 ) (1024 -640 64 ) 
4 134 135 (576 -704 64 ) (576 -1024 64 ) (576 -1024 192 ) (576 -704 192 ) 
4 135 178 (576 -1024 192 ) (448 -1024 192 ) (448 -1024 64 ) (576 -1024 64 ) 
4 135 140 (576 -1024 64 ) (448 -1024 64 ) (448 -704 64 ) (576 -704 64 ) 
4 135 137 (448 -768 64 ) (448 -1024 64 ) (448 -1024 192 ) (448 -768 192 ) 
4 136 146 (0 -640 64 ) (0 -768 64 ) (0 -768 192 ) (0 -640 192 ) 
4 136 138 (0 -768 64 ) (320 -768 64 ) (320 -768 192 ) (0 -768 192 ) 
4 137 178 (448 -1024 192 ) (336 -1024 192 ) (336 -1024 64 ) (448 -1024 64 ) 
4 137 141 (448 -1024 64 ) (336 -1024 64 ) (336 -768 64 ) (448 -768 64 ) 
4 138 182 (192 -1024 192 ) (176 -1024 192 ) (176 -1024 64 ) (192 -1024 64 ) 
4 138 183 (176 -1024 192 ) (0 -1024 192 ) (0 -1024 64 ) (176 -1024 64 ) 
4 138 180 (320 -1024 192 ) (192 -1024 192 ) (192 -1024 64 ) (320 -1024 64 ) 
4 138 146 (0 -768 64 ) (0 -1024 64 ) (0 -1024 192 ) (0 -768 192 ) 
4 139 143 (576 0 0 ) (1024 0 0 ) (1024 -640 0 ) (576 -640 0 ) 
4 139 140 (576 -640 0 ) (1024 -640 0 ) (1024 -640 64 ) (576 -640 64 ) 
4 140 186 (1024 -1024 0 ) (1024 -1024 64 ) (448 -1024 64 ) (448 -1024 0 ) 
4 140 143 (1024 -640 0 ) (1024 -1024 0 ) (448 -1024 0 ) (448 -640 0 ) 
4 140 141 (448 -768 0 ) (448 -1024 0 ) (448 -1024 64 ) (448 -768 64 ) 
4 141 186 (448 -1024 64 ) (320 -1024 64 ) (320 -1024 0 ) (448 -1024 0 ) 
4 141 143 (448 -1024 0 ) (320 -1024 0 ) (320 -768 0 ) (448 -768 0 ) 
4 142 156 (0 0 64 ) (0 0 0 ) (0 -320 0 ) (0 -320 64 ) 
4 142 143 (0 -320 0 ) (0 0 0 ) (48 0 0 ) (48 -320 0 ) 
4 143 187 (320 -1024 0 ) (0 -1024 0 ) (0 -1024 -58 ) (320 -1024 -58 ) 
4 143 186 (1024 -1024 -58 ) (1024 -1024 0 ) (320 -1024 0 ) (320 -1024 -58 ) 
4 143 159 (0 0 0 ) (0 0 -58 ) (0 -1024 -58 ) (0 -1024 0 ) 
4 144 191 (0 -1024 192 ) (0 -1024 474 ) (-1024 -1024 474 ) (-1024 -1024 192 ) 
4 144 168 (-1024 -320 474 ) (-1024 0 474 ) (-1024 0 192 ) (-1024 -320 192 ) 
4 144 170 (-1024 -1024 192 ) (-1024 -1024 474 ) (-1024 -320 474 ) (-1024 -320 192 ) 
4 144 154 (-192 -1024 192 ) (-320 -1024 192 ) (-320 -592 192 ) (-192 -592 192 ) 
4 144 155 (-336 -1024 192 ) (-1024 -1024 192 ) (-1024 -592 192 ) (-336 -592 192 ) 
4 144 152 (-320 -576 192 ) (-192 -576 192 ) (-192 -592 192 ) (-320 -592 192 ) 
4 144 153 (-1024 -592 192 ) (-1024 -576 192 ) (-848 -576 192 ) (-848 -592 192 ) 
4 144 150 (-832 -320 192 ) (-192 -320 192 ) (-192 -576 192 ) (-832 -576 192 ) 
4 144 151 (-1024 -576 192 ) (-1024 -320 192 ) (-848 -320 192 ) (-848 -576 192 ) 
5 144 149 (-1024 -192 192 ) (-1024 -64 192 ) (-192 -64 192 ) (-192 -320 192 ) (-896 -320 192 ) 
4 144 148 (-1024 -64 192 ) (-1024 0 192 ) (-816.001221 0 192 ) (-752.001282 -64 192 ) 
4 144 147 (-624 0 192 ) (-192 0 192 ) (-192 -64 192 ) (-624 -64 192 ) 
4 144 146 (0 -1024 192 ) (-192 -1024 192 ) (-192 -384 192 ) (0 -384 192 ) 
5 144 145 (-8.666992 0 192 ) (0 0 192 ) (0 -368 192 ) (-176 -368 192 ) (-176 -190.481476 192 ) 
5 145 156 (0 0 64 ) (0 -320 64 ) (-176 -320 64 ) (-176 -190.481476 64 ) (-8.666992 0 64 ) 
4 146 192 (0 -1024 64 ) (0 -1024 192 ) (-192 -1024 192 ) (-192 -1024 64 ) 
4 146 154 (-192 -592 64 ) (-192 -1024 64 ) (-192 -1024 192 ) (-192 -592 192 ) 
4 146 152 (-192 -576 64 ) (-192 -592 64 ) (-192 -592 192 ) (-192 -576 192 ) 
4 146 150 (-192 -384 64 ) (-192 -576 64 ) (-192 -576 192 ) (-192 -384 192 ) 
4 147 149 (-624 -64 64 ) (-192 -64 64 ) (-192 -64 192 ) (-624 -64 192 ) 
4 148 169 (-1024 -64 192 ) (-1024 0 192 ) (-1024 0 64 ) (-1024 -64 64 ) 
4 148 149 (-1024 -64 64 ) (-752.001221 -64 64 ) (-752.001282 -64 192 ) (-1024 -64 192 ) 
4 149 169 (-1024 -192 192 ) (-1024 -64 192 ) (-1024 -64 64 ) (-1024 -192 64 ) 
4 149 150 (-832 -320 64 ) (-192 -320 64 ) (-192 -320 192 ) (-832 -320 192 ) 
4 149 151 (-896 -320 64 ) (-848 -320 64 ) (-848 -320 192 ) (-896 -320 192 ) 
4 150 152 (-320 -576 64 ) (-192 -576 64 ) (-192 -576 192 ) (-320 -576 192 ) 
4 151 170 (-1024 -576 192 ) (-1024 -320 192 ) (-1024 -320 64 ) (-1024 -576 64 ) 
4 151 157 (-1024 -576 64 ) (-1024 -320 64 ) (-848 -320 64 ) (-848 -576 64 ) 
4 151 153 (-1024 -576 64 ) (-848 -576 64 ) (-848 -576 192 ) (-1024 -576 192 ) 
4 152 154 (-320 -592 64 ) (-192 -592 64 ) (-192 -592 192 ) (-320 -592 192 ) 
4 153 170 (-1024 -592 192 ) (-1024 -576 192 ) (-1024 -576 64 ) (-1024 -592 64 ) 
4 153 158 (-1024 -592 64 ) (-1024 -576 64 ) (-848 -576 64 ) (-848 -592 64 ) 
4 153 155 (-1024 -592 64 ) (-848 -592 64 ) (-848 -592 192 ) (-1024 -592 192 ) 
4 154 192 (-192 -1024 192 ) (-320 -1024 192 ) (-320 -1024 64 ) (-192 -1024 64 ) 
4 155 193 (-336 -1024 192 ) (-464 -1024 192 ) (-464 -1024 64 ) (-336 -1024 64 ) 
4 155 194 (-464 -1024 192 ) (-1024 -1024 192 ) (-1024 -1024 64 ) (-464 -1024 64 ) 
4 155 170 (-1024 -1024 64 ) (-1024 -1024 192 ) (-1024 -592 192 ) (-1024 -592 64 ) 
4 155 158 (-336 -1024 64 ) (-1024 -1024 64 ) (-1024 -592 64 ) (-336 -592 64 ) 
4 156 159 (-192 0 0 ) (0 0 0 ) (0 -320 0 ) (-192 -320 0 ) 
4 157 174 (-1024 -576 64 ) (-1024 -320 64 ) (-1024 -320 0 ) (-1024 -576 0 ) 
4 157 159 (-1024 -576 0 ) (-1024 -320 0 ) (-832 -320 0 ) (-832 -576 0 ) 
4 157 158 (-1024 -576 0 ) (-832 -576 0 ) (-832 -576 64 ) (-1024 -576 64 ) 
4 158 200 (-320 -1024 64 ) (-1024 -1024 64 ) (-1024 -1024 0 ) (-320 -1024 0 ) 
4 158 174 (-1024 -1024 0 ) (-1024 -1024 64 ) (-1024 -576 64 ) (-1024 -576 0 ) 
4 158 159 (-320 -1024 0 ) (-1024 -1024 0 ) (-1024 -576 0 ) (-320 -576 0 ) 
4 159 199 (0 -1024 -58 ) (0 -1024 0 ) (-320 -1024 0 ) (-320 -1024 -58 ) 
4 159 200 (-320 -1024 0 ) (-1024 -1024 0 ) (-1024 -1024 -58 ) (-320 -1024 -58 ) 
4 159 175 (-1024 -1024 -58 ) (-1024 -1024 0 ) (-1024 0 0 ) (-1024 0 -58 ) 
4 160 168 (-1024 0 192 ) (-1024 0 474 ) (-1152 0 474 ) (-1152 0 192 ) 
4 160 163 (-1152 832 192 ) (-1152 0 192 ) (-1152 0 474 ) (-1152 832 474 ) 
4 160 162 (-1152 1024 474 ) (-1152 1024 192 ) (-1152 832 192 ) (-1152 832 474 ) 
4 160 161 (-1024 0 192 ) (-1152 0 192 ) (-1152 832 192 ) (-1024 960 192 ) 
4 161 169 (-1024 0 64 ) (-1024 0 192 ) (-1152 0 192 ) (-1152 0 64 ) 
4 162 167 (-1168 832 64 ) (-1168 1024 64 ) (-1152 1024 64 ) (-1152 832 64 ) 
4 162 164 (-1168 1024 64 ) (-1168 832 64 ) (-1168 832 474 ) (-1168 1024 474 ) 
4 162 163 (-1168 832 474 ) (-1168 832 192 ) (-1152 832 192 ) (-1152 832 474 ) 
4 163 171 (-1152 0 192 ) (-1152 0 474 ) (-1168 0 474 ) (-1168 0 192 ) 
4 163 164 (-1168 0 192 ) (-1168 0 474 ) (-1168 832 474 ) (-1168 832 192 ) 
4 164 173 (-1538.500000 0 64 ) (-1168 0 64 ) (-1168 0 474 ) (-1538.500000 0 474 ) 
4 164 167 (-1168 0 64 ) (-1538.500000 0 64 ) (-1538.500000 1024 64 ) (-1168 1024 64 ) 
4 165 167 (-1152 960 64 ) (-1152 1024 64 ) (-1152 1024 0 ) (-1152 960 0 ) 
4 165 166 (-1152 960 0 ) (-1152 1024 0 ) (-1024 1024 0 ) (-1024 960 0 ) 
4 166 175 (-1024 0 -58 ) (-1024 0 0 ) (-1152 0 0 ) (-1152 0 -58 ) 
4 166 167 (-1152 1024 -58 ) (-1152 0 -58 ) (-1152 0 0 ) (-1152 1024 0 ) 
4 167 176 (-1152 0 64 ) (-1538.500000 0 64 ) (-1538.500000 0 -58 ) (-1152 0 -58 ) 
4 168 171 (-1152 -64 474 ) (-1152 0 474 ) (-1152 0 192 ) (-1152 -64 192 ) 
4 168 172 (-1152 -320 192 ) (-1152 -320 474 ) (-1152 -64 474 ) (-1152 -64 192 ) 
4 168 169 (-1152 -64 192 ) (-1152 0 192 ) (-1024 0 192 ) (-1024 -192 192 ) 
4 168 170 (-1152 -320 474 ) (-1152 -320 192 ) (-1024 -320 192 ) (-1024 -320 474 ) 
4 170 204 (-1024 -1024 64 ) (-1024 -1024 474 ) (-1152 -1024 474 ) (-1152 -1024 64 ) 
4 170 174 (-1024 -320 64 ) (-1024 -1024 64 ) (-1152 -1024 64 ) (-1152 -320 64 ) 
4 170 172 (-1152 -320 64 ) (-1152 -1024 64 ) (-1152 -1024 474 ) (-1152 -320 474 ) 
4 171 173 (-1168 -64 192 ) (-1168 -64 474 ) (-1168 0 474 ) (-1168 0 192 ) 
4 171 172 (-1168 -64 474 ) (-1168 -64 192 ) (-1152 -64 192 ) (-1152 -64 474 ) 
4 172 204 (-1152 -1024 474 ) (-1168 -1024 474 ) (-1168 -1024 64 ) (-1152 -1024 64 ) 
4 172 176 (-1152 -64 64 ) (-1152 -1024 64 ) (-1168 -1024 64 ) (-1168 -64 64 ) 
4 172 173 (-1168 -64 64 ) (-1168 -1024 64 ) (-1168 -1024 474 ) (-1168 -64 474 ) 
4 173 204 (-1168 -1024 474 ) (-1538.500000 -1024 474 ) (-1538.500000 -1024 64 ) (-1168 -1024 64 ) 
4 173 176 (-1538.500000 0 64 ) (-1168 0 64 ) (-1168 -1024 64 ) (-1538.500000 -1024 64 ) 
4 174 204 (-1024 -1024 0 ) (-1024 -1024 64 ) (-1152 -1024 64 ) (-1152 -1024 0 ) 
4 174 176 (-1152 -1024 0 ) (-1152 -1024 64 ) (-1152 -320 64 ) (-1152 -320 0 ) 
4 174 175 (-1024 -1024 0 ) (-1152 -1024 0 ) (-1152 -320 0 ) (-1024 -320 0 ) 
4 175 204 (-1024 -1024 -58 ) (-1024 -1024 0 ) (-1152 -1024 0 ) (-1152 -1024 -58 ) 
4 175 176 (-1152 0 -58 ) (-1152 -1024 -58 ) (-1152 -1024 0 ) (-1152 0 0 ) 
4 176 204 (-1152 -1024 64 ) (-1538.500000 -1024 64 ) (-1538.500000 -1024 -58 ) (-1152 -1024 -58 ) 
4 177 191 (0 -1024 474 ) (0 -1024 192 ) (0 -1787.500000 192 ) (0 -1787.500000 474 ) 
4 177 185 (0 -1787.500000 192 ) (0 -1600 192 ) (1024 -1600 192 ) (1024 -1787.500000 192 ) 
4 177 184 (176 -1584 192 ) (1024 -1584 192 ) (1024 -1600 192 ) (176 -1600 192 ) 
4 177 182 (176 -1024 192 ) (192 -1024 192 ) (192 -1152 192 ) (176 -1152 192 ) 
4 177 183 (0 -1584 192 ) (0 -1024 192 ) (176 -1024 192 ) (176 -1584 192 ) 
4 177 180 (192 -1024 192 ) (320 -1024 192 ) (320 -1152 192 ) (192 -1152 192 ) 
4 177 181 (320 -1168 192 ) (320 -1584 192 ) (192 -1584 192 ) (192 -1168 192 ) 
4 177 179 (336 -1168 192 ) (336 -1584 192 ) (320 -1584 192 ) (320 -1168 192 ) 
4 177 178 (336 -1024 192 ) (1024 -1024 192 ) (1024 -1584 192 ) (336 -1584 192 ) 
4 178 188 (1024 -1152 64 ) (1024 -1584 64 ) (336 -1584 64 ) (336 -1152 64 ) 
4 178 186 (336 -1024 64 ) (1024 -1024 64 ) (1024 -1152 64 ) (336 -1152 64 ) 
4 178 184 (336 -1584 64 ) (1024 -1584 64 ) (1024 -1584 192 ) (336 -1584 192 ) 
4 178 179 (336 -1168 64 ) (336 -1584 64 ) (336 -1584 192 ) (336 -1168 192 ) 
4 179 188 (336 -1168 64 ) (336 -1584 64 ) (320 -1584 64 ) (320 -1168 64 ) 
4 179 184 (320 -1584 64 ) (336 -1584 64 ) (336 -1584 192 ) (320 -1584 192 ) 
4 179 181 (320 -1168 64 ) (320 -1584 64 ) (320 -1584 192 ) (320 -1168 192 ) 
4 180 182 (192 -1024 64 ) (192 -1152 64 ) (192 -1152 192 ) (192 -1024 192 ) 
4 181 188 (320 -1168 64 ) (320 -1584 64 ) (192 -1584 64 ) (192 -1168 64 ) 
4 181 184 (192 -1584 64 ) (320 -1584 64 ) (320 -1584 192 ) (192 -1584 192 ) 
4 182 183 (176 -1024 64 ) (176 -1152 64 ) (176 -1152 192 ) (176 -1024 192 ) 
4 183 195 (0 -1152 64 ) (0 -1584 64 ) (0 -1584 192 ) (0 -1152 192 ) 
4 183 192 (0 -1024 192 ) (0 -1024 64 ) (0 -1152 64 ) (0 -1152 192 ) 
4 184 188 (176 -1584 64 ) (1024 -1584 64 ) (1024 -1600 64 ) (176 -1600 64 ) 
4 184 185 (176 -1600 64 ) (1024 -1600 64 ) (1024 -1600 192 ) (176 -1600 192 ) 
4 185 197 (0 -1600 64 ) (0 -1787.500000 64 ) (0 -1787.500000 192 ) (0 -1600 192 ) 
4 185 190 (0 -1787.500000 64 ) (0 -1600 64 ) (176 -1600 64 ) (176 -1787.500000 64 ) 
4 185 188 (176 -1600 64 ) (1024 -1600 64 ) (1024 -1787.500000 64 ) (176 -1787.500000 64 ) 
4 186 188 (320 -1152 -58 ) (1024 -1152 -58 ) (1024 -1152 64 ) (320 -1152 64 ) 
4 186 187 (320 -1024 -58 ) (320 -1152 -58 ) (320 -1152 0 ) (320 -1024 0 ) 
4 187 199 (0 -1024 0 ) (0 -1024 -58 ) (0 -1152 -58 ) (0 -1152 0 ) 
4 187 189 (0 -1152 -58 ) (176 -1152 -58 ) (176 -1152 0 ) (0 -1152 0 ) 
4 187 188 (176 -1152 -58 ) (320 -1152 -58 ) (320 -1152 0 ) (176 -1152 0 ) 
4 188 189 (176 -1152 0 ) (176 -1152 -58 ) (176 -1584 -58 ) (176 -1584 0 ) 
4 188 190 (176 -1584 -58 ) (176 -1787.500000 -58 ) (176 -1787.500000 64 ) (176 -1584 64 ) 
4 189 201 (0 -1152 -58 ) (0 -1584 -58 ) (0 -1584 0 ) (0 -1152 0 ) 
4 189 190 (0 -1584 -58 ) (176 -1584 -58 ) (176 -1584 0 ) (0 -1584 0 ) 
4 190 202 (0 -1584 -58 ) (0 -1787.500000 -58 ) (0 -1787.500000 64 ) (0 -1584 64 ) 
4 191 204 (-1024 -1024 474 ) (-1024 -1024 192 ) (-1024 -1787.500000 192 ) (-1024 -1787.500000 474 ) 
4 191 197 (0 -1600 192 ) (0 -1787.500000 192 ) (-464 -1787.500000 192 ) (-464 -1600 192 ) 
4 191 198 (-1024 -1787.500000 192 ) (-1024 -1584 192 ) (-464 -1584 192 ) (-464 -1787.500000 192 ) 
4 191 195 (-464 -1152 192 ) (0 -1152 192 ) (0 -1584 192 ) (-464 -1584 192 ) 
4 191 196 (-1024 -1584 192 ) (-1024 -1152 192 ) (-480 -1152 192 ) (-480 -1584 192 ) 
4 191 193 (-464 -1024 192 ) (-336 -1024 192 ) (-336 -1136 192 ) (-464 -1136 192 ) 
4 191 194 (-1024 -1152 192 ) (-1024 -1024 192 ) (-464 -1024 192 ) (-464 -1152 192 ) 
4 191 192 (-320 -1024 192 ) (0 -1024 192 ) (0 -1152 192 ) (-320 -1152 192 ) 
4 192 195 (-320 -1152 64 ) (0 -1152 64 ) (0 -1152 192 ) (-320 -1152 192 ) 
4 193 200 (-464 -1024 64 ) (-336 -1024 64 ) (-336 -1136 64 ) (-464 -1136 64 ) 
4 193 194 (-464 -1024 64 ) (-464 -1136 64 ) (-464 -1136 192 ) (-464 -1024 192 ) 
4 194 204 (-1024 -1024 192 ) (-1024 -1024 64 ) (-1024 -1152 64 ) (-1024 -1152 192 ) 
4 194 200 (-1024 -1024 64 ) (-464 -1024 64 ) (-464 -1152 64 ) (-1024 -1152 64 ) 
4 194 196 (-1024 -1152 64 ) (-480 -1152 64 ) (-480 -1152 192 ) (-1024 -1152 192 ) 
4 196 204 (-1024 -1152 64 ) (-1024 -1584 64 ) (-1024 -1584 192 ) (-1024 -1152 192 ) 
4 196 203 (-480 -1584 64 ) (-1024 -1584 64 ) (-1024 -1152 64 ) (-480 -1152 64 ) 
4 196 198 (-1024 -1584 64 ) (-480 -1584 64 ) (-480 -1584 192 ) (-1024 -1584 192 ) 
4 197 202 (0 -1600 64 ) (0 -1787.500000 64 ) (-464 -1787.500000 64 ) (-464 -1600 64 ) 
4 197 198 (-464 -1600 64 ) (-464 -1787.500000 64 ) (-464 -1787.500000 192 ) (-464 -1600 192 ) 
4 198 204 (-1024 -1584 64 ) (-1024 -1787.500000 64 ) (-1024 -1787.500000 192 ) (-1024 -1584 192 ) 
4 198 203 (-464 -1787.500000 64 ) (-1024 -1787.500000 64 ) (-1024 -1584 64 ) (-464 -1584 64 ) 
4 199 201 (-320 -1152 -58 ) (0 -1152 -58 ) (0 -1152 0 ) (-320 -1152 0 ) 
4 199 200 (-320 -1024 -58 ) (-320 -1152 -58 ) (-320 -1152 0 ) (-320 -1024 0 ) 
4 200 204 (-1024 -1024 64 ) (-1024 -1024 -58 ) (-1024 -1152 -58 ) (-1024 -1152 64 ) 
4 200 201 (-464 -1152 -58 ) (-320 -1152 -58 ) (-320 -1152 0 ) (-464 -1152 0 ) 
4 200 203 (-1024 -1152 -58 ) (-464 -1152 -58 ) (-464 -1152 64 ) (-1024 -1152 64 ) 
4 201 202 (-464 -1584 0 ) (-464 -1584 -58 ) (0 -1584 -58 ) (0 -1584 0 ) 
4 201 203 (-464 -1152 0 ) (-464 -1152 -58 ) (-464 -1584 -58 ) (-464 -1584 0 ) 
4 202 203 (-464 -1584 -58 ) (-464 -1787.500000 -58 ) (-464 -1787.500000 64 ) (-464 -1584 64 ) 
4 203 204 (-1024 -1152 -58 ) (-1024 -1787.500000 -58 ) (-1024 -1787.500000 64 ) (-1024 -1152 64 ) 
