PRT1
270
735
4 0 10 (2274.500000 2048 474 ) (2048 2048 474 ) (2048 2048 -58 ) (2274.500000 2048 -58 ) 
4 0 8 (2048 2048 -58 ) (2048 2048 64 ) (2048 2112 64 ) (2048 2112 -58 ) 
4 0 7 (2048 2112 64 ) (2048 2459.500000 64 ) (2048 2459.500000 -58 ) (2048 2112 -58 ) 
4 0 4 (2048 2048 64 ) (2048 2048 474 ) (2048 2112 474 ) (2048 2112 64 ) 
4 0 2 (2048 2112 474 ) (2048 2128 474 ) (2048 2128 64 ) (2048 2112 64 ) 
4 0 1 (2048 2128 474 ) (2048 2459.500000 474 ) (2048 2459.500000 64 ) (2048 2128 64 ) 
4 1 29 (1024 2128 474 ) (1024 2459.500000 474 ) (1024 2459.500000 64 ) (1024 2128 64 ) 
4 1 7 (2048 2459.500000 64 ) (2048 2128 64 ) (1024 2128 64 ) (1024 2459.500000 64 ) 
4 1 3 (1600 2128 192 ) (1600 2128 474 ) (1024 2128 474 ) (1024 2128 192 ) 
4 1 2 (1600 2128 64 ) (2048 2128 64 ) (2048 2128 474 ) (1600 2128 474 ) 
4 2 7 (2048 2128 64 ) (2048 2112 64 ) (1600 2112 64 ) (1600 2128 64 ) 
4 2 5 (1616 2112 192 ) (1616 2112 474 ) (1600 2112 474 ) (1600 2112 192 ) 
4 2 4 (1616 2112 64 ) (2048 2112 64 ) (2048 2112 474 ) (1616 2112 474 ) 
4 2 3 (1600 2128 474 ) (1600 2128 192 ) (1600 2112 192 ) (1600 2112 474 ) 
4 3 30 (1024 2112 474 ) (1024 2128 474 ) (1024 2128 192 ) (1024 2112 192 ) 
4 3 6 (1600 2112 192 ) (1600 2112 474 ) (1024 2112 474 ) (1024 2112 192 ) 
4 4 12 (2048 2048 64 ) (2048 2048 192 ) (1616 2048 192 ) (1616 2048 64 ) 
4 4 11 (2048 2048 192 ) (2048 2048 474 ) (1616 2048 474 ) (1616 2048 192 ) 
4 4 8 (2048 2112 64 ) (2048 2048 64 ) (1616 2048 64 ) (1616 2112 64 ) 
4 4 5 (1616 2112 474 ) (1616 2112 192 ) (1616 2048 192 ) (1616 2048 474 ) 
4 5 11 (1616 2048 474 ) (1600 2048 474 ) (1600 2048 192 ) (1616 2048 192 ) 
4 5 6 (1600 2112 474 ) (1600 2112 192 ) (1600 2048 192 ) (1600 2048 474 ) 
4 6 31 (1024 2048 64 ) (1024 2048 474 ) (1024 2112 474 ) (1024 2112 64 ) 
4 6 19 (1024 2048 192 ) (1024 2048 64 ) (1088 2048 64 ) (1088 2048 192 ) 
4 6 15 (1216 2048 64 ) (1344 2048 64 ) (1344 2048 192 ) (1216 2048 192 ) 
4 6 14 (1344 2048 64 ) (1472 2048 64 ) (1472 2048 192 ) (1344 2048 192 ) 
4 6 17 (1088 2048 64 ) (1216 2048 64 ) (1216 2048 192 ) (1088 2048 192 ) 
4 6 13 (1472 2048 64 ) (1600 2048 64 ) (1600 2048 192 ) (1472 2048 192 ) 
4 6 11 (1600 2048 474 ) (1024 2048 474 ) (1024 2048 192 ) (1600 2048 192 ) 
4 7 32 (1024 2112 64 ) (1024 2459.500000 64 ) (1024 2459.500000 -58 ) (1024 2112 -58 ) 
4 7 9 (1024 2112 -58 ) (1600 2112 -58 ) (1600 2112 0 ) (1024 2112 0 ) 
4 7 8 (1600 2112 -58 ) (2048 2112 -58 ) (2048 2112 64 ) (1600 2112 64 ) 
4 8 28 (2048 2048 -58 ) (2048 2048 0 ) (1600 2048 0 ) (1600 2048 -58 ) 
4 8 21 (2048 2048 0 ) (2048 2048 64 ) (1600 2048 64 ) (1600 2048 0 ) 
4 8 9 (1600 2112 0 ) (1600 2112 -58 ) (1600 2048 -58 ) (1600 2048 0 ) 
4 9 33 (1024 2048 -58 ) (1024 2048 0 ) (1024 2112 0 ) (1024 2112 -58 ) 
4 9 28 (1024 2048 0 ) (1024 2048 -58 ) (1600 2048 -58 ) (1600 2048 0 ) 
4 10 92 (2274.500000 1024 474 ) (2048 1024 474 ) (2048 1024 -58 ) (2274.500000 1024 -58 ) 
4 10 28 (2048 2048 0 ) (2048 2048 -58 ) (2048 1024 -58 ) (2048 1024 0 ) 
4 10 22 (2048 1984 0 ) (2048 1024 0 ) (2048 1024 64 ) (2048 1984 64 ) 
4 10 21 (2048 2048 64 ) (2048 2048 0 ) (2048 1984 0 ) (2048 1984 64 ) 
4 10 12 (2048 2048 192 ) (2048 2048 64 ) (2048 1024 64 ) (2048 1024 192 ) 
4 10 11 (2048 2048 474 ) (2048 2048 192 ) (2048 1024 192 ) (2048 1024 474 ) 
4 11 93 (2048 1024 192 ) (2048 1024 474 ) (1024 1024 474 ) (1024 1024 192 ) 
4 11 43 (1024 1024 192 ) (1024 1024 474 ) (1024 2048 474 ) (1024 2048 192 ) 
4 11 20 (1088 1024 192 ) (1024 1024 192 ) (1024 1216 192 ) (1088 1216 192 ) 
4 11 19 (1024 1984 192 ) (1024 2048 192 ) (1088 2048 192 ) (1088 1984 192 ) 
5 11 18 (1408 1024 192 ) (1088 1024 192 ) (1088 1472 192 ) (1456 1472 192 ) (1456 1072 192 ) 
4 11 16 (1344 1600 192 ) (1344 1472 192 ) (1216 1472 192 ) (1216 1728 192 ) 
4 11 15 (1216 2048 192 ) (1344 2048 192 ) (1344 1984 192 ) (1216 1984 192 ) 
4 11 14 (1344 2048 192 ) (1472 2048 192 ) (1472 1984 192 ) (1344 1984 192 ) 
4 11 17 (1088 1472 192 ) (1088 2048 192 ) (1216 2048 192 ) (1216 1472 192 ) 
4 11 12 (2048 1024 192 ) (1616 1024 192 ) (1616 2048 192 ) (2048 2048 192 ) 
4 11 13 (1600 1024 192 ) (1472 1024 192 ) (1472 2048 192 ) (1600 2048 192 ) 
4 12 94 (2048 1024 64 ) (2048 1024 192 ) (1616 1024 192 ) (1616 1024 64 ) 
4 12 22 (2048 1984 64 ) (2048 1024 64 ) (1616 1024 64 ) (1616 1984 64 ) 
4 12 21 (2048 2048 64 ) (2048 1984 64 ) (1616 1984 64 ) (1616 2048 64 ) 
4 13 98 (1600 1024 192 ) (1472 1024 192 ) (1472 1024 64 ) (1600 1024 64 ) 
4 13 14 (1472 2048 64 ) (1472 1984 64 ) (1472 1984 192 ) (1472 2048 192 ) 
4 14 15 (1344 2048 64 ) (1344 1984 64 ) (1344 1984 192 ) (1344 2048 192 ) 
4 15 17 (1216 2048 64 ) (1216 1984 64 ) (1216 1984 192 ) (1216 2048 192 ) 
4 16 18 (1216 1472 64 ) (1344 1472 64 ) (1344 1472 192 ) (1216 1472 192 ) 
4 16 17 (1216 1728 64 ) (1216 1472 64 ) (1216 1472 192 ) (1216 1728 192 ) 
4 17 19 (1088 2048 64 ) (1088 1984 64 ) (1088 1984 192 ) (1088 2048 192 ) 
4 17 18 (1088 1472 192 ) (1088 1472 64 ) (1216 1472 64 ) (1216 1472 192 ) 
4 18 102 (1280 1024 192 ) (1088 1024 192 ) (1088 1024 64 ) (1280 1024 64 ) 
4 18 100 (1408 1024 192 ) (1280 1024 192 ) (1280 1024 64 ) (1408 1024 64 ) 
4 18 20 (1088 1216 64 ) (1088 1024 64 ) (1088 1024 192 ) (1088 1216 192 ) 
4 19 44 (1024 1984 192 ) (1024 2048 192 ) (1024 2048 64 ) (1024 1984 64 ) 
4 20 106 (1088 1024 192 ) (1024 1024 192 ) (1024 1024 64 ) (1088 1024 64 ) 
4 20 46 (1024 1024 64 ) (1024 1024 192 ) (1024 1216 192 ) (1024 1216 64 ) 
4 21 28 (1600 2048 0 ) (2048 2048 0 ) (2048 1984 0 ) (1600 1984 0 ) 
4 21 22 (1600 1984 0 ) (2048 1984 0 ) (2048 1984 64 ) (1600 1984 64 ) 
4 22 108 (1792 1024 64 ) (1600 1024 64 ) (1600 1024 0 ) (1792 1024 0 ) 
4 22 107 (2048 1024 0 ) (2048 1024 64 ) (1792 1024 64 ) (1792 1024 0 ) 
4 22 28 (2048 1024 0 ) (1600 1024 0 ) (1600 1984 0 ) (2048 1984 0 ) 
4 23 28 (1216 1984 0 ) (1472 1984 0 ) (1472 1728 0 ) (1216 1728 0 ) 
4 23 25 (1344 1728 0 ) (1472 1728 0 ) (1472 1728 64 ) (1344 1728 64 ) 
4 24 56 (1024 1728 64 ) (1024 1984 64 ) (1024 1984 0 ) (1024 1728 0 ) 
4 24 28 (1024 1728 0 ) (1024 1984 0 ) (1088 1984 0 ) (1088 1728 0 ) 
4 24 26 (1024 1728 0 ) (1088 1728 0 ) (1088 1728 64 ) (1024 1728 64 ) 
4 25 28 (1344 1728 0 ) (1472 1728 0 ) (1472 1472 0 ) (1344 1472 0 ) 
4 26 57 (1024 1472 64 ) (1024 1600 64 ) (1024 1600 0 ) (1024 1472 0 ) 
4 26 56 (1024 1600 64 ) (1024 1728 64 ) (1024 1728 0 ) (1024 1600 0 ) 
4 26 28 (1024 1472 0 ) (1024 1728 0 ) (1088 1728 0 ) (1088 1472 0 ) 
4 26 27 (1024 1472 0 ) (1088 1472 0 ) (1088 1472 64 ) (1024 1472 64 ) 
4 27 59 (1024 1216 64 ) (1024 1344 64 ) (1024 1344 0 ) (1024 1216 0 ) 
4 27 57 (1024 1344 64 ) (1024 1472 64 ) (1024 1472 0 ) (1024 1344 0 ) 
4 27 28 (1024 1216 0 ) (1024 1472 0 ) (1088 1472 0 ) (1088 1216 0 ) 
4 28 114 (2048 1024 -58 ) (2048 1024 0 ) (1024 1024 0 ) (1024 1024 -58 ) 
4 28 64 (1024 1024 -58 ) (1024 1024 0 ) (1024 2048 0 ) (1024 2048 -58 ) 
4 29 34 (0 2459.500000 64 ) (0 2128 64 ) (0 2128 474 ) (0 2459.500000 474 ) 
4 29 32 (0 2128 64 ) (0 2459.500000 64 ) (1024 2459.500000 64 ) (1024 2128 64 ) 
4 29 30 (1024 2128 192 ) (1024 2128 474 ) (0 2128 474 ) (0 2128 192 ) 
4 30 35 (0 2112 192 ) (0 2112 474 ) (0 2128 474 ) (0 2128 192 ) 
4 30 31 (1024 2112 192 ) (1024 2112 474 ) (0 2112 474 ) (0 2112 192 ) 
4 31 51 (320 2048 192 ) (0 2048 192 ) (0 2048 64 ) (320 2048 64 ) 
4 31 50 (576 2048 192 ) (320 2048 192 ) (320 2048 64 ) (576 2048 64 ) 
4 31 44 (1024 2048 64 ) (1024 2048 192 ) (832 2048 192 ) (832 2048 64 ) 
4 31 45 (832 2048 192 ) (576 2048 192 ) (576 2048 64 ) (832 2048 64 ) 
4 31 43 (1024 2048 192 ) (1024 2048 474 ) (0 2048 474 ) (0 2048 192 ) 
4 31 37 (0 2112 64 ) (0 2048 64 ) (0 2048 474 ) (0 2112 474 ) 
4 32 40 (0 2459.500000 -58 ) (0 2112 -58 ) (0 2112 64 ) (0 2459.500000 64 ) 
4 32 33 (0 2112 0 ) (0 2112 -58 ) (1024 2112 -58 ) (1024 2112 0 ) 
4 33 64 (1024 2048 -58 ) (1024 2048 0 ) (0 2048 0 ) (0 2048 -58 ) 
4 33 41 (0 2048 -58 ) (0 2048 0 ) (0 2112 0 ) (0 2112 -58 ) 
4 34 83 (-1024 2128 474 ) (-1024 2459.500000 474 ) (-1024 2459.500000 64 ) (-1024 2128 64 ) 
4 34 40 (0 2459.500000 64 ) (0 2128 64 ) (-64 2128 64 ) (-64 2459.500000 64 ) 
4 34 42 (-64 2128 64 ) (-1024 2128 64 ) (-1024 2459.500000 64 ) (-64 2459.500000 64 ) 
4 34 35 (0 2128 192 ) (0 2128 474 ) (-48 2128 474 ) (-48 2128 192 ) 
4 34 36 (-1024 2128 64 ) (-48 2128 64 ) (-48 2128 474 ) (-1024 2128 474 ) 
4 35 37 (0 2112 192 ) (0 2112 474 ) (-48 2112 474 ) (-48 2112 192 ) 
4 35 36 (-48 2128 474 ) (-48 2128 192 ) (-48 2112 192 ) (-48 2112 474 ) 
4 36 83 (-1024 2112 474 ) (-1024 2128 474 ) (-1024 2128 64 ) (-1024 2112 64 ) 
4 36 40 (-48 2112 64 ) (-64 2112 64 ) (-64 2128 64 ) (-48 2128 64 ) 
4 36 42 (-64 2112 64 ) (-1024 2112 64 ) (-1024 2128 64 ) (-64 2128 64 ) 
4 36 38 (-48 2112 192 ) (-48 2112 474 ) (-64 2112 474 ) (-64 2112 192 ) 
4 36 39 (-1024 2112 64 ) (-64 2112 64 ) (-64 2112 474 ) (-1024 2112 474 ) 
4 37 66 (-48 2048 64 ) (0 2048 64 ) (0 2048 192 ) (-48 2048 192 ) 
4 37 65 (0 2048 192 ) (0 2048 474 ) (-48 2048 474 ) (-48 2048 192 ) 
4 37 38 (-48 2112 474 ) (-48 2112 192 ) (-48 2048 192 ) (-48 2048 474 ) 
4 38 65 (-48 2048 192 ) (-48 2048 474 ) (-64 2048 474 ) (-64 2048 192 ) 
4 38 39 (-64 2112 474 ) (-64 2112 192 ) (-64 2048 192 ) (-64 2048 474 ) 
4 39 83 (-1024 2048 64 ) (-1024 2048 474 ) (-1024 2112 474 ) (-1024 2112 64 ) 
4 39 68 (-192 2048 64 ) (-64 2048 64 ) (-64 2048 192 ) (-192 2048 192 ) 
4 39 70 (-1024 2048 192 ) (-1024 2048 64 ) (-192 2048 64 ) (-192 2048 192 ) 
4 39 65 (-1024 2048 474 ) (-1024 2048 192 ) (-64 2048 192 ) (-64 2048 474 ) 
4 39 42 (-64 2048 64 ) (-1024 2048 64 ) (-1024 2112 64 ) (-64 2112 64 ) 
4 40 41 (-64 2112 0 ) (-64 2112 -58 ) (0 2112 -58 ) (0 2112 0 ) 
4 40 42 (-64 2459.500000 64 ) (-64 2459.500000 -58 ) (-64 2112 -58 ) (-64 2112 64 ) 
4 41 82 (-64 2048 -58 ) (0 2048 -58 ) (0 2048 0 ) (-64 2048 0 ) 
4 41 42 (-64 2112 -58 ) (-64 2048 -58 ) (-64 2048 0 ) (-64 2112 0 ) 
4 42 83 (-1024 2048 -58 ) (-1024 2048 64 ) (-1024 2459.500000 64 ) (-1024 2459.500000 -58 ) 
4 42 82 (-1024 2048 0 ) (-1024 2048 -58 ) (-64 2048 -58 ) (-64 2048 0 ) 
4 42 80 (-320 2048 0 ) (-192 2048 0 ) (-192 2048 64 ) (-320 2048 64 ) 
4 42 81 (-1024 2048 64 ) (-1024 2048 0 ) (-320 2048 0 ) (-320 2048 64 ) 
4 42 78 (-192 2048 0 ) (-64 2048 0 ) (-64 2048 64 ) (-192 2048 64 ) 
4 43 133 (1024 1024 192 ) (1024 1024 474 ) (0 1024 474 ) (0 1024 192 ) 
4 43 65 (0 2048 474 ) (0 2048 192 ) (0 1024 192 ) (0 1024 474 ) 
4 43 55 (576 1024 192 ) (128 1024 192 ) (192 1088 192 ) (576 1088 192 ) 
4 43 54 (0 1088 192 ) (0 1216 192 ) (304 1216 192 ) (304 1088 192 ) 
4 43 53 (0 1280 192 ) (0 1536 192 ) (64 1600 192 ) (64 1344 192 ) 
4 43 52 (64 1856 192 ) (192 1856 192 ) (192 1472 192 ) (64 1344 192 ) 
4 43 51 (0 1856 192 ) (0 2048 192 ) (320 2048 192 ) (320 1856 192 ) 
4 43 50 (320 2048 192 ) (576 2048 192 ) (576 1088 192 ) (320 1088 192 ) 
4 43 49 (576 1344 192 ) (576 1600 192 ) (704 1600 192 ) (704 1472 192 ) 
5 43 48 (960 1024 192 ) (704 1024 192 ) (704 1600 192 ) (832 1600 192 ) (960 1472 192 ) 
4 43 47 (976 1024 192 ) (960 1024 192 ) (960 1088 192 ) (976 1088 192 ) 
4 43 46 (1024 1024 192 ) (976 1024 192 ) (976 1216 192 ) (1024 1216 192 ) 
4 43 44 (832 2048 192 ) (1024 2048 192 ) (1024 1984 192 ) (832 1984 192 ) 
4 43 45 (576 1856 192 ) (576 2048 192 ) (832 2048 192 ) (832 1856 192 ) 
4 44 45 (832 2048 64 ) (832 1984 64 ) (832 1984 192 ) (832 2048 192 ) 
4 45 50 (576 2048 64 ) (576 1856 64 ) (576 1856 192 ) (576 2048 192 ) 
4 46 134 (1024 1024 64 ) (1024 1024 192 ) (976 1024 192 ) (976 1024 64 ) 
4 46 47 (976 1088 64 ) (976 1024 64 ) (976 1024 192 ) (976 1088 192 ) 
4 47 135 (976 1024 192 ) (960 1024 192 ) (960 1024 64 ) (976 1024 64 ) 
4 47 48 (960 1088 64 ) (960 1024 64 ) (960 1024 192 ) (960 1088 192 ) 
4 48 136 (960 1024 192 ) (704 1024 192 ) (704 1024 64 ) (960 1024 64 ) 
4 48 49 (704 1600 192 ) (704 1600 64 ) (704 1472 64 ) (704 1472 192 ) 
4 49 50 (576 1600 64 ) (576 1344 64 ) (576 1344 192 ) (576 1600 192 ) 
4 50 55 (320 1088 64 ) (576 1088 64 ) (576 1088 192 ) (320 1088 192 ) 
4 50 51 (320 2048 64 ) (320 1856 64 ) (320 1856 192 ) (320 2048 192 ) 
4 51 66 (0 2048 192 ) (0 2048 64 ) (0 1856 64 ) (0 1856 192 ) 
4 51 52 (64 1856 64 ) (192 1856 64 ) (192 1856 192 ) (64 1856 192 ) 
4 52 53 (64 1600 64 ) (64 1344 64 ) (64 1344 192 ) (64 1600 192 ) 
4 53 71 (0 1344 64 ) (0 1280 64 ) (0 1280 192 ) (0 1344 192 ) 
4 53 67 (0 1536 64 ) (0 1344 64 ) (0 1344 192 ) (0 1536 192 ) 
4 54 74 (0 1216 64 ) (0 1088 64 ) (0 1088 192 ) (0 1216 192 ) 
4 54 55 (192 1088 64 ) (304 1088 64 ) (304 1088 192 ) (192 1088 192 ) 
4 55 148 (192 1024 192 ) (128 1024 192 ) (128 1024 64 ) (192 1024 64 ) 
4 55 144 (320 1024 192 ) (192 1024 192 ) (192 1024 64 ) (320 1024 64 ) 
4 55 143 (576 1024 192 ) (320 1024 192 ) (320 1024 64 ) (576 1024 64 ) 
4 56 64 (1024 1984 0 ) (1024 1600 0 ) (832 1600 0 ) (832 1984 0 ) 
4 56 58 (832 1856 0 ) (832 1600 0 ) (832 1600 64 ) (832 1856 64 ) 
4 56 57 (960 1600 0 ) (1024 1600 0 ) (1024 1600 64 ) (960 1600 64 ) 
4 57 64 (1024 1600 0 ) (1024 1344 0 ) (960 1344 0 ) (960 1600 0 ) 
4 57 59 (976 1344 0 ) (1024 1344 0 ) (1024 1344 64 ) (976 1344 64 ) 
4 58 64 (576 1600 0 ) (576 1856 0 ) (832 1856 0 ) (832 1600 0 ) 
4 59 64 (976 1216 0 ) (976 1344 0 ) (1024 1344 0 ) (1024 1216 0 ) 
4 60 151 (704 1024 64 ) (576 1024 64 ) (576 1024 0 ) (704 1024 0 ) 
4 60 64 (704 1024 0 ) (576 1024 0 ) (576 1344 0 ) (704 1344 0 ) 
4 61 64 (192 1344 0 ) (192 1856 0 ) (320 1856 0 ) (320 1344 0 ) 
4 62 77 (0 1856 0 ) (0 1600 0 ) (0 1600 64 ) (0 1856 64 ) 
4 62 64 (0 1600 0 ) (0 1856 0 ) (64 1856 0 ) (64 1600 0 ) 
4 63 156 (64 1024 64 ) (0 1024 64 ) (0 1024 0 ) (64 1024 0 ) 
4 63 79 (0 1048 0 ) (0 1024 0 ) (0 1024 64 ) (0 1048 64 ) 
4 63 64 (64 1024 0 ) (0 1024 0 ) (0 1048 0 ) (64 1048 0 ) 
4 64 160 (1024 1024 -58 ) (1024 1024 0 ) (0 1024 0 ) (0 1024 -58 ) 
4 64 82 (0 2048 0 ) (0 2048 -58 ) (0 1024 -58 ) (0 1024 0 ) 
4 65 161 (0 1024 192 ) (0 1024 474 ) (-1024 1024 474 ) (-1024 1024 192 ) 
4 65 84 (-1024 1024 192 ) (-1024 1024 474 ) (-1024 2048 474 ) (-1024 2048 192 ) 
4 65 76 (-281.605042 1024 192 ) (-1024 1024 192 ) (-1024 1056 192 ) (-200 1056 192 ) 
5 65 75 (-1024 1056 192 ) (-1024 1088 192 ) (-896 1216 192 ) (-64 1216 192 ) (-64 1056 192 ) 
4 65 74 (-64 1088 192 ) (-64 1216 192 ) (0 1216 192 ) (0 1088 192 ) 
4 65 72 (-896 1344 192 ) (-320 1344 192 ) (-320 1232 192 ) (-896 1232 192 ) 
4 65 73 (-1024 1216 192 ) (-1024 1344 192 ) (-896 1344 192 ) (-896 1216 192 ) 
5 65 71 (-192 1344 192 ) (0 1344 192 ) (0 1280 192 ) (-64 1216 192 ) (-320 1216 192 ) 
3 65 69 (-64 1472 192 ) (-64 1344 192 ) (-192 1344 192 ) 
4 65 68 (-192 2048 192 ) (-64 2048 192 ) (-64 1472 192 ) (-192 1472 192 ) 
4 65 70 (-1024 1344 192 ) (-1024 2048 192 ) (-192 2048 192 ) (-192 1344 192 ) 
4 65 67 (0 1536 192 ) (0 1344 192 ) (-64 1344 192 ) (-64 1472 192 ) 
4 65 66 (-48 2048 192 ) (0 2048 192 ) (0 1856 192 ) (-48 1856 192 ) 
4 67 71 (-64 1344 64 ) (0 1344 64 ) (0 1344 192 ) (-64 1344 192 ) 
4 67 69 (-64 1472 64 ) (-64 1344 64 ) (-64 1344 192 ) (-64 1472 192 ) 
4 68 78 (-192 2048 64 ) (-64 2048 64 ) (-64 1472 64 ) (-192 1472 64 ) 
4 68 70 (-192 2048 64 ) (-192 1472 64 ) (-192 1472 192 ) (-192 2048 192 ) 
4 69 71 (-192 1344 64 ) (-64 1344 64 ) (-64 1344 192 ) (-192 1344 192 ) 
4 70 85 (-1024 1344 192 ) (-1024 2048 192 ) (-1024 2048 64 ) (-1024 1344 64 ) 
4 70 80 (-320 2048 64 ) (-192 2048 64 ) (-192 1344 64 ) (-320 1344 64 ) 
4 70 81 (-1024 1344 64 ) (-1024 2048 64 ) (-320 2048 64 ) (-320 1344 64 ) 
4 70 72 (-896 1344 64 ) (-320 1344 64 ) (-320 1344 192 ) (-896 1344 192 ) 
4 70 73 (-1024 1344 64 ) (-896 1344 64 ) (-896 1344 192 ) (-1024 1344 192 ) 
4 71 75 (-320 1216 64 ) (-64 1216 64 ) (-64 1216 192 ) (-320 1216 192 ) 
4 72 81 (-896 1344 64 ) (-320 1344 64 ) (-320 1232 64 ) (-896 1232 64 ) 
4 72 73 (-896 1344 192 ) (-896 1344 64 ) (-896 1232 64 ) (-896 1232 192 ) 
4 73 85 (-1024 1216 192 ) (-1024 1344 192 ) (-1024 1344 64 ) (-1024 1216 64 ) 
4 73 81 (-1024 1216 64 ) (-1024 1344 64 ) (-896 1344 64 ) (-896 1216 64 ) 
4 74 75 (-64 1216 192 ) (-64 1216 64 ) (-64 1088 64 ) (-64 1088 192 ) 
4 75 87 (-1024 1056 192 ) (-1024 1088 192 ) (-1024 1088 64 ) (-1024 1056 64 ) 
4 75 76 (-1024 1056 64 ) (-200 1056 64 ) (-200 1056 192 ) (-1024 1056 192 ) 
4 76 166 (-336 1024 192 ) (-1024 1024 192 ) (-1024 1024 64 ) (-336 1024 64 ) 
4 76 163 (-281.605042 1024 192 ) (-336 1024 192 ) (-336 1024 64 ) (-281.605042 1024 64 ) 
4 76 87 (-1024 1024 64 ) (-1024 1024 192 ) (-1024 1056 192 ) (-1024 1056 64 ) 
4 77 82 (0 1856 0 ) (0 1600 0 ) (-64 1600 0 ) (-64 1856 0 ) 
4 77 78 (-64 1856 0 ) (-64 1600 0 ) (-64 1600 64 ) (-64 1856 64 ) 
4 78 82 (-192 1472 0 ) (-192 2048 0 ) (-64 2048 0 ) (-64 1472 0 ) 
4 78 80 (-192 2048 0 ) (-192 1472 0 ) (-192 1472 64 ) (-192 2048 64 ) 
4 79 179 (-64 1024 64 ) (-192 1024 64 ) (-192 1024 0 ) (-64 1024 0 ) 
4 79 177 (0 1024 0 ) (0 1024 64 ) (-64 1024 64 ) (-64 1024 0 ) 
4 79 82 (0 1024 0 ) (-192 1024 0 ) (-192 1048 0 ) (0 1048 0 ) 
4 80 82 (-320 2048 0 ) (-192 2048 0 ) (-192 1344 0 ) (-320 1344 0 ) 
4 80 81 (-320 2048 0 ) (-320 1344 0 ) (-320 1344 64 ) (-320 2048 64 ) 
4 81 89 (-1024 1216 64 ) (-1024 2048 64 ) (-1024 2048 0 ) (-1024 1216 0 ) 
4 81 82 (-1024 1216 0 ) (-1024 2048 0 ) (-320 2048 0 ) (-320 1216 0 ) 
4 82 181 (0 1024 -58 ) (0 1024 0 ) (-1024 1024 0 ) (-1024 1024 -58 ) 
4 82 90 (-1024 1024 -58 ) (-1024 1024 0 ) (-1024 1088 0 ) (-1024 1088 -58 ) 
4 82 89 (-1024 1088 0 ) (-1024 2048 0 ) (-1024 2048 -58 ) (-1024 1088 -58 ) 
4 83 89 (-1024 2048 -58 ) (-1024 2048 64 ) (-1200 2048 64 ) (-1200 2048 -58 ) 
4 83 91 (-1200 2048 64 ) (-1538.500000 2048 64 ) (-1538.500000 2048 -58 ) (-1200 2048 -58 ) 
4 83 85 (-1024 2048 64 ) (-1024 2048 192 ) (-1200 2048 192 ) (-1200 2048 64 ) 
4 83 88 (-1200 2048 192 ) (-1538.500000 2048 192 ) (-1538.500000 2048 64 ) (-1200 2048 64 ) 
4 83 84 (-1024 2048 192 ) (-1024 2048 474 ) (-1538.500000 2048 474 ) (-1538.500000 2048 192 ) 
4 84 233 (-1216 1024 474 ) (-1538.500000 1024 474 ) (-1538.500000 1024 192 ) (-1216 1024 192 ) 
4 84 231 (-1200 1024 474 ) (-1216 1024 474 ) (-1216 1024 192 ) (-1200 1024 192 ) 
4 84 229 (-1024 1024 192 ) (-1024 1024 474 ) (-1200 1024 474 ) (-1200 1024 192 ) 
4 84 87 (-1024 1088 192 ) (-1024 1024 192 ) (-1072 1024 192 ) (-1029.333374 1088 192 ) 
4 84 86 (-1152 1096 192 ) (-1200 1096 192 ) (-1200 1216 192 ) (-1152 1216 192 ) 
4 84 85 (-1200 2048 192 ) (-1024 2048 192 ) (-1024 1216 192 ) (-1200 1216 192 ) 
4 84 88 (-1538.500000 1024 192 ) (-1538.500000 2048 192 ) (-1200 2048 192 ) (-1200 1024 192 ) 
4 85 89 (-1200 1216 64 ) (-1200 2048 64 ) (-1024 2048 64 ) (-1024 1216 64 ) 
4 85 86 (-1200 1216 192 ) (-1200 1216 64 ) (-1152 1216 64 ) (-1152 1216 192 ) 
4 85 88 (-1200 2048 64 ) (-1200 1216 64 ) (-1200 1216 192 ) (-1200 2048 192 ) 
4 86 89 (-1200 1096 64 ) (-1200 1216 64 ) (-1152 1216 64 ) (-1152 1096 64 ) 
4 86 88 (-1200 1216 64 ) (-1200 1096 64 ) (-1200 1096 192 ) (-1200 1216 192 ) 
4 87 230 (-1024 1024 64 ) (-1024 1024 192 ) (-1072 1024 192 ) (-1072 1024 64 ) 
4 88 233 (-1216 1024 192 ) (-1538.500000 1024 192 ) (-1538.500000 1024 64 ) (-1216 1024 64 ) 
4 88 231 (-1200 1024 192 ) (-1216 1024 192 ) (-1216 1024 64 ) (-1200 1024 64 ) 
4 88 91 (-1200 1024 64 ) (-1538.500000 1024 64 ) (-1538.500000 2048 64 ) (-1200 2048 64 ) 
4 89 90 (-1200 1088 0 ) (-1200 1088 -58 ) (-1024 1088 -58 ) (-1024 1088 0 ) 
4 89 91 (-1200 2048 -58 ) (-1200 1088 -58 ) (-1200 1088 64 ) (-1200 2048 64 ) 
4 90 234 (-1024 1024 -58 ) (-1024 1024 0 ) (-1200 1024 0 ) (-1200 1024 -58 ) 
4 90 91 (-1200 1088 -58 ) (-1200 1024 -58 ) (-1200 1024 0 ) (-1200 1088 0 ) 
4 91 235 (-1200 1024 64 ) (-1538.500000 1024 64 ) (-1538.500000 1024 -58 ) (-1200 1024 -58 ) 
4 92 115 (2274.500000 0 474 ) (2048 0 474 ) (2048 0 -58 ) (2274.500000 0 -58 ) 
4 92 114 (2048 1024 0 ) (2048 1024 -58 ) (2048 0 -58 ) (2048 0 0 ) 
4 92 107 (2048 1024 64 ) (2048 1024 0 ) (2048 0 0 ) (2048 0 64 ) 
4 92 97 (2048 512 64 ) (2048 0 64 ) (2048 0 192 ) (2048 512 192 ) 
4 92 95 (2048 768 64 ) (2048 512 64 ) (2048 512 192 ) (2048 768 192 ) 
4 92 94 (2048 1024 192 ) (2048 1024 64 ) (2048 768 64 ) (2048 768 192 ) 
4 92 93 (2048 1024 474 ) (2048 1024 192 ) (2048 0 192 ) (2048 0 474 ) 
4 93 133 (1024 1024 474 ) (1024 1024 192 ) (1024 0 192 ) (1024 0 474 ) 
4 93 116 (2048 0 192 ) (2048 0 474 ) (1024 0 474 ) (1024 0 192 ) 
4 93 105 (1280 0 192 ) (1088 0 192 ) (1088 432 192 ) (1280 176 192 ) 
4 93 104 (1104 576 192 ) (1280 576 192 ) (1280 432 192 ) (1104 432 192 ) 
3 93 103 (1088 576 192 ) (1280 768 192 ) (1280 576 192 ) 
4 93 102 (1088 704 192 ) (1088 1024 192 ) (1280 1024 192 ) (1280 896 192 ) 
4 93 101 (1472 0 192 ) (1280 80 192 ) (1280 176 192 ) (1472 256 192 ) 
3 93 100 (1280 896 192 ) (1280 1024 192 ) (1408 1024 192 ) 
4 93 99 (1280 256 192 ) (1280 768 192 ) (1456 944 192 ) (1456 256 192 ) 
4 93 106 (1088 0 192 ) (1024 0 192 ) (1024 1024 192 ) (1088 1024 192 ) 
4 93 97 (2048 0 192 ) (1616 0 192 ) (1616 512 192 ) (2048 512 192 ) 
3 93 96 (1600 512 192 ) (1600 768 192 ) (1792 640 192 ) 
4 93 95 (1792 768 192 ) (2048 768 192 ) (2048 512 192 ) (1792 512 192 ) 
4 93 94 (1616 1024 192 ) (2048 1024 192 ) (2048 768 192 ) (1616 768 192 ) 
4 93 98 (1600 0 192 ) (1472 0 192 ) (1472 1024 192 ) (1600 1024 192 ) 
4 94 108 (1616 1024 64 ) (1792 1024 64 ) (1792 768 64 ) (1616 768 64 ) 
4 94 107 (1792 1024 64 ) (2048 1024 64 ) (2048 768 64 ) (1792 768 64 ) 
4 94 95 (1792 768 64 ) (2048 768 64 ) (2048 768 192 ) (1792 768 192 ) 
4 95 107 (2048 768 64 ) (2048 512 64 ) (1792 512 64 ) (1792 768 64 ) 
4 95 97 (1792 512 64 ) (2048 512 64 ) (2048 512 192 ) (1792 512 192 ) 
4 96 98 (1600 768 64 ) (1600 512 64 ) (1600 512 192 ) (1600 768 192 ) 
4 97 117 (2048 0 64 ) (2048 0 192 ) (1616 0 192 ) (1616 0 64 ) 
4 97 109 (1792 0 64 ) (1616 0 64 ) (1616 512 64 ) (1792 512 64 ) 
4 97 107 (2048 512 64 ) (2048 0 64 ) (1792 0 64 ) (1792 512 64 ) 
4 98 118 (1600 0 192 ) (1472 0 192 ) (1472 0 64 ) (1600 0 64 ) 
4 98 101 (1472 256 64 ) (1472 0 64 ) (1472 0 192 ) (1472 256 192 ) 
4 99 112 (1456 704 64 ) (1456 256 64 ) (1280 256 64 ) (1280 704 64 ) 
5 99 111 (1456 832 64 ) (1456 704 64 ) (1280 704 64 ) (1280 768 64 ) (1344 832 64 ) 
3 99 110 (1456 944 64 ) (1456 832 64 ) (1344 832 64 ) 
4 99 104 (1280 576 64 ) (1280 432 64 ) (1280 432 192 ) (1280 576 192 ) 
4 99 103 (1280 768 64 ) (1280 576 64 ) (1280 576 192 ) (1280 768 192 ) 
4 100 102 (1280 1024 64 ) (1280 896 64 ) (1280 896 192 ) (1280 1024 192 ) 
4 101 105 (1280 176 64 ) (1280 80 64 ) (1280 80 192 ) (1280 176 192 ) 
4 102 106 (1088 1024 64 ) (1088 704 64 ) (1088 704 192 ) (1088 1024 192 ) 
4 103 113 (1280 704 64 ) (1280 576 64 ) (1088 576 64 ) (1216 704 64 ) 
3 103 111 (1280 768 64 ) (1280 704 64 ) (1216 704 64 ) 
4 103 104 (1104 576 64 ) (1280 576 64 ) (1280 576 192 ) (1104 576 192 ) 
4 104 113 (1280 576 64 ) (1280 432 64 ) (1104 432 64 ) (1104 576 64 ) 
4 105 120 (1280 0 192 ) (1088 0 192 ) (1088 0 64 ) (1280 0 64 ) 
4 105 106 (1088 432 64 ) (1088 0 64 ) (1088 0 192 ) (1088 432 192 ) 
4 106 139 (1024 432 64 ) (1024 304 64 ) (1024 304 192 ) (1024 432 192 ) 
4 106 138 (1024 448 64 ) (1024 432 64 ) (1024 432 192 ) (1024 448 192 ) 
4 106 141 (1024 304 64 ) (1024 0 64 ) (1024 0 192 ) (1024 304 192 ) 
4 106 134 (1024 1024 192 ) (1024 1024 64 ) (1024 448 64 ) (1024 448 192 ) 
4 106 120 (1088 0 192 ) (1024 0 192 ) (1024 0 64 ) (1088 0 64 ) 
4 107 126 (2048 0 0 ) (2048 0 64 ) (1792 0 64 ) (1792 0 0 ) 
4 107 114 (2048 0 0 ) (1792 0 0 ) (1792 1024 0 ) (2048 1024 0 ) 
4 107 108 (1792 1024 0 ) (1792 768 0 ) (1792 768 64 ) (1792 1024 64 ) 
4 107 109 (1792 512 0 ) (1792 0 0 ) (1792 0 64 ) (1792 512 64 ) 
4 108 114 (1600 768 0 ) (1600 1024 0 ) (1792 1024 0 ) (1792 768 0 ) 
4 109 126 (1792 0 64 ) (1600 0 64 ) (1600 0 0 ) (1792 0 0 ) 
4 109 114 (1792 0 0 ) (1600 0 0 ) (1600 512 0 ) (1792 512 0 ) 
4 110 114 (1344 960 0 ) (1472 960 0 ) (1472 832 0 ) (1344 832 0 ) 
4 110 111 (1344 832 0 ) (1472 832 0 ) (1472 832 64 ) (1344 832 64 ) 
4 111 114 (1216 832 0 ) (1472 832 0 ) (1472 704 0 ) (1216 704 0 ) 
4 111 113 (1216 704 0 ) (1280 704 0 ) (1280 704 64 ) (1216 704 64 ) 
4 111 112 (1280 704 0 ) (1472 704 0 ) (1472 704 64 ) (1280 704 64 ) 
4 112 114 (1280 256 0 ) (1280 704 0 ) (1472 704 0 ) (1472 256 0 ) 
4 112 113 (1280 704 64 ) (1280 704 0 ) (1280 432 0 ) (1280 432 64 ) 
4 113 114 (1088 704 0 ) (1280 704 0 ) (1280 432 0 ) (1088 432 0 ) 
4 114 160 (1024 1024 0 ) (1024 1024 -58 ) (1024 0 -58 ) (1024 0 0 ) 
4 114 130 (2048 0 -58 ) (2048 0 0 ) (1024 0 0 ) (1024 0 -58 ) 
4 115 131 (2274.500000 -1024 474 ) (2048 -1024 474 ) (2048 -1024 -58 ) (2274.500000 -1024 -58 ) 
4 115 130 (2048 0 0 ) (2048 0 -58 ) (2048 -1024 -58 ) (2048 -1024 0 ) 
4 115 128 (2048 -512 0 ) (2048 -1024 0 ) (2048 -1024 64 ) (2048 -512 64 ) 
4 115 126 (2048 0 64 ) (2048 0 0 ) (2048 -512 0 ) (2048 -512 64 ) 
4 115 124 (2048 -896 64 ) (2048 -1024 64 ) (2048 -1024 192 ) (2048 -896 192 ) 
4 115 117 (2048 0 192 ) (2048 0 64 ) (2048 -896 64 ) (2048 -896 192 ) 
4 115 116 (2048 0 474 ) (2048 0 192 ) (2048 -1024 192 ) (2048 -1024 474 ) 
4 116 182 (1024 -1024 192 ) (1024 -1024 474 ) (1024 0 474 ) (1024 0 192 ) 
4 116 132 (2048 -1024 192 ) (2048 -1024 474 ) (1024 -1024 474 ) (1024 -1024 192 ) 
4 116 125 (1616 -1024 192 ) (1024 -1024 192 ) (1024 -912 192 ) (1616 -912 192 ) 
4 116 124 (2048 -1024 192 ) (1616 -1024 192 ) (1616 -896 192 ) (2048 -896 192 ) 
5 116 123 (1024 -896 192 ) (1024 -695.794922 192 ) (1472 -512 192 ) (1600 -512 192 ) (1600 -896 192 ) 
4 116 121 (1024 -384 192 ) (1024 -144 192 ) (1280 -144 192 ) (1280 -384 192 ) 
4 116 120 (1024 -144 192 ) (1024 0 192 ) (1280 0 192 ) (1280 -144 192 ) 
4 116 122 (1024 -512 192 ) (1024 -384 192 ) (1280 -384 192 ) (1280 -512 192 ) 
4 116 118 (1472 0 192 ) (1600 0 192 ) (1600 -512 192 ) (1472 -512 192 ) 
4 116 119 (1280 0 192 ) (1456 0 192 ) (1456 -512 192 ) (1280 -512 192 ) 
4 116 117 (1616 0 192 ) (2048 0 192 ) (2048 -896 192 ) (1616 -896 192 ) 
4 117 128 (2048 -512 64 ) (2048 -896 64 ) (1616 -896 64 ) (1616 -512 64 ) 
4 117 126 (2048 0 64 ) (2048 -512 64 ) (1616 -512 64 ) (1616 0 64 ) 
4 117 124 (1616 -896 64 ) (2048 -896 64 ) (2048 -896 192 ) (1616 -896 192 ) 
4 118 123 (1472 -512 64 ) (1600 -512 64 ) (1600 -512 192 ) (1472 -512 192 ) 
4 119 121 (1280 -384 80 ) (1280 -384 192 ) (1280 -144 192 ) (1280 -144 80 ) 
4 119 120 (1280 0 64 ) (1280 -144 64 ) (1280 -144 192 ) (1280 0 192 ) 
4 119 122 (1280 -384 64 ) (1280 -512 64 ) (1280 -512 192 ) (1280 -384 192 ) 
4 120 183 (1024 -144 192 ) (1024 0 192 ) (1024 0 64 ) (1024 -144 64 ) 
4 120 121 (1280 -144 80 ) (1280 -144 192 ) (1024 -144 192 ) (1024 -144 80 ) 
4 121 184 (1024 -384 192 ) (1024 -144 192 ) (1024 -144 80 ) (1024 -384 80 ) 
4 121 122 (1280 -384 80 ) (1280 -384 192 ) (1024 -384 192 ) (1024 -384 80 ) 
4 122 186 (1024 -512 192 ) (1024 -384 192 ) (1024 -384 64 ) (1024 -512 64 ) 
4 123 197 (1024 -896 192 ) (1024 -695.794922 192 ) (1024 -695.794861 64 ) (1024 -896 64 ) 
4 124 132 (2048 -1024 64 ) (2048 -1024 192 ) (1616 -1024 192 ) (1616 -1024 64 ) 
4 124 128 (2048 -896 64 ) (2048 -1024 64 ) (1616 -1024 64 ) (1616 -896 64 ) 
4 124 125 (1616 -912 64 ) (1616 -1024 64 ) (1616 -1024 192 ) (1616 -912 192 ) 
4 125 203 (1024 -1024 64 ) (1024 -1024 192 ) (1024 -912 192 ) (1024 -912 64 ) 
4 125 132 (1616 -1024 192 ) (1024 -1024 192 ) (1024 -1024 64 ) (1616 -1024 64 ) 
4 125 129 (1600 -1024 64 ) (1024 -1024 64 ) (1024 -912 64 ) (1600 -912 64 ) 
4 125 128 (1616 -1024 64 ) (1600 -1024 64 ) (1600 -912 64 ) (1616 -912 64 ) 
4 126 130 (1600 0 0 ) (2048 0 0 ) (2048 -512 0 ) (1600 -512 0 ) 
4 126 128 (1600 -512 0 ) (2048 -512 0 ) (2048 -512 64 ) (1600 -512 64 ) 
4 127 130 (1456 0 0 ) (1472 0 0 ) (1472 -512 0 ) (1456 -512 0 ) 
4 128 132 (2048 -1024 0 ) (2048 -1024 64 ) (1600 -1024 64 ) (1600 -1024 0 ) 
4 128 130 (2048 -1024 0 ) (1600 -1024 0 ) (1600 -512 0 ) (2048 -512 0 ) 
4 128 129 (1600 -896 0 ) (1600 -1024 0 ) (1600 -1024 64 ) (1600 -896 64 ) 
4 129 205 (1024 -1024 0 ) (1024 -1024 64 ) (1024 -896 64 ) (1024 -896 0 ) 
4 129 132 (1600 -1024 64 ) (1024 -1024 64 ) (1024 -1024 0 ) (1600 -1024 0 ) 
4 129 130 (1600 -1024 0 ) (1024 -1024 0 ) (1024 -896 0 ) (1600 -896 0 ) 
4 130 212 (1024 -1024 -58 ) (1024 -1024 0 ) (1024 0 0 ) (1024 0 -58 ) 
4 130 132 (2048 -1024 -58 ) (2048 -1024 0 ) (1024 -1024 0 ) (1024 -1024 -58 ) 
4 131 132 (2048 -1024 474 ) (2048 -1024 -58 ) (2048 -1787.500000 -58 ) (2048 -1787.500000 474 ) 
4 132 250 (1024 -1024 64 ) (1024 -1024 -58 ) (1024 -1787.500000 -58 ) (1024 -1787.500000 64 ) 
4 132 249 (1024 -1787.500000 474 ) (1024 -1088 474 ) (1024 -1088 64 ) (1024 -1787.500000 64 ) 
4 132 245 (1024 -1088 474 ) (1024 -1024 474 ) (1024 -1024 64 ) (1024 -1088 64 ) 
4 133 182 (1024 0 192 ) (1024 0 474 ) (0 0 474 ) (0 0 192 ) 
4 133 161 (0 1024 474 ) (0 1024 192 ) (0 0 192 ) (0 0 474 ) 
3 133 150 (192 192 192 ) (192 0 192 ) (8.001495 0 192 ) 
4 133 149 (0 576 192 ) (0 768 192 ) (64 832 192 ) (64 576 192 ) 
5 133 148 (128 1024 192 ) (192 1024 192 ) (192 192 192 ) (64 192 192 ) (64 960 192 ) 
4 133 147 (192 192 192 ) (192 576 192 ) (208 576 192 ) (208 192 192 ) 
4 133 146 (304 0 192 ) (208 0 192 ) (208 576 192 ) (304 576 192 ) 
4 133 145 (320 320 192 ) (320 0 192 ) (304 0 192 ) (304 320 192 ) 
4 133 144 (192 1024 192 ) (320 1024 192 ) (320 960 192 ) (192 832 192 ) 
4 133 143 (320 1024 192 ) (576 1024 192 ) (576 0 192 ) (320 0 192 ) 
4 133 142 (576 80 192 ) (576 176 192 ) (592 176 192 ) (592 80 192 ) 
4 133 140 (592 320 192 ) (592 432 192 ) (848 432 192 ) (848 320 192 ) 
4 133 139 (1024 432 192 ) (1024 304 192 ) (848 304 192 ) (976 432 192 ) 
4 133 138 (1024 448 192 ) (1024 432 192 ) (976 432 192 ) (976 448 192 ) 
4 133 141 (1024 304 192 ) (1024 0 192 ) (592 0 192 ) (592 304 192 ) 
4 133 137 (704 704 192 ) (704 448 192 ) (576 448 192 ) (576 832 192 ) 
5 133 136 (704 1024 192 ) (960 1024 192 ) (960 576 192 ) (832 448 192 ) (704 448 192 ) 
4 133 135 (960 1024 192 ) (976 1024 192 ) (976 960 192 ) (960 960 192 ) 
4 133 134 (976 1024 192 ) (1024 1024 192 ) (1024 448 192 ) (976 448 192 ) 
4 134 138 (976 448 64 ) (1024 448 64 ) (1024 448 192 ) (976 448 192 ) 
4 134 135 (976 1024 64 ) (976 960 64 ) (976 960 192 ) (976 1024 192 ) 
4 135 136 (960 1024 64 ) (960 960 64 ) (960 960 192 ) (960 1024 192 ) 
4 136 137 (704 704 64 ) (704 448 64 ) (704 448 192 ) (704 704 192 ) 
4 137 143 (576 832 64 ) (576 448 64 ) (576 448 192 ) (576 832 192 ) 
4 138 139 (976 432 64 ) (1024 432 64 ) (1024 432 192 ) (976 432 192 ) 
4 139 141 (848 304 64 ) (1024 304 64 ) (1024 304 192 ) (848 304 192 ) 
4 140 154 (592 320 64 ) (592 432 64 ) (848 432 64 ) (848 320 64 ) 
4 141 188 (736 0 192 ) (592 0 192 ) (592 0 64 ) (736 0 64 ) 
4 141 187 (848 0 192 ) (736 0 192 ) (736 0 64 ) (848 0 64 ) 
4 141 183 (1024 0 64 ) (1024 0 192 ) (1008 0 192 ) (1008 0 64 ) 
4 141 185 (1008 0 192 ) (848 0 192 ) (848 0 64 ) (1008 0 64 ) 
4 141 142 (592 176 64 ) (592 80 64 ) (592 80 192 ) (592 176 192 ) 
4 142 143 (576 176 64 ) (576 80 64 ) (576 80 192 ) (576 176 192 ) 
4 143 193 (576 0 192 ) (320 0 192 ) (320 0 64 ) (576 0 64 ) 
4 143 145 (320 320 64 ) (320 0 64 ) (320 0 192 ) (320 320 192 ) 
4 143 144 (320 1024 64 ) (320 960 64 ) (320 960 192 ) (320 1024 192 ) 
4 144 148 (192 1024 64 ) (192 832 64 ) (192 832 192 ) (192 1024 192 ) 
4 145 193 (320 0 192 ) (304 0 192 ) (304 0 64 ) (320 0 64 ) 
4 145 146 (304 320 64 ) (304 0 64 ) (304 0 192 ) (304 320 192 ) 
4 146 193 (304 0 192 ) (208 0 192 ) (208 0 64 ) (304 0 64 ) 
4 146 147 (208 576 192 ) (208 576 64 ) (208 192 64 ) (208 192 192 ) 
4 147 148 (192 576 64 ) (192 192 64 ) (192 192 192 ) (192 576 192 ) 
4 148 149 (64 832 64 ) (64 576 64 ) (64 576 192 ) (64 832 192 ) 
4 149 162 (0 768 64 ) (0 576 64 ) (0 576 192 ) (0 768 192 ) 
4 150 194 (192 0 192 ) (8.001495 0 192 ) (8.001495 0 64 ) (192 0 64 ) 
3 150 159 (48 0 64 ) (8.001495 0 64 ) (48 41.737911 64 ) 
4 151 160 (576 1024 0 ) (704 1024 0 ) (704 832 0 ) (576 832 0 ) 
4 152 160 (976 832 0 ) (976 432 0 ) (960 432 0 ) (960 832 0 ) 
4 152 153 (960 448 0 ) (960 432 0 ) (960 432 64 ) (960 448 64 ) 
4 153 160 (960 432 0 ) (576 432 0 ) (576 448 0 ) (960 448 0 ) 
4 153 154 (576 432 64 ) (576 432 0 ) (848 432 0 ) (848 432 64 ) 
4 154 160 (848 320 0 ) (576 320 0 ) (576 432 0 ) (848 432 0 ) 
4 154 155 (592 320 0 ) (848 320 0 ) (848 320 64 ) (592 320 64 ) 
4 155 160 (592 304 0 ) (592 320 0 ) (848 320 0 ) (848 304 0 ) 
4 156 177 (0 1024 64 ) (0 1024 0 ) (0 832 0 ) (0 832 64 ) 
4 156 160 (0 832 0 ) (0 1024 0 ) (64 1024 0 ) (64 832 0 ) 
4 157 160 (192 832 0 ) (320 832 0 ) (320 576 0 ) (192 576 0 ) 
4 158 178 (0 576 0 ) (0 336 0 ) (0 336 64 ) (0 576 64 ) 
4 158 160 (0 336 0 ) (0 576 0 ) (64 576 0 ) (64 336 0 ) 
4 158 159 (0 336 0 ) (48 336 0 ) (48 336 64 ) (0 336 64 ) 
4 159 211 (48 0 64 ) (0 0 64 ) (0 0 0 ) (48 0 0 ) 
4 159 178 (0 336 0 ) (0 0 0 ) (0 0 64 ) (0 336 64 ) 
4 159 160 (0 0 0 ) (0 336 0 ) (48 336 0 ) (48 0 0 ) 
4 160 212 (1024 0 -58 ) (1024 0 0 ) (0 0 0 ) (0 0 -58 ) 
4 160 181 (0 1024 0 ) (0 1024 -58 ) (0 0 -58 ) (0 0 0 ) 
4 161 229 (-1024 1024 474 ) (-1024 1024 192 ) (-1024 0 192 ) (-1024 0 474 ) 
4 161 213 (0 0 192 ) (0 0 474 ) (-1024 0 474 ) (-1024 0 192 ) 
4 161 176 (-920 0 192 ) (-1024 0 192 ) (-1024 192 192 ) (-1016 192 192 ) 
4 161 175 (-336 0 192 ) (-696 0 192 ) (-696 192 192 ) (-336 192 192 ) 
4 161 174 (-1024 192 192 ) (-1024 448 192 ) (-992 448 192 ) (-992 192 192 ) 
4 161 173 (-992 464 192 ) (-336 464 192 ) (-336 192 192 ) (-992 192 192 ) 
4 161 171 (-896 932 192 ) (-896 464 192 ) (-992 464 192 ) (-992 704 192 ) 
3 161 172 (-1024 704 192 ) (-1024 1008 192 ) (-896 1008 192 ) 
4 161 168 (-336 752 192 ) (-336 464 192 ) (-896 464 192 ) (-896 752 192 ) 
5 161 167 (-896 1008 192 ) (-576 1008 192 ) (-336 896 192 ) (-336 752 192 ) (-896 752 192 ) 
4 161 166 (-1024 1008 192 ) (-1024 1024 192 ) (-336 1024 192 ) (-336 1008 192 ) 
4 161 164 (-192 64 192 ) (-192 896 192 ) (-64 896 192 ) (-64 191.997070 192 ) 
4 161 165 (-192 0 192 ) (-336 0 192 ) (-336 896 192 ) (-192 896 192 ) 
3 161 163 (-336 1002.669922 192 ) (-336 1024 192 ) (-281.604919 1024 192 ) 
4 161 162 (-64 576 192 ) (-64 704 192 ) (0 768 192 ) (0 576 192 ) 
4 162 164 (-64 704 64 ) (-64 576 64 ) (-64 576 192 ) (-64 704 192 ) 
4 163 166 (-336 1024 64 ) (-336 1008 64 ) (-336 1008 192 ) (-336 1024 192 ) 
4 164 165 (-192 896 192 ) (-192 896 64 ) (-192 64 64 ) (-192 64 192 ) 
4 165 216 (-192 0 192 ) (-336 0 192 ) (-336 0 64 ) (-192 0 64 ) 
4 165 175 (-336 192 64 ) (-336 0 64 ) (-336 0 192 ) (-336 192 192 ) 
4 165 173 (-336 464 64 ) (-336 192 64 ) (-336 192 192 ) (-336 464 192 ) 
4 165 169 (-336 752 64 ) (-336 464 64 ) (-336 464 80 ) (-336 752 80 ) 
4 165 168 (-336 464 80 ) (-336 464 192 ) (-336 752 192 ) (-336 752 80 ) 
4 165 167 (-336 896 64 ) (-336 752 64 ) (-336 752 192 ) (-336 896 192 ) 
4 166 230 (-1024 1024 192 ) (-1024 1024 64 ) (-1024 1008 64 ) (-1024 1008 192 ) 
4 166 172 (-1024 1008 64 ) (-896 1008 64 ) (-896 1008 192 ) (-1024 1008 192 ) 
4 166 167 (-896 1008 64 ) (-576 1008 64 ) (-576 1008 192 ) (-896 1008 192 ) 
4 167 171 (-896 932 64 ) (-896 752 64 ) (-896 752 192 ) (-896 932 192 ) 
4 167 170 (-896 752 80 ) (-896 752 64 ) (-752 752 64 ) (-752 752 80 ) 
4 167 169 (-416 752 64 ) (-336 752 64 ) (-336 752 80 ) (-416 752 80 ) 
4 167 168 (-896 752 192 ) (-896 752 80 ) (-336 752 80 ) (-336 752 192 ) 
4 168 173 (-336 464 80 ) (-336 464 192 ) (-896 464 192 ) (-896 464 80 ) 
4 168 171 (-896 464 80 ) (-896 464 192 ) (-896 752 192 ) (-896 752 80 ) 
4 168 170 (-752 464 80 ) (-896 464 80 ) (-896 752 80 ) (-752 752 80 ) 
4 168 169 (-336 464 80 ) (-416 464 80 ) (-416 752 80 ) (-336 752 80 ) 
4 169 173 (-416 464 64 ) (-336 464 64 ) (-336 464 80 ) (-416 464 80 ) 
4 170 173 (-896 464 64 ) (-752 464 64 ) (-752 464 80 ) (-896 464 80 ) 
4 170 171 (-896 752 64 ) (-896 464 64 ) (-896 464 80 ) (-896 752 80 ) 
4 171 173 (-992 464 64 ) (-896 464 64 ) (-896 464 192 ) (-992 464 192 ) 
4 172 230 (-1024 1008 64 ) (-1024 704 64 ) (-1024 704 192 ) (-1024 1008 192 ) 
4 173 175 (-696 192 64 ) (-336 192 64 ) (-336 192 192 ) (-696 192 192 ) 
4 173 174 (-992 448 64 ) (-992 192 64 ) (-992 192 192 ) (-992 448 192 ) 
4 174 230 (-1024 448 64 ) (-1024 192 64 ) (-1024 192 192 ) (-1024 448 192 ) 
4 174 176 (-1024 192 64 ) (-1016 192 64 ) (-1016 192 192 ) (-1024 192 192 ) 
4 175 216 (-336 0 192 ) (-696 0 192 ) (-696 0 64 ) (-336 0 64 ) 
4 176 230 (-1024 192 64 ) (-1024 0 64 ) (-1024 0 192 ) (-1024 192 192 ) 
4 176 217 (-920 0 192 ) (-1024 0 192 ) (-1024 0 64 ) (-920 0 64 ) 
4 177 181 (-64 832 0 ) (-64 1024 0 ) (0 1024 0 ) (0 832 0 ) 
4 177 179 (-64 1024 0 ) (-64 960 0 ) (-64 960 64 ) (-64 1024 64 ) 
4 178 225 (0 0 0 ) (0 0 64 ) (-64 0 64 ) (-64 0 0 ) 
4 178 181 (0 0 0 ) (-64 0 0 ) (-64 576 0 ) (0 576 0 ) 
4 178 180 (-64 64 0 ) (-64 0 0 ) (-64 0 64 ) (-64 64 64 ) 
4 179 181 (-192 960 0 ) (-192 1024 0 ) (-64 1024 0 ) (-64 960 0 ) 
4 180 225 (-64 0 64 ) (-192 0 64 ) (-192 0 0 ) (-64 0 0 ) 
4 180 181 (-64 0 0 ) (-192 0 0 ) (-192 64 0 ) (-64 64 0 ) 
4 181 234 (-1024 1024 0 ) (-1024 1024 -58 ) (-1024 0 -58 ) (-1024 0 0 ) 
4 181 228 (0 0 -58 ) (0 0 0 ) (-1024 0 0 ) (-1024 0 -58 ) 
4 182 247 (320 -1024 474 ) (0 -1024 474 ) (0 -1024 192 ) (320 -1024 192 ) 
4 182 246 (336 -1024 474 ) (320 -1024 474 ) (320 -1024 192 ) (336 -1024 192 ) 
4 182 245 (1024 -1024 192 ) (1024 -1024 474 ) (336 -1024 474 ) (336 -1024 192 ) 
4 182 213 (0 0 474 ) (0 0 192 ) (0 -1024 192 ) (0 -1024 474 ) 
4 182 204 (0 -1024 192 ) (0 -896 192 ) (320 -896 192 ) (320 -1024 192 ) 
4 182 203 (1024 -912 192 ) (1024 -1024 192 ) (336 -1024 192 ) (336 -912 192 ) 
4 182 201 (0 -768 192 ) (0 -640 192 ) (448 -640 192 ) (320 -768 192 ) 
4 182 202 (0 -896 192 ) (0 -768 192 ) (448 -768 192 ) (448 -896 192 ) 
4 182 200 (848 -768 192 ) (848 -896 192 ) (448 -896 192 ) (448 -768 192 ) 
4 182 199 (576 -704 192 ) (576 -752 192 ) (448 -752 192 ) (448 -704 192 ) 
4 182 198 (576 -640 192 ) (848 -640 192 ) (848 -752 192 ) (576 -752 192 ) 
4 182 197 (1024 -695.794922 192 ) (1024 -896 192 ) (848 -896 192 ) (848 -768 192 ) 
4 182 196 (0 -640 192 ) (0 -384 192 ) (208 -384 192 ) (208 -640 192 ) 
4 182 195 (208 -368 192 ) (576 -368 192 ) (576 -640 192 ) (208 -640 192 ) 
5 182 194 (0 -368 192 ) (0 -8.349457 192 ) (8.001495 0 192 ) (192 0 192 ) (192 -368 192 ) 
4 182 193 (208 0 192 ) (576 0 192 ) (576 -368 192 ) (208 -368 192 ) 
4 182 192 (592 -256 192 ) (592 -208 192 ) (640 -208 192 ) (640 -256 192 ) 
3 182 189 (848 -208 192 ) (848 -512 192 ) (736 -208 192 ) 
4 182 190 (848 -512 192 ) (848 -640 192 ) (720 -640 192 ) (720 -512 192 ) 
4 182 191 (720 -640 192 ) (640 -640 192 ) (640 -208 192 ) (720 -208 192 ) 
4 182 188 (592 0 192 ) (736 0 192 ) (736 -80 192 ) (592 -80 192 ) 
4 182 187 (736 0 192 ) (848 0 192 ) (848 -208 192 ) (736 -208 192 ) 
4 182 186 (1024 -384 192 ) (1024 -512 192 ) (848 -512 192 ) (848 -384 192 ) 
4 182 184 (1024 -144 192 ) (1024 -384 192 ) (1008 -384 192 ) (1008 -144 192 ) 
4 182 183 (1008 0 192 ) (1024 0 192 ) (1024 -144 192 ) (1008 -144 192 ) 
4 182 185 (848 0 192 ) (1008 0 192 ) (1008 -384 192 ) (848 -384 192 ) 
4 183 184 (1008 -144 192 ) (1008 -144 80 ) (1024 -144 80 ) (1024 -144 192 ) 
4 183 185 (1008 0 64 ) (1008 -144 64 ) (1008 -144 192 ) (1008 0 192 ) 
4 184 186 (1024 -384 80 ) (1024 -384 192 ) (1008 -384 192 ) (1008 -384 80 ) 
4 184 185 (1008 -384 80 ) (1008 -384 192 ) (1008 -144 192 ) (1008 -144 80 ) 
4 185 189 (848 -208 64 ) (848 -384 64 ) (848 -384 192 ) (848 -208 192 ) 
4 185 187 (848 0 64 ) (848 -208 64 ) (848 -208 192 ) (848 0 192 ) 
4 185 186 (848 -384 192 ) (848 -384 64 ) (1008 -384 64 ) (1008 -384 192 ) 
4 186 189 (848 -384 64 ) (848 -512 64 ) (848 -512 192 ) (848 -384 192 ) 
4 187 189 (736 -208 64 ) (848 -208 64 ) (848 -208 192 ) (736 -208 192 ) 
4 187 188 (736 0 64 ) (736 -80 64 ) (736 -80 192 ) (736 0 192 ) 
4 190 206 (848 -512 64 ) (848 -640 64 ) (720 -640 64 ) (720 -512 64 ) 
4 190 198 (720 -640 64 ) (848 -640 64 ) (848 -640 192 ) (720 -640 192 ) 
4 190 191 (720 -512 64 ) (720 -640 64 ) (720 -640 192 ) (720 -512 192 ) 
4 191 207 (720 -640 64 ) (640 -640 64 ) (640 -208 64 ) (720 -208 64 ) 
4 191 198 (640 -640 64 ) (720 -640 64 ) (720 -640 192 ) (640 -640 192 ) 
4 191 192 (640 -208 192 ) (640 -208 64 ) (640 -256 64 ) (640 -256 192 ) 
4 192 207 (592 -256 64 ) (592 -208 64 ) (640 -208 64 ) (640 -256 64 ) 
4 193 195 (208 -368 64 ) (576 -368 64 ) (576 -368 192 ) (208 -368 192 ) 
4 194 214 (0 -8.349455 64 ) (0 -368 64 ) (0 -368 192 ) (0 -8.349457 192 ) 
5 194 211 (0 -320 64 ) (0 -8.349457 64 ) (8.001495 0 64 ) (48 0 64 ) (48 -320 64 ) 
4 195 201 (208 -640 64 ) (448 -640 64 ) (448 -640 192 ) (208 -640 192 ) 
4 195 196 (208 -384 64 ) (208 -640 64 ) (208 -640 192 ) (208 -384 192 ) 
4 196 215 (0 -384 64 ) (0 -640 64 ) (0 -640 192 ) (0 -384 192 ) 
4 196 201 (0 -640 64 ) (208 -640 64 ) (208 -640 192 ) (0 -640 192 ) 
4 197 200 (848 -768 64 ) (848 -896 64 ) (848 -896 192 ) (848 -768 192 ) 
4 198 209 (576 -640 64 ) (848 -640 64 ) (848 -752 64 ) (576 -752 64 ) 
4 198 199 (576 -704 64 ) (576 -752 64 ) (576 -752 192 ) (576 -704 192 ) 
4 199 209 (576 -704 64 ) (576 -752 64 ) (448 -752 64 ) (448 -704 64 ) 
4 200 202 (448 -768 64 ) (448 -896 64 ) (448 -896 192 ) (448 -768 192 ) 
4 201 215 (0 -640 64 ) (0 -768 64 ) (0 -768 192 ) (0 -640 192 ) 
4 201 202 (0 -768 64 ) (320 -768 64 ) (320 -768 192 ) (0 -768 192 ) 
4 202 215 (0 -768 64 ) (0 -896 64 ) (0 -896 192 ) (0 -768 192 ) 
4 202 204 (0 -896 64 ) (320 -896 64 ) (320 -896 192 ) (0 -896 192 ) 
4 203 245 (1024 -1024 64 ) (1024 -1024 192 ) (336 -1024 192 ) (336 -1024 64 ) 
4 203 210 (848 -1024 64 ) (336 -1024 64 ) (336 -912 64 ) (848 -912 64 ) 
4 203 205 (1024 -1024 64 ) (848 -1024 64 ) (848 -912 64 ) (1024 -912 64 ) 
4 204 247 (320 -1024 192 ) (0 -1024 192 ) (0 -1024 64 ) (320 -1024 64 ) 
4 204 215 (0 -896 64 ) (0 -1024 64 ) (0 -1024 192 ) (0 -896 192 ) 
4 205 250 (1024 -1024 0 ) (1024 -1024 64 ) (848 -1024 64 ) (848 -1024 0 ) 
4 205 212 (1024 -896 0 ) (1024 -1024 0 ) (848 -1024 0 ) (848 -896 0 ) 
4 205 210 (848 -896 0 ) (848 -1024 0 ) (848 -1024 64 ) (848 -896 64 ) 
4 206 212 (848 -512 0 ) (848 -640 0 ) (720 -640 0 ) (720 -512 0 ) 
4 206 209 (720 -640 0 ) (848 -640 0 ) (848 -640 64 ) (720 -640 64 ) 
4 206 207 (720 -512 0 ) (720 -640 0 ) (720 -640 64 ) (720 -512 64 ) 
4 207 212 (720 -640 0 ) (592 -640 0 ) (592 -80 0 ) (720 -80 0 ) 
4 207 209 (592 -640 0 ) (720 -640 0 ) (720 -640 64 ) (592 -640 64 ) 
4 207 208 (592 -320 0 ) (592 -640 0 ) (592 -640 64 ) (592 -320 64 ) 
4 208 212 (592 -320 0 ) (592 -640 0 ) (576 -640 0 ) (576 -320 0 ) 
4 208 209 (576 -640 0 ) (592 -640 0 ) (592 -640 64 ) (576 -640 64 ) 
4 209 212 (848 -640 0 ) (848 -768 0 ) (448 -768 0 ) (448 -640 0 ) 
4 210 250 (848 -1024 64 ) (320 -1024 64 ) (320 -1024 0 ) (848 -1024 0 ) 
4 210 212 (848 -896 0 ) (848 -1024 0 ) (320 -1024 0 ) (320 -896 0 ) 
4 211 225 (0 0 64 ) (0 0 0 ) (0 -320 0 ) (0 -320 64 ) 
4 211 212 (0 -320 0 ) (0 0 0 ) (48 0 0 ) (48 -320 0 ) 
4 212 251 (320 -1024 0 ) (0 -1024 0 ) (0 -1024 -58 ) (320 -1024 -58 ) 
4 212 250 (1024 -1024 -58 ) (1024 -1024 0 ) (320 -1024 0 ) (320 -1024 -58 ) 
4 212 228 (0 0 0 ) (0 0 -58 ) (0 -1024 -58 ) (0 -1024 0 ) 
4 213 253 (0 -1024 192 ) (0 -1024 474 ) (-1024 -1024 474 ) (-1024 -1024 192 ) 
4 213 236 (-1024 -320 474 ) (-1024 0 474 ) (-1024 0 192 ) (-1024 -320 192 ) 
4 213 238 (-1024 -1024 192 ) (-1024 -1024 474 ) (-1024 -320 474 ) (-1024 -320 192 ) 
4 213 223 (-192 -1024 192 ) (-592 -1024 192 ) (-592 -592 192 ) (-192 -592 192 ) 
4 213 224 (-608 -1024 192 ) (-1024 -1024 192 ) (-1024 -592 192 ) (-608 -592 192 ) 
4 213 221 (-592 -576 192 ) (-192 -576 192 ) (-192 -592 192 ) (-592 -592 192 ) 
4 213 222 (-1024 -592 192 ) (-1024 -576 192 ) (-872 -576 192 ) (-872 -592 192 ) 
4 213 219 (-872 -320 192 ) (-192 -320 192 ) (-192 -576 192 ) (-872 -576 192 ) 
4 213 220 (-1024 -576 192 ) (-1024 -320 192 ) (-888 -320 192 ) (-888 -576 192 ) 
5 213 218 (-1024 -201.365845 192 ) (-1024 -192 192 ) (-192 -192 192 ) (-192 -320 192 ) (-872 -320 192 ) 
4 213 217 (-1024 -192 192 ) (-1024 0 192 ) (-920 0 192 ) (-824 -192 192 ) 
4 213 216 (-696 0 192 ) (-192 0 192 ) (-192 -192 192 ) (-696 -192 192 ) 
4 213 215 (0 -1024 192 ) (-192 -1024 192 ) (-192 -384 192 ) (0 -384 192 ) 
4 213 214 (0 -8.349455 192 ) (0 -368 192 ) (-176 -368 192 ) (-176 -192.003128 192 ) 
4 214 225 (0 -8.349455 64 ) (0 -320 64 ) (-176 -320 64 ) (-176 -192.003128 64 ) 
4 215 254 (0 -1024 64 ) (0 -1024 192 ) (-192 -1024 192 ) (-192 -1024 64 ) 
4 215 223 (-192 -592 64 ) (-192 -1024 64 ) (-192 -1024 192 ) (-192 -592 192 ) 
4 215 221 (-192 -576 64 ) (-192 -592 64 ) (-192 -592 192 ) (-192 -576 192 ) 
4 215 219 (-192 -384 64 ) (-192 -576 64 ) (-192 -576 192 ) (-192 -384 192 ) 
4 216 218 (-696 -192 64 ) (-192 -192 64 ) (-192 -192 192 ) (-696 -192 192 ) 
4 217 237 (-1024 -192 192 ) (-1024 0 192 ) (-1024 0 64 ) (-1024 -192 64 ) 
4 217 218 (-1024 -192 64 ) (-824 -192 64 ) (-824 -192 192 ) (-1024 -192 192 ) 
4 218 237 (-1024 -201.365845 192 ) (-1024 -192 192 ) (-1024 -192 64 ) (-1024 -201.365845 64 ) 
4 218 219 (-872 -320 64 ) (-192 -320 64 ) (-192 -320 192 ) (-872 -320 192 ) 
4 219 221 (-592 -576 64 ) (-192 -576 64 ) (-192 -576 192 ) (-592 -576 192 ) 
4 220 238 (-1024 -576 192 ) (-1024 -320 192 ) (-1024 -320 64 ) (-1024 -576 64 ) 
4 220 227 (-1024 -576 64 ) (-1024 -320 64 ) (-888 -320 64 ) (-888 -576 64 ) 
4 220 222 (-1024 -576 64 ) (-888 -576 64 ) (-888 -576 192 ) (-1024 -576 192 ) 
4 221 223 (-592 -592 64 ) (-192 -592 64 ) (-192 -592 192 ) (-592 -592 192 ) 
4 222 238 (-1024 -592 192 ) (-1024 -576 192 ) (-1024 -576 64 ) (-1024 -592 64 ) 
4 222 227 (-1024 -592 64 ) (-1024 -576 64 ) (-872 -576 64 ) (-872 -592 64 ) 
4 222 224 (-1024 -592 64 ) (-872 -592 64 ) (-872 -592 192 ) (-1024 -592 192 ) 
4 223 254 (-192 -1024 192 ) (-592 -1024 192 ) (-592 -1024 64 ) (-192 -1024 64 ) 
4 224 255 (-608 -1024 192 ) (-736 -1024 192 ) (-736 -1024 64 ) (-608 -1024 64 ) 
4 224 256 (-736 -1024 192 ) (-1024 -1024 192 ) (-1024 -1024 64 ) (-736 -1024 64 ) 
4 224 238 (-1024 -1024 64 ) (-1024 -1024 192 ) (-1024 -592 192 ) (-1024 -592 64 ) 
4 224 226 (-608 -1024 64 ) (-872 -1024 64 ) (-872 -592 64 ) (-608 -592 64 ) 
4 224 227 (-872 -1024 64 ) (-1024 -1024 64 ) (-1024 -592 64 ) (-872 -592 64 ) 
4 225 228 (-192 0 0 ) (0 0 0 ) (0 -320 0 ) (-192 -320 0 ) 
4 226 264 (-592 -1024 64 ) (-872 -1024 64 ) (-872 -1024 0 ) (-592 -1024 0 ) 
4 226 228 (-592 -1024 0 ) (-872 -1024 0 ) (-872 -576 0 ) (-592 -576 0 ) 
4 226 227 (-872 -576 0 ) (-872 -1024 0 ) (-872 -1024 64 ) (-872 -576 64 ) 
4 227 264 (-872 -1024 64 ) (-1024 -1024 64 ) (-1024 -1024 0 ) (-872 -1024 0 ) 
4 227 242 (-1024 -1024 0 ) (-1024 -1024 64 ) (-1024 -320 64 ) (-1024 -320 0 ) 
4 227 228 (-872 -1024 0 ) (-1024 -1024 0 ) (-1024 -320 0 ) (-872 -320 0 ) 
4 228 263 (0 -1024 -58 ) (0 -1024 0 ) (-592 -1024 0 ) (-592 -1024 -58 ) 
4 228 264 (-592 -1024 0 ) (-1024 -1024 0 ) (-1024 -1024 -58 ) (-592 -1024 -58 ) 
4 228 243 (-1024 -1024 -58 ) (-1024 -1024 0 ) (-1024 0 0 ) (-1024 0 -58 ) 
4 229 236 (-1024 0 192 ) (-1024 0 474 ) (-1200 0 474 ) (-1200 0 192 ) 
4 229 232 (-1200 0 192 ) (-1200 0 474 ) (-1200 832 474 ) (-1200 832 192 ) 
4 229 231 (-1200 832 474 ) (-1200 1024 474 ) (-1200 1024 192 ) (-1200 832 192 ) 
5 229 230 (-1200 0 192 ) (-1200 832 192 ) (-1072 1024 192 ) (-1024 1024 192 ) (-1024 0 192 ) 
4 230 237 (-1024 0 64 ) (-1024 0 192 ) (-1200 0 192 ) (-1200 0 64 ) 
4 231 235 (-1216 832 64 ) (-1216 1024 64 ) (-1200 1024 64 ) (-1200 832 64 ) 
4 231 233 (-1216 1024 64 ) (-1216 832 64 ) (-1216 832 474 ) (-1216 1024 474 ) 
4 231 232 (-1216 832 474 ) (-1216 832 192 ) (-1200 832 192 ) (-1200 832 474 ) 
4 232 239 (-1200 0 474 ) (-1216 0 474 ) (-1216 0 192 ) (-1200 0 192 ) 
4 232 233 (-1216 0 192 ) (-1216 0 474 ) (-1216 832 474 ) (-1216 832 192 ) 
4 233 241 (-1216 0 474 ) (-1538.500000 0 474 ) (-1538.500000 0 64 ) (-1216 0 64 ) 
4 233 235 (-1216 0 64 ) (-1538.500000 0 64 ) (-1538.500000 1024 64 ) (-1216 1024 64 ) 
4 234 243 (-1024 0 -58 ) (-1024 0 0 ) (-1200 0 0 ) (-1200 0 -58 ) 
4 234 235 (-1200 1024 -58 ) (-1200 0 -58 ) (-1200 0 0 ) (-1200 1024 0 ) 
4 235 244 (-1200 0 64 ) (-1538.500000 0 64 ) (-1538.500000 0 -58 ) (-1200 0 -58 ) 
4 236 239 (-1200 -64 474 ) (-1200 0 474 ) (-1200 0 192 ) (-1200 -64 192 ) 
4 236 240 (-1200 -320 192 ) (-1200 -320 474 ) (-1200 -64 474 ) (-1200 -64 192 ) 
4 236 237 (-1200 -64 192 ) (-1200 0 192 ) (-1024 0 192 ) (-1024 -201.365829 192 ) 
4 236 238 (-1200 -320 474 ) (-1200 -320 192 ) (-1024 -320 192 ) (-1024 -320 474 ) 
4 238 269 (-1024 -1024 64 ) (-1024 -1024 474 ) (-1200 -1024 474 ) (-1200 -1024 64 ) 
4 238 242 (-1024 -320 64 ) (-1024 -1024 64 ) (-1200 -1024 64 ) (-1200 -320 64 ) 
4 238 240 (-1200 -320 64 ) (-1200 -1024 64 ) (-1200 -1024 474 ) (-1200 -320 474 ) 
4 239 241 (-1216 -64 192 ) (-1216 -64 474 ) (-1216 0 474 ) (-1216 0 192 ) 
4 239 240 (-1216 -64 474 ) (-1216 -64 192 ) (-1200 -64 192 ) (-1200 -64 474 ) 
4 240 269 (-1200 -1024 474 ) (-1216 -1024 474 ) (-1216 -1024 64 ) (-1200 -1024 64 ) 
4 240 244 (-1200 -64 64 ) (-1200 -1024 64 ) (-1216 -1024 64 ) (-1216 -64 64 ) 
4 240 241 (-1216 -64 64 ) (-1216 -1024 64 ) (-1216 -1024 474 ) (-1216 -64 474 ) 
4 241 269 (-1216 -1024 474 ) (-1538.500000 -1024 474 ) (-1538.500000 -1024 64 ) (-1216 -1024 64 ) 
4 241 244 (-1538.500000 0 64 ) (-1216 0 64 ) (-1216 -1024 64 ) (-1538.500000 -1024 64 ) 
4 242 269 (-1024 -1024 0 ) (-1024 -1024 64 ) (-1200 -1024 64 ) (-1200 -1024 0 ) 
4 242 244 (-1200 -1024 0 ) (-1200 -1024 64 ) (-1200 -320 64 ) (-1200 -320 0 ) 
4 242 243 (-1024 -1024 0 ) (-1200 -1024 0 ) (-1200 -320 0 ) (-1024 -320 0 ) 
4 243 269 (-1024 -1024 -58 ) (-1024 -1024 0 ) (-1200 -1024 0 ) (-1200 -1024 -58 ) 
4 243 244 (-1200 0 -58 ) (-1200 -1024 -58 ) (-1200 -1024 0 ) (-1200 0 0 ) 
4 244 269 (-1200 -1024 64 ) (-1538.500000 -1024 64 ) (-1538.500000 -1024 -58 ) (-1200 -1024 -58 ) 
4 245 250 (336 -1024 64 ) (1024 -1024 64 ) (1024 -1088 64 ) (336 -1088 64 ) 
4 245 249 (336 -1088 64 ) (1024 -1088 64 ) (1024 -1088 474 ) (336 -1088 474 ) 
4 245 246 (336 -1088 192 ) (336 -1088 474 ) (336 -1024 474 ) (336 -1024 192 ) 
4 246 249 (336 -1088 192 ) (336 -1088 474 ) (320 -1088 474 ) (320 -1088 192 ) 
4 246 248 (320 -1088 192 ) (320 -1088 474 ) (320 -1072 474 ) (320 -1072 192 ) 
4 246 247 (320 -1072 474 ) (320 -1024 474 ) (320 -1024 192 ) (320 -1072 192 ) 
4 247 254 (0 -1024 192 ) (0 -1024 64 ) (0 -1072 64 ) (0 -1072 192 ) 
4 247 253 (0 -1024 474 ) (0 -1024 192 ) (0 -1072 192 ) (0 -1072 474 ) 
4 247 248 (320 -1072 192 ) (320 -1072 474 ) (0 -1072 474 ) (0 -1072 192 ) 
4 248 253 (0 -1088 192 ) (0 -1088 474 ) (0 -1072 474 ) (0 -1072 192 ) 
4 248 249 (320 -1088 192 ) (320 -1088 474 ) (0 -1088 474 ) (0 -1088 192 ) 
4 249 258 (0 -1520 64 ) (0 -1787.500000 64 ) (0 -1787.500000 192 ) (0 -1520 192 ) 
4 249 257 (0 -1088 64 ) (0 -1520 64 ) (0 -1520 192 ) (0 -1088 192 ) 
4 249 253 (0 -1787.500000 192 ) (0 -1787.500000 474 ) (0 -1088 474 ) (0 -1088 192 ) 
4 249 252 (0 -1787.500000 64 ) (0 -1088 64 ) (320 -1088 64 ) (320 -1787.500000 64 ) 
4 249 250 (320 -1088 64 ) (1024 -1088 64 ) (1024 -1787.500000 64 ) (320 -1787.500000 64 ) 
4 250 251 (320 -1024 -58 ) (320 -1072 -58 ) (320 -1072 0 ) (320 -1024 0 ) 
4 250 252 (320 -1072 -58 ) (320 -1787.500000 -58 ) (320 -1787.500000 64 ) (320 -1072 64 ) 
4 251 263 (0 -1024 0 ) (0 -1024 -58 ) (0 -1072 -58 ) (0 -1072 0 ) 
4 251 252 (0 -1072 -58 ) (320 -1072 -58 ) (320 -1072 0 ) (0 -1072 0 ) 
4 252 265 (0 -1072 -58 ) (0 -1787.500000 -58 ) (0 -1787.500000 64 ) (0 -1072 64 ) 
4 253 269 (-1024 -1024 474 ) (-1024 -1024 192 ) (-1024 -1787.500000 192 ) (-1024 -1787.500000 474 ) 
4 253 262 (-1024 -1787.500000 192 ) (-1024 -1520 192 ) (-96 -1520 192 ) (-96 -1787.500000 192 ) 
4 253 261 (-1024 -1520 192 ) (-1024 -1504 192 ) (-736 -1504 192 ) (-736 -1520 192 ) 
4 253 259 (-736 -1072 192 ) (-96 -1072 192 ) (-96 -1504 192 ) (-736 -1504 192 ) 
4 253 260 (-1024 -1504 192 ) (-1024 -1072 192 ) (-752 -1072 192 ) (-752 -1504 192 ) 
4 253 258 (0 -1520 192 ) (0 -1787.500000 192 ) (-96 -1787.500000 192 ) (-96 -1520 192 ) 
4 253 257 (0 -1088 192 ) (0 -1520 192 ) (-80 -1520 192 ) (-80 -1088 192 ) 
4 253 255 (-736 -1024 192 ) (-608 -1024 192 ) (-608 -1056 192 ) (-736 -1056 192 ) 
4 253 256 (-1024 -1072 192 ) (-1024 -1024 192 ) (-736 -1024 192 ) (-736 -1072 192 ) 
4 253 254 (-592 -1024 192 ) (0 -1024 192 ) (0 -1072 192 ) (-592 -1072 192 ) 
4 254 259 (-592 -1072 64 ) (-96 -1072 64 ) (-96 -1072 192 ) (-592 -1072 192 ) 
4 255 264 (-736 -1024 64 ) (-608 -1024 64 ) (-608 -1056 64 ) (-736 -1056 64 ) 
4 255 256 (-736 -1024 64 ) (-736 -1056 64 ) (-736 -1056 192 ) (-736 -1024 192 ) 
4 256 269 (-1024 -1024 192 ) (-1024 -1024 64 ) (-1024 -1072 64 ) (-1024 -1072 192 ) 
4 256 264 (-1024 -1024 64 ) (-736 -1024 64 ) (-736 -1072 64 ) (-1024 -1072 64 ) 
4 256 260 (-1024 -1072 64 ) (-752 -1072 64 ) (-752 -1072 192 ) (-1024 -1072 192 ) 
4 257 265 (0 -1088 64 ) (0 -1520 64 ) (-80 -1520 64 ) (-80 -1088 64 ) 
4 257 258 (-80 -1520 64 ) (0 -1520 64 ) (0 -1520 192 ) (-80 -1520 192 ) 
4 258 265 (0 -1520 64 ) (0 -1787.500000 64 ) (-96 -1787.500000 64 ) (-96 -1520 64 ) 
4 258 262 (-96 -1520 64 ) (-96 -1787.500000 64 ) (-96 -1787.500000 192 ) (-96 -1520 192 ) 
4 260 269 (-1024 -1072 64 ) (-1024 -1504 64 ) (-1024 -1504 192 ) (-1024 -1072 192 ) 
4 260 268 (-1024 -1504 64 ) (-1024 -1072 64 ) (-752 -1072 64 ) (-752 -1504 64 ) 
4 260 261 (-1024 -1504 64 ) (-752 -1504 64 ) (-752 -1504 192 ) (-1024 -1504 192 ) 
4 261 269 (-1024 -1504 64 ) (-1024 -1520 64 ) (-1024 -1520 192 ) (-1024 -1504 192 ) 
4 261 268 (-1024 -1520 64 ) (-1024 -1504 64 ) (-736 -1504 64 ) (-736 -1520 64 ) 
4 261 262 (-1024 -1520 64 ) (-736 -1520 64 ) (-736 -1520 192 ) (-1024 -1520 192 ) 
4 262 269 (-1024 -1520 64 ) (-1024 -1787.500000 64 ) (-1024 -1787.500000 192 ) (-1024 -1520 192 ) 
4 262 267 (-736 -1520 64 ) (-96 -1520 64 ) (-96 -1787.500000 64 ) (-736 -1787.500000 64 ) 
4 262 268 (-1024 -1787.500000 64 ) (-1024 -1520 64 ) (-736 -1520 64 ) (-736 -1787.500000 64 ) 
4 263 266 (-592 -1072 -58 ) (-96 -1072 -58 ) (-96 -1072 0 ) (-592 -1072 0 ) 
4 263 265 (-96 -1072 -58 ) (0 -1072 -58 ) (0 -1072 0 ) (-96 -1072 0 ) 
4 263 264 (-592 -1024 -58 ) (-592 -1072 -58 ) (-592 -1072 0 ) (-592 -1024 0 ) 
4 264 269 (-1024 -1024 64 ) (-1024 -1024 -58 ) (-1024 -1072 -58 ) (-1024 -1072 64 ) 
4 264 266 (-736 -1072 -58 ) (-592 -1072 -58 ) (-592 -1072 0 ) (-736 -1072 0 ) 
4 264 268 (-1024 -1072 -58 ) (-736 -1072 -58 ) (-736 -1072 64 ) (-1024 -1072 64 ) 
4 265 266 (-96 -1072 0 ) (-96 -1072 -58 ) (-96 -1504 -58 ) (-96 -1504 0 ) 
4 265 267 (-96 -1504 -58 ) (-96 -1787.500000 -58 ) (-96 -1787.500000 64 ) (-96 -1504 64 ) 
4 266 267 (-736 -1504 0 ) (-736 -1504 -58 ) (-96 -1504 -58 ) (-96 -1504 0 ) 
4 266 268 (-736 -1072 0 ) (-736 -1072 -58 ) (-736 -1504 -58 ) (-736 -1504 0 ) 
4 267 268 (-736 -1504 -58 ) (-736 -1787.500000 -58 ) (-736 -1787.500000 64 ) (-736 -1504 64 ) 
4 268 269 (-1024 -1072 -58 ) (-1024 -1787.500000 -58 ) (-1024 -1787.500000 64 ) (-1024 -1072 64 ) 
