PRT1
268
704
4 0 2 (5888 6144 960 ) (5120 6144 960 ) (5120 6144 -256 ) (5888 6144 -256 ) 
4 0 1 (5120 6144 -256 ) (5120 6144 960 ) (5120 6464 960 ) (5120 6464 -256 ) 
4 1 4 (4096 6144 -256 ) (4096 6144 960 ) (4096 6464 960 ) (4096 6464 -256 ) 
4 1 3 (5120 6144 -256 ) (5120 6144 960 ) (4096 6144 960 ) (4096 6144 -256 ) 
4 2 10 (5888 5120 960 ) (5120 5120 960 ) (5120 5120 -256 ) (5888 5120 -256 ) 
4 2 3 (5120 6144 960 ) (5120 6144 -256 ) (5120 5120 -256 ) (5120 5120 960 ) 
4 3 11 (5120 5120 -256 ) (5120 5120 960 ) (4096 5120 960 ) (4096 5120 -256 ) 
4 3 5 (4096 5120 -256 ) (4096 5120 960 ) (4096 6144 960 ) (4096 6144 -256 ) 
4 4 6 (3072 6144 -256 ) (3072 6144 960 ) (3072 6464 960 ) (3072 6464 -256 ) 
4 4 5 (4096 6144 -256 ) (4096 6144 960 ) (3072 6144 960 ) (3072 6144 -256 ) 
4 5 18 (4096 5120 -256 ) (4096 5120 960 ) (3072 5120 960 ) (3072 5120 -256 ) 
4 5 8 (3072 5120 -256 ) (3072 5120 960 ) (3072 6144 960 ) (3072 6144 -256 ) 
4 6 8 (3072 6144 -256 ) (3072 6144 960 ) (2048 6144 960 ) (2048 6144 -256 ) 
4 6 7 (2048 6144 -256 ) (2048 6144 960 ) (2048 6464 960 ) (2048 6464 -256 ) 
4 7 30 (1024 6144 -256 ) (1024 6144 960 ) (1024 6464 960 ) (1024 6464 -256 ) 
4 7 9 (2048 6144 -256 ) (2048 6144 960 ) (1024 6144 960 ) (1024 6144 -256 ) 
4 8 20 (3072 5120 -256 ) (3072 5120 960 ) (2048 5120 960 ) (2048 5120 -256 ) 
4 8 9 (2048 6144 960 ) (2048 6144 -256 ) (2048 5120 -256 ) (2048 5120 960 ) 
4 9 31 (1024 5120 -256 ) (1024 5120 960 ) (1024 6144 960 ) (1024 6144 -256 ) 
4 9 21 (2048 5120 -256 ) (2048 5120 960 ) (1024 5120 960 ) (1024 5120 -256 ) 
4 10 12 (5888 4096 960 ) (5120 4096 960 ) (5120 4096 -256 ) (5888 4096 -256 ) 
4 10 11 (5120 5120 960 ) (5120 5120 -256 ) (5120 4096 -256 ) (5120 4096 960 ) 
4 11 18 (4096 5120 960 ) (4096 5120 -256 ) (4096 4096 -256 ) (4096 4096 960 ) 
4 11 13 (5120 4096 -256 ) (5120 4096 960 ) (4096 4096 960 ) (4096 4096 -256 ) 
4 12 14 (5888 3072 960 ) (5120 3072 960 ) (5120 3072 -256 ) (5888 3072 -256 ) 
4 12 13 (5120 4096 960 ) (5120 4096 -256 ) (5120 3072 -256 ) (5120 3072 960 ) 
4 13 19 (4096 3072 -256 ) (4096 3072 960 ) (4096 4096 960 ) (4096 4096 -256 ) 
4 13 15 (5120 3072 -256 ) (5120 3072 960 ) (4096 3072 960 ) (4096 3072 -256 ) 
4 14 16 (5888 2048 960 ) (5120 2048 960 ) (5120 2048 -256 ) (5888 2048 -256 ) 
4 14 15 (5120 3072 960 ) (5120 3072 -256 ) (5120 2048 -256 ) (5120 2048 960 ) 
4 15 24 (4096 2048 -256 ) (4096 2048 960 ) (4096 3072 960 ) (4096 3072 -256 ) 
4 15 17 (5120 2048 -256 ) (5120 2048 960 ) (4096 2048 960 ) (4096 2048 -256 ) 
4 16 139 (5888 1024 960 ) (5120 1024 960 ) (5120 1024 -256 ) (5888 1024 -256 ) 
4 16 17 (5120 2048 960 ) (5120 2048 -256 ) (5120 1024 -256 ) (5120 1024 960 ) 
4 17 140 (5120 1024 -256 ) (5120 1024 960 ) (4096 1024 960 ) (4096 1024 -256 ) 
4 17 25 (4096 1024 -256 ) (4096 1024 960 ) (4096 2048 960 ) (4096 2048 -256 ) 
4 18 20 (3072 5120 960 ) (3072 5120 -256 ) (3072 4096 -256 ) (3072 4096 960 ) 
4 18 19 (4096 4096 -256 ) (4096 4096 960 ) (3072 4096 960 ) (3072 4096 -256 ) 
4 19 24 (4096 3072 -256 ) (4096 3072 960 ) (3072 3072 960 ) (3072 3072 -256 ) 
4 19 22 (3072 3072 -256 ) (3072 3072 960 ) (3072 4096 960 ) (3072 4096 -256 ) 
4 20 22 (3072 4096 -256 ) (3072 4096 960 ) (2048 4096 960 ) (2048 4096 -256 ) 
4 20 21 (2048 5120 960 ) (2048 5120 -256 ) (2048 4096 -256 ) (2048 4096 960 ) 
4 21 42 (1024 4096 -256 ) (1024 4096 960 ) (1024 5120 960 ) (1024 5120 -256 ) 
4 21 23 (2048 4096 -256 ) (2048 4096 960 ) (1024 4096 960 ) (1024 4096 -256 ) 
4 22 26 (3072 3072 -256 ) (3072 3072 960 ) (2048 3072 960 ) (2048 3072 -256 ) 
4 22 23 (2048 4096 960 ) (2048 4096 -256 ) (2048 3072 -256 ) (2048 3072 960 ) 
4 23 43 (1024 3072 -256 ) (1024 3072 960 ) (1024 4096 960 ) (1024 4096 -256 ) 
4 23 27 (2048 3072 -256 ) (2048 3072 960 ) (1024 3072 960 ) (1024 3072 -256 ) 
4 24 26 (3072 3072 960 ) (3072 3072 -256 ) (3072 2048 -256 ) (3072 2048 960 ) 
4 24 25 (4096 2048 -256 ) (4096 2048 960 ) (3072 2048 960 ) (3072 2048 -256 ) 
4 25 145 (4096 1024 -256 ) (4096 1024 960 ) (3072 1024 960 ) (3072 1024 -256 ) 
4 25 28 (3072 1024 -256 ) (3072 1024 960 ) (3072 2048 960 ) (3072 2048 -256 ) 
4 26 28 (3072 2048 -256 ) (3072 2048 960 ) (2048 2048 960 ) (2048 2048 -256 ) 
4 26 27 (2048 3072 960 ) (2048 3072 -256 ) (2048 2048 -256 ) (2048 2048 960 ) 
4 27 48 (1024 2048 -256 ) (1024 2048 960 ) (1024 3072 960 ) (1024 3072 -256 ) 
4 27 29 (2048 2048 -256 ) (2048 2048 960 ) (1024 2048 960 ) (1024 2048 -256 ) 
4 28 146 (3072 1024 -256 ) (3072 1024 960 ) (2048 1024 960 ) (2048 1024 -256 ) 
4 28 29 (2048 2048 960 ) (2048 2048 -256 ) (2048 1024 -256 ) (2048 1024 960 ) 
4 29 147 (2048 1024 -256 ) (2048 1024 960 ) (1024 1024 960 ) (1024 1024 -256 ) 
4 29 54 (1024 1024 -256 ) (1024 1024 0 ) (1024 2048 0 ) (1024 2048 -256 ) 
4 29 50 (1024 1024 0 ) (1024 1024 704 ) (1024 2048 704 ) (1024 2048 0 ) 
4 29 49 (1024 1024 704 ) (1024 1024 960 ) (1024 2048 960 ) (1024 2048 704 ) 
4 30 32 (0 6144 -256 ) (0 6144 960 ) (0 6464 960 ) (0 6464 -256 ) 
4 30 31 (1024 6144 -256 ) (1024 6144 960 ) (0 6144 960 ) (0 6144 -256 ) 
4 31 42 (1024 5120 -256 ) (1024 5120 960 ) (0 5120 960 ) (0 5120 -256 ) 
4 31 34 (0 5120 -256 ) (0 5120 960 ) (0 6144 960 ) (0 6144 -256 ) 
4 32 34 (0 6144 -256 ) (0 6144 960 ) (-1024 6144 960 ) (-1024 6144 -256 ) 
4 32 33 (-1024 6144 -256 ) (-1024 6144 960 ) (-1024 6464 960 ) (-1024 6464 -256 ) 
4 33 36 (-2048 6144 -256 ) (-2048 6144 960 ) (-2048 6464 960 ) (-2048 6464 -256 ) 
4 33 35 (-1024 6144 -256 ) (-1024 6144 960 ) (-2048 6144 960 ) (-2048 6144 -256 ) 
4 34 44 (0 5120 -256 ) (0 5120 960 ) (-1024 5120 960 ) (-1024 5120 -256 ) 
4 34 35 (-1024 6144 960 ) (-1024 6144 -256 ) (-1024 5120 -256 ) (-1024 5120 960 ) 
4 35 45 (-1024 5120 -256 ) (-1024 5120 960 ) (-2048 5120 960 ) (-2048 5120 -256 ) 
4 35 38 (-2048 5120 -256 ) (-2048 5120 960 ) (-2048 6144 960 ) (-2048 6144 -256 ) 
4 36 38 (-2048 6144 -256 ) (-2048 6144 960 ) (-3072 6144 960 ) (-3072 6144 -256 ) 
4 36 37 (-3072 6464 -256 ) (-3072 6144 -256 ) (-3072 6144 960 ) (-3072 6464 960 ) 
4 37 40 (-4096 6144 -256 ) (-4096 6144 960 ) (-4096 6464 960 ) (-4096 6464 -256 ) 
4 37 39 (-4096 6144 960 ) (-4096 6144 -256 ) (-3072 6144 -256 ) (-3072 6144 960 ) 
4 38 115 (-2048 5120 -256 ) (-2048 5120 960 ) (-3072 5120 960 ) (-3072 5120 -256 ) 
4 38 39 (-3072 6144 960 ) (-3072 6144 -256 ) (-3072 5120 -256 ) (-3072 5120 960 ) 
4 39 116 (-3072 5120 -256 ) (-3072 5120 960 ) (-4096 5120 960 ) (-4096 5120 -256 ) 
4 39 41 (-4096 5120 -256 ) (-4096 5120 960 ) (-4096 6144 960 ) (-4096 6144 -256 ) 
4 40 41 (-4096 6144 -256 ) (-4096 6144 960 ) (-4992 6144 960 ) (-4992 6144 -256 ) 
4 41 119 (-4096 5120 -256 ) (-4096 5120 960 ) (-4992 5120 960 ) (-4992 5120 -256 ) 
4 42 44 (0 5120 960 ) (0 5120 -256 ) (0 4096 -256 ) (0 4096 960 ) 
4 42 43 (1024 4096 -256 ) (1024 4096 960 ) (0 4096 960 ) (0 4096 -256 ) 
4 43 48 (1024 3072 -256 ) (1024 3072 960 ) (0 3072 960 ) (0 3072 -256 ) 
4 43 46 (0 3072 -256 ) (0 3072 960 ) (0 4096 960 ) (0 4096 -256 ) 
4 44 46 (0 4096 -256 ) (0 4096 960 ) (-1024 4096 960 ) (-1024 4096 -256 ) 
4 44 45 (-1024 5120 960 ) (-1024 5120 -256 ) (-1024 4096 -256 ) (-1024 4096 960 ) 
4 45 115 (-2048 5120 960 ) (-2048 5120 -256 ) (-2048 4096 -256 ) (-2048 4096 960 ) 
4 45 47 (-1024 4096 -256 ) (-1024 4096 960 ) (-2048 4096 960 ) (-2048 4096 -256 ) 
4 46 55 (0 3072 -256 ) (0 3072 960 ) (-1024 3072 960 ) (-1024 3072 -256 ) 
4 46 47 (-1024 4096 960 ) (-1024 4096 -256 ) (-1024 3072 -256 ) (-1024 3072 960 ) 
4 47 117 (-2048 3072 -256 ) (-2048 3072 960 ) (-2048 4096 960 ) (-2048 4096 -256 ) 
4 47 56 (-1024 3072 -256 ) (-1024 3072 960 ) (-2048 3072 960 ) (-2048 3072 -256 ) 
4 48 55 (0 3072 960 ) (0 3072 -256 ) (0 2048 -256 ) (0 2048 960 ) 
4 48 54 (1024 2048 -256 ) (1024 2048 0 ) (0 2048 0 ) (0 2048 -256 ) 
4 48 51 (768 2048 704 ) (0 2048 704 ) (0 2048 0 ) (768 2048 0 ) 
4 48 50 (1024 2048 0 ) (1024 2048 704 ) (768 2048 704 ) (768 2048 0 ) 
4 48 49 (1024 2048 704 ) (1024 2048 960 ) (0 2048 960 ) (0 2048 704 ) 
4 49 171 (384 1024 960 ) (0 1024 960 ) (0 1024 704 ) (384 1024 704 ) 
4 49 169 (1024 1024 704 ) (1024 1024 960 ) (384 1024 960 ) (384 1024 704 ) 
4 49 59 (0 1024 704 ) (0 1024 960 ) (0 1344 960 ) (0 1344 704 ) 
4 49 57 (0 1344 960 ) (0 2048 960 ) (0 2048 704 ) (0 1344 704 ) 
4 49 53 (384 1024 704 ) (0 1024 704 ) (0 1344 704 ) (384 1344 704 ) 
4 49 52 (700 1600 704 ) (768 1600 704 ) (768 1376 704 ) (700 1376 704 ) 
4 49 51 (0 1600 704 ) (0 2048 704 ) (768 2048 704 ) (768 1600 704 ) 
4 49 50 (1024 2048 704 ) (1024 1024 704 ) (768 1024 704 ) (768 2048 704 ) 
4 50 170 (1024 1024 0 ) (1024 1024 704 ) (768 1024 704 ) (768 1024 0 ) 
4 50 54 (1024 1024 0 ) (768 1024 0 ) (768 2048 0 ) (1024 2048 0 ) 
4 50 52 (768 1600 0 ) (768 1376 0 ) (768 1376 704 ) (768 1600 704 ) 
4 50 51 (768 2048 0 ) (768 1600 0 ) (768 1600 704 ) (768 2048 704 ) 
4 51 58 (0 1600 704 ) (0 2048 704 ) (0 2048 0 ) (0 1600 0 ) 
4 51 54 (0 1600 0 ) (0 2048 0 ) (768 2048 0 ) (768 1600 0 ) 
4 51 52 (700 1600 0 ) (768 1600 0 ) (768 1600 704 ) (700 1600 704 ) 
4 52 54 (700 1600 0 ) (768 1600 0 ) (768 1376 0 ) (700 1376 0 ) 
4 53 171 (384 1024 704 ) (0 1024 704 ) (0 1024 128 ) (384 1024 128 ) 
4 53 59 (0 1024 128 ) (0 1024 704 ) (0 1344 704 ) (0 1344 128 ) 
4 54 172 (1024 1024 -256 ) (1024 1024 0 ) (0 1024 0 ) (0 1024 -256 ) 
4 54 61 (0 1024 -256 ) (0 1024 0 ) (0 2048 0 ) (0 2048 -256 ) 
4 55 61 (0 2048 -256 ) (0 2048 0 ) (-1024 2048 0 ) (-1024 2048 -256 ) 
4 55 58 (0 2048 0 ) (0 2048 704 ) (-1024 2048 704 ) (-1024 2048 0 ) 
4 55 57 (0 2048 704 ) (0 2048 960 ) (-1024 2048 960 ) (-1024 2048 704 ) 
4 55 56 (-1024 3072 960 ) (-1024 3072 -256 ) (-1024 2048 -256 ) (-1024 2048 960 ) 
4 56 121 (-2048 2048 -256 ) (-2048 2048 960 ) (-2048 3072 960 ) (-2048 3072 -256 ) 
4 56 114 (-2048 2048 0 ) (-2048 2048 -256 ) (-1236 2048 -256 ) (-1236 2048 0 ) 
4 56 112 (-2048 2048 320 ) (-2048 2048 0 ) (-1236 2048 0 ) (-1236 2048 320 ) 
4 56 94 (-2048 2048 704 ) (-2048 2048 320 ) (-1848.630127 2048 320 ) (-1848.630127 2048 704 ) 
4 56 93 (-1848.630127 2048 320 ) (-1236 2048 320 ) (-1236 2048 704 ) (-1848.630127 2048 704 ) 
4 56 90 (-1316 2048 960 ) (-1668 2048 960 ) (-1668 2048 704 ) (-1316 2048 704 ) 
4 56 89 (-1236 2048 960 ) (-1316 2048 960 ) (-1316 2048 704 ) (-1236 2048 704 ) 
4 56 92 (-1668 2048 960 ) (-2048 2048 960 ) (-2048 2048 704 ) (-1668 2048 704 ) 
4 56 70 (-1236 2048 0 ) (-1236 2048 -256 ) (-1092 2048 -256 ) (-1092 2048 0 ) 
4 56 69 (-1236 2048 320 ) (-1236 2048 0 ) (-1092 2048 0 ) (-1092 2048 320 ) 
4 56 67 (-1092 2048 960 ) (-1236 2048 960 ) (-1236 2048 320 ) (-1092 2048 320 ) 
4 56 65 (-1024 2048 -256 ) (-1024 2048 320 ) (-1092 2048 320 ) (-1092 2048 -256 ) 
4 56 62 (-1024 2048 320 ) (-1024 2048 960 ) (-1092 2048 960 ) (-1092 2048 320 ) 
4 57 63 (-1024 1600 704 ) (-1024 1344 704 ) (-1024 1344 960 ) (-1024 1600 960 ) 
4 57 62 (-1024 2048 960 ) (-1024 2048 704 ) (-1024 1600 704 ) (-1024 1600 960 ) 
4 57 60 (-1024 1344 960 ) (-1024 1344 704 ) (-512 1344 704 ) (-512 1344 960 ) 
4 57 59 (-512 1344 704 ) (0 1344 704 ) (0 1344 960 ) (-512 1344 960 ) 
4 57 58 (-1024 1600 704 ) (-1024 2048 704 ) (0 2048 704 ) (0 1600 704 ) 
4 58 65 (-1024 2048 320 ) (-1024 2048 0 ) (-1024 1600 0 ) (-1024 1600 320 ) 
4 58 62 (-1024 2048 704 ) (-1024 2048 320 ) (-1024 1600 320 ) (-1024 1600 704 ) 
4 58 61 (-1024 2048 0 ) (0 2048 0 ) (0 1600 0 ) (-1024 1600 0 ) 
4 59 178 (0 1024 128 ) (0 1024 320 ) (-512 1024 320 ) (-224 1024 128 ) 
4 59 173 (0 1024 320 ) (0 1024 960 ) (-512 1024 960 ) (-512 1024 320 ) 
4 59 60 (-512 1344 960 ) (-512 1344 320 ) (-512 1024 320 ) (-512 1024 960 ) 
4 60 175 (-1024 1024 960 ) (-1024 1024 320 ) (-887.046997 1024 320 ) (-887.046997 1024 960 ) 
4 60 173 (-887.046997 1024 320 ) (-512 1024 320 ) (-512 1024 960 ) (-887.046997 1024 960 ) 
4 60 64 (-1024 1024 320 ) (-1024 1024 960 ) (-1024 1344 960 ) (-1024 1344 320 ) 
4 61 183 (-512 1024 0 ) (-1024 1024 0 ) (-1024 1024 -256 ) (-512 1024 -256 ) 
4 61 182 (0 1024 -256 ) (0 1024 0 ) (-512 1024 0 ) (-512 1024 -256 ) 
4 61 66 (-1024 1600 -256 ) (-1024 1024 -256 ) (-1024 1024 0 ) (-1024 1600 0 ) 
4 61 65 (-1024 2048 0 ) (-1024 2048 -256 ) (-1024 1600 -256 ) (-1024 1600 0 ) 
4 62 67 (-1092 2048 960 ) (-1092 2048 320 ) (-1092 1600 320 ) (-1092 1600 960 ) 
4 62 65 (-1092 1600 320 ) (-1092 2048 320 ) (-1024 2048 320 ) (-1024 1600 320 ) 
4 62 63 (-1024 1600 704 ) (-1024 1600 960 ) (-1092 1600 960 ) (-1092 1600 704 ) 
4 63 71 (-1092 1376 960 ) (-1092 1408 960 ) (-1092 1408 704 ) (-1092 1376 704 ) 
4 63 72 (-1092 1344 704 ) (-1092 1344 960 ) (-1092 1376 960 ) (-1092 1376 704 ) 
4 63 68 (-1092 1408 960 ) (-1092 1600 960 ) (-1092 1600 704 ) (-1092 1408 704 ) 
4 63 64 (-1024 1344 704 ) (-1024 1344 960 ) (-1092 1344 960 ) (-1092 1344 704 ) 
4 64 185 (-1024 1024 320 ) (-1024 1024 960 ) (-1092 1024 960 ) (-1092 1024 320 ) 
4 64 87 (-1092 1200 320 ) (-1092 1024 320 ) (-1092 1024 336 ) (-1092 1200 336 ) 
4 64 85 (-1092 1024 336 ) (-1092 1024 352 ) (-1092 1216 352 ) (-1092 1216 336 ) 
4 64 83 (-1092 1024 352 ) (-1092 1024 368 ) (-1092 1232 368 ) (-1092 1232 352 ) 
4 64 81 (-1092 1024 368 ) (-1092 1024 384 ) (-1092 1248 384 ) (-1092 1248 368 ) 
4 64 79 (-1092 1024 384 ) (-1092 1024 400 ) (-1092 1264 400 ) (-1092 1264 384 ) 
4 64 78 (-1092 1024 400 ) (-1092 1024 416 ) (-1092 1280 416 ) (-1092 1280 400 ) 
4 64 77 (-1092 1024 416 ) (-1092 1024 432 ) (-1092 1296 432 ) (-1092 1296 416 ) 
4 64 76 (-1092 1024 432 ) (-1092 1024 448 ) (-1092 1312 448 ) (-1092 1312 432 ) 
4 64 75 (-1092 1024 448 ) (-1092 1024 464 ) (-1092 1328 464 ) (-1092 1328 448 ) 
4 64 74 (-1092 1024 464 ) (-1092 1024 480 ) (-1092 1344 480 ) (-1092 1344 464 ) 
4 64 73 (-1092 1024 480 ) (-1092 1024 496 ) (-1092 1344 496 ) (-1092 1344 480 ) 
4 64 72 (-1092 1024 496 ) (-1092 1024 960 ) (-1092 1344 960 ) (-1092 1344 496 ) 
4 65 70 (-1092 2048 0 ) (-1092 2048 -256 ) (-1092 1600 -256 ) (-1092 1600 0 ) 
4 65 69 (-1092 2048 320 ) (-1092 2048 0 ) (-1092 1600 0 ) (-1092 1600 320 ) 
4 65 66 (-1092 1600 -256 ) (-1024 1600 -256 ) (-1024 1600 0 ) (-1092 1600 0 ) 
4 66 197 (-1024 1024 -256 ) (-1024 1024 0 ) (-1092 1024 0 ) (-1092 1024 -256 ) 
4 66 88 (-1092 1408 -256 ) (-1092 1024 -256 ) (-1092 1024 0 ) (-1092 1408 0 ) 
4 66 70 (-1092 1600 -256 ) (-1092 1408 -256 ) (-1092 1408 0 ) (-1092 1600 0 ) 
4 67 100 (-1236 1632 320 ) (-1236 1600 320 ) (-1236 1600 508 ) (-1236 1632 508 ) 
4 67 97 (-1236 1600 508 ) (-1236 1600 676 ) (-1236 1632 676 ) (-1236 1632 508 ) 
4 67 95 (-1236 1600 676 ) (-1236 1600 704 ) (-1236 1632 704 ) (-1236 1632 676 ) 
4 67 93 (-1236 2048 704 ) (-1236 2048 320 ) (-1236 1632 320 ) (-1236 1632 704 ) 
4 67 89 (-1236 1600 960 ) (-1236 2048 960 ) (-1236 2048 704 ) (-1236 1600 704 ) 
4 67 69 (-1236 1600 320 ) (-1236 2048 320 ) (-1092 2048 320 ) (-1092 1600 320 ) 
4 67 68 (-1092 1600 704 ) (-1092 1600 960 ) (-1236 1600 960 ) (-1236 1600 704 ) 
4 68 89 (-1236 1408 704 ) (-1236 1408 960 ) (-1236 1600 960 ) (-1236 1600 704 ) 
4 68 71 (-1236 1408 960 ) (-1236 1408 704 ) (-1092 1408 704 ) (-1092 1408 960 ) 
4 69 113 (-1236 1600 320 ) (-1236 1640 320 ) (-1236 1640 0 ) (-1236 1600 0 ) 
4 69 112 (-1236 1640 320 ) (-1236 2048 320 ) (-1236 2048 0 ) (-1236 1640 0 ) 
4 69 70 (-1236 1600 0 ) (-1236 2048 0 ) (-1092 2048 0 ) (-1092 1600 0 ) 
4 70 114 (-1236 1408 -256 ) (-1236 1408 0 ) (-1236 2048 0 ) (-1236 2048 -256 ) 
4 70 88 (-1236 1408 0 ) (-1236 1408 -256 ) (-1092 1408 -256 ) (-1092 1408 0 ) 
4 71 106 (-1236 1408 704 ) (-1236 1408 512 ) (-1236 1376 512 ) (-1236 1376 704 ) 
4 71 89 (-1236 1376 960 ) (-1236 1408 960 ) (-1236 1408 704 ) (-1236 1376 704 ) 
4 71 72 (-1092 1376 512 ) (-1092 1376 960 ) (-1236 1376 960 ) (-1236 1376 512 ) 
4 72 185 (-1092 1024 496 ) (-1092 1024 960 ) (-1236 1024 960 ) (-1236 1024 496 ) 
4 72 111 (-1236 1024 496 ) (-1236 1024 704 ) (-1236 1056 704 ) (-1236 1056 496 ) 
4 72 106 (-1236 1264 704 ) (-1236 1376 704 ) (-1236 1376 510.986023 ) (-1236 1264 510.986023 ) 
4 72 110 (-1236 1056 704 ) (-1236 1264 704 ) (-1236 1264 496 ) (-1236 1056 496 ) 
4 72 89 (-1236 1024 704 ) (-1236 1024 960 ) (-1236 1376 960 ) (-1236 1376 704 ) 
4 72 73 (-1236 1024 496 ) (-1236 1360 496 ) (-1092 1360 496 ) (-1092 1024 496 ) 
4 73 185 (-1092 1024 480 ) (-1092 1024 496 ) (-1236 1024 496 ) (-1236 1024 480 ) 
4 73 111 (-1236 1024 480 ) (-1236 1024 496 ) (-1236 1056 496 ) (-1236 1056 480 ) 
4 73 110 (-1236 1056 496 ) (-1236 1264 496 ) (-1236 1264 480 ) (-1236 1056 480 ) 
4 73 74 (-1236 1024 480 ) (-1236 1344 480 ) (-1092 1344 480 ) (-1092 1024 480 ) 
4 74 185 (-1092 1024 464 ) (-1092 1024 480 ) (-1236 1024 480 ) (-1236 1024 464 ) 
4 74 111 (-1236 1024 464 ) (-1236 1024 480 ) (-1236 1056 480 ) (-1236 1056 464 ) 
4 74 110 (-1236 1056 480 ) (-1236 1264 480 ) (-1236 1264 464 ) (-1236 1056 464 ) 
4 74 75 (-1236 1024 464 ) (-1236 1328 464 ) (-1092 1328 464 ) (-1092 1024 464 ) 
4 75 185 (-1092 1024 448 ) (-1092 1024 464 ) (-1236 1024 464 ) (-1236 1024 448 ) 
4 75 111 (-1236 1024 448 ) (-1236 1024 464 ) (-1236 1056 464 ) (-1236 1056 448 ) 
4 75 110 (-1236 1056 464 ) (-1236 1264 464 ) (-1236 1264 448 ) (-1236 1056 448 ) 
4 75 76 (-1236 1024 448 ) (-1236 1312 448 ) (-1092 1312 448 ) (-1092 1024 448 ) 
4 76 185 (-1092 1024 432 ) (-1092 1024 448 ) (-1236 1024 448 ) (-1236 1024 432 ) 
4 76 111 (-1236 1024 432 ) (-1236 1024 448 ) (-1236 1056 448 ) (-1236 1056 432 ) 
4 76 110 (-1236 1056 448 ) (-1236 1264 448 ) (-1236 1264 432 ) (-1236 1056 432 ) 
4 76 77 (-1236 1024 432 ) (-1236 1296 432 ) (-1092 1296 432 ) (-1092 1024 432 ) 
4 77 185 (-1092 1024 416 ) (-1092 1024 432 ) (-1236 1024 432 ) (-1236 1024 416 ) 
4 77 111 (-1236 1024 416 ) (-1236 1024 432 ) (-1236 1056 432 ) (-1236 1056 416 ) 
4 77 110 (-1236 1056 432 ) (-1236 1264 432 ) (-1236 1264 416 ) (-1236 1056 416 ) 
4 77 78 (-1236 1024 416 ) (-1236 1280 416 ) (-1092 1280 416 ) (-1092 1024 416 ) 
4 78 185 (-1092 1024 400 ) (-1092 1024 416 ) (-1236 1024 416 ) (-1236 1024 400 ) 
4 78 111 (-1236 1024 400 ) (-1236 1024 416 ) (-1236 1056 416 ) (-1236 1056 400 ) 
4 78 110 (-1236 1056 416 ) (-1236 1264 416 ) (-1236 1264 400 ) (-1236 1056 400 ) 
4 78 79 (-1236 1024 400 ) (-1236 1264 400 ) (-1092 1264 400 ) (-1092 1024 400 ) 
4 79 185 (-1092 1024 384 ) (-1092 1024 400 ) (-1236 1024 400 ) (-1236 1024 384 ) 
4 79 111 (-1236 1024 384 ) (-1236 1024 400 ) (-1236 1056 400 ) (-1236 1056 384 ) 
4 79 110 (-1236 1056 400 ) (-1236 1264 400 ) (-1236 1264 384 ) (-1236 1056 384 ) 
4 79 81 (-1236 1024 384 ) (-1236 1248 384 ) (-1092 1248 384 ) (-1092 1024 384 ) 
4 80 82 (-1236 1400 368 ) (-1236 1408 368 ) (-1092 1408 368 ) (-1092 1400 368 ) 
4 81 185 (-1092 1024 368 ) (-1092 1024 384 ) (-1236 1024 384 ) (-1236 1024 368 ) 
4 81 111 (-1236 1024 368 ) (-1236 1024 384 ) (-1236 1056 384 ) (-1236 1056 368 ) 
4 81 110 (-1236 1056 384 ) (-1236 1248 384 ) (-1236 1248 368 ) (-1236 1056 368 ) 
4 81 83 (-1236 1024 368 ) (-1236 1232 368 ) (-1092 1232 368 ) (-1092 1024 368 ) 
4 82 84 (-1236 1400 352 ) (-1236 1408 352 ) (-1092 1408 352 ) (-1092 1400 352 ) 
4 83 185 (-1092 1024 352 ) (-1092 1024 368 ) (-1236 1024 368 ) (-1236 1024 352 ) 
4 83 111 (-1236 1024 352 ) (-1236 1024 368 ) (-1236 1056 368 ) (-1236 1056 352 ) 
4 83 110 (-1236 1056 368 ) (-1236 1232 368 ) (-1236 1232 352 ) (-1236 1056 352 ) 
4 83 85 (-1236 1024 352 ) (-1236 1216 352 ) (-1092 1216 352 ) (-1092 1024 352 ) 
4 84 86 (-1236 1400 336 ) (-1236 1408 336 ) (-1092 1408 336 ) (-1092 1400 336 ) 
4 85 185 (-1092 1024 336 ) (-1092 1024 352 ) (-1236 1024 352 ) (-1236 1024 336 ) 
4 85 111 (-1236 1024 336 ) (-1236 1024 352 ) (-1236 1056 352 ) (-1236 1056 336 ) 
4 85 110 (-1236 1056 352 ) (-1236 1216 352 ) (-1236 1216 336 ) (-1236 1056 336 ) 
4 85 87 (-1236 1024 336 ) (-1236 1200 336 ) (-1092 1200 336 ) (-1092 1024 336 ) 
4 86 109 (-1236 1408 321 ) (-1236 1408 320 ) (-1236 1400 320 ) (-1236 1400 321 ) 
4 87 185 (-1092 1024 320 ) (-1092 1024 336 ) (-1236 1024 336 ) (-1236 1024 320 ) 
4 87 111 (-1236 1024 320 ) (-1236 1024 336 ) (-1236 1056 336 ) (-1236 1056 320 ) 
4 87 110 (-1236 1056 336 ) (-1236 1200 336 ) (-1236 1200 320 ) (-1236 1056 320 ) 
4 88 197 (-1092 1024 -256 ) (-1092 1024 0 ) (-1236 1024 0 ) (-1236 1024 -256 ) 
4 88 114 (-1236 1024 -256 ) (-1236 1024 0 ) (-1236 1408 0 ) (-1236 1408 -256 ) 
4 89 185 (-1236 1024 704 ) (-1236 1024 960 ) (-1316 1024 960 ) (-1316 1024 704 ) 
4 89 111 (-1236 1056 704 ) (-1236 1024 704 ) (-1316 1024 704 ) (-1316 1056 704 ) 
4 89 106 (-1236 1408 704 ) (-1236 1264 704 ) (-1316 1264 704 ) (-1316 1408 704 ) 
4 89 110 (-1236 1264 704 ) (-1236 1056 704 ) (-1316 1056 704 ) (-1316 1264 704 ) 
4 89 95 (-1236 1632 704 ) (-1236 1600 704 ) (-1316 1600 704 ) (-1316 1632 704 ) 
4 89 93 (-1316 2048 704 ) (-1236 2048 704 ) (-1236 1632 704 ) (-1316 1632 704 ) 
5 89 91 (-1316 1408 704 ) (-1316 1024 704 ) (-1316 1024 960 ) (-1316 1600 960 ) (-1316 1600 800 ) 
4 89 90 (-1316 2048 704 ) (-1316 1600 704 ) (-1316 1600 960 ) (-1316 2048 960 ) 
4 90 103 (-1636 1600 704 ) (-1668 1600 704 ) (-1668 1632 704 ) (-1636 1632 704 ) 
4 90 96 (-1316 1632 704 ) (-1316 1600 704 ) (-1348 1600 704 ) (-1348 1632 704 ) 
4 90 93 (-1668 2048 704 ) (-1316 2048 704 ) (-1316 1632 704 ) (-1668 1632 704 ) 
4 90 91 (-1668 1600 960 ) (-1668 1600 800 ) (-1316 1600 800 ) (-1316 1600 960 ) 
4 90 92 (-1668 2048 704 ) (-1668 1600 704 ) (-1668 1600 960 ) (-1668 2048 960 ) 
4 91 186 (-1341.832275 1024 960 ) (-1668 1024 960 ) (-1668 1024 704 ) (-1341.832275 1024 704 ) 
4 91 185 (-1316 1024 960 ) (-1341.832275 1024 960 ) (-1341.832275 1024 704 ) (-1316 1024 704 ) 
4 91 111 (-1316 1056 704 ) (-1316 1024 704 ) (-1668 1024 704 ) (-1668 1056 704 ) 
4 91 106 (-1316 1408 704 ) (-1316 1264 704 ) (-1668 1264 704 ) (-1668 1408 704 ) 
4 91 110 (-1316 1264 704 ) (-1316 1056 704 ) (-1668 1056 704 ) (-1668 1264 704 ) 
5 91 92 (-1668 1408 704 ) (-1668 1024 704 ) (-1668 1024 960 ) (-1668 1600 960 ) (-1668 1600 800 ) 
4 92 186 (-1668 1024 960 ) (-2048 1024 960 ) (-2048 1024 704 ) (-1668 1024 704 ) 
4 92 123 (-2048 1024 704 ) (-2048 1024 960 ) (-2048 2048 960 ) (-2048 2048 704 ) 
4 92 111 (-2048 1024 704 ) (-2048 1056 704 ) (-1668 1056 704 ) (-1668 1024 704 ) 
4 92 108 (-1848.630127 1408 704 ) (-1668 1408 704 ) (-1668 1264 704 ) (-1848.630127 1264 704 ) 
4 92 110 (-1668 1264 704 ) (-1668 1056 704 ) (-1848.630127 1056 704 ) (-1848.630127 1264 704 ) 
4 92 104 (-1848 1632 704 ) (-1668 1632 704 ) (-1668 1600 704 ) (-1848 1600 704 ) 
4 92 105 (-1848.630127 1632 704 ) (-1848 1632 704 ) (-1848 1408 704 ) (-1848.630127 1408 704 ) 
4 92 94 (-2048 1640 704 ) (-2048 2048 704 ) (-1848.630127 2048 704 ) (-1848.630127 1640 704 ) 
4 92 93 (-1848.630127 2048 704 ) (-1668 2048 704 ) (-1668 1632 704 ) (-1848.630127 1632 704 ) 
4 93 113 (-1236 1640 320 ) (-1236 1632 320 ) (-1848.630127 1632 320 ) (-1848.630127 1640 320 ) 
4 93 112 (-1236 2048 320 ) (-1236 1640 320 ) (-1848.630127 1640 320 ) (-1848.630127 2048 320 ) 
4 93 104 (-1848 1632 320 ) (-1668 1632 320 ) (-1668 1632 704 ) (-1848 1632 704 ) 
4 93 105 (-1848.630127 1632 320 ) (-1848 1632 320 ) (-1848 1632 704 ) (-1848.630127 1632 704 ) 
4 93 103 (-1668 1632 320 ) (-1636 1632 320 ) (-1636 1632 704 ) (-1668 1632 704 ) 
4 93 102 (-1636 1632 320 ) (-1348 1632 320 ) (-1348 1632 480 ) (-1636 1632 480 ) 
4 93 101 (-1348 1632 320 ) (-1316 1632 320 ) (-1316 1632 508 ) (-1348 1632 508 ) 
4 93 100 (-1316 1632 320 ) (-1236 1632 320 ) (-1236 1632 508 ) (-1316 1632 508 ) 
4 93 97 (-1236 1632 508 ) (-1236 1632 676 ) (-1316 1632 676 ) (-1316 1632 508 ) 
4 93 98 (-1316 1632 676 ) (-1348 1632 676 ) (-1348 1632 508 ) (-1316 1632 508 ) 
4 93 96 (-1316 1632 704 ) (-1348 1632 704 ) (-1348 1632 676 ) (-1316 1632 676 ) 
4 93 95 (-1236 1632 676 ) (-1236 1632 704 ) (-1316 1632 704 ) (-1316 1632 676 ) 
4 93 94 (-1848.630127 2048 320 ) (-1848.630127 1640 320 ) (-1848.630127 1640 704 ) (-1848.630127 2048 704 ) 
4 94 124 (-2048 1640 704 ) (-2048 2048 704 ) (-2048 2048 320 ) (-2048 1640 320 ) 
4 94 112 (-2048 1640 320 ) (-2048 2048 320 ) (-1848.630127 2048 320 ) (-1848.630127 1640 320 ) 
4 95 97 (-1316 1600 676 ) (-1316 1632 676 ) (-1236 1632 676 ) (-1236 1600 676 ) 
4 95 96 (-1316 1632 704 ) (-1316 1632 676 ) (-1316 1600 676 ) (-1316 1600 704 ) 
4 96 98 (-1316 1409 676 ) (-1348 1409 676 ) (-1348 1632 676 ) (-1316 1632 676 ) 
4 97 100 (-1316 1600 508 ) (-1316 1632 508 ) (-1236 1632 508 ) (-1236 1600 508 ) 
4 97 98 (-1316 1632 508 ) (-1316 1600 508 ) (-1316 1600 676 ) (-1316 1632 676 ) 
4 98 101 (-1316 1409 508 ) (-1348 1409 508 ) (-1348 1632 508 ) (-1316 1632 508 ) 
4 100 113 (-1236 1632 320 ) (-1236 1600 320 ) (-1316 1600 320 ) (-1316 1632 320 ) 
4 100 101 (-1316 1600 508 ) (-1316 1632 508 ) (-1316 1632 320 ) (-1316 1600 320 ) 
4 101 113 (-1348 1600 320 ) (-1348 1632 320 ) (-1316 1632 320 ) (-1316 1600 320 ) 
4 101 102 (-1348 1409 320 ) (-1348 1409 480 ) (-1348 1632 480 ) (-1348 1632 320 ) 
4 102 113 (-1636 1600 320 ) (-1636 1632 320 ) (-1348 1632 320 ) (-1348 1600 320 ) 
4 102 103 (-1636 1632 480 ) (-1636 1632 320 ) (-1636 1409 320 ) (-1636 1409 480 ) 
4 103 113 (-1668 1600 320 ) (-1668 1632 320 ) (-1636 1632 320 ) (-1636 1600 320 ) 
4 103 104 (-1668 1632 704 ) (-1668 1632 320 ) (-1668 1600 320 ) (-1668 1600 704 ) 
4 104 113 (-1848 1600 320 ) (-1848 1632 320 ) (-1668 1632 320 ) (-1668 1600 320 ) 
4 104 105 (-1848 1632 704 ) (-1848 1632 320 ) (-1848 1600 320 ) (-1848 1600 704 ) 
4 105 113 (-1848.630127 1600 320 ) (-1848.630127 1632 320 ) (-1848 1632 320 ) (-1848 1600 320 ) 
4 105 108 (-1848 1408 321 ) (-1848 1408 704 ) (-1848.630127 1408 704 ) (-1848.630127 1408 321 ) 
4 105 109 (-1848.630127 1408 320 ) (-1848 1408 320 ) (-1848 1408 321 ) (-1848.630127 1408 321 ) 
4 106 108 (-1668 1408 704 ) (-1668 1408 510.986023 ) (-1668 1264 510.986023 ) (-1668 1264 704 ) 
4 106 110 (-1236 1264 510.986023 ) (-1236 1264 704 ) (-1668 1264 704 ) (-1668 1264 510.986023 ) 
4 107 108 (-1668 1408 447.986023 ) (-1668 1408 321 ) (-1668 1264 321 ) (-1668 1264 447.986023 ) 
4 107 110 (-1668 1264 321 ) (-1276 1264 321 ) (-1276 1264 447.986023 ) (-1668 1264 447.986023 ) 
4 107 109 (-1276 1264 321 ) (-1668 1264 321 ) (-1668 1408 321 ) (-1276 1408 321 ) 
4 108 109 (-1668 1264 321 ) (-1848.630127 1264 321 ) (-1848.630127 1408 321 ) (-1668 1408 321 ) 
4 108 110 (-1848.630127 1264 704 ) (-1848.630127 1264 321 ) (-1668 1264 321 ) (-1668 1264 704 ) 
4 109 110 (-1848.630127 1264 321 ) (-1848.630127 1264 320 ) (-1236 1264 320 ) (-1236 1264 321 ) 
4 110 111 (-1848.630127 1056 320 ) (-1236 1056 320 ) (-1236 1056 704 ) (-1848.630127 1056 704 ) 
4 111 195 (-2048 1024 576 ) (-2048 1024 377.029083 ) (-2016 1024 366.969360 ) (-2016 1024 576 ) 
5 111 193 (-2016 1024 366.969360 ) (-1866.590576 1024 320 ) (-1341.832397 1024 320 ) (-1341.832397 1024 576 ) (-2016 1024 576 ) 
4 111 186 (-1341.832397 1024 704 ) (-2048 1024 704 ) (-2048 1024 576 ) (-1341.832397 1024 576 ) 
4 111 185 (-1236 1024 320 ) (-1236 1024 704 ) (-1341.832397 1024 704 ) (-1341.832397 1024 320 ) 
4 111 127 (-2048 1024 377.029083 ) (-2048 1024 704 ) (-2048 1056 704 ) (-2048 1056 378.553345 ) 
4 112 124 (-2048 1640 320 ) (-2048 2048 320 ) (-2048 2048 0 ) (-2048 1640 0 ) 
4 112 114 (-2048 1640 0 ) (-2048 2048 0 ) (-1236 2048 0 ) (-1236 1640 0 ) 
4 112 113 (-1848.630127 1640 0 ) (-1236 1640 0 ) (-1236 1640 320 ) (-1848.630127 1640 320 ) 
4 113 114 (-1848.630127 1640 0 ) (-1236 1640 0 ) (-1236 1600 0 ) (-1848.630127 1600 0 ) 
4 114 197 (-1236 1024 -256 ) (-1236 1024 0 ) (-2048 1024 0 ) (-2048 1024 -256 ) 
4 114 135 (-2048 1024 -256 ) (-2048 1024 0 ) (-2048 2048 0 ) (-2048 2048 -256 ) 
4 115 117 (-2048 4096 -256 ) (-2048 4096 960 ) (-3072 4096 960 ) (-3072 4096 -256 ) 
4 115 116 (-3072 5120 960 ) (-3072 5120 -256 ) (-3072 4096 -256 ) (-3072 4096 960 ) 
4 116 119 (-4096 5120 960 ) (-4096 5120 -256 ) (-4096 4096 -256 ) (-4096 4096 960 ) 
4 116 118 (-3072 4096 -256 ) (-3072 4096 960 ) (-4096 4096 960 ) (-4096 4096 -256 ) 
4 117 121 (-2048 3072 -256 ) (-2048 3072 960 ) (-3072 3072 960 ) (-3072 3072 -256 ) 
4 117 118 (-3072 4096 960 ) (-3072 4096 -256 ) (-3072 3072 -256 ) (-3072 3072 960 ) 
4 118 122 (-3072 3072 -256 ) (-3072 3072 960 ) (-4096 3072 960 ) (-4096 3072 -256 ) 
4 118 120 (-4096 3072 -256 ) (-4096 3072 960 ) (-4096 4096 960 ) (-4096 4096 -256 ) 
4 119 120 (-4096 4096 -256 ) (-4096 4096 960 ) (-4992 4096 960 ) (-4992 4096 -256 ) 
4 120 137 (-4096 3072 -256 ) (-4096 3072 960 ) (-4992 3072 960 ) (-4992 3072 -256 ) 
4 121 135 (-2048 2048 -256 ) (-2048 2048 0 ) (-3072 2048 0 ) (-3072 2048 -256 ) 
4 121 124 (-2048 2048 0 ) (-2048 2048 704 ) (-3072 2048 704 ) (-3072 2048 0 ) 
4 121 123 (-2048 2048 704 ) (-2048 2048 960 ) (-3072 2048 960 ) (-3072 2048 704 ) 
4 121 122 (-3072 3072 960 ) (-3072 3072 -256 ) (-3072 2048 -256 ) (-3072 2048 960 ) 
4 122 137 (-4096 3072 960 ) (-4096 3072 -256 ) (-4096 2048 -256 ) (-4096 2048 960 ) 
4 122 136 (-3072 2048 -256 ) (-3072 2048 960 ) (-4096 2048 960 ) (-4096 2048 -256 ) 
4 123 230 (-2680 1024 960 ) (-3072 1024 960 ) (-3072 1024 704 ) (-2680 1024 704 ) 
4 123 227 (-2240 1024 960 ) (-2680 1024 960 ) (-2680 1024 704 ) (-2240 1024 704 ) 
4 123 224 (-2048 1024 704 ) (-2048 1024 960 ) (-2240 1024 960 ) (-2240 1024 704 ) 
4 123 136 (-3072 2048 960 ) (-3072 2048 704 ) (-3072 1024 704 ) (-3072 1024 960 ) 
4 123 132 (-3060.629883 1600 704 ) (-3060.629883 1640 704 ) (-2760 1640 704 ) (-2760 1600 704 ) 
4 123 130 (-2760 1600 704 ) (-2760 1640 704 ) (-2688 1640 704 ) (-2688 1600 704 ) 
4 123 128 (-2240 1024 704 ) (-2680 1024 704 ) (-2680 1400 704 ) (-2240 1400 704 ) 
4 123 127 (-2048 1056 704 ) (-2048 1024 704 ) (-2240 1024 704 ) (-2240 1056 704 ) 
4 123 126 (-2232.629883 1056 704 ) (-2240 1056 704 ) (-2240 1400 704 ) (-2232.629883 1400 704 ) 
4 123 134 (-3060.629883 1024 704 ) (-3072 1024 704 ) (-3072 1640 704 ) (-3060.629883 1640 704 ) 
4 123 124 (-3072 2048 704 ) (-2048 2048 704 ) (-2048 1640 704 ) (-3072 1640 704 ) 
4 124 136 (-3072 2048 704 ) (-3072 2048 0 ) (-3072 1640 0 ) (-3072 1640 704 ) 
4 124 135 (-3072 1640 0 ) (-3072 2048 0 ) (-2048 2048 0 ) (-2048 1640 0 ) 
4 124 132 (-3060.629883 1640 0 ) (-2760 1640 0 ) (-2760 1640 704 ) (-3060.629883 1640 704 ) 
4 124 131 (-2760 1640 0 ) (-2680 1640 0 ) (-2680 1640 113.142998 ) (-2760 1640 113.142998 ) 
4 124 129 (-2688 1640 264 ) (-2688 1640 113.142998 ) (-2680 1640 113.142998 ) (-2680 1640 264 ) 
4 124 130 (-2688 1640 704 ) (-2760 1640 704 ) (-2760 1640 113.142998 ) (-2688 1640 113.142998 ) 
4 124 125 (-2240 1640 0 ) (-2232.629883 1640 0 ) (-2232.629883 1640 264 ) (-2240 1640 264 ) 
4 124 134 (-3072 1640 0 ) (-3060.629883 1640 0 ) (-3060.629883 1640 704 ) (-3072 1640 704 ) 
4 125 135 (-2240 1600 0 ) (-2240 1640 0 ) (-2232.629883 1640 0 ) (-2232.629883 1600 0 ) 
4 126 128 (-2240 1056 448 ) (-2240 1056 704 ) (-2240 1400 704 ) (-2240 1400 448 ) 
4 126 127 (-2240 1056 704 ) (-2240 1056 438.911682 ) (-2232.629883 1056 436.594818 ) (-2232.629883 1056 704 ) 
4 127 224 (-2048 1024 377.029083 ) (-2048 1024 704 ) (-2240 1024 704 ) (-2240 1024 437.387451 ) 
4 127 128 (-2240 1024 448 ) (-2240 1024 704 ) (-2240 1056 704 ) (-2240 1056 448 ) 
4 128 227 (-2240 1024 704 ) (-2680 1024 704 ) (-2680 1024 448 ) (-2240 1024 448 ) 
4 129 131 (-2688 1640 113.142998 ) (-2680 1640 113.142998 ) (-2680 1600 113.142998 ) (-2688 1600 113.142998 ) 
4 129 130 (-2688 1640 264 ) (-2688 1640 113.142998 ) (-2688 1600 113.142998 ) (-2688 1600 264 ) 
4 130 132 (-2760 1640 704 ) (-2760 1640 113.142998 ) (-2760 1600 113.142998 ) (-2760 1600 704 ) 
4 130 131 (-2760 1600 113.142998 ) (-2760 1640 113.142998 ) (-2688 1640 113.142998 ) (-2688 1600 113.142998 ) 
4 131 135 (-2760 1600 0 ) (-2760 1640 0 ) (-2680 1640 0 ) (-2680 1600 0 ) 
4 131 132 (-2760 1640 113.142998 ) (-2760 1640 0 ) (-2760 1600 0 ) (-2760 1600 113.142998 ) 
4 132 135 (-3060.629883 1600 0 ) (-3060.629883 1640 0 ) (-2760 1640 0 ) (-2760 1600 0 ) 
4 132 133 (-3060.629883 1600 113.142998 ) (-3060.629883 1600 0 ) (-2760 1600 0 ) (-2760 1600 113.142998 ) 
4 132 134 (-3060.629883 1640 704 ) (-3060.629883 1640 0 ) (-3060.629883 1600 0 ) (-3060.629883 1600 704 ) 
4 133 232 (-3060.629883 1024 113.142998 ) (-3060.629883 1024 0 ) (-2760 1024 0 ) (-2760 1024 113.142998 ) 
4 133 135 (-2760 1024 0 ) (-3060.629883 1024 0 ) (-3060.629883 1600 0 ) (-2760 1600 0 ) 
4 133 134 (-3060.629883 1600 0 ) (-3060.629883 1024 0 ) (-3060.629883 1024 113.142998 ) (-3060.629883 1600 113.142998 ) 
4 134 233 (-3072 1024 320 ) (-3072 1024 0 ) (-3060.629883 1024 0 ) (-3060.629883 1024 320 ) 
4 134 231 (-3060.629883 1024 704 ) (-3072 1024 704 ) (-3072 1024 320 ) (-3060.629883 1024 320 ) 
4 134 136 (-3072 1640 0 ) (-3072 1024 0 ) (-3072 1024 704 ) (-3072 1640 704 ) 
4 134 135 (-3060.629883 1024 0 ) (-3072 1024 0 ) (-3072 1640 0 ) (-3060.629883 1640 0 ) 
4 135 234 (-2048 1024 -256 ) (-2048 1024 0 ) (-3072 1024 0 ) (-3072 1024 -256 ) 
4 135 136 (-3072 2048 0 ) (-3072 2048 -256 ) (-3072 1024 -256 ) (-3072 1024 0 ) 
4 136 235 (-3072 1024 -256 ) (-3072 1024 960 ) (-4096 1024 960 ) (-4096 1024 -256 ) 
4 136 138 (-4096 1024 -256 ) (-4096 1024 960 ) (-4096 2048 960 ) (-4096 2048 -256 ) 
4 137 138 (-4096 2048 -256 ) (-4096 2048 960 ) (-4992 2048 960 ) (-4992 2048 -256 ) 
4 138 247 (-4096 1024 -256 ) (-4096 1024 960 ) (-4992 1024 960 ) (-4992 1024 -256 ) 
4 139 141 (5888 0 960 ) (5120 0 960 ) (5120 0 -256 ) (5888 0 -256 ) 
4 139 140 (5120 0 -256 ) (5120 0 960 ) (5120 1024 960 ) (5120 1024 -256 ) 
4 140 145 (4096 1024 960 ) (4096 1024 -256 ) (4096 0 -256 ) (4096 0 960 ) 
4 140 142 (5120 0 -256 ) (5120 0 960 ) (4096 0 960 ) (4096 0 -256 ) 
4 141 143 (5888 -1024 960 ) (5120 -1024 960 ) (5120 -1024 -256 ) (5888 -1024 -256 ) 
4 141 142 (5120 0 960 ) (5120 0 -256 ) (5120 -1024 -256 ) (5120 -1024 960 ) 
4 142 148 (4096 -1024 -256 ) (4096 -1024 960 ) (4096 0 960 ) (4096 0 -256 ) 
4 142 144 (5120 -1024 -256 ) (5120 -1024 960 ) (4096 -1024 960 ) (4096 -1024 -256 ) 
4 143 154 (5888 -2048 960 ) (5120 -2048 960 ) (5120 -2048 -256 ) (5888 -2048 -256 ) 
4 143 144 (5120 -1024 960 ) (5120 -1024 -256 ) (5120 -2048 -256 ) (5120 -2048 960 ) 
4 144 155 (5120 -2048 -256 ) (5120 -2048 960 ) (4096 -2048 960 ) (4096 -2048 -256 ) 
4 144 149 (4096 -2048 -256 ) (4096 -2048 960 ) (4096 -1024 960 ) (4096 -1024 -256 ) 
4 145 148 (4096 0 -256 ) (4096 0 960 ) (3072 0 960 ) (3072 0 -256 ) 
4 145 146 (3072 1024 960 ) (3072 1024 -256 ) (3072 0 -256 ) (3072 0 960 ) 
4 146 150 (3072 0 -256 ) (3072 0 960 ) (2048 0 960 ) (2048 0 -256 ) 
4 146 147 (2048 0 -256 ) (2048 0 960 ) (2048 1024 960 ) (2048 1024 -256 ) 
4 147 172 (1024 1024 0 ) (1024 1024 -256 ) (1024 0 -256 ) (1024 0 0 ) 
4 147 170 (1024 1024 704 ) (1024 1024 0 ) (1024 0 0 ) (1024 0 704 ) 
4 147 169 (1024 1024 960 ) (1024 1024 704 ) (1024 0 704 ) (1024 0 960 ) 
4 147 151 (2048 0 -256 ) (2048 0 960 ) (1024 0 960 ) (1024 0 -256 ) 
4 148 150 (3072 0 960 ) (3072 0 -256 ) (3072 -1024 -256 ) (3072 -1024 960 ) 
4 148 149 (4096 -1024 -256 ) (4096 -1024 960 ) (3072 -1024 960 ) (3072 -1024 -256 ) 
4 149 160 (4096 -2048 -256 ) (4096 -2048 960 ) (3072 -2048 960 ) (3072 -2048 -256 ) 
4 149 152 (3072 -2048 -256 ) (3072 -2048 960 ) (3072 -1024 960 ) (3072 -1024 -256 ) 
4 150 152 (3072 -1024 -256 ) (3072 -1024 960 ) (2048 -1024 960 ) (2048 -1024 -256 ) 
4 150 151 (2048 0 960 ) (2048 0 -256 ) (2048 -1024 -256 ) (2048 -1024 960 ) 
4 151 203 (1024 -1024 -256 ) (1024 -1024 0 ) (1024 0 0 ) (1024 0 -256 ) 
4 151 199 (1024 -640 704 ) (1024 0 704 ) (1024 0 0 ) (1024 -640 0 ) 
4 151 202 (1024 -1024 0 ) (1024 -1024 704 ) (1024 -640 704 ) (1024 -640 0 ) 
4 151 198 (1024 -1024 704 ) (1024 -1024 960 ) (1024 0 960 ) (1024 0 704 ) 
4 151 153 (2048 -1024 -256 ) (2048 -1024 960 ) (1024 -1024 960 ) (1024 -1024 -256 ) 
4 152 162 (3072 -2048 -256 ) (3072 -2048 960 ) (2048 -2048 960 ) (2048 -2048 -256 ) 
4 152 153 (2048 -1024 960 ) (2048 -1024 -256 ) (2048 -2048 -256 ) (2048 -2048 960 ) 
4 153 204 (1024 -2048 -256 ) (1024 -2048 960 ) (1024 -1024 960 ) (1024 -1024 -256 ) 
4 153 163 (2048 -2048 -256 ) (2048 -2048 960 ) (1024 -2048 960 ) (1024 -2048 -256 ) 
4 154 156 (5888 -3072 960 ) (5120 -3072 960 ) (5120 -3072 -256 ) (5888 -3072 -256 ) 
4 154 155 (5120 -2048 960 ) (5120 -2048 -256 ) (5120 -3072 -256 ) (5120 -3072 960 ) 
4 155 160 (4096 -2048 960 ) (4096 -2048 -256 ) (4096 -3072 -256 ) (4096 -3072 960 ) 
4 155 157 (5120 -3072 -256 ) (5120 -3072 960 ) (4096 -3072 960 ) (4096 -3072 -256 ) 
4 156 158 (5888 -4096 960 ) (5120 -4096 960 ) (5120 -4096 -256 ) (5888 -4096 -256 ) 
4 156 157 (5120 -3072 960 ) (5120 -3072 -256 ) (5120 -4096 -256 ) (5120 -4096 960 ) 
4 157 161 (4096 -4096 -256 ) (4096 -4096 960 ) (4096 -3072 960 ) (4096 -3072 -256 ) 
4 157 159 (5120 -4096 -256 ) (5120 -4096 960 ) (4096 -4096 960 ) (4096 -4096 -256 ) 
4 158 159 (5120 -4096 960 ) (5120 -4096 -256 ) (5120 -4928 -256 ) (5120 -4928 960 ) 
4 159 166 (4096 -4928 960 ) (4096 -4096 960 ) (4096 -4096 -256 ) (4096 -4928 -256 ) 
4 160 162 (3072 -2048 960 ) (3072 -2048 -256 ) (3072 -3072 -256 ) (3072 -3072 960 ) 
4 160 161 (4096 -3072 -256 ) (4096 -3072 960 ) (3072 -3072 960 ) (3072 -3072 -256 ) 
4 161 166 (4096 -4096 -256 ) (4096 -4096 960 ) (3072 -4096 960 ) (3072 -4096 -256 ) 
4 161 164 (3072 -4096 -256 ) (3072 -4096 960 ) (3072 -3072 960 ) (3072 -3072 -256 ) 
4 162 164 (3072 -3072 -256 ) (3072 -3072 960 ) (2048 -3072 960 ) (2048 -3072 -256 ) 
4 162 163 (2048 -2048 960 ) (2048 -2048 -256 ) (2048 -3072 -256 ) (2048 -3072 960 ) 
4 163 250 (1024 -3072 -256 ) (1024 -3072 960 ) (1024 -2048 960 ) (1024 -2048 -256 ) 
4 163 165 (2048 -3072 -256 ) (2048 -3072 960 ) (1024 -3072 960 ) (1024 -3072 -256 ) 
4 164 167 (3072 -4096 -256 ) (3072 -4096 960 ) (2048 -4096 960 ) (2048 -4096 -256 ) 
4 164 165 (2048 -3072 960 ) (2048 -3072 -256 ) (2048 -4096 -256 ) (2048 -4096 960 ) 
4 165 251 (1024 -4096 -256 ) (1024 -4096 960 ) (1024 -3072 960 ) (1024 -3072 -256 ) 
4 165 168 (2048 -4096 -256 ) (2048 -4096 960 ) (1024 -4096 960 ) (1024 -4096 -256 ) 
4 166 167 (3072 -4096 960 ) (3072 -4096 -256 ) (3072 -4928 -256 ) (3072 -4928 960 ) 
4 167 168 (2048 -4096 960 ) (2048 -4096 -256 ) (2048 -4928 -256 ) (2048 -4928 960 ) 
4 168 256 (1024 -4928 960 ) (1024 -4096 960 ) (1024 -4096 -256 ) (1024 -4928 -256 ) 
4 169 198 (1024 0 704 ) (1024 0 960 ) (384 0 960 ) (384 0 704 ) 
4 169 171 (384 1024 960 ) (384 1024 704 ) (384 0 704 ) (384 0 960 ) 
4 169 170 (1024 0 704 ) (768 0 704 ) (768 1024 704 ) (1024 1024 704 ) 
4 170 199 (1024 0 0 ) (1024 0 704 ) (768 0 704 ) (768 0 0 ) 
4 170 172 (1024 0 0 ) (768 0 0 ) (768 1024 0 ) (1024 1024 0 ) 
4 171 201 (0 0 704 ) (0 0 128 ) (384 0 128 ) (384 0 704 ) 
4 171 198 (0 0 960 ) (0 0 704 ) (384 0 704 ) (384 0 960 ) 
4 171 180 (0 32 128 ) (0 0 128 ) (0 0 320 ) (0 32 320 ) 
4 171 178 (0 1024 320 ) (0 1024 128 ) (0 324.571014 128 ) (0 324.571014 320 ) 
4 171 179 (0 324.571014 128 ) (0 32 128 ) (0 32 320 ) (0 324.571014 320 ) 
4 171 173 (0 1024 960 ) (0 1024 320 ) (0 0 320 ) (0 0 960 ) 
4 172 203 (1024 0 -256 ) (1024 0 0 ) (0 0 0 ) (0 0 -256 ) 
4 172 182 (0 1024 0 ) (0 1024 -256 ) (0 0 -256 ) (0 0 0 ) 
5 173 205 (0 0 320 ) (0 0 960 ) (-678.707947 0 960 ) (-678.707886 0 482.030518 ) (-605.725037 0 320 ) 
4 173 181 (-128 0 320 ) (-512 0 320 ) (-512 32 320 ) (-128 32 320 ) 
4 173 180 (0 0 320 ) (-128 0 320 ) (-128 32 320 ) (0 32 320 ) 
4 173 178 (-512 324.571014 320 ) (-512 1024 320 ) (0 1024 320 ) (0 324.571014 320 ) 
4 173 179 (-512 32 320 ) (-512 324.571014 320 ) (0 324.571014 320 ) (0 32 320 ) 
5 173 177 (-694.084839 75.578720 456.324951 ) (-678.707886 0 482.030487 ) (-678.707886 0 960 ) (-702.245911 115.691017 960 ) (-702.245972 115.691040 464 ) 
5 173 175 (-887.046997 1024 320 ) (-775.633911 476.397461 320 ) (-702.245972 115.691040 442.682098 ) (-702.245911 115.691017 960 ) (-887.046997 1024 960 ) 
4 173 174 (-678.706909 0 482.032806 ) (-775.634277 476.404053 320 ) (-636.235962 85.553345 320 ) (-613.191589 0 336.580933 ) 
3 174 207 (-678.707886 0 482.030518 ) (-678.707886 0 343.185974 ) (-613.193604 0 336.581146 ) 
3 174 177 (-678.707886 0 441.863525 ) (-678.707886 0 482.030487 ) (-694.084839 75.578705 456.324951 ) 
3 174 175 (-775.633911 476.397461 320 ) (-702.245972 115.691010 320 ) (-702.245972 115.691010 442.682098 ) 
4 175 185 (-1024 352.115082 960 ) (-1024 1024 960 ) (-1024 1024 320 ) (-1024 352.115051 320 ) 
4 175 184 (-1024 50.229362 960 ) (-1024 352.115082 960 ) (-1024 352.115051 320 ) (-1024 50.229370 320 ) 
4 175 177 (-702.249939 115.690437 464 ) (-702.250000 115.690430 960 ) (-1015.820068 51.893841 960 ) (-1015.820007 51.893764 480 ) 
4 175 176 (-1024 50.229492 320 ) (-1015.820007 51.893738 320 ) (-1015.820068 51.893841 960 ) (-1024 50.229607 960 ) 
4 176 208 (-1024 0 960 ) (-1024 0 320 ) (-1005.262329 0 320 ) (-1005.262329 0 960 ) 
4 176 184 (-1024 0 320 ) (-1024 0 960 ) (-1024 50.229362 960 ) (-1024 50.229370 320 ) 
4 176 177 (-1015.820801 51.896469 480 ) (-1015.820801 51.896454 960 ) (-1005.262573 0 960 ) (-1005.262695 0 470.070679 ) 
4 177 210 (-678.707886 0 441.863525 ) (-678.707947 0 960 ) (-1005.262329 0 960 ) (-1005.262329 0 470.070679 ) 
4 178 179 (-512 324.571014 320 ) (-224 324.571014 128 ) (0 324.571014 128 ) (0 324.571014 320 ) 
4 179 181 (-512 32 320 ) (-512 32 290.908997 ) (-128 32 261.817993 ) (-128 32 320 ) 
4 179 180 (-128 32 128 ) (0 32 128 ) (0 32 320 ) (-128 32 320 ) 
4 180 211 (0 0 128 ) (0 0 320 ) (-128 0 320 ) (-128 0 128 ) 
4 180 181 (-128 32 320 ) (-128 32 261.817993 ) (-128 0 264.055756 ) (-128 0 320 ) 
4 181 212 (-128 0 320 ) (-512 0 320 ) (-512 0 293.146759 ) (-128 0 264.055756 ) 
4 182 216 (0 0 -256 ) (0 0 0 ) (-512 0 0 ) (-512 0 -256 ) 
4 182 183 (-512 0 -256 ) (-512 0 0 ) (-512 1024 0 ) (-512 1024 -256 ) 
4 183 216 (-512 0 -256 ) (-512 0 0 ) (-1024 0 0 ) (-1024 0 -256 ) 
4 183 197 (-1024 0 -256 ) (-1024 0 0 ) (-1024 1024 0 ) (-1024 1024 -256 ) 
4 184 226 (-2048 468.786133 320 ) (-2048 0 320 ) (-2048 0 960 ) (-2048 468.786102 960 ) 
4 184 217 (-1024 0 320 ) (-1024 0 960 ) (-2048 0 960 ) (-2048 0 320 ) 
4 184 196 (-2016 465.139862 320 ) (-2048 468.785828 320 ) (-2048 468.785767 576 ) (-2016 465.139801 576 ) 
4 184 189 (-1731.270020 432.698639 464 ) (-1731.270020 432.698639 576 ) (-1413.329956 396.473633 576 ) (-1413.329956 396.473633 480 ) 
4 184 187 (-1731.270020 432.698669 320 ) (-2016 465.139862 320 ) (-2016 465.139801 576 ) (-1731.270020 432.698639 576 ) 
4 184 186 (-2048 468.785767 576 ) (-2048 468.785645 960 ) (-1413.329956 396.473602 960 ) (-1413.329956 396.473633 576 ) 
4 184 185 (-1024 352.114746 320 ) (-1413.329956 396.473663 320 ) (-1413.329956 396.473602 960 ) (-1024 352.114746 960 ) 
4 185 193 (-1341.832031 1024 320 ) (-1376.051147 723.664551 320 ) (-1381.033325 679.936462 576 ) (-1341.832153 1024 576 ) 
4 185 192 (-1376.051147 723.664551 320 ) (-1384.349854 650.828003 320 ) (-1384.349854 650.827942 415.995789 ) (-1378.129395 705.423584 426.789246 ) 
4 185 189 (-1413.330078 396.472656 480 ) (-1413.330078 396.472656 576 ) (-1384.349854 650.828003 576 ) (-1384.349854 650.827942 432 ) 
4 185 188 (-1384.349854 650.828003 576 ) (-1381.033325 679.936462 576 ) (-1378.129395 705.423584 426.789246 ) (-1384.349854 650.827942 415.995789 ) 
4 185 186 (-1413.330078 396.472656 576 ) (-1413.330078 396.472656 960 ) (-1341.832397 1024 960 ) (-1341.832153 1024 576 ) 
4 186 225 (-2048 800 576 ) (-2048 608 576 ) (-2048 608 960 ) (-2048 800 960 ) 
4 186 226 (-2048 608 576 ) (-2048 468.786133 576 ) (-2048 468.786102 960 ) (-2048 608 960 ) 
4 186 224 (-2048 1024 960 ) (-2048 1024 576 ) (-2048 800 576 ) (-2048 800 960 ) 
4 186 196 (-2016 465.138641 576 ) (-2048 468.784607 576 ) (-2048 608 576 ) (-2016 608 576 ) 
4 186 195 (-2048 800 576 ) (-2048 1024 576 ) (-2016 1024 576 ) (-2016 800 576 ) 
4 186 193 (-1341.833496 1024 576 ) (-1381.034790 679.936646 576 ) (-2016 764.060852 576 ) (-2016 1024 576 ) 
4 186 189 (-1384.351318 650.828125 576 ) (-1413.331543 396.472656 576 ) (-1731.270264 432.697510 576 ) (-1702.290039 687.052979 576 ) 
4 186 188 (-1381.034790 679.936646 576 ) (-1384.351318 650.828125 576 ) (-1702.290039 687.052979 576 ) (-1698.311523 721.971497 576 ) 
4 186 187 (-1731.270264 432.697510 576 ) (-2016 465.138641 576 ) (-2016 764.060852 576 ) (-1698.311523 721.971497 576 ) 
4 187 196 (-2016 608 320 ) (-2016 465.140137 320 ) (-2016 465.140137 576 ) (-2016 608 576 ) 
3 187 194 (-2016 800 368.728516 ) (-2016 805 339.895935 ) (-2016 800 339.001099 ) 
5 187 193 (-2016 802.138550 356.401581 ) (-2016 764.062500 576 ) (-1698.311523 721.973083 576 ) (-1694.568604 754.823120 383.682831 ) (-1979.666260 799.328552 344.845642 ) 
3 187 191 (-1784.730957 481.740479 320 ) (-1992.633789 672.420959 320 ) (-1773.830811 695.204773 359.998199 ) 
5 187 190 (-2016 693.851563 320 ) (-2016 804.998047 339.894531 ) (-1694.568970 754.820618 383.681183 ) (-1700.491211 702.841553 373.405029 ) (-1992.633789 672.420959 320 ) 
4 187 189 (-1702.290039 687.052917 416 ) (-1702.290039 687.052979 576 ) (-1731.270020 432.699005 576 ) (-1731.270020 432.699005 464 ) 
4 187 188 (-1702.290039 687.052917 370.282990 ) (-1694.569336 754.816406 383.679688 ) (-1698.312256 721.965576 576 ) (-1702.290039 687.052979 576 ) 
4 188 193 (-1698.311523 721.973083 576 ) (-1381.033325 679.938049 576 ) (-1378.129395 705.425171 426.789490 ) (-1694.568604 754.823120 383.682831 ) 
5 188 192 (-1497.199951 724.010071 410.567596 ) (-1378.129761 705.422424 426.787842 ) (-1384.349976 650.827942 415.994629 ) (-1702.290161 687.052917 370.283630 ) (-1700.491211 702.841553 373.405029 ) 
3 188 190 (-1694.568970 754.820618 383.681183 ) (-1497.199951 724.010071 410.567596 ) (-1700.491211 702.841553 373.405029 ) 
4 188 189 (-1702.289063 687.052490 576 ) (-1702.289063 687.052490 416 ) (-1384.349854 650.827637 432 ) (-1384.349854 650.827637 576 ) 
4 190 194 (-2016 808.449097 320 ) (-2016 800 320 ) (-2016 800 339.001099 ) (-2016 805 339.895935 ) 
4 190 193 (-1979.666260 799.328552 344.845642 ) (-1497.185913 724.010559 410.571106 ) (-1681.023682 764.070679 320 ) (-1901.547852 793.286926 320 ) 
4 190 192 (-1497.195313 724.010742 410.572266 ) (-1700.489502 702.841919 373.409119 ) (-1693.949219 760.272888 320 ) (-1681.034912 764.071228 320 ) 
3 190 191 (-1773.829102 695.205139 360.002319 ) (-1992.654663 672.419067 320 ) (-1791.835815 731.482971 320 ) 
4 192 193 (-1497.185913 724.010559 410.571106 ) (-1378.129395 705.425171 426.789490 ) (-1376.051147 723.666199 320 ) (-1681.023682 764.070679 320 ) 
5 193 195 (-2016 802.137390 356.401489 ) (-2016 800 368.728455 ) (-2016 800 576 ) (-2016 1024 576 ) (-2016 1024 366.969360 ) 
3 194 223 (-2048 812.688599 320 ) (-2048 800 320 ) (-2048 800 393.179138 ) 
4 194 195 (-2048 800 393.181152 ) (-2016 800 368.730469 ) (-2016 802.137756 356.401550 ) (-2048 804.612549 366.579163 ) 
5 195 224 (-2048 1024 576 ) (-2048 1024 377.029083 ) (-2048 804.612183 366.579132 ) (-2048 800 393.179138 ) (-2048 800 576 ) 
4 196 226 (-2048 608 320 ) (-2048 468.786133 320 ) (-2048 468.786133 576 ) (-2048 608 576 ) 
4 197 234 (-2048 1024 0 ) (-2048 1024 -256 ) (-2048 0 -256 ) (-2048 0 0 ) 
4 197 220 (-1024 0 -256 ) (-1024 0 0 ) (-2048 0 0 ) (-2048 0 -256 ) 
4 198 214 (0 -354.564026 704 ) (0 -1024 704 ) (0 -1024 960 ) (0 -354.564026 960 ) 
4 198 205 (0 0 960 ) (0 0 704 ) (0 -354.564026 704 ) (0 -354.564026 960 ) 
4 198 204 (1024 -1024 704 ) (1024 -1024 960 ) (0 -1024 960 ) (0 -1024 704 ) 
4 198 201 (0 -354.564026 704 ) (0 0 704 ) (384 0 704 ) (384 -354.564026 704 ) 
4 198 200 (768 -448 704 ) (768 -640 704 ) (512 -640 704 ) (512 -448 704 ) 
4 198 199 (768 0 704 ) (1024 0 704 ) (1024 -640 704 ) (768 -640 704 ) 
4 198 202 (1024 -1024 704 ) (0 -1024 704 ) (0 -640 704 ) (1024 -640 704 ) 
4 199 203 (768 0 0 ) (1024 0 0 ) (1024 -640 0 ) (768 -640 0 ) 
4 199 200 (768 -448 0 ) (768 -640 0 ) (768 -640 704 ) (768 -448 704 ) 
4 199 202 (768 -640 0 ) (1024 -640 0 ) (1024 -640 704 ) (768 -640 704 ) 
4 200 203 (768 -448 0 ) (768 -640 0 ) (512 -640 0 ) (512 -448 0 ) 
4 200 202 (512 -640 0 ) (768 -640 0 ) (768 -640 704 ) (512 -640 704 ) 
4 201 211 (0 0 320 ) (0 0 128 ) (0 -354.564026 128 ) (0 -354.564026 320 ) 
4 201 205 (0 0 704 ) (0 0 320 ) (0 -354.564026 320 ) (0 -354.564026 704 ) 
4 202 215 (0 -640 0 ) (0 -1024 0 ) (0 -1024 704 ) (0 -640 704 ) 
4 202 204 (1024 -1024 0 ) (1024 -1024 704 ) (0 -1024 704 ) (0 -1024 0 ) 
4 202 203 (0 -1024 0 ) (0 -640 0 ) (1024 -640 0 ) (1024 -1024 0 ) 
4 203 216 (0 0 0 ) (0 0 -256 ) (0 -1024 -256 ) (0 -1024 0 ) 
4 203 204 (1024 -1024 -256 ) (1024 -1024 0 ) (0 -1024 0 ) (0 -1024 -256 ) 
4 204 250 (1024 -2048 -256 ) (1024 -2048 960 ) (0 -2048 960 ) (0 -2048 -256 ) 
4 204 221 (0 -2048 -256 ) (0 -2048 960 ) (0 -1024 960 ) (0 -1024 -256 ) 
4 205 214 (0 -354.564026 704 ) (0 -354.564026 960 ) (-606.569702 -354.564026 960 ) (-606.569702 -354.564026 704 ) 
5 205 213 (-128 -354.564026 320 ) (-479.268616 -354.564026 320 ) (-512 -262.790344 320 ) (-512 -208 320 ) (-128 -208 320 ) 
4 205 212 (-512 -208 320 ) (-512 0 320 ) (-128 0 320 ) (-128 -208 320 ) 
4 205 211 (0 -354.564026 320 ) (-128 -354.564026 320 ) (-128 0 320 ) (0 0 320 ) 
4 205 210 (-678.706543 0 960 ) (-678.706543 0 482.027527 ) (-651.205627 -135.168747 528 ) (-651.205627 -135.168747 960 ) 
4 205 209 (-651.205627 -135.168747 528 ) (-606.568359 -354.564026 602.620605 ) (-606.568359 -354.564026 960 ) (-651.205627 -135.168747 960 ) 
4 205 207 (-673.393616 -26.115479 490.915131 ) (-678.706970 0 482.032837 ) (-613.191589 0 336.580933 ) (-580.648621 -120.817192 359.996307 ) 
4 205 206 (-606.568726 -354.564026 602.625854 ) (-673.393616 -26.115479 490.915131 ) (-552.314575 -149.748993 320 ) (-479.266602 -354.564026 320 ) 
3 206 213 (-479.268616 -354.564026 320 ) (-512 -354.564026 320 ) (-512 -262.790314 320 ) 
4 206 210 (-651.205627 -135.168747 528 ) (-673.392395 -26.119446 490.911194 ) (-658.761780 -98.029831 423.106201 ) (-651.205627 -135.168762 416 ) 
5 206 209 (-636.514099 -207.378723 320 ) (-606.568359 -354.564026 320 ) (-606.568359 -354.564026 602.620605 ) (-651.205627 -135.168747 528 ) (-651.205627 -135.168762 388.087524 ) 
3 206 207 (-648.038574 -150.742538 373.402618 ) (-673.394409 -26.116364 490.913055 ) (-580.650940 -120.816475 359.996399 ) 
4 207 210 (-678.706543 0 482.027527 ) (-678.706543 0 441.863403 ) (-658.761780 -98.029823 423.106201 ) (-673.392395 -26.119446 490.911194 ) 
3 207 209 (-651.205627 -135.168747 370.280670 ) (-648.036987 -150.742859 373.402527 ) (-651.205627 -135.168747 388.087524 ) 
4 208 217 (-1024 0 960 ) (-1024 0 320 ) (-1024 -354.564026 320 ) (-1024 -354.564026 960 ) 
4 208 214 (-1024 -354.564026 960 ) (-1024 -354.564026 704 ) (-933.127197 -354.564026 704 ) (-933.127197 -354.564026 960 ) 
4 208 210 (-1005.263123 0 470.070709 ) (-1005.263000 0 960 ) (-964.783691 -198.967133 960 ) (-964.783752 -198.967163 432 ) 
4 208 209 (-933.127930 -354.564026 320 ) (-964.783752 -198.967163 320 ) (-964.783691 -198.967133 960 ) (-933.127930 -354.564026 960 ) 
4 209 214 (-606.569702 -354.564026 704 ) (-606.569702 -354.564026 960 ) (-933.127197 -354.564026 960 ) (-933.127197 -354.564026 704 ) 
4 209 210 (-964.783203 -198.967285 432 ) (-964.783203 -198.967285 960 ) (-651.206909 -135.169250 960 ) (-651.206909 -135.169250 416 ) 
4 211 213 (-128 -354.564026 290.908997 ) (-128 -354.564026 320 ) (-128 -208 320 ) (-128 -208 290.908997 ) 
4 211 212 (-128 -208 320 ) (-128 0 320 ) (-128 0 264.055756 ) (-128 -208 278.601257 ) 
5 212 213 (-512 -208 320 ) (-512 -208 307.690430 ) (-290.486023 -208 290.908997 ) (-128 -208 290.908997 ) (-128 -208 320 ) 
4 214 221 (0 -1024 704 ) (0 -1024 960 ) (-1024 -1024 960 ) (-1024 -1024 704 ) 
4 214 218 (-1024 -1024 704 ) (-1024 -1024 960 ) (-1024 -354.564026 960 ) (-1024 -354.564026 704 ) 
4 214 215 (0 -1024 704 ) (-1024 -1024 704 ) (-1024 -640 704 ) (0 -640 704 ) 
4 215 221 (0 -1024 0 ) (0 -1024 704 ) (-1024 -1024 704 ) (-1024 -1024 0 ) 
4 215 219 (-1024 -640 0 ) (-1024 -1024 0 ) (-1024 -1024 704 ) (-1024 -640 704 ) 
4 215 216 (0 -1024 0 ) (-1024 -1024 0 ) (-1024 -640 0 ) (0 -640 0 ) 
4 216 221 (0 -1024 -256 ) (0 -1024 0 ) (-1024 -1024 0 ) (-1024 -1024 -256 ) 
4 216 220 (-1024 0 0 ) (-1024 0 -256 ) (-1024 -1024 -256 ) (-1024 -1024 0 ) 
4 217 237 (-2048 0 704 ) (-2048 0 320 ) (-2048 -354.564026 320 ) (-2048 -354.564026 704 ) 
4 217 236 (-2048 0 960 ) (-2048 0 704 ) (-2048 -354.564026 704 ) (-2048 -354.564026 960 ) 
4 217 218 (-2048 -354.564026 960 ) (-2048 -354.564026 704 ) (-1024 -354.564026 704 ) (-1024 -354.564026 960 ) 
4 218 236 (-2048 -1024 704 ) (-2048 -1024 960 ) (-2048 -354.564026 960 ) (-2048 -354.564026 704 ) 
4 218 222 (-1024 -1024 704 ) (-1024 -1024 960 ) (-2048 -1024 960 ) (-2048 -1024 704 ) 
4 218 219 (-1024 -640 704 ) (-1024 -1024 704 ) (-2048 -1024 704 ) (-2048 -640 704 ) 
4 219 242 (-2048 -1024 0 ) (-2048 -1024 704 ) (-2048 -640 704 ) (-2048 -640 0 ) 
4 219 222 (-1024 -1024 0 ) (-1024 -1024 704 ) (-2048 -1024 704 ) (-2048 -1024 0 ) 
4 219 220 (-1024 -640 0 ) (-1024 -1024 0 ) (-2048 -1024 0 ) (-2048 -640 0 ) 
4 220 243 (-2048 -1024 -256 ) (-2048 -1024 0 ) (-2048 0 0 ) (-2048 0 -256 ) 
4 220 222 (-1024 -1024 -256 ) (-1024 -1024 0 ) (-2048 -1024 0 ) (-2048 -1024 -256 ) 
4 221 252 (0 -2048 -256 ) (0 -2048 960 ) (-1024 -2048 960 ) (-1024 -2048 -256 ) 
4 221 222 (-1024 -1024 960 ) (-1024 -1024 -256 ) (-1024 -2048 -256 ) (-1024 -2048 960 ) 
4 222 253 (-1024 -2048 -256 ) (-1024 -2048 960 ) (-2048 -2048 960 ) (-2048 -2048 -256 ) 
4 222 245 (-2048 -2048 -256 ) (-2048 -2048 960 ) (-2048 -1024 960 ) (-2048 -1024 -256 ) 
3 223 227 (-2240 800 448 ) (-2240 800 539.883911 ) (-2240 815.931885 448 ) 
4 223 224 (-2240 819.461487 427.644806 ) (-2240 800 539.885986 ) (-2048 800 393.181152 ) (-2048 804.612488 366.579163 ) 
5 224 227 (-2240 815.931885 448 ) (-2240 800 539.883911 ) (-2240 800 960 ) (-2240 1024 960 ) (-2240 1024 448 ) 
4 224 225 (-2048 800 960 ) (-2240 800 960 ) (-2240 800 576 ) (-2048 800 576 ) 
4 225 227 (-2240 608 576 ) (-2240 608 960 ) (-2240 800 960 ) (-2240 800 576 ) 
4 225 226 (-2048 608 960 ) (-2240 608 960 ) (-2240 608 576 ) (-2048 608 576 ) 
4 226 237 (-2048 0 320 ) (-2048 0 704 ) (-2240 0 704 ) (-2240 0 320 ) 
4 226 236 (-2048 0 704 ) (-2048 0 960 ) (-2240 0 960 ) (-2240 0 704 ) 
4 226 228 (-2240 320 576 ) (-2240 320 960 ) (-2240 608 960 ) (-2240 608 576 ) 
4 226 229 (-2240 320 320 ) (-2240 0 320 ) (-2240 0 960 ) (-2240 320 960 ) 
4 227 230 (-2680 1024 960 ) (-2680 1024 704 ) (-2680 608 704 ) (-2680 608 960 ) 
4 227 228 (-2680 608 960 ) (-2680 608 576 ) (-2240 608 576 ) (-2240 608 960 ) 
4 228 230 (-2680 320 704 ) (-2680 320 960 ) (-2680 608 960 ) (-2680 608 704 ) 
4 228 229 (-2240 320 576 ) (-2240 320 960 ) (-2680 320 960 ) (-2680 320 576 ) 
4 229 237 (-2680 0 704 ) (-2680 0 320 ) (-2240 0 320 ) (-2240 0 704 ) 
4 229 236 (-2680 0 960 ) (-2680 0 704 ) (-2240 0 704 ) (-2240 0 960 ) 
4 229 230 (-2680 0 704 ) (-2680 0 960 ) (-2680 320 960 ) (-2680 320 704 ) 
4 230 236 (-3072 0 960 ) (-3072 0 704 ) (-2680 0 704 ) (-2680 0 960 ) 
4 230 235 (-3072 0 704 ) (-3072 0 960 ) (-3072 1024 960 ) (-3072 1024 704 ) 
4 230 231 (-3072 0 704 ) (-3072 1024 704 ) (-3060.629883 1024 704 ) (-3060.629883 0 704 ) 
4 231 241 (-3072 0 704 ) (-3072 0 320 ) (-3060.629883 0 320 ) (-3060.629883 0 704 ) 
4 231 235 (-3072 0 320 ) (-3072 0 704 ) (-3072 1024 704 ) (-3072 1024 320 ) 
4 231 233 (-3060.629883 0 320 ) (-3072 0 320 ) (-3072 1024 320 ) (-3060.629883 1024 320 ) 
4 232 238 (-3060.629883 0 113.142998 ) (-3060.629883 0 0 ) (-2760 0 0 ) (-2760 0 113.142998 ) 
4 232 234 (-3060.629883 1024 0 ) (-2760 1024 0 ) (-2760 0 0 ) (-3060.629883 0 0 ) 
4 232 233 (-3060.629883 1024 0 ) (-3060.629883 0 0 ) (-3060.629883 0 113.142998 ) (-3060.629883 1024 113.142998 ) 
4 233 241 (-3060.629883 0 320 ) (-3072 0 320 ) (-3072 0 0 ) (-3060.629883 0 0 ) 
4 233 235 (-3072 0 0 ) (-3072 0 320 ) (-3072 1024 320 ) (-3072 1024 0 ) 
4 233 234 (-3072 0 0 ) (-3072 1024 0 ) (-3060.629883 1024 0 ) (-3060.629883 0 0 ) 
4 234 243 (-2048 0 -256 ) (-2048 0 0 ) (-3072 0 0 ) (-3072 0 -256 ) 
4 234 235 (-3072 0 -256 ) (-3072 0 0 ) (-3072 1024 0 ) (-3072 1024 -256 ) 
4 235 247 (-4096 0 -256 ) (-4096 0 960 ) (-4096 1024 960 ) (-4096 1024 -256 ) 
4 235 244 (-3072 0 -256 ) (-3072 0 960 ) (-4096 0 960 ) (-4096 0 -256 ) 
4 236 245 (-2048 -1024 704 ) (-2048 -1024 960 ) (-3072 -1024 960 ) (-3072 -1024 704 ) 
4 236 244 (-3072 -1024 704 ) (-3072 -1024 960 ) (-3072 0 960 ) (-3072 0 704 ) 
4 236 240 (-2864 -640 704 ) (-3060.629883 -640 704 ) (-3060.629883 -408 704 ) (-2864 -408 704 ) 
4 236 237 (-2680 0 704 ) (-2048 0 704 ) (-2048 -354.564026 704 ) (-2680 -354.564026 704 ) 
4 236 241 (-3072 -640 704 ) (-3072 0 704 ) (-3060.629883 0 704 ) (-3060.629883 -640 704 ) 
4 236 242 (-3072 -1024 704 ) (-3072 -640 704 ) (-2048 -640 704 ) (-2048 -1024 704 ) 
4 238 243 (-3060.629883 0 0 ) (-2760 0 0 ) (-2760 -354.564026 0 ) (-3060.629883 -354.564026 0 ) 
4 238 239 (-3060.629883 -354.564026 113.142998 ) (-3060.629883 -354.564026 0 ) (-2864 -354.564026 0 ) (-2864 -354.564026 113.142998 ) 
4 238 241 (-3060.629883 0 0 ) (-3060.629883 -354.564026 0 ) (-3060.629883 -354.564026 113.142998 ) (-3060.629883 0 113.142998 ) 
4 239 243 (-3060.629883 -408 0 ) (-3060.629883 -354.564026 0 ) (-2864 -354.564026 0 ) (-2864 -408 0 ) 
4 239 240 (-3060.629883 -408 113.142998 ) (-3060.629883 -408 0 ) (-2864 -408 0 ) (-2864 -408 113.142998 ) 
4 239 241 (-3060.629883 -354.564026 0 ) (-3060.629883 -408 0 ) (-3060.629883 -408 113.142998 ) (-3060.629883 -354.564026 113.142998 ) 
4 240 243 (-2864 -640 0 ) (-3060.629883 -640 0 ) (-3060.629883 -408 0 ) (-2864 -408 0 ) 
4 240 242 (-3060.629883 -640 0 ) (-2864 -640 0 ) (-2864 -640 704 ) (-3060.629883 -640 704 ) 
4 240 241 (-3060.629883 -408 0 ) (-3060.629883 -640 0 ) (-3060.629883 -640 704 ) (-3060.629883 -408 704 ) 
4 241 244 (-3072 -640 704 ) (-3072 0 704 ) (-3072 0 0 ) (-3072 -640 0 ) 
4 241 243 (-3072 -640 0 ) (-3072 0 0 ) (-3060.629883 0 0 ) (-3060.629883 -640 0 ) 
4 241 242 (-3072 -640 0 ) (-3060.629883 -640 0 ) (-3060.629883 -640 704 ) (-3072 -640 704 ) 
4 242 245 (-2048 -1024 0 ) (-2048 -1024 704 ) (-3072 -1024 704 ) (-3072 -1024 0 ) 
4 242 244 (-3072 -1024 0 ) (-3072 -1024 704 ) (-3072 -640 704 ) (-3072 -640 0 ) 
4 242 243 (-2048 -1024 0 ) (-3072 -1024 0 ) (-3072 -640 0 ) (-2048 -640 0 ) 
4 243 245 (-2048 -1024 -256 ) (-2048 -1024 0 ) (-3072 -1024 0 ) (-3072 -1024 -256 ) 
4 243 244 (-3072 -1024 -256 ) (-3072 -1024 0 ) (-3072 0 0 ) (-3072 0 -256 ) 
4 244 248 (-4096 -1024 -256 ) (-4096 -1024 960 ) (-4096 0 960 ) (-4096 0 -256 ) 
4 244 246 (-4096 -1024 960 ) (-4096 -1024 -256 ) (-3072 -1024 -256 ) (-3072 -1024 960 ) 
4 245 259 (-2048 -2048 -256 ) (-2048 -2048 960 ) (-3072 -2048 960 ) (-3072 -2048 -256 ) 
4 245 246 (-3072 -1024 960 ) (-3072 -1024 -256 ) (-3072 -2048 -256 ) (-3072 -2048 960 ) 
4 246 260 (-3072 -2048 -256 ) (-3072 -2048 960 ) (-4096 -2048 960 ) (-4096 -2048 -256 ) 
4 246 249 (-4096 -2048 -256 ) (-4096 -2048 960 ) (-4096 -1024 960 ) (-4096 -1024 -256 ) 
4 247 248 (-4096 0 -256 ) (-4096 0 960 ) (-4992 0 960 ) (-4992 0 -256 ) 
4 248 249 (-4096 -1024 -256 ) (-4096 -1024 960 ) (-4992 -1024 960 ) (-4992 -1024 -256 ) 
4 249 263 (-4096 -2048 -256 ) (-4096 -2048 960 ) (-4992 -2048 960 ) (-4992 -2048 -256 ) 
4 250 252 (0 -2048 960 ) (0 -2048 -256 ) (0 -3072 -256 ) (0 -3072 960 ) 
4 250 251 (1024 -3072 -256 ) (1024 -3072 960 ) (0 -3072 960 ) (0 -3072 -256 ) 
4 251 256 (1024 -4096 -256 ) (1024 -4096 960 ) (0 -4096 960 ) (0 -4096 -256 ) 
4 251 254 (0 -4096 -256 ) (0 -4096 960 ) (0 -3072 960 ) (0 -3072 -256 ) 
4 252 254 (0 -3072 -256 ) (0 -3072 960 ) (-1024 -3072 960 ) (-1024 -3072 -256 ) 
4 252 253 (-1024 -2048 960 ) (-1024 -2048 -256 ) (-1024 -3072 -256 ) (-1024 -3072 960 ) 
4 253 259 (-2048 -2048 960 ) (-2048 -2048 -256 ) (-2048 -3072 -256 ) (-2048 -3072 960 ) 
4 253 255 (-1024 -3072 -256 ) (-1024 -3072 960 ) (-2048 -3072 960 ) (-2048 -3072 -256 ) 
4 254 257 (0 -4096 -256 ) (0 -4096 960 ) (-1024 -4096 960 ) (-1024 -4096 -256 ) 
4 254 255 (-1024 -3072 960 ) (-1024 -3072 -256 ) (-1024 -4096 -256 ) (-1024 -4096 960 ) 
4 255 261 (-2048 -4096 -256 ) (-2048 -4096 960 ) (-2048 -3072 960 ) (-2048 -3072 -256 ) 
4 255 258 (-1024 -4096 -256 ) (-1024 -4096 960 ) (-2048 -4096 960 ) (-2048 -4096 -256 ) 
4 256 257 (0 -4096 960 ) (0 -4096 -256 ) (0 -4928 -256 ) (0 -4928 960 ) 
4 257 258 (-1024 -4096 960 ) (-1024 -4096 -256 ) (-1024 -4928 -256 ) (-1024 -4928 960 ) 
4 258 265 (-2048 -4928 960 ) (-2048 -4096 960 ) (-2048 -4096 -256 ) (-2048 -4928 -256 ) 
4 259 261 (-2048 -3072 -256 ) (-2048 -3072 960 ) (-3072 -3072 960 ) (-3072 -3072 -256 ) 
4 259 260 (-3072 -2048 960 ) (-3072 -2048 -256 ) (-3072 -3072 -256 ) (-3072 -3072 960 ) 
4 260 263 (-4096 -2048 960 ) (-4096 -2048 -256 ) (-4096 -3072 -256 ) (-4096 -3072 960 ) 
4 260 262 (-3072 -3072 -256 ) (-3072 -3072 960 ) (-4096 -3072 960 ) (-4096 -3072 -256 ) 
4 261 265 (-2048 -4096 -256 ) (-2048 -4096 960 ) (-3072 -4096 960 ) (-3072 -4096 -256 ) 
4 261 262 (-3072 -3072 960 ) (-3072 -3072 -256 ) (-3072 -4096 -256 ) (-3072 -4096 960 ) 
4 262 266 (-3072 -4096 -256 ) (-3072 -4096 960 ) (-4096 -4096 960 ) (-4096 -4096 -256 ) 
4 262 264 (-4096 -4096 -256 ) (-4096 -4096 960 ) (-4096 -3072 960 ) (-4096 -3072 -256 ) 
4 263 264 (-4096 -3072 -256 ) (-4096 -3072 960 ) (-4992 -3072 960 ) (-4992 -3072 -256 ) 
4 264 267 (-4096 -4096 -256 ) (-4096 -4096 960 ) (-4992 -4096 960 ) (-4992 -4096 -256 ) 
4 265 266 (-3072 -4096 960 ) (-3072 -4096 -256 ) (-3072 -4928 -256 ) (-3072 -4928 960 ) 
4 266 267 (-4096 -4096 960 ) (-4096 -4096 -256 ) (-4096 -4928 -256 ) (-4096 -4928 960 ) 
