PRT1
238
599
4 0 2 (5888 6144 960 ) (5120 6144 960 ) (5120 6144 -256 ) (5888 6144 -256 ) 
4 0 1 (5120 6144 -256 ) (5120 6144 960 ) (5120 6464 960 ) (5120 6464 -256 ) 
4 1 4 (4096 6144 -256 ) (4096 6144 960 ) (4096 6464 960 ) (4096 6464 -256 ) 
4 1 3 (5120 6144 -256 ) (5120 6144 960 ) (4096 6144 960 ) (4096 6144 -256 ) 
4 2 10 (5888 5120 960 ) (5120 5120 960 ) (5120 5120 -256 ) (5888 5120 -256 ) 
4 2 3 (5120 6144 960 ) (5120 6144 -256 ) (5120 5120 -256 ) (5120 5120 960 ) 
4 3 11 (5120 5120 -256 ) (5120 5120 960 ) (4096 5120 960 ) (4096 5120 -256 ) 
4 3 5 (4096 5120 -256 ) (4096 5120 960 ) (4096 6144 960 ) (4096 6144 -256 ) 
4 4 6 (3072 6144 -256 ) (3072 6144 960 ) (3072 6464 960 ) (3072 6464 -256 ) 
4 4 5 (4096 6144 -256 ) (4096 6144 960 ) (3072 6144 960 ) (3072 6144 -256 ) 
4 5 18 (4096 5120 -256 ) (4096 5120 960 ) (3072 5120 960 ) (3072 5120 -256 ) 
4 5 8 (3072 5120 -256 ) (3072 5120 960 ) (3072 6144 960 ) (3072 6144 -256 ) 
4 6 8 (3072 6144 -256 ) (3072 6144 960 ) (2048 6144 960 ) (2048 6144 -256 ) 
4 6 7 (2048 6144 -256 ) (2048 6144 960 ) (2048 6464 960 ) (2048 6464 -256 ) 
4 7 30 (1024 6144 -256 ) (1024 6144 960 ) (1024 6464 960 ) (1024 6464 -256 ) 
4 7 9 (2048 6144 -256 ) (2048 6144 960 ) (1024 6144 960 ) (1024 6144 -256 ) 
4 8 20 (3072 5120 -256 ) (3072 5120 960 ) (2048 5120 960 ) (2048 5120 -256 ) 
4 8 9 (2048 6144 960 ) (2048 6144 -256 ) (2048 5120 -256 ) (2048 5120 960 ) 
4 9 31 (1024 5120 -256 ) (1024 5120 960 ) (1024 6144 960 ) (1024 6144 -256 ) 
4 9 21 (2048 5120 -256 ) (2048 5120 960 ) (1024 5120 960 ) (1024 5120 -256 ) 
4 10 12 (5888 4096 960 ) (5120 4096 960 ) (5120 4096 -256 ) (5888 4096 -256 ) 
4 10 11 (5120 5120 960 ) (5120 5120 -256 ) (5120 4096 -256 ) (5120 4096 960 ) 
4 11 18 (4096 5120 960 ) (4096 5120 -256 ) (4096 4096 -256 ) (4096 4096 960 ) 
4 11 13 (5120 4096 -256 ) (5120 4096 960 ) (4096 4096 960 ) (4096 4096 -256 ) 
4 12 14 (5888 3072 960 ) (5120 3072 960 ) (5120 3072 -256 ) (5888 3072 -256 ) 
4 12 13 (5120 4096 960 ) (5120 4096 -256 ) (5120 3072 -256 ) (5120 3072 960 ) 
4 13 19 (4096 3072 -256 ) (4096 3072 960 ) (4096 4096 960 ) (4096 4096 -256 ) 
4 13 15 (5120 3072 -256 ) (5120 3072 960 ) (4096 3072 960 ) (4096 3072 -256 ) 
4 14 16 (5888 2048 960 ) (5120 2048 960 ) (5120 2048 -256 ) (5888 2048 -256 ) 
4 14 15 (5120 3072 960 ) (5120 3072 -256 ) (5120 2048 -256 ) (5120 2048 960 ) 
4 15 24 (4096 2048 -256 ) (4096 2048 960 ) (4096 3072 960 ) (4096 3072 -256 ) 
4 15 17 (5120 2048 -256 ) (5120 2048 960 ) (4096 2048 960 ) (4096 2048 -256 ) 
4 16 66 (5888 1024 960 ) (5120 1024 960 ) (5120 1024 -256 ) (5888 1024 -256 ) 
4 16 17 (5120 2048 960 ) (5120 2048 -256 ) (5120 1024 -256 ) (5120 1024 960 ) 
4 17 67 (5120 1024 -256 ) (5120 1024 960 ) (4096 1024 960 ) (4096 1024 -256 ) 
4 17 25 (4096 1024 -256 ) (4096 1024 960 ) (4096 2048 960 ) (4096 2048 -256 ) 
4 18 20 (3072 5120 960 ) (3072 5120 -256 ) (3072 4096 -256 ) (3072 4096 960 ) 
4 18 19 (4096 4096 -256 ) (4096 4096 960 ) (3072 4096 960 ) (3072 4096 -256 ) 
4 19 24 (4096 3072 -256 ) (4096 3072 960 ) (3072 3072 960 ) (3072 3072 -256 ) 
4 19 22 (3072 3072 -256 ) (3072 3072 960 ) (3072 4096 960 ) (3072 4096 -256 ) 
4 20 22 (3072 4096 -256 ) (3072 4096 960 ) (2048 4096 960 ) (2048 4096 -256 ) 
4 20 21 (2048 5120 960 ) (2048 5120 -256 ) (2048 4096 -256 ) (2048 4096 960 ) 
4 21 42 (1024 4096 -256 ) (1024 4096 960 ) (1024 5120 960 ) (1024 5120 -256 ) 
4 21 23 (2048 4096 -256 ) (2048 4096 960 ) (1024 4096 960 ) (1024 4096 -256 ) 
4 22 26 (3072 3072 -256 ) (3072 3072 960 ) (2048 3072 960 ) (2048 3072 -256 ) 
4 22 23 (2048 4096 960 ) (2048 4096 -256 ) (2048 3072 -256 ) (2048 3072 960 ) 
4 23 43 (1024 3072 -256 ) (1024 3072 960 ) (1024 4096 960 ) (1024 4096 -256 ) 
4 23 27 (2048 3072 -256 ) (2048 3072 960 ) (1024 3072 960 ) (1024 3072 -256 ) 
4 24 26 (3072 3072 960 ) (3072 3072 -256 ) (3072 2048 -256 ) (3072 2048 960 ) 
4 24 25 (4096 2048 -256 ) (4096 2048 960 ) (3072 2048 960 ) (3072 2048 -256 ) 
4 25 72 (4096 1024 -256 ) (4096 1024 960 ) (3072 1024 960 ) (3072 1024 -256 ) 
4 25 28 (3072 1024 -256 ) (3072 1024 960 ) (3072 2048 960 ) (3072 2048 -256 ) 
4 26 28 (3072 2048 -256 ) (3072 2048 960 ) (2048 2048 960 ) (2048 2048 -256 ) 
4 26 27 (2048 3072 960 ) (2048 3072 -256 ) (2048 2048 -256 ) (2048 2048 960 ) 
4 27 48 (1024 2048 -256 ) (1024 2048 960 ) (1024 3072 960 ) (1024 3072 -256 ) 
4 27 29 (2048 2048 -256 ) (2048 2048 960 ) (1024 2048 960 ) (1024 2048 -256 ) 
4 28 73 (3072 1024 -256 ) (3072 1024 960 ) (2048 1024 960 ) (2048 1024 -256 ) 
4 28 29 (2048 2048 960 ) (2048 2048 -256 ) (2048 1024 -256 ) (2048 1024 960 ) 
4 29 74 (2048 1024 -256 ) (2048 1024 960 ) (1024 1024 960 ) (1024 1024 -256 ) 
4 29 49 (1024 1024 -256 ) (1024 1024 960 ) (1024 2048 960 ) (1024 2048 -256 ) 
4 30 32 (0 6144 -256 ) (0 6144 960 ) (0 6464 960 ) (0 6464 -256 ) 
4 30 31 (1024 6144 -256 ) (1024 6144 960 ) (0 6144 960 ) (0 6144 -256 ) 
4 31 42 (1024 5120 -256 ) (1024 5120 960 ) (0 5120 960 ) (0 5120 -256 ) 
4 31 34 (0 5120 -256 ) (0 5120 960 ) (0 6144 960 ) (0 6144 -256 ) 
4 32 34 (0 6144 -256 ) (0 6144 960 ) (-1024 6144 960 ) (-1024 6144 -256 ) 
4 32 33 (-1024 6144 -256 ) (-1024 6144 960 ) (-1024 6464 960 ) (-1024 6464 -256 ) 
4 33 36 (-2048 6144 -256 ) (-2048 6144 960 ) (-2048 6464 960 ) (-2048 6464 -256 ) 
4 33 35 (-1024 6144 -256 ) (-1024 6144 960 ) (-2048 6144 960 ) (-2048 6144 -256 ) 
4 34 44 (0 5120 -256 ) (0 5120 960 ) (-1024 5120 960 ) (-1024 5120 -256 ) 
4 34 35 (-1024 6144 960 ) (-1024 6144 -256 ) (-1024 5120 -256 ) (-1024 5120 960 ) 
4 35 45 (-1024 5120 -256 ) (-1024 5120 960 ) (-2048 5120 960 ) (-2048 5120 -256 ) 
4 35 38 (-2048 5120 -256 ) (-2048 5120 960 ) (-2048 6144 960 ) (-2048 6144 -256 ) 
4 36 38 (-2048 6144 -256 ) (-2048 6144 960 ) (-3072 6144 960 ) (-3072 6144 -256 ) 
4 36 37 (-3072 6464 -256 ) (-3072 6144 -256 ) (-3072 6144 960 ) (-3072 6464 960 ) 
4 37 40 (-4096 6144 -256 ) (-4096 6144 960 ) (-4096 6464 960 ) (-4096 6464 -256 ) 
4 37 39 (-4096 6144 960 ) (-4096 6144 -256 ) (-3072 6144 -256 ) (-3072 6144 960 ) 
4 38 54 (-2048 5120 -256 ) (-2048 5120 960 ) (-3072 5120 960 ) (-3072 5120 -256 ) 
4 38 39 (-3072 6144 960 ) (-3072 6144 -256 ) (-3072 5120 -256 ) (-3072 5120 960 ) 
4 39 55 (-3072 5120 -256 ) (-3072 5120 960 ) (-4096 5120 960 ) (-4096 5120 -256 ) 
4 39 41 (-4096 5120 -256 ) (-4096 5120 960 ) (-4096 6144 960 ) (-4096 6144 -256 ) 
4 40 41 (-4096 6144 -256 ) (-4096 6144 960 ) (-4992 6144 960 ) (-4992 6144 -256 ) 
4 41 58 (-4096 5120 -256 ) (-4096 5120 960 ) (-4992 5120 960 ) (-4992 5120 -256 ) 
4 42 44 (0 5120 960 ) (0 5120 -256 ) (0 4096 -256 ) (0 4096 960 ) 
4 42 43 (1024 4096 -256 ) (1024 4096 960 ) (0 4096 960 ) (0 4096 -256 ) 
4 43 48 (1024 3072 -256 ) (1024 3072 960 ) (0 3072 960 ) (0 3072 -256 ) 
4 43 46 (0 3072 -256 ) (0 3072 960 ) (0 4096 960 ) (0 4096 -256 ) 
4 44 46 (0 4096 -256 ) (0 4096 960 ) (-1024 4096 960 ) (-1024 4096 -256 ) 
4 44 45 (-1024 5120 960 ) (-1024 5120 -256 ) (-1024 4096 -256 ) (-1024 4096 960 ) 
4 45 54 (-2048 5120 960 ) (-2048 5120 -256 ) (-2048 4096 -256 ) (-2048 4096 960 ) 
4 45 47 (-1024 4096 -256 ) (-1024 4096 960 ) (-2048 4096 960 ) (-2048 4096 -256 ) 
4 46 50 (0 3072 -256 ) (0 3072 960 ) (-1024 3072 960 ) (-1024 3072 -256 ) 
4 46 47 (-1024 4096 960 ) (-1024 4096 -256 ) (-1024 3072 -256 ) (-1024 3072 960 ) 
4 47 56 (-2048 3072 -256 ) (-2048 3072 960 ) (-2048 4096 960 ) (-2048 4096 -256 ) 
4 47 51 (-1024 3072 -256 ) (-1024 3072 960 ) (-2048 3072 960 ) (-2048 3072 -256 ) 
4 48 50 (0 3072 960 ) (0 3072 -256 ) (0 2048 -256 ) (0 2048 960 ) 
4 48 49 (1024 2048 -256 ) (1024 2048 960 ) (0 2048 960 ) (0 2048 -256 ) 
4 49 102 (1024 1024 -256 ) (1024 1024 0 ) (0 1024 0 ) (0 1024 -256 ) 
4 49 98 (640 1024 704 ) (0 1024 704 ) (0 1024 0 ) (640 1024 0 ) 
4 49 97 (1024 1024 0 ) (1024 1024 704 ) (640 1024 704 ) (640 1024 0 ) 
4 49 96 (1024 1024 704 ) (1024 1024 960 ) (0 1024 960 ) (0 1024 704 ) 
4 49 52 (0 1024 -256 ) (0 1024 960 ) (0 2048 960 ) (0 2048 -256 ) 
4 50 52 (0 2048 -256 ) (0 2048 960 ) (-1024 2048 960 ) (-1024 2048 -256 ) 
4 50 51 (-1024 3072 960 ) (-1024 3072 -256 ) (-1024 2048 -256 ) (-1024 2048 960 ) 
4 51 60 (-2048 2048 -256 ) (-2048 2048 960 ) (-2048 3072 960 ) (-2048 3072 -256 ) 
4 51 53 (-1024 2048 -256 ) (-1024 2048 960 ) (-2048 2048 960 ) (-2048 2048 -256 ) 
4 52 113 (0 1024 -256 ) (0 1024 0 ) (-1024 1024 0 ) (-1024 1024 -256 ) 
4 52 104 (0 1024 0 ) (0 1024 704 ) (-1024 1024 704 ) (-1024 1024 0 ) 
4 52 103 (0 1024 704 ) (0 1024 960 ) (-1024 1024 960 ) (-1024 1024 704 ) 
4 52 53 (-1024 2048 960 ) (-1024 2048 -256 ) (-1024 1024 -256 ) (-1024 1024 960 ) 
4 53 128 (-1024 1024 -256 ) (-1024 1024 0 ) (-2048 1024 0 ) (-2048 1024 -256 ) 
4 53 119 (-1908.630127 1024 704 ) (-2048 1024 704 ) (-2048 1024 0 ) (-1908.630127 1024 0 ) 
4 53 118 (-1024 1024 0 ) (-1024 1024 704 ) (-1908.630127 1024 704 ) (-1908.630127 1024 0 ) 
4 53 115 (-1376 1024 960 ) (-1728 1024 960 ) (-1728 1024 704 ) (-1376 1024 704 ) 
4 53 114 (-1024 1024 704 ) (-1024 1024 960 ) (-1376 1024 960 ) (-1376 1024 704 ) 
4 53 117 (-1728 1024 960 ) (-2048 1024 960 ) (-2048 1024 704 ) (-1728 1024 704 ) 
4 53 62 (-2048 1024 -256 ) (-2048 1024 960 ) (-2048 2048 960 ) (-2048 2048 -256 ) 
4 54 56 (-2048 4096 -256 ) (-2048 4096 960 ) (-3072 4096 960 ) (-3072 4096 -256 ) 
4 54 55 (-3072 5120 960 ) (-3072 5120 -256 ) (-3072 4096 -256 ) (-3072 4096 960 ) 
4 55 58 (-4096 5120 960 ) (-4096 5120 -256 ) (-4096 4096 -256 ) (-4096 4096 960 ) 
4 55 57 (-3072 4096 -256 ) (-3072 4096 960 ) (-4096 4096 960 ) (-4096 4096 -256 ) 
4 56 60 (-2048 3072 -256 ) (-2048 3072 960 ) (-3072 3072 960 ) (-3072 3072 -256 ) 
4 56 57 (-3072 4096 960 ) (-3072 4096 -256 ) (-3072 3072 -256 ) (-3072 3072 960 ) 
4 57 61 (-3072 3072 -256 ) (-3072 3072 960 ) (-4096 3072 960 ) (-4096 3072 -256 ) 
4 57 59 (-4096 3072 -256 ) (-4096 3072 960 ) (-4096 4096 960 ) (-4096 4096 -256 ) 
4 58 59 (-4096 4096 -256 ) (-4096 4096 960 ) (-4992 4096 960 ) (-4992 4096 -256 ) 
4 59 64 (-4096 3072 -256 ) (-4096 3072 960 ) (-4992 3072 960 ) (-4992 3072 -256 ) 
4 60 62 (-2048 2048 -256 ) (-2048 2048 960 ) (-3072 2048 960 ) (-3072 2048 -256 ) 
4 60 61 (-3072 3072 960 ) (-3072 3072 -256 ) (-3072 2048 -256 ) (-3072 2048 960 ) 
4 61 64 (-4096 3072 960 ) (-4096 3072 -256 ) (-4096 2048 -256 ) (-4096 2048 960 ) 
4 61 63 (-3072 2048 -256 ) (-3072 2048 960 ) (-4096 2048 960 ) (-4096 2048 -256 ) 
4 62 200 (-2048 1024 -256 ) (-2048 1024 0 ) (-3072 1024 0 ) (-3072 1024 -256 ) 
4 62 186 (-2048 1024 0 ) (-2048 1024 704 ) (-3072 1024 704 ) (-3072 1024 0 ) 
4 62 185 (-2048 1024 704 ) (-2048 1024 960 ) (-3072 1024 960 ) (-3072 1024 704 ) 
4 62 63 (-3072 2048 960 ) (-3072 2048 -256 ) (-3072 1024 -256 ) (-3072 1024 960 ) 
4 63 201 (-3072 1024 -256 ) (-3072 1024 960 ) (-4096 1024 960 ) (-4096 1024 -256 ) 
4 63 65 (-4096 1024 -256 ) (-4096 1024 960 ) (-4096 2048 960 ) (-4096 2048 -256 ) 
4 64 65 (-4096 2048 -256 ) (-4096 2048 960 ) (-4992 2048 960 ) (-4992 2048 -256 ) 
4 65 217 (-4096 1024 -256 ) (-4096 1024 960 ) (-4992 1024 960 ) (-4992 1024 -256 ) 
4 66 68 (5888 0 960 ) (5120 0 960 ) (5120 0 -256 ) (5888 0 -256 ) 
4 66 67 (5120 0 -256 ) (5120 0 960 ) (5120 1024 960 ) (5120 1024 -256 ) 
4 67 72 (4096 1024 960 ) (4096 1024 -256 ) (4096 0 -256 ) (4096 0 960 ) 
4 67 69 (5120 0 -256 ) (5120 0 960 ) (4096 0 960 ) (4096 0 -256 ) 
4 68 70 (5888 -1024 960 ) (5120 -1024 960 ) (5120 -1024 -256 ) (5888 -1024 -256 ) 
4 68 69 (5120 0 960 ) (5120 0 -256 ) (5120 -1024 -256 ) (5120 -1024 960 ) 
4 69 75 (4096 -1024 -256 ) (4096 -1024 960 ) (4096 0 960 ) (4096 0 -256 ) 
4 69 71 (5120 -1024 -256 ) (5120 -1024 960 ) (4096 -1024 960 ) (4096 -1024 -256 ) 
4 70 81 (5888 -2048 960 ) (5120 -2048 960 ) (5120 -2048 -256 ) (5888 -2048 -256 ) 
4 70 71 (5120 -1024 960 ) (5120 -1024 -256 ) (5120 -2048 -256 ) (5120 -2048 960 ) 
4 71 82 (5120 -2048 -256 ) (5120 -2048 960 ) (4096 -2048 960 ) (4096 -2048 -256 ) 
4 71 76 (4096 -2048 -256 ) (4096 -2048 960 ) (4096 -1024 960 ) (4096 -1024 -256 ) 
4 72 75 (4096 0 -256 ) (4096 0 960 ) (3072 0 960 ) (3072 0 -256 ) 
4 72 73 (3072 1024 960 ) (3072 1024 -256 ) (3072 0 -256 ) (3072 0 960 ) 
4 73 77 (3072 0 -256 ) (3072 0 960 ) (2048 0 960 ) (2048 0 -256 ) 
4 73 74 (2048 0 -256 ) (2048 0 960 ) (2048 1024 960 ) (2048 1024 -256 ) 
4 74 102 (1024 1024 0 ) (1024 1024 -256 ) (1024 0 -256 ) (1024 0 0 ) 
4 74 99 (1024 448 0 ) (1024 0 0 ) (1024 0 960 ) (1024 448 960 ) 
4 74 97 (1024 1024 704 ) (1024 1024 0 ) (1024 448 0 ) (1024 448 704 ) 
4 74 96 (1024 1024 960 ) (1024 1024 704 ) (1024 448 704 ) (1024 448 960 ) 
4 74 78 (2048 0 -256 ) (2048 0 960 ) (1024 0 960 ) (1024 0 -256 ) 
4 75 77 (3072 0 960 ) (3072 0 -256 ) (3072 -1024 -256 ) (3072 -1024 960 ) 
4 75 76 (4096 -1024 -256 ) (4096 -1024 960 ) (3072 -1024 960 ) (3072 -1024 -256 ) 
4 76 87 (4096 -2048 -256 ) (4096 -2048 960 ) (3072 -2048 960 ) (3072 -2048 -256 ) 
4 76 79 (3072 -2048 -256 ) (3072 -2048 960 ) (3072 -1024 960 ) (3072 -1024 -256 ) 
4 77 79 (3072 -1024 -256 ) (3072 -1024 960 ) (2048 -1024 960 ) (2048 -1024 -256 ) 
4 77 78 (2048 0 960 ) (2048 0 -256 ) (2048 -1024 -256 ) (2048 -1024 960 ) 
4 78 164 (1024 -1024 -256 ) (1024 -1024 0 ) (1024 0 0 ) (1024 0 -256 ) 
4 78 160 (1024 -640 704 ) (1024 0 704 ) (1024 0 0 ) (1024 -640 0 ) 
4 78 163 (1024 -1024 0 ) (1024 -1024 704 ) (1024 -640 704 ) (1024 -640 0 ) 
4 78 159 (1024 -1024 704 ) (1024 -1024 960 ) (1024 0 960 ) (1024 0 704 ) 
4 78 80 (2048 -1024 -256 ) (2048 -1024 960 ) (1024 -1024 960 ) (1024 -1024 -256 ) 
4 79 89 (3072 -2048 -256 ) (3072 -2048 960 ) (2048 -2048 960 ) (2048 -2048 -256 ) 
4 79 80 (2048 -1024 960 ) (2048 -1024 -256 ) (2048 -2048 -256 ) (2048 -2048 960 ) 
4 80 165 (1024 -2048 -256 ) (1024 -2048 960 ) (1024 -1024 960 ) (1024 -1024 -256 ) 
4 80 90 (2048 -2048 -256 ) (2048 -2048 960 ) (1024 -2048 960 ) (1024 -2048 -256 ) 
4 81 83 (5888 -3072 960 ) (5120 -3072 960 ) (5120 -3072 -256 ) (5888 -3072 -256 ) 
4 81 82 (5120 -2048 960 ) (5120 -2048 -256 ) (5120 -3072 -256 ) (5120 -3072 960 ) 
4 82 87 (4096 -2048 960 ) (4096 -2048 -256 ) (4096 -3072 -256 ) (4096 -3072 960 ) 
4 82 84 (5120 -3072 -256 ) (5120 -3072 960 ) (4096 -3072 960 ) (4096 -3072 -256 ) 
4 83 85 (5888 -4096 960 ) (5120 -4096 960 ) (5120 -4096 -256 ) (5888 -4096 -256 ) 
4 83 84 (5120 -3072 960 ) (5120 -3072 -256 ) (5120 -4096 -256 ) (5120 -4096 960 ) 
4 84 88 (4096 -4096 -256 ) (4096 -4096 960 ) (4096 -3072 960 ) (4096 -3072 -256 ) 
4 84 86 (5120 -4096 -256 ) (5120 -4096 960 ) (4096 -4096 960 ) (4096 -4096 -256 ) 
4 85 86 (5120 -4096 960 ) (5120 -4096 -256 ) (5120 -4928 -256 ) (5120 -4928 960 ) 
4 86 93 (4096 -4928 960 ) (4096 -4096 960 ) (4096 -4096 -256 ) (4096 -4928 -256 ) 
4 87 89 (3072 -2048 960 ) (3072 -2048 -256 ) (3072 -3072 -256 ) (3072 -3072 960 ) 
4 87 88 (4096 -3072 -256 ) (4096 -3072 960 ) (3072 -3072 960 ) (3072 -3072 -256 ) 
4 88 93 (4096 -4096 -256 ) (4096 -4096 960 ) (3072 -4096 960 ) (3072 -4096 -256 ) 
4 88 91 (3072 -4096 -256 ) (3072 -4096 960 ) (3072 -3072 960 ) (3072 -3072 -256 ) 
4 89 91 (3072 -3072 -256 ) (3072 -3072 960 ) (2048 -3072 960 ) (2048 -3072 -256 ) 
4 89 90 (2048 -2048 960 ) (2048 -2048 -256 ) (2048 -3072 -256 ) (2048 -3072 960 ) 
4 90 220 (1024 -3072 -256 ) (1024 -3072 960 ) (1024 -2048 960 ) (1024 -2048 -256 ) 
4 90 92 (2048 -3072 -256 ) (2048 -3072 960 ) (1024 -3072 960 ) (1024 -3072 -256 ) 
4 91 94 (3072 -4096 -256 ) (3072 -4096 960 ) (2048 -4096 960 ) (2048 -4096 -256 ) 
4 91 92 (2048 -3072 960 ) (2048 -3072 -256 ) (2048 -4096 -256 ) (2048 -4096 960 ) 
4 92 221 (1024 -4096 -256 ) (1024 -4096 960 ) (1024 -3072 960 ) (1024 -3072 -256 ) 
4 92 95 (2048 -4096 -256 ) (2048 -4096 960 ) (1024 -4096 960 ) (1024 -4096 -256 ) 
4 93 94 (3072 -4096 960 ) (3072 -4096 -256 ) (3072 -4928 -256 ) (3072 -4928 960 ) 
4 94 95 (2048 -4096 960 ) (2048 -4096 -256 ) (2048 -4928 -256 ) (2048 -4928 960 ) 
4 95 226 (1024 -4928 960 ) (1024 -4096 960 ) (1024 -4096 -256 ) (1024 -4928 -256 ) 
4 96 103 (0 1024 960 ) (0 1024 704 ) (0 448 704 ) (0 448 960 ) 
4 96 101 (0 448 960 ) (0 448 704 ) (384 448 704 ) (384 448 960 ) 
4 96 100 (384 448 704 ) (768 448 704 ) (768 448 960 ) (384 448 960 ) 
4 96 99 (768 448 704 ) (1024 448 704 ) (1024 448 960 ) (768 448 960 ) 
4 96 98 (0 704 704 ) (0 1024 704 ) (640 1024 704 ) (640 704 704 ) 
4 96 97 (1024 448 704 ) (640 448 704 ) (640 1024 704 ) (1024 1024 704 ) 
4 97 102 (640 1024 0 ) (1024 1024 0 ) (1024 448 0 ) (640 448 0 ) 
4 97 99 (768 448 0 ) (1024 448 0 ) (1024 448 704 ) (768 448 704 ) 
4 97 98 (640 1024 0 ) (640 704 0 ) (640 704 704 ) (640 1024 704 ) 
4 98 104 (0 1024 704 ) (0 1024 0 ) (0 704 0 ) (0 704 704 ) 
4 98 102 (0 704 0 ) (0 1024 0 ) (640 1024 0 ) (640 704 0 ) 
4 99 160 (1024 0 0 ) (1024 0 704 ) (768 0 704 ) (768 0 0 ) 
4 99 159 (1024 0 704 ) (1024 0 960 ) (768 0 960 ) (768 0 704 ) 
4 99 102 (1024 0 0 ) (768 0 0 ) (768 448 0 ) (1024 448 0 ) 
4 99 100 (768 0 960 ) (768 448 960 ) (768 448 704 ) (768 0 704 ) 
4 100 159 (768 0 960 ) (384 0 960 ) (384 0 704 ) (768 0 704 ) 
4 100 101 (384 448 960 ) (384 448 704 ) (384 0 704 ) (384 0 960 ) 
4 101 162 (0 0 704 ) (0 0 128 ) (384 0 128 ) (384 0 704 ) 
4 101 159 (0 0 960 ) (0 0 704 ) (384 0 704 ) (384 0 960 ) 
4 101 110 (0 0 128 ) (0 0 320 ) (0 448 320 ) (0 448 128 ) 
4 101 105 (0 0 320 ) (0 0 960 ) (0 448 960 ) (0 448 320 ) 
4 102 164 (1024 0 -256 ) (1024 0 0 ) (0 0 0 ) (0 0 -256 ) 
4 102 113 (0 1024 0 ) (0 1024 -256 ) (0 0 -256 ) (0 0 0 ) 
4 103 129 (-1024 512 704 ) (-1024 448 704 ) (-1024 448 960 ) (-1024 512 960 ) 
4 103 114 (-1024 1024 960 ) (-1024 1024 704 ) (-1024 512 704 ) (-1024 512 960 ) 
4 103 107 (-992 448 704 ) (-672 448 704 ) (-672 448 960 ) (-992 448 960 ) 
4 103 109 (-1024 448 960 ) (-1024 448 704 ) (-992 448 704 ) (-992 448 960 ) 
4 103 105 (-672 448 704 ) (0 448 704 ) (0 448 960 ) (-672 448 960 ) 
4 103 104 (-1024 704 704 ) (-1024 1024 704 ) (0 1024 704 ) (0 704 704 ) 
4 104 120 (-1024 736 0 ) (-1024 704 0 ) (-1024 704 704 ) (-1024 736 704 ) 
4 104 118 (-1024 1024 704 ) (-1024 1024 0 ) (-1024 736 0 ) (-1024 736 704 ) 
4 104 113 (-1024 704 0 ) (-1024 1024 0 ) (0 1024 0 ) (0 704 0 ) 
5 105 166 (0 0 320 ) (0 0 960 ) (-672 0 960 ) (-672 0 474.666687 ) (-605.714294 0 320 ) 
4 105 112 (-128 0 320 ) (-512 0 320 ) (-512 32 320 ) (-128 32 320 ) 
4 105 111 (-512 32 320 ) (-512 448 320 ) (-128 448 320 ) (-128 32 320 ) 
4 105 110 (0 0 320 ) (-128 0 320 ) (-128 448 320 ) (0 448 320 ) 
5 105 108 (-672 55.040031 456.320007 ) (-672 0 474.666687 ) (-672 0 960 ) (-672 96 960 ) (-672 96 464 ) 
4 105 107 (-672 448 960 ) (-672 448 325.333313 ) (-672 96 442.666687 ) (-672 96 960 ) 
5 105 106 (-672 0 474.666504 ) (-672 448 325.333130 ) (-669.714417 448 320 ) (-613.336914 53.357391 320 ) (-610.002075 0 330.004517 ) 
3 106 168 (-672 0 474.666687 ) (-672 0 338.861328 ) (-610.001953 0 330.004486 ) 
3 106 108 (-672 0 446 ) (-672 0 474.666687 ) (-672 55.040031 456.320007 ) 
5 106 107 (-672 448 325.333313 ) (-672 448 320 ) (-672 96.021423 320 ) (-672 96 320.004211 ) (-672 96 442.666687 ) 
4 107 108 (-992 96 960 ) (-992 96 480 ) (-672 96 464 ) (-672 96 960 ) 
4 107 109 (-992 448 320 ) (-992 96 320 ) (-992 96 960 ) (-992 448 960 ) 
4 108 169 (-672 0 446 ) (-672 0 960 ) (-992 0 960 ) (-992 0 462 ) 
4 108 109 (-992 0 462 ) (-992 0 960 ) (-992 96 960 ) (-992 96 480 ) 
4 109 171 (-1024 0 960 ) (-1024 0 320 ) (-992 0 320 ) (-992 0 960 ) 
4 109 130 (-1024 0 320 ) (-1024 0 704 ) (-1024 448 704 ) (-1024 448 320 ) 
4 109 129 (-1024 0 704 ) (-1024 0 960 ) (-1024 448 960 ) (-1024 448 704 ) 
4 110 172 (0 0 128 ) (0 0 320 ) (-128 0 320 ) (-128 0 128 ) 
4 110 112 (-128 0 264.055756 ) (-128 0 320 ) (-128 32 320 ) (-128 32 261.817993 ) 
4 110 111 (-128 448 128 ) (-128 32 128 ) (-128 32 320 ) (-128 448 320 ) 
4 111 112 (-512 32 320 ) (-462.769043 32 287.179352 ) (-128 32 261.817993 ) (-128 32 320 ) 
4 112 173 (-128 0 320 ) (-512 0 320 ) (-466.556030 0 289.704041 ) (-128 0 264.055756 ) 
4 113 178 (0 0 -256 ) (0 0 0 ) (-1024 0 0 ) (-1024 0 -256 ) 
4 113 131 (-1024 0 -256 ) (-1024 0 0 ) (-1024 512 0 ) (-1024 512 -256 ) 
4 113 128 (-1024 512 0 ) (-1024 1024 0 ) (-1024 1024 -256 ) (-1024 512 -256 ) 
4 114 150 (-1376 512 704 ) (-1296 512 704 ) (-1296 512 960 ) (-1376 512 960 ) 
4 114 132 (-1296 512 704 ) (-1152 512 704 ) (-1152 512 960 ) (-1296 512 960 ) 
4 114 129 (-1152 512 704 ) (-1024 512 704 ) (-1024 512 960 ) (-1152 512 960 ) 
4 114 121 (-1376 704 704 ) (-1376 736 704 ) (-1152 736 704 ) (-1152 704 704 ) 
4 114 120 (-1152 736 704 ) (-1024 736 704 ) (-1024 704 704 ) (-1152 704 704 ) 
4 114 118 (-1376 736 704 ) (-1376 1024 704 ) (-1024 1024 704 ) (-1024 736 704 ) 
4 114 116 (-1376 512 704 ) (-1376 512 960 ) (-1376 704 960 ) (-1376 704 800 ) 
4 114 115 (-1376 1024 704 ) (-1376 704 704 ) (-1376 704 960 ) (-1376 1024 960 ) 
4 115 125 (-1728 704 704 ) (-1728 736 704 ) (-1696 736 704 ) (-1696 704 704 ) 
4 115 122 (-1408 736 704 ) (-1376 736 704 ) (-1376 704 704 ) (-1408 704 704 ) 
4 115 118 (-1728 736 704 ) (-1728 1024 704 ) (-1376 1024 704 ) (-1376 736 704 ) 
4 115 116 (-1728 704 960 ) (-1728 704 800 ) (-1376 704 800 ) (-1376 704 960 ) 
4 115 117 (-1728 1024 704 ) (-1728 704 704 ) (-1728 704 960 ) (-1728 1024 960 ) 
4 116 150 (-1728 512 704 ) (-1376 512 704 ) (-1376 512 960 ) (-1728 512 960 ) 
4 116 117 (-1728 512 704 ) (-1728 512 960 ) (-1728 704 960 ) (-1728 704 800 ) 
4 117 185 (-2048 1024 960 ) (-2048 1024 704 ) (-2048 512 704 ) (-2048 512 960 ) 
4 117 150 (-2048 512 960 ) (-2048 512 704 ) (-1728 512 704 ) (-1728 512 960 ) 
4 117 127 (-1908 512 704 ) (-1908.630127 512 704 ) (-1908.630127 736 704 ) (-1908 736 704 ) 
4 117 126 (-1908 704 704 ) (-1908 736 704 ) (-1728 736 704 ) (-1728 704 704 ) 
4 117 119 (-2048 744 704 ) (-2048 1024 704 ) (-1908.630127 1024 704 ) (-1908.630127 744 704 ) 
4 117 118 (-1908.630127 1024 704 ) (-1728 1024 704 ) (-1728 736 704 ) (-1908.630127 736 704 ) 
4 118 128 (-1908.630127 1024 0 ) (-1024 1024 0 ) (-1024 736 0 ) (-1908.630127 736 0 ) 
4 118 127 (-1908.630127 736 0 ) (-1908 736 0 ) (-1908 736 704 ) (-1908.630127 736 704 ) 
4 118 126 (-1908 736 0 ) (-1728 736 0 ) (-1728 736 704 ) (-1908 736 704 ) 
4 118 125 (-1728 736 0 ) (-1696 736 0 ) (-1696 736 704 ) (-1728 736 704 ) 
4 118 124 (-1696 736 0 ) (-1408 736 0 ) (-1408 736 480 ) (-1696 736 480 ) 
4 118 121 (-1376 736 0 ) (-1152 736 0 ) (-1152 736 704 ) (-1376 736 704 ) 
4 118 122 (-1408 736 0 ) (-1376 736 0 ) (-1376 736 704 ) (-1408 736 704 ) 
4 118 120 (-1152 736 0 ) (-1024 736 0 ) (-1024 736 704 ) (-1152 736 704 ) 
4 118 119 (-1908.630127 1024 0 ) (-1908.630127 744 0 ) (-1908.630127 744 704 ) (-1908.630127 1024 704 ) 
4 119 186 (-2048 1024 704 ) (-2048 1024 0 ) (-2048 744 0 ) (-2048 744 704 ) 
4 119 128 (-2048 744 0 ) (-2048 1024 0 ) (-1908.630127 1024 0 ) (-1908.630127 744 0 ) 
4 120 128 (-1152 736 0 ) (-1024 736 0 ) (-1024 704 0 ) (-1152 704 0 ) 
4 120 121 (-1152 736 704 ) (-1152 736 0 ) (-1152 704 0 ) (-1152 704 704 ) 
4 121 128 (-1376 736 0 ) (-1152 736 0 ) (-1152 704 0 ) (-1376 704 0 ) 
4 121 122 (-1376 736 704 ) (-1376 736 0 ) (-1376 704 0 ) (-1376 704 704 ) 
4 122 128 (-1408 736 0 ) (-1376 736 0 ) (-1376 513 0 ) (-1408 513 0 ) 
4 122 124 (-1408 736 480 ) (-1408 736 0 ) (-1408 513 0 ) (-1408 513 480 ) 
4 124 128 (-1696 513 0 ) (-1696 736 0 ) (-1408 736 0 ) (-1408 513 0 ) 
4 124 125 (-1696 736 480 ) (-1696 736 0 ) (-1696 513 0 ) (-1696 513 480 ) 
4 125 128 (-1728 513 0 ) (-1728 736 0 ) (-1696 736 0 ) (-1696 513 0 ) 
4 125 126 (-1728 736 704 ) (-1728 736 0 ) (-1728 704 0 ) (-1728 704 704 ) 
4 126 128 (-1908 704 0 ) (-1908 736 0 ) (-1728 736 0 ) (-1728 704 0 ) 
4 126 127 (-1908 736 704 ) (-1908 736 0 ) (-1908 704 0 ) (-1908 704 704 ) 
4 127 155 (-1908 512 320 ) (-1908 512 321 ) (-1908.630127 512 321 ) (-1908.630127 512 320 ) 
4 127 153 (-1908 512 321 ) (-1908 512 704 ) (-1908.630127 512 704 ) (-1908.630127 512 321 ) 
4 127 128 (-1908 512 0 ) (-1908.630127 512 0 ) (-1908.630127 736 0 ) (-1908 736 0 ) 
4 128 200 (-2048 1024 0 ) (-2048 1024 -256 ) (-2048 512 -256 ) (-2048 512 0 ) 
4 128 158 (-2048 512 0 ) (-2048 512 -256 ) (-1296 512 -256 ) (-1296 512 0 ) 
4 128 149 (-1296 512 -256 ) (-1152 512 -256 ) (-1152 512 0 ) (-1296 512 0 ) 
4 128 131 (-1152 512 -256 ) (-1024 512 -256 ) (-1024 512 0 ) (-1152 512 0 ) 
4 129 179 (-1024 0 704 ) (-1024 0 960 ) (-1152 0 960 ) (-1152 0 704 ) 
4 129 132 (-1152 512 960 ) (-1152 512 704 ) (-1152 480 704 ) (-1152 480 960 ) 
4 129 133 (-1152 480 704 ) (-1152 0 704 ) (-1152 0 960 ) (-1152 480 960 ) 
4 129 130 (-1152 0 704 ) (-1152 448 704 ) (-1024 448 704 ) (-1024 0 704 ) 
4 130 179 (-1024 0 320 ) (-1024 0 704 ) (-1152 0 704 ) (-1152 0 320 ) 
4 130 148 (-1152 0 320 ) (-1152 0 336 ) (-1152 304 336 ) (-1152 304 320 ) 
4 130 146 (-1152 0 336 ) (-1152 0 352 ) (-1152 320 352 ) (-1152 320 336 ) 
4 130 144 (-1152 0 352 ) (-1152 0 368 ) (-1152 336 368 ) (-1152 336 352 ) 
4 130 142 (-1152 0 368 ) (-1152 0 384 ) (-1152 352 384 ) (-1152 352 368 ) 
4 130 140 (-1152 0 384 ) (-1152 0 400 ) (-1152 368 400 ) (-1152 368 384 ) 
4 130 139 (-1152 0 400 ) (-1152 0 416 ) (-1152 384 416 ) (-1152 384 400 ) 
4 130 138 (-1152 0 416 ) (-1152 0 432 ) (-1152 400 432 ) (-1152 400 416 ) 
4 130 137 (-1152 0 432 ) (-1152 0 448 ) (-1152 416 448 ) (-1152 416 432 ) 
4 130 136 (-1152 0 448 ) (-1152 0 464 ) (-1152 432 464 ) (-1152 432 448 ) 
4 130 135 (-1152 0 464 ) (-1152 0 480 ) (-1152 448 480 ) (-1152 448 464 ) 
4 130 134 (-1152 0 480 ) (-1152 0 496 ) (-1152 448 496 ) (-1152 448 480 ) 
4 130 133 (-1152 0 496 ) (-1152 0 704 ) (-1152 448 704 ) (-1152 448 496 ) 
4 131 182 (-1024 0 -256 ) (-1024 0 0 ) (-1152 0 0 ) (-1152 0 -256 ) 
4 131 149 (-1152 512 0 ) (-1152 512 -256 ) (-1152 0 -256 ) (-1152 0 0 ) 
4 132 151 (-1296 512 704 ) (-1296 512 512 ) (-1296 480 512 ) (-1296 480 704 ) 
4 132 150 (-1296 512 960 ) (-1296 512 704 ) (-1296 480 704 ) (-1296 480 960 ) 
4 132 133 (-1152 480 512 ) (-1152 480 960 ) (-1296 480 960 ) (-1296 480 512 ) 
4 133 179 (-1152 0 496 ) (-1152 0 960 ) (-1296 0 960 ) (-1296 0 496 ) 
4 133 157 (-1296 360 496 ) (-1296 0 496 ) (-1296 0 704 ) (-1296 360 704 ) 
4 133 151 (-1296 368 510.986023 ) (-1296 368 704 ) (-1296 480 704 ) (-1296 480 510.986023 ) 
4 133 154 (-1296 368 496 ) (-1296 360 496 ) (-1296 360 704 ) (-1296 368 704 ) 
4 133 150 (-1296 0 704 ) (-1296 0 960 ) (-1296 480 960 ) (-1296 480 704 ) 
4 133 134 (-1296 0 496 ) (-1296 464 496 ) (-1152 464 496 ) (-1152 0 496 ) 
4 134 179 (-1152 0 480 ) (-1152 0 496 ) (-1296 0 496 ) (-1296 0 480 ) 
4 134 157 (-1296 360 480 ) (-1296 0 480 ) (-1296 0 496 ) (-1296 360 496 ) 
4 134 154 (-1296 368 480 ) (-1296 360 480 ) (-1296 360 496 ) (-1296 368 496 ) 
4 134 135 (-1296 0 480 ) (-1296 448 480 ) (-1152 448 480 ) (-1152 0 480 ) 
4 135 179 (-1152 0 464 ) (-1152 0 480 ) (-1296 0 480 ) (-1296 0 464 ) 
4 135 157 (-1296 360 464 ) (-1296 0 464 ) (-1296 0 480 ) (-1296 360 480 ) 
4 135 154 (-1296 368 464 ) (-1296 360 464 ) (-1296 360 480 ) (-1296 368 480 ) 
4 135 136 (-1296 0 464 ) (-1296 432 464 ) (-1152 432 464 ) (-1152 0 464 ) 
4 136 179 (-1152 0 448 ) (-1152 0 464 ) (-1296 0 464 ) (-1296 0 448 ) 
4 136 157 (-1296 360 448 ) (-1296 0 448 ) (-1296 0 464 ) (-1296 360 464 ) 
4 136 154 (-1296 368 448 ) (-1296 360 448 ) (-1296 360 464 ) (-1296 368 464 ) 
4 136 137 (-1296 0 448 ) (-1296 416 448 ) (-1152 416 448 ) (-1152 0 448 ) 
4 137 179 (-1152 0 432 ) (-1152 0 448 ) (-1296 0 448 ) (-1296 0 432 ) 
4 137 157 (-1296 360 432 ) (-1296 0 432 ) (-1296 0 448 ) (-1296 360 448 ) 
4 137 154 (-1296 368 432 ) (-1296 360 432 ) (-1296 360 448 ) (-1296 368 448 ) 
4 137 138 (-1296 0 432 ) (-1296 400 432 ) (-1152 400 432 ) (-1152 0 432 ) 
4 138 179 (-1152 0 416 ) (-1152 0 432 ) (-1296 0 432 ) (-1296 0 416 ) 
4 138 157 (-1296 360 416 ) (-1296 0 416 ) (-1296 0 432 ) (-1296 360 432 ) 
4 138 154 (-1296 368 416 ) (-1296 360 416 ) (-1296 360 432 ) (-1296 368 432 ) 
4 138 139 (-1296 0 416 ) (-1296 384 416 ) (-1152 384 416 ) (-1152 0 416 ) 
4 139 179 (-1152 0 400 ) (-1152 0 416 ) (-1296 0 416 ) (-1296 0 400 ) 
4 139 157 (-1296 360 400 ) (-1296 0 400 ) (-1296 0 416 ) (-1296 360 416 ) 
4 139 154 (-1296 368 400 ) (-1296 360 400 ) (-1296 360 416 ) (-1296 368 416 ) 
4 139 140 (-1296 0 400 ) (-1296 368 400 ) (-1152 368 400 ) (-1152 0 400 ) 
4 140 179 (-1152 0 384 ) (-1152 0 400 ) (-1296 0 400 ) (-1296 0 384 ) 
4 140 157 (-1296 360 384 ) (-1296 2.818451 384 ) (-1296 0.044066 400 ) (-1296 360 400 ) 
4 140 156 (-1296 2.818451 384 ) (-1296 0 384 ) (-1296 0 400 ) (-1296 0.044066 400 ) 
4 140 154 (-1296 368 384 ) (-1296 360 384 ) (-1296 360 400 ) (-1296 368 400 ) 
4 140 142 (-1296 0 384 ) (-1296 352 384 ) (-1152 352 384 ) (-1152 0 384 ) 
4 141 143 (-1296 504 368 ) (-1296 512 368 ) (-1152 512 368 ) (-1152 504 368 ) 
4 142 179 (-1152 0 368 ) (-1152 0 384 ) (-1296 0 384 ) (-1296 0 368 ) 
4 142 157 (-1296 352 368 ) (-1296 5.592896 368 ) (-1296 2.818473 384 ) (-1296 352 384 ) 
4 142 156 (-1296 5.592896 368 ) (-1296 0 368 ) (-1296 0 384 ) (-1296 2.818473 384 ) 
4 142 144 (-1296 0 368 ) (-1296 336 368 ) (-1152 336 368 ) (-1152 0 368 ) 
4 143 145 (-1296 504 352 ) (-1296 512 352 ) (-1152 512 352 ) (-1152 504 352 ) 
4 144 179 (-1152 0 352 ) (-1152 0 368 ) (-1296 0 368 ) (-1296 0 352 ) 
4 144 157 (-1296 336 352 ) (-1296 8.367279 352 ) (-1296 5.592879 368 ) (-1296 336 368 ) 
4 144 156 (-1296 8.367279 352 ) (-1296 0 352 ) (-1296 0 368 ) (-1296 5.592879 368 ) 
4 144 146 (-1296 0 352 ) (-1296 320 352 ) (-1152 320 352 ) (-1152 0 352 ) 
4 145 147 (-1296 504 336 ) (-1296 512 336 ) (-1152 512 336 ) (-1152 504 336 ) 
4 146 179 (-1152 0 336 ) (-1152 0 352 ) (-1296 0 352 ) (-1296 0 336 ) 
4 146 157 (-1296 320 336 ) (-1296 11.141693 336 ) (-1296 8.367286 352 ) (-1296 320 352 ) 
4 146 156 (-1296 11.141693 336 ) (-1296 0 336 ) (-1296 0 352 ) (-1296 8.367286 352 ) 
4 146 148 (-1296 0 336 ) (-1296 304 336 ) (-1152 304 336 ) (-1152 0 336 ) 
4 147 155 (-1296 512 321 ) (-1296 512 320 ) (-1296 504 320 ) (-1296 504 321 ) 
4 148 179 (-1152 0 320 ) (-1152 0 336 ) (-1296 0 336 ) (-1296 0 320 ) 
4 148 157 (-1296 304 320 ) (-1296 13.916077 320 ) (-1296 11.141685 336 ) (-1296 304 336 ) 
4 148 156 (-1296 13.916077 320 ) (-1296 0 320 ) (-1296 0 336 ) (-1296 11.141685 336 ) 
4 149 182 (-1152 0 -256 ) (-1152 0 0 ) (-1296 0 0 ) (-1296 0 -256 ) 
4 149 158 (-1296 512 0 ) (-1296 512 -256 ) (-1296 0 -256 ) (-1296 0 0 ) 
4 150 185 (-2048 0 704 ) (-2048 0 960 ) (-2048 512 960 ) (-2048 512 704 ) 
4 150 179 (-1296 0 704 ) (-1296 0 960 ) (-2048 0 960 ) (-2048 0 704 ) 
5 150 157 (-1296 360 704 ) (-1296 0 704 ) (-1693.548340 0 704 ) (-2048 46.959915 704 ) (-2048 360 704 ) 
3 150 156 (-1693.548340 0 704 ) (-2048 0 704 ) (-2048 46.959915 704 ) 
4 150 151 (-1728 512 704 ) (-1296 512 704 ) (-1296 368 704 ) (-1728 368 704 ) 
4 150 153 (-1908.630127 512 704 ) (-1728 512 704 ) (-1728 368 704 ) (-1908.630127 368 704 ) 
4 150 154 (-1296 368 704 ) (-1296 360 704 ) (-1908.630127 360 704 ) (-1908.630127 368 704 ) 
4 151 153 (-1728 368 510.986023 ) (-1728 368 704 ) (-1728 512 704 ) (-1728 512 510.986023 ) 
4 151 154 (-1296 368 510.986023 ) (-1296 368 704 ) (-1728 368 704 ) (-1728 368 510.986023 ) 
4 152 155 (-1728 512 321 ) (-1336 512 321 ) (-1336 368 321 ) (-1728 368 321 ) 
4 152 153 (-1728 512 321 ) (-1728 368 321 ) (-1728 368 447.986023 ) (-1728 512 447.986023 ) 
4 152 154 (-1728 368 321 ) (-1336 368 321 ) (-1336 368 447.986023 ) (-1728 368 447.986023 ) 
4 153 155 (-1908.630127 368 321 ) (-1908.630127 512 321 ) (-1728 512 321 ) (-1728 368 321 ) 
4 153 154 (-1908.630127 368 704 ) (-1908.630127 368 321 ) (-1728 368 321 ) (-1728 368 704 ) 
5 154 157 (-1296 360 321 ) (-1296 360 704 ) (-1908.630127 360 704 ) (-1908.630127 360 327.282379 ) (-1888.645996 360 321 ) 
4 154 155 (-1296 360 321 ) (-1908.630127 360 321 ) (-1908.630127 368 321 ) (-1296 368 321 ) 
4 155 157 (-1296 360 320 ) (-1296 360 321 ) (-1888.645996 360 321 ) (-1885.465088 360 320 ) 
4 156 192 (-2048 0 320 ) (-2048 0 576 ) (-2048 69.155151 576 ) (-2048 113.545609 320 ) 
4 156 190 (-2048 0 576 ) (-2048 0 704 ) (-2048 46.959915 704 ) (-2048 69.155151 576 ) 
5 156 179 (-1296 0 320 ) (-1296 0 400.254150 ) (-1693.548340 0 704 ) (-2048 0 704 ) (-2048 0 320 ) 
6 156 157 (-1296 13.917969 320 ) (-1925.278320 97.288696 320 ) (-2048 106.779488 359.032043 ) (-2048 46.962189 704 ) (-1693.531250 0 704 ) (-1296 0 400.265442 ) 
4 157 193 (-2048 360 576 ) (-2048 360 371.095947 ) (-2048 106.777466 359.031921 ) (-2048 69.155151 576 ) 
4 157 190 (-2048 46.959915 704 ) (-2048 360 704 ) (-2048 360 576 ) (-2048 69.155151 576 ) 
3 157 179 (-1296 0 400.254150 ) (-1296 0 704 ) (-1693.548340 0 704 ) 
4 158 200 (-2048 0 -256 ) (-2048 0 0 ) (-2048 512 0 ) (-2048 512 -256 ) 
4 158 182 (-1296 0 -256 ) (-1296 0 0 ) (-2048 0 0 ) (-2048 0 -256 ) 
4 159 176 (0 -354.564026 704 ) (0 -1024 704 ) (0 -1024 960 ) (0 -354.564026 960 ) 
4 159 166 (0 0 960 ) (0 0 704 ) (0 -354.564026 704 ) (0 -354.564026 960 ) 
4 159 165 (1024 -1024 704 ) (1024 -1024 960 ) (0 -1024 960 ) (0 -1024 704 ) 
4 159 162 (0 -354.564026 704 ) (0 0 704 ) (384 0 704 ) (384 -354.564026 704 ) 
4 159 161 (768 -448 704 ) (768 -640 704 ) (512 -640 704 ) (512 -448 704 ) 
4 159 160 (768 0 704 ) (1024 0 704 ) (1024 -640 704 ) (768 -640 704 ) 
4 159 163 (1024 -1024 704 ) (0 -1024 704 ) (0 -640 704 ) (1024 -640 704 ) 
4 160 164 (768 0 0 ) (1024 0 0 ) (1024 -640 0 ) (768 -640 0 ) 
4 160 161 (768 -448 0 ) (768 -640 0 ) (768 -640 704 ) (768 -448 704 ) 
4 160 163 (768 -640 0 ) (1024 -640 0 ) (1024 -640 704 ) (768 -640 704 ) 
4 161 164 (768 -448 0 ) (768 -640 0 ) (512 -640 0 ) (512 -448 0 ) 
4 161 163 (512 -640 0 ) (768 -640 0 ) (768 -640 704 ) (512 -640 704 ) 
4 162 172 (0 0 320 ) (0 0 128 ) (0 -354.564026 128 ) (0 -354.564026 320 ) 
4 162 166 (0 0 704 ) (0 0 320 ) (0 -354.564026 320 ) (0 -354.564026 704 ) 
4 163 177 (0 -640 0 ) (0 -1024 0 ) (0 -1024 704 ) (0 -640 704 ) 
4 163 165 (1024 -1024 0 ) (1024 -1024 704 ) (0 -1024 704 ) (0 -1024 0 ) 
4 163 164 (0 -1024 0 ) (0 -640 0 ) (1024 -640 0 ) (1024 -1024 0 ) 
4 164 178 (0 0 0 ) (0 0 -256 ) (0 -1024 -256 ) (0 -1024 0 ) 
4 164 165 (1024 -1024 -256 ) (1024 -1024 0 ) (0 -1024 0 ) (0 -1024 -256 ) 
4 165 220 (1024 -2048 -256 ) (1024 -2048 960 ) (0 -2048 960 ) (0 -2048 -256 ) 
4 165 183 (0 -2048 -256 ) (0 -2048 960 ) (0 -1024 960 ) (0 -1024 -256 ) 
4 166 176 (0 -354.564026 704 ) (0 -354.564026 960 ) (-672 -354.564026 960 ) (-672 -354.564026 704 ) 
4 166 175 (-128 -354.564026 320 ) (-512 -354.564026 320 ) (-512 -208 320 ) (-128 -208 320 ) 
4 166 174 (-512 -208 320 ) (-512 -64 320 ) (-128 -64 320 ) (-128 -208 320 ) 
4 166 173 (-512 -64 320 ) (-512 0 320 ) (-128 0 320 ) (-128 -64 320 ) 
4 166 172 (0 -354.564026 320 ) (-128 -354.564026 320 ) (-128 0 320 ) (0 0 320 ) 
4 166 169 (-672 0 960 ) (-672 0 474.666687 ) (-672 -160 528 ) (-672 -160 960 ) 
4 166 170 (-672 -160 528 ) (-672 -354.564026 592.854675 ) (-672 -354.564026 960 ) (-672 -160 960 ) 
4 166 168 (-672 -48.721802 490.907043 ) (-672 0 474.666443 ) (-610.002014 0 330.004456 ) (-600.002197 -159.996719 360.003876 ) 
4 166 167 (-672 -354.564026 592.854492 ) (-672 -48.721802 490.907043 ) (-578 -194.002228 320 ) (-555.062378 -354.564026 320 ) 
4 167 169 (-672 -160 528 ) (-672 -48.721619 490.907227 ) (-672 -122.100998 423.106079 ) (-672 -160 416 ) 
5 167 170 (-672 -233.690002 320 ) (-672 -354.564026 320 ) (-672 -354.564026 592.854675 ) (-672 -160 528 ) (-672 -160 388.088135 ) 
3 167 168 (-672 -175.888840 373.410950 ) (-672 -48.725281 490.905151 ) (-600.003540 -159.998169 360.004364 ) 
4 168 169 (-672 0 474.666687 ) (-672 0 446 ) (-672 -122.100998 423.106079 ) (-672 -48.721619 490.907227 ) 
3 168 170 (-672 -160 370.289917 ) (-672 -175.885468 373.410278 ) (-672 -160 388.088135 ) 
4 169 170 (-992 -160 960 ) (-992 -160 432 ) (-672 -160 416 ) (-672 -160 960 ) 
4 169 171 (-992 -160 432 ) (-992 -160 960 ) (-992 0 960 ) (-992 0 462 ) 
4 170 176 (-672 -354.564026 704 ) (-672 -354.564026 960 ) (-992 -354.564026 960 ) (-992 -354.564026 704 ) 
4 170 171 (-992 -160 320 ) (-992 -354.564026 320 ) (-992 -354.564026 960 ) (-992 -160 960 ) 
4 171 179 (-1024 0 960 ) (-1024 0 320 ) (-1024 -354.564026 320 ) (-1024 -354.564026 960 ) 
4 171 176 (-1024 -354.564026 960 ) (-1024 -354.564026 704 ) (-992 -354.564026 704 ) (-992 -354.564026 960 ) 
4 172 175 (-128 -354.564026 290.908997 ) (-128 -354.564026 320 ) (-128 -208 320 ) (-128 -208 290.908997 ) 
4 172 174 (-128 -208 320 ) (-128 -64 320 ) (-128 -64 268.531281 ) (-128 -208 278.601257 ) 
4 172 173 (-128 -64 320 ) (-128 0 320 ) (-128 0 264.055756 ) (-128 -64 268.531281 ) 
4 173 174 (-512 -64 320 ) (-474.129639 -64 294.753082 ) (-128 -64 268.531067 ) (-128 -64 320 ) 
5 174 175 (-512 -208 320 ) (-512 -208 307.690430 ) (-290.486023 -208 290.908997 ) (-128 -208 290.908997 ) (-128 -208 320 ) 
4 176 183 (0 -1024 704 ) (0 -1024 960 ) (-1024 -1024 960 ) (-1024 -1024 704 ) 
4 176 180 (-1024 -1024 704 ) (-1024 -1024 960 ) (-1024 -354.564026 960 ) (-1024 -354.564026 704 ) 
4 176 177 (0 -1024 704 ) (-1024 -1024 704 ) (-1024 -640 704 ) (0 -640 704 ) 
4 177 183 (0 -1024 0 ) (0 -1024 704 ) (-1024 -1024 704 ) (-1024 -1024 0 ) 
4 177 181 (-1024 -640 0 ) (-1024 -1024 0 ) (-1024 -1024 704 ) (-1024 -640 704 ) 
4 177 178 (0 -1024 0 ) (-1024 -1024 0 ) (-1024 -640 0 ) (0 -640 0 ) 
4 178 183 (0 -1024 -256 ) (0 -1024 0 ) (-1024 -1024 0 ) (-1024 -1024 -256 ) 
4 178 182 (-1024 0 0 ) (-1024 0 -256 ) (-1024 -1024 -256 ) (-1024 -1024 0 ) 
4 179 206 (-2048 -96 320 ) (-2048 -354.564026 320 ) (-2048 -354.564026 704 ) (-2048 -96 704 ) 
4 179 203 (-2048 0 704 ) (-2048 0 320 ) (-2048 -96 320 ) (-2048 -96 704 ) 
4 179 202 (-2048 0 960 ) (-2048 0 704 ) (-2048 -354.564026 704 ) (-2048 -354.564026 960 ) 
4 179 180 (-2048 -354.564026 960 ) (-2048 -354.564026 704 ) (-1024 -354.564026 704 ) (-1024 -354.564026 960 ) 
4 180 202 (-2048 -1024 704 ) (-2048 -1024 960 ) (-2048 -354.564026 960 ) (-2048 -354.564026 704 ) 
4 180 184 (-1024 -1024 704 ) (-1024 -1024 960 ) (-2048 -1024 960 ) (-2048 -1024 704 ) 
4 180 181 (-1024 -640 704 ) (-1024 -1024 704 ) (-2048 -1024 704 ) (-2048 -640 704 ) 
4 181 212 (-2048 -1024 0 ) (-2048 -1024 704 ) (-2048 -640 704 ) (-2048 -640 0 ) 
4 181 184 (-1024 -1024 0 ) (-1024 -1024 704 ) (-2048 -1024 704 ) (-2048 -1024 0 ) 
4 181 182 (-1024 -640 0 ) (-1024 -1024 0 ) (-2048 -1024 0 ) (-2048 -640 0 ) 
4 182 213 (-2048 -1024 -256 ) (-2048 -1024 0 ) (-2048 0 0 ) (-2048 0 -256 ) 
4 182 184 (-1024 -1024 -256 ) (-1024 -1024 0 ) (-2048 -1024 0 ) (-2048 -1024 -256 ) 
4 183 222 (0 -2048 -256 ) (0 -2048 960 ) (-1024 -2048 960 ) (-1024 -2048 -256 ) 
4 183 184 (-1024 -1024 960 ) (-1024 -1024 -256 ) (-1024 -2048 -256 ) (-1024 -2048 960 ) 
4 184 223 (-1024 -2048 -256 ) (-1024 -2048 960 ) (-2048 -2048 960 ) (-2048 -2048 -256 ) 
4 184 215 (-2048 -2048 -256 ) (-2048 -2048 960 ) (-2048 -1024 960 ) (-2048 -1024 -256 ) 
4 185 202 (-2048 0 704 ) (-2048 0 960 ) (-3072 0 960 ) (-3072 0 704 ) 
4 185 201 (-3072 0 704 ) (-3072 0 960 ) (-3072 1024 960 ) (-3072 1024 704 ) 
4 185 199 (-3072 0 704 ) (-3072 744 704 ) (-3060.629883 744 704 ) (-3060.629883 0 704 ) 
4 185 196 (-2296 0 704 ) (-2740.629883 0 704 ) (-2740.629883 360 704 ) (-2296 360 704 ) 
4 185 190 (-2048 360 704 ) (-2048 0 704 ) (-2296 0 704 ) (-2296 360 704 ) 
4 185 187 (-2292.629883 504 704 ) (-2292.629883 360 704 ) (-2740.629883 360 704 ) (-2740.629883 504 704 ) 
4 185 186 (-3072 744 704 ) (-3072 1024 704 ) (-2048 1024 704 ) (-2048 744 704 ) 
4 186 201 (-3072 744 704 ) (-3072 1024 704 ) (-3072 1024 0 ) (-3072 744 0 ) 
4 186 200 (-3072 744 0 ) (-3072 1024 0 ) (-2048 1024 0 ) (-2048 744 0 ) 
4 186 198 (-3060.629883 744 0 ) (-2760 744 0 ) (-2760 744 113.142998 ) (-3060.629883 744 113.142998 ) 
4 186 197 (-2760 744 0 ) (-2740.629883 744 0 ) (-2740.629883 744 113.142998 ) (-2760 744 113.142998 ) 
4 186 199 (-3072 744 0 ) (-3060.629883 744 0 ) (-3060.629883 744 704 ) (-3072 744 704 ) 
4 186 188 (-2296 744 0 ) (-2292.629883 744 0 ) (-2292.629883 744 264 ) (-2296 744 264 ) 
4 187 196 (-2740.629883 360 704 ) (-2740.629883 360 448 ) (-2296 360 448 ) (-2296 360 704 ) 
4 187 191 (-2296 360 448 ) (-2292.629883 360 448 ) (-2292.629883 360 576 ) (-2296 360 576 ) 
4 187 190 (-2292.629883 360 576 ) (-2292.629883 360 704 ) (-2296 360 704 ) (-2296 360 576 ) 
4 187 189 (-2292.629883 504 448 ) (-2292.629883 360 448 ) (-2296 360 448 ) (-2296 504 448 ) 
4 188 200 (-2296 744 0 ) (-2292.629883 744 0 ) (-2292.629883 512 0 ) (-2296 512 0 ) 
4 189 191 (-2296 360 320 ) (-2292.629883 360 320 ) (-2292.629883 360 448 ) (-2296 360 448 ) 
4 190 204 (-2080 0 704 ) (-2296 0 704 ) (-2296 0 576 ) (-2080 0 576 ) 
4 190 203 (-2048 0 576 ) (-2048 0 704 ) (-2080 0 704 ) (-2080 0 576 ) 
4 190 196 (-2296 360 704 ) (-2296 360 576 ) (-2296 0 576 ) (-2296 0 704 ) 
5 190 195 (-2296 112 576 ) (-2296 337.758179 576 ) (-2292.629639 360 576 ) (-2080 360 576 ) (-2080 112 576 ) 
4 190 193 (-2080 360 576 ) (-2048 360 576 ) (-2048 69.155151 576 ) (-2080 73.394707 576 ) 
4 190 192 (-2048 69.155151 576 ) (-2048 0 576 ) (-2080 0 576 ) (-2080 73.394707 576 ) 
3 190 191 (-2296 337.758179 576 ) (-2296 360 576 ) (-2292.629639 360 576 ) 
4 191 196 (-2296 360 576 ) (-2296 360 448 ) (-2296 337.758179 448 ) (-2296 337.758179 576 ) 
4 191 195 (-2292.629639 360 448 ) (-2292.629395 360 576 ) (-2296 337.753906 576 ) (-2296 337.755859 448 ) 
4 192 203 (-2048 0 320 ) (-2048 0 576 ) (-2080 0 576 ) (-2080 0 320 ) 
3 192 194 (-2080 117.785202 320 ) (-2080 112 320 ) (-2080 112 353.363281 ) 
4 192 193 (-2080 109.252792 369.209625 ) (-2080 73.395264 576 ) (-2048 69.155708 576 ) (-2048 106.778069 359.031982 ) 
4 193 195 (-2080 112 576 ) (-2080 360 576 ) (-2080 360 381.155762 ) (-2080 112 369.340546 ) 
3 194 196 (-2296 112 448 ) (-2296 112 518.397339 ) (-2296 124.206924 448 ) 
3 194 195 (-2296 125.956039 437.909149 ) (-2296 112 518.393677 ) (-2115.544189 112 380.514526 ) 
5 195 196 (-2296 124.206924 448 ) (-2296 112 518.397339 ) (-2296 112 576 ) (-2296 337.758179 576 ) (-2296 337.758179 448 ) 
4 196 205 (-2296 0 704 ) (-2740.629883 0 704 ) (-2740.629883 0 448 ) (-2296 0 448 ) 
4 197 200 (-2760 512 0 ) (-2760 744 0 ) (-2740.629883 744 0 ) (-2740.629883 512 0 ) 
4 197 198 (-2760 744 113.142998 ) (-2760 744 0 ) (-2760 512 0 ) (-2760 512 113.142998 ) 
4 198 208 (-3060.629883 0 113.142998 ) (-3060.629883 0 0 ) (-2760 0 0 ) (-2760 0 113.142998 ) 
4 198 200 (-2760 0 0 ) (-3060.629883 0 0 ) (-3060.629883 744 0 ) (-2760 744 0 ) 
4 198 199 (-3060.629883 744 113.142998 ) (-3060.629883 744 0 ) (-3060.629883 0 0 ) (-3060.629883 0 113.142998 ) 
4 199 211 (-3060.629883 0 704 ) (-3072 0 704 ) (-3072 0 0 ) (-3060.629883 0 0 ) 
4 199 201 (-3072 0 0 ) (-3072 0 704 ) (-3072 744 704 ) (-3072 744 0 ) 
4 199 200 (-3060.629883 0 0 ) (-3072 0 0 ) (-3072 744 0 ) (-3060.629883 744 0 ) 
4 200 213 (-2048 0 -256 ) (-2048 0 0 ) (-3072 0 0 ) (-3072 0 -256 ) 
4 200 201 (-3072 0 -256 ) (-3072 0 0 ) (-3072 1024 0 ) (-3072 1024 -256 ) 
4 201 217 (-4096 0 -256 ) (-4096 0 960 ) (-4096 1024 960 ) (-4096 1024 -256 ) 
4 201 214 (-3072 0 -256 ) (-3072 0 960 ) (-4096 0 960 ) (-4096 0 -256 ) 
4 202 215 (-2048 -1024 704 ) (-2048 -1024 960 ) (-3072 -1024 960 ) (-3072 -1024 704 ) 
4 202 214 (-3072 -1024 704 ) (-3072 -1024 960 ) (-3072 0 960 ) (-3072 0 704 ) 
4 202 210 (-2864 -640 704 ) (-3060.629883 -640 704 ) (-3060.629883 -408 704 ) (-2864 -408 704 ) 
4 202 211 (-3072 -640 704 ) (-3072 0 704 ) (-3060.629883 0 704 ) (-3060.629883 -640 704 ) 
4 202 207 (-2272 -354.564026 704 ) (-2740.629883 -354.564026 704 ) (-2740.629883 -96 704 ) (-2272 -96 704 ) 
4 202 206 (-2048 -96 704 ) (-2048 -354.564026 704 ) (-2272 -354.564026 704 ) (-2272 -96 704 ) 
4 202 205 (-2740.629883 0 704 ) (-2296 0 704 ) (-2296 -96 704 ) (-2740.629883 -96 704 ) 
4 202 204 (-2296 0 704 ) (-2080 0 704 ) (-2080 -96 704 ) (-2296 -96 704 ) 
4 202 203 (-2080 0 704 ) (-2048 0 704 ) (-2048 -96 704 ) (-2080 -96 704 ) 
4 202 212 (-3072 -1024 704 ) (-3072 -640 704 ) (-2048 -640 704 ) (-2048 -1024 704 ) 
4 203 206 (-2080 -96 320 ) (-2048 -96 320 ) (-2048 -96 704 ) (-2080 -96 704 ) 
4 203 204 (-2080 -96 576 ) (-2080 -96 704 ) (-2080 0 704 ) (-2080 0 576 ) 
4 204 207 (-2272 -96 704 ) (-2296 -96 704 ) (-2296 -96 576 ) (-2272 -96 576 ) 
4 204 206 (-2080 -96 576 ) (-2080 -96 704 ) (-2272 -96 704 ) (-2272 -96 576 ) 
4 204 205 (-2296 -96 576 ) (-2296 -96 704 ) (-2296 0 704 ) (-2296 0 576 ) 
4 205 207 (-2740.629883 -96 704 ) (-2740.629883 -96 576 ) (-2296 -96 576 ) (-2296 -96 704 ) 
4 206 207 (-2272 -96 704 ) (-2272 -96 576 ) (-2272 -354.564026 576 ) (-2272 -354.564026 704 ) 
4 208 213 (-3060.629883 0 0 ) (-2760 0 0 ) (-2760 -354.564026 0 ) (-3060.629883 -354.564026 0 ) 
4 208 209 (-3060.629883 -354.564026 113.142998 ) (-3060.629883 -354.564026 0 ) (-2864 -354.564026 0 ) (-2864 -354.564026 113.142998 ) 
4 208 211 (-3060.629883 0 0 ) (-3060.629883 -354.564026 0 ) (-3060.629883 -354.564026 113.142998 ) (-3060.629883 0 113.142998 ) 
4 209 213 (-2864 -408 0 ) (-3060.629883 -408 0 ) (-3060.629883 -354.564026 0 ) (-2864 -354.564026 0 ) 
4 209 210 (-3060.629883 -408 113.142998 ) (-3060.629883 -408 0 ) (-2864 -408 0 ) (-2864 -408 113.142998 ) 
4 209 211 (-3060.629883 -354.564026 0 ) (-3060.629883 -408 0 ) (-3060.629883 -408 113.142998 ) (-3060.629883 -354.564026 113.142998 ) 
4 210 213 (-2864 -640 0 ) (-3060.629883 -640 0 ) (-3060.629883 -408 0 ) (-2864 -408 0 ) 
4 210 211 (-3060.629883 -408 0 ) (-3060.629883 -640 0 ) (-3060.629883 -640 704 ) (-3060.629883 -408 704 ) 
4 210 212 (-3060.629883 -640 0 ) (-2864 -640 0 ) (-2864 -640 704 ) (-3060.629883 -640 704 ) 
4 211 214 (-3072 -640 704 ) (-3072 0 704 ) (-3072 0 0 ) (-3072 -640 0 ) 
4 211 213 (-3072 -640 0 ) (-3072 0 0 ) (-3060.629883 0 0 ) (-3060.629883 -640 0 ) 
4 211 212 (-3072 -640 0 ) (-3060.629883 -640 0 ) (-3060.629883 -640 704 ) (-3072 -640 704 ) 
4 212 215 (-2048 -1024 0 ) (-2048 -1024 704 ) (-3072 -1024 704 ) (-3072 -1024 0 ) 
4 212 214 (-3072 -1024 0 ) (-3072 -1024 704 ) (-3072 -640 704 ) (-3072 -640 0 ) 
4 212 213 (-2048 -1024 0 ) (-3072 -1024 0 ) (-3072 -640 0 ) (-2048 -640 0 ) 
4 213 215 (-2048 -1024 -256 ) (-2048 -1024 0 ) (-3072 -1024 0 ) (-3072 -1024 -256 ) 
4 213 214 (-3072 -1024 -256 ) (-3072 -1024 0 ) (-3072 0 0 ) (-3072 0 -256 ) 
4 214 218 (-4096 -1024 -256 ) (-4096 -1024 960 ) (-4096 0 960 ) (-4096 0 -256 ) 
4 214 216 (-4096 -1024 960 ) (-4096 -1024 -256 ) (-3072 -1024 -256 ) (-3072 -1024 960 ) 
4 215 229 (-2048 -2048 -256 ) (-2048 -2048 960 ) (-3072 -2048 960 ) (-3072 -2048 -256 ) 
4 215 216 (-3072 -1024 960 ) (-3072 -1024 -256 ) (-3072 -2048 -256 ) (-3072 -2048 960 ) 
4 216 230 (-3072 -2048 -256 ) (-3072 -2048 960 ) (-4096 -2048 960 ) (-4096 -2048 -256 ) 
4 216 219 (-4096 -2048 -256 ) (-4096 -2048 960 ) (-4096 -1024 960 ) (-4096 -1024 -256 ) 
4 217 218 (-4096 0 -256 ) (-4096 0 960 ) (-4992 0 960 ) (-4992 0 -256 ) 
4 218 219 (-4096 -1024 -256 ) (-4096 -1024 960 ) (-4992 -1024 960 ) (-4992 -1024 -256 ) 
4 219 233 (-4096 -2048 -256 ) (-4096 -2048 960 ) (-4992 -2048 960 ) (-4992 -2048 -256 ) 
4 220 222 (0 -2048 960 ) (0 -2048 -256 ) (0 -3072 -256 ) (0 -3072 960 ) 
4 220 221 (1024 -3072 -256 ) (1024 -3072 960 ) (0 -3072 960 ) (0 -3072 -256 ) 
4 221 226 (1024 -4096 -256 ) (1024 -4096 960 ) (0 -4096 960 ) (0 -4096 -256 ) 
4 221 224 (0 -4096 -256 ) (0 -4096 960 ) (0 -3072 960 ) (0 -3072 -256 ) 
4 222 224 (0 -3072 -256 ) (0 -3072 960 ) (-1024 -3072 960 ) (-1024 -3072 -256 ) 
4 222 223 (-1024 -2048 960 ) (-1024 -2048 -256 ) (-1024 -3072 -256 ) (-1024 -3072 960 ) 
4 223 229 (-2048 -2048 960 ) (-2048 -2048 -256 ) (-2048 -3072 -256 ) (-2048 -3072 960 ) 
4 223 225 (-1024 -3072 -256 ) (-1024 -3072 960 ) (-2048 -3072 960 ) (-2048 -3072 -256 ) 
4 224 227 (0 -4096 -256 ) (0 -4096 960 ) (-1024 -4096 960 ) (-1024 -4096 -256 ) 
4 224 225 (-1024 -3072 960 ) (-1024 -3072 -256 ) (-1024 -4096 -256 ) (-1024 -4096 960 ) 
4 225 231 (-2048 -4096 -256 ) (-2048 -4096 960 ) (-2048 -3072 960 ) (-2048 -3072 -256 ) 
4 225 228 (-1024 -4096 -256 ) (-1024 -4096 960 ) (-2048 -4096 960 ) (-2048 -4096 -256 ) 
4 226 227 (0 -4096 960 ) (0 -4096 -256 ) (0 -4928 -256 ) (0 -4928 960 ) 
4 227 228 (-1024 -4096 960 ) (-1024 -4096 -256 ) (-1024 -4928 -256 ) (-1024 -4928 960 ) 
4 228 235 (-2048 -4928 960 ) (-2048 -4096 960 ) (-2048 -4096 -256 ) (-2048 -4928 -256 ) 
4 229 231 (-2048 -3072 -256 ) (-2048 -3072 960 ) (-3072 -3072 960 ) (-3072 -3072 -256 ) 
4 229 230 (-3072 -2048 960 ) (-3072 -2048 -256 ) (-3072 -3072 -256 ) (-3072 -3072 960 ) 
4 230 233 (-4096 -2048 960 ) (-4096 -2048 -256 ) (-4096 -3072 -256 ) (-4096 -3072 960 ) 
4 230 232 (-3072 -3072 -256 ) (-3072 -3072 960 ) (-4096 -3072 960 ) (-4096 -3072 -256 ) 
4 231 235 (-2048 -4096 -256 ) (-2048 -4096 960 ) (-3072 -4096 960 ) (-3072 -4096 -256 ) 
4 231 232 (-3072 -3072 960 ) (-3072 -3072 -256 ) (-3072 -4096 -256 ) (-3072 -4096 960 ) 
4 232 236 (-3072 -4096 -256 ) (-3072 -4096 960 ) (-4096 -4096 960 ) (-4096 -4096 -256 ) 
4 232 234 (-4096 -4096 -256 ) (-4096 -4096 960 ) (-4096 -3072 960 ) (-4096 -3072 -256 ) 
4 233 234 (-4096 -3072 -256 ) (-4096 -3072 960 ) (-4992 -3072 960 ) (-4992 -3072 -256 ) 
4 234 237 (-4096 -4096 -256 ) (-4096 -4096 960 ) (-4992 -4096 960 ) (-4992 -4096 -256 ) 
4 235 236 (-3072 -4096 960 ) (-3072 -4096 -256 ) (-3072 -4928 -256 ) (-3072 -4928 960 ) 
4 236 237 (-4096 -4096 960 ) (-4096 -4096 -256 ) (-4096 -4928 -256 ) (-4096 -4928 960 ) 
