


CustomMaterialManager: Cached KeyValues materials/models/weapons/v_models/knife_butterfly/knife_butterfly.vmt.
CustomMaterialManager: Cached KeyValues materials/models/weapons/v_models/knife_bayonet/knife_bayonet.vmt.
CustomMaterialManager: Cached KeyValues materials/models/weapons/v_models/knife_ct/knife_ct.vmt.
CustomMaterialManager: Cached KeyValues materials/models/weapons/v_models/knife_flip/knife_flip.vmt.
CustomMaterialManager: Cached KeyValues materials/models/weapons/v_models/knife_gut/knife_gut.vmt.
CustomMaterialManager: Cached KeyValues materials/models/weapons/v_models/knife_karam/karam.vmt.
CustomMaterialManager: Cached KeyValues materials/models/weapons/v_models/knife_m9_bay/knife_m9_bay.vmt.
CustomMaterialManager: Cached KeyValues materials/models/weapons/v_models/knife_t/knife_t.vmt.
CustomMaterialManager: Cached KeyValues materials/models/weapons/v_models/knife_tactical/knife_tactical.vmt.
CustomMaterialManager: Cached KeyValues materials/models/weapons/v_models/mach_m249para/m249.vmt.
CustomMaterialManager: Cached KeyValues materials/models/weapons/v_models/mach_negev/mach_negev.vmt.
CustomMaterialManager: Cached KeyValues materials/models/weapons/v_models/pist_223/pist_223.vmt.
CustomMaterialManager: Cached KeyValues materials/models/weapons/v_models/pist_cz_75/pist_cz_75.vmt.
CustomMaterialManager: Cached KeyValues materials/models/weapons/v_models/pist_deagle/pist_deagle.vmt.
CustomMaterialManager: Cached KeyValues materials/models/weapons/v_models/pist_elite/m9a1.vmt.
CustomMaterialManager: Cached KeyValues materials/models/weapons/v_models/pist_fiveseven/fiveseven.vmt.
CustomMaterialManager: Cached KeyValues materials/models/weapons/v_models/pist_glock18/pist_glock18.vmt.
CustomMaterialManager: Cached KeyValues materials/models/weapons/v_models/pist_hkp2000/pist_hkp2000.vmt.
CustomMaterialManager: Cached KeyValues materials/models/weapons/v_models/pist_p250/p250.vmt.
CustomMaterialManager: Cached KeyValues materials/models/weapons/v_models/pist_tec9/pist_tec9.vmt.
CustomMaterialManager: Cached KeyValues materials/models/weapons/v_models/rif_ak47/ak47.vmt.
CustomMaterialManager: Cached KeyValues materials/models/weapons/v_models/rif_aug/rif_aug.vmt.
CustomMaterialManager: Cached KeyValues materials/models/weapons/v_models/rif_famas/rif_famas.vmt.
CustomMaterialManager: Cached KeyValues materials/models/weapons/v_models/rif_galilar/rif_galilar.vmt.
CustomMaterialManager: Cached KeyValues materials/models/weapons/v_models/rif_m4a1/rif_m4a1.vmt.
CustomMaterialManager: Cached KeyValues materials/models/weapons/v_models/rif_m4a1_s/rif_m4a1_s.vmt.
CustomMaterialManager: Cached KeyValues materials/models/weapons/v_models/rif_sg556/rif_sg556.vmt.
CustomMaterialManager: Cached KeyValues materials/models/weapons/v_models/shot_mag7/shot_mag7.vmt.
CustomMaterialManager: Cached KeyValues materials/models/weapons/v_models/shot_nova/shot_nova.vmt.
CustomMaterialManager: Cached KeyValues materials/models/weapons/v_models/shot_sawedoff/shot_sawedoff_01.vmt.
CustomMaterialManager: Cached KeyValues materials/models/weapons/v_models/shot_xm1014/shot_xm1014.vmt.
CustomMaterialManager: Cached KeyValues materials/models/weapons/v_models/smg_bizon/bizon.vmt.
CustomMaterialManager: Cached KeyValues materials/models/weapons/v_models/smg_mac10/smg_mac10_1.vmt.
CustomMaterialManager: Cached KeyValues materials/models/weapons/v_models/smg_mp7/smg_mp7.vmt.
CustomMaterialManager: Cached KeyValues materials/models/weapons/v_models/smg_mp9/smg_mp9.vmt.
CustomMaterialManager: Cached KeyValues materials/models/weapons/v_models/smg_p90/smg_p90.vmt.
CustomMaterialManager: Cached KeyValues materials/models/weapons/v_models/smg_ump45/smg_ump45.vmt.
CustomMaterialManager: Cached KeyValues materials/models/weapons/v_models/snip_awp/awp.vmt.
CustomMaterialManager: Cached KeyValues materials/models/weapons/v_models/snip_g3sg1/snip_g3sg1.vmt.
CustomMaterialManager: Cached KeyValues materials/models/weapons/v_models/snip_scar20/snip_scar20.vmt.
CustomMaterialManager: Cached KeyValues materials/models/weapons/v_models/snip_ssg08/snip_ssg08.vmt.
CustomMaterialManager: Cached KeyValues materials/models/weapons/v_models/snip_ssg08/snip_ssg08_scope.vmt.
CustomMaterialManager: Cached KeyValues materials/models/weapons/v_models/knife_falchion_advanced/knife_falchion_advanced.vmt.
materialPath: D:\SteamLibrary\steamapps\common\Counter-Strike Global Offensive\csgo\materials
Loading d:\steamlibrary\steamapps\common\counter-strike global offensive\csgo\maps\aim_linksecondo_h2.vmf
Map revision 44
Patching WVT material: maps/aim_linksecondo_h2/nature/blend_gravel_cobblestone_01_wvt_patch
fixing up env_cubemap materials on brush sides...
0...1...2...3...4...5...6...7...8...9...100...1...2...3...4...5...6...7...8...9...10Processing areas...done (0)
Building Faces...done (0)
FixTjuncs...
PruneNodes...
WriteBSP...
done (0)
writing d:\steamlibrary\steamapps\common\counter-strike global offensive\csgo\maps\aim_linksecondo_h2.prt...Building visibility clusters...
done (0)
Finding displacement neighbors...
Finding lightmap sample positions...
Displacement Alpha : 0...1...2...3...4...5...6...7...8...9...10
Building Physics collision data...
done (0) (19223 bytes)
Placing detail props : 0...1...2...3...4...5...6...7...8...9...10
Compacting texture/material tables...
Reduced 60 texinfos to 46
Reduced 11 texdatas to 9 (305 bytes to 244)
Writing d:\steamlibrary\steamapps\common\counter-strike global offensive\csgo\maps\aim_linksecondo_h2.bsp
0 seconds elapsed



8 threads
reading d:\steamlibrary\steamapps\common\counter-strike global offensive\csgo\maps\aim_linksecondo_h2.bsp
reading d:\steamlibrary\steamapps\common\counter-strike global offensive\csgo\maps\aim_linksecondo_h2.prt
 238 portalclusters
 599 numportals
0...1...2...3...4...5...6...7...8...9...100...1...2...3...4...5...6...7...8...9...10Optimized: 23 visible clusters (0.00%)
Total clusters visible: 43325
Average clusters visible: 182
Building PAS...
Average clusters audible: 232
visdatasize:16096  compressed from 15232
writing d:\steamlibrary\steamapps\common\counter-strike global offensive\csgo\maps\aim_linksecondo_h2.bsp
0 seconds elapsed



[Reading texlights from 'lights.rad']
[2 texlights parsed from 'lights.rad']

Loading d:\steamlibrary\steamapps\common\counter-strike global offensive\csgo\maps\aim_linksecondo_h2.bsp
731 faces
4067193 square feet [585675776.00 square inches]
0 Displacements
0 Square Feet [0.00 Square Inches]
731 patches before subdivision
18871 patches after subdivision
4 direct lights
0...1...2...3...4...5...6...7...8...9...100...1...2...3...4...5...6...7...8...9...10transfers 563545, max 303
transfer lists:   4.3 megs
0...1...2...3...4...5...6...7...8...9...10	Bounce #1 added RGB(60432, 22907, 8210)
0...1...2...3...4...5...6...7...8...9...10	Bounce #2 added RGB(22146, 2908, 208)
0...1...2...3...4...5...6...7...8...9...10	Bounce #3 added RGB(7634, 333, 11)
0...1...2...3...4...5...6...7...8...9...10	Bounce #4 added RGB(2725, 41, 1)
0...1...2...3...4...5...6...7...8...9...10	Bounce #5 added RGB(984, 5, 0)
0...1...2...3...4...5...6...7...8...9...10	Bounce #6 added RGB(357, 1, 0)
0...1...2...3...4...5...6...7...8...9...10	Bounce #7 added RGB(130, 0, 0)
0...1...2...3...4...5...6...7...8...9...10	Bounce #8 added RGB(48, 0, 0)
0...1...2...3...4...5...6...7...8...9...10	Bounce #9 added RGB(17, 0, 0)
0...1...2...3...4...5...6...7...8...9...10	Bounce #10 added RGB(6, 0, 0)
0...1...2...3...4...5...6...7...8...9...10	Bounce #11 added RGB(2, 0, 0)
0...1...2...3...4...5...6...7...8...9...10	Bounce #12 added RGB(1, 0, 0)
Build Patch/Sample Hash Table(s).....Done<0.0041 sec>
0...1...2...3...4...5...6...7...8...9...10FinalLightFace Done
Computing detail prop lighting : 0...1...2...3...4...5...6...7...8...9...10
0 of 0 (0% of) surface lights went in leaf ambient cubes.
0...1...2...3...4...5...6...7...8...9...10Writing leaf ambient...done
Ready to Finish

Object names       Objects/Maxobjs  Memory / Maxmem  Fullness 
------------       ---------------  ---------------  -------- 
models                   4/1024          192/49152    ( 0.4%) 
brushes                 51/8192          612/98304    ( 0.6%) 
brushsides             338/65536        2704/524288   ( 0.5%) 
planes                 374/65536        7480/1310720  ( 0.6%) 
vertexes               983/65536       11796/786432   ( 1.5%) 
nodes                  699/65536       22368/2097152  ( 1.1%) 
texinfos                46/12288        3312/884736   ( 0.4%) 
texdata                  9/2048          288/65536    ( 0.4%) 
dispinfos                0/0               0/0        ( 0.0%) 
disp_verts               0/0               0/0        ( 0.0%) 
disp_tris                0/0               0/0        ( 0.0%) 
disp_multiblend          0/0               0/0        ( 0.0%) 
disp_lmsamples           0/0               0/0        ( 0.0%) 
faces                  731/65536       40936/3670016  ( 1.1%) 
hdr faces                0/65536           0/3670016  ( 0.0%) 
origfaces              182/65536       10192/3670016  ( 0.3%) 
facebrushes             85/0             170/0        ( 0.0%) 
facebrushlists         731/0            2924/0        ( 0.0%) 
leaves                 704/65536       22528/2097152  ( 1.1%) 
leaffaces              782/65536        1564/131072   ( 1.2%) 
leafbrushes            436/65536         872/131072   ( 0.7%) 
areas                    3/1024           24/8192     ( 0.3%) 
surfedges             3908/512000      15632/2048000  ( 0.8%) 
edges                 2063/256000       8252/1024000  ( 0.8%) 
LDR worldlights          4/8192          400/819200   ( 0.0%) 
HDR worldlights          0/8192            0/819200   ( 0.0%) 
leafwaterdata            0/32768           0/393216   ( 0.0%) 
waterstrips             27/32768         270/327680   ( 0.1%) 
waterverts               0/65536           0/786432   ( 0.0%) 
waterindices           408/65536         816/131072   ( 0.6%) 
cubemapsamples           0/1024            0/16384    ( 0.0%) 
overlays                 0/1024            0/360448   ( 0.0%) 
LDR lightdata         [variable]      539068/0        ( 0.0%) 
HDR lightdata         [variable]           0/0        ( 0.0%) 
visdata               [variable]       16096/16777216 ( 0.1%) 
entdata               [variable]        2996/393216   ( 0.8%) 
LDR ambient table      704/65536        2816/262144   ( 1.1%) 
HDR ambient table      704/65536        2816/262144   ( 1.1%) 
LDR leaf ambient      2110/65536       59080/1835008  ( 3.2%) 
HDR leaf ambient       704/65536       19712/1835008  ( 1.1%) 
occluders                0/0               0/0        ( 0.0%) 
occluder polygons        0/0               0/0        ( 0.0%) 
occluder vert ind        0/0               0/0        ( 0.0%) 
detail props          [variable]           1/372      ( 0.3%) 
dtl prp lght          [variable]           1/4        (25.0%) 
HDR dtl prp lght      [variable]           1/4        (25.0%) 
static props          [variable]           1/2444     ( 0.0%) 
pakfile               [variable]       74806/0        ( 0.0%) 
physics               [variable]       19223/4194304  ( 0.5%) 
physics terrain       [variable]           2/1048576  ( 0.0%) 

Level flags = 4

Total triangle count: 1726
Writing d:\steamlibrary\steamapps\common\counter-strike global offensive\csgo\maps\aim_linksecondo_h2.bsp
3 seconds elapsed
